 -1.2072500E+03 -0.000E+00 -0.000E+00  0.000E+00
 -1.2067500E+03 -0.000E+00 -0.000E+00  0.000E+00
 -1.2062500E+03 -0.000E+00 -0.000E+00  0.000E+00
 -1.2057500E+03 -0.000E+00 -0.000E+00  0.000E+00
 -1.2052500E+03 -0.000E+00 -0.000E+00  0.000E+00
 -1.2047500E+03 -0.000E+00 -0.000E+00  0.000E+00
 -1.2042500E+03 -0.000E+00 -0.000E+00  0.000E+00
 -1.2037500E+03 -0.000E+00 -0.000E+00  0.000E+00
 -1.2032500E+03 -0.000E+00 -0.000E+00  0.000E+00
 -1.2027500E+03 -0.000E+00 -0.000E+00  0.000E+00
 -1.2022500E+03 -0.000E+00 -0.000E+00  0.000E+00
 -1.2017500E+03 -0.000E+00 -0.000E+00  0.000E+00
 -1.2012500E+03 -0.000E+00 -0.000E+00  0.000E+00
 -1.2007500E+03 -0.000E+00 -0.000E+00  0.000E+00
 -1.2002500E+03 -0.000E+00 -0.000E+00  0.000E+00
 -1.1997500E+03 -0.000E+00 -0.000E+00  0.000E+00
 -1.1992500E+03 -0.000E+00 -0.000E+00  0.000E+00
 -1.1987500E+03 -0.000E+00 -0.000E+00  0.000E+00
 -1.1982500E+03 -0.000E+00 -0.000E+00  0.000E+00
 -1.1977500E+03 -0.000E+00 -0.000E+00  0.000E+00
 -1.1972500E+03 -0.000E+00 -0.000E+00  0.000E+00
 -1.1967500E+03 -0.000E+00 -0.000E+00  0.000E+00
 -1.1962500E+03 -0.000E+00 -0.000E+00  0.000E+00
 -1.1957500E+03 -0.000E+00 -0.000E+00  0.000E+00
 -1.1952500E+03 -0.000E+00 -0.000E+00  0.000E+00
 -1.1947500E+03 -0.000E+00 -0.000E+00  0.000E+00
 -1.1942500E+03 -0.000E+00 -0.000E+00  0.000E+00
 -1.1937500E+03 -0.000E+00 -0.000E+00  0.000E+00
 -1.1932500E+03 -0.000E+00 -0.000E+00  0.000E+00
 -1.1927500E+03 -0.000E+00 -0.000E+00  0.000E+00
 -1.1922500E+03 -0.000E+00 -0.000E+00  0.000E+00
 -1.1917500E+03 -0.000E+00 -0.000E+00  0.000E+00
 -1.1912500E+03 -0.000E+00 -0.000E+00  0.000E+00
 -1.1907500E+03 -0.000E+00 -0.000E+00  0.000E+00
 -1.1902500E+03 -0.000E+00 -0.000E+00  0.000E+00
 -1.1897500E+03 -0.000E+00 -0.000E+00  0.000E+00
 -1.1892500E+03 -0.000E+00 -0.000E+00  0.000E+00
 -1.1887500E+03 -0.000E+00 -0.000E+00  0.000E+00
 -1.1882500E+03 -0.000E+00 -0.000E+00  0.000E+00
 -1.1877500E+03 -0.000E+00 -0.000E+00  0.000E+00
 -1.1872500E+03 -0.000E+00 -0.000E+00  0.000E+00
 -1.1867500E+03 -0.000E+00 -0.000E+00  0.000E+00
 -1.1862500E+03 -0.000E+00 -0.000E+00  0.000E+00
 -1.1857500E+03 -0.000E+00 -0.000E+00  0.000E+00
 -1.1852500E+03 -0.000E+00 -0.000E+00  0.000E+00
 -1.1847500E+03 -0.000E+00 -0.000E+00  0.000E+00
 -1.1842500E+03 -0.000E+00 -0.000E+00  0.000E+00
 -1.1837500E+03 -0.000E+00 -0.000E+00  0.000E+00
 -1.1832500E+03 -0.000E+00 -0.000E+00  0.000E+00
 -1.1827500E+03 -0.000E+00 -0.000E+00  0.000E+00
 -1.1822500E+03 -0.000E+00 -0.000E+00  0.000E+00
 -1.1817500E+03 -0.000E+00 -0.000E+00  0.000E+00
 -1.1812500E+03 -0.000E+00 -0.000E+00  0.000E+00
 -1.1807500E+03 -0.000E+00 -0.000E+00  0.000E+00
 -1.1802500E+03 -0.000E+00 -0.000E+00  0.000E+00
 -1.1797500E+03 -0.000E+00 -0.000E+00  0.000E+00
 -1.1792500E+03 -0.000E+00 -0.000E+00  0.000E+00
 -1.1787500E+03 -0.000E+00 -0.000E+00  0.000E+00
 -1.1782500E+03 -0.000E+00 -0.000E+00  0.000E+00
 -1.1777500E+03 -0.000E+00 -0.000E+00  0.000E+00
 -1.1772500E+03 -0.000E+00 -0.000E+00  0.000E+00
 -1.1767500E+03 -0.000E+00 -0.000E+00  0.000E+00
 -1.1762500E+03 -0.000E+00 -0.000E+00  0.000E+00
 -1.1757500E+03 -0.000E+00 -0.000E+00  0.000E+00
 -1.1752500E+03 -0.000E+00 -0.000E+00  0.000E+00
 -1.1747500E+03 -0.000E+00 -0.000E+00  0.000E+00
 -1.1742500E+03 -0.000E+00 -0.000E+00  0.000E+00
 -1.1737500E+03 -0.000E+00 -0.000E+00  0.000E+00
 -1.1732500E+03 -0.000E+00 -0.000E+00  0.000E+00
 -1.1727500E+03 -0.000E+00 -0.000E+00  0.000E+00
 -1.1722500E+03 -0.000E+00 -0.000E+00  0.000E+00
 -1.1717500E+03 -0.000E+00 -0.000E+00  0.000E+00
 -1.1712500E+03 -0.000E+00 -0.000E+00  0.000E+00
 -1.1707500E+03 -0.000E+00 -0.000E+00  0.000E+00
 -1.1702500E+03 -0.000E+00 -0.000E+00  0.000E+00
 -1.1697500E+03 -0.000E+00 -0.000E+00  0.000E+00
 -1.1692500E+03 -0.000E+00 -0.000E+00  0.000E+00
 -1.1687500E+03 -0.000E+00 -0.000E+00  0.000E+00
 -1.1682500E+03 -0.000E+00 -0.000E+00  0.000E+00
 -1.1677500E+03 -0.000E+00 -0.000E+00  0.000E+00
 -1.1672500E+03 -0.000E+00 -0.000E+00  0.000E+00
 -1.1667500E+03 -0.000E+00 -0.000E+00  0.000E+00
 -1.1662500E+03 -0.000E+00 -0.000E+00  0.000E+00
 -1.1657500E+03 -0.000E+00 -0.000E+00  0.000E+00
 -1.1652500E+03 -0.000E+00 -0.000E+00  0.000E+00
 -1.1647500E+03 -0.000E+00 -0.000E+00  0.000E+00
 -1.1642500E+03 -0.000E+00 -0.000E+00  0.000E+00
 -1.1637500E+03 -0.000E+00 -0.000E+00  0.000E+00
 -1.1632500E+03 -0.000E+00 -0.000E+00  0.000E+00
 -1.1627500E+03 -0.000E+00 -0.000E+00  0.000E+00
 -1.1622500E+03 -0.000E+00 -0.000E+00  0.000E+00
 -1.1617500E+03 -0.000E+00 -0.000E+00  0.000E+00
 -1.1612500E+03 -0.000E+00 -0.000E+00  0.000E+00
 -1.1607500E+03 -0.000E+00 -0.000E+00  0.000E+00
 -1.1602500E+03 -0.000E+00 -0.000E+00  0.000E+00
 -1.1597500E+03 -0.000E+00 -0.000E+00  0.000E+00
 -1.1592500E+03 -0.000E+00 -0.000E+00  0.000E+00
 -1.1587500E+03 -0.000E+00 -0.000E+00  0.000E+00
 -1.1582500E+03 -0.000E+00 -0.000E+00  0.000E+00
 -1.1577500E+03 -0.000E+00 -0.000E+00  0.000E+00
 -1.1572500E+03 -0.000E+00 -0.000E+00  0.000E+00
 -1.1567500E+03 -0.000E+00 -0.000E+00  0.000E+00
 -1.1562500E+03 -0.000E+00 -0.000E+00  0.000E+00
 -1.1557500E+03 -0.000E+00 -0.000E+00  0.000E+00
 -1.1552500E+03 -0.000E+00 -0.000E+00  0.000E+00
 -1.1547500E+03 -0.000E+00 -0.000E+00  0.000E+00
 -1.1542500E+03 -0.000E+00 -0.000E+00  0.000E+00
 -1.1537500E+03 -0.000E+00 -0.000E+00  0.000E+00
 -1.1532500E+03 -0.000E+00 -0.000E+00  0.000E+00
 -1.1527500E+03 -0.000E+00 -0.000E+00  0.000E+00
 -1.1522500E+03 -0.000E+00 -0.000E+00  0.000E+00
 -1.1517500E+03 -0.000E+00 -0.000E+00  0.000E+00
 -1.1512500E+03 -0.000E+00 -0.000E+00  0.000E+00
 -1.1507500E+03 -0.000E+00 -0.000E+00  0.000E+00
 -1.1502500E+03 -0.000E+00 -0.000E+00  0.000E+00
 -1.1497500E+03 -0.000E+00 -0.000E+00  0.000E+00
 -1.1492500E+03 -0.000E+00 -0.000E+00  0.000E+00
 -1.1487500E+03 -0.000E+00 -0.000E+00  0.000E+00
 -1.1482500E+03 -0.000E+00 -0.000E+00  0.000E+00
 -1.1477500E+03 -0.000E+00 -0.000E+00  0.000E+00
 -1.1472500E+03 -0.000E+00 -0.000E+00  0.000E+00
 -1.1467500E+03 -0.000E+00 -0.000E+00  0.000E+00
 -1.1462500E+03 -0.000E+00 -0.000E+00  0.000E+00
 -1.1457500E+03 -0.000E+00 -0.000E+00  0.000E+00
 -1.1452500E+03 -0.000E+00 -0.000E+00  0.000E+00
 -1.1447500E+03 -0.000E+00 -0.000E+00  0.000E+00
 -1.1442500E+03 -0.000E+00 -0.000E+00  0.000E+00
 -1.1437500E+03 -0.000E+00 -0.000E+00  0.000E+00
 -1.1432500E+03 -0.000E+00 -0.000E+00  0.000E+00
 -1.1427500E+03 -0.000E+00 -0.000E+00  0.000E+00
 -1.1422500E+03 -0.000E+00 -0.000E+00  0.000E+00
 -1.1417500E+03 -0.000E+00 -0.000E+00  0.000E+00
 -1.1412500E+03 -0.000E+00 -0.000E+00  0.000E+00
 -1.1407500E+03 -0.000E+00 -0.000E+00  0.000E+00
 -1.1402500E+03 -0.000E+00 -0.000E+00  0.000E+00
 -1.1397500E+03 -0.000E+00 -0.000E+00  0.000E+00
 -1.1392500E+03 -0.000E+00 -0.000E+00  0.000E+00
 -1.1387500E+03 -0.000E+00 -0.000E+00  0.000E+00
 -1.1382500E+03 -0.000E+00 -0.000E+00  0.000E+00
 -1.1377500E+03 -0.000E+00 -0.000E+00  0.000E+00
 -1.1372500E+03 -0.000E+00 -0.000E+00  0.000E+00
 -1.1367500E+03 -0.000E+00 -0.000E+00  0.000E+00
 -1.1362500E+03 -0.000E+00 -0.000E+00  0.000E+00
 -1.1357500E+03 -0.000E+00 -0.000E+00  0.000E+00
 -1.1352500E+03 -0.000E+00 -0.000E+00  0.000E+00
 -1.1347500E+03 -0.000E+00 -0.000E+00  0.000E+00
 -1.1342500E+03 -0.000E+00 -0.000E+00  0.000E+00
 -1.1337500E+03 -0.000E+00 -0.000E+00  0.000E+00
 -1.1332500E+03 -0.000E+00 -0.000E+00  0.000E+00
 -1.1327500E+03 -0.000E+00 -0.000E+00  0.000E+00
 -1.1322500E+03 -0.000E+00 -0.000E+00  0.000E+00
 -1.1317500E+03 -0.000E+00 -0.000E+00  0.000E+00
 -1.1312500E+03 -0.000E+00 -0.000E+00  0.000E+00
 -1.1307500E+03 -0.000E+00 -0.000E+00  0.000E+00
 -1.1302500E+03 -0.000E+00 -0.000E+00  0.000E+00
 -1.1297500E+03 -0.000E+00 -0.000E+00  0.000E+00
 -1.1292500E+03 -0.000E+00 -0.000E+00  0.000E+00
 -1.1287500E+03 -0.000E+00 -0.000E+00  0.000E+00
 -1.1282500E+03 -0.000E+00 -0.000E+00  0.000E+00
 -1.1277500E+03 -0.000E+00 -0.000E+00  0.000E+00
 -1.1272500E+03 -0.000E+00 -0.000E+00  0.000E+00
 -1.1267500E+03 -0.000E+00 -0.000E+00  0.000E+00
 -1.1262500E+03 -0.000E+00 -0.000E+00  0.000E+00
 -1.1257500E+03 -0.000E+00 -0.000E+00  0.000E+00
 -1.1252500E+03 -0.000E+00 -0.000E+00  0.000E+00
 -1.1247500E+03 -0.000E+00 -0.000E+00  0.000E+00
 -1.1242500E+03 -0.000E+00 -0.000E+00  0.000E+00
 -1.1237500E+03 -0.000E+00 -0.000E+00  0.000E+00
 -1.1232500E+03 -0.000E+00 -0.000E+00  0.000E+00
 -1.1227500E+03 -0.000E+00 -0.000E+00  0.000E+00
 -1.1222500E+03 -0.000E+00 -0.000E+00  0.000E+00
 -1.1217500E+03 -0.000E+00 -0.000E+00  0.000E+00
 -1.1212500E+03 -0.000E+00 -0.000E+00  0.000E+00
 -1.1207500E+03 -0.000E+00 -0.000E+00  0.000E+00
 -1.1202500E+03 -0.000E+00 -0.000E+00  0.000E+00
 -1.1197500E+03 -0.000E+00 -0.000E+00  0.000E+00
 -1.1192500E+03 -0.000E+00 -0.000E+00  0.000E+00
 -1.1187500E+03 -0.000E+00 -0.000E+00  0.000E+00
 -1.1182500E+03 -0.000E+00 -0.000E+00  0.000E+00
 -1.1177500E+03 -0.000E+00 -0.000E+00  0.000E+00
 -1.1172500E+03 -0.000E+00 -0.000E+00  0.000E+00
 -1.1167500E+03 -0.000E+00 -0.000E+00  0.000E+00
 -1.1162500E+03 -0.000E+00 -0.000E+00  0.000E+00
 -1.1157500E+03 -0.000E+00 -0.000E+00  0.000E+00
 -1.1152500E+03 -0.000E+00 -0.000E+00  0.000E+00
 -1.1147500E+03 -0.000E+00 -0.000E+00  0.000E+00
 -1.1142500E+03 -0.000E+00 -0.000E+00  0.000E+00
 -1.1137500E+03 -0.000E+00 -0.000E+00  0.000E+00
 -1.1132500E+03 -0.000E+00 -0.000E+00  0.000E+00
 -1.1127500E+03 -0.000E+00 -0.000E+00  0.000E+00
 -1.1122500E+03 -0.000E+00 -0.000E+00  0.000E+00
 -1.1117500E+03 -0.000E+00 -0.000E+00  0.000E+00
 -1.1112500E+03 -0.000E+00 -0.000E+00  0.000E+00
 -1.1107500E+03 -0.000E+00 -0.000E+00  0.000E+00
 -1.1102500E+03 -0.000E+00 -0.000E+00  0.000E+00
 -1.1097500E+03 -0.000E+00 -0.000E+00  0.000E+00
 -1.1092500E+03 -0.000E+00 -0.000E+00  0.000E+00
 -1.1087500E+03 -0.000E+00 -0.000E+00  0.000E+00
 -1.1082500E+03 -0.000E+00 -0.000E+00  0.000E+00
 -1.1077500E+03 -0.000E+00 -0.000E+00  0.000E+00
 -1.1072500E+03 -0.000E+00 -0.000E+00  0.000E+00
 -1.1067500E+03 -0.000E+00 -0.000E+00  0.000E+00
 -1.1062500E+03 -0.000E+00 -0.000E+00  0.000E+00
 -1.1057500E+03 -0.000E+00 -0.000E+00  0.000E+00
 -1.1052500E+03 -0.000E+00 -0.000E+00  0.000E+00
 -1.1047500E+03 -0.000E+00 -0.000E+00  0.000E+00
 -1.1042500E+03 -0.000E+00 -0.000E+00  0.000E+00
 -1.1037500E+03 -0.000E+00 -0.000E+00  0.000E+00
 -1.1032500E+03 -0.000E+00 -0.000E+00  0.000E+00
 -1.1027500E+03 -0.000E+00 -0.000E+00  0.000E+00
 -1.1022500E+03 -0.000E+00 -0.000E+00  0.000E+00
 -1.1017500E+03 -0.000E+00 -0.000E+00  0.000E+00
 -1.1012500E+03 -0.000E+00 -0.000E+00  0.000E+00
 -1.1007500E+03 -0.000E+00 -0.000E+00  0.000E+00
 -1.1002500E+03 -0.000E+00 -0.000E+00  0.000E+00
 -1.0997500E+03 -0.000E+00 -0.000E+00  0.000E+00
 -1.0992500E+03 -0.000E+00 -0.000E+00  0.000E+00
 -1.0987500E+03 -0.000E+00 -0.000E+00  0.000E+00
 -1.0982500E+03 -0.000E+00 -0.000E+00  0.000E+00
 -1.0977500E+03 -0.000E+00 -0.000E+00  0.000E+00
 -1.0972500E+03 -0.000E+00 -0.000E+00  0.000E+00
 -1.0967500E+03 -0.000E+00 -0.000E+00  0.000E+00
 -1.0962500E+03 -0.000E+00 -0.000E+00  0.000E+00
 -1.0957500E+03 -0.000E+00 -0.000E+00  0.000E+00
 -1.0952500E+03 -0.000E+00 -0.000E+00  0.000E+00
 -1.0947500E+03 -0.000E+00 -0.000E+00  0.000E+00
 -1.0942500E+03 -0.000E+00 -0.000E+00  0.000E+00
 -1.0937500E+03 -0.000E+00 -0.000E+00  0.000E+00
 -1.0932500E+03 -0.000E+00 -0.000E+00  0.000E+00
 -1.0927500E+03 -0.000E+00 -0.000E+00  0.000E+00
 -1.0922500E+03 -0.000E+00 -0.000E+00  0.000E+00
 -1.0917500E+03 -0.000E+00 -0.000E+00  0.000E+00
 -1.0912500E+03 -0.000E+00 -0.000E+00  0.000E+00
 -1.0907500E+03 -0.000E+00 -0.000E+00  0.000E+00
 -1.0902500E+03 -0.000E+00 -0.000E+00  0.000E+00
 -1.0897500E+03 -0.000E+00 -0.000E+00  0.000E+00
 -1.0892500E+03 -0.000E+00 -0.000E+00  0.000E+00
 -1.0887500E+03 -0.000E+00 -0.000E+00  0.000E+00
 -1.0882500E+03 -0.000E+00 -0.000E+00  0.000E+00
 -1.0877500E+03 -0.000E+00 -0.000E+00  0.000E+00
 -1.0872500E+03 -0.000E+00 -0.000E+00  0.000E+00
 -1.0867500E+03 -0.000E+00 -0.000E+00  0.000E+00
 -1.0862500E+03 -0.000E+00 -0.000E+00  0.000E+00
 -1.0857500E+03 -0.000E+00 -0.000E+00  0.000E+00
 -1.0852500E+03 -0.000E+00 -0.000E+00  0.000E+00
 -1.0847500E+03 -0.000E+00 -0.000E+00  0.000E+00
 -1.0842500E+03 -0.000E+00 -0.000E+00  0.000E+00
 -1.0837500E+03 -0.000E+00 -0.000E+00  0.000E+00
 -1.0832500E+03 -0.000E+00 -0.000E+00  0.000E+00
 -1.0827500E+03 -0.000E+00 -0.000E+00  0.000E+00
 -1.0822500E+03 -0.000E+00 -0.000E+00  0.000E+00
 -1.0817500E+03 -0.000E+00 -0.000E+00  0.000E+00
 -1.0812500E+03 -0.000E+00 -0.000E+00  0.000E+00
 -1.0807500E+03 -0.000E+00 -0.000E+00  0.000E+00
 -1.0802500E+03 -0.000E+00 -0.000E+00  0.000E+00
 -1.0797500E+03 -0.000E+00 -0.000E+00  0.000E+00
 -1.0792500E+03 -0.000E+00 -0.000E+00  0.000E+00
 -1.0787500E+03 -0.000E+00 -0.000E+00  0.000E+00
 -1.0782500E+03 -0.000E+00 -0.000E+00  0.000E+00
 -1.0777500E+03 -0.000E+00 -0.000E+00  0.000E+00
 -1.0772500E+03 -0.000E+00 -0.000E+00  0.000E+00
 -1.0767500E+03 -0.000E+00 -0.000E+00  0.000E+00
 -1.0762500E+03 -0.000E+00 -0.000E+00  0.000E+00
 -1.0757500E+03 -0.000E+00 -0.000E+00  0.000E+00
 -1.0752500E+03 -0.000E+00 -0.000E+00  0.000E+00
 -1.0747500E+03 -0.000E+00 -0.000E+00  0.000E+00
 -1.0742500E+03 -0.000E+00 -0.000E+00  0.000E+00
 -1.0737500E+03 -0.000E+00 -0.000E+00  0.000E+00
 -1.0732500E+03 -0.000E+00 -0.000E+00  0.000E+00
 -1.0727500E+03 -0.000E+00 -0.000E+00  0.000E+00
 -1.0722500E+03 -0.000E+00 -0.000E+00  0.000E+00
 -1.0717500E+03 -0.000E+00 -0.000E+00  0.000E+00
 -1.0712500E+03 -0.000E+00 -0.000E+00  0.000E+00
 -1.0707500E+03 -0.000E+00 -0.000E+00  0.000E+00
 -1.0702500E+03 -0.000E+00 -0.000E+00  0.000E+00
 -1.0697500E+03 -0.000E+00 -0.000E+00  0.000E+00
 -1.0692500E+03 -0.000E+00 -0.000E+00  0.000E+00
 -1.0687500E+03 -0.000E+00 -0.000E+00  0.000E+00
 -1.0682500E+03 -0.000E+00 -0.000E+00  0.000E+00
 -1.0677500E+03 -0.000E+00 -0.000E+00  0.000E+00
 -1.0672500E+03 -0.000E+00 -0.000E+00  0.000E+00
 -1.0667500E+03 -0.000E+00 -0.000E+00  0.000E+00
 -1.0662500E+03 -0.000E+00 -0.000E+00  0.000E+00
 -1.0657500E+03 -0.000E+00 -0.000E+00  0.000E+00
 -1.0652500E+03 -0.000E+00 -0.000E+00  0.000E+00
 -1.0647500E+03 -0.000E+00 -0.000E+00  0.000E+00
 -1.0642500E+03 -0.000E+00 -0.000E+00  0.000E+00
 -1.0637500E+03 -0.000E+00 -0.000E+00  0.000E+00
 -1.0632500E+03 -0.000E+00 -0.000E+00  0.000E+00
 -1.0627500E+03 -0.000E+00 -0.000E+00  0.000E+00
 -1.0622500E+03 -0.000E+00 -0.000E+00  0.000E+00
 -1.0617500E+03 -0.000E+00 -0.000E+00  0.000E+00
 -1.0612500E+03 -0.000E+00 -0.000E+00  0.000E+00
 -1.0607500E+03 -0.000E+00 -0.000E+00  0.000E+00
 -1.0602500E+03 -0.000E+00 -0.000E+00  0.000E+00
 -1.0597500E+03 -0.000E+00 -0.000E+00  0.000E+00
 -1.0592500E+03 -0.000E+00 -0.000E+00  0.000E+00
 -1.0587500E+03 -0.000E+00 -0.000E+00  0.000E+00
 -1.0582500E+03 -0.000E+00 -0.000E+00  0.000E+00
 -1.0577500E+03 -0.000E+00 -0.000E+00  0.000E+00
 -1.0572500E+03 -0.000E+00 -0.000E+00  0.000E+00
 -1.0567500E+03 -0.000E+00 -0.000E+00  0.000E+00
 -1.0562500E+03 -0.000E+00 -0.000E+00  0.000E+00
 -1.0557500E+03 -0.000E+00 -0.000E+00  0.000E+00
 -1.0552500E+03 -0.000E+00 -0.000E+00  0.000E+00
 -1.0547500E+03 -0.000E+00 -0.000E+00  0.000E+00
 -1.0542500E+03 -0.000E+00 -0.000E+00  0.000E+00
 -1.0537500E+03 -0.000E+00 -0.000E+00  0.000E+00
 -1.0532500E+03 -0.000E+00 -0.000E+00  0.000E+00
 -1.0527500E+03 -0.000E+00 -0.000E+00  0.000E+00
 -1.0522500E+03 -0.000E+00 -0.000E+00  0.000E+00
 -1.0517500E+03 -0.000E+00 -0.000E+00  0.000E+00
 -1.0512500E+03 -0.000E+00 -0.000E+00  0.000E+00
 -1.0507500E+03 -0.000E+00 -0.000E+00  0.000E+00
 -1.0502500E+03 -0.000E+00 -0.000E+00  0.000E+00
 -1.0497500E+03 -0.000E+00 -0.000E+00  0.000E+00
 -1.0492500E+03 -0.000E+00 -0.000E+00  0.000E+00
 -1.0487500E+03 -0.000E+00 -0.000E+00  0.000E+00
 -1.0482500E+03 -0.000E+00 -0.000E+00  0.000E+00
 -1.0477500E+03 -0.000E+00 -0.000E+00  0.000E+00
 -1.0472500E+03 -0.000E+00 -0.000E+00  0.000E+00
 -1.0467500E+03 -0.000E+00 -0.000E+00  0.000E+00
 -1.0462500E+03 -0.000E+00 -0.000E+00  0.000E+00
 -1.0457500E+03 -0.000E+00 -0.000E+00  0.000E+00
 -1.0452500E+03 -0.000E+00 -0.000E+00  0.000E+00
 -1.0447500E+03 -0.000E+00 -0.000E+00  0.000E+00
 -1.0442500E+03 -0.000E+00 -0.000E+00  0.000E+00
 -1.0437500E+03 -0.000E+00 -0.000E+00  0.000E+00
 -1.0432500E+03 -0.000E+00 -0.000E+00  0.000E+00
 -1.0427500E+03 -0.000E+00 -0.000E+00  0.000E+00
 -1.0422500E+03 -0.000E+00 -0.000E+00  0.000E+00
 -1.0417500E+03 -0.000E+00 -0.000E+00  0.000E+00
 -1.0412500E+03 -0.000E+00 -0.000E+00  0.000E+00
 -1.0407500E+03 -0.000E+00 -0.000E+00  0.000E+00
 -1.0402500E+03 -0.000E+00 -0.000E+00  0.000E+00
 -1.0397500E+03 -0.000E+00 -0.000E+00  0.000E+00
 -1.0392500E+03 -5.541E-05  1.901E-04  1.864E-04
 -1.0387500E+03 -3.648E-05 -5.860E-04  1.518E-04
 -1.0382500E+03 -3.531E-04 -3.029E-03  1.387E-03
 -1.0377500E+03 -5.647E-04 -7.587E-04  2.069E-03
 -1.0372500E+03 -3.484E-03 -3.466E-03  1.382E-02
 -1.0367500E+03  7.035E-04 -3.423E-03 -3.993E-03
 -1.0362500E+03  3.638E-03  3.146E-02 -1.399E-02
 -1.0357500E+03 -3.761E-04  3.789E-04  1.327E-03
 -1.0352500E+03 -3.804E-04  1.277E-03  9.523E-04
 -1.0347500E+03  9.676E-04  1.499E-03 -3.920E-03
 -1.0342500E+03 -1.022E-03 -8.036E-04  4.043E-03
 -1.0337500E+03  1.087E-04  1.702E-02  4.279E-03
 -1.0332500E+03 -4.115E-03 -2.916E-02  1.761E-02
 -1.0327500E+03  4.353E-03 -4.809E-03 -1.522E-02
 -1.0322500E+03 -7.120E-03  1.685E-02  2.314E-02
 -1.0317500E+03 -5.522E-04 -2.142E-02  2.019E-03
 -1.0312500E+03  4.135E-03  1.218E-02 -2.372E-02
 -1.0307500E+03 -1.159E-02  5.296E-02  3.298E-02
 -1.0302500E+03  2.272E-04 -8.288E-03 -4.410E-03
 -1.0297500E+03 -1.975E-03  3.301E-02  4.402E-03
 -1.0292500E+03  1.409E-02 -4.995E-02 -4.473E-02
 -1.0287500E+03  4.718E-03  2.462E-02 -2.158E-02
 -1.0282500E+03  1.804E-02 -1.275E-02 -6.505E-02
 -1.0277500E+03 -1.024E-02  5.033E-03  3.643E-02
 -1.0272500E+03  2.373E-03  2.943E-02 -1.279E-02
 -1.0267500E+03 -1.203E-02  4.557E-02  3.491E-02
 -1.0262500E+03 -1.074E-03 -1.191E-02  5.982E-03
 -1.0257500E+03 -2.017E-03  1.221E-02  4.464E-03
 -1.0252500E+03  4.415E-03  2.499E-02 -1.800E-02
 -1.0247500E+03 -9.611E-03 -4.743E-03  3.567E-02
 -1.0242500E+03  2.727E-03  2.895E-02 -1.333E-02
 -1.0237500E+03  2.445E-03  6.025E-02 -1.732E-02
 -1.0232500E+03 -2.240E-02  1.208E-01  6.862E-02
 -1.0227500E+03  1.597E-02  5.002E-01 -1.094E-01
 -1.0222500E+03 -8.921E-02  1.347E+00  1.939E-01
 -1.0217500E+03 -7.006E-02  4.973E+00 -2.346E-01
 -1.0212500E+03 -4.022E-01  1.965E+01 -4.864E-01
 -1.0207500E+03 -1.371E+00  7.932E+01 -2.865E+00
 -1.0202500E+03 -4.936E+00  2.484E+02 -5.991E+00
 -1.0197500E+03 -1.236E+01  5.304E+02 -4.388E+00
 -1.0192500E+03 -1.787E+01  7.658E+02 -3.900E+00
 -1.0187500E+03 -1.717E+01  7.482E+02 -2.722E+00
 -1.0182500E+03 -1.000E+01  4.861E+02 -4.681E+00
 -1.0177500E+03 -4.670E+00  1.805E+02  2.174E+00
 -1.0172500E+03  1.349E-01  2.866E-01 -5.247E-01
 -1.0167500E+03  9.469E-01 -5.330E+01  7.459E-01
 -1.0162500E+03  5.515E-01 -5.351E+01  2.169E+00
 -1.0157500E+03  1.448E+00 -4.693E+01 -1.556E+00
 -1.0152500E+03  6.984E-02 -3.522E+01  2.476E+00
 -1.0147500E+03  6.801E-01 -3.282E+01  6.438E-02
 -1.0142500E+03  7.122E-01 -3.179E+01 -5.455E-02
 -1.0137500E+03  7.163E-01 -2.984E+01 -2.046E-01
 -1.0132500E+03  1.730E-01 -2.486E+01  1.304E+00
 -1.0127500E+03  6.305E-01 -2.475E+01 -3.595E-01
 -1.0122500E+03  6.878E-01 -2.703E+01 -3.200E-01
 -1.0117500E+03  4.704E-01 -2.416E+01  2.395E-01
 -1.0112500E+03  1.532E-01 -2.430E+01  1.401E+00
 -1.0107500E+03  8.678E-02 -2.187E+01  1.443E+00
 -1.0102500E+03  3.290E-02 -2.203E+01  1.693E+00
 -1.0097500E+03  7.247E-01 -2.278E+01 -7.660E-01
 -1.0092500E+03  2.939E-01 -2.061E+01  6.177E-01
 -1.0087500E+03  2.661E-01 -1.987E+01  6.489E-01
 -1.0082500E+03  7.320E-01 -1.812E+01 -1.193E+00
 -1.0077500E+03  5.087E-01 -2.001E+01 -1.999E-01
 -1.0072500E+03  2.026E-01 -1.927E+01  8.449E-01
 -1.0067500E+03  5.177E-01 -1.899E+01 -3.268E-01
 -1.0062500E+03  6.877E-01 -1.831E+01 -1.015E+00
 -1.0057500E+03  4.564E-01 -1.708E+01 -2.524E-01
 -1.0052500E+03  3.878E-01 -1.740E+01  2.368E-02
 -1.0047500E+03  2.000E-01 -1.581E+01  5.868E-01
 -1.0042500E+03  6.318E-02 -1.747E+01  1.224E+00
 -1.0037500E+03  1.666E-02 -1.823E+01  1.466E+00
 -1.0032500E+03  2.237E-01 -1.729E+01  6.444E-01
 -1.0027500E+03  3.905E-01 -1.507E+01 -1.909E-01
 -1.0022500E+03  4.780E-01 -1.599E+01 -4.114E-01
 -1.0017500E+03  5.503E-02 -1.652E+01  1.203E+00
 -1.0012500E+03  2.038E-01 -1.522E+01  5.218E-01
 -1.0007500E+03  1.929E-01 -1.358E+01  4.155E-01
 -1.0002500E+03  3.793E-01 -1.570E+01 -5.895E-02
 -9.9975000E+02  5.374E-02 -1.510E+01  1.097E+00
 -9.9925000E+02  2.604E-01 -1.452E+01  2.787E-01
 -9.9875000E+02  4.630E-01 -1.516E+01 -3.996E-01
 -9.9825000E+02  5.689E-01 -1.544E+01 -7.457E-01
 -9.9775000E+02  5.874E-01 -1.429E+01 -9.435E-01
 -9.9725000E+02  2.263E-01 -1.430E+01  3.962E-01
 -9.9675000E+02  1.075E-01 -1.453E+01  8.558E-01
 -9.9625000E+02  1.799E-01 -1.392E+01  5.260E-01
 -9.9575000E+02  3.703E-02 -1.364E+01  1.030E+00
 -9.9525000E+02  3.994E-01 -1.331E+01 -3.211E-01
 -9.9475000E+02  4.238E-01 -1.303E+01 -4.388E-01
 -9.9425000E+02  3.456E-02 -1.267E+01  9.494E-01
 -9.9375000E+02  9.097E-02 -1.203E+01  6.962E-01
 -9.9325000E+02  3.453E-02 -1.261E+01  9.554E-01
 -9.9275000E+02  5.488E-01 -1.238E+01 -9.396E-01
 -9.9225000E+02  2.653E-01 -1.175E+01  2.518E-02
 -9.9175000E+02  8.689E-02 -1.229E+01  7.440E-01
 -9.9125000E+02  4.326E-01 -1.268E+01 -4.655E-01
 -9.9075000E+02  3.409E-01 -1.219E+01 -1.828E-01
 -9.9025000E+02  1.091E-01 -1.237E+01  6.551E-01
 -9.8975000E+02  3.008E-01 -1.281E+01  1.795E-02
 -9.8925000E+02  3.330E-01 -1.173E+01 -1.970E-01
 -9.8875000E+02  1.370E-01 -1.124E+01  4.723E-01
 -9.8825000E+02  1.975E-01 -1.158E+01  2.715E-01
 -9.8775000E+02  9.800E-02 -1.129E+01  6.109E-01
 -9.8725000E+02  8.948E-02 -1.150E+01  6.933E-01
 -9.8675000E+02  2.616E-01 -1.153E+01  3.259E-02
 -9.8625000E+02  2.853E-01 -1.087E+01 -8.210E-02
 -9.8575000E+02  3.297E-01 -1.105E+01 -2.468E-01
 -9.8525000E+02  3.721E-01 -1.186E+01 -3.277E-01
 -9.8475000E+02  1.853E-01 -1.082E+01  2.570E-01
 -9.8425000E+02  3.465E-01 -1.037E+01 -3.421E-01
 -9.8375000E+02 -5.904E-02 -1.088E+01  1.177E+00
 -9.8325000E+02  3.585E-01 -1.032E+01 -4.096E-01
 -9.8275000E+02  5.756E-02 -1.061E+01  7.307E-01
 -9.8225000E+02  3.850E-01 -9.863E+00 -5.564E-01
 -9.8175000E+02  3.345E-01 -1.051E+01 -3.128E-01
 -9.8125000E+02  2.053E-01 -9.933E+00  1.252E-01
 -9.8075000E+02  1.545E-01 -1.000E+01  3.197E-01
 -9.8025000E+02  3.116E-01 -1.004E+01 -2.514E-01
 -9.7975000E+02  3.248E-01 -9.799E+00 -3.223E-01
 -9.7925000E+02  1.437E-01 -1.026E+01  3.774E-01
 -9.7875000E+02  2.498E-01 -9.386E+00 -9.390E-02
 -9.7825000E+02  2.961E-01 -9.466E+00 -2.278E-01
 -9.7775000E+02  2.930E-02 -9.802E+00  7.724E-01
 -9.7725000E+02  3.260E-01 -9.420E+00 -3.708E-01
 -9.7675000E+02  3.229E-01 -9.955E+00 -2.886E-01
 -9.7625000E+02  1.417E-01 -9.865E+00  3.303E-01
 -9.7575000E+02  1.519E-02 -9.465E+00  7.773E-01
 -9.7525000E+02 -2.543E-02 -9.247E+00  9.084E-01
 -9.7475000E+02  3.537E-01 -9.506E+00 -4.515E-01
 -9.7425000E+02  2.397E-01 -9.619E+00  1.606E-02
 -9.7375000E+02  1.205E-01 -8.812E+00  3.683E-01
 -9.7325000E+02  2.231E-01 -8.826E+00 -1.554E-02
 -9.7275000E+02  2.210E-01 -9.088E+00 -6.937E-03
 -9.7225000E+02  1.674E-01 -8.660E+00  1.244E-01
 -9.7175000E+02  1.113E-01 -8.494E+00  2.981E-01
 -9.7125000E+02  5.130E-02 -8.013E+00  5.346E-01
 -9.7075000E+02  3.234E-01 -8.616E+00 -4.157E-01
 -9.7025000E+02  3.377E-01 -8.425E+00 -4.679E-01
 -9.6975000E+02  1.110E-01 -8.817E+00  3.887E-01
 -9.6925000E+02  1.553E-01 -8.457E+00  1.471E-01
 -9.6875000E+02  2.190E-01 -8.205E+00 -7.457E-02
 -9.6825000E+02  2.313E-01 -7.924E+00 -8.334E-02
 -9.6775000E+02  2.082E-01 -7.839E+00 -8.424E-02
 -9.6725000E+02  1.836E-01 -8.515E+00  7.001E-02
 -9.6675000E+02  1.760E-01 -8.457E+00  1.447E-01
 -9.6625000E+02  3.199E-01 -7.942E+00 -4.422E-01
 -9.6575000E+02  9.256E-02 -7.227E+00  3.087E-01
 -9.6525000E+02  2.665E-01 -8.262E+00 -2.194E-01
 -9.6475000E+02  1.586E-01 -7.367E+00  3.036E-02
 -9.6425000E+02  4.015E-02 -8.233E+00  5.899E-01
 -9.6375000E+02  1.859E-01 -7.703E+00  5.309E-03
 -9.6325000E+02  2.728E-01 -7.660E+00 -2.974E-01
 -9.6275000E+02  1.223E-01 -7.664E+00  2.325E-01
 -9.6225000E+02  1.367E-01 -7.386E+00  1.766E-01
 -9.6175000E+02  2.588E-01 -7.832E+00 -2.512E-01
 -9.6125000E+02  1.477E-01 -8.132E+00  1.600E-01
 -9.6075000E+02  7.532E-02 -7.377E+00  3.905E-01
 -9.6025000E+02  2.469E-01 -7.545E+00 -2.485E-01
 -9.5975000E+02  1.006E-01 -7.245E+00  2.843E-01
 -9.5925000E+02  3.321E-02 -6.908E+00  5.024E-01
 -9.5875000E+02 -7.488E-03 -6.953E+00  6.607E-01
 -9.5825000E+02  1.183E-01 -6.756E+00  1.912E-01
 -9.5775000E+02  1.794E-01 -6.640E+00 -5.629E-02
 -9.5725000E+02  2.218E-01 -7.219E+00 -1.480E-01
 -9.5675000E+02  2.007E-01 -6.768E+00 -8.096E-02
 -9.5625000E+02  2.139E-01 -6.642E+00 -1.974E-01
 -9.5575000E+02  9.144E-02 -6.992E+00  2.838E-01
 -9.5525000E+02  1.623E-01 -6.840E+00  6.397E-03
 -9.5475000E+02  1.007E-01 -6.617E+00  2.196E-01
 -9.5425000E+02  1.077E-01 -6.796E+00  2.257E-01
 -9.5375000E+02  1.434E-01 -6.814E+00  8.597E-02
 -9.5325000E+02  1.632E-01 -6.266E+00 -2.775E-02
 -9.5275000E+02  9.288E-02 -6.557E+00  2.637E-01
 -9.5225000E+02  3.164E-01 -7.257E+00 -4.799E-01
 -9.5175000E+02  1.399E-01 -6.832E+00  9.431E-02
 -9.5125000E+02  1.861E-01 -5.955E+00 -1.410E-01
 -9.5075000E+02  1.173E-03 -6.359E+00  5.812E-01
 -9.5025000E+02  6.727E-02 -6.337E+00  3.041E-01
 -9.4975000E+02  1.104E-01 -6.313E+00  1.654E-01
 -9.4925000E+02  9.897E-02 -6.192E+00  2.110E-01
 -9.4875000E+02  2.027E-01 -6.272E+00 -1.744E-01
 -9.4825000E+02  1.280E-01 -6.075E+00  7.590E-02
 -9.4775000E+02  1.970E-01 -6.431E+00 -1.370E-01
 -9.4725000E+02  1.814E-01 -6.596E+00 -4.851E-02
 -9.4675000E+02  7.549E-02 -6.362E+00  3.002E-01
 -9.4625000E+02  2.154E-01 -5.754E+00 -2.933E-01
 -9.4575000E+02  2.273E-01 -6.452E+00 -2.543E-01
 -9.4525000E+02  6.096E-02 -5.844E+00  3.072E-01
 -9.4475000E+02  6.370E-02 -5.818E+00  3.083E-01
 -9.4425000E+02  1.945E-01 -5.951E+00 -1.516E-01
 -9.4375000E+02  2.759E-01 -6.008E+00 -4.478E-01
 -9.4325000E+02  1.818E-02 -5.680E+00  4.431E-01
 -9.4275000E+02  1.302E-01 -5.473E+00  2.028E-02
 -9.4225000E+02  1.525E-01 -5.961E+00 -2.958E-03
 -9.4175000E+02  1.751E-01 -5.419E+00 -1.640E-01
 -9.4125000E+02  1.496E-01 -5.945E+00 -8.784E-03
 -9.4075000E+02  1.128E-01 -5.746E+00  1.044E-01
 -9.4025000E+02  9.913E-02 -5.598E+00  1.339E-01
 -9.3975000E+02 -4.779E-03 -5.290E+00  5.006E-01
 -9.3925000E+02  3.616E-02 -5.477E+00  2.884E-01
 -9.3875000E+02  1.173E-01 -5.844E+00  9.718E-02
 -9.3825000E+02  2.000E-01 -5.492E+00 -2.107E-01
 -9.3775000E+02  1.514E-01 -5.322E+00 -2.670E-02
 -9.3725000E+02  1.592E-01 -5.340E+00 -7.347E-02
 -9.3675000E+02  2.539E-01 -5.443E+00 -4.186E-01
 -9.3625000E+02  1.427E-01 -5.199E+00 -5.185E-02
 -9.3575000E+02  1.322E-01 -5.491E+00  1.279E-02
 -9.3525000E+02  5.368E-02 -5.242E+00  2.813E-01
 -9.3475000E+02  3.613E-02 -5.058E+00  3.522E-01
 -9.3425000E+02  8.749E-02 -4.654E+00  9.241E-02
 -9.3375000E+02  1.134E-01 -5.323E+00  8.454E-02
 -9.3325000E+02  1.826E-01 -5.355E+00 -1.469E-01
 -9.3275000E+02  7.624E-02 -5.296E+00  2.189E-01
 -9.3225000E+02  1.624E-01 -5.073E+00 -1.014E-01
 -9.3175000E+02 -5.429E-03 -5.021E+00  5.123E-01
 -9.3125000E+02  1.728E-02 -5.012E+00  3.421E-01
 -9.3075000E+02  8.138E-02 -5.342E+00  2.036E-01
 -9.3025000E+02  1.760E-01 -4.748E+00 -2.076E-01
 -9.2975000E+02  5.660E-02 -4.573E+00  2.127E-01
 -9.2925000E+02  6.627E-02 -5.030E+00  2.121E-01
 -9.2875000E+02  8.368E-02 -5.039E+00  1.566E-01
 -9.2825000E+02  1.256E-01 -5.011E+00  8.409E-03
 -9.2775000E+02  1.043E-01 -4.679E+00  3.622E-02
 -9.2725000E+02  1.807E-01 -4.372E+00 -2.717E-01
 -9.2675000E+02  1.703E-01 -4.434E+00 -1.966E-01
 -9.2625000E+02  1.566E-01 -4.910E+00 -1.158E-01
 -9.2575000E+02  1.330E-01 -4.814E+00 -6.984E-02
 -9.2525000E+02  1.075E-01 -4.666E+00  3.148E-02
 -9.2475000E+02  6.877E-03 -4.873E+00  4.041E-01
 -9.2425000E+02  1.127E-01 -4.419E+00  2.804E-02
 -9.2375000E+02  1.068E-01 -4.629E+00  4.821E-02
 -9.2325000E+02  1.024E-01 -4.894E+00  6.263E-02
 -9.2275000E+02  1.346E-01 -4.470E+00 -7.861E-02
 -9.2225000E+02  1.305E-01 -4.534E+00 -6.834E-02
 -9.2175000E+02  1.282E-01 -4.186E+00 -6.385E-02
 -9.2125000E+02  8.849E-02 -4.474E+00  8.665E-02
 -9.2075000E+02  1.059E-01 -4.328E+00 -1.226E-02
 -9.2025000E+02  1.200E-01 -4.297E+00 -4.197E-02
 -9.1975000E+02  7.083E-02 -3.931E+00  1.126E-01
 -9.1925000E+02  1.333E-01 -4.127E+00 -9.388E-02
 -9.1875000E+02  2.168E-01 -4.456E+00 -3.842E-01
 -9.1825000E+02  8.591E-02 -4.326E+00  9.625E-02
 -9.1775000E+02  8.126E-02 -4.359E+00  1.176E-01
 -9.1725000E+02  4.172E-02 -3.946E+00  2.223E-01
 -9.1675000E+02  1.363E-01 -4.313E+00 -8.840E-02
 -9.1625000E+02  1.250E-01 -4.466E+00 -3.330E-02
 -9.1575000E+02  7.507E-02 -4.401E+00  1.154E-01
 -9.1525000E+02  1.496E-01 -4.452E+00 -1.243E-01
 -9.1475000E+02  1.558E-01 -4.092E+00 -1.642E-01
 -9.1425000E+02  1.414E-01 -3.893E+00 -1.441E-01
 -9.1375000E+02  1.501E-01 -4.074E+00 -1.759E-01
 -9.1325000E+02  1.658E-01 -4.032E+00 -2.279E-01
 -9.1275000E+02  7.852E-02 -4.201E+00  1.292E-01
 -9.1225000E+02 -6.530E-05 -4.096E+00  3.512E-01
 -9.1175000E+02  4.098E-02 -3.692E+00  1.887E-01
 -9.1125000E+02  8.415E-03 -3.802E+00  3.137E-01
 -9.1075000E+02  9.704E-02 -3.859E+00 -2.520E-02
 -9.1025000E+02  1.093E-01 -4.163E+00 -1.911E-02
 -9.0975000E+02  1.384E-01 -3.904E+00 -1.249E-01
 -9.0925000E+02  1.057E-01 -4.191E+00  1.451E-02
 -9.0875000E+02  7.917E-02 -3.628E+00  4.526E-02
 -9.0825000E+02  6.873E-02 -4.006E+00  1.002E-01
 -9.0775000E+02  1.405E-01 -3.820E+00 -1.430E-01
 -9.0725000E+02  1.766E-01 -3.678E+00 -3.094E-01
 -9.0675000E+02  6.364E-03 -3.710E+00  3.107E-01
 -9.0625000E+02  6.373E-02 -3.828E+00  9.419E-02
 -9.0575000E+02  1.771E-02 -3.488E+00  2.189E-01
 -9.0525000E+02  9.081E-02 -3.897E+00  4.353E-02
 -9.0475000E+02  1.388E-01 -4.027E+00 -9.413E-02
 -9.0425000E+02  8.940E-02 -3.554E+00  4.186E-03
 -9.0375000E+02  6.212E-02 -3.609E+00  9.896E-02
 -9.0325000E+02  9.700E-02 -3.623E+00 -6.473E-05
 -9.0275000E+02  6.691E-02 -3.500E+00  8.701E-02
 -9.0225000E+02  8.301E-02 -3.608E+00  3.687E-02
 -9.0175000E+02  1.141E-01 -3.690E+00 -6.019E-02
 -9.0125000E+02  8.426E-02 -3.424E+00  1.427E-04
 -9.0075000E+02  1.174E-01 -3.588E+00 -7.458E-02
 -9.0025000E+02  1.531E-01 -3.364E+00 -2.465E-01
 -8.9975000E+02  1.341E-01 -3.557E+00 -1.567E-01
 -8.9925000E+02  1.274E-01 -3.435E+00 -1.578E-01
 -8.9875000E+02  3.595E-02 -3.452E+00  1.803E-01
 -8.9825000E+02  6.410E-02 -3.656E+00  9.159E-02
 -8.9775000E+02  1.519E-01 -3.319E+00 -2.118E-01
 -8.9725000E+02  8.915E-02 -3.576E+00  2.566E-02
 -8.9675000E+02  1.507E-02 -3.518E+00  2.666E-01
 -8.9625000E+02  7.520E-02 -3.377E+00  2.725E-02
 -8.9575000E+02  1.256E-01 -3.194E+00 -1.711E-01
 -8.9525000E+02  9.871E-03 -3.468E+00  3.011E-01
 -8.9475000E+02  8.876E-02 -3.335E+00 -3.697E-02
 -8.9425000E+02  4.670E-02 -3.296E+00  7.333E-02
 -8.9375000E+02  9.181E-02 -3.260E+00 -3.857E-02
 -8.9325000E+02  1.181E-01 -3.410E+00 -9.990E-02
 -8.9275000E+02  5.904E-03 -3.451E+00  3.369E-01
 -8.9225000E+02 -9.014E-03 -3.124E+00  3.192E-01
 -8.9175000E+02 -2.402E-03 -3.012E+00  2.759E-01
 -8.9125000E+02  5.699E-02 -3.244E+00  9.826E-02
 -8.9075000E+02  6.068E-02 -3.289E+00  7.708E-02
 -8.9025000E+02  8.077E-02 -3.316E+00  9.518E-03
 -8.8975000E+02  8.336E-02 -3.244E+00 -1.160E-02
 -8.8925000E+02  8.301E-02 -3.264E+00  3.062E-02
 -8.8875000E+02  1.405E-01 -3.310E+00 -2.217E-01
 -8.8825000E+02  6.548E-02 -3.198E+00  9.585E-02
 -8.8775000E+02  5.578E-02 -3.080E+00  1.007E-01
 -8.8725000E+02  9.120E-02 -3.134E+00 -3.111E-02
 -8.8675000E+02  1.041E-01 -3.145E+00 -9.514E-02
 -8.8625000E+02  6.615E-02 -3.111E+00  4.325E-02
 -8.8575000E+02  9.132E-02 -3.056E+00 -4.800E-02
 -8.8525000E+02  6.749E-02 -3.071E+00  2.671E-02
 -8.8475000E+02  9.362E-02 -3.064E+00 -5.988E-02
 -8.8425000E+02  1.122E-01 -3.097E+00 -1.189E-01
 -8.8375000E+02  4.090E-02 -2.962E+00  1.172E-01
 -8.8325000E+02  6.150E-02 -2.937E+00  6.439E-02
 -8.8275000E+02  1.255E-01 -3.042E+00 -1.459E-01
 -8.8225000E+02  3.360E-02 -2.789E+00  1.338E-01
 -8.8175000E+02  7.215E-02 -2.685E+00 -1.725E-02
 -8.8125000E+02  1.090E-01 -2.840E+00 -1.306E-01
 -8.8075000E+02  2.028E-02 -2.798E+00  1.821E-01
 -8.8025000E+02  1.446E-01 -2.886E+00 -2.764E-01
 -8.7975000E+02  6.970E-02 -2.925E+00  1.609E-02
 -8.7925000E+02  7.945E-02 -2.816E+00 -2.310E-02
 -8.7875000E+02  3.636E-02 -2.906E+00  1.267E-01
 -8.7825000E+02  2.707E-02 -2.824E+00  1.503E-01
 -8.7775000E+02  5.065E-02 -2.636E+00  7.001E-02
 -8.7725000E+02  1.058E-01 -2.787E+00 -1.105E-01
 -8.7675000E+02  4.722E-02 -2.607E+00  7.084E-02
 -8.7625000E+02  7.445E-02 -2.729E+00 -4.127E-02
 -8.7575000E+02  6.253E-02 -2.920E+00  5.983E-02
 -8.7525000E+02  7.113E-02 -2.579E+00 -6.197E-02
 -8.7475000E+02  6.729E-02 -2.646E+00 -3.869E-03
 -8.7425000E+02  1.086E-01 -2.671E+00 -1.437E-01
 -8.7375000E+02  8.607E-02 -2.799E+00 -4.267E-02
 -8.7325000E+02  6.745E-02 -2.606E+00  4.121E-02
 -8.7275000E+02  1.072E-01 -2.692E+00 -1.283E-01
 -8.7225000E+02  3.905E-02 -2.518E+00  9.558E-02
 -8.7175000E+02  6.929E-02 -2.586E+00 -3.256E-03
 -8.7125000E+02  9.087E-02 -2.398E+00 -9.459E-02
 -8.7075000E+02  1.365E-01 -2.586E+00 -2.273E-01
 -8.7025000E+02  9.605E-02 -2.544E+00 -1.022E-01
 -8.6975000E+02  7.622E-02 -2.510E+00 -4.719E-02
 -8.6925000E+02  6.202E-02 -2.460E+00 -2.908E-03
 -8.6875000E+02  9.228E-02 -2.582E+00 -1.013E-01
 -8.6825000E+02  1.123E-01 -2.598E+00 -1.749E-01
 -8.6775000E+02  1.081E-01 -2.572E+00 -1.735E-01
 -8.6725000E+02  6.638E-02 -2.527E+00  5.935E-03
 -8.6675000E+02  4.249E-02 -2.607E+00  8.764E-02
 -8.6625000E+02  4.092E-02 -2.407E+00  7.299E-02
 -8.6575000E+02 -5.054E-03 -2.711E+00  1.879E-01
 -8.6525000E+02  7.715E-02 -2.338E+00 -6.780E-02
 -8.6475000E+02  9.064E-02 -2.382E+00 -4.933E-02
 -8.6425000E+02  5.052E-02 -2.471E+00  5.771E-02
 -8.6375000E+02  4.723E-02 -2.341E+00  4.251E-02
 -8.6325000E+02  7.540E-03 -2.428E+00  1.824E-01
 -8.6275000E+02  9.977E-02 -2.459E+00 -1.174E-01
 -8.6225000E+02  3.913E-02 -2.426E+00  9.173E-02
 -8.6175000E+02  2.389E-03 -2.359E+00  2.000E-01
 -8.6125000E+02  1.072E-01 -2.469E+00 -1.718E-01
 -8.6075000E+02  8.774E-02 -2.446E+00 -8.555E-02
 -8.6025000E+02  6.856E-02 -2.446E+00 -1.323E-02
 -8.5975000E+02  6.509E-02 -2.298E+00 -2.906E-03
 -8.5925000E+02  6.012E-02 -2.250E+00  1.036E-02
 -8.5875000E+02  1.019E-02 -2.338E+00  1.876E-01
 -8.5825000E+02  1.703E-02 -2.262E+00  1.514E-01
 -8.5775000E+02  6.481E-02 -2.246E+00 -2.166E-02
 -8.5725000E+02  2.993E-02 -2.297E+00  9.670E-02
 -8.5675000E+02  4.873E-02 -2.146E+00  2.706E-02
 -8.5625000E+02  4.069E-02 -2.323E+00  5.209E-02
 -8.5575000E+02  4.629E-02 -2.202E+00  1.881E-02
 -8.5525000E+02  2.152E-02 -2.184E+00  1.205E-01
 -8.5475000E+02  1.767E-02 -2.138E+00  1.396E-01
 -8.5425000E+02  7.156E-02 -2.291E+00 -3.979E-02
 -8.5375000E+02  2.551E-02 -2.194E+00  1.088E-01
 -8.5325000E+02  6.345E-02 -2.124E+00 -1.220E-02
 -8.5275000E+02  5.289E-02 -2.120E+00  1.337E-02
 -8.5225000E+02  6.720E-02 -2.098E+00 -7.742E-02
 -8.5175000E+02  3.110E-02 -1.959E+00  4.823E-02
 -8.5125000E+02  8.516E-02 -1.978E+00 -1.127E-01
 -8.5075000E+02 -8.020E-04 -2.025E+00  2.000E-01
 -8.5025000E+02  9.394E-02 -2.200E+00 -1.371E-01
 -8.4975000E+02  8.362E-02 -2.145E+00 -1.113E-01
 -8.4925000E+02  5.578E-03 -2.274E+00  2.053E-01
 -8.4875000E+02  1.070E-01 -2.249E+00 -1.724E-01
 -8.4825000E+02  5.111E-02 -1.981E+00 -1.253E-03
 -8.4775000E+02  7.860E-02 -1.966E+00 -9.722E-02
 -8.4725000E+02  1.098E-01 -2.038E+00 -1.911E-01
 -8.4675000E+02  7.370E-02 -2.145E+00 -4.259E-02
 -8.4625000E+02  1.805E-02 -2.382E+00  1.490E-01
 -8.4575000E+02  3.476E-02 -2.088E+00  7.038E-02
 -8.4525000E+02  1.137E-01 -2.150E+00 -2.094E-01
 -8.4475000E+02  1.105E-01 -1.907E+00 -1.821E-01
 -8.4425000E+02  5.673E-02 -2.176E+00  8.217E-03
 -8.4375000E+02  4.617E-02 -2.095E+00  7.885E-02
 -8.4325000E+02  5.487E-02 -2.214E+00  1.312E-02
 -8.4275000E+02  9.490E-02 -1.805E+00 -1.637E-01
 -8.4225000E+02  5.440E-02 -1.783E+00 -6.462E-03
 -8.4175000E+02  8.079E-02 -2.025E+00 -1.054E-01
 -8.4125000E+02  3.723E-02 -1.897E+00  4.874E-02
 -8.4075000E+02  9.001E-02 -1.846E+00 -1.502E-01
 -8.4025000E+02  3.606E-02 -1.923E+00  3.842E-02
 -8.3975000E+02  3.078E-02 -1.726E+00  5.291E-02
 -8.3925000E+02  1.572E-02 -1.804E+00  1.320E-01
 -8.3875000E+02  2.684E-02 -2.075E+00  1.028E-01
 -8.3825000E+02 -3.598E-03 -1.796E+00  1.914E-01
 -8.3775000E+02 -4.529E-03 -1.848E+00  1.852E-01
 -8.3725000E+02  2.256E-02 -2.053E+00  1.165E-01
 -8.3675000E+02  3.250E-02 -1.993E+00  7.790E-02
 -8.3625000E+02  7.706E-02 -1.856E+00 -9.423E-02
 -8.3575000E+02  7.546E-02 -1.791E+00 -1.275E-01
 -8.3525000E+02  5.595E-03 -1.779E+00  1.531E-01
 -8.3475000E+02  5.675E-02 -1.813E+00 -4.408E-02
 -8.3425000E+02  5.385E-02 -1.781E+00 -3.280E-02
 -8.3375000E+02 -2.118E-02 -1.756E+00  2.373E-01
 -8.3325000E+02  4.984E-02 -1.757E+00 -1.503E-02
 -8.3275000E+02  9.890E-02 -1.842E+00 -1.990E-01
 -8.3225000E+02  6.477E-02 -1.733E+00 -7.283E-02
 -8.3175000E+02  4.341E-02 -1.841E+00  9.091E-03
 -8.3125000E+02  4.623E-02 -1.598E+00 -2.913E-02
 -8.3075000E+02  8.949E-02 -1.607E+00 -1.660E-01
 -8.3025000E+02  2.385E-03 -1.602E+00  1.254E-01
 -8.2975000E+02  5.027E-02 -1.819E+00 -1.971E-02
 -8.2925000E+02  9.018E-02 -1.901E+00 -1.383E-01
 -8.2875000E+02  6.758E-02 -1.808E+00 -5.977E-02
 -8.2825000E+02  2.976E-02 -1.889E+00  8.290E-02
 -8.2775000E+02  3.380E-02 -1.821E+00  5.079E-02
 -8.2725000E+02  4.541E-02 -1.781E+00 -1.206E-02
 -8.2675000E+02  2.288E-02 -1.601E+00  5.965E-02
 -8.2625000E+02  7.970E-02 -1.609E+00 -1.427E-01
 -8.2575000E+02  1.611E-02 -1.689E+00  6.933E-02
 -8.2525000E+02  6.680E-02 -1.629E+00 -3.793E-02
 -8.2475000E+02  8.176E-02 -1.836E+00 -1.468E-02
 -8.2425000E+02  7.538E-02 -1.676E+00 -1.313E-01
 -8.2375000E+02 -2.002E-02 -1.519E+00  1.814E-01
 -8.2325000E+02  9.054E-03 -1.415E+00  6.678E-02
 -8.2275000E+02  5.145E-02 -1.684E+00 -1.630E-02
 -8.2225000E+02  5.260E-02 -1.699E+00 -3.017E-02
 -8.2175000E+02  8.697E-02 -1.637E+00 -1.496E-01
 -8.2125000E+02  5.782E-02 -1.614E+00 -5.244E-02
 -8.2075000E+02  4.707E-02 -1.543E+00 -1.789E-02
 -8.2025000E+02 -3.733E-03 -1.484E+00  1.278E-01
 -8.1975000E+02  2.093E-02 -1.675E+00  1.014E-01
 -8.1925000E+02  4.319E-03 -1.679E+00  1.672E-01
 -8.1875000E+02  1.701E-02 -1.596E+00  9.363E-02
 -8.1825000E+02  3.546E-02 -1.715E+00  3.191E-02
 -8.1775000E+02  7.277E-02 -1.484E+00 -1.188E-01
 -8.1725000E+02  6.149E-02 -1.557E+00 -6.672E-02
 -8.1675000E+02  7.668E-02 -1.567E+00 -1.433E-01
 -8.1625000E+02  5.140E-02 -1.525E+00 -4.798E-02
 -8.1575000E+02  2.669E-02 -1.450E+00  3.385E-02
 -8.1525000E+02  3.330E-02 -1.521E+00  1.810E-02
 -8.1475000E+02 -4.392E-03 -1.215E+00  1.351E-01
 -8.1425000E+02  3.434E-02 -1.350E+00  2.953E-02
 -8.1375000E+02  6.833E-02 -1.616E+00 -8.183E-02
 -8.1325000E+02  5.661E-02 -1.529E+00 -6.292E-02
 -8.1275000E+02  4.899E-02 -1.559E+00 -3.490E-02
 -8.1225000E+02  1.930E-02 -1.571E+00  6.997E-02
 -8.1175000E+02  2.335E-02 -1.550E+00  5.842E-02
 -8.1125000E+02  9.370E-02 -1.681E+00 -1.890E-01
 -8.1075000E+02  8.115E-02 -1.533E+00 -1.532E-01
 -8.1025000E+02 -8.951E-03 -1.428E+00  1.592E-01
 -8.0975000E+02  2.224E-02 -1.520E+00  7.132E-02
 -8.0925000E+02  2.101E-02 -1.332E+00  5.662E-02
 -8.0875000E+02 -8.546E-04 -1.462E+00  1.457E-01
 -8.0825000E+02  5.458E-02 -1.536E+00 -3.184E-02
 -8.0775000E+02  5.639E-02 -1.529E+00 -5.087E-03
 -8.0725000E+02  4.480E-02 -1.532E+00 -1.474E-02
 -8.0675000E+02  4.231E-02 -1.435E+00 -3.637E-02
 -8.0625000E+02  7.181E-02 -1.532E+00 -1.228E-01
 -8.0575000E+02  8.739E-03 -1.385E+00  8.377E-02
 -8.0525000E+02  3.672E-02 -1.362E+00  7.332E-03
 -8.0475000E+02  7.556E-02 -1.359E+00 -1.440E-01
 -8.0425000E+02  1.679E-02 -1.346E+00  6.180E-02
 -8.0375000E+02  7.331E-03 -1.289E+00  8.615E-02
 -8.0325000E+02  7.231E-02 -1.188E+00 -1.443E-01
 -8.0275000E+02  4.009E-02 -1.172E+00 -4.629E-02
 -8.0225000E+02  3.050E-02 -1.371E+00 -6.574E-03
 -8.0175000E+02  4.193E-02 -1.429E+00 -3.474E-02
 -8.0125000E+02  2.252E-02 -1.420E+00  5.719E-02
 -8.0075000E+02  6.209E-02 -1.498E+00 -6.710E-02
 -8.0025000E+02  8.674E-02 -1.547E+00 -1.665E-01
 -7.9975000E+02  5.643E-03 -1.348E+00  9.457E-02
 -7.9925000E+02  5.204E-02 -1.129E+00 -4.978E-02
 -7.9875000E+02  6.438E-02 -1.216E+00 -9.326E-02
 -7.9825000E+02 -3.645E-03 -1.235E+00  1.305E-01
 -7.9775000E+02  2.078E-02 -1.284E+00  6.000E-02
 -7.9725000E+02  8.348E-03 -1.394E+00  1.186E-01
 -7.9675000E+02  4.067E-02 -1.358E+00 -3.091E-02
 -7.9625000E+02  4.542E-02 -1.355E+00 -5.456E-02
 -7.9575000E+02  4.859E-02 -1.147E+00 -1.565E-01
 -7.9525000E+02  5.096E-02 -1.255E+00 -6.378E-02
 -7.9475000E+02  5.236E-02 -1.340E+00 -1.015E-02
 -7.9425000E+02  1.461E-02 -1.328E+00  8.010E-02
 -7.9375000E+02  1.819E-02 -1.322E+00  3.554E-02
 -7.9325000E+02  7.642E-03 -1.229E+00  8.325E-02
 -7.9275000E+02  3.070E-03 -1.213E+00  7.660E-02
 -7.9225000E+02  3.609E-02 -1.346E+00 -2.059E-02
 -7.9175000E+02  1.126E-02 -1.333E+00  8.947E-02
 -7.9125000E+02  2.386E-02 -1.064E+00  4.736E-02
 -7.9075000E+02  9.780E-02 -1.284E+00 -2.438E-01
 -7.9025000E+02  1.027E-02 -1.257E+00  7.693E-02
 -7.8975000E+02  3.672E-02 -1.093E+00 -3.499E-02
 -7.8925000E+02  1.334E-02 -1.328E+00  6.999E-02
 -7.8875000E+02  3.221E-02 -1.205E+00  1.218E-02
 -7.8825000E+02  9.961E-03 -1.273E+00  8.551E-02
 -7.8775000E+02  3.478E-02 -1.071E+00 -7.867E-03
 -7.8725000E+02  3.814E-02 -1.108E+00 -4.756E-02
 -7.8675000E+02  5.114E-02 -1.326E+00 -5.757E-02
 -7.8625000E+02  8.416E-02 -1.155E+00 -1.982E-01
 -7.8575000E+02 -1.350E-02 -1.070E+00  1.560E-01
 -7.8525000E+02  4.080E-02 -1.108E+00 -5.803E-02
 -7.8475000E+02  2.158E-02 -1.191E+00  5.125E-02
 -7.8425000E+02  1.951E-02 -1.276E+00  5.777E-02
 -7.8375000E+02  5.120E-03 -1.125E+00  6.213E-02
 -7.8325000E+02  5.285E-02 -1.225E+00 -7.573E-02
 -7.8275000E+02  2.609E-02 -1.171E+00  3.277E-02
 -7.8225000E+02 -7.320E-03 -1.102E+00  1.377E-01
 -7.8175000E+02  1.398E-02 -1.088E+00  7.067E-02
 -7.8125000E+02  2.201E-02 -1.185E+00 -4.080E-02
 -7.8075000E+02 -3.344E-03 -1.193E+00  5.330E-02
 -7.8025000E+02  9.125E-02 -1.033E+00  5.660E-02
 -7.7975000E+02 -1.128E-03 -1.194E+00  4.637E-02
 -7.7925000E+02  6.890E-02 -1.164E+00 -1.399E-01
 -7.7875000E+02  1.136E-02 -1.168E+00  6.931E-03
 -7.7825000E+02 -2.123E-03 -9.717E-01  6.546E-02
 -7.7775000E+02  3.330E-02 -9.122E-01  4.561E-03
 -7.7725000E+02  2.487E-02 -9.667E-01  1.979E-02
 -7.7675000E+02  4.883E-02 -1.123E+00 -4.904E-02
 -7.7625000E+02  1.731E-02 -1.202E+00  4.952E-02
 -7.7575000E+02  6.290E-02 -1.055E+00 -1.211E-01
 -7.7525000E+02  1.253E-02 -1.080E+00  7.512E-03
 -7.7475000E+02  4.668E-02 -1.163E+00 -4.831E-02
 -7.7425000E+02  4.739E-02 -9.815E-01 -8.728E-02
 -7.7375000E+02  2.141E-02 -1.104E+00  3.265E-02
 -7.7325000E+02  4.856E-02 -1.069E+00 -6.646E-02
 -7.7275000E+02  3.426E-02 -1.031E+00 -1.073E-02
 -7.7225000E+02  2.319E-02 -1.013E+00 -3.022E-02
 -7.7175000E+02 -2.357E-03 -1.084E+00  5.857E-02
 -7.7125000E+02 -2.229E-03 -9.705E-01  7.830E-02
 -7.7075000E+02  5.578E-02 -1.164E+00 -1.084E-01
 -7.7025000E+02  8.129E-02 -1.131E+00 -2.002E-01
 -7.6975000E+02  7.170E-02 -1.047E+00 -1.143E-01
 -7.6925000E+02  3.634E-02 -9.149E-01 -3.559E-03
 -7.6875000E+02  5.117E-03 -1.029E+00  6.629E-02
 -7.6825000E+02  2.879E-02 -1.043E+00  1.077E-02
 -7.6775000E+02  1.391E-02 -1.081E+00  4.023E-02
 -7.6725000E+02  4.443E-02 -8.078E-01 -9.320E-02
 -7.6675000E+02  5.232E-02 -1.012E+00 -1.032E-01
 -7.6625000E+02 -2.312E-03 -1.149E+00  1.240E-01
 -7.6575000E+02  4.010E-02 -1.071E+00 -4.154E-02
 -7.6525000E+02  1.855E-02 -9.335E-01  4.118E-02
 -7.6475000E+02  2.492E-02 -8.833E-01 -6.935E-03
 -7.6425000E+02  5.620E-02 -9.124E-01 -1.260E-01
 -7.6375000E+02  5.159E-02 -9.921E-01 -7.986E-02
 -7.6325000E+02  2.317E-02 -9.865E-01 -2.317E-04
 -7.6275000E+02 -2.384E-02 -9.984E-01  1.790E-01
 -7.6225000E+02  1.933E-02 -9.898E-01  9.634E-03
 -7.6175000E+02  6.481E-02 -9.383E-01 -1.447E-01
 -7.6125000E+02  3.541E-02 -1.033E+00  3.230E-02
 -7.6075000E+02  2.412E-02 -9.215E-01  1.150E-02
 -7.6025000E+02  3.988E-02 -8.551E-01 -6.423E-02
 -7.5975000E+02  2.313E-02 -9.942E-01 -6.529E-03
 -7.5925000E+02 -4.927E-04 -9.400E-01  9.069E-02
 -7.5875000E+02  4.912E-02 -9.749E-01 -7.044E-02
 -7.5825000E+02  1.367E-02 -1.006E+00  5.478E-02
 -7.5775000E+02  2.296E-03 -8.778E-01  6.272E-02
 -7.5725000E+02 -7.999E-03 -9.770E-01  1.130E-01
 -7.5675000E+02  3.151E-02 -8.312E-01 -2.569E-02
 -7.5625000E+02  1.483E-02 -8.355E-01  3.514E-02
 -7.5575000E+02  3.484E-02 -9.265E-01 -4.238E-02
 -7.5525000E+02  2.719E-02 -9.256E-01  3.599E-03
 -7.5475000E+02  1.981E-02 -1.018E+00  2.320E-02
 -7.5425000E+02  3.269E-02 -1.038E+00 -2.660E-02
 -7.5375000E+02  5.364E-02 -1.099E+00 -8.026E-02
 -7.5325000E+02  5.885E-02 -9.914E-01 -9.299E-02
 -7.5275000E+02  3.167E-02 -8.711E-01 -5.699E-03
 -7.5225000E+02  1.306E-02 -8.859E-01  6.209E-02
 -7.5175000E+02 -1.257E-03 -8.549E-01  7.386E-02
 -7.5125000E+02  5.124E-02 -9.662E-01 -2.383E-02
 -7.5075000E+02 -6.512E-03 -8.157E-01  1.008E-01
 -7.5025000E+02  2.443E-02 -7.615E-01  1.004E-02
 -7.4975000E+02  4.454E-02 -9.041E-01 -6.846E-02
 -7.4925000E+02  2.913E-02 -9.517E-01 -1.649E-02
 -7.4875000E+02  3.457E-02 -9.600E-01 -2.906E-02
 -7.4825000E+02  6.986E-02 -7.341E-01 -1.637E-01
 -7.4775000E+02  1.974E-02 -8.487E-01  1.305E-02
 -7.4725000E+02 -5.470E-03 -9.451E-01  1.115E-01
 -7.4675000E+02 -1.024E-04 -9.227E-01  9.723E-02
 -7.4625000E+02  1.278E-02 -8.051E-01  4.171E-02
 -7.4575000E+02 -1.535E-02 -8.574E-01  1.278E-01
 -7.4525000E+02  4.020E-02 -8.611E-01 -6.495E-02
 -7.4475000E+02  8.135E-03 -8.798E-01  5.635E-02
 -7.4425000E+02  2.755E-02 -9.268E-01 -9.772E-03
 -7.4375000E+02  1.964E-02 -9.077E-01  1.717E-02
 -7.4325000E+02  2.288E-02 -8.136E-01  2.057E-03
 -7.4275000E+02  3.809E-02 -7.790E-01 -6.913E-02
 -7.4225000E+02  4.706E-03 -8.864E-01  7.294E-02
 -7.4175000E+02  1.615E-02 -8.617E-01  3.250E-02
 -7.4125000E+02  3.153E-02 -7.937E-01 -2.995E-02
 -7.4075000E+02  2.084E-02 -8.484E-01  8.030E-03
 -7.4025000E+02 -3.978E-03 -7.980E-01  8.356E-02
 -7.3975000E+02 -4.233E-03 -8.430E-01  7.889E-02
 -7.3925000E+02  6.435E-02 -7.633E-01 -1.446E-01
 -7.3875000E+02  3.372E-02 -9.256E-01 -3.922E-02
 -7.3825000E+02  7.588E-03 -7.741E-01  2.567E-02
 -7.3775000E+02  3.161E-02 -7.531E-01 -3.374E-02
 -7.3725000E+02  1.245E-02 -7.410E-01  3.827E-02
 -7.3675000E+02  3.145E-02 -8.554E-01 -2.586E-02
 -7.3625000E+02  2.390E-02 -7.055E-01 -1.283E-02
 -7.3575000E+02  2.499E-02 -8.525E-01  1.804E-03
 -7.3525000E+02  2.501E-03 -8.642E-01  7.755E-02
 -7.3475000E+02  5.617E-02 -8.164E-01 -1.407E-01
 -7.3425000E+02  2.245E-02 -7.278E-01 -3.426E-02
 -7.3375000E+02  3.035E-02 -7.094E-01 -3.495E-02
 -7.3325000E+02  9.635E-03 -7.359E-01  1.940E-02
 -7.3275000E+02  2.941E-02 -7.238E-01 -3.538E-02
 -7.3225000E+02  2.463E-02 -7.425E-01 -3.238E-02
 -7.3175000E+02  2.086E-02 -7.948E-01  5.941E-03
 -7.3125000E+02  3.075E-02 -7.432E-01 -2.167E-02
 -7.3075000E+02  2.694E-03 -8.085E-01  5.426E-02
 -7.3025000E+02  3.234E-02 -7.116E-01 -4.248E-02
 -7.2975000E+02 -4.625E-03 -7.671E-01  8.903E-02
 -7.2925000E+02  1.687E-02 -6.879E-01 -2.057E-03
 -7.2875000E+02  2.135E-02 -7.680E-01 -4.089E-03
 -7.2825000E+02  2.304E-02 -7.232E-01 -1.770E-02
 -7.2775000E+02  6.088E-02 -7.454E-01 -1.317E-01
 -7.2725000E+02 -4.589E-03 -7.421E-01  9.009E-02
 -7.2675000E+02  1.093E-02 -7.443E-01  2.908E-02
 -7.2625000E+02 -1.198E-02 -7.148E-01  1.025E-01
 -7.2575000E+02  3.745E-02 -7.300E-01 -5.814E-02
 -7.2525000E+02  3.041E-02 -8.659E-01 -1.482E-02
 -7.2475000E+02 -5.643E-03 -7.116E-01  8.373E-02
 -7.2425000E+02  4.480E-03 -7.349E-01  6.058E-02
 -7.2375000E+02  2.106E-02 -7.078E-01 -1.754E-04
 -7.2325000E+02  3.446E-02 -7.206E-01 -5.663E-02
 -7.2275000E+02  1.013E-02 -7.317E-01  3.135E-02
 -7.2225000E+02  3.355E-02 -7.368E-01 -5.315E-02
 -7.2175000E+02 -1.186E-03 -5.969E-01  3.152E-02
 -7.2125000E+02  2.401E-02 -6.703E-01 -1.155E-01
 -7.2075000E+02  3.388E-02 -7.362E-01 -5.684E-02
 -7.2025000E+02  2.495E-02 -6.348E-01  2.012E-02
 -7.1975000E+02 -6.868E-03 -7.156E-01  9.588E-02
 -7.1925000E+02  3.800E-02 -6.736E-01  6.153E-03
 -7.1875000E+02  3.946E-02 -6.255E-01 -1.046E-02
 -7.1825000E+02  5.149E-05 -7.029E-01  7.748E-02
 -7.1775000E+02  1.711E-02 -7.363E-01 -1.084E-02
 -7.1725000E+02  5.218E-02 -7.593E-01 -1.303E-01
 -7.1675000E+02  3.014E-02 -6.902E-01 -4.234E-02
 -7.1625000E+02 -9.868E-03 -7.087E-01  7.842E-02
 -7.1575000E+02  3.053E-02 -7.454E-01 -3.589E-02
 -7.1525000E+02  2.237E-02 -6.171E-01 -3.518E-02
 -7.1475000E+02  1.394E-02 -4.768E-01  1.486E-02
 -7.1425000E+02  1.798E-02 -7.269E-01  1.314E-02
 -7.1375000E+02 -5.887E-03 -5.729E-01  5.601E-02
 -7.1325000E+02  2.023E-02 -5.966E-01 -3.640E-02
 -7.1275000E+02  4.260E-02 -7.871E-01 -8.111E-02
 -7.1225000E+02 -4.534E-03 -7.127E-01  9.846E-02
 -7.1175000E+02  2.874E-02 -7.660E-01 -2.538E-02
 -7.1125000E+02  2.838E-02 -5.835E-01 -4.660E-02
 -7.1075000E+02  3.685E-02 -7.212E-01 -6.674E-02
 -7.1025000E+02  2.362E-02 -6.861E-01 -2.247E-02
 -7.0975000E+02  5.824E-02 -7.020E-01 -1.263E-01
 -7.0925000E+02  1.686E-02 -6.329E-01  3.780E-03
 -7.0875000E+02  2.541E-02 -7.035E-01 -3.475E-02
 -7.0825000E+02 -1.258E-02 -5.045E-01  8.577E-02
 -7.0775000E+02  3.785E-02 -5.735E-01 -7.141E-02
 -7.0725000E+02  4.180E-02 -7.166E-01 -7.581E-02
 -7.0675000E+02 -7.977E-03 -7.024E-01  8.699E-02
 -7.0625000E+02  2.066E-02 -6.825E-01 -1.575E-02
 -7.0575000E+02  4.046E-02 -6.056E-01 -1.037E-01
 -7.0525000E+02  1.692E-02 -4.580E-01 -2.258E-02
 -7.0475000E+02 -7.724E-03 -5.421E-01  5.165E-02
 -7.0425000E+02  4.668E-02 -6.418E-01 -1.162E-01
 -7.0375000E+02 -2.238E-03 -6.012E-01  6.781E-02
 -7.0325000E+02  9.335E-04 -6.595E-01  8.214E-02
 -7.0275000E+02  1.265E-02 -5.869E-01  2.520E-02
 -7.0225000E+02  3.745E-02 -5.727E-01 -5.924E-02
 -7.0175000E+02  2.456E-03 -5.646E-01  4.449E-02
 -7.0125000E+02  6.013E-03 -6.044E-01  3.243E-02
 -7.0075000E+02  2.995E-02 -7.192E-01 -5.737E-02
 -7.0025000E+02  2.318E-02 -6.814E-01 -2.474E-02
 -6.9975000E+02  1.301E-04 -4.897E-01  9.934E-03
 -6.9925000E+02  4.161E-02 -5.472E-01 -9.279E-02
 -6.9875000E+02  1.787E-02 -6.889E-01  2.060E-03
 -6.9825000E+02  3.469E-02 -6.182E-01 -6.350E-02
 -6.9775000E+02  3.236E-02 -7.210E-01 -3.382E-02
 -6.9725000E+02 -1.001E-02 -5.558E-01  1.036E-01
 -6.9675000E+02  1.361E-02 -5.921E-01  1.395E-02
 -6.9625000E+02  7.146E-03 -5.420E-01  2.000E-02
 -6.9575000E+02  1.082E-02 -4.454E-01 -5.498E-03
 -6.9525000E+02  3.724E-02 -6.262E-01 -3.653E-02
 -6.9475000E+02  1.300E-02 -5.293E-01 -5.212E-03
 -6.9425000E+02  2.311E-02 -6.157E-01 -2.455E-02
 -6.9375000E+02  1.767E-02 -5.422E-01 -1.001E-02
 -6.9325000E+02  3.165E-02 -5.270E-01 -4.936E-02
 -6.9275000E+02 -6.268E-03 -6.094E-01  7.828E-02
 -6.9225000E+02  1.613E-02 -6.430E-01  3.237E-03
 -6.9175000E+02  4.116E-02 -5.350E-01 -8.322E-02
 -6.9125000E+02 -9.846E-03 -4.417E-01  8.081E-02
 -6.9075000E+02  3.580E-02 -6.370E-01 -5.629E-02
 -6.9025000E+02  1.869E-03 -5.610E-01  4.589E-02
 -6.8975000E+02  2.913E-02 -5.365E-01 -5.624E-02
 -6.8925000E+02  2.327E-02 -5.645E-01 -3.533E-02
 -6.8875000E+02  1.495E-03 -5.872E-01  5.686E-02
 -6.8825000E+02  2.830E-02 -5.530E-01 -4.420E-02
 -6.8775000E+02  4.155E-02 -4.447E-01 -1.063E-01
 -6.8725000E+02 -5.669E-03 -5.557E-01  7.694E-02
 -6.8675000E+02  9.245E-03 -6.183E-01  2.779E-02
 -6.8625000E+02  2.630E-02 -5.972E-01 -2.777E-02
 -6.8575000E+02  4.367E-02 -4.573E-01 -9.756E-02
 -6.8525000E+02  2.438E-02 -5.199E-01 -5.554E-02
 -6.8475000E+02  4.594E-02 -5.240E-01 -1.280E-01
 -6.8425000E+02  2.346E-02 -5.205E-01 -3.424E-02
 -6.8375000E+02 -6.371E-03 -5.418E-01  5.968E-02
 -6.8325000E+02  1.004E-03 -4.910E-01  4.059E-02
 -6.8275000E+02  1.031E-02 -5.506E-01  9.667E-03
 -6.8225000E+02 -1.398E-02 -5.139E-01  8.168E-02
 -6.8175000E+02  2.395E-02 -5.740E-01 -2.434E-02
 -6.8125000E+02 -1.476E-02 -4.884E-01  9.591E-02
 -6.8075000E+02  2.114E-02 -5.455E-01 -3.134E-02
 -6.8025000E+02  6.616E-03 -4.584E-01  2.197E-02
 -6.7975000E+02  1.584E-02 -5.228E-01  2.987E-02
 -6.7925000E+02  2.112E-02 -4.772E-01 -2.321E-02
 -6.7875000E+02  1.887E-02 -5.192E-01 -1.935E-02
 -6.7825000E+02  4.093E-03 -4.257E-01 -9.382E-03
 -6.7775000E+02  3.733E-02 -4.603E-01 -7.358E-02
 -6.7725000E+02  1.435E-02 -5.953E-01  1.076E-02
 -6.7675000E+02 -3.618E-03 -5.767E-01  6.458E-02
 -6.7625000E+02 -1.397E-02 -5.035E-01  7.883E-02
 -6.7575000E+02  6.476E-03 -4.664E-01  1.806E-02
 -6.7525000E+02  3.662E-02 -4.609E-01 -7.946E-02
 -6.7475000E+02  9.804E-03 -4.909E-01  2.833E-03
 -6.7425000E+02 -1.508E-03 -5.569E-01  5.623E-02
 -6.7375000E+02 -5.201E-03 -4.202E-01  5.496E-02
 -6.7325000E+02  3.016E-02 -4.413E-01 -3.925E-02
 -6.7275000E+02  3.428E-02 -5.379E-01 -5.870E-02
 -6.7225000E+02  1.260E-02 -3.844E-01 -6.518E-03
 -6.7175000E+02  1.105E-02 -5.212E-01  1.622E-03
 -6.7125000E+02 -2.760E-02 -5.015E-01  1.346E-01
 -6.7075000E+02  1.675E-02 -5.427E-01 -3.195E-02
 -6.7025000E+02  3.448E-02 -3.665E-01 -1.276E-01
 -6.6975000E+02  4.200E-03 -3.898E-01  3.197E-02
 -6.6925000E+02  7.655E-03 -5.040E-01  2.047E-02
 -6.6875000E+02  1.926E-02 -4.924E-01 -3.762E-02
 -6.6825000E+02 -3.308E-03 -5.278E-01  4.345E-02
 -6.6775000E+02  1.013E-02 -5.563E-01  1.054E-02
 -6.6725000E+02  2.560E-02 -4.776E-01 -5.759E-02
 -6.6675000E+02  8.984E-03 -4.424E-01  1.666E-02
 -6.6625000E+02  1.068E-04 -3.815E-01  3.279E-02
 -6.6575000E+02  1.808E-02 -4.874E-01 -2.782E-02
 -6.6525000E+02  2.884E-02 -4.445E-01 -6.586E-02
 -6.6475000E+02  2.519E-02 -4.961E-01 -3.010E-02
 -6.6425000E+02 -1.489E-03 -3.985E-01  4.307E-02
 -6.6375000E+02  2.630E-02 -4.165E-01 -5.352E-02
 -6.6325000E+02  2.425E-02 -4.793E-01 -2.529E-02
 -6.6275000E+02  2.158E-03 -5.201E-01  9.549E-02
 -6.6225000E+02  1.824E-02 -5.113E-01 -3.960E-02
 -6.6175000E+02 -4.508E-03 -3.459E-01  2.930E-02
 -6.6125000E+02 -5.707E-04 -4.484E-01  4.507E-02
 -6.6075000E+02  1.592E-03 -4.086E-01  5.225E-02
 -6.6025000E+02  1.314E-02 -4.854E-01  5.747E-03
 -6.5975000E+02  4.293E-02 -5.123E-01 -9.440E-02
 -6.5925000E+02  3.517E-02 -4.295E-01 -9.269E-02
 -6.5875000E+02  4.252E-02 -4.205E-01 -1.159E-01
 -6.5825000E+02  1.282E-03 -3.682E-01  3.816E-02
 -6.5775000E+02  5.366E-03 -4.218E-01  2.745E-02
 -6.5725000E+02  2.327E-02 -3.850E-01 -3.659E-02
 -6.5675000E+02  7.949E-03 -4.153E-01  1.762E-02
 -6.5625000E+02  3.749E-02 -4.379E-01 -9.550E-02
 -6.5575000E+02 -2.473E-03 -4.570E-01  5.470E-02
 -6.5525000E+02  9.814E-03 -4.423E-01  2.081E-02
 -6.5475000E+02  1.341E-02 -4.517E-01  1.602E-03
 -6.5425000E+02  2.431E-02 -3.337E-01 -7.086E-02
 -6.5375000E+02  3.898E-02 -4.344E-01 -1.038E-01
 -6.5325000E+02  1.382E-03 -5.131E-01  3.752E-02
 -6.5275000E+02  7.242E-03 -3.762E-01  2.262E-02
 -6.5225000E+02 -2.656E-02 -4.065E-01  1.426E-01
 -6.5175000E+02 -1.178E-03 -4.508E-01  4.684E-02
 -6.5125000E+02  9.307E-03 -5.148E-01  3.847E-02
 -6.5075000E+02  1.544E-02 -4.660E-01 -1.593E-02
 -6.5025000E+02  1.398E-02 -3.930E-01 -1.491E-02
 -6.4975000E+02  4.119E-02 -4.346E-01 -9.727E-02
 -6.4925000E+02  1.207E-02 -3.610E-01 -8.691E-03
 -6.4875000E+02  4.170E-03 -3.476E-01  4.130E-02
 -6.4825000E+02 -2.452E-04 -4.294E-01  4.331E-02
 -6.4775000E+02  1.008E-02 -3.090E-01 -1.237E-02
 -6.4725000E+02  4.378E-02 -4.972E-01 -1.107E-01
 -6.4675000E+02 -3.182E-05 -3.999E-01  5.165E-02
 -6.4625000E+02  1.534E-02 -4.167E-01 -5.411E-03
 -6.4575000E+02  1.369E-02 -4.092E-01  3.226E-03
 -6.4525000E+02  1.690E-02 -3.401E-01 -2.800E-02
 -6.4475000E+02  1.365E-02 -4.231E-01  7.239E-03
 -6.4425000E+02  3.990E-02 -4.208E-01 -1.045E-01
 -6.4375000E+02  2.157E-02 -3.948E-01 -3.694E-02
 -6.4325000E+02 -1.131E-02 -3.576E-01  6.434E-02
 -6.4275000E+02  1.984E-02 -5.198E-01 -2.276E-02
 -6.4225000E+02  1.673E-02 -4.476E-01 -1.707E-02
 -6.4175000E+02  1.036E-02 -4.222E-01  1.344E-02
 -6.4125000E+02 -1.475E-03 -3.756E-01  3.869E-02
 -6.4075000E+02  3.898E-03 -3.204E-01 -2.876E-03
 -6.4025000E+02  1.223E-02 -3.030E-01 -1.802E-02
 -6.3975000E+02  1.681E-02 -2.905E-01 -2.573E-02
 -6.3925000E+02  1.615E-02 -4.434E-01 -6.084E-03
 -6.3875000E+02  2.982E-03 -5.135E-01  3.455E-02
 -6.3825000E+02 -1.084E-02 -3.656E-01  4.959E-02
 -6.3775000E+02  1.301E-02 -4.344E-01 -1.616E-02
 -6.3725000E+02  2.035E-03 -4.938E-01  3.364E-02
 -6.3675000E+02 -9.710E-03 -4.122E-01  9.638E-02
 -6.3625000E+02 -6.657E-03 -3.435E-01  7.033E-02
 -6.3575000E+02 -4.084E-03 -4.594E-01  5.877E-02
 -6.3525000E+02  1.642E-02 -3.707E-01 -3.514E-02
 -6.3475000E+02  3.422E-02 -3.143E-01 -1.049E-01
 -6.3425000E+02  4.697E-03 -3.763E-01 -5.902E-03
 -6.3375000E+02  2.338E-03 -3.429E-01  1.272E-02
 -6.3325000E+02  5.644E-03 -4.116E-01  1.463E-02
 -6.3275000E+02  1.377E-02 -3.088E-01 -1.829E-02
 -6.3225000E+02  7.789E-03 -3.556E-01  1.412E-02
 -6.3175000E+02 -1.536E-02 -4.149E-01  9.047E-02
 -6.3125000E+02  7.565E-03 -3.101E-01  2.496E-04
 -6.3075000E+02  1.076E-02 -3.968E-01  4.458E-03
 -6.3025000E+02  4.051E-03 -4.166E-01  2.980E-02
