 -6.7597500E+03 -0.000E+00 -0.000E+00  0.000E+00
 -6.7592500E+03 -0.000E+00 -0.000E+00  0.000E+00
 -6.7587500E+03 -0.000E+00 -0.000E+00  0.000E+00
 -6.7582500E+03 -0.000E+00 -0.000E+00  0.000E+00
 -6.7577500E+03 -0.000E+00 -0.000E+00  0.000E+00
 -6.7572500E+03 -0.000E+00 -0.000E+00  0.000E+00
 -6.7567500E+03 -0.000E+00 -0.000E+00  0.000E+00
 -6.7562500E+03 -0.000E+00 -0.000E+00  0.000E+00
 -6.7557500E+03 -0.000E+00 -0.000E+00  0.000E+00
 -6.7552500E+03 -0.000E+00 -0.000E+00  0.000E+00
 -6.7547500E+03 -0.000E+00 -0.000E+00  0.000E+00
 -6.7542500E+03 -0.000E+00 -0.000E+00  0.000E+00
 -6.7537500E+03 -0.000E+00 -0.000E+00  0.000E+00
 -6.7532500E+03 -0.000E+00 -0.000E+00  0.000E+00
 -6.7527500E+03 -0.000E+00 -0.000E+00  0.000E+00
 -6.7522500E+03 -0.000E+00 -0.000E+00  0.000E+00
 -6.7517500E+03 -0.000E+00 -0.000E+00  0.000E+00
 -6.7512500E+03 -0.000E+00 -0.000E+00  0.000E+00
 -6.7507500E+03 -0.000E+00 -0.000E+00  0.000E+00
 -6.7502500E+03 -0.000E+00 -0.000E+00  0.000E+00
 -6.7497500E+03 -0.000E+00 -0.000E+00  0.000E+00
 -6.7492500E+03 -0.000E+00 -0.000E+00  0.000E+00
 -6.7487500E+03 -0.000E+00 -0.000E+00  0.000E+00
 -6.7482500E+03 -0.000E+00 -0.000E+00  0.000E+00
 -6.7477500E+03 -0.000E+00 -0.000E+00  0.000E+00
 -6.7472500E+03 -0.000E+00 -0.000E+00  0.000E+00
 -6.7467500E+03 -0.000E+00 -0.000E+00  0.000E+00
 -6.7462500E+03 -0.000E+00 -0.000E+00  0.000E+00
 -6.7457500E+03 -0.000E+00 -0.000E+00  0.000E+00
 -6.7452500E+03 -0.000E+00 -0.000E+00  0.000E+00
 -6.7447500E+03 -0.000E+00 -0.000E+00  0.000E+00
 -6.7442500E+03 -0.000E+00 -0.000E+00  0.000E+00
 -6.7437500E+03 -0.000E+00 -0.000E+00  0.000E+00
 -6.7432500E+03 -0.000E+00 -0.000E+00  0.000E+00
 -6.7427500E+03 -0.000E+00 -0.000E+00  0.000E+00
 -6.7422500E+03 -0.000E+00 -0.000E+00  0.000E+00
 -6.7417500E+03 -0.000E+00 -0.000E+00  0.000E+00
 -6.7412500E+03 -0.000E+00 -0.000E+00  0.000E+00
 -6.7407500E+03 -0.000E+00 -0.000E+00  0.000E+00
 -6.7402500E+03 -0.000E+00 -0.000E+00  0.000E+00
 -6.7397500E+03 -0.000E+00 -0.000E+00  0.000E+00
 -6.7392500E+03 -0.000E+00 -0.000E+00  0.000E+00
 -6.7387500E+03 -0.000E+00 -0.000E+00  0.000E+00
 -6.7382500E+03 -0.000E+00 -0.000E+00  0.000E+00
 -6.7377500E+03 -0.000E+00 -0.000E+00  0.000E+00
 -6.7372500E+03 -0.000E+00 -0.000E+00  0.000E+00
 -6.7367500E+03 -0.000E+00 -0.000E+00  0.000E+00
 -6.7362500E+03 -0.000E+00 -0.000E+00  0.000E+00
 -6.7357500E+03 -0.000E+00 -0.000E+00  0.000E+00
 -6.7352500E+03 -0.000E+00 -0.000E+00  0.000E+00
 -6.7347500E+03 -0.000E+00 -0.000E+00  0.000E+00
 -6.7342500E+03 -0.000E+00 -0.000E+00  0.000E+00
 -6.7337500E+03 -0.000E+00 -0.000E+00  0.000E+00
 -6.7332500E+03 -0.000E+00 -0.000E+00  0.000E+00
 -6.7327500E+03 -0.000E+00 -0.000E+00  0.000E+00
 -6.7322500E+03 -0.000E+00 -0.000E+00  0.000E+00
 -6.7317500E+03 -0.000E+00 -0.000E+00  0.000E+00
 -6.7312500E+03 -0.000E+00 -0.000E+00  0.000E+00
 -6.7307500E+03 -0.000E+00 -0.000E+00  0.000E+00
 -6.7302500E+03 -0.000E+00 -0.000E+00  0.000E+00
 -6.7297500E+03 -0.000E+00 -0.000E+00  0.000E+00
 -6.7292500E+03 -0.000E+00 -0.000E+00  0.000E+00
 -6.7287500E+03 -0.000E+00 -0.000E+00  0.000E+00
 -6.7282500E+03 -0.000E+00 -0.000E+00  0.000E+00
 -6.7277500E+03 -0.000E+00 -0.000E+00  0.000E+00
 -6.7272500E+03 -0.000E+00 -0.000E+00  0.000E+00
 -6.7267500E+03 -0.000E+00 -0.000E+00  0.000E+00
 -6.7262500E+03 -0.000E+00 -0.000E+00  0.000E+00
 -6.7257500E+03 -0.000E+00 -0.000E+00  0.000E+00
 -6.7252500E+03 -0.000E+00 -0.000E+00  0.000E+00
 -6.7247500E+03 -0.000E+00 -0.000E+00  0.000E+00
 -6.7242500E+03 -0.000E+00 -0.000E+00  0.000E+00
 -6.7237500E+03 -0.000E+00 -0.000E+00  0.000E+00
 -6.7232500E+03 -0.000E+00 -0.000E+00  0.000E+00
 -6.7227500E+03 -0.000E+00 -0.000E+00  0.000E+00
 -6.7222500E+03 -0.000E+00 -0.000E+00  0.000E+00
 -6.7217500E+03 -0.000E+00 -0.000E+00  0.000E+00
 -6.7212500E+03 -0.000E+00 -0.000E+00  0.000E+00
 -6.7207500E+03 -0.000E+00 -0.000E+00  0.000E+00
 -6.7202500E+03 -0.000E+00 -0.000E+00  0.000E+00
 -6.7197500E+03 -0.000E+00 -0.000E+00  0.000E+00
 -6.7192500E+03 -0.000E+00 -0.000E+00  0.000E+00
 -6.7187500E+03 -0.000E+00 -0.000E+00  0.000E+00
 -6.7182500E+03 -0.000E+00 -0.000E+00  0.000E+00
 -6.7177500E+03 -0.000E+00 -0.000E+00  0.000E+00
 -6.7172500E+03 -0.000E+00 -0.000E+00  0.000E+00
 -6.7167500E+03 -0.000E+00 -0.000E+00  0.000E+00
 -6.7162500E+03 -0.000E+00 -0.000E+00  0.000E+00
 -6.7157500E+03 -0.000E+00 -0.000E+00  0.000E+00
 -6.7152500E+03 -0.000E+00 -0.000E+00  0.000E+00
 -6.7147500E+03 -0.000E+00 -0.000E+00  0.000E+00
 -6.7142500E+03 -0.000E+00 -0.000E+00  0.000E+00
 -6.7137500E+03 -0.000E+00 -0.000E+00  0.000E+00
 -6.7132500E+03 -0.000E+00 -0.000E+00  0.000E+00
 -6.7127500E+03 -0.000E+00 -0.000E+00  0.000E+00
 -6.7122500E+03 -0.000E+00 -0.000E+00  0.000E+00
 -6.7117500E+03 -0.000E+00 -0.000E+00  0.000E+00
 -6.7112500E+03 -0.000E+00 -0.000E+00  0.000E+00
 -6.7107500E+03 -0.000E+00 -0.000E+00  0.000E+00
 -6.7102500E+03 -0.000E+00 -0.000E+00  0.000E+00
 -6.7097500E+03 -0.000E+00 -0.000E+00  0.000E+00
 -6.7092500E+03 -0.000E+00 -0.000E+00  0.000E+00
 -6.7087500E+03 -0.000E+00 -0.000E+00  0.000E+00
 -6.7082500E+03 -0.000E+00 -0.000E+00  0.000E+00
 -6.7077500E+03 -0.000E+00 -0.000E+00  0.000E+00
 -6.7072500E+03 -0.000E+00 -0.000E+00  0.000E+00
 -6.7067500E+03 -0.000E+00 -0.000E+00  0.000E+00
 -6.7062500E+03 -0.000E+00 -0.000E+00  0.000E+00
 -6.7057500E+03 -0.000E+00 -0.000E+00  0.000E+00
 -6.7052500E+03 -0.000E+00 -0.000E+00  0.000E+00
 -6.7047500E+03 -0.000E+00 -0.000E+00  0.000E+00
 -6.7042500E+03 -0.000E+00 -0.000E+00  0.000E+00
 -6.7037500E+03 -0.000E+00 -0.000E+00  0.000E+00
 -6.7032500E+03 -0.000E+00 -0.000E+00  0.000E+00
 -6.7027500E+03 -0.000E+00 -0.000E+00  0.000E+00
 -6.7022500E+03 -0.000E+00 -0.000E+00  0.000E+00
 -6.7017500E+03 -0.000E+00 -0.000E+00  0.000E+00
 -6.7012500E+03 -0.000E+00 -0.000E+00  0.000E+00
 -6.7007500E+03 -0.000E+00 -0.000E+00  0.000E+00
 -6.7002500E+03 -0.000E+00 -0.000E+00  0.000E+00
 -6.6997500E+03 -0.000E+00 -0.000E+00  0.000E+00
 -6.6992500E+03 -0.000E+00 -0.000E+00  0.000E+00
 -6.6987500E+03 -0.000E+00 -0.000E+00  0.000E+00
 -6.6982500E+03 -0.000E+00 -0.000E+00  0.000E+00
 -6.6977500E+03 -0.000E+00 -0.000E+00  0.000E+00
 -6.6972500E+03 -0.000E+00 -0.000E+00  0.000E+00
 -6.6967500E+03 -0.000E+00 -0.000E+00  0.000E+00
 -6.6962500E+03 -0.000E+00 -0.000E+00  0.000E+00
 -6.6957500E+03 -0.000E+00 -0.000E+00  0.000E+00
 -6.6952500E+03 -0.000E+00 -0.000E+00  0.000E+00
 -6.6947500E+03 -0.000E+00 -0.000E+00  0.000E+00
 -6.6942500E+03 -0.000E+00 -0.000E+00  0.000E+00
 -6.6937500E+03 -0.000E+00 -0.000E+00  0.000E+00
 -6.6932500E+03 -0.000E+00 -0.000E+00  0.000E+00
 -6.6927500E+03 -0.000E+00 -0.000E+00  0.000E+00
 -6.6922500E+03 -0.000E+00 -0.000E+00  0.000E+00
 -6.6917500E+03 -0.000E+00 -0.000E+00  0.000E+00
 -6.6912500E+03 -0.000E+00 -0.000E+00  0.000E+00
 -6.6907500E+03 -0.000E+00 -0.000E+00  0.000E+00
 -6.6902500E+03 -0.000E+00 -0.000E+00  0.000E+00
 -6.6897500E+03 -0.000E+00 -0.000E+00  0.000E+00
 -6.6892500E+03 -0.000E+00 -0.000E+00  0.000E+00
 -6.6887500E+03 -0.000E+00 -0.000E+00  0.000E+00
 -6.6882500E+03 -0.000E+00 -0.000E+00  0.000E+00
 -6.6877500E+03 -0.000E+00 -0.000E+00  0.000E+00
 -6.6872500E+03 -0.000E+00 -0.000E+00  0.000E+00
 -6.6867500E+03 -0.000E+00 -0.000E+00  0.000E+00
 -6.6862500E+03 -0.000E+00 -0.000E+00  0.000E+00
 -6.6857500E+03 -0.000E+00 -0.000E+00  0.000E+00
 -6.6852500E+03 -0.000E+00 -0.000E+00  0.000E+00
 -6.6847500E+03 -0.000E+00 -0.000E+00  0.000E+00
 -6.6842500E+03 -0.000E+00 -0.000E+00  0.000E+00
 -6.6837500E+03 -0.000E+00 -0.000E+00  0.000E+00
 -6.6832500E+03 -0.000E+00 -0.000E+00  0.000E+00
 -6.6827500E+03 -0.000E+00 -0.000E+00  0.000E+00
 -6.6822500E+03 -0.000E+00 -0.000E+00  0.000E+00
 -6.6817500E+03 -0.000E+00 -0.000E+00  0.000E+00
 -6.6812500E+03 -0.000E+00 -0.000E+00  0.000E+00
 -6.6807500E+03 -0.000E+00 -0.000E+00  0.000E+00
 -6.6802500E+03 -0.000E+00 -0.000E+00  0.000E+00
 -6.6797500E+03 -0.000E+00 -0.000E+00  0.000E+00
 -6.6792500E+03 -0.000E+00 -0.000E+00  0.000E+00
 -6.6787500E+03 -0.000E+00 -0.000E+00  0.000E+00
 -6.6782500E+03 -0.000E+00 -0.000E+00  0.000E+00
 -6.6777500E+03 -0.000E+00 -0.000E+00  0.000E+00
 -6.6772500E+03 -0.000E+00 -0.000E+00  0.000E+00
 -6.6767500E+03 -0.000E+00 -0.000E+00  0.000E+00
 -6.6762500E+03 -0.000E+00 -0.000E+00  0.000E+00
 -6.6757500E+03 -0.000E+00 -0.000E+00  0.000E+00
 -6.6752500E+03 -0.000E+00 -0.000E+00  0.000E+00
 -6.6747500E+03 -0.000E+00 -0.000E+00  0.000E+00
 -6.6742500E+03 -0.000E+00 -0.000E+00  0.000E+00
 -6.6737500E+03 -0.000E+00 -0.000E+00  0.000E+00
 -6.6732500E+03 -0.000E+00 -0.000E+00  0.000E+00
 -6.6727500E+03 -0.000E+00 -0.000E+00  0.000E+00
 -6.6722500E+03 -0.000E+00 -0.000E+00  0.000E+00
 -6.6717500E+03 -0.000E+00 -0.000E+00  0.000E+00
 -6.6712500E+03 -0.000E+00 -0.000E+00  0.000E+00
 -6.6707500E+03 -0.000E+00 -0.000E+00  0.000E+00
 -6.6702500E+03 -0.000E+00 -0.000E+00  0.000E+00
 -6.6697500E+03 -0.000E+00 -0.000E+00  0.000E+00
 -6.6692500E+03 -0.000E+00 -0.000E+00  0.000E+00
 -6.6687500E+03 -0.000E+00 -0.000E+00  0.000E+00
 -6.6682500E+03 -0.000E+00 -0.000E+00  0.000E+00
 -6.6677500E+03 -0.000E+00 -0.000E+00  0.000E+00
 -6.6672500E+03 -0.000E+00 -0.000E+00  0.000E+00
 -6.6667500E+03 -0.000E+00 -0.000E+00  0.000E+00
 -6.6662500E+03 -0.000E+00 -0.000E+00  0.000E+00
 -6.6657500E+03 -0.000E+00 -0.000E+00  0.000E+00
 -6.6652500E+03 -0.000E+00 -0.000E+00  0.000E+00
 -6.6647500E+03 -0.000E+00 -0.000E+00  0.000E+00
 -6.6642500E+03 -0.000E+00 -0.000E+00  0.000E+00
 -6.6637500E+03 -0.000E+00 -0.000E+00  0.000E+00
 -6.6632500E+03 -0.000E+00 -0.000E+00  0.000E+00
 -6.6627500E+03 -0.000E+00 -0.000E+00  0.000E+00
 -6.6622500E+03 -0.000E+00 -0.000E+00  0.000E+00
 -6.6617500E+03 -0.000E+00 -0.000E+00  0.000E+00
 -6.6612500E+03 -0.000E+00 -0.000E+00  0.000E+00
 -6.6607500E+03 -0.000E+00 -0.000E+00  0.000E+00
 -6.6602500E+03 -0.000E+00 -0.000E+00  0.000E+00
 -6.6597500E+03 -0.000E+00 -0.000E+00  0.000E+00
 -6.6592500E+03 -0.000E+00 -0.000E+00  0.000E+00
 -6.6587500E+03 -0.000E+00 -0.000E+00  0.000E+00
 -6.6582500E+03 -0.000E+00 -0.000E+00  0.000E+00
 -6.6577500E+03 -0.000E+00 -0.000E+00  0.000E+00
 -6.6572500E+03 -0.000E+00 -0.000E+00  0.000E+00
 -6.6567500E+03 -0.000E+00 -0.000E+00  0.000E+00
 -6.6562500E+03 -0.000E+00 -0.000E+00  0.000E+00
 -6.6557500E+03 -0.000E+00 -0.000E+00  0.000E+00
 -6.6552500E+03 -0.000E+00 -0.000E+00  0.000E+00
 -6.6547500E+03 -0.000E+00 -0.000E+00  0.000E+00
 -6.6542500E+03 -0.000E+00 -0.000E+00  0.000E+00
 -6.6537500E+03 -0.000E+00 -0.000E+00  0.000E+00
 -6.6532500E+03 -0.000E+00 -0.000E+00  0.000E+00
 -6.6527500E+03 -0.000E+00 -0.000E+00  0.000E+00
 -6.6522500E+03 -0.000E+00 -0.000E+00  0.000E+00
 -6.6517500E+03 -0.000E+00 -0.000E+00  0.000E+00
 -6.6512500E+03 -0.000E+00 -0.000E+00  0.000E+00
 -6.6507500E+03 -0.000E+00 -0.000E+00  0.000E+00
 -6.6502500E+03 -0.000E+00 -0.000E+00  0.000E+00
 -6.6497500E+03 -0.000E+00 -0.000E+00  0.000E+00
 -6.6492500E+03 -0.000E+00 -0.000E+00  0.000E+00
 -6.6487500E+03 -0.000E+00 -0.000E+00  0.000E+00
 -6.6482500E+03 -0.000E+00 -0.000E+00  0.000E+00
 -6.6477500E+03 -0.000E+00 -0.000E+00  0.000E+00
 -6.6472500E+03 -0.000E+00 -0.000E+00  0.000E+00
 -6.6467500E+03 -0.000E+00 -0.000E+00  0.000E+00
 -6.6462500E+03 -0.000E+00 -0.000E+00  0.000E+00
 -6.6457500E+03 -0.000E+00 -0.000E+00  0.000E+00
 -6.6452500E+03 -0.000E+00 -0.000E+00  0.000E+00
 -6.6447500E+03 -0.000E+00 -0.000E+00  0.000E+00
 -6.6442500E+03 -0.000E+00 -0.000E+00  0.000E+00
 -6.6437500E+03 -0.000E+00 -0.000E+00  0.000E+00
 -6.6432500E+03 -0.000E+00 -0.000E+00  0.000E+00
 -6.6427500E+03 -0.000E+00 -0.000E+00  0.000E+00
 -6.6422500E+03 -0.000E+00 -0.000E+00  0.000E+00
 -6.6417500E+03 -0.000E+00 -0.000E+00  0.000E+00
 -6.6412500E+03 -0.000E+00 -0.000E+00  0.000E+00
 -6.6407500E+03 -0.000E+00 -0.000E+00  0.000E+00
 -6.6402500E+03 -0.000E+00 -0.000E+00  0.000E+00
 -6.6397500E+03 -0.000E+00 -0.000E+00  0.000E+00
 -6.6392500E+03 -0.000E+00 -0.000E+00  0.000E+00
 -6.6387500E+03 -0.000E+00 -0.000E+00  0.000E+00
 -6.6382500E+03 -0.000E+00 -0.000E+00  0.000E+00
 -6.6377500E+03 -0.000E+00 -0.000E+00  0.000E+00
 -6.6372500E+03 -0.000E+00 -0.000E+00  0.000E+00
 -6.6367500E+03 -0.000E+00 -0.000E+00  0.000E+00
 -6.6362500E+03 -0.000E+00 -0.000E+00  0.000E+00
 -6.6357500E+03 -0.000E+00 -0.000E+00  0.000E+00
 -6.6352500E+03 -0.000E+00 -0.000E+00  0.000E+00
 -6.6347500E+03 -0.000E+00 -0.000E+00  0.000E+00
 -6.6342500E+03 -0.000E+00 -0.000E+00  0.000E+00
 -6.6337500E+03 -0.000E+00 -0.000E+00  0.000E+00
 -6.6332500E+03 -0.000E+00 -0.000E+00  0.000E+00
 -6.6327500E+03 -0.000E+00 -0.000E+00  0.000E+00
 -6.6322500E+03 -0.000E+00 -0.000E+00  0.000E+00
 -6.6317500E+03 -0.000E+00 -0.000E+00  0.000E+00
 -6.6312500E+03 -0.000E+00 -0.000E+00  0.000E+00
 -6.6307500E+03 -0.000E+00 -0.000E+00  0.000E+00
 -6.6302500E+03 -0.000E+00 -0.000E+00  0.000E+00
 -6.6297500E+03 -0.000E+00 -0.000E+00  0.000E+00
 -6.6292500E+03 -0.000E+00 -0.000E+00  0.000E+00
 -6.6287500E+03 -0.000E+00 -0.000E+00  0.000E+00
 -6.6282500E+03 -0.000E+00 -0.000E+00  0.000E+00
 -6.6277500E+03 -0.000E+00 -0.000E+00  0.000E+00
 -6.6272500E+03 -0.000E+00 -0.000E+00  0.000E+00
 -6.6267500E+03 -0.000E+00 -0.000E+00  0.000E+00
 -6.6262500E+03 -0.000E+00 -0.000E+00  0.000E+00
 -6.6257500E+03 -0.000E+00 -0.000E+00  0.000E+00
 -6.6252500E+03 -0.000E+00 -0.000E+00  0.000E+00
 -6.6247500E+03 -0.000E+00 -0.000E+00  0.000E+00
 -6.6242500E+03 -0.000E+00 -0.000E+00  0.000E+00
 -6.6237500E+03 -0.000E+00 -0.000E+00  0.000E+00
 -6.6232500E+03 -0.000E+00 -0.000E+00  0.000E+00
 -6.6227500E+03 -0.000E+00 -0.000E+00  0.000E+00
 -6.6222500E+03 -0.000E+00 -0.000E+00  0.000E+00
 -6.6217500E+03 -0.000E+00 -0.000E+00  0.000E+00
 -6.6212500E+03 -0.000E+00 -0.000E+00  0.000E+00
 -6.6207500E+03 -0.000E+00 -0.000E+00  0.000E+00
 -6.6202500E+03 -0.000E+00 -0.000E+00  0.000E+00
 -6.6197500E+03 -0.000E+00 -0.000E+00  0.000E+00
 -6.6192500E+03 -0.000E+00 -0.000E+00  0.000E+00
 -6.6187500E+03 -0.000E+00 -0.000E+00  0.000E+00
 -6.6182500E+03 -0.000E+00 -0.000E+00  0.000E+00
 -6.6177500E+03 -0.000E+00 -0.000E+00  0.000E+00
 -6.6172500E+03 -0.000E+00 -0.000E+00  0.000E+00
 -6.6167500E+03 -0.000E+00 -0.000E+00  0.000E+00
 -6.6162500E+03 -0.000E+00 -0.000E+00  0.000E+00
 -6.6157500E+03 -0.000E+00 -0.000E+00  0.000E+00
 -6.6152500E+03 -0.000E+00 -0.000E+00  0.000E+00
 -6.6147500E+03 -0.000E+00 -0.000E+00  0.000E+00
 -6.6142500E+03 -0.000E+00 -0.000E+00  0.000E+00
 -6.6137500E+03 -0.000E+00 -0.000E+00  0.000E+00
 -6.6132500E+03 -0.000E+00 -0.000E+00  0.000E+00
 -6.6127500E+03 -0.000E+00 -0.000E+00  0.000E+00
 -6.6122500E+03 -0.000E+00 -0.000E+00  0.000E+00
 -6.6117500E+03 -0.000E+00 -0.000E+00  0.000E+00
 -6.6112500E+03 -0.000E+00 -0.000E+00  0.000E+00
 -6.6107500E+03 -0.000E+00 -0.000E+00  0.000E+00
 -6.6102500E+03 -0.000E+00 -0.000E+00  0.000E+00
 -6.6097500E+03 -0.000E+00 -0.000E+00  0.000E+00
 -6.6092500E+03 -0.000E+00 -0.000E+00  0.000E+00
 -6.6087500E+03 -0.000E+00 -0.000E+00  0.000E+00
 -6.6082500E+03 -0.000E+00 -0.000E+00  0.000E+00
 -6.6077500E+03 -0.000E+00 -0.000E+00  0.000E+00
 -6.6072500E+03 -0.000E+00 -0.000E+00  0.000E+00
 -6.6067500E+03 -0.000E+00 -0.000E+00  0.000E+00
 -6.6062500E+03 -0.000E+00 -0.000E+00  0.000E+00
 -6.6057500E+03 -0.000E+00 -0.000E+00  0.000E+00
 -6.6052500E+03 -0.000E+00 -0.000E+00  0.000E+00
 -6.6047500E+03 -0.000E+00 -0.000E+00  0.000E+00
 -6.6042500E+03 -0.000E+00 -0.000E+00  0.000E+00
 -6.6037500E+03 -0.000E+00 -0.000E+00  0.000E+00
 -6.6032500E+03 -0.000E+00 -0.000E+00  0.000E+00
 -6.6027500E+03 -0.000E+00 -0.000E+00  0.000E+00
 -6.6022500E+03 -0.000E+00 -0.000E+00  0.000E+00
 -6.6017500E+03 -0.000E+00 -0.000E+00  0.000E+00
 -6.6012500E+03 -0.000E+00 -0.000E+00  0.000E+00
 -6.6007500E+03 -0.000E+00 -0.000E+00  0.000E+00
 -6.6002500E+03 -0.000E+00 -0.000E+00  0.000E+00
 -6.5997500E+03 -0.000E+00 -0.000E+00  0.000E+00
 -6.5992500E+03 -0.000E+00 -0.000E+00  0.000E+00
 -6.5987500E+03 -0.000E+00 -0.000E+00  0.000E+00
 -6.5982500E+03 -0.000E+00 -0.000E+00  0.000E+00
 -6.5977500E+03 -0.000E+00 -0.000E+00  0.000E+00
 -6.5972500E+03 -0.000E+00 -0.000E+00  0.000E+00
 -6.5967500E+03 -0.000E+00 -0.000E+00  0.000E+00
 -6.5962500E+03 -0.000E+00 -0.000E+00  0.000E+00
 -6.5957500E+03 -0.000E+00 -0.000E+00  0.000E+00
 -6.5952500E+03 -0.000E+00 -0.000E+00  0.000E+00
 -6.5947500E+03 -0.000E+00 -0.000E+00  0.000E+00
 -6.5942500E+03 -0.000E+00 -0.000E+00  0.000E+00
 -6.5937500E+03 -0.000E+00 -0.000E+00  0.000E+00
 -6.5932500E+03 -0.000E+00 -0.000E+00  0.000E+00
 -6.5927500E+03 -0.000E+00 -0.000E+00  0.000E+00
 -6.5922500E+03 -0.000E+00 -0.000E+00  0.000E+00
 -6.5917500E+03 -0.000E+00 -0.000E+00  0.000E+00
 -6.5912500E+03 -0.000E+00 -0.000E+00  0.000E+00
 -6.5907500E+03 -0.000E+00 -0.000E+00  0.000E+00
 -6.5902500E+03 -0.000E+00 -0.000E+00  0.000E+00
 -6.5897500E+03 -0.000E+00 -0.000E+00  0.000E+00
 -6.5892500E+03 -0.000E+00 -0.000E+00  0.000E+00
 -6.5887500E+03 -0.000E+00 -0.000E+00  0.000E+00
 -6.5882500E+03 -8.280E-04  6.799E-04  2.924E-03
 -6.5877500E+03 -2.226E-04  1.272E-03  6.204E-04
 -6.5872500E+03  2.181E-04 -1.121E-03 -8.945E-04
 -6.5867500E+03  5.449E-04  1.248E-03 -1.890E-03
 -6.5862500E+03  9.500E-05  1.355E-03 -7.080E-04
 -6.5857500E+03 -9.829E-04 -2.249E-03  3.647E-03
 -6.5852500E+03 -9.144E-04  7.126E-04  3.396E-03
 -6.5847500E+03  6.295E-04  6.764E-05 -2.432E-03
 -6.5842500E+03  5.635E-04 -7.862E-05 -2.126E-03
 -6.5837500E+03  5.807E-05  1.801E-03 -7.851E-04
 -6.5832500E+03  1.352E-04  2.926E-03 -2.386E-03
 -6.5827500E+03  5.159E-04  4.447E-04 -2.038E-03
 -6.5822500E+03 -1.305E-02  2.557E-03  4.379E-02
 -6.5817500E+03  3.368E-03  1.725E-02 -1.255E-02
 -6.5812500E+03 -1.305E-03 -5.342E-03  4.731E-03
 -6.5807500E+03  7.367E-03  1.339E-02 -2.676E-02
 -6.5802500E+03 -2.241E-03 -3.320E-02  1.111E-02
 -6.5797500E+03  6.900E-03  1.184E-02 -2.508E-02
 -6.5792500E+03  6.672E-04  5.231E-03 -2.743E-03
 -6.5787500E+03 -3.620E-04 -3.089E-03  2.097E-03
 -6.5782500E+03  4.362E-04  1.098E-02 -2.581E-03
 -6.5777500E+03  3.526E-04  2.205E-02 -2.127E-03
 -6.5772500E+03 -1.011E-02  4.442E-02  3.119E-02
 -6.5767500E+03  9.546E-03  4.669E-02 -3.728E-02
 -6.5762500E+03 -4.455E-03  1.505E-01  4.473E-03
 -6.5757500E+03 -6.797E-03  6.245E-01 -2.394E-02
 -6.5752500E+03 -2.195E-03  2.907E+00 -2.204E-01
 -6.5747500E+03  4.101E-01  1.639E+01 -2.731E+00
 -6.5742500E+03  1.670E+00  8.171E+01 -1.235E+01
 -6.5737500E+03  9.860E-01  2.365E+02 -2.262E+01
 -6.5732500E+03 -4.921E+00  4.064E+02 -1.658E+01
 -6.5727500E+03 -1.263E+01  4.907E+02  2.104E+00
 -6.5722500E+03 -1.671E+01  4.578E+02  1.790E+01
 -6.5717500E+03 -1.549E+01  3.657E+02  2.065E+01
 -6.5712500E+03 -1.315E+01  2.773E+02  1.972E+01
 -6.5707500E+03 -9.463E+00  1.911E+02  1.433E+01
 -6.5702500E+03 -7.409E+00  1.265E+02  1.297E+01
 -6.5697500E+03 -5.149E+00  8.212E+01  9.202E+00
 -6.5692500E+03 -4.517E+00  5.152E+01  9.830E+00
 -6.5687500E+03 -1.872E+00  2.713E+01  3.034E+00
 -6.5682500E+03 -7.356E-01  1.412E+01  4.308E-01
 -6.5677500E+03  1.188E-01  2.307E+00 -1.386E+00
 -6.5672500E+03 -7.920E-01 -4.985E+00  2.524E+00
 -6.5667500E+03 -6.472E-01 -5.814E+00  2.163E+00
 -6.5662500E+03 -5.724E-03 -1.080E+01  5.126E-01
 -6.5657500E+03  2.243E-02 -1.276E+01  6.124E-01
 -6.5652500E+03  6.071E-01 -1.480E+01 -1.171E+00
 -6.5647500E+03  2.999E-01 -1.684E+01  1.240E-01
 -6.5642500E+03 -3.282E-01 -1.700E+01  2.313E+00
 -6.5637500E+03  6.186E-01 -1.691E+01 -9.331E-01
 -6.5632500E+03  1.041E+00 -1.838E+01 -2.211E+00
 -6.5627500E+03  5.842E-02 -1.557E+01  9.026E-01
 -6.5622500E+03  4.226E-01 -1.824E+01 -2.151E-02
 -6.5617500E+03  1.050E+00 -1.630E+01 -2.405E+00
 -6.5612500E+03  3.369E-01 -1.774E+01  2.292E-01
 -6.5607500E+03 -1.480E-02 -1.812E+01  1.458E+00
 -6.5602500E+03  1.001E+00 -1.874E+01 -1.953E+00
 -6.5597500E+03  7.243E-01 -1.714E+01 -1.148E+00
 -6.5592500E+03  9.360E-01 -1.764E+01 -1.808E+00
 -6.5587500E+03  1.982E-01 -1.637E+01  6.113E-01
 -6.5582500E+03  8.885E-01 -1.715E+01 -1.685E+00
 -6.5577500E+03  1.124E+00 -1.785E+01 -2.433E+00
 -6.5572500E+03  1.586E-01 -1.842E+01  9.673E-01
 -6.5567500E+03  3.782E-01 -1.544E+01 -5.620E-02
 -6.5562500E+03  2.278E-01 -1.609E+01  5.043E-01
 -6.5557500E+03  7.443E-01 -1.716E+01 -1.153E+00
 -6.5552500E+03  7.485E-01 -1.674E+01 -1.206E+00
 -6.5547500E+03  3.482E-01 -1.575E+01  1.047E-01
 -6.5542500E+03  4.396E-01 -1.435E+01 -3.544E-01
 -6.5537500E+03  2.051E-01 -1.697E+01  7.056E-01
 -6.5532500E+03  5.622E-01 -1.479E+01 -7.289E-01
 -6.5527500E+03  6.273E-01 -1.397E+01 -9.960E-01
 -6.5522500E+03  6.198E-01 -1.533E+01 -8.528E-01
 -6.5517500E+03  6.217E-01 -1.447E+01 -9.412E-01
 -6.5512500E+03  5.830E-01 -1.539E+01 -7.331E-01
 -6.5507500E+03  4.639E-01 -1.454E+01 -3.878E-01
 -6.5502500E+03  4.273E-01 -1.511E+01 -2.281E-01
 -6.5497500E+03  3.885E-01 -1.327E+01 -2.423E-01
 -6.5492500E+03  2.502E-01 -1.438E+01  3.514E-01
 -6.5487500E+03  4.391E-01 -1.444E+01 -2.797E-01
 -6.5482500E+03  3.045E-01 -1.362E+01  9.261E-02
 -6.5477500E+03  5.633E-01 -1.303E+01 -8.494E-01
 -6.5472500E+03  4.479E-01 -1.385E+01 -3.730E-01
 -6.5467500E+03  3.038E-01 -1.401E+01  1.286E-01
 -6.5462500E+03  2.584E-01 -1.334E+01  2.275E-01
 -6.5457500E+03  4.905E-01 -1.388E+01 -5.022E-01
 -6.5452500E+03  4.213E-01 -1.328E+01 -3.196E-01
 -6.5447500E+03  7.063E-01 -1.294E+01 -1.345E+00
 -6.5442500E+03  2.340E-01 -1.208E+01  2.352E-01
 -6.5437500E+03  1.449E-01 -1.207E+01  5.390E-01
 -6.5432500E+03  4.635E-01 -1.341E+01 -4.124E-01
 -6.5427500E+03  3.066E-01 -1.260E+01  6.138E-03
 -6.5422500E+03  4.770E-01 -1.079E+01 -7.461E-01
 -6.5417500E+03  5.020E-01 -1.163E+01 -7.310E-01
 -6.5412500E+03  2.077E-01 -1.195E+01  2.859E-01
 -6.5407500E+03  4.756E-01 -1.267E+01 -5.370E-01
 -6.5402500E+03  6.533E-01 -1.196E+01 -1.210E+00
 -6.5397500E+03  2.920E-01 -1.203E+01  2.216E-02
 -6.5392500E+03  6.312E-01 -1.264E+01 -1.079E+00
 -6.5387500E+03  1.520E-01 -1.100E+01  4.326E-01
 -6.5382500E+03  3.830E-01 -1.185E+01 -2.982E-01
 -6.5377500E+03  3.384E-01 -1.198E+01 -1.434E-01
 -6.5372500E+03  2.407E-01 -1.021E+01  2.638E-02
 -6.5367500E+03  4.313E-01 -1.145E+01 -4.936E-01
 -6.5362500E+03  5.014E-01 -1.153E+01 -7.546E-01
 -6.5357500E+03  2.829E-01 -1.128E+01  4.367E-04
 -6.5352500E+03  3.403E-01 -1.145E+01 -1.584E-01
 -6.5347500E+03  2.425E-01 -1.054E+01  9.344E-02
 -6.5342500E+03  2.499E-01 -1.052E+01  3.616E-02
 -6.5337500E+03  3.930E-01 -9.954E+00 -4.858E-01
 -6.5332500E+03  2.828E-01 -1.096E+01 -3.213E-02
 -6.5327500E+03  7.822E-02 -1.085E+01  6.638E-01
 -6.5322500E+03  3.874E-01 -1.063E+01 -4.021E-01
 -6.5317500E+03  3.602E-01 -1.023E+01 -3.313E-01
 -6.5312500E+03  3.548E-01 -9.904E+00 -3.689E-01
 -6.5307500E+03  1.040E-01 -1.032E+01  5.517E-01
 -6.5302500E+03  3.308E-01 -9.221E+00 -3.519E-01
 -6.5297500E+03  2.720E-01 -1.006E+01 -6.327E-02
 -6.5292500E+03  2.201E-01 -9.202E+00  5.294E-02
 -6.5287500E+03  3.254E-01 -1.016E+01 -2.314E-01
 -6.5282500E+03  3.673E-01 -1.031E+01 -3.521E-01
 -6.5277500E+03  4.316E-01 -9.128E+00 -6.739E-01
 -6.5272500E+03  3.379E-01 -9.025E+00 -3.972E-01
 -6.5267500E+03  3.263E-01 -9.352E+00 -3.180E-01
 -6.5262500E+03  3.479E-01 -9.089E+00 -4.023E-01
 -6.5257500E+03  3.889E-01 -9.917E+00 -4.478E-01
 -6.5252500E+03  2.548E-01 -9.289E+00 -6.553E-02
 -6.5247500E+03  2.752E-01 -9.045E+00 -1.323E-01
 -6.5242500E+03  3.570E-01 -8.868E+00 -4.512E-01
 -6.5237500E+03  1.914E-01 -9.682E+00  1.807E-01
 -6.5232500E+03  2.522E-01 -8.929E+00 -8.264E-02
 -6.5227500E+03  3.237E-01 -9.185E+00 -2.976E-01
 -6.5222500E+03  3.106E-01 -8.715E+00 -3.014E-01
 -6.5217500E+03  2.300E-01 -8.308E+00 -7.273E-02
 -6.5212500E+03  2.992E-01 -8.811E+00 -2.553E-01
 -6.5207500E+03  3.448E-01 -8.505E+00 -4.241E-01
 -6.5202500E+03  3.481E-01 -9.075E+00 -3.896E-01
 -6.5197500E+03  2.960E-01 -8.352E+00 -2.638E-01
 -6.5192500E+03  2.973E-01 -8.500E+00 -2.850E-01
 -6.5187500E+03  2.891E-01 -8.596E+00 -2.446E-01
 -6.5182500E+03  6.670E-02 -8.209E+00  4.868E-01
 -6.5177500E+03  2.920E-01 -8.133E+00 -2.970E-01
 -6.5172500E+03  2.452E-01 -8.173E+00 -1.193E-01
 -6.5167500E+03  3.423E-01 -8.467E+00 -4.168E-01
 -6.5162500E+03  1.096E-01 -8.311E+00  3.663E-01
 -6.5157500E+03  2.380E-01 -7.945E+00 -9.251E-02
 -6.5152500E+03  1.458E-01 -7.460E+00  1.555E-01
 -6.5147500E+03  2.829E-01 -7.866E+00 -2.794E-01
 -6.5142500E+03  3.524E-01 -8.229E+00 -4.675E-01
 -6.5137500E+03  4.291E-01 -7.944E+00 -7.610E-01
 -6.5132500E+03  2.961E-01 -7.851E+00 -3.217E-01
 -6.5127500E+03  1.018E-01 -7.857E+00  3.513E-01
 -6.5122500E+03  2.273E-01 -7.405E+00 -1.256E-01
 -6.5117500E+03  1.946E-01 -7.619E+00 -5.051E-03
 -6.5112500E+03  1.789E-01 -7.390E+00  3.920E-02
 -6.5107500E+03  2.814E-01 -7.129E+00 -3.318E-01
 -6.5102500E+03  1.591E-01 -7.456E+00  1.207E-01
 -6.5097500E+03  5.076E-02 -7.155E+00  4.754E-01
 -6.5092500E+03  1.986E-01 -7.048E+00 -5.286E-02
 -6.5087500E+03  3.019E-01 -7.618E+00 -3.572E-01
 -6.5082500E+03  1.558E-01 -7.260E+00  9.583E-02
 -6.5077500E+03  2.990E-01 -7.114E+00 -4.023E-01
 -6.5072500E+03  1.749E-01 -7.248E+00  3.277E-02
 -6.5067500E+03  2.884E-01 -7.245E+00 -3.598E-01
 -6.5062500E+03  2.714E-01 -7.096E+00 -2.876E-01
 -6.5057500E+03  1.158E-01 -6.513E+00  1.825E-01
 -6.5052500E+03  2.012E-01 -7.013E+00 -7.168E-02
 -6.5047500E+03  2.138E-01 -7.290E+00 -4.728E-02
 -6.5042500E+03  2.787E-01 -7.170E+00 -3.338E-01
 -6.5037500E+03  1.012E-01 -6.443E+00  2.504E-01
 -6.5032500E+03  2.193E-01 -6.670E+00 -1.539E-01
 -6.5027500E+03  3.363E-01 -6.745E+00 -5.636E-01
 -6.5022500E+03  3.008E-01 -6.736E+00 -4.347E-01
 -6.5017500E+03  1.434E-01 -6.492E+00  8.530E-02
 -6.5012500E+03  2.128E-01 -6.279E+00 -1.655E-01
 -6.5007500E+03  1.879E-01 -6.244E+00 -7.968E-02
 -6.5002500E+03  1.057E-01 -6.340E+00  2.237E-01
 -6.4997500E+03  2.062E-01 -6.660E+00 -1.128E-01
 -6.4992500E+03  1.295E-01 -6.170E+00  1.054E-01
 -6.4987500E+03  2.409E-01 -6.319E+00 -2.620E-01
 -6.4982500E+03  2.423E-01 -7.073E+00 -2.049E-01
 -6.4977500E+03  1.693E-01 -6.429E+00 -1.722E-02
 -6.4972500E+03  2.359E-01 -6.063E+00 -2.609E-01
 -6.4967500E+03  1.834E-01 -5.977E+00 -7.709E-02
 -6.4962500E+03  1.617E-01 -6.591E+00  3.183E-02
 -6.4957500E+03  1.845E-01 -5.898E+00 -1.021E-01
 -6.4952500E+03  2.314E-01 -5.847E+00 -2.576E-01
 -6.4947500E+03  2.708E-01 -6.240E+00 -3.532E-01
 -6.4942500E+03  2.751E-01 -6.449E+00 -3.577E-01
 -6.4937500E+03  1.175E-01 -5.959E+00  1.352E-01
 -6.4932500E+03  1.691E-01 -5.494E+00 -7.523E-02
 -6.4927500E+03  2.325E-01 -6.179E+00 -2.517E-01
 -6.4922500E+03  1.516E-01 -5.752E+00 -9.711E-03
 -6.4917500E+03  1.238E-01 -5.645E+00  7.680E-02
 -6.4912500E+03  1.954E-01 -5.589E+00 -1.625E-01
 -6.4907500E+03  2.099E-01 -5.865E+00 -1.851E-01
 -6.4902500E+03  1.836E-02 -5.902E+00  4.752E-01
 -6.4897500E+03  2.857E-02 -5.783E+00  4.435E-01
 -6.4892500E+03  1.220E-01 -5.730E+00  9.491E-02
 -6.4887500E+03  3.070E-01 -5.704E+00 -5.363E-01
 -6.4882500E+03  1.414E-01 -5.821E+00  4.830E-02
 -6.4877500E+03  1.515E-01 -5.081E+00 -6.316E-02
 -6.4872500E+03  2.274E-01 -5.834E+00 -2.606E-01
 -6.4867500E+03  2.217E-01 -5.520E+00 -2.575E-01
 -6.4862500E+03  1.829E-01 -5.333E+00 -1.367E-01
 -6.4857500E+03  2.300E-01 -5.869E+00 -2.563E-01
 -6.4852500E+03  1.689E-01 -5.309E+00 -1.068E-01
 -6.4847500E+03  1.462E-01 -5.024E+00 -3.598E-02
 -6.4842500E+03  9.307E-02 -5.299E+00  1.629E-01
 -6.4837500E+03  2.012E-01 -5.240E+00 -2.122E-01
 -6.4832500E+03  1.526E-01 -5.276E+00 -4.565E-02
 -6.4827500E+03  1.411E-01 -5.375E+00 -6.013E-04
 -6.4822500E+03  1.442E-01 -5.074E+00 -5.362E-02
 -6.4817500E+03  1.604E-03 -4.891E+00  4.334E-01
 -6.4812500E+03  3.651E-02 -5.091E+00  3.503E-01
 -6.4807500E+03  9.452E-02 -5.131E+00  1.594E-01
 -6.4802500E+03  1.130E-01 -4.697E+00  3.269E-02
 -6.4797500E+03  2.375E-01 -5.023E+00 -3.523E-01
 -6.4792500E+03  1.762E-01 -5.098E+00 -1.221E-01
 -6.4787500E+03  1.486E-01 -4.962E+00 -5.817E-02
 -6.4782500E+03  2.015E-01 -4.832E+00 -2.555E-01
 -6.4777500E+03  1.689E-01 -4.859E+00 -1.449E-01
 -6.4772500E+03  1.978E-01 -4.921E+00 -2.268E-01
 -6.4767500E+03  1.973E-01 -5.114E+00 -2.135E-01
 -6.4762500E+03  1.295E-01 -5.003E+00  1.014E-02
 -6.4757500E+03  1.560E-01 -4.766E+00 -1.049E-01
 -6.4752500E+03  1.975E-01 -4.963E+00 -2.290E-01
 -6.4747500E+03 -7.853E-03 -4.664E+00  4.321E-01
 -6.4742500E+03  1.558E-01 -4.209E+00 -1.313E-01
 -6.4737500E+03  1.207E-01 -4.516E+00  1.545E-02
 -6.4732500E+03  1.023E-01 -4.802E+00  1.032E-01
 -6.4727500E+03  1.196E-01 -4.956E+00  4.211E-02
 -6.4722500E+03  2.264E-01 -4.528E+00 -3.842E-01
 -6.4717500E+03  1.210E-01 -4.682E+00  4.901E-03
 -6.4712500E+03  1.066E-01 -4.529E+00  5.421E-02
 -6.4707500E+03  1.188E-01 -4.494E+00  1.437E-02
 -6.4702500E+03  1.636E-01 -4.384E+00 -1.606E-01
 -6.4697500E+03  1.363E-01 -4.683E+00 -4.619E-02
 -6.4692500E+03  1.491E-01 -4.639E+00 -9.502E-02
 -6.4687500E+03  1.434E-01 -4.220E+00 -1.142E-01
 -6.4682500E+03  1.425E-01 -4.540E+00 -7.725E-02
 -6.4677500E+03  1.194E-01 -4.294E+00 -2.025E-02
 -6.4672500E+03  2.186E-01 -3.999E+00 -3.796E-01
 -6.4667500E+03  1.705E-01 -4.690E+00 -1.458E-01
 -6.4662500E+03  1.398E-01 -4.548E+00 -5.585E-02
 -6.4657500E+03  1.720E-01 -4.139E+00 -2.139E-01
 -6.4652500E+03  1.849E-01 -4.151E+00 -2.454E-01
 -6.4647500E+03  1.358E-01 -4.064E+00 -1.057E-01
 -6.4642500E+03  8.110E-02 -4.092E+00  1.217E-01
 -6.4637500E+03  9.951E-02 -4.057E+00  2.035E-02
 -6.4632500E+03  1.232E-01 -4.200E+00 -4.994E-02
 -6.4627500E+03  1.641E-01 -4.427E+00 -1.513E-01
 -6.4622500E+03  1.411E-01 -3.807E+00 -1.378E-01
 -6.4617500E+03  9.669E-02 -4.263E+00  5.533E-02
 -6.4612500E+03  4.245E-02 -4.274E+00  2.469E-01
 -6.4607500E+03  1.378E-01 -3.858E+00 -1.157E-01
 -6.4602500E+03  2.297E-01 -3.981E+00 -4.159E-01
 -6.4597500E+03  1.099E-01 -4.289E+00  2.126E-02
 -6.4592500E+03  1.446E-01 -3.996E+00 -1.165E-01
 -6.4587500E+03  1.764E-01 -3.752E+00 -2.453E-01
 -6.4582500E+03  1.415E-01 -3.776E+00 -1.511E-01
 -6.4577500E+03  1.896E-01 -4.041E+00 -2.845E-01
 -6.4572500E+03  1.093E-01 -3.838E+00 -1.728E-02
 -6.4567500E+03  6.222E-02 -4.005E+00  1.511E-01
 -6.4562500E+03  1.804E-01 -4.231E+00 -2.345E-01
 -6.4557500E+03  1.205E-01 -4.033E+00 -2.707E-02
 -6.4552500E+03  7.487E-02 -3.828E+00  9.339E-02
 -6.4547500E+03  4.706E-02 -3.805E+00  1.730E-01
 -6.4542500E+03  1.209E-01 -3.413E+00 -1.031E-01
 -6.4537500E+03  1.709E-01 -3.627E+00 -2.451E-01
 -6.4532500E+03  3.429E-02 -3.678E+00  2.097E-01
 -6.4527500E+03  1.256E-01 -3.489E+00 -1.037E-01
 -6.4522500E+03  1.538E-01 -3.357E+00 -2.142E-01
 -6.4517500E+03  1.346E-01 -3.813E+00 -1.149E-01
 -6.4512500E+03  2.064E-01 -3.713E+00 -3.542E-01
 -6.4507500E+03  1.643E-01 -3.823E+00 -2.238E-01
 -6.4502500E+03  7.178E-02 -3.619E+00  7.457E-02
 -6.4497500E+03  8.656E-02 -3.863E+00  6.403E-02
 -6.4492500E+03  1.428E-01 -3.676E+00 -1.400E-01
 -6.4487500E+03  1.019E-01 -3.492E+00 -1.917E-02
 -6.4482500E+03  7.772E-02 -3.248E+00  3.677E-02
 -6.4477500E+03  1.517E-01 -3.784E+00 -1.612E-01
 -6.4472500E+03  1.426E-01 -3.421E+00 -1.800E-01
 -6.4467500E+03  1.344E-01 -3.374E+00 -1.454E-01
 -6.4462500E+03  7.802E-02 -3.545E+00  9.582E-02
 -6.4457500E+03  1.416E-01 -3.640E+00 -1.442E-01
 -6.4452500E+03  5.395E-02 -3.440E+00  1.403E-01
 -6.4447500E+03  1.749E-01 -3.321E+00 -2.861E-01
 -6.4442500E+03  1.127E-01 -3.208E+00 -9.899E-02
 -6.4437500E+03  1.259E-01 -3.545E+00 -1.064E-01
 -6.4432500E+03  5.661E-02 -3.646E+00  1.628E-01
 -6.4427500E+03  1.551E-01 -3.361E+00 -2.412E-01
 -6.4422500E+03  1.531E-01 -3.138E+00 -2.378E-01
 -6.4417500E+03  1.219E-01 -3.267E+00 -1.018E-01
 -6.4412500E+03  6.093E-02 -3.456E+00  1.224E-01
 -6.4407500E+03  1.956E-01 -3.483E+00 -3.534E-01
 -6.4402500E+03  1.555E-01 -3.276E+00 -2.166E-01
 -6.4397500E+03  8.898E-02 -3.256E+00 -1.282E-02
 -6.4392500E+03  1.249E-01 -3.173E+00 -1.519E-01
 -6.4387500E+03  1.086E-01 -3.191E+00 -8.332E-02
 -6.4382500E+03  4.635E-02 -3.185E+00  7.739E-02
 -6.4377500E+03  6.273E-02 -3.132E+00  7.815E-02
 -6.4372500E+03  1.703E-02 -2.922E+00  2.056E-01
 -6.4367500E+03  8.212E-02 -3.076E+00  1.046E-02
 -6.4362500E+03  7.831E-02 -2.980E+00  2.064E-02
 -6.4357500E+03  7.309E-02 -3.236E+00  4.058E-02
 -6.4352500E+03  4.526E-02 -2.956E+00  1.183E-01
 -6.4347500E+03  1.061E-01 -3.112E+00 -7.812E-02
 -6.4342500E+03  9.908E-02 -3.055E+00 -6.484E-02
 -6.4337500E+03  1.019E-01 -3.118E+00 -5.022E-02
 -6.4332500E+03 -2.462E-02 -3.025E+00  3.632E-01
 -6.4327500E+03  7.425E-02 -2.968E+00  1.998E-02
 -6.4322500E+03  1.645E-01 -3.085E+00 -2.692E-01
 -6.4317500E+03  1.451E-01 -2.996E+00 -2.387E-01
 -6.4312500E+03  1.142E-01 -2.907E+00 -1.476E-01
 -6.4307500E+03  1.423E-01 -3.131E+00 -1.984E-01
 -6.4302500E+03  8.986E-02 -2.835E+00 -3.521E-02
 -6.4297500E+03  4.551E-02 -3.097E+00  1.371E-01
 -6.4292500E+03  1.297E-01 -2.985E+00 -1.648E-01
 -6.4287500E+03  1.070E-01 -2.762E+00 -1.063E-01
 -6.4282500E+03  1.210E-01 -2.909E+00 -1.324E-01
 -6.4277500E+03  3.458E-02 -2.756E+00  1.378E-01
 -6.4272500E+03  1.262E-01 -2.545E+00 -2.090E-01
 -6.4267500E+03  1.117E-01 -2.861E+00 -1.031E-01
 -6.4262500E+03  4.067E-02 -2.922E+00  1.342E-01
 -6.4257500E+03  1.064E-01 -2.777E+00 -1.190E-01
 -6.4252500E+03  6.401E-02 -2.659E+00  3.959E-02
 -6.4247500E+03  1.025E-01 -2.615E+00 -1.102E-01
 -6.4242500E+03  2.170E-02 -2.756E+00  1.763E-01
 -6.4237500E+03  9.391E-02 -2.728E+00 -7.425E-02
 -6.4232500E+03  1.062E-01 -2.771E+00 -8.140E-02
 -6.4227500E+03  8.647E-02 -2.855E+00 -2.109E-02
 -6.4222500E+03  1.540E-01 -2.535E+00 -2.924E-01
 -6.4217500E+03  9.714E-02 -2.956E+00 -6.440E-02
 -6.4212500E+03  3.744E-02 -2.783E+00  1.238E-01
 -6.4207500E+03  1.389E-02 -2.535E+00  1.718E-01
 -6.4202500E+03  1.574E-01 -2.767E+00 -2.865E-01
 -6.4197500E+03  1.237E-01 -2.651E+00 -1.761E-01
 -6.4192500E+03  1.211E-01 -2.413E+00 -1.904E-01
 -6.4187500E+03  3.895E-02 -2.443E+00  9.808E-02
 -6.4182500E+03  6.159E-02 -2.529E+00 -4.287E-03
 -6.4177500E+03  1.410E-01 -2.661E+00 -2.352E-01
 -6.4172500E+03  7.534E-02 -2.872E+00  2.645E-02
 -6.4167500E+03  1.571E-01 -2.616E+00 -2.976E-01
 -6.4162500E+03  3.596E-02 -2.337E+00  9.296E-02
 -6.4157500E+03  1.357E-01 -2.358E+00 -2.217E-01
 -6.4152500E+03  1.325E-01 -2.672E+00 -2.060E-01
 -6.4147500E+03  2.510E-02 -2.604E+00  1.408E-01
 -6.4142500E+03  6.903E-02 -2.425E+00 -1.261E-02
 -6.4137500E+03  1.076E-01 -2.540E+00 -1.276E-01
 -6.4132500E+03  2.867E-02 -2.594E+00  1.451E-01
 -6.4127500E+03  1.106E-01 -2.465E+00 -1.439E-01
 -6.4122500E+03  9.502E-02 -2.407E+00 -1.024E-01
 -6.4117500E+03  7.679E-02 -2.538E+00 -3.319E-02
 -6.4112500E+03  2.460E-02 -2.325E+00  1.341E-01
 -6.4107500E+03  1.272E-02 -2.335E+00  1.674E-01
 -6.4102500E+03  1.515E-01 -2.537E+00 -2.815E-01
 -6.4097500E+03  1.337E-01 -2.251E+00 -2.394E-01
 -6.4092500E+03  9.971E-02 -2.361E+00 -1.234E-01
 -6.4087500E+03  4.782E-02 -2.058E+00  4.100E-02
 -6.4082500E+03  6.340E-02 -2.525E+00  2.214E-02
 -6.4077500E+03  1.581E-01 -2.403E+00 -3.073E-01
 -6.4072500E+03  7.575E-02 -2.270E+00 -4.695E-02
 -6.4067500E+03  2.611E-02 -2.305E+00  1.185E-01
 -6.4062500E+03  5.985E-02 -2.177E+00 -4.740E-03
 -6.4057500E+03  6.045E-02 -2.117E+00 -1.496E-02
 -6.4052500E+03  7.671E-02 -2.226E+00 -6.582E-02
 -6.4047500E+03  5.497E-02 -2.390E+00  2.871E-02
 -6.4042500E+03  8.256E-02 -2.166E+00 -7.006E-02
 -6.4037500E+03  1.005E-01 -2.659E+00 -1.032E-01
 -6.4032500E+03  6.012E-02 -2.237E+00  1.739E-02
 -6.4027500E+03  6.462E-02 -2.231E+00 -2.129E-02
 -6.4022500E+03  4.595E-02 -2.230E+00  4.861E-02
 -6.4017500E+03  4.756E-02 -2.508E+00  8.197E-02
 -6.4012500E+03  1.392E-01 -2.179E+00 -2.808E-01
 -6.4007500E+03  1.228E-01 -2.304E+00 -2.076E-01
 -6.4002500E+03  1.096E-01 -2.058E+00 -1.760E-01
 -6.3997500E+03  4.739E-02 -2.027E+00  3.718E-02
 -6.3992500E+03  4.163E-02 -2.309E+00  5.928E-02
 -6.3987500E+03  9.691E-02 -2.026E+00 -1.329E-01
 -6.3982500E+03  7.472E-02 -2.167E+00 -3.499E-02
 -6.3977500E+03  1.965E-03 -2.145E+00  1.821E-01
 -6.3972500E+03  1.436E-02 -2.092E+00  1.507E-01
 -6.3967500E+03  5.244E-02 -2.348E+00  4.136E-02
 -6.3962500E+03  5.106E-02 -2.216E+00  3.891E-02
 -6.3957500E+03  4.460E-02 -2.126E+00  4.238E-02
 -6.3952500E+03  2.898E-02 -2.187E+00  1.054E-01
 -6.3947500E+03  8.117E-02 -1.908E+00 -8.215E-02
 -6.3942500E+03  6.656E-02 -1.703E+00 -7.047E-02
 -6.3937500E+03  3.021E-02 -1.960E+00  7.927E-02
 -6.3932500E+03  9.259E-02 -2.219E+00 -9.308E-02
 -6.3927500E+03  7.392E-02 -1.966E+00 -9.941E-02
 -6.3922500E+03  5.017E-02 -1.908E+00  2.771E-03
 -6.3917500E+03  4.875E-02 -1.971E+00  2.208E-02
 -6.3912500E+03  7.231E-02 -2.175E+00 -5.032E-02
 -6.3907500E+03  7.841E-02 -2.067E+00 -7.945E-02
 -6.3902500E+03  5.734E-02 -1.895E+00 -2.695E-02
 -6.3897500E+03  8.272E-02 -2.009E+00 -9.119E-02
 -6.3892500E+03  7.317E-02 -2.101E+00 -4.093E-02
 -6.3887500E+03  1.391E-01 -2.029E+00 -2.907E-01
 -6.3882500E+03  7.117E-02 -1.801E+00 -4.877E-02
 -6.3877500E+03  1.561E-02 -1.917E+00  1.235E-01
 -6.3872500E+03  5.038E-02 -1.878E+00 -1.232E-02
 -6.3867500E+03  8.450E-02 -1.903E+00 -1.138E-01
 -6.3862500E+03  7.060E-02 -2.043E+00 -5.418E-02
 -6.3857500E+03  2.591E-02 -1.748E+00  7.935E-02
 -6.3852500E+03  4.403E-02 -1.773E+00  1.058E-02
 -6.3847500E+03  7.603E-02 -1.936E+00 -7.526E-02
 -6.3842500E+03  6.730E-02 -1.960E+00 -4.200E-02
 -6.3837500E+03  5.534E-02 -1.794E+00 -1.824E-02
 -6.3832500E+03  6.895E-02 -1.907E+00 -5.977E-02
 -6.3827500E+03  8.961E-02 -1.985E+00 -1.244E-01
 -6.3822500E+03  8.180E-02 -1.736E+00 -1.074E-01
 -6.3817500E+03  5.969E-02 -1.804E+00 -2.496E-02
 -6.3812500E+03  9.209E-02 -1.786E+00 -1.414E-01
 -6.3807500E+03  7.169E-02 -1.708E+00 -8.156E-02
 -6.3802500E+03  7.375E-02 -1.773E+00 -8.193E-02
 -6.3797500E+03  1.184E-02 -1.829E+00  1.272E-01
 -6.3792500E+03  6.194E-02 -1.803E+00 -4.763E-02
 -6.3787500E+03  6.610E-02 -1.728E+00 -6.075E-02
 -6.3782500E+03  3.417E-02 -1.872E+00  5.949E-02
 -6.3777500E+03  3.627E-02 -1.861E+00  5.840E-02
 -6.3772500E+03  9.985E-02 -1.801E+00 -1.806E-01
 -6.3767500E+03  8.524E-02 -1.578E+00 -1.508E-01
 -6.3762500E+03  9.963E-03 -1.644E+00  1.293E-01
 -6.3757500E+03  2.146E-02 -1.698E+00  6.890E-02
 -6.3752500E+03  7.829E-02 -1.671E+00 -1.191E-01
 -6.3747500E+03  7.897E-02 -1.744E+00 -1.123E-01
 -6.3742500E+03  2.555E-02 -1.596E+00  6.587E-02
 -6.3737500E+03  1.556E-03 -1.836E+00  1.663E-01
 -6.3732500E+03  6.927E-02 -1.604E+00 -9.501E-02
 -6.3727500E+03  5.265E-02 -1.447E+00 -4.744E-02
 -6.3722500E+03  3.741E-02 -1.712E+00  4.630E-02
 -6.3717500E+03  3.708E-02 -1.951E+00  6.047E-02
 -6.3712500E+03  9.032E-02 -1.891E+00 -1.251E-01
 -6.3707500E+03  4.045E-02 -1.714E+00  2.190E-02
 -6.3702500E+03  5.149E-02 -1.573E+00 -3.631E-02
 -6.3697500E+03  1.960E-02 -1.436E+00  7.728E-02
 -6.3692500E+03  1.832E-02 -1.753E+00  7.921E-02
 -6.3687500E+03 -3.761E-02 -1.680E+00  3.359E-02
 -6.3682500E+03 -6.796E-02 -1.450E+00  1.046E-01
 -6.3677500E+03  7.144E-02 -1.593E+00 -8.810E-02
 -6.3672500E+03  5.150E-02 -1.601E+00 -3.241E-02
 -6.3667500E+03  5.986E-02 -1.603E+00 -4.283E-02
 -6.3662500E+03  5.712E-02 -1.534E+00 -4.357E-02
 -6.3657500E+03  5.938E-02 -1.601E+00 -6.371E-02
 -6.3652500E+03  3.633E-02 -1.493E+00  5.992E-03
 -6.3647500E+03 -5.874E-03 -1.743E+00  1.922E-01
 -6.3642500E+03  2.636E-02 -1.588E+00  6.785E-02
 -6.3637500E+03  5.932E-02 -1.424E+00 -6.427E-02
 -6.3632500E+03  4.025E-02 -1.403E+00 -1.545E-01
 -6.3627500E+03 -3.680E-02 -1.552E+00 -1.377E-01
 -6.3622500E+03  6.508E-02 -1.589E+00 -7.677E-02
 -6.3617500E+03  4.253E-02 -1.645E+00  1.976E-02
 -6.3612500E+03  6.355E-02 -1.354E+00 -8.768E-02
 -6.3607500E+03  8.435E-02 -1.523E+00 -1.462E-01
 -6.3602500E+03  3.264E-02 -1.577E+00  3.576E-02
 -6.3597500E+03  1.063E-01 -1.430E+00 -2.669E-02
 -6.3592500E+03  1.269E-01 -1.469E+00 -9.887E-02
 -6.3587500E+03  4.255E-02 -1.389E+00 -3.091E-02
 -6.3582500E+03  3.363E-02 -1.718E+00  6.039E-02
 -6.3577500E+03  4.324E-04 -1.516E+00  1.439E-01
 -6.3572500E+03  7.490E-03 -1.377E+00  1.107E-01
 -6.3567500E+03  7.108E-02 -1.459E+00 -1.153E-01
 -6.3562500E+03  5.296E-02 -1.531E+00 -4.358E-02
 -6.3557500E+03  8.852E-03 -1.405E+00  1.186E-01
 -6.3552500E+03  8.883E-02 -1.474E+00 -1.677E-01
 -6.3547500E+03  4.308E-02 -1.290E+00 -3.119E-02
 -6.3542500E+03  6.300E-02 -1.408E+00 -6.278E-02
 -6.3537500E+03  7.659E-02 -1.416E+00 -1.215E-01
 -6.3532500E+03  9.649E-02 -1.502E+00 -1.869E-01
 -6.3527500E+03  3.904E-02 -1.333E+00 -1.835E-02
 -6.3522500E+03  1.645E-01 -1.674E+00 -1.652E-01
 -6.3517500E+03  2.895E-02 -1.413E+00  8.925E-02
 -6.3512500E+03  5.200E-02 -1.298E+00 -6.170E-02
 -6.3507500E+03  4.193E-02 -1.395E+00 -9.448E-03
 -6.3502500E+03  6.057E-02 -1.342E+00 -6.767E-02
 -6.3497500E+03  7.999E-02 -1.411E+00 -1.358E-01
 -6.3492500E+03  4.846E-02 -1.326E+00 -4.505E-02
 -6.3487500E+03  6.480E-02 -1.281E+00 -1.126E-01
 -6.3482500E+03  5.486E-02 -1.109E+00 -7.611E-02
 -6.3477500E+03  1.810E-02 -1.496E+00  7.765E-02
 -6.3472500E+03  3.627E-02 -1.408E+00  1.102E-02
 -6.3467500E+03  2.494E-02 -1.328E+00  4.346E-02
 -6.3462500E+03 -2.591E-03 -1.140E+00  1.122E-01
 -6.3457500E+03  6.505E-02 -1.356E+00 -1.076E-01
 -6.3452500E+03  2.370E-02 -1.443E+00  6.474E-02
 -6.3447500E+03  6.372E-02 -1.340E+00 -7.986E-02
 -6.3442500E+03  2.665E-02 -1.379E+00  3.861E-02
 -6.3437500E+03  4.753E-03 -1.335E+00  1.057E-01
 -6.3432500E+03  6.011E-02 -1.206E+00 -8.001E-02
 -6.3427500E+03  9.076E-02 -1.471E+00 -1.571E-01
 -6.3422500E+03  3.015E-02 -1.141E+00 -3.438E-03
 -6.3417500E+03  1.948E-02 -1.367E+00  6.793E-02
 -6.3412500E+03  7.898E-02 -1.368E+00 -1.322E-01
 -6.3407500E+03  4.859E-02 -1.181E+00 -4.948E-02
 -6.3402500E+03  5.605E-02 -1.307E+00 -7.103E-02
 -6.3397500E+03  2.855E-02 -1.158E+00  2.488E-02
 -6.3392500E+03 -7.156E-04 -1.233E+00  1.209E-01
 -6.3387500E+03  3.313E-02 -1.249E+00  2.160E-02
 -6.3382500E+03  4.803E-02 -1.177E+00 -4.131E-02
 -6.3377500E+03  5.247E-02 -1.248E+00 -6.754E-02
 -6.3372500E+03  3.617E-02 -1.229E+00  1.153E-04
 -6.3367500E+03  4.836E-02 -1.238E+00 -5.239E-02
 -6.3362500E+03  6.606E-02 -1.392E+00 -1.001E-01
 -6.3357500E+03  6.086E-02 -1.322E+00 -8.632E-02
 -6.3352500E+03  4.962E-02 -1.326E+00 -1.046E-01
 -6.3347500E+03  1.067E-02 -1.152E+00 -6.133E-02
 -6.3342500E+03  1.238E-02 -1.081E+00  2.943E-02
 -6.3337500E+03 -5.822E-03 -1.096E+00  1.157E-01
 -6.3332500E+03  2.686E-02 -1.225E+00  2.537E-02
 -6.3327500E+03  1.590E-02 -1.020E+00  3.563E-02
 -6.3322500E+03  4.998E-02 -1.192E+00 -5.319E-02
 -6.3317500E+03  7.132E-02 -1.149E+00 -1.249E-01
 -6.3312500E+03  2.490E-02 -1.230E+00  3.197E-02
 -6.3307500E+03  7.169E-02 -1.211E+00 -1.480E-01
 -6.3302500E+03  3.853E-02 -1.275E+00 -2.106E-02
 -6.3297500E+03  1.815E-02 -1.113E+00  4.366E-02
 -6.3292500E+03  1.792E-02 -1.181E+00  1.390E-02
 -6.3287500E+03  3.654E-02 -1.153E+00 -1.981E-02
 -6.3282500E+03  5.554E-02 -1.028E+00 -8.877E-02
 -6.3277500E+03  4.312E-02 -1.207E+00 -4.899E-02
 -6.3272500E+03  7.017E-03 -1.150E+00  8.692E-02
 -6.3267500E+03  5.194E-02 -1.107E+00 -4.443E-02
 -6.3262500E+03  4.748E-02 -1.101E+00 -7.326E-02
 -6.3257500E+03  3.282E-02 -9.592E-01 -2.691E-02
 -6.3252500E+03  2.082E-02 -1.055E+00  4.193E-02
 -6.3247500E+03  1.402E-02 -1.140E+00  6.503E-02
 -6.3242500E+03  3.338E-02 -1.164E+00  5.392E-03
 -6.3237500E+03  3.618E-02 -1.014E+00 -2.449E-02
 -6.3232500E+03  7.037E-02 -1.053E+00 -1.165E-01
 -6.3227500E+03  3.672E-02 -1.161E+00 -3.389E-03
 -6.3222500E+03  6.722E-02 -1.022E+00 -1.386E-01
 -6.3217500E+03  5.820E-02 -1.048E+00 -9.521E-02
 -6.3212500E+03  4.263E-02 -1.304E+00 -4.353E-02
 -6.3207500E+03  3.068E-02 -1.070E+00  5.031E-04
 -6.3202500E+03  7.240E-02 -1.050E+00 -1.508E-01
 -6.3197500E+03  4.593E-03 -1.090E+00  8.924E-02
 -6.3192500E+03  1.029E-02 -9.197E-01  6.003E-02
 -6.3187500E+03  3.802E-02 -1.064E+00 -2.884E-02
 -6.3182500E+03  5.134E-02 -1.081E+00 -8.267E-02
 -6.3177500E+03  8.954E-02 -9.716E-01 -1.969E-01
 -6.3172500E+03  6.558E-02 -1.200E+00 -9.903E-02
 -6.3167500E+03 -8.472E-02 -1.074E+00  1.041E-01
 -6.3162500E+03 -8.173E-02 -9.734E-01  5.072E-02
 -6.3157500E+03  2.944E-02 -1.094E+00  1.850E-03
 -6.3152500E+03  8.281E-03 -1.077E+00  8.656E-02
 -6.3147500E+03  2.105E-02 -1.029E+00  2.982E-02
 -6.3142500E+03 -7.937E-02 -1.110E+00 -8.943E-03
 -6.3137500E+03 -8.407E-02 -8.012E-01 -2.535E-02
 -6.3132500E+03  3.538E-01 -7.487E-01 -2.697E-01
 -6.3127500E+03  6.322E-02 -1.027E+00 -1.078E-01
 -6.3122500E+03  1.164E-01 -9.080E-01 -1.471E-01
 -6.3117500E+03  8.155E-02 -1.082E+00 -7.322E-02
 -6.3112500E+03  1.962E-02 -1.105E+00  3.021E-02
 -6.3107500E+03  3.818E-02 -9.889E-01 -6.125E-02
 -6.3102500E+03  2.707E-02 -9.192E-01 -3.879E-03
 -6.3097500E+03  4.553E-02 -1.067E+00 -4.804E-02
 -6.3092500E+03  7.741E-02 -9.251E-01 -6.415E-02
 -6.3087500E+03  3.830E-02 -9.675E-01 -2.858E-02
 -6.3082500E+03  2.618E-02 -1.067E+00 -1.028E-02
 -6.3077500E+03  8.744E-02 -1.038E+00  1.555E-02
 -6.3072500E+03  1.572E-02 -8.475E-01  9.878E-02
 -6.3067500E+03  1.174E-02 -1.019E+00  2.387E-02
 -6.3062500E+03  1.985E-03 -9.740E-01  9.076E-02
 -6.3057500E+03  3.265E-02 -9.149E-01 -4.764E-02
 -6.3052500E+03  3.728E-02 -9.043E-01 -3.079E-02
 -6.3047500E+03  2.866E-02 -8.114E-01 -1.870E-02
 -6.3042500E+03  2.284E-02 -8.984E-01  6.233E-03
 -6.3037500E+03  5.670E-02 -9.422E-01 -1.216E-01
 -6.3032500E+03 -2.824E-02 -9.605E-01  2.117E-02
 -6.3027500E+03  1.303E-01 -1.033E+00  1.257E-01
 -6.3022500E+03  5.158E-02 -1.066E+00  4.642E-02
 -6.3017500E+03  2.968E-02 -8.711E-01 -1.698E-02
 -6.3012500E+03  1.165E-02 -9.935E-01  4.977E-02
 -6.3007500E+03 -6.603E-03 -9.061E-01  1.201E-01
 -6.3002500E+03  3.258E-02 -1.004E+00  2.958E-03
 -6.2997500E+03  4.814E-03 -8.870E-01  7.065E-02
 -6.2992500E+03  5.822E-02 -8.610E-01 -1.074E-01
 -6.2987500E+03  2.529E-02 -7.637E-01  1.154E-03
 -6.2982500E+03  3.989E-02 -8.237E-01 -4.313E-02
 -6.2977500E+03  4.352E-02 -1.016E+00 -5.423E-02
 -6.2972500E+03  4.929E-02 -9.036E-01 -7.735E-02
 -6.2967500E+03  6.075E-03 -8.439E-01  6.496E-02
 -6.2962500E+03  4.928E-03 -9.477E-01  7.095E-02
 -6.2957500E+03  4.070E-02 -9.013E-01 -5.531E-02
 -6.2952500E+03  5.049E-02 -8.097E-01 -1.145E-01
 -6.2947500E+03  1.842E-02 -7.611E-01  1.021E-02
 -6.2942500E+03  2.140E-02 -8.659E-01  2.245E-03
 -6.2937500E+03  7.639E-03 -7.806E-01  4.432E-02
 -6.2932500E+03  2.238E-02 -7.330E-01 -7.468E-03
 -6.2927500E+03  5.610E-02 -8.585E-01 -1.328E-01
 -6.2922500E+03  2.151E-02 -8.866E-01  1.272E-02
 -6.2917500E+03  2.852E-02 -8.892E-01  8.634E-03
 -6.2912500E+03  3.026E-02 -9.592E-01 -1.365E-02
 -6.2907500E+03  2.716E-02 -8.046E-01 -1.982E-02
 -6.2902500E+03 -2.389E-03 -8.180E-01  9.687E-02
 -6.2897500E+03  4.203E-02 -7.581E-01 -6.224E-02
 -6.2892500E+03  4.698E-02 -9.528E-01 -5.371E-02
 -6.2887500E+03  3.923E-02 -9.379E-01 -4.648E-02
 -6.2882500E+03  4.669E-02 -8.947E-01 -7.683E-02
 -6.2877500E+03 -1.146E-02 -7.500E-01  9.419E-02
 -6.2872500E+03 -8.818E-03 -8.683E-01  9.696E-02
 -6.2867500E+03  3.060E-02 -7.735E-01  8.938E-04
 -6.2862500E+03  4.739E-02 -7.819E-01 -8.277E-02
 -6.2857500E+03  3.774E-02 -8.330E-01 -4.323E-02
 -6.2852500E+03  3.637E-02 -8.758E-01 -4.837E-02
 -6.2847500E+03  1.985E-02 -7.743E-01  8.576E-03
 -6.2842500E+03  4.954E-02 -7.574E-01 -9.878E-02
 -6.2837500E+03  4.293E-02 -8.657E-01 -6.654E-02
 -6.2832500E+03  2.475E-02 -8.179E-01  2.981E-03
 -6.2827500E+03  2.591E-02 -7.645E-01 -1.575E-02
 -6.2822500E+03  3.529E-02 -7.452E-01 -6.137E-02
 -6.2817500E+03  6.167E-02 -8.466E-01 -1.348E-01
 -6.2812500E+03  4.511E-02 -8.440E-01 -8.623E-02
 -6.2807500E+03  1.691E-02 -7.849E-01 -2.114E-02
 -6.2802500E+03 -1.709E-03 -7.590E-01  7.304E-02
 -6.2797500E+03  1.554E-02 -7.300E-01  2.219E-02
 -6.2792500E+03  2.109E-02 -7.192E-01 -1.112E-02
 -6.2787500E+03 -1.731E-02 -7.097E-01  1.304E-01
 -6.2782500E+03  4.362E-02 -7.996E-01 -8.225E-02
 -6.2777500E+03  6.847E-02 -9.089E-01 -1.157E-01
 -6.2772500E+03  2.090E-02 -6.762E-01  1.025E-02
 -6.2767500E+03  5.038E-02 -7.563E-01 -9.161E-02
 -6.2762500E+03  3.330E-02 -7.978E-01 -4.349E-02
 -6.2757500E+03  1.255E-02 -7.610E-01  2.186E-02
 -6.2752500E+03  5.248E-02 -7.673E-01 -1.077E-01
 -6.2747500E+03  3.720E-02 -7.822E-01 -4.384E-02
 -6.2742500E+03  5.542E-03 -6.703E-01  4.361E-02
 -6.2737500E+03  1.740E-02 -7.724E-01 -1.633E-03
 -6.2732500E+03  2.337E-02 -8.912E-01 -6.769E-03
 -6.2727500E+03  1.127E-02 -5.931E-01  1.498E-02
 -6.2722500E+03  2.918E-02 -6.440E-01 -3.335E-02
 -6.2717500E+03 -2.011E-03 -7.922E-01  8.536E-02
 -6.2712500E+03  2.539E-02 -7.247E-01 -2.820E-02
 -6.2707500E+03  6.132E-02 -6.478E-01 -1.231E-01
 -6.2702500E+03  1.182E-02 -6.553E-01  3.595E-02
 -6.2697500E+03 -4.379E-03 -7.177E-01  6.094E-02
 -6.2692500E+03  2.299E-02 -7.496E-01 -6.055E-03
 -6.2687500E+03  1.686E-02 -7.900E-01  2.745E-02
 -6.2682500E+03 -7.891E-03 -7.000E-01  1.144E-01
 -6.2677500E+03  3.605E-02 -6.549E-01 -5.953E-02
 -6.2672500E+03  3.020E-02 -7.137E-01 -2.318E-02
 -6.2667500E+03  5.976E-02 -7.231E-01 -1.109E-01
 -6.2662500E+03  3.384E-02 -7.299E-01 -3.606E-02
 -6.2657500E+03  5.320E-02 -7.076E-01 -1.284E-01
 -6.2652500E+03  3.628E-02 -7.950E-01 -5.356E-02
 -6.2647500E+03  1.222E-02 -5.968E-01  2.427E-03
 -6.2642500E+03  8.426E-03 -7.043E-01  3.169E-02
 -6.2637500E+03  3.559E-02 -6.722E-01 -6.801E-02
 -6.2632500E+03  2.714E-02 -6.909E-01 -2.918E-02
 -6.2627500E+03  2.568E-02 -7.552E-01 -2.768E-02
 -6.2622500E+03  5.838E-02 -6.965E-01 -1.288E-01
 -6.2617500E+03  3.404E-02 -5.609E-01 -5.814E-02
 -6.2612500E+03 -3.322E-02 -6.775E-01  1.881E-01
 -6.2607500E+03 -5.917E-03 -6.394E-01  9.014E-02
 -6.2602500E+03  5.279E-02 -6.986E-01 -8.297E-02
 -6.2597500E+03  3.466E-02 -7.580E-01 -2.573E-02
 -6.2592500E+03  1.266E-02 -6.971E-01  2.453E-02
 -6.2587500E+03  2.056E-02 -5.847E-01  2.447E-03
 -6.2582500E+03  4.098E-02 -6.304E-01 -8.553E-02
 -6.2577500E+03  1.077E-02 -6.301E-01  2.160E-02
 -6.2572500E+03  3.904E-03 -5.878E-01  5.438E-02
 -6.2567500E+03  3.747E-02 -8.028E-01 -4.099E-02
 -6.2562500E+03  3.610E-02 -7.126E-01 -4.699E-02
 -6.2557500E+03  2.104E-02 -7.729E-01 -2.355E-03
 -6.2552500E+03  3.238E-02 -6.267E-01 -4.854E-02
 -6.2547500E+03  3.790E-03 -5.663E-01  3.801E-02
 -6.2542500E+03 -1.408E-03 -5.949E-01  5.357E-02
 -6.2537500E+03  4.276E-02 -6.382E-01 -9.181E-02
 -6.2532500E+03  1.966E-02 -5.583E-01 -2.451E-02
 -6.2527500E+03  2.623E-02 -5.945E-01 -1.736E-02
 -6.2522500E+03  4.311E-02 -6.667E-01 -6.387E-02
 -6.2517500E+03  3.302E-02 -6.337E-01 -3.960E-02
 -6.2512500E+03  4.428E-02 -6.531E-01 -8.308E-02
 -6.2507500E+03  7.417E-02 -5.559E-01 -2.037E-01
 -6.2502500E+03  1.306E-02 -5.101E-01  4.713E-03
 -6.2497500E+03  2.998E-03 -5.986E-01  4.367E-02
 -6.2492500E+03  3.691E-02 -6.052E-01 -7.166E-02
 -6.2487500E+03  2.464E-02 -5.800E-01 -4.120E-02
 -6.2482500E+03  6.093E-02 -6.621E-01 -1.359E-01
 -6.2477500E+03  1.305E-02 -6.107E-01  2.689E-02
 -6.2472500E+03 -4.314E-03 -5.750E-01  7.162E-02
 -6.2467500E+03  1.529E-02 -5.578E-01  1.022E-02
 -6.2462500E+03  3.491E-03 -5.852E-01  3.486E-02
 -6.2457500E+03  1.298E-02 -5.134E-01 -7.781E-03
 -6.2452500E+03  2.916E-02 -5.483E-01 -3.926E-02
 -6.2447500E+03  1.857E-02 -6.775E-01 -4.464E-04
 -6.2442500E+03 -1.378E-02 -6.123E-01  9.628E-02
 -6.2437500E+03  2.797E-02 -5.665E-01 -3.606E-02
 -6.2432500E+03  1.172E-02 -6.331E-01  1.489E-02
 -6.2427500E+03  5.856E-02 -4.893E-01 -1.337E-01
 -6.2422500E+03  1.562E-02 -5.217E-01 -9.844E-03
 -6.2417500E+03 -6.488E-03 -4.997E-01  6.284E-02
 -6.2412500E+03 -1.305E-02 -5.131E-01  7.866E-02
 -6.2407500E+03  1.104E-02 -6.650E-01  3.299E-02
 -6.2402500E+03  3.832E-02 -6.359E-01 -5.966E-02
 -6.2397500E+03  1.163E-02 -6.875E-01  2.655E-02
 -6.2392500E+03  1.159E-03 -5.803E-01  4.563E-02
 -6.2387500E+03  5.138E-02 -6.098E-01 -1.125E-01
 -6.2382500E+03  3.420E-02 -5.736E-01 -7.700E-02
 -6.2377500E+03  1.270E-02 -6.205E-01  6.397E-03
 -6.2372500E+03 -3.495E-03 -4.878E-01 -2.384E-02
 -6.2367500E+03  2.499E-02 -6.053E-01 -2.285E-02
 -6.2362500E+03 -1.316E-02 -5.655E-01  1.035E-01
 -6.2357500E+03  4.344E-02 -5.388E-01 -9.491E-02
 -6.2352500E+03  1.790E-02 -5.350E-01 -3.877E-03
 -6.2347500E+03 -1.988E-02 -4.446E-01  1.141E-01
 -6.2342500E+03  7.071E-03 -5.075E-01  2.584E-02
 -6.2337500E+03  2.661E-02 -5.104E-01 -4.491E-02
 -6.2332500E+03  2.524E-02 -3.575E-01 -6.116E-02
 -6.2327500E+03  5.332E-02 -5.597E-01 -1.102E-01
 -6.2322500E+03 -5.864E-03 -4.792E-01  7.432E-02
 -6.2317500E+03 -7.194E-03 -5.805E-01  8.640E-02
 -6.2312500E+03  2.774E-02 -5.587E-01 -4.510E-02
 -6.2307500E+03  2.507E-02 -6.608E-01 -2.561E-02
 -6.2302500E+03  4.400E-02 -4.814E-01 -1.038E-01
 -6.2297500E+03  3.266E-02 -6.373E-01 -5.493E-02
 -6.2292500E+03  3.175E-02 -6.514E-01 -3.679E-02
 -6.2287500E+03  1.564E-02 -5.264E-01 -2.293E-03
 -6.2282500E+03  1.677E-02 -4.799E-01 -1.437E-02
 -6.2277500E+03 -2.303E-03 -4.554E-01  4.368E-02
 -6.2272500E+03  6.612E-03 -5.384E-01  2.830E-02
 -6.2267500E+03  2.730E-02 -5.527E-01 -2.401E-02
 -6.2262500E+03  3.300E-02 -5.256E-01 -7.046E-02
 -6.2257500E+03  3.673E-02 -4.471E-01 -8.068E-02
 -6.2252500E+03  6.758E-03 -5.619E-01  2.928E-02
 -6.2247500E+03 -1.179E-02 -4.909E-01  8.629E-02
 -6.2242500E+03  5.316E-03 -4.810E-01  3.013E-02
 -6.2237500E+03  4.053E-02 -5.570E-01 -8.720E-02
 -6.2232500E+03  3.258E-02 -4.482E-01 -6.812E-02
 -6.2227500E+03  1.603E-02 -4.280E-01 -2.135E-02
 -6.2222500E+03  2.593E-02 -5.616E-01 -6.690E-02
 -6.2217500E+03  4.330E-03 -5.391E-01  4.616E-02
 -6.2212500E+03  7.710E-03 -4.404E-01  2.076E-02
 -6.2207500E+03  2.261E-03 -4.990E-01  4.348E-02
 -6.2202500E+03 -1.958E-02 -4.705E-01  1.101E-01
 -6.2197500E+03  6.828E-03 -4.157E-01  2.795E-02
 -6.2192500E+03  2.852E-03 -5.608E-01  5.061E-02
 -6.2187500E+03  3.204E-02 -4.927E-01 -6.644E-02
 -6.2182500E+03  1.203E-02 -3.968E-01 -1.267E-02
 -6.2177500E+03 -7.680E-03 -4.835E-01  7.789E-02
 -6.2172500E+03  1.823E-02 -4.984E-01 -1.813E-02
 -6.2167500E+03  1.705E-02 -5.379E-01 -9.498E-03
 -6.2162500E+03  1.562E-02 -5.519E-01  1.834E-03
 -6.2157500E+03  4.541E-02 -4.953E-01 -1.097E-01
 -6.2152500E+03  4.244E-02 -4.669E-01 -8.646E-02
 -6.2147500E+03  2.791E-02 -4.092E-01 -4.589E-02
 -6.2142500E+03 -7.326E-03 -4.324E-01  6.110E-02
 -6.2137500E+03  2.528E-03 -3.994E-01  1.946E-02
 -6.2132500E+03  1.299E-02 -5.290E-01  3.385E-04
 -6.2127500E+03  3.780E-02 -4.424E-01 -7.944E-02
 -6.2122500E+03  2.161E-02 -4.909E-01 -2.180E-02
 -6.2117500E+03  1.353E-02 -4.688E-01  2.877E-02
 -6.2112500E+03  3.467E-02 -4.765E-01 -6.132E-02
 -6.2107500E+03  3.880E-02 -4.871E-01 -8.174E-02
 -6.2102500E+03  2.526E-02 -4.929E-01 -3.455E-02
 -6.2097500E+03  1.011E-02 -4.218E-01  8.384E-03
 -6.2092500E+03 -1.277E-02 -3.215E-01  7.629E-02
 -6.2087500E+03  2.177E-02 -4.652E-01 -3.571E-02
 -6.2082500E+03  1.577E-02 -5.419E-01  2.670E-03
 -6.2077500E+03  3.757E-02 -5.033E-01 -8.289E-02
 -6.2072500E+03  6.731E-03 -4.650E-01  3.024E-02
 -6.2067500E+03  3.494E-02 -4.993E-01 -6.669E-02
 -6.2062500E+03  2.506E-02 -4.973E-01 -4.168E-02
 -6.2057500E+03  1.852E-02 -4.728E-01 -1.645E-02
 -6.2052500E+03 -7.403E-04 -3.437E-01  4.322E-02
 -6.2047500E+03 -2.073E-02 -4.173E-01  1.146E-01
 -6.2042500E+03  5.563E-03 -3.644E-01  2.814E-02
 -6.2037500E+03  8.947E-03 -4.250E-01  7.466E-03
 -6.2032500E+03  3.850E-02 -4.501E-01 -8.171E-02
 -6.2027500E+03  3.594E-02 -5.037E-01 -7.464E-02
 -6.2022500E+03  2.852E-02 -3.833E-01 -4.282E-02
 -6.2017500E+03  2.696E-02 -3.835E-01 -5.823E-02
 -6.2012500E+03  1.314E-02 -4.820E-01 -3.080E-03
 -6.2007500E+03  1.904E-02 -3.411E-01 -2.587E-02
 -6.2002500E+03  1.132E-02 -3.912E-01 -5.526E-03
 -6.1997500E+03  1.061E-02 -5.353E-01  2.473E-02
 -6.1992500E+03  1.352E-02 -4.367E-01  1.499E-02
 -6.1987500E+03  3.503E-02 -4.811E-01 -6.854E-02
 -6.1982500E+03  1.973E-02 -5.226E-01 -1.815E-02
 -6.1977500E+03  1.502E-02 -3.868E-01 -1.488E-02
 -6.1972500E+03  1.746E-02 -4.211E-01 -2.040E-02
 -6.1967500E+03  1.346E-02 -3.499E-01 -4.597E-03
 -6.1962500E+03 -5.177E-04 -3.938E-01  4.034E-02
 -6.1957500E+03  1.702E-02 -3.750E-01 -1.298E-02
 -6.1952500E+03  4.768E-02 -3.931E-01 -1.190E-01
 -6.1947500E+03  2.149E-02 -4.758E-01 -3.483E-02
 -6.1942500E+03  3.536E-02 -4.196E-01 -8.391E-02
 -6.1937500E+03  6.963E-03 -3.984E-01 -1.138E-03
 -6.1932500E+03  5.050E-03 -4.211E-01  8.110E-03
 -6.1927500E+03  2.649E-02 -4.599E-01 -8.658E-03
 -6.1922500E+03  4.625E-03 -3.735E-01  1.677E-02
 -6.1917500E+03  4.557E-03 -3.876E-01  2.307E-02
 -6.1912500E+03  2.457E-03 -3.512E-01  3.343E-02
 -6.1907500E+03 -5.512E-04 -4.900E-01  5.799E-02
 -6.1902500E+03  2.943E-02 -4.642E-01 -5.075E-02
 -6.1897500E+03  2.598E-02 -3.277E-01 -7.306E-02
 -6.1892500E+03  4.919E-02 -3.550E-01 -1.292E-01
 -6.1887500E+03  1.065E-02 -3.089E-01  3.590E-04
 -6.1882500E+03  2.041E-02 -3.645E-01 -3.545E-02
 -6.1877500E+03 -8.800E-03 -4.203E-01  7.229E-02
 -6.1872500E+03  8.486E-04 -4.964E-01  3.440E-02
 -6.1867500E+03  1.448E-03 -3.904E-01  4.244E-02
 -6.1862500E+03  4.384E-02 -3.489E-01 -1.296E-01
 -6.1857500E+03  2.941E-02 -4.457E-01 -4.412E-02
 -6.1852500E+03  1.718E-02 -3.709E-01 -2.472E-02
 -6.1847500E+03 -9.679E-04 -3.870E-01  2.867E-02
 -6.1842500E+03  1.265E-02 -3.842E-01 -3.283E-02
 -6.1837500E+03  1.753E-02 -4.545E-01 -1.174E-02
 -6.1832500E+03  2.808E-02 -3.943E-01 -4.429E-02
 -6.1827500E+03  1.367E-02 -3.856E-01 -2.483E-03
