 -3.9797500E+03 -0.000E+00 -0.000E+00  0.000E+00
 -3.9792500E+03 -0.000E+00 -0.000E+00  0.000E+00
 -3.9787500E+03 -0.000E+00 -0.000E+00  0.000E+00
 -3.9782500E+03 -0.000E+00 -0.000E+00  0.000E+00
 -3.9777500E+03 -0.000E+00 -0.000E+00  0.000E+00
 -3.9772500E+03 -0.000E+00 -0.000E+00  0.000E+00
 -3.9767500E+03 -0.000E+00 -0.000E+00  0.000E+00
 -3.9762500E+03 -0.000E+00 -0.000E+00  0.000E+00
 -3.9757500E+03 -0.000E+00 -0.000E+00  0.000E+00
 -3.9752500E+03 -0.000E+00 -0.000E+00  0.000E+00
 -3.9747500E+03 -0.000E+00 -0.000E+00  0.000E+00
 -3.9742500E+03 -0.000E+00 -0.000E+00  0.000E+00
 -3.9737500E+03 -0.000E+00 -0.000E+00  0.000E+00
 -3.9732500E+03 -0.000E+00 -0.000E+00  0.000E+00
 -3.9727500E+03 -0.000E+00 -0.000E+00  0.000E+00
 -3.9722500E+03 -0.000E+00 -0.000E+00  0.000E+00
 -3.9717500E+03 -0.000E+00 -0.000E+00  0.000E+00
 -3.9712500E+03 -0.000E+00 -0.000E+00  0.000E+00
 -3.9707500E+03 -0.000E+00 -0.000E+00  0.000E+00
 -3.9702500E+03 -0.000E+00 -0.000E+00  0.000E+00
 -3.9697500E+03 -0.000E+00 -0.000E+00  0.000E+00
 -3.9692500E+03 -0.000E+00 -0.000E+00  0.000E+00
 -3.9687500E+03 -0.000E+00 -0.000E+00  0.000E+00
 -3.9682500E+03 -0.000E+00 -0.000E+00  0.000E+00
 -3.9677500E+03 -0.000E+00 -0.000E+00  0.000E+00
 -3.9672500E+03 -0.000E+00 -0.000E+00  0.000E+00
 -3.9667500E+03 -0.000E+00 -0.000E+00  0.000E+00
 -3.9662500E+03 -0.000E+00 -0.000E+00  0.000E+00
 -3.9657500E+03 -0.000E+00 -0.000E+00  0.000E+00
 -3.9652500E+03 -0.000E+00 -0.000E+00  0.000E+00
 -3.9647500E+03 -0.000E+00 -0.000E+00  0.000E+00
 -3.9642500E+03 -0.000E+00 -0.000E+00  0.000E+00
 -3.9637500E+03 -0.000E+00 -0.000E+00  0.000E+00
 -3.9632500E+03 -0.000E+00 -0.000E+00  0.000E+00
 -3.9627500E+03 -0.000E+00 -0.000E+00  0.000E+00
 -3.9622500E+03 -0.000E+00 -0.000E+00  0.000E+00
 -3.9617500E+03 -0.000E+00 -0.000E+00  0.000E+00
 -3.9612500E+03 -0.000E+00 -0.000E+00  0.000E+00
 -3.9607500E+03 -0.000E+00 -0.000E+00  0.000E+00
 -3.9602500E+03 -0.000E+00 -0.000E+00  0.000E+00
 -3.9597500E+03 -0.000E+00 -0.000E+00  0.000E+00
 -3.9592500E+03 -0.000E+00 -0.000E+00  0.000E+00
 -3.9587500E+03 -0.000E+00 -0.000E+00  0.000E+00
 -3.9582500E+03 -0.000E+00 -0.000E+00  0.000E+00
 -3.9577500E+03 -0.000E+00 -0.000E+00  0.000E+00
 -3.9572500E+03 -0.000E+00 -0.000E+00  0.000E+00
 -3.9567500E+03 -0.000E+00 -0.000E+00  0.000E+00
 -3.9562500E+03 -0.000E+00 -0.000E+00  0.000E+00
 -3.9557500E+03 -0.000E+00 -0.000E+00  0.000E+00
 -3.9552500E+03 -0.000E+00 -0.000E+00  0.000E+00
 -3.9547500E+03 -0.000E+00 -0.000E+00  0.000E+00
 -3.9542500E+03 -0.000E+00 -0.000E+00  0.000E+00
 -3.9537500E+03 -0.000E+00 -0.000E+00  0.000E+00
 -3.9532500E+03 -0.000E+00 -0.000E+00  0.000E+00
 -3.9527500E+03 -0.000E+00 -0.000E+00  0.000E+00
 -3.9522500E+03 -0.000E+00 -0.000E+00  0.000E+00
 -3.9517500E+03 -0.000E+00 -0.000E+00  0.000E+00
 -3.9512500E+03 -0.000E+00 -0.000E+00  0.000E+00
 -3.9507500E+03 -0.000E+00 -0.000E+00  0.000E+00
 -3.9502500E+03 -0.000E+00 -0.000E+00  0.000E+00
 -3.9497500E+03 -0.000E+00 -0.000E+00  0.000E+00
 -3.9492500E+03 -0.000E+00 -0.000E+00  0.000E+00
 -3.9487500E+03 -0.000E+00 -0.000E+00  0.000E+00
 -3.9482500E+03 -0.000E+00 -0.000E+00  0.000E+00
 -3.9477500E+03 -0.000E+00 -0.000E+00  0.000E+00
 -3.9472500E+03 -0.000E+00 -0.000E+00  0.000E+00
 -3.9467500E+03 -0.000E+00 -0.000E+00  0.000E+00
 -3.9462500E+03 -0.000E+00 -0.000E+00  0.000E+00
 -3.9457500E+03 -0.000E+00 -0.000E+00  0.000E+00
 -3.9452500E+03 -0.000E+00 -0.000E+00  0.000E+00
 -3.9447500E+03 -0.000E+00 -0.000E+00  0.000E+00
 -3.9442500E+03 -0.000E+00 -0.000E+00  0.000E+00
 -3.9437500E+03 -0.000E+00 -0.000E+00  0.000E+00
 -3.9432500E+03 -0.000E+00 -0.000E+00  0.000E+00
 -3.9427500E+03 -0.000E+00 -0.000E+00  0.000E+00
 -3.9422500E+03 -0.000E+00 -0.000E+00  0.000E+00
 -3.9417500E+03 -0.000E+00 -0.000E+00  0.000E+00
 -3.9412500E+03 -0.000E+00 -0.000E+00  0.000E+00
 -3.9407500E+03 -0.000E+00 -0.000E+00  0.000E+00
 -3.9402500E+03 -0.000E+00 -0.000E+00  0.000E+00
 -3.9397500E+03 -0.000E+00 -0.000E+00  0.000E+00
 -3.9392500E+03 -0.000E+00 -0.000E+00  0.000E+00
 -3.9387500E+03 -0.000E+00 -0.000E+00  0.000E+00
 -3.9382500E+03 -0.000E+00 -0.000E+00  0.000E+00
 -3.9377500E+03 -0.000E+00 -0.000E+00  0.000E+00
 -3.9372500E+03 -0.000E+00 -0.000E+00  0.000E+00
 -3.9367500E+03 -0.000E+00 -0.000E+00  0.000E+00
 -3.9362500E+03 -0.000E+00 -0.000E+00  0.000E+00
 -3.9357500E+03 -0.000E+00 -0.000E+00  0.000E+00
 -3.9352500E+03 -0.000E+00 -0.000E+00  0.000E+00
 -3.9347500E+03 -0.000E+00 -0.000E+00  0.000E+00
 -3.9342500E+03 -0.000E+00 -0.000E+00  0.000E+00
 -3.9337500E+03 -0.000E+00 -0.000E+00  0.000E+00
 -3.9332500E+03 -0.000E+00 -0.000E+00  0.000E+00
 -3.9327500E+03 -0.000E+00 -0.000E+00  0.000E+00
 -3.9322500E+03 -0.000E+00 -0.000E+00  0.000E+00
 -3.9317500E+03 -0.000E+00 -0.000E+00  0.000E+00
 -3.9312500E+03 -0.000E+00 -0.000E+00  0.000E+00
 -3.9307500E+03 -0.000E+00 -0.000E+00  0.000E+00
 -3.9302500E+03 -0.000E+00 -0.000E+00  0.000E+00
 -3.9297500E+03 -0.000E+00 -0.000E+00  0.000E+00
 -3.9292500E+03 -0.000E+00 -0.000E+00  0.000E+00
 -3.9287500E+03 -0.000E+00 -0.000E+00  0.000E+00
 -3.9282500E+03 -0.000E+00 -0.000E+00  0.000E+00
 -3.9277500E+03 -0.000E+00 -0.000E+00  0.000E+00
 -3.9272500E+03 -0.000E+00 -0.000E+00  0.000E+00
 -3.9267500E+03 -0.000E+00 -0.000E+00  0.000E+00
 -3.9262500E+03 -0.000E+00 -0.000E+00  0.000E+00
 -3.9257500E+03 -0.000E+00 -0.000E+00  0.000E+00
 -3.9252500E+03 -0.000E+00 -0.000E+00  0.000E+00
 -3.9247500E+03 -0.000E+00 -0.000E+00  0.000E+00
 -3.9242500E+03 -0.000E+00 -0.000E+00  0.000E+00
 -3.9237500E+03 -0.000E+00 -0.000E+00  0.000E+00
 -3.9232500E+03 -0.000E+00 -0.000E+00  0.000E+00
 -3.9227500E+03 -0.000E+00 -0.000E+00  0.000E+00
 -3.9222500E+03 -0.000E+00 -0.000E+00  0.000E+00
 -3.9217500E+03 -0.000E+00 -0.000E+00  0.000E+00
 -3.9212500E+03 -0.000E+00 -0.000E+00  0.000E+00
 -3.9207500E+03 -0.000E+00 -0.000E+00  0.000E+00
 -3.9202500E+03 -0.000E+00 -0.000E+00  0.000E+00
 -3.9197500E+03 -0.000E+00 -0.000E+00  0.000E+00
 -3.9192500E+03 -0.000E+00 -0.000E+00  0.000E+00
 -3.9187500E+03 -0.000E+00 -0.000E+00  0.000E+00
 -3.9182500E+03 -0.000E+00 -0.000E+00  0.000E+00
 -3.9177500E+03 -0.000E+00 -0.000E+00  0.000E+00
 -3.9172500E+03 -0.000E+00 -0.000E+00  0.000E+00
 -3.9167500E+03 -0.000E+00 -0.000E+00  0.000E+00
 -3.9162500E+03 -0.000E+00 -0.000E+00  0.000E+00
 -3.9157500E+03 -0.000E+00 -0.000E+00  0.000E+00
 -3.9152500E+03 -0.000E+00 -0.000E+00  0.000E+00
 -3.9147500E+03 -0.000E+00 -0.000E+00  0.000E+00
 -3.9142500E+03 -0.000E+00 -0.000E+00  0.000E+00
 -3.9137500E+03 -0.000E+00 -0.000E+00  0.000E+00
 -3.9132500E+03 -0.000E+00 -0.000E+00  0.000E+00
 -3.9127500E+03 -0.000E+00 -0.000E+00  0.000E+00
 -3.9122500E+03 -0.000E+00 -0.000E+00  0.000E+00
 -3.9117500E+03 -0.000E+00 -0.000E+00  0.000E+00
 -3.9112500E+03 -0.000E+00 -0.000E+00  0.000E+00
 -3.9107500E+03 -0.000E+00 -0.000E+00  0.000E+00
 -3.9102500E+03 -0.000E+00 -0.000E+00  0.000E+00
 -3.9097500E+03 -0.000E+00 -0.000E+00  0.000E+00
 -3.9092500E+03 -0.000E+00 -0.000E+00  0.000E+00
 -3.9087500E+03 -0.000E+00 -0.000E+00  0.000E+00
 -3.9082500E+03 -0.000E+00 -0.000E+00  0.000E+00
 -3.9077500E+03 -0.000E+00 -0.000E+00  0.000E+00
 -3.9072500E+03 -0.000E+00 -0.000E+00  0.000E+00
 -3.9067500E+03 -0.000E+00 -0.000E+00  0.000E+00
 -3.9062500E+03 -0.000E+00 -0.000E+00  0.000E+00
 -3.9057500E+03 -0.000E+00 -0.000E+00  0.000E+00
 -3.9052500E+03 -0.000E+00 -0.000E+00  0.000E+00
 -3.9047500E+03 -0.000E+00 -0.000E+00  0.000E+00
 -3.9042500E+03 -0.000E+00 -0.000E+00  0.000E+00
 -3.9037500E+03 -0.000E+00 -0.000E+00  0.000E+00
 -3.9032500E+03 -0.000E+00 -0.000E+00  0.000E+00
 -3.9027500E+03 -0.000E+00 -0.000E+00  0.000E+00
 -3.9022500E+03 -0.000E+00 -0.000E+00  0.000E+00
 -3.9017500E+03 -0.000E+00 -0.000E+00  0.000E+00
 -3.9012500E+03 -0.000E+00 -0.000E+00  0.000E+00
 -3.9007500E+03 -0.000E+00 -0.000E+00  0.000E+00
 -3.9002500E+03 -0.000E+00 -0.000E+00  0.000E+00
 -3.8997500E+03 -0.000E+00 -0.000E+00  0.000E+00
 -3.8992500E+03 -0.000E+00 -0.000E+00  0.000E+00
 -3.8987500E+03 -0.000E+00 -0.000E+00  0.000E+00
 -3.8982500E+03 -0.000E+00 -0.000E+00  0.000E+00
 -3.8977500E+03 -0.000E+00 -0.000E+00  0.000E+00
 -3.8972500E+03 -0.000E+00 -0.000E+00  0.000E+00
 -3.8967500E+03 -0.000E+00 -0.000E+00  0.000E+00
 -3.8962500E+03 -0.000E+00 -0.000E+00  0.000E+00
 -3.8957500E+03 -0.000E+00 -0.000E+00  0.000E+00
 -3.8952500E+03 -0.000E+00 -0.000E+00  0.000E+00
 -3.8947500E+03 -0.000E+00 -0.000E+00  0.000E+00
 -3.8942500E+03 -0.000E+00 -0.000E+00  0.000E+00
 -3.8937500E+03 -0.000E+00 -0.000E+00  0.000E+00
 -3.8932500E+03 -0.000E+00 -0.000E+00  0.000E+00
 -3.8927500E+03 -0.000E+00 -0.000E+00  0.000E+00
 -3.8922500E+03 -0.000E+00 -0.000E+00  0.000E+00
 -3.8917500E+03 -0.000E+00 -0.000E+00  0.000E+00
 -3.8912500E+03 -0.000E+00 -0.000E+00  0.000E+00
 -3.8907500E+03 -0.000E+00 -0.000E+00  0.000E+00
 -3.8902500E+03 -0.000E+00 -0.000E+00  0.000E+00
 -3.8897500E+03 -0.000E+00 -0.000E+00  0.000E+00
 -3.8892500E+03 -0.000E+00 -0.000E+00  0.000E+00
 -3.8887500E+03 -0.000E+00 -0.000E+00  0.000E+00
 -3.8882500E+03 -0.000E+00 -0.000E+00  0.000E+00
 -3.8877500E+03 -0.000E+00 -0.000E+00  0.000E+00
 -3.8872500E+03 -0.000E+00 -0.000E+00  0.000E+00
 -3.8867500E+03 -0.000E+00 -0.000E+00  0.000E+00
 -3.8862500E+03 -0.000E+00 -0.000E+00  0.000E+00
 -3.8857500E+03 -0.000E+00 -0.000E+00  0.000E+00
 -3.8852500E+03 -0.000E+00 -0.000E+00  0.000E+00
 -3.8847500E+03 -0.000E+00 -0.000E+00  0.000E+00
 -3.8842500E+03 -0.000E+00 -0.000E+00  0.000E+00
 -3.8837500E+03 -0.000E+00 -0.000E+00  0.000E+00
 -3.8832500E+03 -0.000E+00 -0.000E+00  0.000E+00
 -3.8827500E+03 -0.000E+00 -0.000E+00  0.000E+00
 -3.8822500E+03 -0.000E+00 -0.000E+00  0.000E+00
 -3.8817500E+03 -0.000E+00 -0.000E+00  0.000E+00
 -3.8812500E+03 -0.000E+00 -0.000E+00  0.000E+00
 -3.8807500E+03 -0.000E+00 -0.000E+00  0.000E+00
 -3.8802500E+03 -0.000E+00 -0.000E+00  0.000E+00
 -3.8797500E+03 -0.000E+00 -0.000E+00  0.000E+00
 -3.8792500E+03 -0.000E+00 -0.000E+00  0.000E+00
 -3.8787500E+03 -0.000E+00 -0.000E+00  0.000E+00
 -3.8782500E+03 -0.000E+00 -0.000E+00  0.000E+00
 -3.8777500E+03 -0.000E+00 -0.000E+00  0.000E+00
 -3.8772500E+03 -0.000E+00 -0.000E+00  0.000E+00
 -3.8767500E+03 -0.000E+00 -0.000E+00  0.000E+00
 -3.8762500E+03 -0.000E+00 -0.000E+00  0.000E+00
 -3.8757500E+03 -0.000E+00 -0.000E+00  0.000E+00
 -3.8752500E+03 -0.000E+00 -0.000E+00  0.000E+00
 -3.8747500E+03 -0.000E+00 -0.000E+00  0.000E+00
 -3.8742500E+03 -0.000E+00 -0.000E+00  0.000E+00
 -3.8737500E+03 -0.000E+00 -0.000E+00  0.000E+00
 -3.8732500E+03 -0.000E+00 -0.000E+00  0.000E+00
 -3.8727500E+03 -0.000E+00 -0.000E+00  0.000E+00
 -3.8722500E+03 -0.000E+00 -0.000E+00  0.000E+00
 -3.8717500E+03 -0.000E+00 -0.000E+00  0.000E+00
 -3.8712500E+03 -0.000E+00 -0.000E+00  0.000E+00
 -3.8707500E+03 -0.000E+00 -0.000E+00  0.000E+00
 -3.8702500E+03 -0.000E+00 -0.000E+00  0.000E+00
 -3.8697500E+03 -0.000E+00 -0.000E+00  0.000E+00
 -3.8692500E+03 -0.000E+00 -0.000E+00  0.000E+00
 -3.8687500E+03 -0.000E+00 -0.000E+00  0.000E+00
 -3.8682500E+03 -0.000E+00 -0.000E+00  0.000E+00
 -3.8677500E+03 -0.000E+00 -0.000E+00  0.000E+00
 -3.8672500E+03 -0.000E+00 -0.000E+00  0.000E+00
 -3.8667500E+03 -0.000E+00 -0.000E+00  0.000E+00
 -3.8662500E+03 -0.000E+00 -0.000E+00  0.000E+00
 -3.8657500E+03 -0.000E+00 -0.000E+00  0.000E+00
 -3.8652500E+03 -0.000E+00 -0.000E+00  0.000E+00
 -3.8647500E+03 -0.000E+00 -0.000E+00  0.000E+00
 -3.8642500E+03 -0.000E+00 -0.000E+00  0.000E+00
 -3.8637500E+03 -0.000E+00 -0.000E+00  0.000E+00
 -3.8632500E+03 -0.000E+00 -0.000E+00  0.000E+00
 -3.8627500E+03 -0.000E+00 -0.000E+00  0.000E+00
 -3.8622500E+03 -0.000E+00 -0.000E+00  0.000E+00
 -3.8617500E+03 -0.000E+00 -0.000E+00  0.000E+00
 -3.8612500E+03 -0.000E+00 -0.000E+00  0.000E+00
 -3.8607500E+03 -0.000E+00 -0.000E+00  0.000E+00
 -3.8602500E+03 -0.000E+00 -0.000E+00  0.000E+00
 -3.8597500E+03 -0.000E+00 -0.000E+00  0.000E+00
 -3.8592500E+03 -0.000E+00 -0.000E+00  0.000E+00
 -3.8587500E+03 -0.000E+00 -0.000E+00  0.000E+00
 -3.8582500E+03 -0.000E+00 -0.000E+00  0.000E+00
 -3.8577500E+03 -0.000E+00 -0.000E+00  0.000E+00
 -3.8572500E+03 -0.000E+00 -0.000E+00  0.000E+00
 -3.8567500E+03 -0.000E+00 -0.000E+00  0.000E+00
 -3.8562500E+03 -0.000E+00 -0.000E+00  0.000E+00
 -3.8557500E+03 -0.000E+00 -0.000E+00  0.000E+00
 -3.8552500E+03 -0.000E+00 -0.000E+00  0.000E+00
 -3.8547500E+03 -0.000E+00 -0.000E+00  0.000E+00
 -3.8542500E+03 -0.000E+00 -0.000E+00  0.000E+00
 -3.8537500E+03 -0.000E+00 -0.000E+00  0.000E+00
 -3.8532500E+03 -0.000E+00 -0.000E+00  0.000E+00
 -3.8527500E+03 -0.000E+00 -0.000E+00  0.000E+00
 -3.8522500E+03 -0.000E+00 -0.000E+00  0.000E+00
 -3.8517500E+03 -0.000E+00 -0.000E+00  0.000E+00
 -3.8512500E+03 -0.000E+00 -0.000E+00  0.000E+00
 -3.8507500E+03 -0.000E+00 -0.000E+00  0.000E+00
 -3.8502500E+03 -0.000E+00 -0.000E+00  0.000E+00
 -3.8497500E+03 -0.000E+00 -0.000E+00  0.000E+00
 -3.8492500E+03 -0.000E+00 -0.000E+00  0.000E+00
 -3.8487500E+03 -0.000E+00 -0.000E+00  0.000E+00
 -3.8482500E+03 -0.000E+00 -0.000E+00  0.000E+00
 -3.8477500E+03 -0.000E+00 -0.000E+00  0.000E+00
 -3.8472500E+03 -0.000E+00 -0.000E+00  0.000E+00
 -3.8467500E+03 -0.000E+00 -0.000E+00  0.000E+00
 -3.8462500E+03 -0.000E+00 -0.000E+00  0.000E+00
 -3.8457500E+03 -0.000E+00 -0.000E+00  0.000E+00
 -3.8452500E+03 -0.000E+00 -0.000E+00  0.000E+00
 -3.8447500E+03 -0.000E+00 -0.000E+00  0.000E+00
 -3.8442500E+03 -0.000E+00 -0.000E+00  0.000E+00
 -3.8437500E+03 -0.000E+00 -0.000E+00  0.000E+00
 -3.8432500E+03 -0.000E+00 -0.000E+00  0.000E+00
 -3.8427500E+03 -0.000E+00 -0.000E+00  0.000E+00
 -3.8422500E+03 -0.000E+00 -0.000E+00  0.000E+00
 -3.8417500E+03 -0.000E+00 -0.000E+00  0.000E+00
 -3.8412500E+03 -0.000E+00 -0.000E+00  0.000E+00
 -3.8407500E+03 -0.000E+00 -0.000E+00  0.000E+00
 -3.8402500E+03 -0.000E+00 -0.000E+00  0.000E+00
 -3.8397500E+03 -0.000E+00 -0.000E+00  0.000E+00
 -3.8392500E+03 -0.000E+00 -0.000E+00  0.000E+00
 -3.8387500E+03 -0.000E+00 -0.000E+00  0.000E+00
 -3.8382500E+03 -0.000E+00 -0.000E+00  0.000E+00
 -3.8377500E+03 -0.000E+00 -0.000E+00  0.000E+00
 -3.8372500E+03 -0.000E+00 -0.000E+00  0.000E+00
 -3.8367500E+03 -0.000E+00 -0.000E+00  0.000E+00
 -3.8362500E+03 -0.000E+00 -0.000E+00  0.000E+00
 -3.8357500E+03 -0.000E+00 -0.000E+00  0.000E+00
 -3.8352500E+03 -0.000E+00 -0.000E+00  0.000E+00
 -3.8347500E+03 -0.000E+00 -0.000E+00  0.000E+00
 -3.8342500E+03 -0.000E+00 -0.000E+00  0.000E+00
 -3.8337500E+03 -0.000E+00 -0.000E+00  0.000E+00
 -3.8332500E+03 -0.000E+00 -0.000E+00  0.000E+00
 -3.8327500E+03 -0.000E+00 -0.000E+00  0.000E+00
 -3.8322500E+03 -0.000E+00 -0.000E+00  0.000E+00
 -3.8317500E+03 -0.000E+00 -0.000E+00  0.000E+00
 -3.8312500E+03 -0.000E+00 -0.000E+00  0.000E+00
 -3.8307500E+03 -0.000E+00 -0.000E+00  0.000E+00
 -3.8302500E+03 -0.000E+00 -0.000E+00  0.000E+00
 -3.8297500E+03 -0.000E+00 -0.000E+00  0.000E+00
 -3.8292500E+03 -0.000E+00 -0.000E+00  0.000E+00
 -3.8287500E+03 -0.000E+00 -0.000E+00  0.000E+00
 -3.8282500E+03 -0.000E+00 -0.000E+00  0.000E+00
 -3.8277500E+03 -0.000E+00 -0.000E+00  0.000E+00
 -3.8272500E+03 -0.000E+00 -0.000E+00  0.000E+00
 -3.8267500E+03 -0.000E+00 -0.000E+00  0.000E+00
 -3.8262500E+03 -0.000E+00 -0.000E+00  0.000E+00
 -3.8257500E+03 -0.000E+00 -0.000E+00  0.000E+00
 -3.8252500E+03 -9.920E-10 -1.433E-08  3.852E-09
 -3.8247500E+03  2.179E-09  3.140E-08 -8.439E-09
 -3.8242500E+03 -2.327E-09 -3.332E-08  8.951E-09
 -3.8237500E+03 -2.136E-11  3.437E-09  5.249E-11
 -3.8232500E+03  5.645E-06  8.075E-05 -2.198E-05
 -3.8227500E+03  1.647E-04  3.433E-04 -5.802E-04
 -3.8222500E+03  2.048E-04  3.301E-04 -7.096E-04
 -3.8217500E+03  4.714E-05 -1.021E-04 -1.304E-04
 -3.8212500E+03 -1.020E-04  5.546E-04  3.524E-04
 -3.8207500E+03 -1.287E-04 -1.007E-03  4.837E-04
 -3.8202500E+03  2.310E-04 -2.146E-03 -7.197E-04
 -3.8197500E+03  3.902E-05  2.609E-04 -9.129E-05
 -3.8192500E+03  1.278E-04  5.481E-03 -6.310E-04
 -3.8187500E+03  1.107E-03  5.329E-03 -4.039E-03
 -3.8182500E+03 -5.626E-04  3.958E-02  1.834E-03
 -3.8177500E+03 -2.791E-03  3.737E-04  1.005E-02
 -3.8172500E+03 -3.571E-03  2.223E-02  1.256E-02
 -3.8167500E+03 -1.208E-03  4.092E-02  4.296E-03
 -3.8162500E+03 -5.272E-03  1.168E-01  1.933E-02
 -3.8157500E+03 -6.971E-03  5.891E-02  2.543E-02
 -3.8152500E+03  6.611E-03  2.017E-01 -2.283E-02
 -3.8147500E+03 -3.317E-03  2.230E-01  1.313E-02
 -3.8142500E+03 -1.062E-02  2.874E-01  4.044E-02
 -3.8137500E+03  3.181E-02  3.765E-01 -1.115E-01
 -3.8132500E+03 -9.439E-03  4.407E-01  3.810E-02
 -3.8127500E+03 -1.779E-02  7.539E-01  7.244E-02
 -3.8122500E+03 -9.942E-03  8.526E-01  4.590E-02
 -3.8117500E+03  3.228E-04  1.412E+00  1.700E-02
 -3.8112500E+03 -2.407E-02  1.604E+00  1.091E-01
 -3.8107500E+03 -7.695E-03  2.271E+00  6.148E-02
 -3.8102500E+03 -7.199E-02  3.038E+00  3.081E-01
 -3.8097500E+03 -7.767E-02  3.949E+00  3.462E-01
 -3.8092500E+03 -7.336E-02  4.702E+00  3.499E-01
 -3.8087500E+03 -1.213E-01  5.523E+00  5.446E-01
 -3.8082500E+03 -5.038E-02  7.332E+00  3.305E-01
 -3.8077500E+03  3.236E-02  9.020E+00  7.840E-02
 -3.8072500E+03 -1.894E-01  9.975E+00  9.069E-01
 -3.8067500E+03  6.148E-02  1.223E+01  7.324E-02
 -3.8062500E+03 -3.146E-01  1.344E+01  1.465E+00
 -3.8057500E+03 -7.396E-02  1.613E+01  6.879E-01
 -3.8052500E+03  1.868E-01  1.947E+01 -1.351E-01
 -3.8047500E+03 -3.850E-01  2.167E+01  1.994E+00
 -3.8042500E+03 -2.105E-01  2.515E+01  1.497E+00
 -3.8037500E+03  1.839E-01  2.829E+01  2.079E-01
 -3.8032500E+03 -3.878E-01  2.919E+01  2.324E+00
 -3.8027500E+03  7.208E-02  3.327E+01  8.393E-01
 -3.8022500E+03 -2.056E-01  3.598E+01  1.963E+00
 -3.8017500E+03  2.394E-01  3.898E+01  5.236E-01
 -3.8012500E+03  2.814E-01  4.285E+01  5.485E-01
 -3.8007500E+03  2.234E-01  4.507E+01  8.961E-01
 -3.8002500E+03 -5.936E-02  4.817E+01  2.071E+00
 -3.7997500E+03  1.927E-01  5.092E+01  1.336E+00
 -3.7992500E+03  5.401E-01  5.087E+01  1.532E-01
 -3.7987500E+03  3.349E-02  5.216E+01  2.079E+00
 -3.7982500E+03  6.807E-02  5.514E+01  2.134E+00
 -3.7977500E+03  2.270E-01  5.558E+01  1.657E+00
 -3.7972500E+03  5.915E-01  6.018E+01  6.189E-01
 -3.7967500E+03  1.086E-01  5.826E+01  2.331E+00
 -3.7962500E+03  5.360E-01  6.285E+01  1.086E+00
 -3.7957500E+03  1.871E-01  6.068E+01  2.297E+00
 -3.7952500E+03  6.621E-01  6.076E+01  6.824E-01
 -3.7947500E+03  4.621E-01  5.984E+01  1.409E+00
 -3.7942500E+03  6.984E-01  5.859E+01  5.763E-01
 -3.7937500E+03  1.749E-01  5.766E+01  2.475E+00
 -3.7932500E+03  7.342E-01  5.583E+01  4.535E-01
 -3.7927500E+03  1.129E+00  5.543E+01 -9.438E-01
 -3.7922500E+03  2.620E-01  5.362E+01  2.140E+00
 -3.7917500E+03  3.544E-01  5.482E+01  1.941E+00
 -3.7912500E+03  4.155E-01  5.136E+01  1.584E+00
 -3.7907500E+03  7.422E-01  4.609E+01  1.741E-01
 -3.7902500E+03  1.755E-01  4.620E+01  2.248E+00
 -3.7897500E+03  6.913E-01  4.476E+01  3.903E-01
 -3.7892500E+03  5.391E-01  4.160E+01  7.919E-01
 -3.7887500E+03  7.063E-01  4.023E+01  1.398E-01
 -3.7882500E+03 -3.199E-01  3.934E+01  3.784E+00
 -3.7877500E+03  5.122E-01  3.598E+01  6.542E-01
 -3.7872500E+03  2.617E-01  3.161E+01  1.304E+00
 -3.7867500E+03  7.143E-01  3.068E+01 -3.071E-01
 -3.7862500E+03  9.585E-01  2.991E+01 -1.217E+00
 -3.7857500E+03 -9.915E-02  2.692E+01  2.414E+00
 -3.7852500E+03  2.404E-01  2.541E+01  1.134E+00
 -3.7847500E+03  6.126E-01  2.253E+01 -3.891E-01
 -3.7842500E+03  4.504E-01  1.902E+01  1.914E-02
 -3.7837500E+03 -1.940E-02  1.880E+01  1.658E+00
 -3.7832500E+03  7.592E-01  1.702E+01 -1.191E+00
 -3.7827500E+03  9.105E-03  1.376E+01  1.206E+00
 -3.7822500E+03 -6.286E-02  1.249E+01  1.420E+00
 -3.7817500E+03  6.410E-01  9.528E+00 -1.260E+00
 -3.7812500E+03  3.174E-01  1.143E+01  2.580E-02
 -3.7807500E+03  9.935E-02  9.110E+00  6.353E-01
 -3.7802500E+03  5.338E-01  7.635E+00 -9.853E-01
 -3.7797500E+03  3.712E-01  6.395E+00 -4.896E-01
 -3.7792500E+03 -2.335E-01  5.823E+00  1.563E+00
 -3.7787500E+03  9.669E-01  5.552E+00 -2.719E+00
 -3.7782500E+03  2.651E-01  3.507E-01 -5.988E-01
 -3.7777500E+03  1.005E-01  3.231E+00  2.070E-01
 -3.7772500E+03  5.263E-01  1.177E+00 -1.399E+00
 -3.7767500E+03 -6.503E-02 -4.931E-01  5.266E-01
 -3.7762500E+03  4.454E-01  7.659E-02 -1.256E+00
 -3.7757500E+03  1.445E-01 -1.040E+00 -2.602E-01
 -3.7752500E+03  1.419E-02 -2.505E+00  1.173E-01
 -3.7747500E+03 -4.646E-02 -3.717E+00  2.202E-01
 -3.7742500E+03 -2.747E-02 -3.611E+00  1.363E-01
 -3.7737500E+03 -5.224E-02 -3.905E+00  2.295E-01
 -3.7732500E+03  1.673E-01 -5.095E+00 -6.699E-01
 -3.7727500E+03 -1.963E-01 -5.039E+00  6.118E-01
 -3.7722500E+03  1.283E-02 -5.954E+00 -2.004E-01
 -3.7717500E+03 -4.787E-02 -6.074E+00  2.140E-02
 -3.7712500E+03  3.923E-01 -6.159E+00 -1.573E+00
 -3.7707500E+03  1.655E-01 -4.756E+00 -6.367E-01
 -3.7702500E+03 -1.811E-01 -5.773E+00  4.759E-01
 -3.7697500E+03 -4.362E-01 -7.470E+00  1.250E+00
 -3.7692500E+03 -1.264E-01 -7.447E+00  1.574E-01
 -3.7687500E+03  8.156E-02 -7.563E+00 -5.959E-01
 -3.7682500E+03  1.529E-01 -7.820E+00 -8.766E-01
 -3.7677500E+03 -1.187E-02 -8.364E+00 -3.300E-01
 -3.7672500E+03  3.049E-01 -8.145E+00 -1.426E+00
 -3.7667500E+03 -3.252E-01 -9.956E+00  6.439E-01
 -3.7662500E+03 -1.260E-01 -8.079E+00  4.500E-02
 -3.7657500E+03  1.779E-01 -7.677E+00 -9.807E-01
 -3.7652500E+03 -3.894E-01 -7.407E+00  1.071E+00
 -3.7647500E+03 -1.252E-01 -8.820E+00  9.758E-03
 -3.7642500E+03  1.524E-01 -9.276E+00 -1.022E+00
 -3.7637500E+03 -5.533E-02 -8.572E+00 -2.223E-01
 -3.7632500E+03  1.361E-01 -8.841E+00 -9.354E-01
 -3.7627500E+03 -3.060E-01 -9.076E+00  5.998E-01
 -3.7622500E+03 -6.384E-02 -9.070E+00 -2.675E-01
 -3.7617500E+03 -4.934E-01 -9.075E+00  1.275E+00
 -3.7612500E+03  9.397E-02 -8.028E+00 -7.355E-01
 -3.7607500E+03 -1.159E-01 -9.306E+00 -1.019E-01
 -3.7602500E+03  2.601E-01 -9.383E+00 -1.457E+00
 -3.7597500E+03 -4.332E-02 -8.321E+00 -2.921E-01
 -3.7592500E+03 -4.648E-01 -9.667E+00  1.077E+00
 -3.7587500E+03 -1.101E-01 -9.185E+00 -1.328E-01
 -3.7582500E+03 -4.716E-02 -9.362E+00 -3.463E-01
 -3.7577500E+03  1.896E-02 -1.013E+01 -6.680E-01
 -3.7572500E+03  9.585E-02 -8.718E+00 -8.353E-01
 -3.7567500E+03  1.228E-01 -8.652E+00 -9.063E-01
 -3.7562500E+03 -1.496E-01 -8.300E+00  9.124E-02
 -3.7557500E+03 -1.871E-01 -8.865E+00  1.524E-01
 -3.7552500E+03 -7.682E-02 -8.862E+00 -2.247E-01
 -3.7547500E+03 -1.195E-02 -9.420E+00 -4.575E-01
 -3.7542500E+03 -3.328E-01 -9.081E+00  6.300E-01
 -3.7537500E+03 -2.072E-01 -9.404E+00  1.548E-01
 -3.7532500E+03 -1.804E-01 -9.004E+00  1.028E-01
 -3.7527500E+03 -5.446E-02 -8.247E+00 -2.833E-01
 -3.7522500E+03 -1.837E-01 -8.415E+00  1.440E-01
 -3.7517500E+03  2.921E-02 -8.233E+00 -5.453E-01
 -3.7512500E+03  7.486E-02 -7.937E+00 -6.937E-01
 -3.7507500E+03  5.720E-02 -9.586E+00 -7.875E-01
 -3.7502500E+03 -1.054E-01 -9.342E+00 -2.190E-01
 -3.7497500E+03  8.777E-03 -8.191E+00 -5.268E-01
 -3.7492500E+03 -6.208E-02 -8.437E+00 -2.777E-01
 -3.7487500E+03 -1.226E-01 -8.698E+00 -7.799E-02
 -3.7482500E+03 -5.339E-02 -8.194E+00 -2.937E-01
 -3.7477500E+03 -2.943E-01 -8.188E+00  5.429E-01
 -3.7472500E+03  3.596E-02 -7.808E+00 -6.397E-01
 -3.7467500E+03 -7.126E-02 -8.628E+00 -2.870E-01
 -3.7462500E+03 -3.719E-01 -8.170E+00  8.320E-01
 -3.7457500E+03 -1.640E-01 -8.679E+00  2.747E-02
 -3.7452500E+03  1.813E-01 -8.189E+00 -1.136E+00
 -3.7447500E+03  2.384E-01 -8.356E+00 -1.331E+00
 -3.7442500E+03 -1.496E-01 -8.551E+00 -6.231E-03
 -3.7437500E+03 -1.459E-01 -7.776E+00  5.510E-02
 -3.7432500E+03 -1.333E-01 -7.473E+00  3.512E-02
 -3.7427500E+03 -3.126E-01 -8.525E+00  6.043E-01
 -3.7422500E+03 -7.244E-02 -8.544E+00 -2.366E-01
 -3.7417500E+03 -6.000E-02 -7.343E+00 -2.000E-01
 -3.7412500E+03 -1.997E-03 -7.323E+00 -4.341E-01
 -3.7407500E+03  9.257E-02 -8.277E+00 -8.459E-01
 -3.7402500E+03  6.129E-02 -8.041E+00 -7.023E-01
 -3.7397500E+03 -8.535E-02 -7.556E+00 -1.511E-01
 -3.7392500E+03 -1.561E-01 -7.730E+00  7.087E-02
 -3.7387500E+03 -1.722E-01 -7.290E+00  1.485E-01
 -3.7382500E+03 -3.209E-02 -7.660E+00 -3.573E-01
 -3.7377500E+03 -1.421E-01 -7.558E+00  3.980E-02
 -3.7372500E+03 -3.217E-01 -7.092E+00  7.314E-01
 -3.7367500E+03 -8.676E-03 -6.958E+00 -3.694E-01
 -3.7362500E+03 -1.127E-01 -7.280E+00 -5.031E-02
 -3.7357500E+03 -8.404E-02 -7.007E+00 -1.150E-01
 -3.7352500E+03 -6.082E-02 -7.397E+00 -2.493E-01
 -3.7347500E+03  1.214E-03 -7.052E+00 -3.971E-01
 -3.7342500E+03 -9.548E-02 -7.072E+00 -8.098E-02
 -3.7337500E+03 -1.788E-01 -7.404E+00  1.869E-01
 -3.7332500E+03 -1.751E-01 -7.637E+00  1.283E-01
 -3.7327500E+03  2.467E-02 -6.708E+00 -4.712E-01
 -3.7322500E+03 -1.441E-01 -7.211E+00  5.389E-02
 -3.7317500E+03  3.340E-02 -6.785E+00 -5.397E-01
 -3.7312500E+03  6.879E-02 -7.598E+00 -7.038E-01
 -3.7307500E+03 -1.260E-01 -7.307E+00 -6.951E-03
 -3.7302500E+03  2.821E-02 -6.310E+00 -4.645E-01
 -3.7297500E+03 -5.695E-02 -6.516E+00 -1.631E-01
 -3.7292500E+03  5.527E-02 -7.293E+00 -6.643E-01
 -3.7287500E+03  3.541E-02 -6.844E+00 -5.509E-01
 -3.7282500E+03 -3.402E-02 -6.398E+00 -2.713E-01
 -3.7277500E+03 -3.053E-02 -6.579E+00 -3.119E-01
 -3.7272500E+03 -8.586E-02 -5.944E+00 -3.924E-02
 -3.7267500E+03 -1.448E-01 -6.748E+00  8.220E-02
 -3.7262500E+03 -7.427E-02 -7.101E+00 -1.753E-01
 -3.7257500E+03 -1.602E-02 -6.712E+00 -3.578E-01
 -3.7252500E+03 -1.695E-01 -6.796E+00  1.875E-01
 -3.7247500E+03 -2.176E-01 -6.128E+00  4.069E-01
 -3.7242500E+03 -4.794E-03 -6.407E+00 -3.496E-01
 -3.7237500E+03 -1.104E-01 -6.216E+00  3.340E-03
 -3.7232500E+03 -1.665E-01 -6.339E+00  2.077E-01
 -3.7227500E+03 -1.929E-01 -6.497E+00  2.950E-01
 -3.7222500E+03 -3.655E-02 -6.417E+00 -2.596E-01
 -3.7217500E+03 -1.778E-01 -5.422E+00  3.449E-01
 -3.7212500E+03 -4.328E-02 -5.888E+00 -2.058E-01
 -3.7207500E+03 -7.050E-02 -6.169E+00 -1.115E-01
 -3.7202500E+03 -1.480E-01 -6.110E+00  1.555E-01
 -3.7197500E+03 -4.697E-02 -6.094E+00 -1.918E-01
 -3.7192500E+03  4.895E-02 -6.011E+00 -5.440E-01
 -3.7187500E+03  1.250E-02 -5.736E+00 -4.140E-01
 -3.7182500E+03  7.585E-02 -5.771E+00 -6.089E-01
 -3.7177500E+03 -3.094E-02 -5.793E+00 -2.428E-01
 -3.7172500E+03 -9.568E-02 -6.199E+00 -6.030E-02
 -3.7167500E+03 -1.654E-01 -5.761E+00  2.470E-01
 -3.7162500E+03 -4.000E-02 -5.439E+00 -1.707E-01
 -3.7157500E+03 -1.216E-01 -5.902E+00  5.942E-02
 -3.7152500E+03 -5.446E-02 -6.017E+00 -1.737E-01
 -3.7147500E+03 -1.266E-01 -5.825E+00  9.845E-02
 -3.7142500E+03 -2.403E-01 -5.935E+00  4.855E-01
 -3.7137500E+03 -1.336E-01 -5.898E+00  1.083E-01
 -3.7132500E+03  4.316E-02 -5.404E+00 -4.449E-01
 -3.7127500E+03  5.026E-02 -5.232E+00 -4.796E-01
 -3.7122500E+03 -4.480E-02 -4.925E+00 -1.171E-01
 -3.7117500E+03 -1.179E-01 -4.945E+00  1.348E-01
 -3.7112500E+03 -2.469E-02 -5.518E+00 -2.484E-01
 -3.7107500E+03  3.453E-02 -5.067E+00 -4.469E-01
 -3.7102500E+03  2.508E-02 -5.665E+00 -4.441E-01
 -3.7097500E+03 -6.934E-02 -5.237E+00 -8.293E-02
 -3.7092500E+03 -5.137E-02 -5.588E+00 -1.581E-01
 -3.7087500E+03 -8.808E-02 -5.826E+00 -4.584E-02
 -3.7082500E+03 -1.164E-01 -5.534E+00  9.382E-02
 -3.7077500E+03 -1.314E-03 -5.109E+00 -3.134E-01
 -3.7072500E+03 -1.362E-01 -4.993E+00  1.737E-01
 -3.7067500E+03 -1.037E-01 -4.900E+00  8.878E-02
 -3.7062500E+03  1.417E-02 -5.597E+00 -4.077E-01
 -3.7057500E+03 -1.955E-02 -4.569E+00 -2.010E-01
 -3.7052500E+03 -9.927E-02 -4.941E+00  9.803E-02
 -3.7047500E+03 -2.933E-02 -5.117E+00 -2.145E-01
 -3.7042500E+03 -6.927E-02 -5.174E+00 -1.020E-01
 -3.7037500E+03 -3.711E-02 -4.667E+00 -1.377E-01
 -3.7032500E+03 -9.352E-02 -5.196E+00  2.894E-02
 -3.7027500E+03 -6.891E-02 -5.356E+00 -6.511E-02
 -3.7022500E+03 -1.528E-01 -5.252E+00  2.304E-01
 -3.7017500E+03 -6.703E-02 -5.049E+00 -7.073E-02
 -3.7012500E+03 -3.164E-02 -4.880E+00 -1.759E-01
 -3.7007500E+03 -5.137E-02 -4.900E+00 -1.062E-01
 -3.7002500E+03 -2.319E-02 -4.738E+00 -2.041E-01
 -3.6997500E+03  1.875E-02 -4.283E+00 -3.123E-01
 -3.6992500E+03 -1.922E-02 -4.567E+00 -2.282E-01
 -3.6987500E+03 -5.503E-02 -4.726E+00 -7.214E-02
 -3.6982500E+03 -2.754E-02 -4.756E+00 -1.815E-01
 -3.6977500E+03 -9.585E-02 -4.262E+00  8.802E-02
 -3.6972500E+03 -6.254E-02 -4.297E+00 -2.456E-02
 -3.6967500E+03 -6.130E-02 -4.540E+00 -5.973E-02
 -3.6962500E+03 -1.944E-02 -4.663E+00 -2.094E-01
 -3.6957500E+03 -8.333E-02 -4.347E+00  4.208E-02
 -3.6952500E+03  1.122E-01 -4.765E+00 -6.717E-01
 -3.6947500E+03 -8.983E-02 -4.490E+00  4.698E-02
 -3.6942500E+03 -1.089E-01 -4.337E+00  1.362E-01
 -3.6937500E+03 -4.860E-02 -4.386E+00 -1.288E-01
 -3.6932500E+03 -7.971E-02 -4.430E+00  2.571E-02
 -3.6927500E+03 -3.639E-02 -4.371E+00 -1.314E-01
 -3.6922500E+03 -9.864E-02 -4.586E+00  6.555E-02
 -3.6917500E+03  3.465E-03 -3.932E+00 -2.290E-01
 -3.6912500E+03  2.333E-02 -4.471E+00 -3.297E-01
 -3.6907500E+03  4.329E-02 -4.353E+00 -4.200E-01
 -3.6902500E+03 -6.221E-02 -4.220E+00 -3.635E-02
 -3.6897500E+03 -8.022E-02 -4.216E+00  1.188E-02
 -3.6892500E+03  5.504E-03 -4.183E+00 -2.708E-01
 -3.6887500E+03 -4.635E-02 -4.099E+00 -7.528E-02
 -3.6882500E+03 -4.387E-02 -4.141E+00 -6.488E-02
 -3.6877500E+03 -5.096E-02 -4.210E+00 -4.495E-02
 -3.6872500E+03 -2.346E-02 -4.063E+00 -1.639E-01
 -3.6867500E+03  4.547E-02 -4.325E+00 -4.247E-01
 -3.6862500E+03 -2.249E-03 -4.187E+00 -2.422E-01
 -3.6857500E+03 -4.550E-02 -4.327E+00 -7.868E-02
 -3.6852500E+03 -6.768E-02 -3.718E+00  1.595E-02
 -3.6847500E+03 -2.125E-02 -3.875E+00 -1.612E-01
 -3.6842500E+03 -1.186E-01 -4.191E+00  1.859E-01
 -3.6837500E+03 -3.334E-03 -4.332E+00 -2.632E-01
 -3.6832500E+03 -2.732E-02 -4.139E+00 -2.280E-01
 -3.6827500E+03 -1.622E-02 -3.929E+00 -1.343E-01
 -3.6822500E+03  4.534E-03 -3.913E+00 -2.321E-01
 -3.6817500E+03  6.836E-02 -3.864E+00 -4.582E-01
 -3.6812500E+03 -9.160E-02 -3.855E+00  8.239E-02
 -3.6807500E+03 -8.345E-02 -3.816E+00  6.555E-02
 -3.6802500E+03  1.578E-02 -3.540E+00 -2.508E-01
 -3.6797500E+03 -4.613E-02 -4.107E+00 -8.617E-02
 -3.6792500E+03 -1.929E-02 -3.889E+00 -1.535E-01
 -3.6787500E+03 -1.386E-02 -3.809E+00 -1.231E-01
 -3.6782500E+03 -2.001E-02 -3.724E+00 -1.219E-01
 -3.6777500E+03 -6.762E-03 -3.677E+00 -1.858E-01
 -3.6772500E+03  4.186E-03 -3.541E+00 -2.042E-01
 -3.6767500E+03 -3.134E-02 -3.241E+00 -6.526E-02
 -3.6762500E+03 -6.754E-02 -3.399E+00  5.350E-02
 -3.6757500E+03  1.103E-02 -3.784E+00 -2.668E-01
 -3.6752500E+03 -8.334E-02 -3.728E+00  6.522E-02
 -3.6747500E+03 -7.634E-02 -3.524E+00  5.141E-02
 -3.6742500E+03 -2.265E-02 -3.525E+00 -1.330E-01
 -3.6737500E+03 -3.172E-02 -3.572E+00 -8.232E-02
 -3.6732500E+03 -7.771E-02 -3.633E+00  5.368E-02
 -3.6727500E+03 -7.007E-02 -3.433E+00  4.615E-02
 -3.6722500E+03 -3.002E-02 -3.408E+00 -8.912E-02
 -3.6717500E+03 -9.507E-02 -3.521E+00  1.368E-01
 -3.6712500E+03 -1.597E-02 -3.357E+00 -1.499E-01
 -3.6707500E+03  3.015E-02 -3.472E+00 -3.038E-01
 -3.6702500E+03  2.711E-02 -3.250E+00 -2.666E-01
 -3.6697500E+03 -5.169E-02 -3.213E+00 -1.219E-02
 -3.6692500E+03 -1.988E-02 -3.284E+00 -1.281E-01
 -3.6687500E+03 -1.002E-01 -2.973E+00  2.096E-01
 -3.6682500E+03 -3.625E-02 -3.446E+00 -7.471E-02
 -3.6677500E+03 -3.950E-02 -3.254E+00 -4.350E-02
 -3.6672500E+03 -4.904E-02 -3.441E+00 -3.183E-02
 -3.6667500E+03 -1.061E-01 -3.448E+00  1.831E-01
 -3.6662500E+03 -5.612E-02 -3.245E+00  7.919E-03
 -3.6657500E+03  2.898E-02 -3.309E+00 -3.139E-01
 -3.6652500E+03 -1.105E-01 -3.183E+00  1.930E-01
 -3.6647500E+03 -4.144E-02 -3.171E+00 -3.586E-02
 -3.6642500E+03 -1.858E-02 -3.460E+00 -1.238E-01
 -3.6637500E+03 -1.858E-02 -3.785E+00 -1.497E-01
 -3.6632500E+03 -1.350E-01 -3.431E+00  2.822E-01
 -3.6627500E+03 -5.782E-02 -2.881E+00  3.991E-02
 -3.6622500E+03 -1.107E-02 -2.914E+00 -1.391E-01
 -3.6617500E+03 -5.276E-02 -3.168E+00  9.568E-03
 -3.6612500E+03 -4.448E-02 -2.991E+00 -2.116E-02
 -3.6607500E+03  3.468E-03 -3.142E+00 -1.954E-01
 -3.6602500E+03 -2.387E-02 -2.981E+00 -8.369E-02
 -3.6597500E+03  4.220E-03 -3.105E+00 -1.995E-01
 -3.6592500E+03  3.239E-03 -3.016E+00 -1.855E-01
 -3.6587500E+03  6.624E-03 -3.028E+00 -2.041E-01
 -3.6582500E+03 -1.026E-01 -2.852E+00  2.045E-01
 -3.6577500E+03 -6.194E-02 -2.806E+00  5.707E-02
 -3.6572500E+03 -8.825E-02 -2.831E+00  1.731E-01
 -3.6567500E+03 -2.623E-02 -3.194E+00 -8.296E-02
 -3.6562500E+03 -1.003E-02 -3.084E+00 -1.596E-01
 -3.6557500E+03 -3.787E-02 -2.997E+00 -3.088E-02
 -3.6552500E+03 -8.421E-02 -2.687E+00  1.337E-01
 -3.6547500E+03  1.739E-02 -2.736E+00 -2.078E-01
 -3.6542500E+03 -3.657E-02 -2.924E+00 -3.995E-02
 -3.6537500E+03 -6.901E-02 -2.889E+00  5.044E-02
 -3.6532500E+03 -3.354E-02 -2.789E+00 -3.332E-02
 -3.6527500E+03 -7.333E-02 -2.776E+00  8.915E-02
 -3.6522500E+03 -7.127E-02 -2.651E+00  9.511E-02
 -3.6517500E+03 -4.021E-02 -2.922E+00 -3.095E-02
 -3.6512500E+03  4.337E-02 -2.663E+00 -2.758E-01
 -3.6507500E+03 -7.696E-02 -2.838E+00  1.004E-01
 -3.6502500E+03 -4.920E-03 -2.851E+00 -1.665E-01
 -3.6497500E+03  5.948E-03 -2.792E+00 -1.946E-01
 -3.6492500E+03 -5.240E-02 -2.836E+00  2.335E-02
 -3.6487500E+03 -2.927E-02 -2.666E+00 -4.411E-02
 -3.6482500E+03  1.061E-02 -2.675E+00 -1.908E-01
 -3.6477500E+03 -4.543E-02 -2.658E+00  1.891E-02
 -3.6472500E+03  2.847E-03 -2.721E+00 -1.664E-01
 -3.6467500E+03  4.281E-02 -2.864E+00 -3.118E-01
 -3.6462500E+03 -3.675E-02 -2.775E+00 -3.539E-02
 -3.6457500E+03 -6.255E-02 -2.622E+00  7.828E-02
 -3.6452500E+03 -1.080E-01 -2.718E+00  2.239E-01
 -3.6447500E+03  2.555E-02 -2.483E+00 -2.344E-01
 -3.6442500E+03  7.598E-02 -2.196E+00 -3.775E-01
 -3.6437500E+03  3.020E-02 -2.571E+00 -2.429E-01
 -3.6432500E+03 -4.968E-02 -2.634E+00  1.034E-02
 -3.6427500E+03 -2.670E-02 -2.696E+00 -5.003E-02
 -3.6422500E+03 -1.042E-02 -2.331E+00 -8.658E-02
 -3.6417500E+03 -6.863E-02 -2.491E+00  1.037E-01
 -3.6412500E+03 -7.681E-02 -2.645E+00  1.006E-01
 -3.6407500E+03 -1.023E-02 -2.484E+00 -1.015E-01
 -3.6402500E+03 -2.253E-02 -2.416E+00 -4.349E-02
 -3.6397500E+03  6.682E-02 -2.789E+00 -3.804E-01
 -3.6392500E+03 -1.249E-02 -2.353E+00 -8.268E-02
 -3.6387500E+03  1.523E-02 -2.640E+00 -2.030E-01
 -3.6382500E+03 -3.828E-02 -2.315E+00  1.663E-02
 -3.6377500E+03 -4.032E-02 -2.420E+00  1.202E-02
 -3.6372500E+03 -1.808E-02 -2.428E+00 -6.739E-02
 -3.6367500E+03 -2.130E-02 -2.373E+00 -6.248E-02
 -3.6362500E+03 -1.830E-02 -2.245E+00 -5.070E-02
 -3.6357500E+03 -2.854E-02 -2.556E+00 -3.488E-02
 -3.6352500E+03 -5.288E-02 -2.238E+00  5.126E-02
 -3.6347500E+03 -6.206E-03 -2.185E+00 -8.128E-02
 -3.6342500E+03 -4.034E-02 -2.390E+00  2.218E-02
 -3.6337500E+03 -1.879E-02 -2.190E+00 -7.815E-02
 -3.6332500E+03 -3.088E-02 -2.448E+00 -4.934E-02
 -3.6327500E+03  5.133E-02 -2.263E+00 -3.228E-01
 -3.6322500E+03 -2.644E-02 -2.265E+00 -4.311E-02
 -3.6317500E+03 -5.736E-04 -2.149E+00 -1.052E-01
 -3.6312500E+03 -5.358E-02 -2.522E+00  5.328E-02
 -3.6307500E+03 -6.792E-02 -2.260E+00  1.357E-01
 -3.6302500E+03  2.694E-02 -2.148E+00 -2.043E-01
 -3.6297500E+03  2.185E-02 -2.353E+00 -2.067E-01
 -3.6292500E+03 -4.138E-02 -2.320E+00 -5.508E-03
 -3.6287500E+03 -5.020E-02 -2.264E+00  3.734E-02
 -3.6282500E+03 -3.561E-02 -2.178E+00  5.733E-03
 -3.6277500E+03 -1.694E-02 -2.058E+00 -6.094E-02
 -3.6272500E+03  3.505E-02 -2.254E+00 -2.517E-01
 -3.6267500E+03 -7.981E-02 -2.248E+00  1.656E-01
 -3.6262500E+03 -4.906E-02 -2.243E+00  5.474E-02
 -3.6257500E+03 -3.540E-02 -2.125E+00  2.929E-03
 -3.6252500E+03 -3.423E-02 -2.025E+00  3.183E-03
 -3.6247500E+03 -5.529E-02 -2.193E+00  6.186E-02
 -3.6242500E+03 -3.979E-02 -1.993E+00  3.160E-02
 -3.6237500E+03  2.751E-03 -2.052E+00 -1.172E-01
 -3.6232500E+03  1.412E-02 -2.241E+00 -1.804E-01
 -3.6227500E+03 -4.404E-02 -2.059E+00  3.302E-02
 -3.6222500E+03 -1.866E-02 -2.021E+00 -4.682E-02
 -3.6217500E+03 -3.469E-02 -2.146E+00  2.850E-03
 -3.6212500E+03 -2.788E-02 -1.942E+00 -6.254E-03
 -3.6207500E+03 -3.895E-02 -1.901E+00  2.749E-02
 -3.6202500E+03 -5.799E-03 -1.881E+00 -8.190E-02
 -3.6197500E+03 -2.138E-02 -2.168E+00 -4.730E-02
 -3.6192500E+03  5.389E-02 -1.997E+00 -2.963E-01
 -3.6187500E+03  1.223E-02 -2.078E+00 -1.710E-01
 -3.6182500E+03 -6.834E-02 -2.044E+00  1.183E-01
 -3.6177500E+03 -1.509E-02 -2.080E+00 -4.193E-02
 -3.6172500E+03 -1.971E-02 -1.962E+00 -2.972E-02
 -3.6167500E+03  3.570E-03 -2.024E+00 -1.328E-01
 -3.6162500E+03 -4.197E-02 -1.925E+00  4.602E-02
 -3.6157500E+03 -2.725E-02 -1.963E+00 -1.012E-02
 -3.6152500E+03  5.872E-02 -2.133E+00 -3.494E-01
 -3.6147500E+03  4.679E-03 -1.911E+00 -1.167E-01
 -3.6142500E+03 -1.381E-02 -1.922E+00 -4.334E-02
 -3.6137500E+03  1.397E-02 -2.284E+00 -1.944E-01
 -3.6132500E+03 -2.855E-02 -1.931E+00 -1.027E-02
 -3.6127500E+03 -2.447E-02 -1.788E+00  4.591E-03
 -3.6122500E+03 -4.557E-02 -1.844E+00  6.758E-02
 -3.6117500E+03 -3.700E-02 -1.831E+00  3.481E-02
 -3.6112500E+03 -2.706E-02 -1.985E+00 -1.665E-02
 -3.6107500E+03 -3.417E-02 -1.971E+00  1.218E-03
 -3.6102500E+03 -1.567E-02 -1.771E+00 -4.452E-02
 -3.6097500E+03  4.900E-02 -1.902E+00 -2.926E-01
 -3.6092500E+03  1.309E-02 -1.792E+00 -1.485E-01
 -3.6087500E+03  1.833E-02 -1.526E+00 -1.506E-01
 -3.6082500E+03 -1.425E-02 -1.893E+00 -4.610E-02
 -3.6077500E+03 -5.574E-02 -1.903E+00  1.019E-01
 -3.6072500E+03 -2.024E-02 -2.015E+00 -5.402E-02
 -3.6067500E+03  5.347E-02 -1.673E+00 -2.830E-01
 -3.6062500E+03 -1.833E-04 -2.091E+00 -1.207E-01
 -3.6057500E+03 -8.533E-02 -1.845E+00  1.871E-01
 -3.6052500E+03 -1.843E-02 -1.520E+00 -1.154E-02
 -3.6047500E+03 -2.088E-03 -1.919E+00 -1.119E-01
 -3.6042500E+03 -3.843E-02 -1.613E+00  5.009E-02
 -3.6037500E+03 -2.352E-02 -1.710E+00 -2.393E-02
 -3.6032500E+03 -1.408E-02 -1.823E+00 -2.400E-02
 -3.6027500E+03 -5.619E-03 -1.637E+00 -3.714E-02
 -3.6022500E+03 -4.342E-03 -1.702E+00 -5.455E-02
 -3.6017500E+03  8.540E-03 -1.711E+00 -1.320E-01
 -3.6012500E+03 -3.295E-02 -1.493E+00  4.149E-02
 -3.6007500E+03 -3.340E-03 -1.641E+00 -8.005E-02
 -3.6002500E+03 -3.722E-02 -1.770E+00  3.720E-02
 -3.5997500E+03  5.230E-04 -1.731E+00 -8.470E-02
 -3.5992500E+03 -4.967E-03 -1.978E+00 -7.922E-02
 -3.5987500E+03  2.383E-02 -1.639E+00 -1.717E-01
 -3.5982500E+03 -1.892E-02 -1.670E+00 -1.210E-02
 -3.5977500E+03  3.741E-02 -1.615E+00 -2.258E-01
 -3.5972500E+03  2.481E-02 -1.718E+00 -1.847E-01
 -3.5967500E+03 -7.759E-02 -1.728E+00  1.866E-01
 -3.5962500E+03 -3.192E-02 -1.622E+00  2.035E-02
 -3.5957500E+03 -2.797E-03 -1.576E+00 -8.858E-02
 -3.5952500E+03 -3.539E-02 -1.543E+00  4.295E-02
 -3.5947500E+03 -2.923E-02 -1.712E+00 -8.531E-03
 -3.5942500E+03 -3.749E-02 -1.768E+00  3.100E-02
 -3.5937500E+03 -3.034E-02 -1.623E+00  1.431E-02
 -3.5932500E+03 -2.782E-02 -1.734E+00  4.411E-03
 -3.5927500E+03  2.380E-02 -1.528E+00 -1.845E-01
 -3.5922500E+03  3.670E-02 -1.549E+00 -2.221E-01
 -3.5917500E+03 -2.236E-02 -1.700E+00  1.154E-02
 -3.5912500E+03 -1.120E-02 -1.542E+00 -2.864E-02
 -3.5907500E+03 -3.184E-02 -1.510E+00  2.651E-02
 -3.5902500E+03  2.329E-02 -1.494E+00 -1.451E-01
 -3.5897500E+03  1.139E-04 -1.521E+00 -7.147E-02
 -3.5892500E+03  1.168E-02 -1.458E+00 -1.205E-01
 -3.5887500E+03 -2.755E-02 -1.437E+00  1.082E-02
 -3.5882500E+03 -4.311E-02 -1.691E+00  4.204E-02
 -3.5877500E+03 -5.002E-02 -1.565E+00  1.016E-01
 -3.5872500E+03 -4.100E-02 -1.442E+00  8.088E-02
 -3.5867500E+03 -2.109E-02 -1.388E+00 -5.015E-03
 -3.5862500E+03  6.726E-03 -1.642E+00 -1.151E-01
 -3.5857500E+03 -5.171E-02 -1.593E+00  9.004E-02
 -3.5852500E+03  1.082E-02 -1.227E+00 -8.851E-02
 -3.5847500E+03  2.767E-03 -1.284E+00 -7.431E-02
 -3.5842500E+03 -5.913E-03 -1.709E+00 -6.960E-02
 -3.5837500E+03 -1.166E-02 -1.470E+00 -3.631E-02
 -3.5832500E+03 -2.620E-02 -1.436E+00  1.549E-02
 -3.5827500E+03 -5.251E-02 -1.534E+00  9.834E-02
 -3.5822500E+03 -4.996E-02 -1.677E+00  7.080E-02
 -3.5817500E+03 -4.567E-03 -1.291E+00 -7.257E-02
 -3.5812500E+03 -1.181E-02 -1.466E+00 -3.842E-02
 -3.5807500E+03 -2.371E-02 -1.464E+00 -1.414E-02
 -3.5802500E+03 -3.983E-02 -1.293E+00  6.304E-02
 -3.5797500E+03 -1.885E-02 -1.266E+00 -1.115E-02
 -3.5792500E+03 -4.097E-02 -1.322E+00  7.961E-02
 -3.5787500E+03  2.714E-02 -1.379E+00 -1.705E-01
 -3.5782500E+03  5.027E-03 -1.475E+00 -9.359E-02
 -3.5777500E+03 -1.320E-03 -1.338E+00 -5.145E-02
 -3.5772500E+03  3.875E-02 -1.352E+00 -2.260E-01
 -3.5767500E+03  1.599E-02 -1.470E+00 -1.370E-01
 -3.5762500E+03 -3.995E-02 -1.344E+00  6.757E-02
 -3.5757500E+03 -3.139E-05 -1.285E+00 -8.118E-02
 -3.5752500E+03 -1.278E-02 -1.324E+00 -2.736E-02
 -3.5747500E+03 -1.959E-02 -1.459E+00 -7.686E-03
 -3.5742500E+03 -3.565E-02 -1.357E+00  5.524E-02
 -3.5737500E+03 -2.406E-02 -1.327E+00 -2.083E-04
 -3.5732500E+03  1.426E-02 -1.397E+00 -1.430E-01
 -3.5727500E+03  1.467E-02 -1.380E+00 -1.408E-01
 -3.5722500E+03 -1.913E-02 -1.224E+00  1.175E-02
 -3.5717500E+03 -4.521E-02 -1.237E+00  1.202E-01
 -3.5712500E+03 -2.701E-02 -1.187E+00  4.651E-02
 -3.5707500E+03 -2.217E-02 -1.326E+00  6.859E-04
 -3.5702500E+03 -1.841E-02 -1.278E+00  8.366E-05
 -3.5697500E+03 -1.506E-02 -1.410E+00 -3.899E-02
 -3.5692500E+03 -6.148E-03 -1.216E+00 -5.227E-02
 -3.5687500E+03 -1.368E-02 -1.212E+00 -2.419E-02
 -3.5682500E+03  5.451E-03 -1.251E+00 -9.662E-02
 -3.5677500E+03 -2.041E-02 -1.346E+00 -1.831E-02
 -3.5672500E+03 -1.248E-02 -1.159E+00 -1.153E-02
 -3.5667500E+03 -3.680E-03 -1.235E+00 -5.582E-02
 -3.5662500E+03  1.055E-02 -1.182E+00 -1.056E-01
 -3.5657500E+03  1.756E-02 -1.097E+00 -1.081E-01
 -3.5652500E+03 -2.137E-02 -1.274E+00  6.479E-03
 -3.5647500E+03  6.501E-03 -1.349E+00 -9.929E-02
 -3.5642500E+03 -3.410E-02 -1.309E+00  5.404E-02
 -3.5637500E+03  1.690E-02 -1.101E+00 -1.011E-01
 -3.5632500E+03  1.142E-02 -1.151E+00 -9.038E-02
 -3.5627500E+03 -2.028E-03 -1.203E+00 -5.848E-02
 -3.5622500E+03 -2.609E-02 -1.320E+00  6.840E-03
 -3.5617500E+03  1.350E-02 -1.167E+00 -1.017E-01
 -3.5612500E+03  3.467E-02 -1.360E+00 -1.879E-01
 -3.5607500E+03 -1.074E-02 -1.215E+00 -2.747E-02
 -3.5602500E+03 -4.157E-02 -1.184E+00  9.304E-02
 -3.5597500E+03 -2.536E-02 -1.141E+00  4.635E-02
 -3.5592500E+03  9.926E-03 -1.236E+00 -1.030E-01
 -3.5587500E+03  1.501E-02 -1.179E+00 -1.129E-01
 -3.5582500E+03  1.325E-02 -1.094E+00 -9.865E-02
 -3.5577500E+03  3.001E-02 -1.134E+00 -1.565E-01
 -3.5572500E+03 -2.076E-02 -1.138E+00  1.561E-03
 -3.5567500E+03 -4.330E-02 -1.088E+00  9.164E-02
 -3.5562500E+03 -5.290E-03 -1.155E+00 -5.240E-02
 -3.5557500E+03 -2.415E-02 -1.178E+00  2.540E-02
 -3.5552500E+03 -4.746E-03 -1.129E+00 -3.589E-02
 -3.5547500E+03 -2.141E-02 -1.014E+00 -6.399E-04
 -3.5542500E+03 -4.164E-02 -1.037E+00  8.878E-02
 -3.5537500E+03  2.668E-02 -9.829E-01 -1.459E-01
 -3.5532500E+03 -2.382E-02 -1.053E+00  3.547E-02
 -3.5527500E+03  2.250E-02 -1.288E+00 -1.655E-01
 -3.5522500E+03  1.047E-02 -1.168E+00 -8.161E-02
 -3.5517500E+03 -1.939E-02 -1.117E+00  3.494E-02
 -3.5512500E+03 -1.504E-02 -9.902E-01 -1.352E-03
 -3.5507500E+03 -1.900E-02 -1.265E+00  1.166E-02
 -3.5502500E+03 -4.519E-02 -1.052E+00  1.043E-01
 -3.5497500E+03 -7.137E-02 -9.960E-01  1.953E-01
 -3.5492500E+03 -2.411E-02 -1.164E+00  2.502E-02
 -3.5487500E+03 -7.296E-03 -1.085E+00 -1.901E-02
 -3.5482500E+03 -2.579E-02 -1.146E+00  1.553E-02
 -3.5477500E+03 -3.335E-04 -1.094E+00 -6.804E-02
 -3.5472500E+03  3.645E-02 -1.056E+00 -1.792E-01
 -3.5467500E+03  1.416E-02 -1.156E+00 -1.002E-01
 -3.5462500E+03 -1.652E-02 -9.844E-01 -9.514E-03
 -3.5457500E+03 -1.120E-02 -1.001E+00 -3.410E-02
 -3.5452500E+03  2.419E-02 -9.406E-01 -1.153E-01
 -3.5447500E+03 -1.416E-02 -1.234E+00 -3.364E-03
 -3.5442500E+03 -1.803E-02 -1.206E+00  1.446E-03
 -3.5437500E+03  4.524E-02 -9.101E-01 -1.962E-01
 -3.5432500E+03 -2.644E-02 -8.834E-01  6.226E-02
 -3.5427500E+03  8.729E-05 -1.005E+00 -5.286E-02
 -3.5422500E+03  3.632E-02 -1.045E+00 -1.748E-01
 -3.5417500E+03 -6.684E-02 -9.509E-01  1.599E-01
 -3.5412500E+03 -4.603E-02 -1.071E+00  1.061E-01
 -3.5407500E+03  8.126E-03 -1.031E+00 -8.186E-02
 -3.5402500E+03 -1.345E-02 -1.034E+00 -1.898E-02
 -3.5397500E+03 -1.900E-02 -1.020E+00  3.154E-02
 -3.5392500E+03 -2.356E-02 -8.586E-01  2.835E-02
 -3.5387500E+03  7.586E-03 -1.069E+00 -8.775E-02
 -3.5382500E+03  1.281E-02 -9.392E-01 -8.831E-02
 -3.5377500E+03 -2.847E-02 -9.455E-01  4.344E-02
 -3.5372500E+03  1.700E-02 -1.059E+00 -1.241E-01
 -3.5367500E+03 -2.560E-02 -9.269E-01  4.442E-02
 -3.5362500E+03 -5.057E-02 -1.061E+00  1.389E-01
 -3.5357500E+03 -2.008E-03 -9.554E-01 -3.830E-02
 -3.5352500E+03  2.162E-02 -9.723E-01 -1.311E-01
 -3.5347500E+03 -3.199E-02 -1.081E+00  3.580E-02
 -3.5342500E+03 -5.453E-02 -9.584E-01  1.349E-01
 -3.5337500E+03 -7.321E-03 -9.988E-01 -2.784E-02
 -3.5332500E+03  3.791E-02 -9.196E-01 -1.601E-01
 -3.5327500E+03  8.856E-03 -9.853E-01 -8.676E-02
 -3.5322500E+03  7.352E-03 -9.561E-01 -8.146E-02
 -3.5317500E+03  9.785E-03 -8.040E-01 -7.634E-02
 -3.5312500E+03 -2.305E-02 -8.705E-01  5.169E-02
 -3.5307500E+03 -1.461E-02 -9.726E-01 -9.658E-03
 -3.5302500E+03 -1.552E-02 -8.465E-01  2.659E-02
 -3.5297500E+03 -1.510E-02 -7.850E-01  2.963E-02
 -3.5292500E+03 -4.046E-02 -9.995E-01  9.567E-02
 -3.5287500E+03  9.372E-03 -9.034E-01 -3.572E-02
 -3.5282500E+03 -2.515E-02 -1.041E+00  3.129E-02
 -3.5277500E+03  7.969E-03 -9.211E-01 -9.341E-02
 -3.5272500E+03 -2.508E-02 -9.779E-01  8.008E-03
 -3.5267500E+03  1.953E-02 -9.612E-01 -1.334E-01
 -3.5262500E+03  2.564E-02 -8.505E-01 -1.444E-01
 -3.5257500E+03 -4.174E-03 -8.537E-01 -3.320E-02
 -3.5252500E+03 -7.273E-03 -9.802E-01 -2.505E-02
 -3.5247500E+03 -1.164E-02 -9.186E-01 -4.877E-03
 -3.5242500E+03  8.501E-03 -7.441E-01 -3.248E-02
 -3.5237500E+03  5.232E-04 -9.112E-01 -4.530E-02
 -3.5232500E+03 -1.993E-02 -9.565E-01  1.947E-02
 -3.5227500E+03 -1.880E-02 -7.419E-01  2.760E-02
 -3.5222500E+03 -3.747E-02 -9.853E-01  7.405E-02
 -3.5217500E+03 -4.527E-03 -9.921E-01 -4.082E-02
 -3.5212500E+03  6.953E-03 -9.272E-01 -7.763E-02
 -3.5207500E+03 -3.287E-02 -7.618E-01  8.094E-02
 -3.5202500E+03 -3.105E-02 -9.812E-01  5.495E-02
 -3.5197500E+03  2.976E-03 -7.889E-01 -6.620E-02
 -3.5192500E+03 -2.685E-03 -7.813E-01 -3.011E-02
 -3.5187500E+03 -6.176E-03 -7.225E-01 -2.245E-02
 -3.5182500E+03  3.082E-04 -8.753E-01 -4.547E-02
 -3.5177500E+03 -3.530E-02 -8.284E-01  7.536E-02
 -3.5172500E+03 -1.284E-03 -8.621E-01 -2.900E-02
 -3.5167500E+03  1.513E-02 -7.873E-01 -7.690E-02
 -3.5162500E+03 -2.226E-02 -7.844E-01  3.816E-02
 -3.5157500E+03  2.341E-02 -7.117E-01 -1.185E-01
 -3.5152500E+03  1.226E-02 -7.388E-01 -7.264E-02
 -3.5147500E+03 -7.579E-03 -8.004E-01 -1.842E-02
 -3.5142500E+03 -6.232E-02 -7.611E-01  1.828E-01
 -3.5137500E+03 -1.352E-02 -8.284E-01  2.074E-03
 -3.5132500E+03  2.773E-02 -7.453E-01 -1.511E-01
 -3.5127500E+03  3.853E-02 -8.354E-01 -1.766E-01
 -3.5122500E+03 -2.081E-02 -8.293E-01  2.767E-02
 -3.5117500E+03  8.858E-03 -7.519E-01 -6.876E-02
 -3.5112500E+03  1.044E-02 -7.943E-01 -6.710E-02
 -3.5107500E+03 -5.449E-03 -8.440E-01 -2.885E-02
 -3.5102500E+03  2.506E-03 -5.924E-01 -2.523E-02
 -3.5097500E+03 -4.297E-02 -7.069E-01  1.213E-01
 -3.5092500E+03  1.449E-02 -7.479E-01 -8.515E-02
 -3.5087500E+03 -2.385E-02 -9.496E-01  3.646E-02
 -3.5082500E+03  1.173E-02 -7.827E-01 -8.417E-02
 -3.5077500E+03 -7.582E-05 -7.956E-01 -4.267E-02
 -3.5072500E+03 -2.479E-02 -7.707E-01  3.901E-02
 -3.5067500E+03 -3.831E-03 -7.697E-01 -2.686E-02
 -3.5062500E+03 -1.076E-02 -7.652E-01 -2.763E-03
 -3.5057500E+03 -8.432E-04 -7.081E-01 -4.596E-02
 -3.5052500E+03 -1.112E-02 -6.936E-01  1.270E-02
 -3.5047500E+03  2.119E-02 -8.122E-01 -1.113E-01
 -3.5042500E+03 -1.073E-02 -6.947E-01 -4.495E-03
 -3.5037500E+03 -6.762E-03 -6.327E-01  3.067E-04
 -3.5032500E+03  4.619E-02 -5.801E-01 -1.923E-01
 -3.5027500E+03  5.813E-03 -7.764E-01 -4.962E-02
 -3.5022500E+03 -3.265E-02 -7.722E-01  6.510E-02
 -3.5017500E+03 -3.104E-02 -7.051E-01  8.064E-02
 -3.5012500E+03  2.122E-02 -6.043E-01 -1.008E-01
 -3.5007500E+03  2.109E-03 -7.241E-01 -4.038E-02
 -3.5002500E+03 -1.091E-02 -8.589E-01 -1.162E-02
 -3.4997500E+03 -5.206E-03 -7.732E-01 -2.635E-02
 -3.4992500E+03  9.998E-03 -7.907E-01 -4.976E-02
 -3.4987500E+03  1.682E-02 -6.053E-01 -8.279E-02
 -3.4982500E+03 -3.038E-02 -6.600E-01  8.326E-02
 -3.4977500E+03 -9.003E-03 -7.621E-01  1.137E-03
 -3.4972500E+03 -1.721E-02 -7.012E-01  3.824E-02
 -3.4967500E+03  1.706E-02 -6.243E-01 -7.019E-02
 -3.4962500E+03 -2.119E-02 -6.657E-01  4.215E-02
 -3.4957500E+03  2.714E-03 -7.879E-01 -6.231E-02
 -3.4952500E+03 -1.569E-02 -6.413E-01  1.223E-02
 -3.4947500E+03 -1.795E-02 -8.082E-01  2.406E-02
 -3.4942500E+03 -2.422E-02 -7.189E-01  5.233E-02
 -3.4937500E+03 -1.548E-02 -6.443E-01  1.934E-02
 -3.4932500E+03  8.606E-03 -7.170E-01 -6.506E-02
 -3.4927500E+03  4.713E-03 -6.849E-01 -5.901E-02
 -3.4922500E+03 -1.967E-02 -6.793E-01  3.128E-02
 -3.4917500E+03 -3.209E-02 -5.914E-01  6.484E-02
 -3.4912500E+03 -2.274E-02 -7.429E-01  4.392E-02
 -3.4907500E+03 -1.498E-02 -6.890E-01 -7.410E-03
 -3.4902500E+03  2.475E-03 -7.312E-01 -2.372E-02
 -3.4897500E+03  9.430E-03 -7.060E-01 -7.606E-02
 -3.4892500E+03 -2.881E-03 -6.359E-01 -3.445E-02
 -3.4887500E+03 -2.906E-02 -6.669E-01  7.735E-02
 -3.4882500E+03  3.514E-03 -6.528E-01 -3.310E-02
 -3.4877500E+03  3.152E-02 -6.055E-01 -1.532E-01
 -3.4872500E+03 -8.417E-03 -6.013E-01  2.906E-03
 -3.4867500E+03 -1.867E-02 -5.245E-01  4.626E-02
 -3.4862500E+03 -1.657E-02 -5.209E-01  3.771E-02
 -3.4857500E+03  5.081E-03 -6.707E-01 -5.638E-02
 -3.4852500E+03 -1.882E-02 -7.200E-01  2.554E-02
 -3.4847500E+03 -1.864E-02 -6.849E-01  2.003E-02
 -3.4842500E+03 -1.502E-02 -7.282E-01  1.032E-02
 -3.4837500E+03 -1.134E-02 -6.325E-01  6.044E-03
 -3.4832500E+03  2.540E-02 -5.978E-01 -1.196E-01
 -3.4827500E+03  2.596E-03 -5.798E-01 -3.833E-02
 -3.4822500E+03 -2.327E-02 -6.036E-01  4.365E-02
 -3.4817500E+03 -6.538E-03 -4.822E-01  3.391E-03
 -3.4812500E+03  1.606E-02 -5.727E-01 -8.319E-02
 -3.4807500E+03 -1.970E-03 -6.601E-01 -2.122E-02
 -3.4802500E+03 -4.554E-03 -6.428E-01 -1.872E-02
 -3.4797500E+03  1.261E-02 -5.948E-01 -6.513E-02
 -3.4792500E+03  1.008E-02 -6.860E-01 -7.090E-02
 -3.4787500E+03 -1.397E-02 -7.297E-01  1.788E-02
 -3.4782500E+03  5.164E-04 -5.273E-01 -2.610E-02
 -3.4777500E+03  7.766E-03 -6.214E-01 -6.727E-02
 -3.4772500E+03 -3.018E-02 -4.797E-01  8.612E-02
 -3.4767500E+03 -1.726E-02 -5.964E-01  3.656E-02
 -3.4762500E+03 -1.452E-03 -6.891E-01 -3.102E-02
 -3.4757500E+03 -6.448E-03 -5.880E-01 -9.052E-03
 -3.4752500E+03 -3.547E-02 -6.791E-01  8.627E-02
 -3.4747500E+03  8.407E-03 -5.578E-01 -5.477E-02
 -3.4742500E+03 -7.034E-03 -5.249E-01 -4.774E-03
 -3.4737500E+03  1.490E-03 -6.203E-01 -4.021E-02
 -3.4732500E+03 -3.992E-03 -6.744E-01 -2.491E-02
 -3.4727500E+03 -8.799E-03 -5.818E-01 -1.534E-03
 -3.4722500E+03  1.317E-02 -5.460E-01 -8.222E-02
 -3.4717500E+03 -3.598E-02 -5.374E-01  8.071E-02
 -3.4712500E+03  1.795E-03 -5.430E-01 -2.500E-02
 -3.4707500E+03  1.109E-02 -5.166E-01 -6.191E-02
 -3.4702500E+03  1.882E-02 -4.793E-01 -8.158E-02
 -3.4697500E+03 -4.013E-03 -6.277E-01 -1.722E-02
 -3.4692500E+03  1.144E-02 -5.673E-01 -6.933E-02
 -3.4687500E+03  8.340E-03 -6.247E-01 -6.585E-02
 -3.4682500E+03 -2.384E-02 -5.739E-01  8.438E-02
 -3.4677500E+03  1.791E-03 -5.675E-01 -3.300E-02
 -3.4672500E+03  2.305E-02 -3.689E-01 -7.162E-02
 -3.4667500E+03 -3.419E-02 -5.554E-01  9.563E-02
 -3.4662500E+03 -4.363E-02 -6.089E-01  1.015E-01
 -3.4657500E+03  1.467E-02 -5.428E-01 -8.652E-02
 -3.4652500E+03  2.442E-02 -5.243E-01 -1.140E-01
 -3.4647500E+03 -5.509E-03 -5.303E-01 -3.093E-03
 -3.4642500E+03  2.734E-03 -6.149E-01 -6.825E-02
 -3.4637500E+03 -1.631E-02 -6.455E-01 -1.889E-02
 -3.4632500E+03  2.866E-02 -4.664E-01 -9.250E-02
 -3.4627500E+03  1.065E-02 -5.349E-01 -6.302E-02
 -3.4622500E+03  1.114E-02 -5.778E-01 -7.634E-02
 -3.4617500E+03  5.420E-03 -6.336E-01 -5.241E-02
 -3.4612500E+03  1.695E-02 -4.266E-01 -7.251E-02
 -3.4607500E+03 -3.181E-03 -6.165E-01 -9.059E-04
 -3.4602500E+03  1.025E-02 -5.096E-01 -3.585E-02
 -3.4597500E+03 -2.143E-02 -5.307E-01  4.530E-02
 -3.4592500E+03 -2.472E-02 -5.575E-01  4.710E-02
 -3.4587500E+03 -1.499E-02 -5.720E-01  2.969E-02
 -3.4582500E+03 -2.195E-02 -5.459E-01  5.794E-02
 -3.4577500E+03  1.233E-03 -4.635E-01 -1.540E-02
 -3.4572500E+03  2.369E-02 -5.083E-01 -1.166E-01
 -3.4567500E+03 -1.962E-02 -5.906E-01  3.727E-02
 -3.4562500E+03 -2.239E-03 -4.279E-01 -2.531E-03
 -3.4557500E+03 -1.052E-02 -4.428E-01  1.487E-02
 -3.4552500E+03  1.404E-02 -4.805E-01 -7.118E-02
 -3.4547500E+03 -4.145E-03 -4.680E-01 -8.706E-03
 -3.4542500E+03  3.032E-03 -4.984E-01 -4.071E-02
 -3.4537500E+03  4.440E-03 -5.409E-01 -4.889E-02
 -3.4532500E+03  1.576E-02 -5.146E-01 -8.448E-02
 -3.4527500E+03 -7.782E-03 -5.998E-01 -1.841E-02
 -3.4522500E+03  3.485E-02 -4.114E-01 -1.472E-01
 -3.4517500E+03 -3.056E-02 -4.723E-01  8.765E-02
 -3.4512500E+03 -6.741E-03 -4.889E-01  5.430E-03
 -3.4507500E+03  6.565E-03 -5.171E-01 -4.779E-02
 -3.4502500E+03  1.558E-03 -5.388E-01 -2.724E-02
 -3.4497500E+03  7.392E-03 -4.136E-01 -2.338E-02
 -3.4492500E+03 -3.024E-02 -4.680E-01  8.456E-02
 -3.4487500E+03 -2.995E-03 -4.626E-01 -1.622E-02
 -3.4482500E+03  9.748E-03 -4.068E-01 -5.087E-02
 -3.4477500E+03 -1.428E-02 -4.812E-01  2.227E-02
 -3.4472500E+03 -9.610E-03 -3.593E-01  2.136E-02
 -3.4467500E+03  7.052E-03 -4.137E-01 -3.877E-02
 -3.4462500E+03  2.369E-02 -5.010E-01 -1.017E-01
 -3.4457500E+03 -1.014E-02 -4.348E-01  2.804E-02
 -3.4452500E+03  3.668E-03 -4.081E-01 -2.948E-02
 -3.4447500E+03  1.085E-02 -4.847E-01 -6.638E-02
 -3.4442500E+03 -1.276E-02 -5.990E-01  5.608E-03
 -3.4437500E+03 -1.972E-02 -4.547E-01  5.478E-02
 -3.4432500E+03  2.188E-02 -4.768E-01 -9.675E-02
 -3.4427500E+03  7.281E-03 -6.267E-01 -6.886E-02
 -3.4422500E+03  9.417E-03 -4.396E-01 -6.085E-02
 -3.4417500E+03  4.515E-04 -4.072E-01 -2.110E-02
 -3.4412500E+03 -1.760E-03 -4.300E-01 -9.040E-03
 -3.4407500E+03 -6.036E-03 -5.065E-01 -6.862E-03
 -3.4402500E+03 -1.556E-02 -4.316E-01  4.790E-02
 -3.4397500E+03  3.106E-03 -4.506E-01 -3.809E-02
 -3.4392500E+03  9.168E-03 -5.671E-01 -5.100E-02
 -3.4387500E+03  2.034E-03 -4.556E-01 -2.463E-02
 -3.4382500E+03 -1.931E-02 -4.925E-01  3.964E-02
 -3.4377500E+03 -2.432E-02 -4.594E-01  6.443E-02
 -3.4372500E+03 -5.875E-03 -4.656E-01  1.372E-03
 -3.4367500E+03 -2.035E-03 -4.060E-01 -2.121E-02
 -3.4362500E+03 -2.685E-02 -3.232E-01  7.060E-02
 -3.4357500E+03 -1.923E-02 -4.303E-01  4.256E-02
 -3.4352500E+03  1.852E-04 -4.112E-01 -2.430E-02
 -3.4347500E+03  2.228E-03 -4.259E-01 -2.339E-02
 -3.4342500E+03 -1.635E-03 -4.502E-01 -1.905E-02
 -3.4337500E+03 -8.581E-03 -4.304E-01  9.691E-03
 -3.4332500E+03 -5.891E-03 -4.047E-01  1.032E-02
 -3.4327500E+03  1.830E-03 -4.891E-01 -1.593E-02
 -3.4322500E+03 -4.934E-03 -4.228E-01 -7.310E-03
 -3.4317500E+03  3.556E-03 -4.158E-01 -4.167E-02
 -3.4312500E+03  2.287E-02 -4.309E-01 -9.455E-02
 -3.4307500E+03  5.994E-03 -5.245E-01 -4.273E-02
 -3.4302500E+03  8.089E-03 -4.918E-01 -5.168E-02
 -3.4297500E+03 -3.688E-03 -4.126E-01 -2.432E-03
 -3.4292500E+03 -1.543E-02 -3.505E-01  3.720E-02
 -3.4287500E+03 -6.215E-03 -4.240E-01 -1.985E-03
 -3.4282500E+03 -3.133E-02 -3.996E-01  9.048E-02
 -3.4277500E+03  1.722E-03 -2.999E-01 -1.146E-02
 -3.4272500E+03 -2.192E-03 -3.092E-01  4.996E-04
 -3.4267500E+03 -3.196E-02 -5.268E-01  7.228E-02
 -3.4262500E+03  1.641E-03 -4.403E-01 -1.571E-02
 -3.4257500E+03  1.048E-02 -3.939E-01 -4.153E-02
 -3.4252500E+03  5.126E-03 -4.655E-01 -4.473E-02
 -3.4247500E+03 -2.397E-02 -5.643E-01  5.335E-02
 -3.4242500E+03 -4.301E-03 -3.828E-01 -9.223E-03
 -3.4237500E+03 -1.794E-03 -3.631E-01 -2.158E-02
 -3.4232500E+03 -2.259E-02 -3.138E-01  6.717E-02
 -3.4227500E+03 -1.950E-02 -4.270E-01  4.989E-02
 -3.4222500E+03 -5.458E-03 -4.675E-01 -9.578E-03
 -3.4217500E+03 -1.207E-02 -4.419E-01  1.828E-02
 -3.4212500E+03  2.133E-02 -4.566E-01 -9.587E-02
 -3.4207500E+03  9.053E-04 -3.652E-01 -3.185E-02
 -3.4202500E+03 -1.394E-02 -4.523E-01  1.353E-02
 -3.4197500E+03 -1.135E-02 -4.777E-01  1.427E-02
 -3.4192500E+03 -1.822E-02 -4.419E-01  5.507E-02
 -3.4187500E+03  2.019E-02 -3.594E-01 -4.283E-02
 -3.4182500E+03  1.194E-03 -3.050E-01 -2.992E-04
 -3.4177500E+03  1.118E-02 -3.571E-01 -4.807E-02
 -3.4172500E+03 -1.173E-02 -3.600E-01  1.258E-02
 -3.4167500E+03  3.703E-02 -2.651E-01 -1.220E-01
 -3.4162500E+03  4.216E-03 -3.805E-01 -2.061E-02
 -3.4157500E+03 -2.833E-03 -4.620E-01 -1.795E-02
 -3.4152500E+03  2.018E-02 -4.834E-01 -1.156E-01
 -3.4147500E+03  1.415E-02 -4.571E-01 -7.113E-02
 -3.4142500E+03  1.365E-02 -3.542E-01 -5.984E-02
 -3.4137500E+03 -1.689E-02 -2.634E-01  4.152E-02
 -3.4132500E+03 -7.169E-03 -5.176E-01 -3.643E-03
 -3.4127500E+03 -1.577E-02 -3.552E-01  2.840E-02
 -3.4122500E+03 -2.465E-02 -3.129E-01  8.385E-02
 -3.4117500E+03 -1.130E-02 -4.085E-01  9.891E-03
 -3.4112500E+03 -4.084E-04 -3.645E-01 -2.400E-02
 -3.4107500E+03  1.637E-03 -3.285E-01 -2.566E-02
 -3.4102500E+03  1.757E-02 -2.602E-01 -7.537E-02
 -3.4097500E+03 -2.223E-02 -3.664E-01  6.569E-02
 -3.4092500E+03 -2.261E-02 -3.487E-01  2.264E-02
 -3.4087500E+03  1.544E-02 -4.252E-01 -8.599E-02
 -3.4082500E+03 -4.401E-03 -3.974E-01  6.165E-03
 -3.4077500E+03 -3.212E-03 -4.079E-01  4.383E-03
 -3.4072500E+03  2.159E-02 -3.475E-01 -8.749E-02
 -3.4067500E+03 -8.830E-03 -3.631E-01  1.200E-02
 -3.4062500E+03 -4.788E-04 -3.886E-01 -1.865E-02
 -3.4057500E+03 -7.231E-03 -2.835E-01  1.507E-02
 -3.4052500E+03  1.640E-02 -3.540E-01 -7.596E-02
 -3.4047500E+03  1.823E-02 -2.915E-01 -7.878E-02
 -3.4042500E+03 -8.209E-03 -2.885E-01  2.499E-02
 -3.4037500E+03  7.537E-03 -3.300E-01 -3.633E-02
 -3.4032500E+03  9.792E-03 -3.779E-01 -3.325E-02
 -3.4027500E+03 -1.707E-02 -3.765E-01  4.122E-02
