 -9.5072500E+03 -0.000E+00 -0.000E+00  0.000E+00
 -9.5067500E+03 -0.000E+00 -0.000E+00  0.000E+00
 -9.5062500E+03 -0.000E+00 -0.000E+00  0.000E+00
 -9.5057500E+03 -0.000E+00 -0.000E+00  0.000E+00
 -9.5052500E+03 -0.000E+00 -0.000E+00  0.000E+00
 -9.5047500E+03 -0.000E+00 -0.000E+00  0.000E+00
 -9.5042500E+03 -0.000E+00 -0.000E+00  0.000E+00
 -9.5037500E+03 -0.000E+00 -0.000E+00  0.000E+00
 -9.5032500E+03 -0.000E+00 -0.000E+00  0.000E+00
 -9.5027500E+03 -0.000E+00 -0.000E+00  0.000E+00
 -9.5022500E+03 -0.000E+00 -0.000E+00  0.000E+00
 -9.5017500E+03 -0.000E+00 -0.000E+00  0.000E+00
 -9.5012500E+03 -0.000E+00 -0.000E+00  0.000E+00
 -9.5007500E+03 -0.000E+00 -0.000E+00  0.000E+00
 -9.5002500E+03 -0.000E+00 -0.000E+00  0.000E+00
 -9.4997500E+03 -0.000E+00 -0.000E+00  0.000E+00
 -9.4992500E+03 -0.000E+00 -0.000E+00  0.000E+00
 -9.4987500E+03 -0.000E+00 -0.000E+00  0.000E+00
 -9.4982500E+03 -0.000E+00 -0.000E+00  0.000E+00
 -9.4977500E+03 -0.000E+00 -0.000E+00  0.000E+00
 -9.4972500E+03 -0.000E+00 -0.000E+00  0.000E+00
 -9.4967500E+03 -0.000E+00 -0.000E+00  0.000E+00
 -9.4962500E+03 -0.000E+00 -0.000E+00  0.000E+00
 -9.4957500E+03 -0.000E+00 -0.000E+00  0.000E+00
 -9.4952500E+03 -0.000E+00 -0.000E+00  0.000E+00
 -9.4947500E+03 -0.000E+00 -0.000E+00  0.000E+00
 -9.4942500E+03 -0.000E+00 -0.000E+00  0.000E+00
 -9.4937500E+03 -0.000E+00 -0.000E+00  0.000E+00
 -9.4932500E+03 -0.000E+00 -0.000E+00  0.000E+00
 -9.4927500E+03 -0.000E+00 -0.000E+00  0.000E+00
 -9.4922500E+03 -0.000E+00 -0.000E+00  0.000E+00
 -9.4917500E+03 -0.000E+00 -0.000E+00  0.000E+00
 -9.4912500E+03 -0.000E+00 -0.000E+00  0.000E+00
 -9.4907500E+03 -0.000E+00 -0.000E+00  0.000E+00
 -9.4902500E+03 -0.000E+00 -0.000E+00  0.000E+00
 -9.4897500E+03 -0.000E+00 -0.000E+00  0.000E+00
 -9.4892500E+03 -0.000E+00 -0.000E+00  0.000E+00
 -9.4887500E+03 -0.000E+00 -0.000E+00  0.000E+00
 -9.4882500E+03 -0.000E+00 -0.000E+00  0.000E+00
 -9.4877500E+03 -0.000E+00 -0.000E+00  0.000E+00
 -9.4872500E+03 -0.000E+00 -0.000E+00  0.000E+00
 -9.4867500E+03 -0.000E+00 -0.000E+00  0.000E+00
 -9.4862500E+03 -0.000E+00 -0.000E+00  0.000E+00
 -9.4857500E+03 -0.000E+00 -0.000E+00  0.000E+00
 -9.4852500E+03 -0.000E+00 -0.000E+00  0.000E+00
 -9.4847500E+03 -0.000E+00 -0.000E+00  0.000E+00
 -9.4842500E+03 -0.000E+00 -0.000E+00  0.000E+00
 -9.4837500E+03 -0.000E+00 -0.000E+00  0.000E+00
 -9.4832500E+03 -0.000E+00 -0.000E+00  0.000E+00
 -9.4827500E+03 -0.000E+00 -0.000E+00  0.000E+00
 -9.4822500E+03 -0.000E+00 -0.000E+00  0.000E+00
 -9.4817500E+03 -0.000E+00 -0.000E+00  0.000E+00
 -9.4812500E+03 -0.000E+00 -0.000E+00  0.000E+00
 -9.4807500E+03 -0.000E+00 -0.000E+00  0.000E+00
 -9.4802500E+03 -0.000E+00 -0.000E+00  0.000E+00
 -9.4797500E+03 -0.000E+00 -0.000E+00  0.000E+00
 -9.4792500E+03 -0.000E+00 -0.000E+00  0.000E+00
 -9.4787500E+03 -0.000E+00 -0.000E+00  0.000E+00
 -9.4782500E+03 -0.000E+00 -0.000E+00  0.000E+00
 -9.4777500E+03 -0.000E+00 -0.000E+00  0.000E+00
 -9.4772500E+03 -0.000E+00 -0.000E+00  0.000E+00
 -9.4767500E+03 -0.000E+00 -0.000E+00  0.000E+00
 -9.4762500E+03 -0.000E+00 -0.000E+00  0.000E+00
 -9.4757500E+03 -0.000E+00 -0.000E+00  0.000E+00
 -9.4752500E+03 -0.000E+00 -0.000E+00  0.000E+00
 -9.4747500E+03 -0.000E+00 -0.000E+00  0.000E+00
 -9.4742500E+03 -0.000E+00 -0.000E+00  0.000E+00
 -9.4737500E+03 -0.000E+00 -0.000E+00  0.000E+00
 -9.4732500E+03 -0.000E+00 -0.000E+00  0.000E+00
 -9.4727500E+03 -0.000E+00 -0.000E+00  0.000E+00
 -9.4722500E+03 -0.000E+00 -0.000E+00  0.000E+00
 -9.4717500E+03 -0.000E+00 -0.000E+00  0.000E+00
 -9.4712500E+03 -0.000E+00 -0.000E+00  0.000E+00
 -9.4707500E+03 -0.000E+00 -0.000E+00  0.000E+00
 -9.4702500E+03 -0.000E+00 -0.000E+00  0.000E+00
 -9.4697500E+03 -0.000E+00 -0.000E+00  0.000E+00
 -9.4692500E+03 -0.000E+00 -0.000E+00  0.000E+00
 -9.4687500E+03 -0.000E+00 -0.000E+00  0.000E+00
 -9.4682500E+03 -0.000E+00 -0.000E+00  0.000E+00
 -9.4677500E+03 -0.000E+00 -0.000E+00  0.000E+00
 -9.4672500E+03 -0.000E+00 -0.000E+00  0.000E+00
 -9.4667500E+03 -0.000E+00 -0.000E+00  0.000E+00
 -9.4662500E+03 -0.000E+00 -0.000E+00  0.000E+00
 -9.4657500E+03 -0.000E+00 -0.000E+00  0.000E+00
 -9.4652500E+03 -0.000E+00 -0.000E+00  0.000E+00
 -9.4647500E+03 -0.000E+00 -0.000E+00  0.000E+00
 -9.4642500E+03 -0.000E+00 -0.000E+00  0.000E+00
 -9.4637500E+03 -0.000E+00 -0.000E+00  0.000E+00
 -9.4632500E+03 -0.000E+00 -0.000E+00  0.000E+00
 -9.4627500E+03 -0.000E+00 -0.000E+00  0.000E+00
 -9.4622500E+03 -0.000E+00 -0.000E+00  0.000E+00
 -9.4617500E+03 -0.000E+00 -0.000E+00  0.000E+00
 -9.4612500E+03 -0.000E+00 -0.000E+00  0.000E+00
 -9.4607500E+03 -0.000E+00 -0.000E+00  0.000E+00
 -9.4602500E+03 -0.000E+00 -0.000E+00  0.000E+00
 -9.4597500E+03 -0.000E+00 -0.000E+00  0.000E+00
 -9.4592500E+03 -0.000E+00 -0.000E+00  0.000E+00
 -9.4587500E+03 -0.000E+00 -0.000E+00  0.000E+00
 -9.4582500E+03 -0.000E+00 -0.000E+00  0.000E+00
 -9.4577500E+03 -0.000E+00 -0.000E+00  0.000E+00
 -9.4572500E+03 -0.000E+00 -0.000E+00  0.000E+00
 -9.4567500E+03 -0.000E+00 -0.000E+00  0.000E+00
 -9.4562500E+03 -0.000E+00 -0.000E+00  0.000E+00
 -9.4557500E+03 -0.000E+00 -0.000E+00  0.000E+00
 -9.4552500E+03 -0.000E+00 -0.000E+00  0.000E+00
 -9.4547500E+03 -0.000E+00 -0.000E+00  0.000E+00
 -9.4542500E+03 -0.000E+00 -0.000E+00  0.000E+00
 -9.4537500E+03 -0.000E+00 -0.000E+00  0.000E+00
 -9.4532500E+03 -0.000E+00 -0.000E+00  0.000E+00
 -9.4527500E+03 -0.000E+00 -0.000E+00  0.000E+00
 -9.4522500E+03 -0.000E+00 -0.000E+00  0.000E+00
 -9.4517500E+03 -0.000E+00 -0.000E+00  0.000E+00
 -9.4512500E+03 -0.000E+00 -0.000E+00  0.000E+00
 -9.4507500E+03 -0.000E+00 -0.000E+00  0.000E+00
 -9.4502500E+03 -0.000E+00 -0.000E+00  0.000E+00
 -9.4497500E+03 -0.000E+00 -0.000E+00  0.000E+00
 -9.4492500E+03 -0.000E+00 -0.000E+00  0.000E+00
 -9.4487500E+03 -0.000E+00 -0.000E+00  0.000E+00
 -9.4482500E+03 -0.000E+00 -0.000E+00  0.000E+00
 -9.4477500E+03 -0.000E+00 -0.000E+00  0.000E+00
 -9.4472500E+03 -0.000E+00 -0.000E+00  0.000E+00
 -9.4467500E+03 -0.000E+00 -0.000E+00  0.000E+00
 -9.4462500E+03 -0.000E+00 -0.000E+00  0.000E+00
 -9.4457500E+03 -0.000E+00 -0.000E+00  0.000E+00
 -9.4452500E+03 -0.000E+00 -0.000E+00  0.000E+00
 -9.4447500E+03 -0.000E+00 -0.000E+00  0.000E+00
 -9.4442500E+03 -0.000E+00 -0.000E+00  0.000E+00
 -9.4437500E+03 -0.000E+00 -0.000E+00  0.000E+00
 -9.4432500E+03 -0.000E+00 -0.000E+00  0.000E+00
 -9.4427500E+03 -0.000E+00 -0.000E+00  0.000E+00
 -9.4422500E+03 -0.000E+00 -0.000E+00  0.000E+00
 -9.4417500E+03 -0.000E+00 -0.000E+00  0.000E+00
 -9.4412500E+03 -0.000E+00 -0.000E+00  0.000E+00
 -9.4407500E+03 -0.000E+00 -0.000E+00  0.000E+00
 -9.4402500E+03 -0.000E+00 -0.000E+00  0.000E+00
 -9.4397500E+03 -0.000E+00 -0.000E+00  0.000E+00
 -9.4392500E+03 -0.000E+00 -0.000E+00  0.000E+00
 -9.4387500E+03 -0.000E+00 -0.000E+00  0.000E+00
 -9.4382500E+03 -0.000E+00 -0.000E+00  0.000E+00
 -9.4377500E+03 -0.000E+00 -0.000E+00  0.000E+00
 -9.4372500E+03 -0.000E+00 -0.000E+00  0.000E+00
 -9.4367500E+03 -0.000E+00 -0.000E+00  0.000E+00
 -9.4362500E+03 -0.000E+00 -0.000E+00  0.000E+00
 -9.4357500E+03 -0.000E+00 -0.000E+00  0.000E+00
 -9.4352500E+03 -0.000E+00 -0.000E+00  0.000E+00
 -9.4347500E+03 -0.000E+00 -0.000E+00  0.000E+00
 -9.4342500E+03 -0.000E+00 -0.000E+00  0.000E+00
 -9.4337500E+03 -0.000E+00 -0.000E+00  0.000E+00
 -9.4332500E+03 -0.000E+00 -0.000E+00  0.000E+00
 -9.4327500E+03 -0.000E+00 -0.000E+00  0.000E+00
 -9.4322500E+03 -0.000E+00 -0.000E+00  0.000E+00
 -9.4317500E+03 -0.000E+00 -0.000E+00  0.000E+00
 -9.4312500E+03 -0.000E+00 -0.000E+00  0.000E+00
 -9.4307500E+03 -0.000E+00 -0.000E+00  0.000E+00
 -9.4302500E+03 -0.000E+00 -0.000E+00  0.000E+00
 -9.4297500E+03 -0.000E+00 -0.000E+00  0.000E+00
 -9.4292500E+03 -0.000E+00 -0.000E+00  0.000E+00
 -9.4287500E+03 -0.000E+00 -0.000E+00  0.000E+00
 -9.4282500E+03 -0.000E+00 -0.000E+00  0.000E+00
 -9.4277500E+03 -0.000E+00 -0.000E+00  0.000E+00
 -9.4272500E+03 -0.000E+00 -0.000E+00  0.000E+00
 -9.4267500E+03 -0.000E+00 -0.000E+00  0.000E+00
 -9.4262500E+03 -0.000E+00 -0.000E+00  0.000E+00
 -9.4257500E+03 -0.000E+00 -0.000E+00  0.000E+00
 -9.4252500E+03 -0.000E+00 -0.000E+00  0.000E+00
 -9.4247500E+03 -0.000E+00 -0.000E+00  0.000E+00
 -9.4242500E+03 -0.000E+00 -0.000E+00  0.000E+00
 -9.4237500E+03 -0.000E+00 -0.000E+00  0.000E+00
 -9.4232500E+03 -0.000E+00 -0.000E+00  0.000E+00
 -9.4227500E+03 -0.000E+00 -0.000E+00  0.000E+00
 -9.4222500E+03 -0.000E+00 -0.000E+00  0.000E+00
 -9.4217500E+03 -0.000E+00 -0.000E+00  0.000E+00
 -9.4212500E+03 -0.000E+00 -0.000E+00  0.000E+00
 -9.4207500E+03 -0.000E+00 -0.000E+00  0.000E+00
 -9.4202500E+03 -0.000E+00 -0.000E+00  0.000E+00
 -9.4197500E+03 -0.000E+00 -0.000E+00  0.000E+00
 -9.4192500E+03 -0.000E+00 -0.000E+00  0.000E+00
 -9.4187500E+03 -0.000E+00 -0.000E+00  0.000E+00
 -9.4182500E+03 -0.000E+00 -0.000E+00  0.000E+00
 -9.4177500E+03 -0.000E+00 -0.000E+00  0.000E+00
 -9.4172500E+03 -0.000E+00 -0.000E+00  0.000E+00
 -9.4167500E+03 -0.000E+00 -0.000E+00  0.000E+00
 -9.4162500E+03 -0.000E+00 -0.000E+00  0.000E+00
 -9.4157500E+03 -0.000E+00 -0.000E+00  0.000E+00
 -9.4152500E+03 -0.000E+00 -0.000E+00  0.000E+00
 -9.4147500E+03 -0.000E+00 -0.000E+00  0.000E+00
 -9.4142500E+03 -0.000E+00 -0.000E+00  0.000E+00
 -9.4137500E+03 -0.000E+00 -0.000E+00  0.000E+00
 -9.4132500E+03 -0.000E+00 -0.000E+00  0.000E+00
 -9.4127500E+03 -0.000E+00 -0.000E+00  0.000E+00
 -9.4122500E+03 -0.000E+00 -0.000E+00  0.000E+00
 -9.4117500E+03 -0.000E+00 -0.000E+00  0.000E+00
 -9.4112500E+03 -0.000E+00 -0.000E+00  0.000E+00
 -9.4107500E+03 -0.000E+00 -0.000E+00  0.000E+00
 -9.4102500E+03 -0.000E+00 -0.000E+00  0.000E+00
 -9.4097500E+03 -0.000E+00 -0.000E+00  0.000E+00
 -9.4092500E+03 -0.000E+00 -0.000E+00  0.000E+00
 -9.4087500E+03 -0.000E+00 -0.000E+00  0.000E+00
 -9.4082500E+03 -0.000E+00 -0.000E+00  0.000E+00
 -9.4077500E+03 -0.000E+00 -0.000E+00  0.000E+00
 -9.4072500E+03 -0.000E+00 -0.000E+00  0.000E+00
 -9.4067500E+03 -0.000E+00 -0.000E+00  0.000E+00
 -9.4062500E+03 -0.000E+00 -0.000E+00  0.000E+00
 -9.4057500E+03 -0.000E+00 -0.000E+00  0.000E+00
 -9.4052500E+03 -0.000E+00 -0.000E+00  0.000E+00
 -9.4047500E+03 -0.000E+00 -0.000E+00  0.000E+00
 -9.4042500E+03 -0.000E+00 -0.000E+00  0.000E+00
 -9.4037500E+03 -0.000E+00 -0.000E+00  0.000E+00
 -9.4032500E+03 -0.000E+00 -0.000E+00  0.000E+00
 -9.4027500E+03 -0.000E+00 -0.000E+00  0.000E+00
 -9.4022500E+03 -0.000E+00 -0.000E+00  0.000E+00
 -9.4017500E+03 -0.000E+00 -0.000E+00  0.000E+00
 -9.4012500E+03 -0.000E+00 -0.000E+00  0.000E+00
 -9.4007500E+03 -0.000E+00 -0.000E+00  0.000E+00
 -9.4002500E+03 -0.000E+00 -0.000E+00  0.000E+00
 -9.3997500E+03 -0.000E+00 -0.000E+00  0.000E+00
 -9.3992500E+03 -0.000E+00 -0.000E+00  0.000E+00
 -9.3987500E+03 -0.000E+00 -0.000E+00  0.000E+00
 -9.3982500E+03 -0.000E+00 -0.000E+00  0.000E+00
 -9.3977500E+03 -0.000E+00 -0.000E+00  0.000E+00
 -9.3972500E+03 -0.000E+00 -0.000E+00  0.000E+00
 -9.3967500E+03 -0.000E+00 -0.000E+00  0.000E+00
 -9.3962500E+03 -0.000E+00 -0.000E+00  0.000E+00
 -9.3957500E+03 -0.000E+00 -0.000E+00  0.000E+00
 -9.3952500E+03 -0.000E+00 -0.000E+00  0.000E+00
 -9.3947500E+03 -0.000E+00 -0.000E+00  0.000E+00
 -9.3942500E+03 -0.000E+00 -0.000E+00  0.000E+00
 -9.3937500E+03 -0.000E+00 -0.000E+00  0.000E+00
 -9.3932500E+03 -0.000E+00 -0.000E+00  0.000E+00
 -9.3927500E+03 -0.000E+00 -0.000E+00  0.000E+00
 -9.3922500E+03 -0.000E+00 -0.000E+00  0.000E+00
 -9.3917500E+03 -0.000E+00 -0.000E+00  0.000E+00
 -9.3912500E+03 -0.000E+00 -0.000E+00  0.000E+00
 -9.3907500E+03 -0.000E+00 -0.000E+00  0.000E+00
 -9.3902500E+03 -0.000E+00 -0.000E+00  0.000E+00
 -9.3897500E+03 -0.000E+00 -0.000E+00  0.000E+00
 -9.3892500E+03 -0.000E+00 -0.000E+00  0.000E+00
 -9.3887500E+03 -0.000E+00 -0.000E+00  0.000E+00
 -9.3882500E+03 -0.000E+00 -0.000E+00  0.000E+00
 -9.3877500E+03 -0.000E+00 -0.000E+00  0.000E+00
 -9.3872500E+03 -0.000E+00 -0.000E+00  0.000E+00
 -9.3867500E+03 -0.000E+00 -0.000E+00  0.000E+00
 -9.3862500E+03 -0.000E+00 -0.000E+00  0.000E+00
 -9.3857500E+03 -0.000E+00 -0.000E+00  0.000E+00
 -9.3852500E+03 -0.000E+00 -0.000E+00  0.000E+00
 -9.3847500E+03 -0.000E+00 -0.000E+00  0.000E+00
 -9.3842500E+03 -0.000E+00 -0.000E+00  0.000E+00
 -9.3837500E+03 -0.000E+00 -0.000E+00  0.000E+00
 -9.3832500E+03 -0.000E+00 -0.000E+00  0.000E+00
 -9.3827500E+03 -0.000E+00 -0.000E+00  0.000E+00
 -9.3822500E+03 -0.000E+00 -0.000E+00  0.000E+00
 -9.3817500E+03 -0.000E+00 -0.000E+00  0.000E+00
 -9.3812500E+03 -0.000E+00 -0.000E+00  0.000E+00
 -9.3807500E+03 -0.000E+00 -0.000E+00  0.000E+00
 -9.3802500E+03 -0.000E+00 -0.000E+00  0.000E+00
 -9.3797500E+03 -0.000E+00 -0.000E+00  0.000E+00
 -9.3792500E+03 -0.000E+00 -0.000E+00  0.000E+00
 -9.3787500E+03 -0.000E+00 -0.000E+00  0.000E+00
 -9.3782500E+03 -0.000E+00 -0.000E+00  0.000E+00
 -9.3777500E+03 -0.000E+00 -0.000E+00  0.000E+00
 -9.3772500E+03 -0.000E+00 -0.000E+00  0.000E+00
 -9.3767500E+03 -0.000E+00 -0.000E+00  0.000E+00
 -9.3762500E+03 -0.000E+00 -0.000E+00  0.000E+00
 -9.3757500E+03 -0.000E+00 -0.000E+00  0.000E+00
 -9.3752500E+03 -0.000E+00 -0.000E+00  0.000E+00
 -9.3747500E+03 -0.000E+00 -0.000E+00  0.000E+00
 -9.3742500E+03 -0.000E+00 -0.000E+00  0.000E+00
 -9.3737500E+03 -0.000E+00 -0.000E+00  0.000E+00
 -9.3732500E+03 -0.000E+00 -0.000E+00  0.000E+00
 -9.3727500E+03 -0.000E+00 -0.000E+00  0.000E+00
 -9.3722500E+03 -0.000E+00 -0.000E+00  0.000E+00
 -9.3717500E+03 -0.000E+00 -0.000E+00  0.000E+00
 -9.3712500E+03 -0.000E+00 -0.000E+00  0.000E+00
 -9.3707500E+03 -0.000E+00 -0.000E+00  0.000E+00
 -9.3702500E+03 -5.193E-09 -2.756E-08  1.905E-08
 -9.3697500E+03  6.630E-09  3.521E-08 -2.434E-08
 -9.3692500E+03  1.485E-09  7.839E-09 -5.415E-09
 -9.3687500E+03 -1.779E-09 -9.430E-09  6.520E-09
 -9.3682500E+03  2.995E-09  1.732E-08 -1.083E-08
 -9.3677500E+03 -2.171E-08 -9.478E-08  7.859E-08
 -9.3672500E+03  8.098E-09  7.658E-08 -2.994E-08
 -9.3667500E+03  1.066E-06  5.643E-06 -3.865E-06
 -9.3662500E+03 -6.394E-06 -3.303E-05  2.315E-05
 -9.3657500E+03 -9.331E-06 -4.769E-05  3.371E-05
 -9.3652500E+03 -1.733E-07  1.553E-07  5.292E-07
 -9.3647500E+03  2.497E-05  1.306E-04 -9.007E-05
 -9.3642500E+03  1.487E-05  9.578E-05 -5.364E-05
 -9.3637500E+03  1.017E-06  3.476E-05 -3.726E-06
 -9.3632500E+03 -9.315E-06  1.210E-05  3.308E-05
 -9.3627500E+03 -2.450E-05 -9.772E-05  8.767E-05
 -9.3622500E+03 -1.653E-05 -5.777E-05  5.889E-05
 -9.3617500E+03 -6.729E-05 -2.404E-04  2.394E-04
 -9.3612500E+03 -2.820E-06  1.643E-03  1.527E-06
 -9.3607500E+03 -6.774E-04  2.167E-04  2.393E-03
 -9.3602500E+03 -4.371E-03  2.368E-02  1.536E-02
 -9.3597500E+03  3.112E-03  2.219E-02 -1.106E-02
 -9.3592500E+03 -1.040E-03 -1.058E-02  3.702E-03
 -9.3587500E+03 -1.860E-03  6.370E-03  6.549E-03
 -9.3582500E+03 -7.874E-04  1.592E-02  2.741E-03
 -9.3577500E+03 -2.485E-03  2.802E-02  8.711E-03
 -9.3572500E+03  9.767E-04  5.536E-02 -3.406E-03
 -9.3567500E+03  9.618E-04  1.291E-02 -3.377E-03
 -9.3562500E+03 -3.244E-03  1.269E-02  1.146E-02
 -9.3557500E+03 -2.917E-03  7.078E-02  1.050E-02
 -9.3552500E+03 -2.101E-03  8.116E-02  7.779E-03
 -9.3547500E+03 -4.222E-03  1.061E-01  1.526E-02
 -9.3542500E+03 -1.353E-02  1.867E-01  4.844E-02
 -9.3537500E+03  9.879E-04  1.842E-01 -2.500E-03
 -9.3532500E+03  2.162E-02  2.415E-01 -7.390E-02
 -9.3527500E+03 -1.108E-02  2.523E-01  4.068E-02
 -9.3522500E+03 -1.584E-03  2.389E-01  7.841E-03
 -9.3517500E+03 -2.831E-02  3.139E-01  1.024E-01
 -9.3512500E+03 -4.620E-02  5.703E-01  1.671E-01
 -9.3507500E+03 -7.161E-03  5.150E-01  3.056E-02
 -9.3502500E+03 -1.931E-02  6.909E-01  7.543E-02
 -9.3497500E+03 -4.991E-02  1.133E+00  1.884E-01
 -9.3492500E+03  3.770E-03  1.080E+00  1.473E-03
 -9.3487500E+03 -7.638E-02  1.303E+00  2.845E-01
 -9.3482500E+03 -1.861E-02  1.436E+00  8.651E-02
 -9.3477500E+03 -8.053E-02  1.702E+00  3.073E-01
 -9.3472500E+03 -7.984E-02  2.094E+00  3.119E-01
 -9.3467500E+03 -5.847E-02  2.667E+00  2.485E-01
 -9.3462500E+03 -9.022E-02  2.988E+00  3.662E-01
 -9.3457500E+03 -4.253E-02  3.297E+00  2.083E-01
 -9.3452500E+03 -1.026E-01  4.036E+00  4.343E-01
 -9.3447500E+03 -9.690E-02  4.917E+00  4.339E-01
 -9.3442500E+03 -9.996E-02  5.135E+00  4.530E-01
 -9.3437500E+03 -1.450E-01  5.884E+00  6.304E-01
 -9.3432500E+03 -9.862E-02  6.499E+00  4.877E-01
 -9.3427500E+03 -2.312E-01  7.917E+00  9.840E-01
 -9.3422500E+03 -1.991E-01  7.407E+00  8.657E-01
 -9.3417500E+03 -2.680E-01  8.605E+00  1.138E+00
 -9.3412500E+03 -8.826E-03  9.513E+00  2.721E-01
 -9.3407500E+03 -3.438E-01  1.054E+01  1.459E+00
 -9.3402500E+03 -4.433E-01  1.269E+01  1.870E+00
 -9.3397500E+03  6.839E-02  1.309E+01  1.240E-01
 -9.3392500E+03 -2.571E-01  1.440E+01  1.297E+00
 -9.3387500E+03 -2.436E-01  1.637E+01  1.318E+00
 -9.3382500E+03 -6.244E-03  1.726E+01  5.353E-01
 -9.3377500E+03 -2.720E-01  1.769E+01  1.478E+00
 -9.3372500E+03 -4.476E-01  1.800E+01  2.105E+00
 -9.3367500E+03 -4.098E-01  1.993E+01  2.054E+00
 -9.3362500E+03 -3.639E-01  2.190E+01  1.971E+00
 -9.3357500E+03 -3.917E-01  2.281E+01  2.108E+00
 -9.3352500E+03 -2.011E-01  2.494E+01  1.540E+00
 -9.3347500E+03  8.314E-02  2.548E+01  6.078E-01
 -9.3342500E+03  3.598E-03  2.642E+01  9.334E-01
 -9.3337500E+03 -2.500E-01  2.839E+01  1.890E+00
 -9.3332500E+03 -2.336E-01  2.948E+01  1.900E+00
 -9.3327500E+03 -2.390E-01  3.089E+01  1.989E+00
 -9.3322500E+03 -8.909E-03  3.186E+01  1.270E+00
 -9.3317500E+03 -2.102E-01  3.166E+01  1.974E+00
 -9.3312500E+03  5.129E-02  3.196E+01  1.098E+00
 -9.3307500E+03 -1.484E-01  3.371E+01  1.889E+00
 -9.3302500E+03 -2.591E-01  3.369E+01  2.294E+00
 -9.3297500E+03 -3.691E-01  3.280E+01  2.660E+00
 -9.3292500E+03  7.325E-03  3.538E+01  1.500E+00
 -9.3287500E+03 -1.733E-01  3.911E+01  2.295E+00
 -9.3282500E+03 -3.669E-01  3.862E+01  2.960E+00
 -9.3277500E+03 -1.938E-02  3.812E+01  1.792E+00
 -9.3272500E+03  4.961E-02  3.720E+01  1.548E+00
 -9.3267500E+03 -3.526E-01  3.890E+01  3.024E+00
 -9.3262500E+03  1.883E-01  3.886E+01  1.208E+00
 -9.3257500E+03 -1.834E-01  3.812E+01  2.477E+00
 -9.3252500E+03 -3.795E-01  3.687E+01  3.115E+00
 -9.3247500E+03  1.594E-01  3.926E+01  1.407E+00
 -9.3242500E+03  2.288E-01  3.700E+01  1.104E+00
 -9.3237500E+03 -5.111E-01  3.772E+01  3.666E+00
 -9.3232500E+03  3.066E-01  3.800E+01  9.312E-01
 -9.3227500E+03 -3.174E-02  3.616E+01  2.022E+00
 -9.3222500E+03 -3.818E-01  3.719E+01  3.279E+00
 -9.3217500E+03  3.450E-01  3.767E+01  8.661E-01
 -9.3212500E+03  2.209E-01  3.462E+01  1.168E+00
 -9.3207500E+03  1.429E-02  3.491E+01  1.900E+00
 -9.3202500E+03 -2.594E-01  3.369E+01  2.825E+00
 -9.3197500E+03  3.961E-01  3.323E+01  5.857E-01
 -9.3192500E+03  2.539E-01  3.517E+01  1.189E+00
 -9.3187500E+03 -5.161E-01  3.005E+01  3.532E+00
 -9.3182500E+03 -6.077E-01  2.998E+01  3.853E+00
 -9.3177500E+03  9.920E-02  3.092E+01  1.548E+00
 -9.3172500E+03  9.326E-01  2.997E+01 -1.287E+00
 -9.3167500E+03  8.606E-01  2.945E+01 -1.078E+00
 -9.3162500E+03  1.499E-01  2.690E+01  1.221E+00
 -9.3157500E+03 -2.762E-01  2.616E+01  2.619E+00
 -9.3152500E+03  1.269E-01  2.434E+01  1.183E+00
 -9.3147500E+03  6.986E-02  2.261E+01  1.295E+00
 -9.3142500E+03  2.748E-02  2.377E+01  1.494E+00
 -9.3137500E+03  1.323E-01  2.088E+01  9.901E-01
 -9.3132500E+03  3.659E-01  2.126E+01  2.673E-01
 -9.3127500E+03  1.770E-01  1.990E+01  8.154E-01
 -9.3122500E+03 -2.113E-01  2.078E+01  2.180E+00
 -9.3117500E+03  1.266E-01  1.789E+01  8.920E-01
 -9.3112500E+03  3.421E-01  1.817E+01  1.955E-01
 -9.3107500E+03 -1.606E-01  1.640E+01  1.786E+00
 -9.3102500E+03  3.393E-01  1.421E+01  6.249E-03
 -9.3097500E+03  3.564E-01  1.496E+01  1.512E-02
 -9.3092500E+03  5.011E-01  1.386E+01 -5.920E-01
 -9.3087500E+03  4.129E-01  1.341E+01 -3.055E-01
 -9.3082500E+03  5.259E-02  1.314E+01  8.918E-01
 -9.3077500E+03 -4.369E-01  9.810E+00  2.346E+00
 -9.3072500E+03  4.821E-01  1.203E+01 -6.059E-01
 -9.3067500E+03  3.755E-01  9.716E+00 -3.503E-01
 -9.3062500E+03 -3.077E-01  7.529E+00  1.756E+00
 -9.3057500E+03  2.859E-02  7.538E+00  6.496E-01
 -9.3052500E+03  1.022E-01  6.069E+00  3.064E-01
 -9.3047500E+03  6.037E-01  6.595E+00 -1.352E+00
 -9.3042500E+03  3.631E-01  6.121E+00 -5.805E-01
 -9.3037500E+03  1.195E-01  4.450E+00  1.722E-01
 -9.3032500E+03  2.878E-01  5.322E+00 -3.549E-01
 -9.3027500E+03  6.209E-02  4.060E+00  3.235E-01
 -9.3022500E+03  5.062E-01  3.941E+00 -1.130E+00
 -9.3017500E+03  1.597E-01  3.927E-01 -2.805E-01
 -9.3012500E+03  1.364E-01  2.443E+00 -4.565E-02
 -9.3007500E+03  1.183E-01  1.970E+00  1.626E-02
 -9.3002500E+03  2.145E-01  2.591E+00 -2.727E-01
 -9.2997500E+03  5.285E-01  1.884E-01 -1.495E+00
 -9.2992500E+03  3.066E-01 -2.929E-01 -7.953E-01
 -9.2987500E+03  1.790E-01 -1.193E+00 -4.432E-01
 -9.2982500E+03 -1.216E-01 -1.065E+00  6.049E-01
 -9.2977500E+03 -6.682E-02 -5.596E-01  4.377E-01
 -9.2972500E+03 -6.344E-02 -2.117E+00  2.963E-01
 -9.2967500E+03  1.167E-01 -2.082E+00 -2.985E-01
 -9.2962500E+03  1.870E-02 -3.772E+00 -7.356E-02
 -9.2957500E+03 -1.522E-01 -2.902E+00  5.276E-01
 -9.2952500E+03 -8.344E-02 -3.198E+00  2.735E-01
 -9.2947500E+03  4.338E-01 -2.461E+00 -1.381E+00
 -9.2942500E+03  7.265E-02 -3.131E+00 -2.276E-01
 -9.2937500E+03  1.707E-01 -3.995E+00 -6.043E-01
 -9.2932500E+03 -3.536E-01 -4.519E+00  1.088E+00
 -9.2927500E+03  1.021E-01 -3.894E+00 -3.891E-01
 -9.2922500E+03  5.816E-01 -3.320E+00 -1.952E+00
 -9.2917500E+03  2.564E-01 -4.918E+00 -9.669E-01
 -9.2912500E+03  1.085E-01 -5.482E+00 -5.447E-01
 -9.2907500E+03  3.863E-01 -5.621E+00 -1.500E+00
 -9.2902500E+03 -7.138E-02 -5.085E+00  7.493E-02
 -9.2897500E+03  1.109E-01 -6.736E+00 -6.392E-01
 -9.2892500E+03  4.621E-01 -6.504E+00 -1.793E+00
 -9.2887500E+03  1.988E-02 -4.920E+00 -1.981E-01
 -9.2882500E+03 -7.141E-02 -5.198E+00  5.087E-02
 -9.2877500E+03  2.754E-01 -6.782E+00 -1.180E+00
 -9.2872500E+03 -7.630E-02 -7.777E+00 -1.422E-01
 -9.2867500E+03 -1.770E-01 -6.328E+00  3.402E-01
 -9.2862500E+03 -1.951E-01 -7.309E+00  3.165E-01
 -9.2857500E+03  1.987E-01 -7.426E+00 -1.015E+00
 -9.2852500E+03  8.175E-02 -5.655E+00 -5.025E-01
 -9.2847500E+03 -3.598E-02 -6.541E+00 -1.648E-01
 -9.2842500E+03 -4.317E-02 -7.059E+00 -1.891E-01
 -9.2837500E+03 -8.451E-02 -6.380E+00  6.250E-03
 -9.2832500E+03 -8.379E-02 -7.019E+00 -5.470E-02
 -9.2827500E+03 -2.268E-01 -7.721E+00  3.601E-01
 -9.2822500E+03  3.764E-01 -7.838E+00 -1.633E+00
 -9.2817500E+03  1.767E-01 -8.097E+00 -1.020E+00
 -9.2812500E+03  1.810E-01 -7.222E+00 -9.381E-01
 -9.2807500E+03  3.898E-02 -6.960E+00 -4.548E-01
 -9.2802500E+03  1.298E-01 -7.420E+00 -8.041E-01
 -9.2797500E+03 -2.049E-01 -7.819E+00  2.294E-01
 -9.2792500E+03 -3.417E-02 -5.565E+00 -8.846E-02
 -9.2787500E+03 -4.207E-02 -7.717E+00 -2.688E-01
 -9.2782500E+03 -1.015E-01 -8.544E+00 -1.340E-01
 -9.2777500E+03 -5.174E-02 -6.712E+00 -1.560E-01
 -9.2772500E+03 -9.806E-02 -7.813E+00 -1.083E-01
 -9.2767500E+03  1.119E-01 -7.167E+00 -7.625E-01
 -9.2762500E+03  2.285E-01 -7.693E+00 -1.170E+00
 -9.2757500E+03  1.178E-01 -7.149E+00 -7.574E-01
 -9.2752500E+03  1.043E-01 -8.485E+00 -8.217E-01
 -9.2747500E+03 -1.135E-02 -7.126E+00 -3.613E-01
 -9.2742500E+03 -5.758E-03 -7.573E+00 -4.044E-01
 -9.2737500E+03  2.161E-02 -7.161E+00 -4.555E-01
 -9.2732500E+03  1.622E-01 -8.226E+00 -1.019E+00
 -9.2727500E+03 -1.171E-01 -7.745E+00 -3.703E-02
 -9.2722500E+03 -1.869E-02 -7.816E+00 -3.917E-01
 -9.2717500E+03  8.356E-02 -7.646E+00 -7.221E-01
 -9.2712500E+03 -2.466E-02 -7.122E+00 -2.750E-01
 -9.2707500E+03  1.280E-01 -7.185E+00 -8.294E-01
 -9.2702500E+03 -4.968E-02 -8.453E+00 -3.429E-01
 -9.2697500E+03 -1.296E-02 -7.701E+00 -4.034E-01
 -9.2692500E+03 -1.381E-01 -8.398E+00 -3.773E-02
 -9.2687500E+03  8.924E-02 -7.245E+00 -6.937E-01
 -9.2682500E+03  9.495E-02 -7.706E+00 -7.561E-01
 -9.2677500E+03  1.286E-01 -7.029E+00 -8.041E-01
 -9.2672500E+03  1.741E-01 -6.710E+00 -9.654E-01
 -9.2667500E+03  2.187E-02 -7.549E+00 -4.843E-01
 -9.2662500E+03 -1.967E-01 -7.779E+00  1.649E-01
 -9.2657500E+03  5.633E-02 -8.051E+00 -6.634E-01
 -9.2652500E+03  2.042E-01 -7.611E+00 -1.095E+00
 -9.2647500E+03  9.192E-02 -7.126E+00 -6.857E-01
 -9.2642500E+03 -7.009E-03 -7.422E+00 -4.298E-01
 -9.2637500E+03 -8.511E-02 -7.266E+00 -1.568E-01
 -9.2632500E+03 -9.244E-02 -7.416E+00 -1.197E-01
 -9.2627500E+03  5.574E-04 -6.665E+00 -3.687E-01
 -9.2622500E+03 -9.948E-02 -7.299E+00 -1.122E-01
 -9.2617500E+03 -8.047E-03 -6.749E+00 -3.421E-01
 -9.2612500E+03  1.262E-02 -7.083E+00 -4.515E-01
 -9.2607500E+03  5.715E-02 -7.183E+00 -6.043E-01
 -9.2602500E+03 -2.277E-01 -7.813E+00  2.894E-01
 -9.2597500E+03 -6.371E-02 -7.147E+00 -2.091E-01
 -9.2592500E+03 -7.159E-02 -6.771E+00 -1.675E-01
 -9.2587500E+03  3.721E-02 -7.369E+00 -5.686E-01
 -9.2582500E+03  1.381E-01 -7.533E+00 -9.212E-01
 -9.2577500E+03 -1.828E-01 -6.710E+00  1.969E-01
 -9.2572500E+03 -2.460E-02 -7.158E+00 -3.155E-01
 -9.2567500E+03 -6.205E-02 -6.694E+00 -1.873E-01
 -9.2562500E+03  1.418E-02 -6.799E+00 -4.457E-01
 -9.2557500E+03  1.453E-01 -6.803E+00 -8.780E-01
 -9.2552500E+03  1.494E-01 -6.633E+00 -9.228E-01
 -9.2547500E+03 -2.459E-01 -6.666E+00  4.199E-01
 -9.2542500E+03  1.366E-01 -6.491E+00 -8.355E-01
 -9.2537500E+03  1.702E-04 -6.997E+00 -4.422E-01
 -9.2532500E+03 -2.344E-01 -6.564E+00  3.771E-01
 -9.2527500E+03  7.000E-03 -6.446E+00 -3.819E-01
 -9.2522500E+03 -2.789E-02 -6.587E+00 -2.864E-01
 -9.2517500E+03  9.929E-02 -6.701E+00 -7.382E-01
 -9.2512500E+03  1.124E-01 -6.055E+00 -7.331E-01
 -9.2507500E+03  3.293E-02 -6.943E+00 -5.254E-01
 -9.2502500E+03  2.291E-02 -6.802E+00 -4.879E-01
 -9.2497500E+03 -2.069E-01 -6.412E+00  3.179E-01
 -9.2492500E+03 -4.165E-02 -6.573E+00 -2.442E-01
 -9.2487500E+03  9.140E-03 -6.641E+00 -4.501E-01
 -9.2482500E+03  1.152E-02 -5.659E+00 -3.714E-01
 -9.2477500E+03 -4.185E-02 -5.848E+00 -2.157E-01
 -9.2472500E+03  5.190E-03 -6.122E+00 -3.824E-01
 -9.2467500E+03  7.209E-02 -6.213E+00 -6.005E-01
 -9.2462500E+03 -1.137E-01 -6.336E+00 -1.839E-02
 -9.2457500E+03 -7.860E-03 -6.480E+00 -3.612E-01
 -9.2452500E+03 -3.105E-02 -6.044E+00 -2.525E-01
 -9.2447500E+03  6.052E-02 -5.835E+00 -5.456E-01
 -9.2442500E+03 -3.699E-02 -6.479E+00 -2.621E-01
 -9.2437500E+03 -8.929E-02 -6.104E+00 -8.630E-02
 -9.2432500E+03  2.372E-02 -6.061E+00 -4.447E-01
 -9.2427500E+03 -4.006E-02 -5.740E+00 -2.158E-01
 -9.2422500E+03 -8.921E-02 -5.765E+00 -5.057E-02
 -9.2417500E+03 -2.586E-02 -5.784E+00 -2.601E-01
 -9.2412500E+03 -9.254E-02 -5.566E+00 -2.120E-02
 -9.2407500E+03  1.112E-01 -6.108E+00 -7.344E-01
 -9.2402500E+03  5.213E-02 -5.486E+00 -5.011E-01
 -9.2397500E+03  3.395E-02 -5.983E+00 -4.987E-01
 -9.2392500E+03 -1.075E-03 -6.086E+00 -3.607E-01
 -9.2387500E+03 -3.807E-02 -5.861E+00 -2.132E-01
 -9.2382500E+03 -1.551E-01 -5.785E+00  1.794E-01
 -9.2377500E+03 -4.353E-02 -5.701E+00 -2.293E-01
 -9.2372500E+03  8.907E-03 -5.537E+00 -3.794E-01
 -9.2367500E+03 -1.153E-01 -5.367E+00  4.042E-02
 -9.2362500E+03 -7.913E-02 -5.635E+00 -8.411E-02
 -9.2357500E+03  1.373E-01 -5.291E+00 -7.671E-01
 -9.2352500E+03  3.694E-02 -5.461E+00 -4.483E-01
 -9.2347500E+03 -8.473E-02 -5.470E+00 -4.760E-02
 -9.2342500E+03 -3.426E-02 -5.863E+00 -2.545E-01
 -9.2337500E+03  1.502E-01 -5.182E+00 -7.903E-01
 -9.2332500E+03  5.910E-02 -5.118E+00 -5.053E-01
 -9.2327500E+03  4.807E-02 -5.085E+00 -4.862E-01
 -9.2322500E+03 -3.578E-02 -5.303E+00 -2.033E-01
 -9.2317500E+03  3.710E-02 -5.365E+00 -4.587E-01
 -9.2312500E+03 -5.021E-02 -5.287E+00 -1.534E-01
 -9.2307500E+03 -8.329E-02 -5.417E+00 -4.442E-02
 -9.2302500E+03  1.990E-02 -5.050E+00 -3.534E-01
 -9.2297500E+03 -7.671E-02 -5.473E+00 -7.362E-02
 -9.2292500E+03  2.102E-02 -4.983E+00 -3.652E-01
 -9.2287500E+03  1.455E-01 -4.976E+00 -7.644E-01
 -9.2282500E+03 -1.202E-01 -5.184E+00  1.007E-01
 -9.2277500E+03  9.387E-03 -5.067E+00 -3.118E-01
 -9.2272500E+03  6.033E-02 -5.009E+00 -4.870E-01
 -9.2267500E+03 -4.948E-02 -4.677E+00 -1.226E-01
 -9.2262500E+03 -9.713E-02 -4.832E+00  6.352E-03
 -9.2257500E+03 -6.773E-02 -5.056E+00 -7.201E-02
 -9.2252500E+03  8.457E-02 -4.822E+00 -5.755E-01
 -9.2247500E+03 -3.797E-02 -4.933E+00 -1.917E-01
 -9.2242500E+03  2.785E-02 -4.954E+00 -3.873E-01
 -9.2237500E+03  7.348E-02 -5.101E+00 -5.467E-01
 -9.2232500E+03 -6.256E-02 -4.698E+00 -1.002E-01
 -9.2227500E+03 -6.747E-03 -5.116E+00 -2.913E-01
 -9.2222500E+03  2.073E-02 -4.879E+00 -3.757E-01
 -9.2217500E+03 -2.078E-01 -4.651E+00  4.031E-01
 -9.2212500E+03 -1.265E-01 -4.668E+00  1.525E-01
 -9.2207500E+03 -1.669E-02 -4.758E+00 -2.411E-01
 -9.2202500E+03 -6.466E-02 -4.844E+00 -8.213E-02
 -9.2197500E+03  3.086E-02 -4.271E+00 -3.607E-01
 -9.2192500E+03  3.821E-02 -4.547E+00 -3.798E-01
 -9.2187500E+03 -5.248E-02 -4.387E+00 -9.182E-02
 -9.2182500E+03  4.913E-03 -4.421E+00 -2.788E-01
 -9.2177500E+03 -2.477E-02 -4.452E+00 -1.748E-01
 -9.2172500E+03  1.595E-02 -4.650E+00 -3.263E-01
 -9.2167500E+03  1.727E-02 -4.722E+00 -3.227E-01
 -9.2162500E+03  2.103E-03 -4.544E+00 -2.730E-01
 -9.2157500E+03 -1.000E-01 -4.327E+00  6.444E-02
 -9.2152500E+03  3.976E-02 -4.667E+00 -3.929E-01
 -9.2147500E+03  6.178E-02 -3.974E+00 -4.410E-01
 -9.2142500E+03 -1.122E-01 -4.054E+00  1.391E-01
 -9.2137500E+03 -1.061E-01 -3.968E+00  1.274E-01
 -9.2132500E+03  6.963E-02 -4.371E+00 -5.010E-01
 -9.2127500E+03  2.232E-02 -4.335E+00 -3.331E-01
 -9.2122500E+03  1.723E-02 -4.462E+00 -3.306E-01
 -9.2117500E+03  6.955E-02 -4.645E+00 -5.280E-01
 -9.2112500E+03 -8.244E-02 -4.224E+00  1.344E-02
 -9.2107500E+03  5.969E-02 -4.011E+00 -4.359E-01
 -9.2102500E+03  6.173E-02 -4.171E+00 -4.337E-01
 -9.2097500E+03 -4.228E-02 -4.264E+00 -1.121E-01
 -9.2092500E+03 -1.333E-02 -4.324E+00 -2.208E-01
 -9.2087500E+03 -3.561E-02 -4.112E+00 -1.256E-01
 -9.2082500E+03  1.366E-01 -3.745E+00 -6.640E-01
 -9.2077500E+03  2.649E-03 -3.802E+00 -2.391E-01
 -9.2072500E+03 -5.322E-02 -3.895E+00 -4.887E-02
 -9.2067500E+03 -4.782E-02 -3.937E+00 -7.912E-02
 -9.2062500E+03  1.316E-01 -3.854E+00 -6.648E-01
 -9.2057500E+03 -1.172E-01 -4.106E+00  1.345E-01
 -9.2052500E+03 -7.717E-02 -4.413E+00  7.280E-03
 -9.2047500E+03  8.707E-03 -3.595E+00 -2.373E-01
 -9.2042500E+03  3.694E-03 -3.981E+00 -2.736E-01
 -9.2037500E+03 -9.411E-02 -4.040E+00  5.182E-02
 -9.2032500E+03 -1.812E-03 -3.529E+00 -1.861E-01
 -9.2027500E+03 -2.145E-02 -3.639E+00 -1.171E-01
 -9.2022500E+03 -9.861E-02 -3.818E+00  1.036E-01
 -9.2017500E+03  2.408E-03 -3.928E+00 -2.517E-01
 -9.2012500E+03  3.654E-02 -3.583E+00 -3.366E-01
 -9.2007500E+03  5.857E-02 -3.769E+00 -4.218E-01
 -9.2002500E+03 -4.923E-02 -3.667E+00 -6.417E-02
 -9.1997500E+03 -5.741E-02 -3.887E+00 -2.053E-02
 -9.1992500E+03  1.197E-02 -3.593E+00 -2.267E-01
 -9.1987500E+03  1.112E-02 -3.901E+00 -2.856E-01
 -9.1982500E+03  2.107E-02 -3.729E+00 -2.836E-01
 -9.1977500E+03 -2.694E-02 -3.426E+00 -1.166E-01
 -9.1972500E+03  1.101E-02 -3.698E+00 -2.732E-01
 -9.1967500E+03 -6.547E-02 -3.563E+00 -5.663E-03
 -9.1962500E+03 -1.126E-02 -3.462E+00 -1.772E-01
 -9.1957500E+03  1.118E-01 -3.560E+00 -5.839E-01
 -9.1952500E+03 -5.755E-02 -3.343E+00 -1.047E-02
 -9.1947500E+03 -7.430E-02 -3.831E+00  3.849E-02
 -9.1942500E+03 -4.874E-02 -3.502E+00 -3.425E-02
 -9.1937500E+03 -6.880E-02 -3.615E+00  5.971E-03
 -9.1932500E+03  6.323E-02 -3.571E+00 -4.247E-01
 -9.1927500E+03  1.560E-02 -3.710E+00 -2.691E-01
 -9.1922500E+03 -7.529E-02 -3.627E+00  4.254E-02
 -9.1917500E+03 -3.634E-02 -3.757E+00 -1.160E-01
 -9.1912500E+03  1.533E-02 -3.144E+00 -2.274E-01
 -9.1907500E+03 -7.116E-02 -3.158E+00  7.387E-02
 -9.1902500E+03 -2.290E-02 -3.552E+00 -1.501E-01
 -9.1897500E+03  2.439E-02 -3.284E+00 -2.859E-01
 -9.1892500E+03  4.103E-02 -3.233E+00 -3.159E-01
 -9.1887500E+03 -3.970E-02 -3.140E+00 -4.256E-02
 -9.1882500E+03 -6.329E-02 -3.302E+00  1.012E-02
 -9.1877500E+03 -2.888E-02 -3.417E+00 -1.131E-01
 -9.1872500E+03  5.948E-02 -3.140E+00 -3.786E-01
 -9.1867500E+03 -2.814E-02 -2.895E+00 -7.966E-02
 -9.1862500E+03 -6.257E-03 -3.216E+00 -1.635E-01
 -9.1857500E+03 -3.533E-02 -3.198E+00 -6.909E-02
 -9.1852500E+03 -2.198E-02 -3.486E+00 -1.412E-01
 -9.1847500E+03 -7.872E-04 -3.199E+00 -1.859E-01
 -9.1842500E+03 -6.199E-02 -2.552E+00  7.423E-02
 -9.1837500E+03 -2.585E-02 -2.806E+00 -6.135E-02
 -9.1832500E+03 -2.088E-02 -3.186E+00 -1.196E-01
 -9.1827500E+03 -4.371E-02 -3.252E+00 -3.905E-02
 -9.1822500E+03 -7.095E-02 -2.449E+00  1.040E-01
 -9.1817500E+03 -7.014E-02 -3.381E+00 -3.186E-03
 -9.1812500E+03  1.655E-02 -3.438E+00 -2.552E-01
 -9.1807500E+03  4.305E-02 -2.926E+00 -2.933E-01
 -9.1802500E+03  1.031E-02 -2.959E+00 -1.862E-01
 -9.1797500E+03  4.333E-02 -3.363E+00 -3.445E-01
 -9.1792500E+03 -5.174E-02 -3.246E+00 -2.649E-02
 -9.1787500E+03 -5.233E-02 -2.878E+00  6.937E-03
 -9.1782500E+03 -1.858E-02 -2.995E+00 -1.061E-01
 -9.1777500E+03 -2.851E-03 -2.701E+00 -1.557E-01
 -9.1772500E+03  1.294E-02 -2.845E+00 -2.019E-01
 -9.1767500E+03 -5.055E-02 -3.123E+00 -3.071E-02
 -9.1762500E+03 -8.605E-02 -2.654E+00  1.299E-01
 -9.1757500E+03  1.264E-03 -2.757E+00 -1.686E-01
 -9.1752500E+03  3.619E-02 -2.642E+00 -2.526E-01
 -9.1747500E+03 -5.366E-02 -2.924E+00 -9.188E-03
 -9.1742500E+03 -5.140E-02 -2.780E+00 -2.010E-02
 -9.1737500E+03  1.729E-02 -2.851E+00 -2.425E-01
 -9.1732500E+03  1.974E-02 -2.812E+00 -2.471E-01
 -9.1727500E+03  6.302E-02 -2.891E+00 -3.680E-01
 -9.1722500E+03 -7.660E-03 -2.881E+00 -1.348E-01
 -9.1717500E+03 -1.247E-01 -2.611E+00  2.652E-01
 -9.1712500E+03 -3.492E-02 -2.754E+00 -4.346E-02
 -9.1707500E+03 -2.282E-02 -2.967E+00 -9.948E-02
 -9.1702500E+03  2.206E-02 -2.639E+00 -2.484E-01
 -9.1697500E+03 -9.324E-03 -2.696E+00 -1.197E-01
 -9.1692500E+03 -2.230E-02 -2.699E+00 -9.452E-02
 -9.1687500E+03  3.342E-02 -2.637E+00 -2.556E-01
 -9.1682500E+03 -3.689E-02 -2.702E+00 -3.544E-02
 -9.1677500E+03 -3.857E-03 -2.809E+00 -1.434E-01
 -9.1672500E+03  2.517E-02 -2.562E+00 -2.264E-01
 -9.1667500E+03  1.335E-02 -2.597E+00 -2.007E-01
 -9.1662500E+03  1.587E-02 -2.508E+00 -2.061E-01
 -9.1657500E+03  5.695E-02 -2.627E+00 -3.407E-01
 -9.1652500E+03 -1.195E-01 -2.868E+00  2.495E-01
 -9.1647500E+03  7.978E-03 -2.759E+00 -1.366E-01
 -9.1642500E+03 -1.840E-02 -2.674E+00 -9.315E-02
 -9.1637500E+03 -2.426E-02 -2.428E+00 -7.246E-02
 -9.1632500E+03 -1.042E-02 -2.410E+00 -1.341E-01
 -9.1627500E+03  8.345E-02 -2.381E+00 -4.001E-01
 -9.1622500E+03 -5.338E-02 -2.477E+00 -2.952E-03
 -9.1617500E+03 -7.381E-02 -2.531E+00  6.942E-02
 -9.1612500E+03 -3.056E-02 -2.428E+00 -3.591E-02
 -9.1607500E+03  1.408E-02 -2.743E+00 -2.126E-01
 -9.1602500E+03 -2.144E-02 -2.487E+00 -9.463E-02
 -9.1597500E+03  4.490E-02 -2.115E+00 -2.502E-01
 -9.1592500E+03 -3.773E-02 -2.434E+00 -9.770E-03
 -9.1587500E+03  1.541E-01 -2.329E+00 -6.059E-01
 -9.1582500E+03  3.378E-02 -2.396E+00 -2.469E-01
 -9.1577500E+03  3.860E-02 -2.365E+00 -2.574E-01
 -9.1572500E+03 -8.620E-02 -2.316E+00  1.986E-01
 -9.1567500E+03 -1.297E-02 -2.409E+00 -8.756E-02
 -9.1562500E+03 -5.763E-02 -2.407E+00  6.662E-02
 -9.1557500E+03 -2.127E-02 -2.481E+00 -8.412E-02
 -9.1552500E+03 -2.691E-02 -2.591E+00 -7.736E-02
 -9.1547500E+03  6.220E-03 -2.262E+00 -1.308E-01
 -9.1542500E+03 -2.926E-02 -2.299E+00 -1.804E-02
 -9.1537500E+03 -9.103E-03 -2.288E+00 -1.358E-01
 -9.1532500E+03 -3.501E-02 -2.491E+00 -1.257E-01
 -9.1527500E+03 -2.811E-02 -2.311E+00 -4.734E-02
 -9.1522500E+03  3.071E-02 -2.140E+00 -1.569E-01
 -9.1517500E+03 -1.266E-01 -2.215E+00  2.775E-01
 -9.1512500E+03  1.068E-01 -2.596E+00 -4.785E-01
 -9.1507500E+03  1.983E-02 -2.276E+00 -1.834E-01
 -9.1502500E+03 -1.572E-02 -2.019E+00 -5.486E-02
 -9.1497500E+03  2.072E-02 -2.169E+00 -1.849E-01
 -9.1492500E+03  1.151E-02 -2.178E+00 -1.568E-01
 -9.1487500E+03 -2.391E-02 -2.091E+00 -4.298E-02
 -9.1482500E+03  1.118E-02 -2.039E+00 -1.540E-01
 -9.1477500E+03 -3.315E-02 -2.107E+00 -2.399E-03
 -9.1472500E+03 -6.424E-03 -2.211E+00 -9.805E-02
 -9.1467500E+03  1.895E-02 -2.025E+00 -1.530E-01
 -9.1462500E+03 -3.549E-02 -2.157E+00 -1.518E-02
 -9.1457500E+03 -1.544E-02 -2.139E+00 -5.679E-02
 -9.1452500E+03 -7.650E-02 -2.000E+00  1.371E-01
 -9.1447500E+03  6.994E-03 -1.952E+00 -9.045E-02
 -9.1442500E+03  1.249E-02 -2.156E+00 -2.154E-01
 -9.1437500E+03 -3.149E-02 -2.079E+00 -1.752E-02
 -9.1432500E+03  7.541E-03 -1.846E+00 -1.156E-01
 -9.1427500E+03 -1.064E-02 -1.963E+00 -5.048E-02
 -9.1422500E+03 -5.391E-02 -2.046E+00  7.378E-02
 -9.1417500E+03 -2.838E-04 -1.990E+00 -1.293E-01
 -9.1412500E+03  2.945E-02 -2.133E+00 -2.220E-01
 -9.1407500E+03 -1.063E-02 -2.040E+00 -5.931E-02
 -9.1402500E+03  2.375E-02 -2.056E+00 -1.884E-01
 -9.1397500E+03 -5.692E-03 -1.931E+00 -7.565E-02
 -9.1392500E+03 -5.987E-02 -1.993E+00  6.557E-02
 -9.1387500E+03 -4.933E-02 -2.227E+00 -1.200E-02
 -9.1382500E+03  6.939E-02 -2.006E+00 -3.569E-01
 -9.1377500E+03  3.709E-02 -1.935E+00 -2.024E-01
 -9.1372500E+03  5.823E-02 -1.911E+00 -2.575E-01
 -9.1367500E+03 -2.782E-02 -1.799E+00 -1.064E-02
 -9.1362500E+03  2.517E-02 -1.881E+00 -1.470E-01
 -9.1357500E+03 -4.536E-03 -2.122E+00 -1.047E-01
 -9.1352500E+03 -4.725E-02 -1.937E+00  1.409E-02
 -9.1347500E+03 -6.508E-03 -1.667E+00 -6.939E-02
 -9.1342500E+03  3.742E-02 -1.886E+00 -2.185E-01
 -9.1337500E+03  1.240E-02 -1.930E+00 -1.280E-01
 -9.1332500E+03 -4.522E-02 -2.062E+00  1.088E-02
 -9.1327500E+03  6.430E-04 -2.064E+00 -1.420E-01
 -9.1322500E+03 -1.947E-02 -1.875E+00 -5.110E-02
 -9.1317500E+03  1.553E-02 -1.870E+00 -1.565E-01
 -9.1312500E+03  3.277E-02 -1.975E+00 -2.385E-01
 -9.1307500E+03  8.420E-02 -2.073E+00 -4.008E-01
 -9.1302500E+03 -3.320E-03 -1.955E+00 -1.280E-01
 -9.1297500E+03  1.130E-02 -1.931E+00 -1.570E-01
 -9.1292500E+03 -3.695E-02 -1.678E+00  3.992E-02
 -9.1287500E+03 -1.621E-02 -1.796E+00 -2.516E-02
 -9.1282500E+03  8.632E-02 -1.813E+00 -3.651E-01
 -9.1277500E+03 -1.024E-02 -1.776E+00 -3.433E-02
 -9.1272500E+03 -5.405E-02 -1.889E+00  5.597E-02
 -9.1267500E+03 -1.952E-02 -1.893E+00 -6.322E-02
 -9.1262500E+03  3.384E-02 -1.753E+00 -2.076E-01
 -9.1257500E+03 -9.580E-02 -1.769E+00  2.101E-01
 -9.1252500E+03 -6.615E-02 -1.804E+00  1.075E-01
 -9.1247500E+03  1.807E-02 -1.653E+00 -1.593E-01
 -9.1242500E+03  2.629E-02 -1.601E+00 -1.640E-01
 -9.1237500E+03  1.782E-02 -1.573E+00 -1.394E-01
 -9.1232500E+03  5.940E-02 -1.622E+00 -2.874E-01
 -9.1227500E+03  3.138E-02 -1.775E+00 -2.023E-01
 -9.1222500E+03 -6.803E-02 -1.813E+00  1.196E-01
 -9.1217500E+03 -3.582E-02 -1.835E+00  1.507E-02
 -9.1212500E+03  4.197E-02 -1.504E+00 -2.225E-01
 -9.1207500E+03  3.834E-02 -1.582E+00 -2.139E-01
 -9.1202500E+03  3.620E-02 -1.740E+00 -2.199E-01
 -9.1197500E+03 -3.101E-02 -1.653E+00 -4.491E-03
 -9.1192500E+03 -4.866E-02 -1.541E+00  6.750E-02
 -9.1187500E+03 -4.154E-02 -1.765E+00  5.040E-02
 -9.1182500E+03 -3.754E-02 -1.750E+00  3.688E-02
 -9.1177500E+03 -2.304E-02 -1.766E+00 -1.766E-02
 -9.1172500E+03 -1.302E-04 -1.690E+00 -9.329E-02
 -9.1167500E+03 -3.939E-02 -1.834E+00  4.288E-02
 -9.1162500E+03 -3.139E-02 -1.703E+00  1.257E-02
 -9.1157500E+03  1.920E-02 -1.369E+00 -1.320E-01
 -9.1152500E+03 -4.128E-02 -1.502E+00  3.878E-02
 -9.1147500E+03  5.722E-02 -1.553E+00 -2.756E-01
 -9.1142500E+03  4.525E-03 -1.562E+00 -8.627E-02
 -9.1137500E+03  1.058E-03 -1.544E+00 -9.738E-02
 -9.1132500E+03  2.580E-03 -1.574E+00 -9.237E-02
 -9.1127500E+03 -8.667E-03 -1.540E+00 -4.398E-02
 -9.1122500E+03  5.192E-02 -1.351E+00 -2.338E-01
 -9.1117500E+03 -2.081E-02 -1.279E+00  2.661E-03
 -9.1112500E+03  1.457E-02 -1.656E+00 -1.363E-01
 -9.1107500E+03 -1.434E-02 -1.615E+00 -4.735E-02
 -9.1102500E+03  1.936E-02 -1.610E+00 -1.493E-01
 -9.1097500E+03 -7.937E-04 -1.496E+00 -9.690E-02
 -9.1092500E+03 -2.217E-02 -1.465E+00 -7.123E-03
 -9.1087500E+03 -2.635E-02 -1.541E+00  1.896E-03
 -9.1082500E+03 -7.456E-03 -1.525E+00 -6.537E-02
 -9.1077500E+03 -5.010E-02 -1.623E+00  6.372E-02
 -9.1072500E+03 -5.043E-02 -1.503E+00  8.311E-02
 -9.1067500E+03 -5.812E-03 -1.397E+00 -4.769E-02
 -9.1062500E+03  3.521E-02 -1.685E+00 -2.123E-01
 -9.1057500E+03  2.186E-02 -1.456E+00 -1.347E-01
 -9.1052500E+03 -3.381E-02 -1.441E+00  3.293E-02
 -9.1047500E+03 -3.273E-02 -1.586E+00  5.465E-02
 -9.1042500E+03  8.876E-03 -1.530E+00 -1.273E-01
 -9.1037500E+03 -3.896E-02 -1.529E+00  2.478E-02
 -9.1032500E+03  6.435E-03 -1.339E+00 -9.897E-02
 -9.1027500E+03 -1.810E-02 -1.342E+00 -1.429E-02
 -9.1022500E+03 -2.384E-02 -1.510E+00 -3.756E-03
 -9.1017500E+03 -6.599E-03 -1.438E+00 -6.197E-02
 -9.1012500E+03  4.395E-02 -1.448E+00 -2.265E-01
 -9.1007500E+03 -4.820E-03 -1.389E+00 -5.727E-02
 -9.1002500E+03 -7.000E-03 -1.298E+00 -4.387E-02
 -9.0997500E+03 -1.849E-02 -1.309E+00 -8.975E-03
 -9.0992500E+03  3.319E-02 -1.388E+00 -1.861E-01
 -9.0987500E+03 -2.757E-02 -1.564E+00 -2.152E-02
 -9.0982500E+03 -8.275E-03 -1.424E+00 -6.240E-02
 -9.0977500E+03 -4.725E-02 -1.204E+00  8.741E-02
 -9.0972500E+03 -1.417E-02 -1.370E+00  1.929E-02
 -9.0967500E+03  4.003E-02 -1.461E+00 -2.105E-01
 -9.0962500E+03  3.045E-03 -1.354E+00 -9.132E-02
 -9.0957500E+03 -2.499E-02 -1.298E+00  1.024E-02
 -9.0952500E+03  1.397E-02 -1.290E+00 -9.354E-02
 -9.0947500E+03  5.093E-03 -1.510E+00 -9.776E-02
 -9.0942500E+03 -3.098E-03 -1.294E+00 -6.270E-02
 -9.0937500E+03 -3.643E-02 -1.236E+00  5.415E-02
 -9.0932500E+03 -2.944E-02 -1.329E+00  1.048E-02
 -9.0927500E+03 -4.681E-06 -1.337E+00 -6.616E-02
 -9.0922500E+03  4.293E-04 -1.241E+00 -5.138E-02
 -9.0917500E+03 -1.515E-03 -1.240E+00 -5.933E-02
 -9.0912500E+03  1.460E-02 -1.373E+00 -1.228E-01
 -9.0907500E+03 -1.674E-02 -1.448E+00 -4.486E-02
 -9.0902500E+03  6.559E-03 -1.364E+00 -1.089E-01
 -9.0897500E+03  3.722E-02 -1.230E+00 -1.888E-01
 -9.0892500E+03  1.577E-02 -1.146E+00 -1.068E-01
 -9.0887500E+03 -4.124E-02 -1.223E+00  8.091E-02
 -9.0882500E+03  2.158E-02 -1.181E+00 -1.346E-01
 -9.0877500E+03  3.925E-02 -1.250E+00 -2.075E-01
 -9.0872500E+03 -1.217E-02 -1.275E+00 -3.120E-02
 -9.0867500E+03 -2.131E-02 -1.261E+00 -9.773E-03
 -9.0862500E+03 -2.156E-02 -1.254E+00  4.113E-03
 -9.0857500E+03 -3.274E-02 -1.282E+00  2.148E-02
 -9.0852500E+03  8.834E-03 -1.272E+00 -9.493E-02
 -9.0847500E+03  1.330E-02 -1.091E+00 -9.314E-02
 -9.0842500E+03 -1.334E-02 -1.271E+00 -3.094E-02
 -9.0837500E+03 -2.269E-02 -1.290E+00 -4.230E-03
 -9.0832500E+03  1.495E-02 -1.282E+00 -1.286E-01
 -9.0827500E+03  5.703E-02 -1.188E+00 -2.554E-01
 -9.0822500E+03  2.637E-02 -1.109E+00 -1.312E-01
 -9.0817500E+03 -6.737E-04 -1.166E+00 -7.842E-02
 -9.0812500E+03 -3.172E-02 -1.202E+00  4.994E-02
 -9.0807500E+03  2.959E-02 -1.092E+00 -1.542E-01
 -9.0802500E+03 -9.849E-06 -1.154E+00 -7.785E-02
 -9.0797500E+03 -8.059E-03 -1.308E+00 -4.773E-02
 -9.0792500E+03 -2.860E-02 -1.105E+00  5.712E-02
 -9.0787500E+03 -5.057E-02 -1.209E+00  1.057E-01
 -9.0782500E+03  1.600E-02 -1.096E+00 -1.011E-01
 -9.0777500E+03 -2.634E-03 -1.040E+00 -4.312E-02
 -9.0772500E+03 -2.241E-02 -1.223E+00  1.201E-02
 -9.0767500E+03 -4.132E-02 -1.130E+00  8.291E-02
 -9.0762500E+03  1.796E-02 -1.018E+00 -1.012E-01
 -9.0757500E+03 -1.190E-02 -1.163E+00 -2.574E-02
 -9.0752500E+03 -8.367E-03 -1.207E+00 -4.788E-02
 -9.0747500E+03 -4.706E-02 -1.151E+00  9.083E-02
 -9.0742500E+03  1.486E-02 -1.071E+00 -1.114E-01
 -9.0737500E+03 -1.495E-02 -1.202E+00 -1.329E-02
 -9.0732500E+03 -1.546E-02 -1.155E+00 -9.668E-03
 -9.0727500E+03 -1.659E-02 -1.218E+00  2.242E-02
 -9.0722500E+03 -3.027E-02 -1.038E+00  4.085E-02
 -9.0717500E+03  1.073E-02 -1.085E+00 -6.171E-02
 -9.0712500E+03 -3.191E-02 -1.043E+00  6.067E-02
 -9.0707500E+03  4.305E-02 -1.066E+00 -2.011E-01
 -9.0702500E+03  3.006E-02 -1.146E+00 -1.571E-01
 -9.0697500E+03 -1.912E-02 -1.118E+00  7.928E-03
 -9.0692500E+03 -2.987E-03 -1.145E+00 -6.578E-02
 -9.0687500E+03 -1.466E-02 -1.196E+00 -1.987E-02
 -9.0682500E+03  9.279E-03 -1.155E+00 -9.627E-02
 -9.0677500E+03  2.888E-03 -9.781E-01 -5.741E-02
 -9.0672500E+03 -7.280E-03 -9.030E-01 -1.286E-02
 -9.0667500E+03 -1.651E-02 -1.157E+00 -2.669E-02
 -9.0662500E+03  6.613E-03 -1.170E+00 -9.400E-02
 -9.0657500E+03  3.208E-04 -1.065E+00 -6.232E-02
 -9.0652500E+03  1.826E-02 -1.054E+00 -1.210E-01
 -9.0647500E+03  9.234E-03 -9.436E-01 -7.057E-02
 -9.0642500E+03 -1.083E-02 -1.046E+00 -1.958E-02
 -9.0637500E+03  2.834E-03 -1.045E+00 -5.896E-02
 -9.0632500E+03 -5.906E-03 -9.609E-01 -3.958E-02
 -9.0627500E+03 -4.253E-02 -1.159E+00  6.197E-02
 -9.0622500E+03  2.596E-02 -9.472E-01 -1.297E-01
 -9.0617500E+03 -5.260E-03 -1.040E+00 -4.420E-02
 -9.0612500E+03  1.197E-02 -1.058E+00 -9.757E-02
 -9.0607500E+03 -4.406E-02 -7.918E-01  1.162E-01
 -9.0602500E+03 -2.223E-02 -1.145E+00  1.165E-02
 -9.0597500E+03 -1.710E-02 -1.013E+00 -4.867E-03
 -9.0592500E+03 -9.122E-03 -9.465E-01 -3.298E-02
 -9.0587500E+03  2.442E-02 -9.850E-01 -1.219E-01
 -9.0582500E+03  7.798E-03 -9.998E-01 -8.322E-02
 -9.0577500E+03  3.212E-02 -9.556E-01 -1.644E-01
 -9.0572500E+03 -4.114E-02 -8.662E-01  9.012E-02
 -9.0567500E+03  1.514E-02 -8.136E-01 -7.730E-02
 -9.0562500E+03 -9.048E-03 -7.939E-01 -1.889E-03
 -9.0557500E+03  3.045E-02 -9.650E-01 -1.554E-01
 -9.0552500E+03  2.821E-02 -1.045E+00 -1.406E-01
 -9.0547500E+03 -6.594E-03 -9.821E-01 -4.673E-02
 -9.0542500E+03 -1.456E-02 -1.028E+00  3.216E-03
 -9.0537500E+03 -4.613E-02 -9.953E-01  1.081E-01
 -9.0532500E+03 -1.031E-01 -1.024E+00  2.687E-01
 -9.0527500E+03 -9.780E-03 -8.725E-01 -1.596E-02
 -9.0522500E+03 -6.618E-03 -8.824E-01 -1.079E-02
 -9.0517500E+03  3.546E-02 -8.478E-01 -1.621E-01
 -9.0512500E+03 -3.498E-03 -8.669E-01 -3.771E-02
 -9.0507500E+03  5.826E-03 -9.631E-01 -5.386E-02
 -9.0502500E+03  1.946E-03 -9.104E-01 -5.839E-02
 -9.0497500E+03  2.755E-02 -8.621E-01 -1.326E-01
 -9.0492500E+03  2.669E-02 -1.008E+00 -1.422E-01
 -9.0487500E+03 -2.313E-02 -8.988E-01  1.554E-02
 -9.0482500E+03  5.093E-02 -9.259E-01 -2.123E-01
 -9.0477500E+03  2.280E-02 -7.430E-01 -1.093E-01
 -9.0472500E+03 -1.449E-03 -8.224E-01 -3.761E-02
 -9.0467500E+03  1.575E-02 -7.278E-01 -7.327E-02
 -9.0462500E+03 -7.650E-03 -1.031E+00 -2.700E-02
 -9.0457500E+03  2.866E-02 -7.670E-01 -1.257E-01
 -9.0452500E+03  9.043E-03 -6.904E-01 -5.591E-02
 -9.0447500E+03 -4.522E-02 -7.876E-01  9.709E-02
 -9.0442500E+03 -1.112E-02 -8.944E-01 -2.768E-02
 -9.0437500E+03  3.701E-03 -8.270E-01 -4.201E-02
 -9.0432500E+03 -2.940E-02 -7.529E-01  5.839E-02
 -9.0427500E+03  2.715E-02 -9.430E-01 -1.463E-01
 -9.0422500E+03 -6.319E-04 -9.741E-01 -5.837E-02
 -9.0417500E+03 -8.646E-03 -1.005E+00 -2.319E-02
 -9.0412500E+03  2.041E-02 -8.456E-01 -1.194E-01
 -9.0407500E+03 -3.395E-03 -8.433E-01 -2.940E-02
 -9.0402500E+03 -5.684E-05 -7.673E-01 -3.527E-02
 -9.0397500E+03  8.708E-03 -7.394E-01 -6.433E-02
 -9.0392500E+03 -1.035E-02 -6.271E-01  1.335E-02
 -9.0387500E+03 -3.291E-02 -8.427E-01  5.168E-02
 -9.0382500E+03 -2.088E-03 -8.267E-01 -2.918E-02
 -9.0377500E+03  2.709E-02 -1.010E+00 -1.460E-01
 -9.0372500E+03 -2.209E-02 -8.566E-01  2.202E-02
 -9.0367500E+03 -2.190E-02 -9.155E-01  2.089E-02
 -9.0362500E+03  6.729E-03 -8.340E-01 -6.344E-02
 -9.0357500E+03 -5.436E-03 -7.451E-01 -7.325E-03
 -9.0352500E+03 -3.787E-02 -8.570E-01  8.508E-02
 -9.0347500E+03 -2.146E-02 -7.523E-01  5.721E-02
 -9.0342500E+03  5.057E-03 -8.056E-01 -5.136E-02
 -9.0337500E+03  6.715E-03 -9.819E-01 -9.299E-02
 -9.0332500E+03  1.347E-02 -8.839E-01 -9.965E-02
 -9.0327500E+03  1.685E-02 -7.073E-01 -1.025E-01
 -9.0322500E+03 -9.591E-03 -6.425E-01  1.079E-02
 -9.0317500E+03 -2.615E-02 -7.812E-01  5.229E-02
 -9.0312500E+03 -1.028E-02 -7.370E-01 -5.951E-03
 -9.0307500E+03  2.413E-02 -8.199E-01 -1.361E-01
 -9.0302500E+03  3.476E-02 -7.215E-01 -1.629E-01
 -9.0297500E+03  4.509E-03 -6.338E-01 -3.850E-02
 -9.0292500E+03  1.230E-02 -8.646E-01 -8.436E-02
 -9.0287500E+03  2.732E-03 -7.690E-01 -4.842E-02
 -9.0282500E+03 -3.179E-03 -7.739E-01 -2.158E-02
 -9.0277500E+03 -3.859E-02 -8.771E-01  6.320E-02
 -9.0272500E+03 -1.879E-02 -8.750E-01  3.190E-02
 -9.0267500E+03 -2.618E-02 -9.372E-01  3.572E-02
 -9.0262500E+03  1.751E-02 -5.623E-01 -9.443E-02
 -9.0257500E+03 -2.768E-02 -7.267E-01  4.568E-02
 -9.0252500E+03  2.011E-03 -7.870E-01 -3.685E-02
 -9.0247500E+03 -1.846E-03 -7.143E-01 -2.886E-02
 -9.0242500E+03  2.385E-02 -6.914E-01 -1.178E-01
 -9.0237500E+03 -9.381E-03 -6.405E-01  9.232E-03
 -9.0232500E+03  4.222E-03 -7.832E-01 -5.835E-02
 -9.0227500E+03 -1.474E-02 -6.239E-01  1.410E-02
 -9.0222500E+03 -1.983E-02 -7.813E-01  3.540E-02
 -9.0217500E+03  1.677E-02 -6.890E-01 -8.600E-02
 -9.0212500E+03  2.095E-02 -6.928E-01 -9.598E-02
 -9.0207500E+03 -4.323E-02 -7.415E-01  9.423E-02
 -9.0202500E+03 -1.611E-02 -6.922E-01  6.518E-03
 -9.0197500E+03 -7.706E-03 -6.513E-01 -2.049E-03
 -9.0192500E+03  1.470E-02 -7.670E-01 -8.341E-02
 -9.0187500E+03 -2.700E-03 -6.992E-01 -2.274E-02
 -9.0182500E+03  2.284E-02 -6.890E-01 -1.042E-01
 -9.0177500E+03 -1.302E-04 -6.792E-01 -3.624E-02
 -9.0172500E+03  2.441E-03 -6.221E-01 -4.311E-02
 -9.0167500E+03 -8.429E-03 -7.090E-01 -6.927E-05
 -9.0162500E+03 -6.715E-03 -7.206E-01  2.581E-03
 -9.0157500E+03  1.563E-02 -6.992E-01 -7.382E-02
 -9.0152500E+03  4.130E-02 -7.367E-01 -1.974E-01
 -9.0147500E+03  5.863E-03 -6.681E-01 -6.510E-02
 -9.0142500E+03  9.884E-04 -5.854E-01 -9.499E-03
 -9.0137500E+03  8.763E-04 -7.400E-01 -4.536E-02
 -9.0132500E+03  1.368E-02 -7.546E-01 -8.621E-02
 -9.0127500E+03  5.674E-03 -7.206E-01 -6.430E-02
 -9.0122500E+03 -4.981E-03 -3.849E-01  1.286E-02
 -9.0117500E+03 -4.750E-02 -6.102E-01  1.268E-01
 -9.0112500E+03  1.502E-02 -6.305E-01 -6.580E-02
 -9.0107500E+03 -7.380E-03 -6.025E-01  1.506E-02
 -9.0102500E+03  1.300E-02 -5.848E-01 -9.279E-02
 -9.0097500E+03 -3.455E-03 -7.534E-01 -4.609E-02
 -9.0092500E+03 -1.228E-02 -8.456E-01 -5.566E-03
 -9.0087500E+03  1.835E-02 -6.399E-01 -1.262E-01
 -9.0082500E+03 -2.576E-02 -6.161E-01  4.415E-02
 -9.0077500E+03 -1.925E-02 -5.906E-01  3.553E-02
 -9.0072500E+03 -2.256E-02 -7.698E-01  1.890E-02
 -9.0067500E+03  4.380E-02 -7.257E-01 -1.814E-01
 -9.0062500E+03 -7.200E-03 -5.482E-01  3.939E-03
 -9.0057500E+03 -2.728E-02 -5.798E-01  6.346E-02
 -9.0052500E+03 -3.081E-02 -6.133E-01  6.785E-02
 -9.0047500E+03 -1.052E-02 -5.790E-01  1.485E-02
 -9.0042500E+03 -3.795E-02 -7.188E-01  8.734E-02
 -9.0037500E+03 -3.561E-03 -6.576E-01 -1.828E-02
 -9.0032500E+03  1.506E-02 -5.285E-01 -7.320E-02
 -9.0027500E+03  2.337E-02 -5.620E-01 -1.019E-01
 -9.0022500E+03  3.827E-02 -5.951E-01 -1.294E-01
 -9.0017500E+03  3.297E-03 -5.526E-01 -3.195E-02
 -9.0012500E+03  2.940E-02 -6.810E-01 -1.503E-01
 -9.0007500E+03  3.002E-03 -7.408E-01 -3.926E-02
 -9.0002500E+03 -2.106E-02 -7.496E-01  3.393E-02
 -8.9997500E+03 -2.209E-02 -5.903E-01  2.993E-02
 -8.9992500E+03 -4.044E-02 -5.695E-01  1.011E-01
 -8.9987500E+03  5.748E-03 -5.986E-01 -5.663E-02
 -8.9982500E+03 -3.324E-02 -6.459E-01  8.018E-02
 -8.9977500E+03 -3.940E-02 -6.781E-01  1.005E-01
 -8.9972500E+03 -2.480E-02 -5.512E-01  6.872E-02
 -8.9967500E+03 -9.663E-03 -5.052E-01  2.324E-02
 -8.9962500E+03  1.122E-02 -5.888E-01 -8.110E-02
 -8.9957500E+03 -4.876E-03 -5.308E-01 -2.665E-02
 -8.9952500E+03 -2.520E-02 -5.544E-01  6.078E-02
 -8.9947500E+03 -5.959E-03 -6.378E-01 -1.794E-02
 -8.9942500E+03  1.768E-02 -5.403E-01 -7.862E-02
 -8.9937500E+03  9.801E-03 -5.673E-01 -6.188E-02
 -8.9932500E+03  1.653E-02 -4.481E-01 -6.417E-02
 -8.9927500E+03  8.306E-03 -5.767E-01 -5.008E-02
 -8.9922500E+03 -1.059E-02 -6.802E-01 -2.543E-02
 -8.9917500E+03 -1.916E-02 -7.189E-01  2.175E-02
 -8.9912500E+03  1.620E-02 -5.139E-01 -6.590E-02
 -8.9907500E+03  1.294E-02 -5.989E-01 -7.680E-02
 -8.9902500E+03 -9.833E-03 -5.738E-01 -1.086E-03
 -8.9897500E+03 -2.549E-02 -6.178E-01  4.207E-02
 -8.9892500E+03  1.857E-02 -5.240E-01 -8.734E-02
 -8.9887500E+03  4.158E-02 -5.517E-01 -1.431E-01
 -8.9882500E+03  1.694E-02 -6.320E-01 -8.630E-02
 -8.9877500E+03  4.236E-02 -5.350E-01 -1.747E-01
 -8.9872500E+03 -2.256E-03 -4.941E-01 -2.047E-02
 -8.9867500E+03 -6.865E-03 -5.681E-01  1.899E-03
 -8.9862500E+03 -1.359E-02 -5.861E-01  2.110E-02
 -8.9857500E+03  7.304E-03 -5.441E-01 -4.874E-02
 -8.9852500E+03 -1.556E-02 -6.401E-01  1.192E-02
 -8.9847500E+03 -3.837E-02 -6.180E-01  8.481E-02
 -8.9842500E+03  1.315E-02 -5.764E-01 -7.693E-02
 -8.9837500E+03  2.781E-03 -6.451E-01 -4.733E-02
 -8.9832500E+03  1.886E-02 -5.316E-01 -7.593E-02
 -8.9827500E+03 -2.134E-02 -4.736E-01  5.191E-02
 -8.9822500E+03 -1.858E-02 -5.979E-01  1.642E-02
 -8.9817500E+03  3.429E-02 -5.161E-01 -1.352E-01
 -8.9812500E+03  4.115E-02 -4.665E-01 -1.538E-01
 -8.9807500E+03  5.228E-03 -5.448E-01 -5.453E-02
 -8.9802500E+03 -1.058E-03 -5.024E-01 -1.822E-02
 -8.9797500E+03  2.144E-02 -5.431E-01 -9.072E-02
 -8.9792500E+03  7.194E-03 -4.911E-01 -4.940E-02
 -8.9787500E+03 -2.157E-02 -6.040E-01  4.940E-02
 -8.9782500E+03  9.829E-03 -4.866E-01 -6.507E-02
 -8.9777500E+03  5.631E-03 -4.633E-01 -4.379E-02
 -8.9772500E+03 -2.465E-02 -4.740E-01  6.372E-02
 -8.9767500E+03  7.493E-03 -3.349E-01 -2.810E-02
 -8.9762500E+03 -5.173E-03 -5.040E-01 -2.352E-02
 -8.9757500E+03  3.200E-02 -5.515E-01 -1.399E-01
 -8.9752500E+03  2.966E-02 -4.983E-01 -1.182E-01
 -8.9747500E+03 -1.728E-02 -4.578E-01  3.578E-02
 -8.9742500E+03 -2.164E-02 -5.910E-01  4.119E-02
 -8.9737500E+03  2.887E-02 -5.177E-01 -1.286E-01
 -8.9732500E+03  1.629E-02 -4.791E-01 -7.380E-02
 -8.9727500E+03  2.456E-02 -4.548E-01 -9.370E-02
 -8.9722500E+03 -1.743E-02 -5.444E-01  3.853E-02
 -8.9717500E+03 -2.233E-02 -4.979E-01  4.440E-02
 -8.9712500E+03 -1.361E-02 -4.226E-01  2.791E-02
 -8.9707500E+03 -2.837E-02 -3.960E-01  9.210E-02
 -8.9702500E+03 -3.025E-02 -5.211E-01  8.212E-02
 -8.9697500E+03 -1.648E-02 -6.236E-01  2.053E-02
 -8.9692500E+03  1.159E-02 -4.749E-01 -7.032E-02
 -8.9687500E+03  1.942E-02 -5.066E-01 -8.126E-02
 -8.9682500E+03 -3.134E-02 -6.008E-01  5.574E-02
 -8.9677500E+03 -1.439E-02 -5.865E-01  2.227E-02
 -8.9672500E+03 -1.933E-02 -4.335E-01  4.229E-02
 -8.9667500E+03  3.281E-02 -3.985E-01 -1.055E-01
 -8.9662500E+03  5.238E-03 -4.416E-01 -3.365E-02
 -8.9657500E+03  2.174E-02 -4.435E-01 -9.863E-02
 -8.9652500E+03  1.173E-02 -4.204E-01 -4.182E-02
 -8.9647500E+03 -1.789E-02 -4.715E-01  3.028E-02
 -8.9642500E+03  3.889E-03 -4.424E-01 -4.260E-02
 -8.9637500E+03  7.892E-03 -4.426E-01 -4.443E-02
 -8.9632500E+03 -2.343E-02 -5.398E-01  4.435E-02
 -8.9627500E+03  9.035E-03 -4.672E-01 -5.690E-02
 -8.9622500E+03  4.043E-02 -3.785E-01 -1.502E-01
 -8.9617500E+03  3.836E-02 -5.351E-01 -1.313E-01
 -8.9612500E+03 -1.980E-02 -4.751E-01  4.559E-02
 -8.9607500E+03 -8.568E-04 -3.515E-01 -7.970E-03
 -8.9602500E+03 -3.922E-02 -2.946E-01  8.660E-02
 -8.9597500E+03 -2.294E-02 -5.481E-01  5.137E-02
 -8.9592500E+03 -4.653E-03 -4.778E-01 -1.019E-02
 -8.9587500E+03 -3.334E-03 -4.606E-01 -6.174E-03
 -8.9582500E+03 -1.026E-02 -4.981E-01  1.233E-02
 -8.9577500E+03  1.066E-02 -4.954E-01 -6.128E-02
 -8.9572500E+03  9.587E-03 -4.553E-01 -5.472E-02
 -8.9567500E+03  3.052E-02 -4.729E-01 -1.225E-01
 -8.9562500E+03  1.592E-02 -4.863E-01 -7.225E-02
 -8.9557500E+03  4.540E-03 -4.234E-01 -2.876E-02
 -8.9552500E+03  4.944E-04 -5.241E-01 -1.035E-02
 -8.9547500E+03  1.041E-02 -2.859E-01 -5.540E-02
 -8.9542500E+03  1.653E-03 -4.014E-01 -2.703E-02
 -8.9537500E+03 -2.857E-02 -4.091E-01  7.999E-02
 -8.9532500E+03 -3.217E-03 -5.201E-01 -3.240E-02
 -8.9527500E+03 -1.364E-03 -4.544E-01 -2.430E-02
 -8.9522500E+03 -2.033E-03 -4.268E-01 -2.320E-02
 -8.9517500E+03  9.125E-03 -5.290E-01 -6.980E-02
 -8.9512500E+03  2.319E-02 -4.060E-01 -8.816E-02
 -8.9507500E+03 -6.878E-03 -3.865E-01  9.737E-03
 -8.9502500E+03 -2.180E-03 -4.591E-01 -3.759E-03
 -8.9497500E+03 -2.846E-02 -4.293E-01  6.290E-02
 -8.9492500E+03  1.519E-02 -3.238E-01 -7.270E-02
 -8.9487500E+03 -7.683E-03 -3.515E-01  1.488E-02
 -8.9482500E+03 -2.154E-02 -4.339E-01  4.806E-02
 -8.9477500E+03 -3.917E-02 -5.055E-01  1.016E-01
 -8.9472500E+03  1.094E-02 -4.456E-01 -5.801E-02
 -8.9467500E+03  1.572E-02 -4.249E-01 -7.152E-02
 -8.9462500E+03  1.376E-02 -4.567E-01 -7.751E-02
 -8.9457500E+03 -6.831E-03 -3.740E-01  1.366E-02
 -8.9452500E+03 -4.747E-03 -3.655E-01 -5.091E-03
 -8.9447500E+03  1.066E-02 -3.349E-01 -6.433E-02
 -8.9442500E+03  2.173E-02 -3.628E-01 -9.895E-02
 -8.9437500E+03 -4.911E-04 -4.454E-01 -1.994E-02
 -8.9432500E+03  5.491E-03 -4.165E-01 -3.621E-02
 -8.9427500E+03  1.013E-02 -2.886E-01 -4.487E-02
 -8.9422500E+03  3.891E-03 -3.997E-01 -4.615E-03
 -8.9417500E+03 -9.679E-03 -4.437E-01  1.335E-02
 -8.9412500E+03  5.425E-03 -3.822E-01 -2.142E-02
 -8.9407500E+03 -1.732E-02 -2.883E-01  4.602E-02
 -8.9402500E+03  2.981E-03 -4.073E-01 -2.783E-02
 -8.9397500E+03  3.001E-03 -4.596E-01 -3.815E-02
 -8.9392500E+03 -1.140E-02 -3.769E-01  2.044E-02
 -8.9387500E+03 -2.787E-03 -3.488E-01  2.433E-03
 -8.9382500E+03 -4.959E-03 -3.181E-01  1.010E-02
 -8.9377500E+03  2.689E-02 -4.401E-01 -1.074E-01
 -8.9372500E+03  2.672E-03 -3.534E-01 -3.688E-02
 -8.9367500E+03  1.355E-02 -4.991E-01 -1.001E-01
 -8.9362500E+03  1.469E-02 -3.368E-01 -1.174E-01
 -8.9357500E+03  1.049E-02 -2.846E-01 -3.152E-02
 -8.9352500E+03 -8.697E-03 -3.927E-01  8.685E-03
 -8.9347500E+03 -1.508E-02 -3.941E-01  3.859E-02
 -8.9342500E+03 -2.807E-02 -3.950E-01  4.622E-02
 -8.9337500E+03  4.783E-04 -3.099E-01 -2.174E-02
 -8.9332500E+03 -1.376E-02 -3.668E-01  3.896E-02
 -8.9327500E+03  3.313E-02 -2.564E-01 -9.608E-02
 -8.9322500E+03  2.206E-02 -3.640E-01 -7.642E-02
 -8.9317500E+03  1.835E-02 -2.221E-01 -8.106E-02
 -8.9312500E+03  1.880E-02 -4.175E-01 -7.393E-02
 -8.9307500E+03 -2.574E-03 -4.872E-01 -1.526E-02
 -8.9302500E+03 -1.039E-02 -3.772E-01  6.802E-03
