 -1.5027750E+04 -0.000E+00 -0.000E+00  0.000E+00
 -1.5027250E+04 -0.000E+00 -0.000E+00  0.000E+00
 -1.5026750E+04 -0.000E+00 -0.000E+00  0.000E+00
 -1.5026250E+04 -0.000E+00 -0.000E+00  0.000E+00
 -1.5025750E+04 -0.000E+00 -0.000E+00  0.000E+00
 -1.5025250E+04 -0.000E+00 -0.000E+00  0.000E+00
 -1.5024750E+04 -0.000E+00 -0.000E+00  0.000E+00
 -1.5024250E+04 -0.000E+00 -0.000E+00  0.000E+00
 -1.5023750E+04 -0.000E+00 -0.000E+00  0.000E+00
 -1.5023250E+04 -0.000E+00 -0.000E+00  0.000E+00
 -1.5022750E+04 -0.000E+00 -0.000E+00  0.000E+00
 -1.5022250E+04 -0.000E+00 -0.000E+00  0.000E+00
 -1.5021750E+04 -0.000E+00 -0.000E+00  0.000E+00
 -1.5021250E+04 -0.000E+00 -0.000E+00  0.000E+00
 -1.5020750E+04 -0.000E+00 -0.000E+00  0.000E+00
 -1.5020250E+04 -0.000E+00 -0.000E+00  0.000E+00
 -1.5019750E+04 -0.000E+00 -0.000E+00  0.000E+00
 -1.5019250E+04 -0.000E+00 -0.000E+00  0.000E+00
 -1.5018750E+04 -0.000E+00 -0.000E+00  0.000E+00
 -1.5018250E+04 -0.000E+00 -0.000E+00  0.000E+00
 -1.5017750E+04 -0.000E+00 -0.000E+00  0.000E+00
 -1.5017250E+04 -0.000E+00 -0.000E+00  0.000E+00
 -1.5016750E+04 -0.000E+00 -0.000E+00  0.000E+00
 -1.5016250E+04 -0.000E+00 -0.000E+00  0.000E+00
 -1.5015750E+04 -0.000E+00 -0.000E+00  0.000E+00
 -1.5015250E+04 -0.000E+00 -0.000E+00  0.000E+00
 -1.5014750E+04 -0.000E+00 -0.000E+00  0.000E+00
 -1.5014250E+04 -0.000E+00 -0.000E+00  0.000E+00
 -1.5013750E+04 -0.000E+00 -0.000E+00  0.000E+00
 -1.5013250E+04 -0.000E+00 -0.000E+00  0.000E+00
 -1.5012750E+04 -0.000E+00 -0.000E+00  0.000E+00
 -1.5012250E+04 -0.000E+00 -0.000E+00  0.000E+00
 -1.5011750E+04 -0.000E+00 -0.000E+00  0.000E+00
 -1.5011250E+04 -0.000E+00 -0.000E+00  0.000E+00
 -1.5010750E+04 -0.000E+00 -0.000E+00  0.000E+00
 -1.5010250E+04 -0.000E+00 -0.000E+00  0.000E+00
 -1.5009750E+04 -0.000E+00 -0.000E+00  0.000E+00
 -1.5009250E+04 -0.000E+00 -0.000E+00  0.000E+00
 -1.5008750E+04 -0.000E+00 -0.000E+00  0.000E+00
 -1.5008250E+04 -0.000E+00 -0.000E+00  0.000E+00
 -1.5007750E+04 -0.000E+00 -0.000E+00  0.000E+00
 -1.5007250E+04 -0.000E+00 -0.000E+00  0.000E+00
 -1.5006750E+04 -0.000E+00 -0.000E+00  0.000E+00
 -1.5006250E+04 -0.000E+00 -0.000E+00  0.000E+00
 -1.5005750E+04 -0.000E+00 -0.000E+00  0.000E+00
 -1.5005250E+04 -0.000E+00 -0.000E+00  0.000E+00
 -1.5004750E+04 -0.000E+00 -0.000E+00  0.000E+00
 -1.5004250E+04 -0.000E+00 -0.000E+00  0.000E+00
 -1.5003750E+04 -0.000E+00 -0.000E+00  0.000E+00
 -1.5003250E+04 -0.000E+00 -0.000E+00  0.000E+00
 -1.5002750E+04 -0.000E+00 -0.000E+00  0.000E+00
 -1.5002250E+04 -0.000E+00 -0.000E+00  0.000E+00
 -1.5001750E+04 -0.000E+00 -0.000E+00  0.000E+00
 -1.5001250E+04 -0.000E+00 -0.000E+00  0.000E+00
 -1.5000750E+04 -0.000E+00 -0.000E+00  0.000E+00
 -1.5000250E+04 -0.000E+00 -0.000E+00  0.000E+00
 -1.4999750E+04 -0.000E+00 -0.000E+00  0.000E+00
 -1.4999250E+04 -0.000E+00 -0.000E+00  0.000E+00
 -1.4998750E+04 -0.000E+00 -0.000E+00  0.000E+00
 -1.4998250E+04 -0.000E+00 -0.000E+00  0.000E+00
 -1.4997750E+04 -0.000E+00 -0.000E+00  0.000E+00
 -1.4997250E+04 -0.000E+00 -0.000E+00  0.000E+00
 -1.4996750E+04 -0.000E+00 -0.000E+00  0.000E+00
 -1.4996250E+04 -0.000E+00 -0.000E+00  0.000E+00
 -1.4995750E+04 -0.000E+00 -0.000E+00  0.000E+00
 -1.4995250E+04 -0.000E+00 -0.000E+00  0.000E+00
 -1.4994750E+04 -0.000E+00 -0.000E+00  0.000E+00
 -1.4994250E+04 -0.000E+00 -0.000E+00  0.000E+00
 -1.4993750E+04 -0.000E+00 -0.000E+00  0.000E+00
 -1.4993250E+04 -0.000E+00 -0.000E+00  0.000E+00
 -1.4992750E+04 -0.000E+00 -0.000E+00  0.000E+00
 -1.4992250E+04 -0.000E+00 -0.000E+00  0.000E+00
 -1.4991750E+04 -0.000E+00 -0.000E+00  0.000E+00
 -1.4991250E+04 -0.000E+00 -0.000E+00  0.000E+00
 -1.4990750E+04 -0.000E+00 -0.000E+00  0.000E+00
 -1.4990250E+04 -0.000E+00 -0.000E+00  0.000E+00
 -1.4989750E+04 -0.000E+00 -0.000E+00  0.000E+00
 -1.4989250E+04 -0.000E+00 -0.000E+00  0.000E+00
 -1.4988750E+04 -0.000E+00 -0.000E+00  0.000E+00
 -1.4988250E+04 -0.000E+00 -0.000E+00  0.000E+00
 -1.4987750E+04 -0.000E+00 -0.000E+00  0.000E+00
 -1.4987250E+04 -0.000E+00 -0.000E+00  0.000E+00
 -1.4986750E+04 -0.000E+00 -0.000E+00  0.000E+00
 -1.4986250E+04 -0.000E+00 -0.000E+00  0.000E+00
 -1.4985750E+04 -0.000E+00 -0.000E+00  0.000E+00
 -1.4985250E+04 -0.000E+00 -0.000E+00  0.000E+00
 -1.4984750E+04 -0.000E+00 -0.000E+00  0.000E+00
 -1.4984250E+04 -0.000E+00 -0.000E+00  0.000E+00
 -1.4983750E+04 -0.000E+00 -0.000E+00  0.000E+00
 -1.4983250E+04 -0.000E+00 -0.000E+00  0.000E+00
 -1.4982750E+04 -0.000E+00 -0.000E+00  0.000E+00
 -1.4982250E+04 -0.000E+00 -0.000E+00  0.000E+00
 -1.4981750E+04 -0.000E+00 -0.000E+00  0.000E+00
 -1.4981250E+04 -0.000E+00 -0.000E+00  0.000E+00
 -1.4980750E+04 -0.000E+00 -0.000E+00  0.000E+00
 -1.4980250E+04 -0.000E+00 -0.000E+00  0.000E+00
 -1.4979750E+04 -0.000E+00 -0.000E+00  0.000E+00
 -1.4979250E+04 -0.000E+00 -0.000E+00  0.000E+00
 -1.4978750E+04 -0.000E+00 -0.000E+00  0.000E+00
 -1.4978250E+04 -0.000E+00 -0.000E+00  0.000E+00
 -1.4977750E+04 -0.000E+00 -0.000E+00  0.000E+00
 -1.4977250E+04 -0.000E+00 -0.000E+00  0.000E+00
 -1.4976750E+04 -0.000E+00 -0.000E+00  0.000E+00
 -1.4976250E+04 -0.000E+00 -0.000E+00  0.000E+00
 -1.4975750E+04 -0.000E+00 -0.000E+00  0.000E+00
 -1.4975250E+04 -0.000E+00 -0.000E+00  0.000E+00
 -1.4974750E+04 -0.000E+00 -0.000E+00  0.000E+00
 -1.4974250E+04 -0.000E+00 -0.000E+00  0.000E+00
 -1.4973750E+04 -0.000E+00 -0.000E+00  0.000E+00
 -1.4973250E+04 -0.000E+00 -0.000E+00  0.000E+00
 -1.4972750E+04 -0.000E+00 -0.000E+00  0.000E+00
 -1.4972250E+04 -0.000E+00 -0.000E+00  0.000E+00
 -1.4971750E+04 -0.000E+00 -0.000E+00  0.000E+00
 -1.4971250E+04 -0.000E+00 -0.000E+00  0.000E+00
 -1.4970750E+04 -0.000E+00 -0.000E+00  0.000E+00
 -1.4970250E+04 -0.000E+00 -0.000E+00  0.000E+00
 -1.4969750E+04 -0.000E+00 -0.000E+00  0.000E+00
 -1.4969250E+04 -0.000E+00 -0.000E+00  0.000E+00
 -1.4968750E+04 -0.000E+00 -0.000E+00  0.000E+00
 -1.4968250E+04 -0.000E+00 -0.000E+00  0.000E+00
 -1.4967750E+04 -0.000E+00 -0.000E+00  0.000E+00
 -1.4967250E+04 -0.000E+00 -0.000E+00  0.000E+00
 -1.4966750E+04 -0.000E+00 -0.000E+00  0.000E+00
 -1.4966250E+04 -0.000E+00 -0.000E+00  0.000E+00
 -1.4965750E+04 -0.000E+00 -0.000E+00  0.000E+00
 -1.4965250E+04 -0.000E+00 -0.000E+00  0.000E+00
 -1.4964750E+04 -0.000E+00 -0.000E+00  0.000E+00
 -1.4964250E+04 -0.000E+00 -0.000E+00  0.000E+00
 -1.4963750E+04 -0.000E+00 -0.000E+00  0.000E+00
 -1.4963250E+04 -0.000E+00 -0.000E+00  0.000E+00
 -1.4962750E+04 -0.000E+00 -0.000E+00  0.000E+00
 -1.4962250E+04 -0.000E+00 -0.000E+00  0.000E+00
 -1.4961750E+04 -0.000E+00 -0.000E+00  0.000E+00
 -1.4961250E+04 -0.000E+00 -0.000E+00  0.000E+00
 -1.4960750E+04 -0.000E+00 -0.000E+00  0.000E+00
 -1.4960250E+04 -0.000E+00 -0.000E+00  0.000E+00
 -1.4959750E+04 -0.000E+00 -0.000E+00  0.000E+00
 -1.4959250E+04 -0.000E+00 -0.000E+00  0.000E+00
 -1.4958750E+04 -0.000E+00 -0.000E+00  0.000E+00
 -1.4958250E+04 -0.000E+00 -0.000E+00  0.000E+00
 -1.4957750E+04 -0.000E+00 -0.000E+00  0.000E+00
 -1.4957250E+04 -0.000E+00 -0.000E+00  0.000E+00
 -1.4956750E+04 -0.000E+00 -0.000E+00  0.000E+00
 -1.4956250E+04 -0.000E+00 -0.000E+00  0.000E+00
 -1.4955750E+04 -0.000E+00 -0.000E+00  0.000E+00
 -1.4955250E+04 -0.000E+00 -0.000E+00  0.000E+00
 -1.4954750E+04 -0.000E+00 -0.000E+00  0.000E+00
 -1.4954250E+04 -0.000E+00 -0.000E+00  0.000E+00
 -1.4953750E+04 -0.000E+00 -0.000E+00  0.000E+00
 -1.4953250E+04 -0.000E+00 -0.000E+00  0.000E+00
 -1.4952750E+04 -0.000E+00 -0.000E+00  0.000E+00
 -1.4952250E+04 -0.000E+00 -0.000E+00  0.000E+00
 -1.4951750E+04 -0.000E+00 -0.000E+00  0.000E+00
 -1.4951250E+04 -0.000E+00 -0.000E+00  0.000E+00
 -1.4950750E+04 -0.000E+00 -0.000E+00  0.000E+00
 -1.4950250E+04 -0.000E+00 -0.000E+00  0.000E+00
 -1.4949750E+04 -0.000E+00 -0.000E+00  0.000E+00
 -1.4949250E+04 -0.000E+00 -0.000E+00  0.000E+00
 -1.4948750E+04 -0.000E+00 -0.000E+00  0.000E+00
 -1.4948250E+04 -0.000E+00 -0.000E+00  0.000E+00
 -1.4947750E+04 -0.000E+00 -0.000E+00  0.000E+00
 -1.4947250E+04 -0.000E+00 -0.000E+00  0.000E+00
 -1.4946750E+04 -0.000E+00 -0.000E+00  0.000E+00
 -1.4946250E+04 -0.000E+00 -0.000E+00  0.000E+00
 -1.4945750E+04 -0.000E+00 -0.000E+00  0.000E+00
 -1.4945250E+04 -0.000E+00 -0.000E+00  0.000E+00
 -1.4944750E+04 -0.000E+00 -0.000E+00  0.000E+00
 -1.4944250E+04 -0.000E+00 -0.000E+00  0.000E+00
 -1.4943750E+04 -0.000E+00 -0.000E+00  0.000E+00
 -1.4943250E+04 -0.000E+00 -0.000E+00  0.000E+00
 -1.4942750E+04 -0.000E+00 -0.000E+00  0.000E+00
 -1.4942250E+04 -0.000E+00 -0.000E+00  0.000E+00
 -1.4941750E+04 -0.000E+00 -0.000E+00  0.000E+00
 -1.4941250E+04 -0.000E+00 -0.000E+00  0.000E+00
 -1.4940750E+04 -0.000E+00 -0.000E+00  0.000E+00
 -1.4940250E+04 -0.000E+00 -0.000E+00  0.000E+00
 -1.4939750E+04 -0.000E+00 -0.000E+00  0.000E+00
 -1.4939250E+04 -0.000E+00 -0.000E+00  0.000E+00
 -1.4938750E+04 -0.000E+00 -0.000E+00  0.000E+00
 -1.4938250E+04 -0.000E+00 -0.000E+00  0.000E+00
 -1.4937750E+04 -0.000E+00 -0.000E+00  0.000E+00
 -1.4937250E+04 -0.000E+00 -0.000E+00  0.000E+00
 -1.4936750E+04 -0.000E+00 -0.000E+00  0.000E+00
 -1.4936250E+04 -0.000E+00 -0.000E+00  0.000E+00
 -1.4935750E+04 -0.000E+00 -0.000E+00  0.000E+00
 -1.4935250E+04 -0.000E+00 -0.000E+00  0.000E+00
 -1.4934750E+04 -0.000E+00 -0.000E+00  0.000E+00
 -1.4934250E+04 -0.000E+00 -0.000E+00  0.000E+00
 -1.4933750E+04 -0.000E+00 -0.000E+00  0.000E+00
 -1.4933250E+04 -0.000E+00 -0.000E+00  0.000E+00
 -1.4932750E+04 -0.000E+00 -0.000E+00  0.000E+00
 -1.4932250E+04 -0.000E+00 -0.000E+00  0.000E+00
 -1.4931750E+04 -0.000E+00 -0.000E+00  0.000E+00
 -1.4931250E+04 -0.000E+00 -0.000E+00  0.000E+00
 -1.4930750E+04 -0.000E+00 -0.000E+00  0.000E+00
 -1.4930250E+04 -0.000E+00 -0.000E+00  0.000E+00
 -1.4929750E+04 -0.000E+00 -0.000E+00  0.000E+00
 -1.4929250E+04 -0.000E+00 -0.000E+00  0.000E+00
 -1.4928750E+04 -0.000E+00 -0.000E+00  0.000E+00
 -1.4928250E+04 -0.000E+00 -0.000E+00  0.000E+00
 -1.4927750E+04 -0.000E+00 -0.000E+00  0.000E+00
 -1.4927250E+04 -0.000E+00 -0.000E+00  0.000E+00
 -1.4926750E+04 -0.000E+00 -0.000E+00  0.000E+00
 -1.4926250E+04 -0.000E+00 -0.000E+00  0.000E+00
 -1.4925750E+04 -0.000E+00 -0.000E+00  0.000E+00
 -1.4925250E+04 -0.000E+00 -0.000E+00  0.000E+00
 -1.4924750E+04  3.270E-09  1.047E-08 -1.169E-08
 -1.4924250E+04  1.120E-09  3.589E-09 -4.006E-09
 -1.4923750E+04 -9.048E-09 -2.897E-08  3.234E-08
 -1.4923250E+04 -2.352E-09 -7.521E-09  8.397E-09
 -1.4922750E+04  1.126E-08  3.599E-08 -4.017E-08
 -1.4922250E+04  9.680E-10  3.095E-09 -3.454E-09
 -1.4921750E+04 -2.079E-08 -6.608E-08  7.390E-08
 -1.4921250E+04  1.584E-08  5.207E-08 -5.619E-08
 -1.4920750E+04  5.571E-09  2.659E-08 -2.011E-08
 -1.4920250E+04 -2.863E-09  4.239E-09  1.002E-08
 -1.4919750E+04 -2.688E-08 -7.267E-08  9.509E-08
 -1.4919250E+04 -3.557E-08 -1.939E-07  1.268E-07
 -1.4918750E+04  2.844E-06  9.144E-06 -1.005E-05
 -1.4918250E+04 -8.595E-06 -2.705E-05  3.035E-05
 -1.4917750E+04 -7.643E-06 -2.365E-05  2.694E-05
 -1.4917250E+04 -3.044E-06 -9.243E-06  1.068E-05
 -1.4916750E+04  1.324E-06  4.561E-06 -4.721E-06
 -1.4916250E+04  1.279E-06  4.152E-06 -4.549E-06
 -1.4915750E+04  3.452E-05  1.080E-04 -1.213E-04
 -1.4915250E+04  1.128E-05  4.681E-05 -3.965E-05
 -1.4914750E+04 -1.064E-05 -2.580E-05  3.734E-05
 -1.4914250E+04  9.078E-06  4.056E-05 -3.182E-05
 -1.4913750E+04  3.063E-06  4.816E-05 -1.092E-05
 -1.4913250E+04 -2.617E-05 -6.432E-05  9.150E-05
 -1.4912750E+04 -2.343E-05 -4.767E-05  8.173E-05
 -1.4912250E+04  2.066E-05  4.249E-05 -7.196E-05
 -1.4911750E+04 -1.753E-05 -2.990E-05  6.099E-05
 -1.4911250E+04 -9.867E-05 -2.342E-04  3.431E-04
 -1.4910750E+04  4.503E-05  1.682E-04 -1.573E-04
 -1.4910250E+04 -3.202E-05  1.163E-03  1.049E-04
 -1.4909750E+04  4.944E-05  5.526E-04 -1.735E-04
 -1.4909250E+04 -3.663E-04  7.095E-04  1.263E-03
 -1.4908750E+04 -7.244E-04 -8.835E-05  2.499E-03
 -1.4908250E+04 -5.962E-03  2.154E-02  2.051E-02
 -1.4907750E+04  2.359E-03  2.303E-02 -8.222E-03
 -1.4907250E+04  1.750E-03 -1.025E-02 -6.011E-03
 -1.4906750E+04 -1.171E-03 -4.325E-03  4.042E-03
 -1.4906250E+04  5.726E-04  2.345E-03 -1.986E-03
 -1.4905750E+04  3.519E-04  1.184E-02 -1.232E-03
 -1.4905250E+04 -1.818E-04  6.523E-03  6.092E-04
 -1.4904750E+04 -1.459E-03  4.273E-03  5.008E-03
 -1.4904250E+04  2.208E-03  8.465E-03 -7.593E-03
 -1.4903750E+04 -1.392E-03  4.634E-02  4.826E-03
 -1.4903250E+04  1.826E-04 -5.227E-03 -6.517E-04
 -1.4902750E+04 -3.114E-03  5.383E-03  1.066E-02
 -1.4902250E+04 -2.177E-03  7.020E-03  7.486E-03
 -1.4901750E+04  3.434E-03  2.275E-02 -1.169E-02
 -1.4901250E+04 -1.809E-03  2.754E-02  6.278E-03
 -1.4900750E+04 -2.231E-03  3.815E-02  7.771E-03
 -1.4900250E+04 -3.129E-03  4.148E-02  1.088E-02
 -1.4899750E+04  9.691E-04  6.124E-02 -3.057E-03
 -1.4899250E+04 -9.368E-05  5.236E-02  5.146E-04
 -1.4898750E+04 -6.215E-03  8.074E-02  2.168E-02
 -1.4898250E+04  3.417E-03  6.096E-02 -1.134E-02
 -1.4897750E+04 -1.294E-02  6.659E-02  4.452E-02
 -1.4897250E+04  1.303E-02  1.905E-01 -4.318E-02
 -1.4896750E+04  1.099E-02  1.612E-01 -3.629E-02
 -1.4896250E+04 -8.798E-03  7.821E-02  3.063E-02
 -1.4895750E+04 -4.402E-03  9.820E-02  1.578E-02
 -1.4895250E+04 -1.198E-02  1.089E-01  4.173E-02
 -1.4894750E+04  7.660E-04  1.201E-01 -1.453E-03
 -1.4894250E+04 -2.066E-02  1.904E-01  7.206E-02
 -1.4893750E+04 -3.676E-02  1.994E-01  1.265E-01
 -1.4893250E+04 -9.643E-03  3.374E-01  3.599E-02
 -1.4892750E+04 -9.470E-03  2.839E-01  3.518E-02
 -1.4892250E+04 -7.243E-03  2.885E-01  2.774E-02
 -1.4891750E+04 -1.139E-02  4.232E-01  4.367E-02
 -1.4891250E+04 -5.715E-02  5.015E-01  1.995E-01
 -1.4890750E+04 -3.943E-02  6.024E-01  1.409E-01
 -1.4890250E+04  8.118E-03  6.148E-01 -1.924E-02
 -1.4889750E+04 -7.211E-03  6.932E-01  3.392E-02
 -1.4889250E+04 -9.758E-03  7.137E-01  4.299E-02
 -1.4888750E+04 -3.487E-02  6.152E-01  1.261E-01
 -1.4888250E+04 -5.476E-02  8.157E-01  1.964E-01
 -1.4887750E+04 -2.357E-02  9.792E-01  9.458E-02
 -1.4887250E+04 -1.059E-02  1.028E+00  5.126E-02
 -1.4886750E+04 -6.993E-02  1.273E+00  2.562E-01
 -1.4886250E+04 -9.410E-03  1.270E+00  5.266E-02
 -1.4885750E+04 -5.492E-02  1.446E+00  2.089E-01
 -1.4885250E+04 -4.817E-02  1.501E+00  1.881E-01
 -1.4884750E+04 -5.234E-02  1.675E+00  2.057E-01
 -1.4884250E+04 -9.929E-02  1.867E+00  3.670E-01
 -1.4883750E+04 -5.361E-02  2.136E+00  2.200E-01
 -1.4883250E+04 -6.286E-02  2.308E+00  2.552E-01
 -1.4882750E+04 -5.514E-02  2.774E+00  2.395E-01
 -1.4882250E+04 -4.085E-02  2.658E+00  1.889E-01
 -1.4881750E+04 -6.607E-02  2.752E+00  2.790E-01
 -1.4881250E+04 -7.240E-02  2.942E+00  3.048E-01
 -1.4880750E+04 -1.099E-01  3.669E+00  4.472E-01
 -1.4880250E+04 -8.123E-02  3.548E+00  3.480E-01
 -1.4879750E+04 -1.266E-01  3.807E+00  5.069E-01
 -1.4879250E+04 -3.977E-02  4.119E+00  2.268E-01
 -1.4878750E+04 -1.985E-01  4.222E+00  7.596E-01
 -1.4878250E+04 -1.944E-01  4.852E+00  7.639E-01
 -1.4877750E+04 -1.872E-01  4.755E+00  7.388E-01
 -1.4877250E+04 -5.982E-02  4.806E+00  3.164E-01
 -1.4876750E+04 -1.817E-01  5.765E+00  7.501E-01
 -1.4876250E+04 -1.924E-01  6.134E+00  7.968E-01
 -1.4875750E+04 -1.238E-01  5.796E+00  5.608E-01
 -1.4875250E+04 -5.553E-02  6.497E+00  3.571E-01
 -1.4874750E+04 -1.371E-01  6.870E+00  6.400E-01
 -1.4874250E+04 -2.098E-01  6.896E+00  8.847E-01
 -1.4873750E+04 -2.709E-02  7.712E+00  3.022E-01
 -1.4873250E+04 -1.904E-01  9.057E+00  8.887E-01
 -1.4872750E+04 -1.949E-01  8.509E+00  8.870E-01
 -1.4872250E+04 -3.416E-01  9.289E+00  1.404E+00
 -1.4871750E+04 -7.174E-02  9.912E+00  5.304E-01
 -1.4871250E+04 -2.976E-01  9.621E+00  1.271E+00
 -1.4870750E+04 -2.870E-01  1.000E+01  1.254E+00
 -1.4870250E+04 -2.973E-01  1.107E+01  1.322E+00
 -1.4869750E+04 -2.477E-01  1.062E+01  1.151E+00
 -1.4869250E+04 -2.673E-01  1.191E+01  1.260E+00
 -1.4868750E+04 -1.727E-01  1.189E+01  9.504E-01
 -1.4868250E+04 -2.985E-01  1.244E+01  1.390E+00
 -1.4867750E+04 -4.003E-01  1.279E+01  1.745E+00
 -1.4867250E+04 -1.914E-01  1.295E+01  1.061E+00
 -1.4866750E+04 -1.845E-01  1.333E+01  1.060E+00
 -1.4866250E+04 -9.608E-02  1.407E+01  7.964E-01
 -1.4865750E+04 -4.425E-02  1.466E+01  6.499E-01
 -1.4865250E+04 -1.392E-01  1.501E+01  9.868E-01
 -1.4864750E+04 -2.286E-01  1.586E+01  1.315E+00
 -1.4864250E+04 -1.006E-01  1.562E+01  8.872E-01
 -1.4863750E+04 -1.736E-01  1.622E+01  1.164E+00
 -1.4863250E+04 -3.721E-01  1.681E+01  1.840E+00
 -1.4862750E+04 -1.339E-01  1.750E+01  1.088E+00
 -1.4862250E+04 -2.275E-01  1.681E+01  1.383E+00
 -1.4861750E+04 -3.440E-01  1.844E+01  1.835E+00
 -1.4861250E+04 -2.410E-01  1.777E+01  1.484E+00
 -1.4860750E+04 -2.125E-01  1.712E+01  1.364E+00
 -1.4860250E+04 -2.876E-01  1.813E+01  1.661E+00
 -1.4859750E+04 -4.558E-01  1.939E+01  2.267E+00
 -1.4859250E+04 -1.233E-01  1.853E+01  1.149E+00
 -1.4858750E+04 -3.609E-01  1.934E+01  1.974E+00
 -1.4858250E+04 -1.243E-01  1.964E+01  1.214E+00
 -1.4857750E+04 -2.168E-02  1.887E+01  8.585E-01
 -1.4857250E+04 -1.451E-01  2.011E+01  1.311E+00
 -1.4856750E+04 -4.422E-01  1.999E+01  2.293E+00
 -1.4856250E+04 -3.828E-01  2.094E+01  2.145E+00
 -1.4855750E+04 -3.877E-01  2.256E+01  2.239E+00
 -1.4855250E+04 -1.211E-01  1.971E+01  1.261E+00
 -1.4854750E+04  3.380E-02  2.080E+01  8.118E-01
 -1.4854250E+04 -2.687E-01  2.160E+01  1.840E+00
 -1.4853750E+04 -3.824E-01  2.120E+01  2.203E+00
 -1.4853250E+04 -2.950E-01  2.168E+01  1.946E+00
 -1.4852750E+04 -1.977E-01  2.202E+01  1.665E+00
 -1.4852250E+04  8.296E-02  2.235E+01  7.523E-01
 -1.4851750E+04 -2.863E-01  2.195E+01  1.946E+00
 -1.4851250E+04 -4.156E-01  2.252E+01  2.414E+00
 -1.4850750E+04 -3.584E-01  2.118E+01  2.181E+00
 -1.4850250E+04 -1.587E-01  2.116E+01  1.548E+00
 -1.4849750E+04 -4.072E-01  2.088E+01  2.335E+00
 -1.4849250E+04 -2.762E-01  2.229E+01  1.983E+00
 -1.4848750E+04 -2.899E-01  2.069E+01  1.965E+00
 -1.4848250E+04  7.681E-02  2.231E+01  8.624E-01
 -1.4847750E+04 -5.080E-01  2.114E+01  2.718E+00
 -1.4847250E+04 -3.395E-01  2.140E+01  2.189E+00
 -1.4846750E+04 -5.508E-03  2.123E+01  1.107E+00
 -1.4846250E+04 -3.633E-01  2.067E+01  2.235E+00
 -1.4845750E+04 -3.362E-01  2.070E+01  2.167E+00
 -1.4845250E+04 -2.886E-01  2.076E+01  2.033E+00
 -1.4844750E+04 -9.543E-02  2.078E+01  1.412E+00
 -1.4844250E+04 -2.566E-01  2.015E+01  1.926E+00
 -1.4843750E+04 -3.185E-02  1.994E+01  1.183E+00
 -1.4843250E+04 -1.285E-01  1.880E+01  1.433E+00
 -1.4842750E+04  1.242E-01  1.893E+01  6.510E-01
 -1.4842250E+04 -5.192E-02  1.953E+01  1.244E+00
 -1.4841750E+04 -2.878E-01  1.907E+01  2.007E+00
 -1.4841250E+04 -7.072E-02  1.976E+01  1.351E+00
 -1.4840750E+04 -3.613E-01  1.736E+01  2.155E+00
 -1.4840250E+04  1.584E-01  1.896E+01  5.740E-01
 -1.4839750E+04 -2.783E-01  1.753E+01  1.916E+00
 -1.4839250E+04 -3.479E-01  1.830E+01  2.201E+00
 -1.4838750E+04 -4.986E-02  1.636E+01  1.124E+00
 -1.4838250E+04 -2.554E-01  1.766E+01  1.868E+00
 -1.4837750E+04 -4.669E-02  1.597E+01  1.108E+00
 -1.4837250E+04 -2.886E-01  1.739E+01  1.983E+00
 -1.4836750E+04  2.593E-01  1.563E+01  1.413E-01
 -1.4836250E+04  1.585E-01  1.642E+01  5.093E-01
 -1.4835750E+04  1.889E-01  1.533E+01  3.522E-01
 -1.4835250E+04  1.341E-01  1.405E+01  4.525E-01
 -1.4834750E+04 -4.403E-02  1.554E+01  1.135E+00
 -1.4834250E+04 -5.321E-02  1.337E+01  1.038E+00
 -1.4833750E+04  2.549E-01  1.511E+01  1.598E-01
 -1.4833250E+04 -2.949E-01  1.172E+01  1.717E+00
 -1.4832750E+04 -1.513E-01  1.215E+01  1.292E+00
 -1.4832250E+04 -2.236E-02  1.197E+01  8.770E-01
 -1.4831750E+04 -1.659E-01  1.298E+01  1.392E+00
 -1.4831250E+04 -1.132E-01  1.134E+01  1.150E+00
 -1.4830750E+04 -3.632E-01  1.107E+01  1.949E+00
 -1.4830250E+04  4.014E-01  1.053E+01 -5.438E-01
 -1.4829750E+04  2.483E-01  1.106E+01  2.625E-03
 -1.4829250E+04 -2.857E-01  1.033E+01  1.663E+00
 -1.4828750E+04 -9.459E-02  8.632E+00  9.462E-01
 -1.4828250E+04 -1.022E-02  9.145E+00  7.133E-01
 -1.4827750E+04 -1.304E-02  9.025E+00  7.154E-01
 -1.4827250E+04  9.850E-02  9.882E+00  4.211E-01
 -1.4826750E+04 -2.717E-01  8.780E+00  1.517E+00
 -1.4826250E+04 -1.786E-01  8.014E+00  1.188E+00
 -1.4825750E+04  3.017E-01  8.701E+00 -3.182E-01
 -1.4825250E+04  2.294E-01  7.170E+00 -1.400E-01
 -1.4824750E+04  2.250E-03  8.261E+00  6.445E-01
 -1.4824250E+04 -1.042E-01  7.039E+00  9.098E-01
 -1.4823750E+04  1.708E-01  8.390E+00  1.259E-01
 -1.4823250E+04 -3.634E-02  6.808E+00  6.748E-01
 -1.4822750E+04  2.546E-01  5.711E+00 -2.959E-01
 -1.4822250E+04 -1.078E-01  6.489E+00  9.307E-01
 -1.4821750E+04 -1.397E-01  5.399E+00  9.513E-01
 -1.4821250E+04  4.539E-01  3.454E+00 -1.090E+00
 -1.4820750E+04  3.085E-01  4.965E+00 -5.267E-01
 -1.4820250E+04 -4.295E-01  5.240E+00  1.818E+00
 -1.4819750E+04  9.909E-02  4.435E+00  1.328E-01
 -1.4819250E+04  4.599E-01  2.800E+00 -1.114E+00
 -1.4818750E+04 -1.571E-01  3.546E+00  8.735E-01
 -1.4818250E+04  7.083E-02  3.358E+00  1.500E-01
 -1.4817750E+04 -1.443E-01  2.634E+00  7.897E-01
 -1.4817250E+04  4.382E-01  2.855E+00 -1.038E+00
 -1.4816750E+04  9.908E-02  1.736E+00 -5.418E-02
 -1.4816250E+04 -2.462E-01  3.182E+00  1.125E+00
 -1.4815750E+04 -5.574E-02  2.111E+00  4.594E-01
 -1.4815250E+04 -2.866E-01  5.200E-01  1.102E+00
 -1.4814750E+04  3.682E-01  1.462E+00 -9.091E-01
 -1.4814250E+04  4.285E-02  2.717E+00  2.109E-01
 -1.4813750E+04 -1.311E-01  1.389E+00  6.512E-01
 -1.4813250E+04  4.471E-02  1.653E-01  1.507E-02
 -1.4812750E+04 -2.684E-02  2.956E-01  2.420E-01
 -1.4812250E+04  3.133E-01  1.227E+00 -7.268E-01
 -1.4811750E+04  5.803E-02 -1.134E+00 -9.078E-02
 -1.4811250E+04 -8.591E-03  4.261E-01  2.159E-01
 -1.4810750E+04  4.234E-01  7.121E-01 -1.111E+00
 -1.4810250E+04  1.919E-01 -1.528E+00 -5.511E-01
 -1.4809750E+04  1.262E-01 -2.229E+00 -4.012E-01
 -1.4809250E+04  1.960E-01 -3.725E-01 -4.889E-01
 -1.4808750E+04  7.171E-02 -1.013E+00 -1.338E-01
 -1.4808250E+04  3.061E-01 -1.087E+00 -8.596E-01
 -1.4807750E+04  2.476E-02 -9.270E-01 -1.384E-03
 -1.4807250E+04 -4.957E-02 -2.140E+00  1.747E-01
 -1.4806750E+04  3.305E-01 -2.391E+00 -1.009E+00
 -1.4806250E+04  3.202E-02 -1.419E+00 -5.935E-02
 -1.4805750E+04  2.353E-01 -1.873E+00 -7.086E-01
 -1.4805250E+04  7.881E-03 -3.388E+00 -1.039E-01
 -1.4804750E+04  5.961E-02 -2.412E+00 -1.800E-01
 -1.4804250E+04  2.233E-03 -2.896E+00 -5.898E-02
 -1.4803750E+04 -4.053E-01 -3.104E+00  1.206E+00
 -1.4803250E+04  2.990E-01 -2.475E+00 -9.383E-01
 -1.4802750E+04  3.327E-01 -3.692E+00 -1.143E+00
 -1.4802250E+04  2.268E-01 -3.179E+00 -7.851E-01
 -1.4801750E+04  2.011E-01 -3.322E+00 -7.285E-01
 -1.4801250E+04  1.186E-01 -3.127E+00 -4.429E-01
 -1.4800750E+04  5.868E-03 -4.286E+00 -1.653E-01
 -1.4800250E+04  1.745E-01 -3.704E+00 -6.803E-01
 -1.4799750E+04 -2.237E-01 -3.772E+00  5.865E-01
 -1.4799250E+04 -2.670E-02 -4.277E+00 -5.845E-02
 -1.4798750E+04  8.748E-02 -4.518E+00 -4.641E-01
 -1.4798250E+04  1.991E-02 -3.936E+00 -2.006E-01
 -1.4797750E+04  2.331E-01 -4.356E+00 -8.771E-01
 -1.4797250E+04  2.566E-01 -3.411E+00 -8.870E-01
 -1.4796750E+04  3.307E-01 -4.248E+00 -1.152E+00
 -1.4796250E+04 -6.662E-02 -3.386E+00  1.112E-01
 -1.4795750E+04  2.077E-02 -5.165E+00 -3.062E-01
 -1.4795250E+04  1.667E-01 -4.445E+00 -6.931E-01
 -1.4794750E+04  1.874E-01 -4.267E+00 -7.505E-01
 -1.4794250E+04 -2.541E-02 -4.710E+00 -1.173E-01
 -1.4793750E+04  2.228E-01 -4.064E+00 -8.031E-01
 -1.4793250E+04  1.806E-01 -3.914E+00 -6.975E-01
 -1.4792750E+04  1.933E-01 -5.355E+00 -8.352E-01
 -1.4792250E+04  1.285E-01 -5.275E+00 -6.383E-01
 -1.4791750E+04 -5.293E-03 -4.888E+00 -1.792E-01
 -1.4791250E+04  3.190E-02 -5.569E+00 -3.676E-01
 -1.4790750E+04  2.653E-01 -5.289E+00 -1.098E+00
 -1.4790250E+04 -2.051E-02 -5.130E+00 -1.654E-01
 -1.4789750E+04 -1.245E-01 -4.962E+00  2.035E-01
 -1.4789250E+04  2.273E-01 -5.262E+00 -9.373E-01
 -1.4788750E+04  1.266E-01 -5.932E+00 -7.034E-01
 -1.4788250E+04  1.528E-01 -4.405E+00 -6.613E-01
 -1.4787750E+04  4.017E-02 -4.821E+00 -3.185E-01
 -1.4787250E+04 -2.331E-01 -5.638E+00  4.498E-01
 -1.4786750E+04 -2.015E-01 -6.528E+00  2.842E-01
 -1.4786250E+04  1.566E-01 -6.313E+00 -8.126E-01
 -1.4785750E+04  2.191E-01 -5.839E+00 -9.947E-01
 -1.4785250E+04  3.559E-01 -5.462E+00 -1.379E+00
 -1.4784750E+04 -4.361E-03 -4.902E+00 -1.972E-01
 -1.4784250E+04 -2.038E-01 -5.481E+00  3.622E-01
 -1.4783750E+04  1.348E-02 -5.610E+00 -3.241E-01
 -1.4783250E+04  1.811E-01 -5.762E+00 -8.531E-01
 -1.4782750E+04  1.353E-01 -5.973E+00 -7.383E-01
 -1.4782250E+04  1.680E-01 -5.066E+00 -7.559E-01
 -1.4781750E+04  1.650E-01 -5.060E+00 -7.164E-01
 -1.4781250E+04  1.135E-01 -5.700E+00 -6.347E-01
 -1.4780750E+04  1.831E-01 -5.492E+00 -8.408E-01
 -1.4780250E+04 -2.564E-02 -5.658E+00 -2.162E-01
 -1.4779750E+04  1.252E-03 -6.704E+00 -4.015E-01
 -1.4779250E+04  1.428E-01 -6.497E+00 -8.072E-01
 -1.4778750E+04  4.662E-02 -6.279E+00 -4.847E-01
 -1.4778250E+04  1.468E-01 -4.162E+00 -6.413E-01
 -1.4777750E+04 -1.301E-03 -5.938E+00 -2.951E-01
 -1.4777250E+04 -1.438E-01 -6.268E+00  1.015E-01
 -1.4776750E+04  2.005E-02 -6.248E+00 -4.154E-01
 -1.4776250E+04  1.769E-01 -5.816E+00 -8.657E-01
 -1.4775750E+04 -5.122E-02 -6.489E+00 -2.322E-01
 -1.4775250E+04  1.812E-01 -6.292E+00 -9.198E-01
 -1.4774750E+04  1.875E-01 -5.461E+00 -8.394E-01
 -1.4774250E+04  1.058E-01 -5.364E+00 -5.640E-01
 -1.4773750E+04  2.964E-02 -5.923E+00 -4.267E-01
 -1.4773250E+04 -9.813E-02 -6.344E+00 -8.099E-02
 -1.4772750E+04 -9.471E-02 -6.202E+00 -6.845E-02
 -1.4772250E+04  1.283E-01 -6.283E+00 -7.604E-01
 -1.4771750E+04  1.284E-01 -5.831E+00 -7.039E-01
 -1.4771250E+04  1.758E-01 -5.391E+00 -8.377E-01
 -1.4770750E+04  3.062E-02 -5.461E+00 -4.037E-01
 -1.4770250E+04 -9.541E-03 -6.092E+00 -3.107E-01
 -1.4769750E+04  1.591E-01 -5.465E+00 -7.791E-01
 -1.4769250E+04  1.476E-01 -5.640E+00 -7.760E-01
 -1.4768750E+04  5.173E-02 -5.350E+00 -4.652E-01
 -1.4768250E+04  6.273E-02 -6.520E+00 -5.554E-01
 -1.4767750E+04 -5.747E-03 -5.632E+00 -3.136E-01
 -1.4767250E+04  1.238E-01 -6.066E+00 -7.375E-01
 -1.4766750E+04  1.388E-01 -6.320E+00 -7.911E-01
 -1.4766250E+04  3.745E-02 -5.603E+00 -4.363E-01
 -1.4765750E+04  7.160E-02 -5.925E+00 -5.334E-01
 -1.4765250E+04  3.327E-01 -4.855E+00 -1.288E+00
 -1.4764750E+04  2.728E-01 -5.441E+00 -1.154E+00
 -1.4764250E+04 -3.996E-02 -5.516E+00 -1.630E-01
 -1.4763750E+04 -1.106E-01 -6.539E+00 -5.657E-02
 -1.4763250E+04 -3.005E-02 -6.329E+00 -2.747E-01
 -1.4762750E+04 -3.702E-02 -5.544E+00 -2.096E-01
 -1.4762250E+04 -3.427E-02 -5.209E+00 -1.971E-01
 -1.4761750E+04  9.566E-02 -5.631E+00 -6.077E-01
 -1.4761250E+04  4.537E-02 -6.180E+00 -5.064E-01
 -1.4760750E+04 -1.571E-01 -5.444E+00  1.618E-01
 -1.4760250E+04  2.277E-03 -5.749E+00 -3.396E-01
 -1.4759750E+04  1.078E-01 -5.059E+00 -5.926E-01
 -1.4759250E+04 -4.072E-02 -5.819E+00 -2.481E-01
 -1.4758750E+04  3.660E-02 -5.204E+00 -4.198E-01
 -1.4758250E+04  1.700E-01 -5.699E+00 -8.430E-01
 -1.4757750E+04  3.099E-02 -5.149E+00 -3.771E-01
 -1.4757250E+04  9.807E-02 -5.273E+00 -6.362E-01
 -1.4756750E+04 -4.064E-02 -5.194E+00 -1.636E-01
 -1.4756250E+04 -2.682E-02 -5.140E+00 -1.838E-01
 -1.4755750E+04  7.822E-02 -5.788E+00 -6.141E-01
 -1.4755250E+04 -3.678E-02 -5.538E+00 -2.372E-01
 -1.4754750E+04  2.961E-01 -5.014E+00 -1.174E+00
 -1.4754250E+04  1.485E-01 -5.660E+00 -7.962E-01
 -1.4753750E+04  4.000E-02 -5.809E+00 -4.679E-01
 -1.4753250E+04 -5.389E-02 -5.516E+00 -1.944E-01
 -1.4752750E+04 -6.242E-02 -5.166E+00 -1.148E-01
 -1.4752250E+04 -4.487E-02 -5.243E+00 -1.715E-01
 -1.4751750E+04  3.239E-03 -5.626E+00 -3.179E-01
 -1.4751250E+04  8.427E-02 -5.223E+00 -5.536E-01
 -1.4750750E+04  1.986E-01 -5.563E+00 -9.267E-01
 -1.4750250E+04  1.078E-01 -5.133E+00 -6.507E-01
 -1.4749750E+04 -2.988E-02 -5.262E+00 -2.267E-01
 -1.4749250E+04  2.764E-02 -5.391E+00 -4.064E-01
 -1.4748750E+04 -3.161E-02 -5.647E+00 -2.472E-01
 -1.4748250E+04  1.633E-01 -4.826E+00 -7.893E-01
 -1.4747750E+04  1.285E-01 -5.279E+00 -7.145E-01
 -1.4747250E+04 -6.742E-02 -5.422E+00 -1.183E-01
 -1.4746750E+04  1.416E-01 -5.222E+00 -7.581E-01
 -1.4746250E+04  9.118E-02 -4.342E+00 -5.360E-01
 -1.4745750E+04  8.530E-02 -4.877E+00 -5.516E-01
 -1.4745250E+04  3.116E-02 -4.868E+00 -3.780E-01
 -1.4744750E+04 -8.593E-02 -5.029E+00 -3.335E-02
 -1.4744250E+04  1.735E-01 -5.154E+00 -8.350E-01
 -1.4743750E+04  1.154E-01 -4.653E+00 -6.290E-01
 -1.4743250E+04  7.087E-02 -5.110E+00 -5.011E-01
 -1.4742750E+04  2.485E-02 -4.654E+00 -3.600E-01
 -1.4742250E+04  1.154E-01 -4.748E+00 -6.614E-01
 -1.4741750E+04  6.496E-03 -4.965E+00 -3.039E-01
 -1.4741250E+04  6.903E-02 -4.934E+00 -5.007E-01
 -1.4740750E+04 -2.713E-02 -4.733E+00 -2.234E-01
 -1.4740250E+04  8.123E-02 -4.417E+00 -4.748E-01
 -1.4739750E+04  9.211E-02 -4.781E+00 -5.471E-01
 -1.4739250E+04  6.297E-02 -4.925E+00 -5.089E-01
 -1.4738750E+04  6.317E-02 -4.647E+00 -4.980E-01
 -1.4738250E+04 -7.548E-03 -4.723E+00 -2.991E-01
 -1.4737750E+04 -1.126E-01 -4.696E+00  3.715E-02
 -1.4737250E+04  1.210E-01 -4.765E+00 -6.539E-01
 -1.4736750E+04  6.323E-02 -4.778E+00 -4.952E-01
 -1.4736250E+04  2.303E-01 -4.661E+00 -9.686E-01
 -1.4735750E+04  1.364E-02 -4.820E+00 -3.325E-01
 -1.4735250E+04 -9.436E-02 -4.608E+00  1.146E-02
 -1.4734750E+04 -1.601E-02 -4.373E+00 -1.842E-01
 -1.4734250E+04 -7.337E-02 -4.693E+00 -7.191E-02
 -1.4733750E+04 -1.743E-02 -4.290E+00 -1.824E-01
 -1.4733250E+04 -3.294E-02 -4.503E+00 -1.569E-01
 -1.4732750E+04 -3.358E-02 -4.886E+00 -2.052E-01
 -1.4732250E+04  5.100E-02 -4.267E+00 -4.331E-01
 -1.4731750E+04  1.655E-01 -4.542E+00 -7.853E-01
 -1.4731250E+04  9.817E-03 -4.541E+00 -3.103E-01
 -1.4730750E+04  1.692E-01 -4.332E+00 -7.789E-01
 -1.4730250E+04  9.162E-02 -4.332E+00 -5.270E-01
 -1.4729750E+04 -1.843E-03 -4.389E+00 -2.599E-01
 -1.4729250E+04 -1.988E-01 -4.081E+00  3.546E-01
 -1.4728750E+04 -4.419E-02 -4.733E+00 -1.576E-01
 -1.4728250E+04  1.472E-01 -4.228E+00 -7.015E-01
 -1.4727750E+04  7.507E-02 -4.407E+00 -5.006E-01
 -1.4727250E+04  1.851E-01 -3.885E+00 -7.775E-01
 -1.4726750E+04 -3.615E-02 -4.315E+00 -1.629E-01
 -1.4726250E+04 -1.183E-01 -4.676E+00  7.178E-02
 -1.4725750E+04 -4.113E-02 -4.173E+00 -1.208E-01
 -1.4725250E+04 -3.384E-02 -3.998E+00 -1.218E-01
 -1.4724750E+04 -3.496E-02 -4.308E+00 -1.607E-01
 -1.4724250E+04  2.195E-03 -4.102E+00 -2.679E-01
 -1.4723750E+04  2.945E-02 -3.746E+00 -3.117E-01
 -1.4723250E+04 -2.745E-02 -4.199E+00 -1.536E-01
 -1.4722750E+04  2.004E-01 -4.315E+00 -8.726E-01
 -1.4722250E+04  2.657E-02 -3.971E+00 -3.254E-01
 -1.4721750E+04  7.182E-02 -3.960E+00 -4.656E-01
 -1.4721250E+04  2.217E-02 -4.349E+00 -3.471E-01
 -1.4720750E+04  8.017E-02 -3.652E+00 -4.527E-01
 -1.4720250E+04 -4.212E-03 -4.178E+00 -2.475E-01
 -1.4719750E+04  7.584E-02 -4.188E+00 -5.073E-01
 -1.4719250E+04 -1.757E-02 -4.105E+00 -1.870E-01
 -1.4718750E+04  8.900E-02 -3.904E+00 -4.926E-01
 -1.4718250E+04  8.986E-02 -3.770E+00 -5.123E-01
 -1.4717750E+04  4.644E-02 -3.979E+00 -3.952E-01
 -1.4717250E+04 -7.530E-03 -4.165E+00 -2.342E-01
 -1.4716750E+04  3.360E-02 -4.049E+00 -3.398E-01
 -1.4716250E+04  3.316E-02 -3.963E+00 -3.136E-01
 -1.4715750E+04 -1.066E-01 -3.913E+00  6.297E-02
 -1.4715250E+04 -2.834E-02 -3.257E+00 -9.656E-02
 -1.4714750E+04 -1.072E-01 -3.301E+00  1.418E-01
 -1.4714250E+04 -1.362E-02 -3.686E+00 -1.794E-01
 -1.4713750E+04 -2.146E-02 -4.234E+00 -1.997E-01
 -1.4713250E+04  5.067E-02 -3.960E+00 -4.149E-01
 -1.4712750E+04 -5.964E-02 -3.512E+00 -3.106E-02
 -1.4712250E+04  3.479E-02 -3.677E+00 -3.163E-01
 -1.4711750E+04  9.825E-02 -4.040E+00 -5.405E-01
 -1.4711250E+04 -3.157E-02 -3.827E+00 -1.339E-01
 -1.4710750E+04  5.134E-02 -3.460E+00 -3.709E-01
 -1.4710250E+04  5.537E-02 -3.407E+00 -3.690E-01
 -1.4709750E+04  6.920E-02 -3.860E+00 -4.491E-01
 -1.4709250E+04  1.384E-02 -3.567E+00 -2.723E-01
 -1.4708750E+04  2.963E-02 -3.541E+00 -3.104E-01
 -1.4708250E+04  1.268E-01 -3.248E+00 -5.775E-01
 -1.4707750E+04  4.122E-02 -3.371E+00 -3.180E-01
 -1.4707250E+04  8.105E-03 -3.678E+00 -2.410E-01
 -1.4706750E+04  4.771E-02 -3.401E+00 -3.690E-01
 -1.4706250E+04  1.368E-02 -2.968E+00 -2.142E-01
 -1.4705750E+04 -4.741E-02 -3.412E+00 -4.915E-02
 -1.4705250E+04 -2.149E-02 -3.661E+00 -1.569E-01
 -1.4704750E+04  2.565E-02 -3.413E+00 -2.987E-01
 -1.4704250E+04  5.180E-02 -3.629E+00 -3.980E-01
 -1.4703750E+04  1.401E-03 -3.539E+00 -2.281E-01
 -1.4703250E+04 -2.823E-02 -3.253E+00 -1.054E-01
 -1.4702750E+04 -1.849E-02 -3.261E+00 -1.180E-01
 -1.4702250E+04  5.594E-02 -3.437E+00 -4.056E-01
 -1.4701750E+04  1.028E-02 -3.396E+00 -2.466E-01
 -1.4701250E+04  9.163E-03 -3.033E+00 -1.968E-01
 -1.4700750E+04  3.988E-02 -3.275E+00 -3.038E-01
 -1.4700250E+04  3.017E-02 -3.144E+00 -2.703E-01
 -1.4699750E+04  2.353E-02 -3.407E+00 -2.788E-01
 -1.4699250E+04 -8.723E-02 -3.514E+00  5.016E-02
 -1.4698750E+04  4.326E-02 -3.013E+00 -3.057E-01
 -1.4698250E+04 -1.808E-02 -3.278E+00 -1.569E-01
 -1.4697750E+04  5.484E-02 -2.697E+00 -3.124E-01
 -1.4697250E+04  2.599E-02 -2.980E+00 -2.399E-01
 -1.4696750E+04 -6.736E-02 -3.087E+00  3.502E-02
 -1.4696250E+04  1.533E-01 -3.530E+00 -6.929E-01
 -1.4695750E+04 -1.924E-02 -2.915E+00 -1.269E-01
 -1.4695250E+04  4.691E-02 -3.145E+00 -3.233E-01
 -1.4694750E+04 -9.578E-03 -3.142E+00 -1.468E-01
 -1.4694250E+04 -1.080E-02 -3.291E+00 -1.794E-01
 -1.4693750E+04  6.863E-02 -2.903E+00 -3.621E-01
 -1.4693250E+04 -4.944E-02 -2.934E+00 -4.175E-02
 -1.4692750E+04  1.413E-01 -3.212E+00 -6.034E-01
 -1.4692250E+04  2.540E-02 -3.121E+00 -2.815E-01
 -1.4691750E+04 -7.258E-02 -3.113E+00  1.470E-02
 -1.4691250E+04 -5.453E-02 -3.072E+00 -1.157E-02
 -1.4690750E+04  2.339E-02 -2.917E+00 -2.508E-01
 -1.4690250E+04 -8.184E-02 -2.775E+00  7.772E-02
 -1.4689750E+04  4.343E-02 -2.984E+00 -3.252E-01
 -1.4689250E+04 -2.897E-02 -2.727E+00 -6.471E-02
 -1.4688750E+04  3.891E-02 -2.744E+00 -2.937E-01
 -1.4688250E+04 -3.258E-02 -3.097E+00 -8.966E-02
 -1.4687750E+04  2.694E-02 -2.814E+00 -2.493E-01
 -1.4687250E+04  6.449E-02 -2.767E+00 -3.582E-01
 -1.4686750E+04 -4.006E-02 -2.643E+00 -6.476E-03
 -1.4686250E+04 -5.842E-02 -2.984E+00  1.800E-02
 -1.4685750E+04  4.289E-02 -2.794E+00 -2.861E-01
 -1.4685250E+04  9.633E-02 -2.886E+00 -4.745E-01
 -1.4684750E+04  1.069E-01 -2.865E+00 -5.219E-01
 -1.4684250E+04  6.021E-02 -2.665E+00 -3.533E-01
 -1.4683750E+04  8.660E-03 -2.626E+00 -1.845E-01
 -1.4683250E+04  3.791E-02 -2.876E+00 -2.720E-01
 -1.4682750E+04  2.347E-02 -2.578E+00 -2.079E-01
 -1.4682250E+04  5.361E-03 -2.918E+00 -2.222E-01
 -1.4681750E+04  1.324E-02 -2.958E+00 -2.118E-01
 -1.4681250E+04 -3.904E-02 -2.561E+00 -2.907E-02
 -1.4680750E+04 -4.691E-02 -2.736E+00 -2.927E-02
 -1.4680250E+04 -7.966E-02 -2.642E+00  1.154E-01
 -1.4679750E+04  5.332E-02 -2.383E+00 -2.854E-01
 -1.4679250E+04  6.262E-02 -2.653E+00 -3.622E-01
 -1.4678750E+04  2.801E-02 -2.477E+00 -2.607E-01
 -1.4678250E+04  6.973E-02 -2.619E+00 -3.714E-01
 -1.4677750E+04 -4.445E-02 -2.631E+00 -1.311E-02
 -1.4677250E+04 -6.128E-02 -2.649E+00  2.306E-02
 -1.4676750E+04 -8.355E-02 -2.703E+00  8.662E-02
 -1.4676250E+04 -4.552E-02 -2.644E+00 -1.870E-02
 -1.4675750E+04 -2.092E-02 -2.508E+00 -8.167E-02
 -1.4675250E+04  7.030E-02 -2.392E+00 -3.471E-01
 -1.4674750E+04 -8.480E-03 -2.744E+00 -1.469E-01
 -1.4674250E+04 -9.226E-03 -2.730E+00 -1.561E-01
 -1.4673750E+04  3.449E-02 -2.903E+00 -2.838E-01
 -1.4673250E+04 -1.381E-02 -2.524E+00 -8.681E-02
 -1.4672750E+04  3.751E-02 -2.522E+00 -2.658E-01
 -1.4672250E+04 -2.935E-02 -2.236E+00 -6.667E-02
 -1.4671750E+04 -3.587E-02 -2.568E+00 -5.137E-02
 -1.4671250E+04  5.558E-02 -2.543E+00 -2.994E-01
 -1.4670750E+04  5.194E-03 -2.426E+00 -1.584E-01
 -1.4670250E+04  1.654E-02 -2.448E+00 -1.967E-01
 -1.4669750E+04  1.135E-02 -2.397E+00 -1.942E-01
 -1.4669250E+04  8.898E-02 -2.409E+00 -4.324E-01
 -1.4668750E+04  2.281E-02 -2.219E+00 -2.064E-01
 -1.4668250E+04  2.955E-02 -2.307E+00 -2.249E-01
 -1.4667750E+04  3.151E-02 -2.224E+00 -2.050E-01
 -1.4667250E+04  2.916E-02 -2.204E+00 -2.186E-01
 -1.4666750E+04  3.338E-03 -2.303E+00 -1.410E-01
 -1.4666250E+04 -1.568E-03 -2.325E+00 -1.216E-01
 -1.4665750E+04 -2.679E-02 -2.450E+00 -7.426E-02
 -1.4665250E+04  2.676E-02 -2.248E+00 -2.203E-01
 -1.4664750E+04  8.538E-02 -2.550E+00 -4.125E-01
 -1.4664250E+04 -4.436E-02 -2.142E+00  1.181E-02
 -1.4663750E+04 -4.930E-03 -2.038E+00 -9.523E-02
 -1.4663250E+04  2.564E-02 -2.516E+00 -2.236E-01
 -1.4662750E+04  9.093E-02 -2.304E+00 -4.257E-01
 -1.4662250E+04  2.515E-02 -1.917E+00 -1.911E-01
 -1.4661750E+04 -5.620E-02 -2.352E+00  1.691E-02
 -1.4661250E+04  3.779E-02 -2.232E+00 -2.436E-01
 -1.4660750E+04  2.765E-02 -2.234E+00 -2.358E-01
 -1.4660250E+04 -7.415E-03 -2.159E+00 -1.090E-01
 -1.4659750E+04  4.183E-02 -2.179E+00 -2.573E-01
 -1.4659250E+04 -5.363E-03 -2.243E+00 -1.153E-01
 -1.4658750E+04  1.635E-02 -2.440E+00 -2.020E-01
 -1.4658250E+04  4.215E-02 -1.996E+00 -2.335E-01
 -1.4657750E+04  1.831E-03 -2.330E+00 -1.508E-01
 -1.4657250E+04 -1.014E-02 -1.725E+00 -5.592E-02
 -1.4656750E+04  4.204E-02 -1.764E+00 -2.369E-01
 -1.4656250E+04 -6.393E-02 -2.304E+00  4.404E-02
 -1.4655750E+04  4.395E-02 -2.204E+00 -2.675E-01
 -1.4655250E+04  6.422E-02 -1.949E+00 -3.003E-01
 -1.4654750E+04 -5.214E-03 -1.979E+00 -7.984E-02
 -1.4654250E+04  2.381E-02 -2.224E+00 -2.038E-01
 -1.4653750E+04  7.368E-02 -2.304E+00 -3.508E-01
 -1.4653250E+04 -3.187E-02 -2.382E+00 -5.172E-02
 -1.4652750E+04 -6.535E-03 -2.022E+00 -9.080E-02
 -1.4652250E+04 -1.925E-02 -2.036E+00 -5.255E-02
 -1.4651750E+04  1.293E-02 -2.049E+00 -1.530E-01
 -1.4651250E+04 -8.901E-03 -1.975E+00 -9.431E-02
 -1.4650750E+04  2.881E-02 -2.129E+00 -2.273E-01
 -1.4650250E+04 -3.713E-03 -2.056E+00 -1.088E-01
 -1.4649750E+04  2.126E-02 -2.196E+00 -1.799E-01
 -1.4649250E+04  3.807E-02 -2.254E+00 -2.502E-01
 -1.4648750E+04 -4.524E-02 -2.184E+00  4.762E-03
 -1.4648250E+04 -1.818E-02 -1.825E+00 -7.041E-02
 -1.4647750E+04 -3.199E-02 -1.761E+00 -2.139E-02
 -1.4647250E+04 -3.055E-02 -1.902E+00 -1.442E-02
 -1.4646750E+04 -3.354E-02 -1.757E+00  5.523E-03
 -1.4646250E+04 -1.509E-02 -2.122E+00 -6.781E-02
 -1.4645750E+04  6.438E-02 -2.020E+00 -3.081E-01
 -1.4645250E+04 -1.563E-02 -1.641E+00 -2.851E-02
 -1.4644750E+04  3.096E-03 -1.851E+00 -1.123E-01
 -1.4644250E+04  5.825E-02 -1.861E+00 -2.658E-01
 -1.4643750E+04  9.834E-02 -1.827E+00 -3.922E-01
 -1.4643250E+04  2.754E-02 -1.839E+00 -1.981E-01
 -1.4642750E+04 -2.733E-02 -1.852E+00 -5.159E-02
 -1.4642250E+04 -8.486E-02 -1.819E+00  1.649E-01
 -1.4641750E+04  3.341E-02 -1.842E+00 -2.107E-01
 -1.4641250E+04  9.260E-03 -2.002E+00 -1.548E-01
 -1.4640750E+04  2.022E-02 -1.689E+00 -1.641E-01
 -1.4640250E+04  4.936E-02 -1.718E+00 -2.584E-01
 -1.4639750E+04 -9.192E-02 -2.026E+00  1.659E-01
 -1.4639250E+04  3.127E-02 -1.728E+00 -1.810E-01
 -1.4638750E+04  6.388E-02 -2.107E+00 -3.377E-01
 -1.4638250E+04 -6.456E-02 -1.806E+00  9.313E-02
 -1.4637750E+04  3.823E-02 -1.791E+00 -2.137E-01
 -1.4637250E+04  3.232E-02 -1.804E+00 -2.110E-01
 -1.4636750E+04 -1.510E-02 -1.880E+00 -6.868E-02
 -1.4636250E+04  2.307E-02 -1.749E+00 -1.706E-01
 -1.4635750E+04  1.180E-02 -1.648E+00 -1.186E-01
 -1.4635250E+04  2.188E-02 -1.804E+00 -1.590E-01
 -1.4634750E+04 -1.295E-02 -1.802E+00 -5.952E-02
 -1.4634250E+04  2.628E-02 -1.841E+00 -1.919E-01
 -1.4633750E+04 -3.406E-02 -1.579E+00  2.541E-02
 -1.4633250E+04  3.006E-02 -1.700E+00 -1.868E-01
 -1.4632750E+04 -1.604E-02 -1.776E+00 -5.807E-02
 -1.4632250E+04 -1.587E-03 -1.664E+00 -1.191E-01
 -1.4631750E+04  1.996E-02 -1.565E+00 -1.532E-01
 -1.4631250E+04  6.785E-02 -1.602E+00 -2.889E-01
 -1.4630750E+04 -6.210E-04 -1.586E+00 -8.973E-02
 -1.4630250E+04  6.757E-02 -1.564E+00 -2.283E-01
 -1.4629750E+04 -3.417E-02 -1.801E+00 -3.334E-02
 -1.4629250E+04 -1.846E-02 -1.886E+00 -3.615E-02
 -1.4628750E+04  2.898E-02 -1.432E+00 -1.687E-01
 -1.4628250E+04  4.253E-02 -1.613E+00 -2.271E-01
 -1.4627750E+04  2.656E-02 -1.698E+00 -1.908E-01
 -1.4627250E+04 -3.257E-02 -1.666E+00 -3.591E-03
 -1.4626750E+04 -1.820E-02 -1.696E+00 -3.573E-02
 -1.4626250E+04 -6.103E-02 -1.699E+00  7.626E-02
 -1.4625750E+04  8.118E-03 -1.594E+00 -1.276E-01
 -1.4625250E+04 -5.439E-03 -1.628E+00 -7.997E-02
 -1.4624750E+04 -1.643E-04 -1.530E+00 -8.690E-02
 -1.4624250E+04  5.934E-02 -1.377E+00 -2.532E-01
 -1.4623750E+04  2.570E-02 -1.461E+00 -1.688E-01
 -1.4623250E+04 -2.494E-02 -1.250E+00  2.781E-02
 -1.4622750E+04 -5.811E-03 -1.611E+00 -8.231E-02
 -1.4622250E+04  1.278E-02 -1.649E+00 -1.379E-01
 -1.4621750E+04  4.192E-02 -1.529E+00 -2.223E-01
 -1.4621250E+04  5.061E-02 -1.338E+00 -2.388E-01
 -1.4620750E+04 -5.119E-02 -1.486E+00  5.864E-02
 -1.4620250E+04 -1.689E-02 -1.737E+00 -3.546E-02
 -1.4619750E+04 -3.008E-02 -1.687E+00 -1.103E-02
 -1.4619250E+04 -3.711E-02 -1.472E+00  2.331E-02
 -1.4618750E+04  2.587E-02 -1.461E+00 -1.642E-01
 -1.4618250E+04 -2.867E-02 -1.615E+00 -2.600E-03
 -1.4617750E+04  3.023E-03 -1.689E+00 -1.119E-01
 -1.4617250E+04  9.023E-03 -1.503E+00 -1.059E-01
 -1.4616750E+04  4.555E-02 -1.455E+00 -2.239E-01
 -1.4616250E+04 -1.153E-02 -1.318E+00 -5.955E-02
 -1.4615750E+04  3.474E-02 -1.514E+00 -1.920E-01
 -1.4615250E+04  2.241E-02 -1.500E+00 -1.633E-01
 -1.4614750E+04  7.731E-03 -1.384E+00 -7.249E-02
 -1.4614250E+04 -3.412E-03 -1.514E+00 -7.642E-02
 -1.4613750E+04 -4.731E-02 -1.573E+00  3.950E-02
 -1.4613250E+04  1.458E-02 -1.368E+00 -1.052E-01
 -1.4612750E+04  2.912E-02 -1.417E+00 -1.571E-01
 -1.4612250E+04 -9.477E-03 -1.465E+00 -5.223E-02
 -1.4611750E+04 -1.654E-02 -1.233E+00 -1.603E-03
 -1.4611250E+04 -4.547E-02 -1.313E+00  4.866E-02
 -1.4610750E+04  7.768E-02 -1.271E+00 -3.114E-01
 -1.4610250E+04  5.576E-02 -1.318E+00 -2.549E-01
 -1.4609750E+04 -4.565E-03 -1.595E+00 -7.632E-02
 -1.4609250E+04  1.631E-02 -1.384E+00 -1.137E-01
 -1.4608750E+04  1.548E-02 -1.357E+00 -1.246E-01
 -1.4608250E+04  2.458E-02 -1.554E+00 -1.697E-01
 -1.4607750E+04 -2.435E-02 -1.348E+00  3.130E-04
 -1.4607250E+04  1.657E-02 -1.211E+00 -1.262E-01
 -1.4606750E+04 -1.118E-02 -1.292E+00 -3.653E-02
 -1.4606250E+04 -1.342E-02 -1.417E+00 -4.469E-02
 -1.4605750E+04  2.807E-02 -1.342E+00 -1.662E-01
 -1.4605250E+04  3.499E-02 -1.333E+00 -1.678E-01
 -1.4604750E+04 -6.632E-02 -1.327E+00  1.250E-01
 -1.4604250E+04 -1.921E-02 -1.316E+00 -1.537E-02
 -1.4603750E+04  3.014E-02 -1.290E+00 -1.708E-01
 -1.4603250E+04  3.289E-02 -1.180E+00 -1.628E-01
 -1.4602750E+04 -6.384E-03 -1.203E+00 -2.765E-02
 -1.4602250E+04 -4.626E-03 -1.230E+00 -5.181E-02
 -1.4601750E+04  2.363E-02 -1.280E+00 -1.326E-01
 -1.4601250E+04 -1.749E-03 -1.429E+00 -7.659E-02
 -1.4600750E+04 -4.276E-03 -1.442E+00 -6.866E-02
 -1.4600250E+04  4.084E-02 -1.352E+00 -2.045E-01
 -1.4599750E+04 -1.678E-02 -1.213E+00 -2.040E-02
 -1.4599250E+04 -3.803E-03 -1.450E+00 -6.271E-02
 -1.4598750E+04  3.023E-03 -1.101E+00 -7.989E-02
 -1.4598250E+04  1.061E-01 -1.219E+00 -3.928E-01
 -1.4597750E+04 -1.397E-02 -1.397E+00 -6.815E-02
 -1.4597250E+04 -4.168E-02 -1.135E+00  5.342E-02
 -1.4596750E+04 -2.789E-02 -1.127E+00  5.424E-02
 -1.4596250E+04 -3.614E-02 -1.299E+00  2.783E-02
 -1.4595750E+04 -1.380E-02 -1.236E+00 -3.261E-02
 -1.4595250E+04 -8.546E-03 -1.254E+00 -4.020E-02
 -1.4594750E+04  8.766E-03 -1.231E+00 -1.129E-01
 -1.4594250E+04  5.015E-02 -1.467E+00 -2.327E-01
 -1.4593750E+04  4.067E-02 -1.235E+00 -1.733E-01
 -1.4593250E+04  2.048E-02 -1.318E+00 -1.301E-01
 -1.4592750E+04  1.575E-02 -1.046E+00 -1.047E-01
 -1.4592250E+04 -2.312E-02 -1.262E+00 -1.687E-03
 -1.4591750E+04 -7.852E-02 -1.147E+00  1.753E-01
 -1.4591250E+04  2.261E-02 -1.082E+00 -1.133E-01
 -1.4590750E+04  3.918E-02 -1.142E+00 -1.908E-01
 -1.4590250E+04  2.258E-02 -1.259E+00 -1.605E-01
 -1.4589750E+04 -3.891E-02 -1.149E+00  7.067E-02
 -1.4589250E+04 -2.073E-02 -1.085E+00  1.004E-02
 -1.4588750E+04  3.509E-02 -1.154E+00 -1.632E-01
 -1.4588250E+04  9.621E-04 -1.289E+00 -7.727E-02
 -1.4587750E+04 -2.495E-02 -1.046E+00  1.092E-02
 -1.4587250E+04 -2.076E-03 -1.288E+00 -6.820E-02
 -1.4586750E+04 -1.038E-02 -1.105E+00 -5.401E-03
 -1.4586250E+04  3.065E-02 -1.063E+00 -1.442E-01
 -1.4585750E+04 -3.097E-03 -1.061E+00 -4.348E-02
 -1.4585250E+04  6.799E-02 -1.169E+00 -2.853E-01
 -1.4584750E+04  6.038E-02 -1.063E+00 -2.445E-01
 -1.4584250E+04  9.469E-03 -9.473E-01 -7.541E-02
 -1.4583750E+04 -4.533E-02 -1.013E+00  9.704E-02
 -1.4583250E+04 -1.087E-02 -1.056E+00 -2.265E-02
 -1.4582750E+04 -4.251E-02 -1.283E+00  2.885E-02
 -1.4582250E+04  3.027E-03 -1.058E+00 -5.929E-02
 -1.4581750E+04  2.430E-02 -1.125E+00 -1.440E-01
 -1.4581250E+04 -2.614E-02 -1.085E+00  1.988E-02
 -1.4580750E+04 -2.423E-02 -1.064E+00  1.739E-02
 -1.4580250E+04  4.115E-02 -1.056E+00 -1.728E-01
 -1.4579750E+04  2.113E-02 -1.044E+00 -1.190E-01
 -1.4579250E+04 -9.312E-03 -1.053E+00 -1.844E-02
 -1.4578750E+04 -2.337E-02 -8.170E-01  3.996E-02
 -1.4578250E+04  6.284E-04 -9.983E-01 -6.874E-02
 -1.4577750E+04  9.135E-03 -1.213E+00 -1.000E-01
 -1.4577250E+04  4.426E-02 -1.220E+00 -2.076E-01
 -1.4576750E+04 -4.197E-03 -9.898E-01 -5.509E-02
 -1.4576250E+04 -4.745E-02 -1.012E+00  8.226E-02
 -1.4575750E+04 -2.148E-02 -1.001E+00  1.935E-02
 -1.4575250E+04 -3.324E-02 -1.063E+00  4.007E-02
 -1.4574750E+04 -1.110E-03 -9.649E-01 -5.246E-02
 -1.4574250E+04 -1.457E-02 -1.049E+00 -5.146E-03
 -1.4573750E+04  2.853E-02 -1.030E+00 -1.309E-01
 -1.4573250E+04 -1.200E-02 -1.102E+00 -3.129E-02
 -1.4572750E+04  2.323E-02 -9.193E-01 -1.441E-01
 -1.4572250E+04  2.478E-02 -9.389E-01 -1.353E-01
 -1.4571750E+04  3.995E-02 -8.757E-01 -1.610E-01
 -1.4571250E+04 -3.356E-02 -9.764E-01  3.818E-02
 -1.4570750E+04  4.197E-02 -9.443E-01 -1.835E-01
 -1.4570250E+04  4.317E-03 -1.124E+00 -8.230E-02
 -1.4569750E+04  5.669E-02 -9.067E-01 -2.249E-01
 -1.4569250E+04  1.586E-02 -1.050E+00 -1.104E-01
 -1.4568750E+04  3.169E-03 -1.017E+00 -7.279E-02
 -1.4568250E+04  1.849E-02 -8.549E-01 -9.689E-02
 -1.4567750E+04  1.036E-02 -9.416E-01 -8.623E-02
 -1.4567250E+04  9.204E-03 -9.556E-01 -7.892E-02
 -1.4566750E+04 -3.509E-02 -9.476E-01  6.242E-02
 -1.4566250E+04  2.146E-02 -9.794E-01 -1.200E-01
 -1.4565750E+04 -2.511E-02 -9.921E-01  1.541E-02
 -1.4565250E+04  5.085E-02 -9.701E-01 -1.946E-01
 -1.4564750E+04  5.607E-02 -8.047E-01 -1.879E-01
 -1.4564250E+04  2.855E-02 -8.316E-01 -1.316E-01
 -1.4563750E+04 -6.694E-03 -1.044E+00 -4.692E-02
 -1.4563250E+04  8.884E-03 -9.595E-01 -8.212E-02
 -1.4562750E+04  7.693E-03 -9.291E-01 -6.749E-02
 -1.4562250E+04 -1.178E-02 -8.142E-01 -3.384E-03
 -1.4561750E+04 -1.037E-02 -8.650E-01 -2.199E-02
 -1.4561250E+04 -1.583E-02 -8.421E-01 -7.616E-03
 -1.4560750E+04 -3.040E-03 -7.896E-01 -2.167E-02
 -1.4560250E+04  2.378E-02 -9.077E-01 -1.142E-01
 -1.4559750E+04  4.290E-02 -1.032E+00 -1.950E-01
 -1.4559250E+04  1.457E-02 -8.626E-01 -8.938E-02
 -1.4558750E+04 -5.364E-02 -1.068E+00  1.083E-01
 -1.4558250E+04  2.355E-02 -9.417E-01 -1.171E-01
 -1.4557750E+04 -1.616E-02 -8.946E-01 -1.685E-02
 -1.4557250E+04  1.936E-02 -7.473E-01 -9.651E-02
 -1.4556750E+04  3.094E-03 -9.891E-01 -7.382E-02
 -1.4556250E+04 -2.199E-02 -9.044E-01  1.686E-02
 -1.4555750E+04  2.845E-02 -7.351E-01 -1.172E-01
 -1.4555250E+04 -5.389E-03 -8.686E-01 -7.541E-03
 -1.4554750E+04  8.864E-03 -7.505E-01 -8.355E-02
 -1.4554250E+04 -1.548E-02 -9.761E-01 -1.652E-02
 -1.4553750E+04 -1.357E-02 -9.483E-01 -2.856E-02
 -1.4553250E+04  1.632E-02 -8.557E-01 -7.819E-02
 -1.4552750E+04  2.659E-02 -7.872E-01 -1.129E-01
 -1.4552250E+04  7.712E-03 -9.216E-01 -8.865E-02
 -1.4551750E+04  1.141E-02 -8.025E-01 -6.856E-02
 -1.4551250E+04 -1.250E-02 -7.381E-01  7.935E-03
 -1.4550750E+04  1.171E-02 -9.263E-01 -8.608E-02
 -1.4550250E+04  1.409E-02 -8.579E-01 -8.886E-02
 -1.4549750E+04  7.673E-03 -7.865E-01 -5.612E-02
 -1.4549250E+04 -8.492E-03 -8.352E-01 -1.391E-02
 -1.4548750E+04  1.782E-03 -7.585E-01 -4.311E-02
 -1.4548250E+04  2.274E-02 -9.169E-01 -1.251E-01
 -1.4547750E+04 -3.346E-02 -8.122E-01  6.509E-02
 -1.4547250E+04  1.555E-02 -7.530E-01 -8.154E-02
 -1.4546750E+04  3.729E-03 -6.354E-01 -4.041E-02
 -1.4546250E+04  1.975E-03 -8.418E-01 -5.594E-02
 -1.4545750E+04  4.089E-02 -8.059E-01 -1.848E-01
 -1.4545250E+04  1.838E-02 -8.016E-01 -1.121E-01
 -1.4544750E+04 -2.104E-04 -7.977E-01 -3.582E-02
 -1.4544250E+04 -7.980E-03 -7.209E-01 -8.171E-03
 -1.4543750E+04 -1.767E-02 -6.370E-01  1.087E-02
 -1.4543250E+04  2.454E-02 -8.533E-01 -1.321E-01
 -1.4542750E+04 -2.379E-02 -8.777E-01  2.474E-02
 -1.4542250E+04  2.286E-02 -8.697E-01 -1.217E-01
 -1.4541750E+04  4.750E-02 -7.197E-01 -1.659E-01
 -1.4541250E+04  1.922E-02 -6.796E-01 -8.495E-02
 -1.4540750E+04  1.167E-02 -6.972E-01 -7.365E-02
 -1.4540250E+04  1.344E-04 -9.503E-01 -4.818E-02
 -1.4539750E+04 -2.430E-02 -7.388E-01  2.989E-02
 -1.4539250E+04 -3.923E-02 -7.674E-01  7.365E-02
 -1.4538750E+04 -4.132E-03 -9.585E-01 -4.822E-02
 -1.4538250E+04 -2.234E-02 -7.082E-01  3.498E-02
 -1.4537750E+04  3.818E-02 -6.095E-01 -1.470E-01
 -1.4537250E+04  7.720E-03 -5.458E-01 -4.070E-02
 -1.4536750E+04 -7.841E-03 -6.540E-01 -3.800E-03
 -1.4536250E+04  1.974E-02 -6.217E-01 -1.049E-01
 -1.4535750E+04  4.259E-02 -6.779E-01 -1.625E-01
 -1.4535250E+04  1.199E-02 -8.426E-01 -7.262E-02
 -1.4534750E+04 -2.324E-02 -8.568E-01  2.828E-02
 -1.4534250E+04  2.328E-02 -7.165E-01 -1.134E-01
 -1.4533750E+04  3.508E-03 -6.570E-01 -2.661E-02
 -1.4533250E+04  9.860E-03 -6.212E-01 -5.659E-02
 -1.4532750E+04 -5.449E-04 -7.622E-01 -2.652E-02
 -1.4532250E+04 -2.576E-02 -8.765E-01  2.325E-02
 -1.4531750E+04 -1.179E-03 -8.622E-01 -5.960E-02
 -1.4531250E+04  9.954E-03 -6.866E-01 -6.840E-02
 -1.4530750E+04 -6.314E-03 -7.888E-01 -3.788E-02
 -1.4530250E+04 -2.730E-02 -7.886E-01  3.523E-02
 -1.4529750E+04 -3.032E-03 -9.242E-01 -6.663E-02
 -1.4529250E+04  2.271E-02 -7.011E-01 -1.069E-01
 -1.4528750E+04  5.008E-03 -7.290E-01 -3.931E-02
 -1.4528250E+04 -3.218E-02 -5.539E-01  9.378E-02
 -1.4527750E+04  1.062E-02 -5.597E-01 -5.125E-02
 -1.4527250E+04 -2.552E-02 -5.736E-01  4.503E-02
 -1.4526750E+04 -8.114E-03 -7.343E-01 -2.077E-02
 -1.4526250E+04  3.418E-02 -7.683E-01 -1.421E-01
 -1.4525750E+04 -1.013E-02 -6.291E-01 -6.202E-03
 -1.4525250E+04 -1.047E-02 -5.788E-01  1.488E-02
 -1.4524750E+04 -4.443E-02 -5.066E-01  1.191E-01
 -1.4524250E+04  2.451E-03 -5.676E-01 -2.592E-02
 -1.4523750E+04  2.166E-02 -8.130E-01 -1.126E-01
 -1.4523250E+04  2.330E-02 -6.887E-01 -1.070E-01
 -1.4522750E+04 -6.167E-04 -8.426E-01 -5.150E-02
 -1.4522250E+04  1.095E-02 -6.242E-01 -5.417E-02
 -1.4521750E+04  4.909E-02 -6.004E-01 -1.919E-01
 -1.4521250E+04  2.611E-02 -5.937E-01 -1.168E-01
 -1.4520750E+04  9.983E-03 -6.195E-01 -6.947E-02
 -1.4520250E+04 -5.282E-02 -7.015E-01  1.342E-01
 -1.4519750E+04 -1.191E-02 -7.726E-01  1.765E-03
 -1.4519250E+04  2.594E-02 -6.404E-01 -1.095E-01
 -1.4518750E+04 -6.874E-03 -6.388E-01 -1.733E-02
 -1.4518250E+04  1.231E-03 -6.251E-01 -4.585E-02
 -1.4517750E+04  4.201E-03 -5.892E-01 -4.287E-02
 -1.4517250E+04 -2.534E-02 -5.222E-01  5.874E-02
 -1.4516750E+04  2.095E-02 -8.216E-01 -1.175E-01
 -1.4516250E+04  1.443E-02 -6.458E-01 -8.480E-02
 -1.4515750E+04  5.429E-02 -4.053E-01 -1.755E-01
 -1.4515250E+04 -2.563E-02 -6.034E-01  4.362E-02
 -1.4514750E+04  2.056E-02 -6.598E-01 -1.040E-01
 -1.4514250E+04  5.764E-02 -5.716E-01 -2.027E-01
 -1.4513750E+04  2.266E-02 -7.231E-01 -1.161E-01
 -1.4513250E+04 -2.268E-02 -6.828E-01  3.060E-02
 -1.4512750E+04 -1.652E-02 -5.240E-01  1.252E-02
 -1.4512250E+04  7.487E-03 -5.761E-01 -4.043E-02
 -1.4511750E+04  8.224E-03 -7.415E-01 -7.172E-02
 -1.4511250E+04  1.145E-02 -7.105E-01 -8.146E-02
 -1.4510750E+04 -8.029E-04 -7.790E-01 -3.983E-02
 -1.4510250E+04 -1.562E-02 -6.335E-01  2.496E-02
 -1.4509750E+04 -1.835E-02 -6.990E-01  7.038E-03
 -1.4509250E+04  1.084E-02 -6.456E-01 -6.629E-02
 -1.4508750E+04 -8.303E-04 -5.474E-01 -2.656E-02
 -1.4508250E+04 -2.040E-02 -7.407E-01  2.258E-02
 -1.4507750E+04  2.194E-02 -6.058E-01 -9.229E-02
 -1.4507250E+04  3.356E-02 -5.668E-01 -1.203E-01
 -1.4506750E+04 -1.562E-03 -6.652E-01 -2.343E-02
 -1.4506250E+04 -1.100E-02 -6.645E-01 -3.014E-03
 -1.4505750E+04  1.296E-02 -5.172E-01 -6.243E-02
 -1.4505250E+04  2.892E-02 -5.469E-01 -1.229E-01
 -1.4504750E+04  3.323E-03 -5.388E-01 -4.451E-02
 -1.4504250E+04 -3.744E-02 -4.839E-01  8.774E-02
 -1.4503750E+04 -2.655E-02 -5.976E-01  4.672E-02
 -1.4503250E+04  3.188E-02 -5.814E-01 -1.255E-01
 -1.4502750E+04 -1.164E-02 -5.297E-01  9.164E-03
 -1.4502250E+04 -1.678E-02 -5.163E-01  8.236E-03
 -1.4501750E+04  1.773E-02 -5.029E-01 -7.319E-02
 -1.4501250E+04 -1.599E-02 -5.701E-01  2.226E-02
 -1.4500750E+04  9.939E-03 -6.862E-01 -7.722E-02
 -1.4500250E+04  2.070E-03 -5.732E-01 -5.115E-02
 -1.4499750E+04  3.045E-02 -5.568E-01 -1.212E-01
 -1.4499250E+04 -1.041E-02 -5.419E-01  1.094E-02
 -1.4498750E+04 -6.664E-03 -5.370E-01 -5.987E-03
 -1.4498250E+04 -3.138E-02 -6.495E-01  5.096E-02
 -1.4497750E+04 -1.567E-02 -6.919E-01 -8.521E-03
 -1.4497250E+04 -3.018E-02 -6.760E-01  5.659E-02
 -1.4496750E+04 -1.306E-02 -5.424E-01  1.793E-02
 -1.4496250E+04  4.603E-02 -4.292E-01 -1.465E-01
 -1.4495750E+04  3.077E-02 -6.196E-01 -1.371E-01
 -1.4495250E+04 -2.012E-02 -4.259E-01  4.136E-02
 -1.4494750E+04  1.817E-02 -4.587E-01 -5.962E-02
 -1.4494250E+04  6.003E-03 -4.255E-01 -4.014E-02
 -1.4493750E+04  2.014E-02 -4.069E-01 -8.194E-02
 -1.4493250E+04 -4.847E-03 -5.780E-01 -1.197E-02
 -1.4492750E+04 -9.956E-03 -6.464E-01 -6.990E-03
 -1.4492250E+04  1.087E-02 -5.799E-01 -6.529E-02
 -1.4491750E+04  8.773E-03 -5.771E-01 -6.064E-02
 -1.4491250E+04  1.476E-02 -5.474E-01 -7.645E-02
 -1.4490750E+04  3.132E-02 -3.682E-01 -1.097E-01
 -1.4490250E+04  1.816E-02 -4.833E-01 -7.445E-02
 -1.4489750E+04 -2.516E-02 -6.202E-01  4.024E-02
 -1.4489250E+04 -6.803E-03 -5.683E-01 -2.899E-03
 -1.4488750E+04 -1.160E-02 -5.180E-01  3.198E-03
 -1.4488250E+04  2.215E-02 -4.048E-01 -8.200E-02
 -1.4487750E+04 -1.365E-03 -3.851E-01 -1.244E-02
 -1.4487250E+04  1.576E-03 -6.308E-01 -3.785E-02
 -1.4486750E+04 -5.551E-03 -4.960E-01 -4.136E-03
 -1.4486250E+04  2.375E-02 -5.117E-01 -1.045E-01
 -1.4485750E+04  1.728E-02 -5.106E-01 -7.840E-02
 -1.4485250E+04 -3.603E-02 -5.059E-01  8.228E-02
 -1.4484750E+04  2.407E-02 -4.875E-01 -9.834E-02
 -1.4484250E+04 -5.994E-03 -4.814E-01  1.506E-03
 -1.4483750E+04 -5.873E-03 -5.237E-01 -9.251E-03
 -1.4483250E+04 -1.845E-02 -5.196E-01  4.199E-02
 -1.4482750E+04 -3.664E-02 -5.146E-01  8.584E-02
 -1.4482250E+04 -1.579E-03 -4.706E-01 -2.881E-02
 -1.4481750E+04 -1.299E-02 -5.758E-01  4.640E-03
 -1.4481250E+04  1.768E-02 -5.477E-01 -7.228E-02
 -1.4480750E+04  3.028E-02 -4.958E-01 -1.112E-01
 -1.4480250E+04  2.747E-03 -4.543E-01 -4.578E-02
 -1.4479750E+04 -6.926E-03 -5.271E-01 -5.462E-03
 -1.4479250E+04  3.566E-03 -5.030E-01 -4.021E-02
 -1.4478750E+04 -3.390E-02 -5.462E-01  6.600E-02
 -1.4478250E+04  5.017E-03 -3.203E-01 -2.470E-02
 -1.4477750E+04  3.301E-03 -2.800E-01 -7.266E-03
 -1.4477250E+04  5.642E-03 -4.153E-01 -3.336E-02
 -1.4476750E+04  3.270E-02 -4.689E-01 -1.260E-01
 -1.4476250E+04 -1.367E-02 -5.230E-01  1.485E-02
 -1.4475750E+04 -1.966E-02 -5.372E-01  4.042E-02
 -1.4475250E+04 -2.499E-02 -4.227E-01  5.272E-02
 -1.4474750E+04 -1.844E-02 -4.438E-01  2.127E-02
 -1.4474250E+04  4.507E-02 -5.632E-01 -1.714E-01
 -1.4473750E+04 -9.112E-03 -5.106E-01  1.632E-02
 -1.4473250E+04  7.930E-03 -4.426E-01 -3.892E-02
 -1.4472750E+04 -5.975E-03 -3.345E-01 -1.409E-02
 -1.4472250E+04  2.562E-02 -4.378E-01 -1.032E-01
 -1.4471750E+04 -5.312E-03 -3.560E-01  3.054E-03
 -1.4471250E+04 -1.728E-02 -4.264E-01  2.817E-02
 -1.4470750E+04  3.311E-02 -4.804E-01 -1.264E-01
 -1.4470250E+04  1.990E-02 -5.373E-01 -9.445E-02
 -1.4469750E+04  2.562E-02 -4.817E-01 -1.041E-01
 -1.4469250E+04  2.466E-02 -4.949E-01 -9.730E-02
 -1.4468750E+04  6.693E-02 -5.013E-01 -2.460E-01
 -1.4468250E+04  6.784E-03 -4.659E-01 -5.191E-02
 -1.4467750E+04  1.784E-02 -3.535E-01 -7.443E-02
 -1.4467250E+04 -9.176E-03 -3.874E-01  1.289E-02
 -1.4466750E+04 -1.479E-02 -4.260E-01  2.834E-02
 -1.4466250E+04  1.047E-02 -5.266E-01 -7.021E-02
 -1.4465750E+04 -4.674E-02 -5.483E-01  1.169E-01
 -1.4465250E+04 -8.771E-03 -3.321E-01  2.071E-02
 -1.4464750E+04  1.934E-02 -4.162E-01 -8.336E-02
 -1.4464250E+04  1.929E-02 -3.115E-01 -7.984E-02
 -1.4463750E+04 -2.104E-02 -3.732E-01  4.650E-02
 -1.4463250E+04  6.375E-03 -3.097E-01 -3.973E-02
 -1.4462750E+04 -1.578E-02 -5.719E-01  3.014E-03
 -1.4462250E+04 -1.600E-03 -4.682E-01 -2.072E-02
 -1.4461750E+04  1.817E-03 -4.298E-01 -2.403E-02
 -1.4461250E+04 -1.280E-02 -4.596E-01  1.116E-02
 -1.4460750E+04 -1.136E-02 -2.740E-01  2.373E-02
 -1.4460250E+04  1.432E-02 -3.912E-01 -7.417E-02
 -1.4459750E+04  1.518E-02 -4.861E-01 -6.402E-02
 -1.4459250E+04  2.052E-02 -4.218E-01 -7.787E-02
 -1.4458750E+04  1.152E-02 -2.977E-01 -3.773E-02
 -1.4458250E+04 -4.150E-04 -4.850E-01 -3.216E-02
 -1.4457750E+04  2.036E-04 -4.242E-01 -2.606E-02
 -1.4457250E+04  1.984E-03 -5.022E-01 -3.220E-02
 -1.4456750E+04 -9.415E-03 -3.710E-01  1.275E-02
 -1.4456250E+04  2.140E-02 -3.823E-01 -8.114E-02
 -1.4455750E+04  8.618E-03 -3.714E-01 -4.675E-02
 -1.4455250E+04  1.567E-03 -2.480E-01 -1.422E-02
 -1.4454750E+04 -4.147E-02 -2.769E-01  1.170E-01
 -1.4454250E+04 -7.046E-03 -3.687E-01  4.281E-04
 -1.4453750E+04  3.882E-02 -5.639E-01 -1.451E-01
 -1.4453250E+04  1.145E-02 -4.520E-01 -4.916E-02
 -1.4452750E+04  3.468E-02 -3.848E-01 -1.174E-01
 -1.4452250E+04 -2.614E-02 -4.003E-01  5.295E-02
 -1.4451750E+04 -2.755E-02 -2.985E-01  6.805E-02
 -1.4451250E+04 -1.138E-03 -3.895E-01 -1.313E-02
 -1.4450750E+04 -1.504E-02 -4.112E-01  1.643E-02
