  4.4022500E+03 -0.000E+00 -0.000E+00  0.000E+00
  4.4027500E+03 -0.000E+00 -0.000E+00  0.000E+00
  4.4032500E+03 -0.000E+00 -0.000E+00  0.000E+00
  4.4037500E+03 -0.000E+00 -0.000E+00  0.000E+00
  4.4042500E+03 -0.000E+00 -0.000E+00  0.000E+00
  4.4047500E+03 -0.000E+00 -0.000E+00  0.000E+00
  4.4052500E+03 -0.000E+00 -0.000E+00  0.000E+00
  4.4057500E+03 -0.000E+00 -0.000E+00  0.000E+00
  4.4062500E+03 -0.000E+00 -0.000E+00  0.000E+00
  4.4067500E+03 -0.000E+00 -0.000E+00  0.000E+00
  4.4072500E+03 -0.000E+00 -0.000E+00  0.000E+00
  4.4077500E+03 -0.000E+00 -0.000E+00  0.000E+00
  4.4082500E+03 -0.000E+00 -0.000E+00  0.000E+00
  4.4087500E+03 -0.000E+00 -0.000E+00  0.000E+00
  4.4092500E+03 -0.000E+00 -0.000E+00  0.000E+00
  4.4097500E+03 -0.000E+00 -0.000E+00  0.000E+00
  4.4102500E+03 -0.000E+00 -0.000E+00  0.000E+00
  4.4107500E+03 -0.000E+00 -0.000E+00  0.000E+00
  4.4112500E+03 -0.000E+00 -0.000E+00  0.000E+00
  4.4117500E+03 -0.000E+00 -0.000E+00  0.000E+00
  4.4122500E+03 -0.000E+00 -0.000E+00  0.000E+00
  4.4127500E+03 -0.000E+00 -0.000E+00  0.000E+00
  4.4132500E+03 -0.000E+00 -0.000E+00  0.000E+00
  4.4137500E+03 -0.000E+00 -0.000E+00  0.000E+00
  4.4142500E+03 -0.000E+00 -0.000E+00  0.000E+00
  4.4147500E+03 -0.000E+00 -0.000E+00  0.000E+00
  4.4152500E+03 -0.000E+00 -0.000E+00  0.000E+00
  4.4157500E+03 -0.000E+00 -0.000E+00  0.000E+00
  4.4162500E+03 -0.000E+00 -0.000E+00  0.000E+00
  4.4167500E+03 -0.000E+00 -0.000E+00  0.000E+00
  4.4172500E+03 -0.000E+00 -0.000E+00  0.000E+00
  4.4177500E+03 -0.000E+00 -0.000E+00  0.000E+00
  4.4182500E+03 -0.000E+00 -0.000E+00  0.000E+00
  4.4187500E+03 -0.000E+00 -0.000E+00  0.000E+00
  4.4192500E+03 -0.000E+00 -0.000E+00  0.000E+00
  4.4197500E+03 -0.000E+00 -0.000E+00  0.000E+00
  4.4202500E+03 -0.000E+00 -0.000E+00  0.000E+00
  4.4207500E+03 -0.000E+00 -0.000E+00  0.000E+00
  4.4212500E+03 -0.000E+00 -0.000E+00  0.000E+00
  4.4217500E+03 -0.000E+00 -0.000E+00  0.000E+00
  4.4222500E+03 -0.000E+00 -0.000E+00  0.000E+00
  4.4227500E+03 -0.000E+00 -0.000E+00  0.000E+00
  4.4232500E+03 -0.000E+00 -0.000E+00  0.000E+00
  4.4237500E+03 -0.000E+00 -0.000E+00  0.000E+00
  4.4242500E+03 -0.000E+00 -0.000E+00  0.000E+00
  4.4247500E+03 -0.000E+00 -0.000E+00  0.000E+00
  4.4252500E+03 -0.000E+00 -0.000E+00  0.000E+00
  4.4257500E+03 -0.000E+00 -0.000E+00  0.000E+00
  4.4262500E+03 -0.000E+00 -0.000E+00  0.000E+00
  4.4267500E+03 -0.000E+00 -0.000E+00  0.000E+00
  4.4272500E+03 -0.000E+00 -0.000E+00  0.000E+00
  4.4277500E+03 -0.000E+00 -0.000E+00  0.000E+00
  4.4282500E+03 -0.000E+00 -0.000E+00  0.000E+00
  4.4287500E+03 -0.000E+00 -0.000E+00  0.000E+00
  4.4292500E+03 -0.000E+00 -0.000E+00  0.000E+00
  4.4297500E+03 -0.000E+00 -0.000E+00  0.000E+00
  4.4302500E+03 -0.000E+00 -0.000E+00  0.000E+00
  4.4307500E+03 -0.000E+00 -0.000E+00  0.000E+00
  4.4312500E+03 -0.000E+00 -0.000E+00  0.000E+00
  4.4317500E+03 -0.000E+00 -0.000E+00  0.000E+00
  4.4322500E+03 -0.000E+00 -0.000E+00  0.000E+00
  4.4327500E+03 -0.000E+00 -0.000E+00  0.000E+00
  4.4332500E+03 -0.000E+00 -0.000E+00  0.000E+00
  4.4337500E+03 -0.000E+00 -0.000E+00  0.000E+00
  4.4342500E+03 -0.000E+00 -0.000E+00  0.000E+00
  4.4347500E+03 -0.000E+00 -0.000E+00  0.000E+00
  4.4352500E+03 -0.000E+00 -0.000E+00  0.000E+00
  4.4357500E+03 -0.000E+00 -0.000E+00  0.000E+00
  4.4362500E+03 -0.000E+00 -0.000E+00  0.000E+00
  4.4367500E+03 -0.000E+00 -0.000E+00  0.000E+00
  4.4372500E+03 -0.000E+00 -0.000E+00  0.000E+00
  4.4377500E+03 -0.000E+00 -0.000E+00  0.000E+00
  4.4382500E+03 -0.000E+00 -0.000E+00  0.000E+00
  4.4387500E+03 -0.000E+00 -0.000E+00  0.000E+00
  4.4392500E+03 -0.000E+00 -0.000E+00  0.000E+00
  4.4397500E+03 -0.000E+00 -0.000E+00  0.000E+00
  4.4402500E+03 -0.000E+00 -0.000E+00  0.000E+00
  4.4407500E+03 -0.000E+00 -0.000E+00  0.000E+00
  4.4412500E+03 -0.000E+00 -0.000E+00  0.000E+00
  4.4417500E+03 -0.000E+00 -0.000E+00  0.000E+00
  4.4422500E+03 -0.000E+00 -0.000E+00  0.000E+00
  4.4427500E+03 -0.000E+00 -0.000E+00  0.000E+00
  4.4432500E+03 -0.000E+00 -0.000E+00  0.000E+00
  4.4437500E+03 -0.000E+00 -0.000E+00  0.000E+00
  4.4442500E+03 -0.000E+00 -0.000E+00  0.000E+00
  4.4447500E+03 -0.000E+00 -0.000E+00  0.000E+00
  4.4452500E+03 -0.000E+00 -0.000E+00  0.000E+00
  4.4457500E+03 -0.000E+00 -0.000E+00  0.000E+00
  4.4462500E+03 -0.000E+00 -0.000E+00  0.000E+00
  4.4467500E+03 -0.000E+00 -0.000E+00  0.000E+00
  4.4472500E+03 -0.000E+00 -0.000E+00  0.000E+00
  4.4477500E+03 -0.000E+00 -0.000E+00  0.000E+00
  4.4482500E+03 -0.000E+00 -0.000E+00  0.000E+00
  4.4487500E+03 -0.000E+00 -0.000E+00  0.000E+00
  4.4492500E+03 -0.000E+00 -0.000E+00  0.000E+00
  4.4497500E+03 -0.000E+00 -0.000E+00  0.000E+00
  4.4502500E+03 -0.000E+00 -0.000E+00  0.000E+00
  4.4507500E+03 -0.000E+00 -0.000E+00  0.000E+00
  4.4512500E+03 -0.000E+00 -0.000E+00  0.000E+00
  4.4517500E+03 -0.000E+00 -0.000E+00  0.000E+00
  4.4522500E+03 -0.000E+00 -0.000E+00  0.000E+00
  4.4527500E+03 -0.000E+00 -0.000E+00  0.000E+00
  4.4532500E+03 -0.000E+00 -0.000E+00  0.000E+00
  4.4537500E+03 -0.000E+00 -0.000E+00  0.000E+00
  4.4542500E+03 -0.000E+00 -0.000E+00  0.000E+00
  4.4547500E+03 -0.000E+00 -0.000E+00  0.000E+00
  4.4552500E+03 -0.000E+00 -0.000E+00  0.000E+00
  4.4557500E+03 -0.000E+00 -0.000E+00  0.000E+00
  4.4562500E+03 -0.000E+00 -0.000E+00  0.000E+00
  4.4567500E+03 -0.000E+00 -0.000E+00  0.000E+00
  4.4572500E+03 -0.000E+00 -0.000E+00  0.000E+00
  4.4577500E+03 -0.000E+00 -0.000E+00  0.000E+00
  4.4582500E+03 -0.000E+00 -0.000E+00  0.000E+00
  4.4587500E+03 -0.000E+00 -0.000E+00  0.000E+00
  4.4592500E+03 -0.000E+00 -0.000E+00  0.000E+00
  4.4597500E+03 -0.000E+00 -0.000E+00  0.000E+00
  4.4602500E+03 -0.000E+00 -0.000E+00  0.000E+00
  4.4607500E+03 -0.000E+00 -0.000E+00  0.000E+00
  4.4612500E+03 -0.000E+00 -0.000E+00  0.000E+00
  4.4617500E+03 -0.000E+00 -0.000E+00  0.000E+00
  4.4622500E+03 -0.000E+00 -0.000E+00  0.000E+00
  4.4627500E+03 -0.000E+00 -0.000E+00  0.000E+00
  4.4632500E+03 -0.000E+00 -0.000E+00  0.000E+00
  4.4637500E+03 -0.000E+00 -0.000E+00  0.000E+00
  4.4642500E+03 -0.000E+00 -0.000E+00  0.000E+00
  4.4647500E+03 -0.000E+00 -0.000E+00  0.000E+00
  4.4652500E+03 -0.000E+00 -0.000E+00  0.000E+00
  4.4657500E+03 -0.000E+00 -0.000E+00  0.000E+00
  4.4662500E+03 -0.000E+00 -0.000E+00  0.000E+00
  4.4667500E+03 -0.000E+00 -0.000E+00  0.000E+00
  4.4672500E+03 -0.000E+00 -0.000E+00  0.000E+00
  4.4677500E+03 -0.000E+00 -0.000E+00  0.000E+00
  4.4682500E+03 -0.000E+00 -0.000E+00  0.000E+00
  4.4687500E+03 -0.000E+00 -0.000E+00  0.000E+00
  4.4692500E+03 -0.000E+00 -0.000E+00  0.000E+00
  4.4697500E+03 -0.000E+00 -0.000E+00  0.000E+00
  4.4702500E+03 -0.000E+00 -0.000E+00  0.000E+00
  4.4707500E+03 -0.000E+00 -0.000E+00  0.000E+00
  4.4712500E+03 -0.000E+00 -0.000E+00  0.000E+00
  4.4717500E+03 -0.000E+00 -0.000E+00  0.000E+00
  4.4722500E+03 -0.000E+00 -0.000E+00  0.000E+00
  4.4727500E+03 -0.000E+00 -0.000E+00  0.000E+00
  4.4732500E+03 -0.000E+00 -0.000E+00  0.000E+00
  4.4737500E+03 -0.000E+00 -0.000E+00  0.000E+00
  4.4742500E+03 -0.000E+00 -0.000E+00  0.000E+00
  4.4747500E+03 -0.000E+00 -0.000E+00  0.000E+00
  4.4752500E+03 -0.000E+00 -0.000E+00  0.000E+00
  4.4757500E+03 -0.000E+00 -0.000E+00  0.000E+00
  4.4762500E+03 -0.000E+00 -0.000E+00  0.000E+00
  4.4767500E+03 -0.000E+00 -0.000E+00  0.000E+00
  4.4772500E+03 -0.000E+00 -0.000E+00  0.000E+00
  4.4777500E+03 -0.000E+00 -0.000E+00  0.000E+00
  4.4782500E+03 -0.000E+00 -0.000E+00  0.000E+00
  4.4787500E+03 -0.000E+00 -0.000E+00  0.000E+00
  4.4792500E+03 -0.000E+00 -0.000E+00  0.000E+00
  4.4797500E+03 -0.000E+00 -0.000E+00  0.000E+00
  4.4802500E+03 -0.000E+00 -0.000E+00  0.000E+00
  4.4807500E+03 -0.000E+00 -0.000E+00  0.000E+00
  4.4812500E+03 -0.000E+00 -0.000E+00  0.000E+00
  4.4817500E+03 -0.000E+00 -0.000E+00  0.000E+00
  4.4822500E+03 -0.000E+00 -0.000E+00  0.000E+00
  4.4827500E+03 -0.000E+00 -0.000E+00  0.000E+00
  4.4832500E+03 -0.000E+00 -0.000E+00  0.000E+00
  4.4837500E+03 -0.000E+00 -0.000E+00  0.000E+00
  4.4842500E+03 -0.000E+00 -0.000E+00  0.000E+00
  4.4847500E+03 -0.000E+00 -0.000E+00  0.000E+00
  4.4852500E+03 -0.000E+00 -0.000E+00  0.000E+00
  4.4857500E+03 -0.000E+00 -0.000E+00  0.000E+00
  4.4862500E+03 -0.000E+00 -0.000E+00  0.000E+00
  4.4867500E+03 -0.000E+00 -0.000E+00  0.000E+00
  4.4872500E+03 -0.000E+00 -0.000E+00  0.000E+00
  4.4877500E+03 -0.000E+00 -0.000E+00  0.000E+00
  4.4882500E+03 -0.000E+00 -0.000E+00  0.000E+00
  4.4887500E+03 -0.000E+00 -0.000E+00  0.000E+00
  4.4892500E+03 -0.000E+00 -0.000E+00  0.000E+00
  4.4897500E+03 -0.000E+00 -0.000E+00  0.000E+00
  4.4902500E+03 -0.000E+00 -0.000E+00  0.000E+00
  4.4907500E+03 -0.000E+00 -0.000E+00  0.000E+00
  4.4912500E+03 -0.000E+00 -0.000E+00  0.000E+00
  4.4917500E+03 -0.000E+00 -0.000E+00  0.000E+00
  4.4922500E+03 -0.000E+00 -0.000E+00  0.000E+00
  4.4927500E+03 -0.000E+00 -0.000E+00  0.000E+00
  4.4932500E+03 -0.000E+00 -0.000E+00  0.000E+00
  4.4937500E+03 -0.000E+00 -0.000E+00  0.000E+00
  4.4942500E+03 -0.000E+00 -0.000E+00  0.000E+00
  4.4947500E+03 -0.000E+00 -0.000E+00  0.000E+00
  4.4952500E+03 -0.000E+00 -0.000E+00  0.000E+00
  4.4957500E+03 -0.000E+00 -0.000E+00  0.000E+00
  4.4962500E+03 -0.000E+00 -0.000E+00  0.000E+00
  4.4967500E+03 -0.000E+00 -0.000E+00  0.000E+00
  4.4972500E+03 -0.000E+00 -0.000E+00  0.000E+00
  4.4977500E+03 -0.000E+00 -0.000E+00  0.000E+00
  4.4982500E+03 -0.000E+00 -0.000E+00  0.000E+00
  4.4987500E+03 -0.000E+00 -0.000E+00  0.000E+00
  4.4992500E+03 -0.000E+00 -0.000E+00  0.000E+00
  4.4997500E+03 -0.000E+00 -0.000E+00  0.000E+00
  4.5002500E+03 -0.000E+00 -0.000E+00  0.000E+00
  4.5007500E+03 -0.000E+00 -0.000E+00  0.000E+00
  4.5012500E+03 -0.000E+00 -0.000E+00  0.000E+00
  4.5017500E+03 -0.000E+00 -0.000E+00  0.000E+00
  4.5022500E+03 -0.000E+00 -0.000E+00  0.000E+00
  4.5027500E+03 -0.000E+00 -0.000E+00  0.000E+00
  4.5032500E+03 -0.000E+00 -0.000E+00  0.000E+00
  4.5037500E+03 -0.000E+00 -0.000E+00  0.000E+00
  4.5042500E+03 -0.000E+00 -0.000E+00  0.000E+00
  4.5047500E+03 -0.000E+00 -0.000E+00  0.000E+00
  4.5052500E+03 -0.000E+00 -0.000E+00  0.000E+00
  4.5057500E+03 -0.000E+00 -0.000E+00  0.000E+00
  4.5062500E+03 -0.000E+00 -0.000E+00  0.000E+00
  4.5067500E+03 -0.000E+00 -0.000E+00  0.000E+00
  4.5072500E+03 -0.000E+00 -0.000E+00  0.000E+00
  4.5077500E+03 -0.000E+00 -0.000E+00  0.000E+00
  4.5082500E+03 -0.000E+00 -0.000E+00  0.000E+00
  4.5087500E+03 -0.000E+00 -0.000E+00  0.000E+00
  4.5092500E+03 -0.000E+00 -0.000E+00  0.000E+00
  4.5097500E+03 -0.000E+00 -0.000E+00  0.000E+00
  4.5102500E+03 -0.000E+00 -0.000E+00  0.000E+00
  4.5107500E+03 -0.000E+00 -0.000E+00  0.000E+00
  4.5112500E+03 -0.000E+00 -0.000E+00  0.000E+00
  4.5117500E+03 -0.000E+00 -0.000E+00  0.000E+00
  4.5122500E+03 -0.000E+00 -0.000E+00  0.000E+00
  4.5127500E+03 -0.000E+00 -0.000E+00  0.000E+00
  4.5132500E+03 -0.000E+00 -0.000E+00  0.000E+00
  4.5137500E+03 -0.000E+00 -0.000E+00  0.000E+00
  4.5142500E+03 -0.000E+00 -0.000E+00  0.000E+00
  4.5147500E+03 -0.000E+00 -0.000E+00  0.000E+00
  4.5152500E+03 -0.000E+00 -0.000E+00  0.000E+00
  4.5157500E+03 -0.000E+00 -0.000E+00  0.000E+00
  4.5162500E+03 -0.000E+00 -0.000E+00  0.000E+00
  4.5167500E+03 -8.856E-10  1.472E-08  3.295E-09
  4.5172500E+03  2.357E-09 -3.897E-08 -8.720E-09
  4.5177500E+03 -1.756E-09  2.895E-08  6.476E-09
  4.5182500E+03  4.672E-11 -8.963E-10 -2.028E-10
  4.5187500E+03  3.898E-10 -6.295E-09 -1.406E-09
  4.5192500E+03 -1.103E-10  1.670E-09  3.709E-10
  4.5197500E+03 -1.233E-09  2.141E-08  4.663E-09
  4.5202500E+03  1.408E-09 -2.016E-08 -5.144E-09
  4.5207500E+03  2.461E-09 -3.094E-08 -9.446E-09
  4.5212500E+03  1.384E-09 -1.988E-08 -5.241E-09
  4.5217500E+03  2.450E-09 -2.274E-08 -9.320E-09
  4.5222500E+03 -1.564E-07  2.180E-06  5.945E-07
  4.5227500E+03 -5.353E-07  8.054E-06  2.040E-06
  4.5232500E+03  3.175E-06 -5.415E-05 -1.217E-05
  4.5237500E+03  1.100E-06 -1.939E-05 -4.268E-06
  4.5242500E+03  4.519E-07 -7.682E-06 -1.791E-06
  4.5247500E+03 -2.042E-07  2.779E-06  7.311E-07
  4.5252500E+03 -3.551E-06  5.533E-05  1.371E-05
  4.5257500E+03 -9.164E-06  1.576E-04  3.573E-05
  4.5262500E+03  1.530E-06 -1.855E-05 -5.810E-06
  4.5267500E+03 -4.274E-06  6.248E-06  1.611E-05
  4.5272500E+03 -4.973E-06  6.678E-05  1.944E-05
  4.5277500E+03 -7.248E-07 -2.473E-05  2.482E-06
  4.5282500E+03  1.315E-05 -9.953E-05 -5.033E-05
  4.5287500E+03 -2.395E-06  2.357E-05  9.319E-06
  4.5292500E+03  5.288E-06 -4.358E-05 -2.036E-05
  4.5297500E+03  2.257E-05 -3.589E-04 -8.997E-05
  4.5302500E+03 -9.117E-06  2.503E-04  3.773E-05
  4.5307500E+03  2.740E-05  1.221E-03 -8.157E-05
  4.5312500E+03 -1.254E-04  4.790E-04  4.768E-04
  4.5317500E+03  7.450E-04 -1.082E-03 -2.805E-03
  4.5322500E+03  6.420E-04  1.222E-02 -2.173E-03
  4.5327500E+03  5.029E-03  1.752E-02 -1.845E-02
  4.5332500E+03 -5.450E-03  1.229E-02  2.062E-02
  4.5337500E+03  5.541E-04 -9.025E-03 -2.252E-03
  4.5342500E+03 -5.067E-04  7.666E-03  2.059E-03
  4.5347500E+03 -1.594E-03  1.786E-02  6.369E-03
  4.5352500E+03  2.531E-03  1.735E-03 -9.426E-03
  4.5357500E+03  2.796E-06  1.066E-02  2.602E-04
  4.5362500E+03 -3.430E-04  3.139E-02  2.125E-03
  4.5367500E+03  1.727E-03  4.005E-02 -5.351E-03
  4.5372500E+03  3.313E-03  2.983E-04 -1.249E-02
  4.5377500E+03 -1.905E-03  2.680E-02  7.852E-03
  4.5382500E+03  8.456E-05  6.993E-03 -6.426E-05
  4.5387500E+03  2.950E-04  4.762E-02  3.719E-04
  4.5392500E+03 -2.201E-03  4.422E-02  9.756E-03
  4.5397500E+03  5.934E-04  7.809E-02  1.198E-04
  4.5402500E+03 -1.055E-04  7.398E-02  2.691E-03
  4.5407500E+03  2.604E-03  4.954E-02 -8.201E-03
  4.5412500E+03  5.167E-03  2.768E-02 -1.844E-02
  4.5417500E+03  5.186E-03  1.406E-01 -1.478E-02
  4.5422500E+03  1.211E-02  1.036E-01 -4.189E-02
  4.5427500E+03  7.362E-03  2.186E-01 -1.975E-02
  4.5432500E+03 -1.297E-02  1.433E-01  5.384E-02
  4.5437500E+03 -7.100E-03  8.496E-02  2.996E-02
  4.5442500E+03  1.313E-02  1.606E-01 -4.344E-02
  4.5447500E+03 -7.687E-03  1.436E-01  3.447E-02
  4.5452500E+03  2.667E-02  2.752E-01 -8.970E-02
  4.5457500E+03  2.666E-02  2.795E-01 -8.878E-02
  4.5462500E+03  3.385E-03  2.617E-01 -2.002E-03
  4.5467500E+03 -5.426E-03  5.602E-01  4.331E-02
  4.5472500E+03 -8.777E-04  3.203E-01  1.704E-02
  4.5477500E+03  3.202E-02  3.780E-01 -1.040E-01
  4.5482500E+03  2.234E-02  5.946E-01 -5.829E-02
  4.5487500E+03  3.353E-02  5.934E-01 -9.993E-02
  4.5492500E+03  2.274E-02  7.728E-01 -5.087E-02
  4.5497500E+03  2.321E-02  7.621E-01 -5.260E-02
  4.5502500E+03  1.299E-03  1.085E+00  4.481E-02
  4.5507500E+03  4.678E-03  1.082E+00  3.337E-02
  4.5512500E+03 -5.697E-04  1.246E+00  6.210E-02
  4.5517500E+03  4.790E-02  1.153E+00 -1.242E-01
  4.5522500E+03  9.098E-02  1.431E+00 -2.715E-01
  4.5527500E+03 -1.469E-02  1.567E+00  1.334E-01
  4.5532500E+03  1.604E-02  1.822E+00  3.257E-02
  4.5537500E+03  1.136E-01  1.767E+00 -3.356E-01
  4.5542500E+03  5.894E-02  2.014E+00 -1.176E-01
  4.5547500E+03  1.965E-02  2.689E+00  6.831E-02
  4.5552500E+03  6.390E-02  2.904E+00 -8.610E-02
  4.5557500E+03  9.759E-02  3.113E+00 -1.985E-01
  4.5562500E+03  5.236E-02  2.992E+00 -3.151E-02
  4.5567500E+03  1.163E-01  3.537E+00 -2.406E-01
  4.5572500E+03  1.527E-01  3.634E+00 -3.695E-01
  4.5577500E+03  4.302E-02  3.738E+00  5.416E-02
  4.5582500E+03  9.145E-02  4.751E+00 -7.066E-02
  4.5587500E+03  6.796E-02  5.128E+00  4.369E-02
  4.5592500E+03  9.523E-02  4.858E+00 -6.736E-02
  4.5597500E+03  3.856E-02  5.042E+00  1.580E-01
  4.5602500E+03  1.382E-01  5.903E+00 -1.639E-01
  4.5607500E+03  3.111E-01  5.665E+00 -8.225E-01
  4.5612500E+03  8.754E-02  6.486E+00  7.734E-02
  4.5617500E+03  8.081E-02  6.974E+00  1.377E-01
  4.5622500E+03  2.078E-01  7.617E+00 -2.967E-01
  4.5627500E+03  1.158E-01  8.378E+00  1.058E-01
  4.5632500E+03  2.411E-01  8.791E+00 -3.331E-01
  4.5637500E+03  2.784E-01  9.565E+00 -4.187E-01
  4.5642500E+03  2.264E-01  9.303E+00 -2.316E-01
  4.5647500E+03  5.695E-01  1.004E+01 -1.468E+00
  4.5652500E+03  1.100E-01  1.083E+01  3.269E-01
  4.5657500E+03  3.611E-01  1.129E+01 -5.804E-01
  4.5662500E+03  2.098E-01  1.072E+01 -4.006E-02
  4.5667500E+03  1.856E-01  1.252E+01  1.834E-01
  4.5672500E+03  5.093E-01  1.216E+01 -1.055E+00
  4.5677500E+03  4.246E-01  1.361E+01 -6.231E-01
  4.5682500E+03  3.766E-01  1.426E+01 -3.819E-01
  4.5687500E+03  2.226E-01  1.464E+01  2.349E-01
  4.5692500E+03  2.683E-01  1.604E+01  1.838E-01
  4.5697500E+03  4.424E-01  1.579E+01 -4.802E-01
  4.5702500E+03  3.317E-01  1.687E+01  2.775E-02
  4.5707500E+03  5.740E-01  1.609E+01 -9.324E-01
  4.5712500E+03  6.044E-01  1.647E+01 -1.006E+00
  4.5717500E+03  5.754E-01  1.852E+01 -7.265E-01
  4.5722500E+03  5.180E-01  1.751E+01 -5.699E-01
  4.5727500E+03  6.556E-01  1.944E+01 -9.283E-01
  4.5732500E+03  3.411E-01  1.983E+01  3.079E-01
  4.5737500E+03  4.383E-01  1.989E+01 -4.077E-02
  4.5742500E+03  3.119E-01  1.953E+01  4.176E-01
  4.5747500E+03  6.797E-01  1.991E+01 -9.192E-01
  4.5752500E+03  6.025E-01  2.029E+01 -5.774E-01
  4.5757500E+03  6.786E-01  2.164E+01 -7.396E-01
  4.5762500E+03  8.284E-01  2.093E+01 -1.347E+00
  4.5767500E+03  5.312E-01  2.287E+01 -5.177E-02
  4.5772500E+03  2.551E-01  2.036E+01  8.135E-01
  4.5777500E+03  5.994E-01  2.036E+01 -4.747E-01
  4.5782500E+03  5.580E-01  2.458E+01  4.941E-02
  4.5787500E+03  7.543E-01  2.448E+01 -6.751E-01
  4.5792500E+03  8.492E-01  2.359E+01 -1.088E+00
  4.5797500E+03  5.349E-01  2.346E+01  1.057E-01
  4.5802500E+03  3.876E-01  2.183E+01  5.379E-01
  4.5807500E+03  6.880E-01  2.569E+01 -2.298E-01
  4.5812500E+03  7.602E-01  2.379E+01 -6.660E-01
  4.5817500E+03  6.535E-01  2.484E+01 -1.471E-01
  4.5822500E+03  4.504E-01  2.272E+01  4.560E-01
  4.5827500E+03  6.842E-01  2.572E+01 -1.402E-01
  4.5832500E+03  6.975E-01  2.416E+01 -3.166E-01
  4.5837500E+03  7.987E-01  2.329E+01 -7.514E-01
  4.5842500E+03  4.306E-01  2.420E+01  7.456E-01
  4.5847500E+03  8.168E-01  2.332E+01 -7.936E-01
  4.5852500E+03  7.752E-01  2.427E+01 -5.139E-01
  4.5857500E+03  4.235E-01  2.376E+01  7.923E-01
  4.5862500E+03  7.447E-01  2.348E+01 -4.454E-01
  4.5867500E+03  8.562E-01  2.141E+01 -1.056E+00
  4.5872500E+03  6.066E-01  2.204E+01 -1.995E-02
  4.5877500E+03  7.513E-01  2.290E+01 -4.775E-01
  4.5882500E+03  4.633E-01  2.178E+01  5.530E-01
  4.5887500E+03  6.153E-01  2.190E+01 -1.078E-02
  4.5892500E+03  5.883E-01  2.139E+01  4.482E-02
  4.5897500E+03  1.076E+00  2.070E+01 -1.847E+00
  4.5902500E+03  5.524E-01  2.173E+01  2.698E-01
  4.5907500E+03  9.907E-02  1.947E+01  1.779E+00
  4.5912500E+03  5.524E-01  1.943E+01  5.831E-02
  4.5917500E+03  4.569E-01  1.863E+01  3.569E-01
  4.5922500E+03  5.112E-01  1.976E+01  2.701E-01
  4.5927500E+03  9.506E-01  1.753E+01 -1.618E+00
  4.5932500E+03  5.677E-01  1.914E+01  3.359E-02
  4.5937500E+03  3.602E-01  1.803E+01  7.295E-01
  4.5942500E+03  3.841E-01  1.737E+01  5.743E-01
  4.5947500E+03  8.935E-02  1.694E+01  1.670E+00
  4.5952500E+03  5.265E-01  1.623E+01 -6.481E-02
  4.5957500E+03  4.921E-01  1.585E+01  3.442E-02
  4.5962500E+03  7.893E-01  1.453E+01 -1.235E+00
  4.5967500E+03  1.552E-01  1.493E+01  1.239E+00
  4.5972500E+03  2.592E-01  1.390E+01  7.477E-01
  4.5977500E+03  4.209E-01  1.294E+01  3.508E-02
  4.5982500E+03  5.616E-01  1.391E+01 -3.707E-01
  4.5987500E+03  5.406E-01  1.173E+01 -5.323E-01
  4.5992500E+03  5.256E-01  1.212E+01 -4.130E-01
  4.5997500E+03  5.648E-01  1.186E+01 -5.794E-01
  4.6002500E+03  2.880E-01  1.205E+01  4.978E-01
  4.6007500E+03  1.710E-01  9.913E+00  7.016E-01
  4.6012500E+03  2.409E-01  1.074E+01  5.288E-01
  4.6017500E+03  5.397E-01  1.168E+01 -4.774E-01
  4.6022500E+03  5.290E-01  9.237E+00 -6.924E-01
  4.6027500E+03  4.304E-01  8.721E+00 -3.766E-01
  4.6032500E+03  1.962E-01  8.728E+00  5.083E-01
  4.6037500E+03  4.686E-01  8.848E+00 -4.798E-01
  4.6042500E+03 -2.316E-02  6.655E+00  1.135E+00
  4.6047500E+03 -2.688E-02  5.935E+00  1.052E+00
  4.6052500E+03  2.277E-01  6.155E+00  9.931E-02
  4.6057500E+03  4.255E-01  6.346E+00 -6.278E-01
  4.6062500E+03  2.499E-02  5.692E+00  8.516E-01
  4.6067500E+03  3.759E-01  5.879E+00 -4.726E-01
  4.6072500E+03  1.558E-01  6.451E+00  4.444E-01
  4.6077500E+03  3.135E-01  3.906E+00 -4.589E-01
  4.6082500E+03  1.405E-01  3.605E+00  1.629E-01
  4.6087500E+03  1.642E-01  3.320E+00  3.179E-02
  4.6092500E+03  1.967E-01  2.519E+00 -1.890E-01
  4.6097500E+03  2.917E-01  4.111E+00 -3.384E-01
  4.6102500E+03  4.546E-02  1.713E+00  3.389E-01
  4.6107500E+03  1.548E-01  1.162E+00 -1.792E-01
  4.6112500E+03 -8.328E-02  2.415E+00  8.721E-01
  4.6117500E+03  2.137E-01  2.141E+00 -2.653E-01
  4.6122500E+03  2.425E-01  1.064E+00 -5.335E-01
  4.6127500E+03  1.599E-01  1.626E-01 -3.033E-01
  4.6132500E+03 -1.961E-01  3.363E-01  1.067E+00
  4.6137500E+03  1.943E-01  1.576E+00 -2.725E-01
  4.6142500E+03  1.206E-01  1.205E-01 -1.583E-01
  4.6147500E+03 -1.021E-01  3.589E-01  7.260E-01
  4.6152500E+03 -1.163E-01  1.840E-01  7.325E-01
  4.6157500E+03  1.493E-01 -3.408E-01 -3.510E-01
  4.6162500E+03 -2.968E-02 -1.704E-01  3.677E-01
  4.6167500E+03  8.576E-02 -8.007E-01 -1.417E-01
  4.6172500E+03 -1.727E-01 -1.793E+00  7.119E-01
  4.6177500E+03 -2.757E-01 -2.273E+00  1.027E+00
  4.6182500E+03 -1.595E-01 -9.120E-01  7.531E-01
  4.6187500E+03  1.421E-02 -2.473E+00 -1.107E-01
  4.6192500E+03 -1.070E-01 -3.439E+00  2.451E-01
  4.6197500E+03  4.181E-02 -3.395E+00 -2.974E-01
  4.6202500E+03  5.324E-02 -3.154E+00 -3.538E-01
  4.6207500E+03 -2.139E-02 -2.785E+00 -3.734E-03
  4.6212500E+03  1.741E-01 -2.990E+00 -7.979E-01
  4.6217500E+03 -9.705E-02 -3.395E+00  2.227E-01
  4.6222500E+03 -2.275E-01 -3.514E+00  7.177E-01
  4.6227500E+03 -4.906E-02 -2.971E+00  9.614E-02
  4.6232500E+03  2.972E-02 -4.013E+00 -3.532E-01
  4.6237500E+03 -2.901E-01 -3.627E+00  8.952E-01
  4.6242500E+03 -9.100E-02 -4.564E+00 -1.570E-02
  4.6247500E+03 -1.662E-01 -3.774E+00  4.093E-01
  4.6252500E+03 -3.425E-01 -3.943E+00  1.060E+00
  4.6257500E+03 -3.324E-02 -4.663E+00 -2.427E-01
  4.6262500E+03 -1.053E-01 -4.365E+00  6.583E-02
  4.6267500E+03 -2.266E-01 -4.534E+00  5.408E-01
  4.6272500E+03 -8.710E-02 -4.759E+00 -4.658E-02
  4.6277500E+03 -2.350E-01 -3.680E+00  6.632E-01
  4.6282500E+03 -2.246E-01 -5.443E+00  3.937E-01
  4.6287500E+03 -2.474E-01 -5.795E+00  4.126E-01
  4.6292500E+03 -1.974E-01 -4.420E+00  4.198E-01
  4.6297500E+03  6.932E-02 -4.125E+00 -5.702E-01
  4.6302500E+03 -6.501E-02 -5.302E+00 -2.500E-01
  4.6307500E+03 -1.240E-01 -5.287E+00 -3.449E-03
  4.6312500E+03 -1.371E-01 -5.328E+00  4.585E-02
  4.6317500E+03 -1.764E-01 -4.442E+00  3.372E-01
  4.6322500E+03  1.672E-02 -4.164E+00 -3.799E-01
  4.6327500E+03 -1.599E-01 -6.328E+00 -1.309E-02
  4.6332500E+03 -1.732E-01 -5.968E+00  1.113E-01
  4.6337500E+03 -3.010E-01 -6.143E+00  5.451E-01
  4.6342500E+03 -1.275E-01 -5.162E+00  3.911E-03
  4.6347500E+03 -1.617E-01 -6.157E+00  3.935E-02
  4.6352500E+03 -1.574E-01 -5.179E+00  1.721E-01
  4.6357500E+03 -2.242E-01 -5.695E+00  3.156E-01
  4.6362500E+03 -3.279E-01 -5.975E+00  6.506E-01
  4.6367500E+03 -3.094E-01 -5.373E+00  6.675E-01
  4.6372500E+03 -3.565E-02 -6.409E+00 -4.924E-01
  4.6377500E+03 -1.325E-01 -6.365E+00 -1.335E-01
  4.6382500E+03 -2.275E-01 -5.482E+00  3.488E-01
  4.6387500E+03 -5.750E-02 -5.393E+00 -3.119E-01
  4.6392500E+03 -2.787E-02 -6.538E+00 -5.877E-01
  4.6397500E+03 -1.908E-01 -6.528E+00  6.766E-02
  4.6402500E+03 -1.460E-01 -5.844E+00 -8.666E-03
  4.6407500E+03 -2.784E-01 -5.998E+00  4.844E-01
  4.6412500E+03 -3.235E-01 -5.153E+00  7.559E-01
  4.6417500E+03 -5.519E-02 -5.674E+00 -3.541E-01
  4.6422500E+03 -1.810E-01 -5.864E+00  9.396E-02
  4.6427500E+03 -1.275E-01 -6.005E+00 -1.215E-01
  4.6432500E+03 -3.054E-01 -5.769E+00  5.868E-01
  4.6437500E+03 -2.191E-01 -5.305E+00  3.289E-01
  4.6442500E+03 -1.999E-01 -5.668E+00  2.010E-01
  4.6447500E+03 -2.796E-01 -5.945E+00  4.547E-01
  4.6452500E+03 -2.697E-01 -5.672E+00  4.421E-01
  4.6457500E+03 -2.089E-01 -6.227E+00  1.254E-01
  4.6462500E+03 -5.296E-02 -5.486E+00 -3.314E-01
  4.6467500E+03 -3.509E-01 -6.180E+00  6.923E-01
  4.6472500E+03 -1.755E-01 -5.741E+00  6.993E-02
  4.6477500E+03 -2.644E-01 -6.096E+00  3.717E-01
  4.6482500E+03 -2.210E-01 -5.961E+00  2.033E-01
  4.6487500E+03 -1.328E-01 -5.448E+00 -5.495E-02
  4.6492500E+03 -2.760E-01 -6.134E+00  4.112E-01
  4.6497500E+03 -1.366E-01 -6.135E+00 -1.371E-01
  4.6502500E+03 -6.846E-02 -5.895E+00 -3.674E-01
  4.6507500E+03 -1.146E-01 -6.158E+00 -2.344E-01
  4.6512500E+03 -1.910E-01 -5.295E+00  1.817E-01
  4.6517500E+03 -7.017E-02 -5.464E+00 -2.736E-01
  4.6522500E+03 -3.336E-01 -6.056E+00  6.142E-01
  4.6527500E+03 -1.641E-01 -5.628E+00  3.451E-02
  4.6532500E+03 -1.766E-01 -5.966E+00  6.768E-02
  4.6537500E+03 -2.524E-01 -5.026E+00  4.716E-01
  4.6542500E+03 -6.136E-02 -5.592E+00 -3.699E-01
  4.6547500E+03 -1.116E-01 -5.506E+00 -1.789E-01
  4.6552500E+03 -2.043E-02 -5.483E+00 -4.920E-01
  4.6557500E+03 -1.637E-01 -5.770E+00 -1.380E-02
  4.6562500E+03 -2.533E-01 -5.724E+00  3.638E-01
  4.6567500E+03 -2.501E-01 -5.142E+00  4.232E-01
  4.6572500E+03 -1.859E-01 -5.592E+00  8.294E-02
  4.6577500E+03 -9.074E-02 -5.579E+00 -2.872E-01
  4.6582500E+03 -1.451E-01 -5.738E+00 -9.921E-02
  4.6587500E+03 -3.197E-01 -5.653E+00  6.106E-01
  4.6592500E+03 -2.982E-01 -5.147E+00  6.007E-01
  4.6597500E+03 -3.587E-01 -5.778E+00  7.369E-01
  4.6602500E+03 -2.706E-01 -5.821E+00  4.086E-01
  4.6607500E+03 -7.096E-03 -5.126E+00 -5.273E-01
  4.6612500E+03 -9.945E-02 -5.620E+00 -2.520E-01
  4.6617500E+03 -3.228E-01 -5.672E+00  6.011E-01
  4.6622500E+03 -1.720E-01 -5.363E+00  8.392E-02
  4.6627500E+03 -1.190E-01 -5.998E+00 -2.267E-01
  4.6632500E+03 -2.615E-01 -5.124E+00  4.328E-01
  4.6637500E+03 -1.923E-01 -5.700E+00  1.008E-01
  4.6642500E+03 -1.118E-01 -5.391E+00 -1.515E-01
  4.6647500E+03  2.473E-02 -5.446E+00 -7.058E-01
  4.6652500E+03 -2.435E-01 -4.660E+00  4.181E-01
  4.6657500E+03 -1.368E-01 -4.755E+00  8.159E-03
  4.6662500E+03 -6.376E-02 -5.044E+00 -2.928E-01
  4.6667500E+03 -1.450E-01 -4.975E+00  1.865E-02
  4.6672500E+03 -2.370E-01 -5.013E+00  3.647E-01
  4.6677500E+03 -2.277E-01 -5.154E+00  3.190E-01
  4.6682500E+03 -1.630E-01 -4.767E+00  1.121E-01
  4.6687500E+03 -1.763E-01 -5.651E+00  1.511E-02
  4.6692500E+03 -1.254E-01 -4.972E+00 -6.802E-02
  4.6697500E+03 -1.977E-01 -5.131E+00  1.913E-01
  4.6702500E+03 -1.226E-01 -4.975E+00 -7.414E-02
  4.6707500E+03 -1.272E-01 -4.708E+00 -3.878E-02
  4.6712500E+03 -1.685E-01 -4.724E+00  1.243E-01
  4.6717500E+03 -2.371E-01 -5.036E+00  3.648E-01
  4.6722500E+03 -4.929E-02 -4.505E+00 -2.865E-01
  4.6727500E+03 -1.518E-01 -4.935E+00  1.294E-02
  4.6732500E+03 -2.514E-01 -4.667E+00  4.489E-01
  4.6737500E+03 -1.297E-01 -4.891E+00 -4.939E-02
  4.6742500E+03 -3.081E-02 -4.980E+00 -4.182E-01
  4.6747500E+03 -2.051E-01 -4.808E+00  2.523E-01
  4.6752500E+03 -1.304E-01 -4.600E+00 -8.896E-03
  4.6757500E+03 -1.078E-01 -4.818E+00 -1.232E-01
  4.6762500E+03 -1.958E-01 -4.285E+00  2.933E-01
  4.6767500E+03 -2.020E-01 -4.502E+00  2.861E-01
  4.6772500E+03 -1.405E-01 -4.515E+00  2.647E-02
  4.6777500E+03 -1.279E-01 -5.052E+00 -9.885E-02
  4.6782500E+03 -2.567E-01 -4.587E+00  4.829E-01
  4.6787500E+03 -2.141E-01 -4.792E+00  2.724E-01
  4.6792500E+03 -3.592E-02 -4.430E+00 -3.400E-01
  4.6797500E+03 -3.161E-02 -4.338E+00 -3.511E-01
  4.6802500E+03 -1.303E-01 -4.511E+00 -5.023E-03
  4.6807500E+03 -1.528E-01 -4.493E+00  7.862E-02
  4.6812500E+03 -2.305E-01 -4.389E+00  4.008E-01
  4.6817500E+03 -2.949E-02 -4.088E+00 -3.503E-01
  4.6822500E+03 -8.865E-02 -4.200E+00 -1.218E-01
  4.6827500E+03 -8.756E-02 -4.290E+00 -1.331E-01
  4.6832500E+03 -8.395E-02 -4.703E+00 -2.154E-01
  4.6837500E+03 -1.621E-01 -4.556E+00  1.252E-01
  4.6842500E+03 -6.633E-02 -4.157E+00 -1.821E-01
  4.6847500E+03 -1.593E-01 -4.204E+00  1.500E-01
  4.6852500E+03 -1.378E-01 -3.903E+00  7.877E-02
  4.6857500E+03 -1.810E-01 -4.183E+00  2.208E-01
  4.6862500E+03 -2.037E-01 -4.392E+00  2.849E-01
  4.6867500E+03 -1.332E-01 -4.397E+00 -1.026E-03
  4.6872500E+03 -1.022E-01 -4.448E+00 -1.088E-01
  4.6877500E+03 -2.062E-01 -4.227E+00  3.295E-01
  4.6882500E+03 -1.549E-01 -4.248E+00  1.168E-01
  4.6887500E+03 -6.630E-02 -4.487E+00 -2.411E-01
  4.6892500E+03 -1.687E-01 -4.272E+00  1.736E-01
  4.6897500E+03 -1.159E-01 -4.280E+00 -1.038E-02
  4.6902500E+03 -6.105E-02 -3.880E+00 -1.937E-01
  4.6907500E+03 -1.533E-01 -4.248E+00  9.714E-02
  4.6912500E+03 -1.116E-01 -4.308E+00 -7.379E-02
  4.6917500E+03 -1.917E-01 -4.040E+00  2.745E-01
  4.6922500E+03 -1.272E-01 -3.655E+00  8.222E-02
  4.6927500E+03 -1.275E-01 -4.006E+00  2.369E-02
  4.6932500E+03 -9.550E-02 -3.829E+00 -4.558E-02
  4.6937500E+03 -8.960E-02 -3.692E+00 -6.042E-02
  4.6942500E+03 -1.374E-01 -4.039E+00  8.151E-02
  4.6947500E+03 -8.358E-02 -3.823E+00 -1.163E-01
  4.6952500E+03 -5.619E-02 -3.667E+00 -1.944E-01
  4.6957500E+03 -1.387E-01 -3.883E+00  9.288E-02
  4.6962500E+03 -1.614E-01 -3.764E+00  1.853E-01
  4.6967500E+03 -1.476E-01 -3.714E+00  1.571E-01
  4.6972500E+03 -1.624E-01 -3.752E+00  1.999E-01
  4.6977500E+03 -4.645E-02 -3.793E+00 -2.474E-01
  4.6982500E+03 -1.334E-01 -3.700E+00  9.296E-02
  4.6987500E+03 -1.048E-01 -4.215E+00 -1.008E-01
  4.6992500E+03 -1.399E-01 -3.765E+00  1.128E-01
  4.6997500E+03 -1.045E-01 -3.887E+00 -3.287E-02
  4.7002500E+03 -3.689E-02 -3.549E+00 -2.549E-01
  4.7007500E+03 -9.601E-02 -3.663E+00 -3.614E-02
  4.7012500E+03 -1.057E-01 -3.659E+00 -3.528E-03
  4.7017500E+03 -5.140E-02 -3.147E+00 -1.394E-01
  4.7022500E+03 -9.942E-02 -3.461E+00  8.010E-04
  4.7027500E+03 -1.873E-01 -3.647E+00  3.018E-01
  4.7032500E+03 -1.254E-01 -3.394E+00  9.964E-02
  4.7037500E+03 -8.579E-02 -3.422E+00 -4.362E-02
  4.7042500E+03 -1.054E-01 -3.801E+00 -5.914E-02
  4.7047500E+03 -5.686E-02 -3.235E+00 -1.233E-01
  4.7052500E+03 -1.175E-01 -3.293E+00  1.012E-01
  4.7057500E+03 -1.052E-01 -3.579E+00  1.388E-02
  4.7062500E+03 -1.026E-01 -3.313E+00  3.261E-02
  4.7067500E+03 -1.101E-01 -3.815E+00 -2.062E-02
  4.7072500E+03 -9.658E-02 -3.789E+00 -6.539E-02
  4.7077500E+03 -1.563E-01 -3.457E+00  2.188E-01
  4.7082500E+03 -1.890E-01 -3.132E+00  3.857E-01
  4.7087500E+03 -1.361E-01 -3.497E+00  1.331E-01
  4.7092500E+03 -4.517E-02 -3.259E+00 -1.911E-01
  4.7097500E+03 -1.175E-01 -3.343E+00  8.680E-02
  4.7102500E+03 -3.897E-02 -3.320E+00 -2.208E-01
  4.7107500E+03 -6.823E-02 -3.380E+00 -1.316E-01
  4.7112500E+03 -1.248E-01 -3.349E+00  1.176E-01
  4.7117500E+03 -1.340E-01 -3.363E+00  1.377E-01
  4.7122500E+03 -1.241E-01 -3.312E+00  1.118E-01
  4.7127500E+03 -1.047E-01 -3.149E+00  4.598E-02
  4.7132500E+03 -3.285E-02 -2.836E+00 -1.757E-01
  4.7137500E+03 -1.106E-01 -2.906E+00  1.095E-01
  4.7142500E+03 -4.652E-02 -3.312E+00 -1.796E-01
  4.7147500E+03 -1.220E-01 -3.164E+00  1.263E-01
  4.7152500E+03 -7.591E-02 -2.940E+00 -3.635E-02
  4.7157500E+03 -7.278E-02 -2.955E+00 -4.024E-02
  4.7162500E+03 -1.275E-01 -3.109E+00  1.365E-01
  4.7167500E+03 -1.352E-01 -2.878E+00  1.862E-01
  4.7172500E+03 -1.371E-01 -2.866E+00  2.316E-01
  4.7177500E+03 -4.732E-02 -2.943E+00 -1.490E-01
  4.7182500E+03 -9.482E-02 -3.207E+00 -8.945E-03
  4.7187500E+03 -1.669E-01 -3.251E+00  2.739E-01
  4.7192500E+03 -3.416E-02 -3.003E+00 -2.033E-01
  4.7197500E+03 -6.672E-02 -2.775E+00 -4.496E-02
  4.7202500E+03 -8.088E-02 -3.006E+00 -9.604E-03
  4.7207500E+03 -6.684E-02 -2.898E+00 -5.774E-02
  4.7212500E+03 -1.032E-01 -2.901E+00  7.533E-02
  4.7217500E+03 -1.497E-01 -2.970E+00  2.531E-01
  4.7222500E+03 -9.549E-02 -2.938E+00  4.427E-02
  4.7227500E+03 -7.835E-02 -2.827E+00  1.025E-02
  4.7232500E+03 -5.019E-02 -2.772E+00 -1.124E-01
  4.7237500E+03 -1.003E-01 -2.821E+00  5.808E-02
  4.7242500E+03 -9.749E-02 -2.890E+00  4.547E-02
  4.7247500E+03 -3.282E-02 -2.968E+00 -2.006E-01
  4.7252500E+03 -1.380E-01 -3.061E+00  1.851E-01
  4.7257500E+03 -8.399E-02 -3.176E+00 -3.301E-02
  4.7262500E+03 -7.818E-02 -2.701E+00 -2.365E-02
  4.7267500E+03 -4.380E-02 -2.429E+00 -1.120E-01
  4.7272500E+03 -5.570E-02 -2.522E+00 -5.783E-02
  4.7277500E+03 -5.908E-02 -3.025E+00 -1.024E-01
  4.7282500E+03 -5.893E-02 -2.658E+00 -6.252E-02
  4.7287500E+03 -7.124E-02 -2.800E+00 -3.775E-02
  4.7292500E+03  4.004E-02 -2.878E+00 -4.813E-01
  4.7297500E+03 -2.170E-02 -2.548E+00 -1.813E-01
  4.7302500E+03 -5.932E-02 -2.754E+00 -9.685E-02
  4.7307500E+03 -5.168E-02 -2.569E+00 -1.053E-01
  4.7312500E+03 -9.192E-02 -2.690E+00  5.937E-02
  4.7317500E+03 -1.021E-01 -2.411E+00  1.532E-01
  4.7322500E+03 -7.294E-02 -2.675E+00 -5.923E-03
  4.7327500E+03 -2.712E-02 -2.597E+00 -1.884E-01
  4.7332500E+03 -6.731E-02 -2.572E+00 -2.144E-02
  4.7337500E+03 -8.040E-02 -2.500E+00  5.063E-02
  4.7342500E+03 -1.257E-01 -2.644E+00  1.741E-01
  4.7347500E+03 -1.228E-01 -2.469E+00  1.841E-01
  4.7352500E+03 -5.909E-02 -2.742E+00 -7.296E-02
  4.7357500E+03 -9.045E-02 -2.422E+00  8.186E-02
  4.7362500E+03 -1.482E-01 -2.375E+00  3.001E-01
  4.7367500E+03 -3.880E-02 -2.447E+00 -1.335E-01
  4.7372500E+03 -4.204E-02 -2.354E+00 -9.318E-02
  4.7377500E+03 -4.352E-02 -2.476E+00 -9.171E-02
  4.7382500E+03 -6.369E-02 -2.408E+00 -3.377E-03
  4.7387500E+03 -3.929E-02 -2.328E+00 -1.121E-01
  4.7392500E+03 -1.289E-02 -2.471E+00 -2.164E-01
  4.7397500E+03 -1.067E-01 -2.591E+00  1.425E-01
  4.7402500E+03 -1.270E-01 -2.329E+00  2.317E-01
  4.7407500E+03 -7.484E-02 -2.460E+00  1.106E-02
  4.7412500E+03 -8.558E-02 -2.335E+00  7.197E-02
  4.7417500E+03 -4.189E-02 -1.947E+00 -2.906E-02
  4.7422500E+03 -8.769E-02 -2.233E+00  8.353E-02
  4.7427500E+03 -8.763E-02 -2.598E+00  2.780E-02
  4.7432500E+03 -6.932E-02 -2.358E+00 -5.865E-03
  4.7437500E+03 -8.082E-02 -2.309E+00  8.109E-02
  4.7442500E+03 -6.953E-02 -2.297E+00  1.877E-02
  4.7447500E+03 -1.110E-01 -2.207E+00  1.862E-01
  4.7452500E+03  4.052E-03 -2.238E+00 -2.616E-01
  4.7457500E+03 -1.783E-02 -2.346E+00 -1.875E-01
  4.7462500E+03 -5.734E-02 -2.510E+00 -5.716E-02
  4.7467500E+03 -8.561E-02 -2.121E+00  9.784E-02
  4.7472500E+03 -1.244E-01 -2.255E+00  2.114E-01
  4.7477500E+03 -5.651E-02 -2.410E+00 -4.047E-02
  4.7482500E+03 -7.680E-02 -2.137E+00  8.245E-02
  4.7487500E+03 -6.261E-02 -2.010E+00  2.499E-02
  4.7492500E+03 -7.918E-02 -2.282E+00  3.831E-02
  4.7497500E+03 -6.420E-02 -2.184E+00 -6.803E-03
  4.7502500E+03 -4.076E-02 -2.087E+00 -5.174E-02
  4.7507500E+03  8.480E-03 -2.141E+00 -2.568E-01
  4.7512500E+03 -1.269E-01 -2.219E+00  2.420E-01
  4.7517500E+03 -4.652E-02 -2.094E+00 -6.403E-02
  4.7522500E+03 -5.108E-02 -2.100E+00 -3.385E-02
  4.7527500E+03 -7.618E-02 -2.216E+00  5.428E-02
  4.7532500E+03 -6.805E-02 -2.085E+00  5.246E-02
  4.7537500E+03 -1.058E-01 -2.023E+00  1.906E-01
  4.7542500E+03 -6.358E-02 -1.991E+00  4.513E-02
  4.7547500E+03 -3.900E-02 -2.095E+00 -7.043E-02
  4.7552500E+03 -5.347E-02 -2.282E+00 -4.886E-02
  4.7557500E+03 -5.039E-02 -2.009E+00 -6.218E-03
  4.7562500E+03 -7.024E-02 -2.134E+00  2.046E-02
  4.7567500E+03 -6.055E-02 -2.109E+00 -8.902E-03
  4.7572500E+03 -7.475E-02 -1.954E+00  6.978E-02
  4.7577500E+03 -3.994E-02 -1.787E+00 -2.647E-02
  4.7582500E+03 -4.301E-02 -1.882E+00 -3.384E-02
  4.7587500E+03 -5.342E-02 -2.143E+00 -3.612E-02
  4.7592500E+03 -3.169E-02 -2.031E+00 -9.503E-02
  4.7597500E+03 -9.177E-02 -2.045E+00  1.074E-01
  4.7602500E+03 -8.176E-02 -1.988E+00  1.032E-01
  4.7607500E+03 -2.654E-02 -2.031E+00 -1.396E-01
  4.7612500E+03 -1.578E-02 -2.015E+00 -1.599E-01
  4.7617500E+03 -4.845E-02 -1.694E+00  1.670E-02
  4.7622500E+03 -8.879E-02 -1.874E+00  1.293E-01
  4.7627500E+03 -7.477E-02 -1.887E+00  7.037E-02
  4.7632500E+03 -5.967E-02 -2.012E+00 -1.943E-02
  4.7637500E+03 -3.450E-02 -2.008E+00 -8.283E-02
  4.7642500E+03 -8.285E-02 -1.924E+00  9.900E-02
  4.7647500E+03 -2.281E-02 -1.651E+00 -9.291E-02
  4.7652500E+03 -1.720E-02 -1.941E+00 -1.372E-01
  4.7657500E+03 -7.246E-02 -2.130E+00  3.844E-02
  4.7662500E+03 -7.975E-02 -1.917E+00  8.832E-02
  4.7667500E+03 -1.871E-02 -1.964E+00 -1.732E-01
  4.7672500E+03 -7.782E-02 -1.940E+00  9.013E-02
  4.7677500E+03 -1.565E-02 -1.685E+00 -8.988E-02
  4.7682500E+03 -3.484E-02 -1.609E+00  4.264E-03
  4.7687500E+03 -6.417E-02 -1.777E+00  5.902E-02
  4.7692500E+03 -6.131E-02 -1.867E+00  5.045E-02
  4.7697500E+03 -8.373E-02 -1.876E+00  1.221E-01
  4.7702500E+03 -7.831E-02 -1.729E+00  8.074E-02
  4.7707500E+03 -6.465E-02 -1.752E+00  5.754E-02
  4.7712500E+03  4.413E-03 -1.856E+00 -2.222E-01
  4.7717500E+03 -2.368E-02 -1.742E+00 -9.259E-02
  4.7722500E+03 -8.278E-02 -1.859E+00  1.186E-01
  4.7727500E+03 -9.897E-03 -1.732E+00 -1.526E-01
  4.7732500E+03 -1.989E-02 -1.785E+00 -1.211E-01
  4.7737500E+03 -5.614E-02 -1.739E+00  3.964E-02
  4.7742500E+03 -6.621E-02 -1.729E+00  6.954E-02
  4.7747500E+03 -1.204E-01 -1.689E+00  2.606E-01
  4.7752500E+03 -2.941E-02 -1.631E+00 -4.172E-02
  4.7757500E+03 -5.192E-02 -1.684E+00  2.638E-02
  4.7762500E+03 -3.361E-02 -1.756E+00 -6.285E-02
  4.7767500E+03 -7.190E-02 -1.658E+00  1.033E-01
  4.7772500E+03 -3.269E-02 -1.703E+00 -5.466E-02
  4.7777500E+03 -4.282E-02 -1.719E+00 -3.893E-02
  4.7782500E+03 -4.651E-02 -1.596E+00  2.173E-02
  4.7787500E+03  7.911E-03 -1.800E+00 -2.046E-01
  4.7792500E+03 -3.039E-02 -1.701E+00 -6.357E-02
  4.7797500E+03 -3.354E-02 -1.621E+00 -5.296E-02
  4.7802500E+03 -3.563E-02 -1.552E+00 -3.788E-02
  4.7807500E+03 -8.063E-02 -1.501E+00  1.701E-01
  4.7812500E+03 -2.837E-02 -1.454E+00 -4.747E-02
  4.7817500E+03 -5.070E-02 -1.781E+00 -2.142E-02
  4.7822500E+03 -2.667E-02 -1.714E+00 -8.477E-02
  4.7827500E+03 -5.421E-02 -1.569E+00  2.928E-02
  4.7832500E+03 -7.136E-02 -1.463E+00  1.061E-01
  4.7837500E+03 -5.433E-02 -1.541E+00  4.410E-02
  4.7842500E+03 -8.708E-03 -1.589E+00 -1.313E-01
  4.7847500E+03 -1.839E-02 -1.632E+00 -8.864E-02
  4.7852500E+03 -8.814E-02 -1.425E+00  1.748E-01
  4.7857500E+03 -5.195E-03 -1.695E+00 -1.614E-01
  4.7862500E+03 -5.995E-02 -1.595E+00  4.933E-02
  4.7867500E+03 -4.271E-02 -1.536E+00 -1.939E-02
  4.7872500E+03 -3.797E-02 -1.420E+00 -4.148E-04
  4.7877500E+03 -4.723E-02 -1.773E+00 -9.202E-03
  4.7882500E+03 -1.749E-02 -1.552E+00 -8.883E-02
  4.7887500E+03 -6.179E-02 -1.394E+00  9.412E-02
  4.7892500E+03 -3.827E-03 -1.355E+00 -1.224E-01
  4.7897500E+03 -4.240E-03 -1.611E+00 -1.642E-01
  4.7902500E+03 -3.595E-02 -1.546E+00 -1.210E-02
  4.7907500E+03 -2.780E-02 -1.500E+00 -6.524E-02
  4.7912500E+03 -2.057E-02 -1.534E+00 -8.744E-02
  4.7917500E+03 -5.920E-02 -1.432E+00  8.396E-02
  4.7922500E+03 -4.644E-02 -1.379E+00  3.853E-02
  4.7927500E+03 -5.134E-02 -1.410E+00  4.845E-02
  4.7932500E+03 -5.898E-02 -1.258E+00  9.784E-02
  4.7937500E+03 -6.738E-02 -1.353E+00  1.161E-01
  4.7942500E+03 -3.667E-02 -1.481E+00 -2.534E-02
  4.7947500E+03 -2.884E-02 -1.393E+00 -2.818E-02
  4.7952500E+03 -2.261E-02 -1.582E+00 -8.584E-02
  4.7957500E+03 -9.305E-02 -1.416E+00  2.225E-01
  4.7962500E+03 -2.846E-02 -1.394E+00 -4.807E-02
  4.7967500E+03 -3.256E-02 -1.525E+00 -3.714E-02
  4.7972500E+03 -3.074E-02 -1.558E+00 -5.007E-02
  4.7977500E+03 -2.578E-02 -1.201E+00 -2.921E-02
  4.7982500E+03 -3.663E-02 -1.308E+00  6.071E-03
  4.7987500E+03 -2.373E-02 -1.411E+00 -6.579E-02
  4.7992500E+03 -4.653E-02 -1.415E+00  3.098E-02
  4.7997500E+03 -2.976E-02 -1.459E+00 -3.582E-02
  4.8002500E+03 -4.009E-02 -1.271E+00  2.153E-02
  4.8007500E+03 -4.113E-02 -1.405E+00  5.552E-03
  4.8012500E+03 -4.155E-02 -1.211E+00  3.176E-02
  4.8017500E+03 -6.472E-02 -1.427E+00  9.487E-02
  4.8022500E+03 -1.510E-02 -1.332E+00 -7.748E-02
  4.8027500E+03  9.118E-03 -1.334E+00 -1.688E-01
  4.8032500E+03 -6.557E-02 -1.349E+00  1.175E-01
  4.8037500E+03 -6.371E-02 -1.065E+00  1.295E-01
  4.8042500E+03 -3.238E-02 -1.217E+00 -5.585E-03
  4.8047500E+03 -2.392E-03 -1.114E+00 -1.041E-01
  4.8052500E+03 -2.923E-02 -1.334E+00 -5.750E-02
  4.8057500E+03 -5.324E-02 -1.348E+00  3.847E-02
  4.8062500E+03 -3.669E-02 -1.256E+00  9.333E-03
  4.8067500E+03 -7.097E-02 -1.413E+00  1.244E-01
  4.8072500E+03 -8.399E-02 -1.385E+00  1.609E-01
  4.8077500E+03 -4.067E-02 -1.182E+00  3.698E-02
  4.8082500E+03 -4.067E-03 -1.206E+00 -1.134E-01
  4.8087500E+03 -1.234E-02 -1.279E+00 -9.072E-02
  4.8092500E+03 -3.657E-02 -1.313E+00  1.439E-03
  4.8097500E+03 -2.454E-02 -1.259E+00 -4.212E-02
  4.8102500E+03 -2.524E-03 -1.333E+00 -1.425E-01
  4.8107500E+03 -5.084E-02 -1.127E+00  8.661E-02
  4.8112500E+03 -7.312E-02 -1.261E+00  1.595E-01
  4.8117500E+03 -1.421E-02 -1.242E+00 -8.023E-02
  4.8122500E+03 -1.231E-02 -1.160E+00 -6.210E-02
  4.8127500E+03 -4.494E-02 -1.178E+00  4.224E-02
  4.8132500E+03 -1.109E-02 -1.251E+00 -9.438E-02
  4.8137500E+03 -1.385E-02 -1.127E+00 -6.262E-02
  4.8142500E+03 -5.872E-02 -1.278E+00  8.973E-02
  4.8147500E+03 -3.092E-02 -1.218E+00 -1.515E-02
  4.8152500E+03 -1.369E-02 -1.254E+00 -8.085E-02
  4.8157500E+03 -5.893E-02 -1.289E+00  8.461E-02
  4.8162500E+03 -4.289E-02 -1.316E+00  1.215E-02
  4.8167500E+03 -1.600E-03 -1.137E+00 -1.136E-01
  4.8172500E+03 -3.843E-02 -1.070E+00  3.621E-02
  4.8177500E+03 -4.576E-02 -1.113E+00  5.688E-02
  4.8182500E+03 -2.317E-02 -1.277E+00 -6.836E-02
  4.8187500E+03 -4.132E-02 -1.252E+00  1.703E-02
  4.8192500E+03 -3.586E-02 -1.152E+00  2.832E-02
  4.8197500E+03 -3.137E-02 -9.208E-01  3.060E-02
  4.8202500E+03 -2.599E-02 -9.393E-01  8.905E-03
  4.8207500E+03 -7.228E-02 -1.138E+00  1.576E-01
  4.8212500E+03 -1.470E-02 -1.069E+00 -5.366E-02
  4.8217500E+03 -4.783E-02 -1.152E+00  6.306E-02
  4.8222500E+03 -5.275E-02 -1.069E+00  8.436E-02
  4.8227500E+03 -4.088E-02 -1.299E+00  1.907E-02
  4.8232500E+03 -3.266E-02 -1.111E+00  5.351E-03
  4.8237500E+03 -1.426E-02 -1.153E+00 -6.556E-02
  4.8242500E+03 -1.849E-02 -1.069E+00 -5.487E-02
  4.8247500E+03 -1.353E-02 -9.088E-01 -4.076E-02
  4.8252500E+03 -4.159E-02 -9.218E-01  5.633E-02
  4.8257500E+03 -1.814E-02 -1.063E+00 -5.086E-02
  4.8262500E+03  6.428E-03 -1.159E+00 -1.212E-01
  4.8267500E+03  1.359E-03 -9.697E-01 -1.042E-01
  4.8272500E+03 -5.793E-02 -1.103E+00  1.001E-01
  4.8277500E+03 -5.926E-02 -1.242E+00  1.005E-01
  4.8282500E+03 -1.385E-02 -1.064E+00 -4.646E-02
  4.8287500E+03 -3.154E-02 -9.205E-01  7.245E-03
  4.8292500E+03 -1.881E-02 -9.877E-01 -3.552E-02
  4.8297500E+03 -1.191E-02 -1.072E+00 -6.563E-02
  4.8302500E+03  3.259E-02 -1.035E+00 -2.256E-01
  4.8307500E+03 -2.227E-02 -1.053E+00 -1.913E-02
  4.8312500E+03 -4.442E-02 -9.856E-01  6.475E-02
  4.8317500E+03 -1.908E-02 -1.059E+00 -4.358E-02
  4.8322500E+03 -2.365E-02 -1.072E+00 -3.438E-02
  4.8327500E+03 -2.968E-02 -1.180E+00 -1.407E-02
  4.8332500E+03 -3.400E-02 -1.054E+00  1.297E-02
  4.8337500E+03 -4.485E-03 -8.766E-01 -6.907E-02
  4.8342500E+03  7.441E-03 -9.632E-01 -1.144E-01
  4.8347500E+03 -4.058E-02 -1.076E+00  3.616E-02
  4.8352500E+03 -4.838E-03 -1.034E+00 -8.856E-02
  4.8357500E+03 -2.790E-02 -1.038E+00 -9.313E-03
  4.8362500E+03 -6.078E-02 -8.164E-01  1.578E-01
  4.8367500E+03 -3.800E-02 -8.847E-01  4.019E-02
  4.8372500E+03 -4.115E-02 -1.036E+00  4.347E-02
  4.8377500E+03 -2.692E-03 -9.640E-01 -9.433E-02
  4.8382500E+03 -9.428E-03 -1.001E+00 -6.579E-02
  4.8387500E+03 -4.161E-02 -1.001E+00  6.314E-02
  4.8392500E+03 -1.622E-02 -9.255E-01 -1.928E-02
  4.8397500E+03 -2.830E-02 -9.636E-01 -4.012E-03
  4.8402500E+03  1.483E-02 -1.025E+00 -1.708E-01
  4.8407500E+03 -3.519E-02 -8.741E-01  4.819E-02
  4.8412500E+03 -3.170E-02 -9.610E-01  3.094E-02
  4.8417500E+03 -1.494E-02 -9.643E-01 -3.408E-02
  4.8422500E+03 -4.940E-03 -8.446E-01 -7.025E-02
  4.8427500E+03 -5.887E-02 -8.504E-01  1.393E-01
  4.8432500E+03 -1.942E-02 -8.492E-01 -5.533E-03
  4.8437500E+03  6.052E-03 -9.046E-01 -1.172E-01
  4.8442500E+03 -1.470E-02 -8.867E-01 -2.696E-02
  4.8447500E+03  1.597E-02 -8.689E-01 -1.465E-01
  4.8452500E+03  5.130E-04 -9.616E-01 -1.210E-01
  4.8457500E+03 -6.286E-03 -9.045E-01 -8.631E-02
  4.8462500E+03 -5.283E-02 -1.136E+00  6.703E-02
  4.8467500E+03 -3.408E-02 -9.331E-01  3.438E-02
  4.8472500E+03 -5.600E-02 -7.952E-01  1.308E-01
  4.8477500E+03 -1.938E-02 -8.617E-01 -2.077E-02
  4.8482500E+03 -3.766E-02 -9.377E-01  5.297E-02
  4.8487500E+03 -2.623E-02 -8.155E-01  2.264E-03
  4.8492500E+03 -1.037E-02 -7.036E-01 -3.601E-02
  4.8497500E+03 -4.527E-02 -9.089E-01  7.192E-02
  4.8502500E+03  7.045E-05 -8.439E-01 -6.930E-02
  4.8507500E+03 -3.870E-02 -9.617E-01  4.507E-02
  4.8512500E+03  8.608E-03 -8.493E-01 -6.470E-02
  4.8517500E+03 -3.917E-02 -8.752E-01  2.586E-02
  4.8522500E+03 -5.143E-02 -7.843E-01  1.165E-01
  4.8527500E+03 -5.083E-02 -8.947E-01  8.027E-02
  4.8532500E+03 -7.212E-03 -8.515E-01 -6.035E-02
  4.8537500E+03 -3.850E-02 -8.341E-01  5.388E-02
  4.8542500E+03 -3.855E-02 -1.009E+00  5.239E-02
  4.8547500E+03 -1.569E-02 -8.119E-01 -3.707E-03
  4.8552500E+03 -1.630E-02 -9.550E-01 -3.401E-02
  4.8557500E+03 -7.215E-03 -9.067E-01 -7.378E-02
  4.8562500E+03  1.742E-03 -9.300E-01 -1.103E-01
  4.8567500E+03 -4.137E-02 -9.277E-01  5.326E-02
  4.8572500E+03 -4.815E-02 -7.472E-01  1.031E-01
  4.8577500E+03 -1.302E-02 -8.096E-01 -2.782E-02
  4.8582500E+03 -2.364E-02 -7.848E-01 -1.388E-03
  4.8587500E+03  2.020E-03 -8.694E-01 -1.035E-01
  4.8592500E+03 -1.887E-02 -9.488E-01 -3.134E-02
  4.8597500E+03 -3.469E-02 -9.145E-01  2.724E-02
  4.8602500E+03 -5.497E-03 -6.287E-01 -3.396E-02
  4.8607500E+03 -3.769E-02 -6.436E-01  7.915E-02
  4.8612500E+03 -6.801E-03 -8.141E-01 -5.763E-02
  4.8617500E+03 -1.529E-02 -7.422E-01 -1.311E-02
  4.8622500E+03 -3.246E-02 -6.724E-01  5.544E-02
  4.8627500E+03 -1.909E-02 -7.118E-01  2.607E-03
  4.8632500E+03 -4.542E-02 -7.894E-01  7.754E-02
  4.8637500E+03 -2.868E-02 -8.891E-01  2.412E-02
  4.8642500E+03 -7.401E-03 -7.552E-01 -3.680E-02
  4.8647500E+03 -1.110E-02 -7.894E-01 -3.690E-02
  4.8652500E+03 -1.985E-03 -7.321E-01 -6.124E-02
  4.8657500E+03 -1.687E-02 -6.733E-01 -8.047E-03
  4.8662500E+03  2.168E-02 -7.599E-01 -1.682E-01
  4.8667500E+03 -3.342E-02 -7.439E-01  5.411E-02
  4.8672500E+03 -4.175E-02 -6.761E-01  9.726E-02
  4.8677500E+03 -2.437E-02 -8.332E-01  1.444E-02
  4.8682500E+03 -8.403E-03 -8.220E-01 -6.994E-02
  4.8687500E+03 -1.701E-02 -7.619E-01 -2.827E-02
  4.8692500E+03 -5.518E-02 -7.631E-01  1.355E-01
  4.8697500E+03 -2.163E-02 -8.214E-01 -2.731E-03
  4.8702500E+03 -2.571E-02 -8.739E-01  9.513E-03
  4.8707500E+03  8.396E-03 -7.862E-01 -1.055E-01
  4.8712500E+03 -1.784E-02 -6.768E-01  1.004E-02
  4.8717500E+03 -3.503E-02 -6.598E-01  7.660E-02
  4.8722500E+03 -1.500E-02 -7.575E-01 -1.085E-02
  4.8727500E+03 -1.485E-02 -7.505E-01 -2.907E-02
  4.8732500E+03 -4.283E-02 -7.268E-01  7.315E-02
  4.8737500E+03 -1.847E-02 -6.139E-01  1.189E-02
  4.8742500E+03 -3.120E-02 -7.620E-01  3.577E-02
  4.8747500E+03 -3.104E-02 -7.444E-01  4.670E-02
  4.8752500E+03 -4.001E-02 -6.693E-01  9.112E-02
  4.8757500E+03 -1.607E-02 -6.759E-01 -1.823E-02
  4.8762500E+03 -3.843E-02 -7.434E-01  7.107E-02
  4.8767500E+03  2.708E-02 -4.927E-01 -1.471E-01
  4.8772500E+03 -2.895E-02 -6.461E-01  5.147E-02
  4.8777500E+03 -2.931E-02 -7.307E-01  4.234E-02
  4.8782500E+03 -2.732E-02 -7.063E-01  3.653E-02
  4.8787500E+03 -1.934E-02 -7.708E-01  5.476E-04
  4.8792500E+03 -5.824E-04 -7.388E-01 -8.488E-02
  4.8797500E+03 -3.007E-02 -5.434E-01  7.012E-02
  4.8802500E+03 -2.281E-02 -7.176E-01  2.069E-02
  4.8807500E+03 -3.233E-03 -6.895E-01 -6.360E-02
  4.8812500E+03 -4.305E-03 -6.233E-01 -5.813E-02
  4.8817500E+03 -1.567E-02 -7.562E-01 -2.119E-02
  4.8822500E+03  5.217E-03 -5.973E-01 -8.352E-02
  4.8827500E+03  7.152E-03 -5.977E-01 -8.908E-02
  4.8832500E+03 -2.958E-02 -6.662E-01  4.325E-02
  4.8837500E+03 -2.474E-02 -7.139E-01  1.820E-02
  4.8842500E+03 -3.405E-02 -6.980E-01  4.830E-02
  4.8847500E+03 -1.513E-03 -6.810E-01 -5.838E-02
  4.8852500E+03 -7.999E-03 -6.242E-01 -3.261E-02
  4.8857500E+03 -3.998E-02 -7.200E-01  7.692E-02
  4.8862500E+03 -2.771E-02 -7.783E-01  3.062E-02
  4.8867500E+03 -2.382E-02 -6.661E-01  1.459E-02
  4.8872500E+03 -7.233E-03 -6.598E-01 -3.617E-02
  4.8877500E+03 -1.555E-02 -5.955E-01  5.741E-03
  4.8882500E+03 -2.064E-02 -6.148E-01  9.943E-03
  4.8887500E+03 -4.300E-02 -7.396E-01  9.348E-02
  4.8892500E+03 -1.844E-02 -6.099E-01  1.173E-02
  4.8897500E+03  3.460E-03 -6.409E-01 -7.699E-02
  4.8902500E+03  1.638E-02 -6.805E-01 -1.303E-01
  4.8907500E+03 -1.695E-02 -4.787E-01  2.495E-02
  4.8912500E+03 -1.303E-02 -7.169E-01 -2.755E-02
  4.8917500E+03 -2.983E-02 -6.985E-01  3.261E-02
  4.8922500E+03 -2.987E-02 -5.769E-01  5.622E-02
  4.8927500E+03 -3.051E-02 -6.399E-01  7.100E-02
  4.8932500E+03 -2.560E-02 -6.136E-01  2.923E-02
  4.8937500E+03 -2.521E-03 -6.931E-01 -6.078E-02
  4.8942500E+03 -3.109E-02 -5.821E-01  6.248E-02
  4.8947500E+03 -1.694E-02 -5.968E-01  2.582E-02
  4.8952500E+03  1.376E-04 -5.851E-01 -5.604E-02
  4.8957500E+03 -7.669E-03 -7.304E-01 -5.290E-02
  4.8962500E+03  1.892E-03 -5.551E-01 -5.291E-02
  4.8967500E+03 -1.724E-02 -6.037E-01 -3.270E-03
  4.8972500E+03 -7.755E-03 -4.215E-01 -1.778E-03
  4.8977500E+03 -1.343E-02 -5.478E-01 -3.096E-02
  4.8982500E+03 -2.846E-02 -6.073E-01  4.203E-02
  4.8987500E+03 -4.027E-02 -6.747E-01  7.510E-02
  4.8992500E+03 -1.724E-05 -5.971E-01 -2.206E-02
  4.8997500E+03 -1.606E-02 -6.031E-01  3.159E-03
  4.9002500E+03 -1.787E-02 -6.020E-01  1.154E-03
  4.9007500E+03 -1.685E-02 -4.859E-01  1.359E-02
  4.9012500E+03  2.728E-02 -6.219E-01 -1.673E-01
  4.9017500E+03  1.708E-02 -6.024E-01 -1.270E-01
  4.9022500E+03 -1.644E-02 -6.254E-01 -1.024E-02
  4.9027500E+03 -2.289E-02 -6.167E-01  1.002E-02
  4.9032500E+03 -1.746E-02 -6.309E-01 -6.905E-03
  4.9037500E+03  1.293E-04 -6.513E-01 -6.872E-02
  4.9042500E+03 -1.733E-02 -5.622E-01  2.516E-02
  4.9047500E+03 -7.077E-03 -5.932E-01 -1.295E-02
  4.9052500E+03 -2.445E-02 -5.261E-01  3.651E-02
  4.9057500E+03 -2.548E-02 -5.125E-01  1.250E-03
  4.9062500E+03  3.154E-03 -4.956E-01 -3.363E-02
  4.9067500E+03 -9.199E-03 -6.294E-01 -3.399E-02
  4.9072500E+03 -7.835E-03 -4.729E-01 -2.037E-02
  4.9077500E+03 -1.720E-02 -4.614E-01  1.753E-02
  4.9082500E+03 -1.338E-02 -5.832E-01 -3.326E-03
  4.9087500E+03 -3.705E-02 -4.613E-01  7.884E-02
  4.9092500E+03 -2.965E-02 -5.536E-01  4.993E-02
  4.9097500E+03  2.116E-02 -5.329E-01 -7.239E-02
  4.9102500E+03  2.910E-02 -5.206E-01 -1.727E-01
  4.9107500E+03 -1.398E-02 -4.675E-01  1.534E-02
  4.9112500E+03 -2.961E-04 -6.270E-01 -6.428E-02
  4.9117500E+03 -2.451E-02 -4.881E-01  3.359E-02
  4.9122500E+03 -3.847E-02 -4.805E-01  8.792E-02
  4.9127500E+03 -1.454E-02 -4.720E-01  5.810E-03
  4.9132500E+03 -1.375E-03 -5.035E-01 -3.005E-02
  4.9137500E+03 -2.291E-02 -5.473E-01  4.858E-02
  4.9142500E+03 -3.499E-03 -5.226E-01 -3.981E-02
  4.9147500E+03 -1.971E-02 -5.688E-01  2.460E-03
  4.9152500E+03 -1.962E-02 -5.853E-01  1.210E-02
  4.9157500E+03 -4.221E-02 -5.572E-01  1.015E-01
  4.9162500E+03 -3.002E-03 -5.470E-01 -4.294E-02
  4.9167500E+03 -1.101E-02 -5.112E-01 -7.108E-03
  4.9172500E+03 -3.120E-02 -4.657E-01  7.419E-02
  4.9177500E+03 -2.300E-03 -4.326E-01 -2.561E-02
  4.9182500E+03  1.383E-02 -5.749E-01 -1.335E-01
  4.9187500E+03 -1.607E-03 -5.034E-01 -3.995E-02
  4.9192500E+03 -2.201E-03 -5.057E-01 -4.884E-02
  4.9197500E+03 -3.012E-02 -5.647E-01  7.624E-02
  4.9202500E+03 -8.052E-03 -5.408E-01 -2.469E-02
  4.9207500E+03 -1.336E-02 -4.304E-01  2.660E-03
  4.9212500E+03 -1.669E-02 -4.966E-01  4.695E-05
  4.9217500E+03 -1.741E-02 -4.994E-01  2.054E-02
  4.9222500E+03 -3.025E-02 -5.519E-01  6.932E-02
  4.9227500E+03 -3.039E-02 -5.420E-01  5.539E-02
  4.9232500E+03 -2.268E-02 -4.469E-01  4.253E-02
  4.9237500E+03  1.173E-03 -4.406E-01 -4.454E-02
  4.9242500E+03 -2.247E-02 -4.079E-01  4.469E-02
  4.9247500E+03  6.746E-03 -3.512E-01 -5.584E-02
  4.9252500E+03 -1.000E-02 -5.180E-01 -2.219E-02
  4.9257500E+03 -6.925E-03 -4.756E-01 -1.605E-02
  4.9262500E+03  6.196E-03 -5.105E-01 -7.125E-02
  4.9267500E+03  5.351E-03 -4.797E-01 -6.076E-02
  4.9272500E+03  6.056E-03 -3.743E-01 -4.800E-02
  4.9277500E+03 -5.888E-03 -4.228E-01 -2.406E-02
  4.9282500E+03 -1.849E-02 -5.491E-01  2.456E-02
  4.9287500E+03 -8.313E-03 -4.426E-01 -1.025E-02
  4.9292500E+03  2.262E-02 -4.237E-01 -1.235E-01
  4.9297500E+03 -6.303E-04 -4.760E-01 -4.115E-02
  4.9302500E+03 -1.644E-03 -4.800E-01 -4.533E-02
  4.9307500E+03 -2.662E-02 -4.331E-01  5.100E-02
  4.9312500E+03  1.658E-03 -5.088E-01 -7.516E-02
  4.9317500E+03 -9.402E-03 -4.416E-01 -1.734E-03
  4.9322500E+03 -5.177E-02 -4.749E-01  1.560E-01
  4.9327500E+03 -3.240E-02 -3.951E-01  7.843E-02
  4.9332500E+03 -4.801E-02 -4.984E-01  1.301E-01
  4.9337500E+03 -1.755E-02 -4.065E-01  2.773E-02
  4.9342500E+03 -3.128E-02 -5.741E-01  4.843E-02
  4.9347500E+03  1.440E-02 -4.432E-01 -1.003E-01
  4.9352500E+03  8.872E-03 -4.836E-01 -7.660E-02
  4.9357500E+03 -8.317E-03 -4.978E-01 -2.161E-02
  4.9362500E+03 -1.228E-03 -4.404E-01 -4.505E-02
  4.9367500E+03 -1.995E-03 -4.209E-01 -2.928E-02
  4.9372500E+03 -2.201E-02 -5.008E-01  2.145E-02
  4.9377500E+03 -8.792E-03 -3.931E-01  3.235E-03
  4.9382500E+03 -1.434E-02 -3.910E-01  1.854E-02
  4.9387500E+03 -2.494E-02 -4.147E-01  6.602E-02
  4.9392500E+03  6.941E-03 -3.519E-01 -4.467E-02
  4.9397500E+03  6.973E-04 -4.319E-01 -5.030E-02
  4.9402500E+03 -7.324E-03 -4.146E-01 -1.855E-02
  4.9407500E+03 -7.451E-03 -4.661E-01 -2.875E-02
  4.9412500E+03  2.066E-03 -3.985E-01 -5.501E-02
  4.9417500E+03 -1.734E-02 -4.005E-01  2.974E-02
  4.9422500E+03 -3.982E-02 -4.781E-01  1.077E-01
  4.9427500E+03 -1.264E-03 -5.415E-01 -3.993E-02
  4.9432500E+03  1.874E-02 -3.524E-01 -9.834E-02
  4.9437500E+03 -5.507E-03 -3.874E-01 -2.572E-02
  4.9442500E+03 -4.098E-02 -3.378E-01  1.304E-01
  4.9447500E+03  1.147E-02 -4.856E-01 -9.520E-02
  4.9452500E+03  4.701E-03 -4.030E-01 -6.640E-02
  4.9457500E+03 -2.650E-02 -3.963E-01  6.473E-02
  4.9462500E+03 -1.096E-02 -4.555E-01 -1.158E-02
  4.9467500E+03 -5.496E-03 -4.925E-01 -1.576E-02
  4.9472500E+03 -1.573E-02 -3.963E-01  3.210E-02
  4.9477500E+03 -2.074E-02 -3.872E-01  4.141E-02
  4.9482500E+03 -3.583E-02 -3.447E-01  1.156E-01
  4.9487500E+03  3.621E-03 -3.452E-01 -4.837E-02
  4.9492500E+03  3.195E-02 -3.856E-01 -1.665E-01
  4.9497500E+03 -2.855E-02 -3.914E-01  5.843E-02
  4.9502500E+03 -2.514E-02 -4.092E-01  6.222E-02
  4.9507500E+03 -2.371E-02 -4.626E-01  4.201E-02
  4.9512500E+03 -9.663E-03 -4.445E-01 -1.647E-02
  4.9517500E+03 -1.692E-02 -3.385E-01  3.708E-02
  4.9522500E+03 -9.133E-03 -3.513E-01 -8.142E-03
  4.9527500E+03 -2.527E-02 -3.958E-01  4.721E-02
  4.9532500E+03  1.221E-03 -4.176E-01 -6.192E-02
  4.9537500E+03 -1.529E-02 -4.710E-01 -3.858E-03
  4.9542500E+03 -1.304E-02 -2.865E-01  2.361E-02
  4.9547500E+03 -5.311E-03 -5.495E-01 -4.372E-02
  4.9552500E+03 -1.836E-02 -3.796E-01  3.007E-02
  4.9557500E+03  8.505E-03 -3.999E-01 -6.461E-02
  4.9562500E+03  5.522E-03 -3.124E-01 -9.494E-02
  4.9567500E+03  3.704E-03 -4.061E-01 -3.809E-02
  4.9572500E+03 -1.249E-02 -4.247E-01  4.768E-03
  4.9577500E+03 -2.874E-02 -4.424E-01  6.271E-02
  4.9582500E+03 -1.239E-02 -2.899E-01  2.771E-03
  4.9587500E+03 -1.358E-03 -2.738E-01 -2.462E-02
  4.9592500E+03  7.082E-04 -5.262E-01 -3.944E-02
  4.9597500E+03  4.468E-03 -3.814E-01 -4.236E-02
  4.9602500E+03 -1.676E-02 -2.742E-01  5.610E-02
  4.9607500E+03 -1.500E-02 -3.200E-01  1.849E-02
  4.9612500E+03 -1.546E-02 -3.532E-01  2.979E-02
  4.9617500E+03 -3.915E-03 -3.248E-01 -2.751E-02
  4.9622500E+03 -1.945E-02 -3.671E-01  4.670E-02
  4.9627500E+03 -1.027E-02 -3.656E-01 -2.229E-03
  4.9632500E+03 -2.401E-02 -3.567E-01  6.313E-02
  4.9637500E+03 -4.058E-03 -3.110E-01 -5.098E-03
  4.9642500E+03 -3.715E-02 -3.467E-01  1.154E-01
  4.9647500E+03  1.691E-02 -3.849E-01 -1.036E-01
  4.9652500E+03 -8.348E-04 -3.585E-01 -7.142E-03
  4.9657500E+03  1.773E-02 -2.325E-01 -1.055E-01
  4.9662500E+03 -2.521E-02 -2.692E-01  7.049E-02
  4.9667500E+03  4.659E-03 -4.041E-01 -6.557E-02
  4.9672500E+03 -1.366E-02 -3.397E-01 -8.377E-03
  4.9677500E+03 -1.845E-02 -4.201E-01  2.588E-02
  4.9682500E+03 -6.764E-03 -3.223E-01  1.951E-03
  4.9687500E+03  4.862E-03 -3.720E-01 -5.780E-02
  4.9692500E+03 -6.452E-03 -3.306E-01 -1.100E-02
  4.9697500E+03 -2.527E-03 -3.335E-01 -5.258E-02
  4.9702500E+03  1.681E-03 -2.837E-01 -6.456E-02
  4.9707500E+03 -1.039E-02 -3.095E-01  3.539E-02
  4.9712500E+03  7.724E-03 -5.222E-01 -5.030E-02
  4.9717500E+03 -1.579E-02 -3.793E-01  1.180E-02
  4.9722500E+03 -1.793E-02 -3.097E-01  3.951E-02
  4.9727500E+03 -1.014E-02 -3.221E-01  4.313E-02
  4.9732500E+03 -1.586E-02 -3.301E-01  1.236E-02
  4.9737500E+03  1.111E-02 -3.532E-01 -7.066E-02
  4.9742500E+03 -2.459E-02 -3.705E-01  5.671E-02
  4.9747500E+03 -2.859E-02 -3.609E-01  8.163E-02
  4.9752500E+03  1.046E-02 -2.597E-01 -6.383E-02
  4.9757500E+03  5.645E-03 -4.080E-01 -6.310E-02
  4.9762500E+03 -1.455E-02 -3.518E-01  2.988E-02
  4.9767500E+03 -2.794E-02 -2.182E-01  6.266E-02
  4.9772500E+03 -1.696E-02 -2.540E-01  4.165E-02
  4.9777500E+03 -3.142E-02 -3.440E-01  8.429E-02
  4.9782500E+03 -3.221E-02 -3.203E-01  8.645E-02
  4.9787500E+03  1.494E-02 -3.310E-01 -9.179E-02
  4.9792500E+03  2.882E-02 -2.565E-01 -1.207E-01
