 -1.1667500E+03 -0.000E+00 -0.000E+00  0.000E+00
 -1.1662500E+03 -0.000E+00 -0.000E+00  0.000E+00
 -1.1657500E+03 -0.000E+00 -0.000E+00  0.000E+00
 -1.1652500E+03 -0.000E+00 -0.000E+00  0.000E+00
 -1.1647500E+03 -0.000E+00 -0.000E+00  0.000E+00
 -1.1642500E+03 -0.000E+00 -0.000E+00  0.000E+00
 -1.1637500E+03 -0.000E+00 -0.000E+00  0.000E+00
 -1.1632500E+03 -0.000E+00 -0.000E+00  0.000E+00
 -1.1627500E+03 -0.000E+00 -0.000E+00  0.000E+00
 -1.1622500E+03 -0.000E+00 -0.000E+00  0.000E+00
 -1.1617500E+03 -0.000E+00 -0.000E+00  0.000E+00
 -1.1612500E+03 -0.000E+00 -0.000E+00  0.000E+00
 -1.1607500E+03 -0.000E+00 -0.000E+00  0.000E+00
 -1.1602500E+03 -0.000E+00 -0.000E+00  0.000E+00
 -1.1597500E+03 -0.000E+00 -0.000E+00  0.000E+00
 -1.1592500E+03 -0.000E+00 -0.000E+00  0.000E+00
 -1.1587500E+03 -0.000E+00 -0.000E+00  0.000E+00
 -1.1582500E+03 -0.000E+00 -0.000E+00  0.000E+00
 -1.1577500E+03 -0.000E+00 -0.000E+00  0.000E+00
 -1.1572500E+03 -0.000E+00 -0.000E+00  0.000E+00
 -1.1567500E+03 -0.000E+00 -0.000E+00  0.000E+00
 -1.1562500E+03 -0.000E+00 -0.000E+00  0.000E+00
 -1.1557500E+03 -0.000E+00 -0.000E+00  0.000E+00
 -1.1552500E+03 -0.000E+00 -0.000E+00  0.000E+00
 -1.1547500E+03 -0.000E+00 -0.000E+00  0.000E+00
 -1.1542500E+03 -0.000E+00 -0.000E+00  0.000E+00
 -1.1537500E+03 -0.000E+00 -0.000E+00  0.000E+00
 -1.1532500E+03 -0.000E+00 -0.000E+00  0.000E+00
 -1.1527500E+03 -0.000E+00 -0.000E+00  0.000E+00
 -1.1522500E+03 -0.000E+00 -0.000E+00  0.000E+00
 -1.1517500E+03 -0.000E+00 -0.000E+00  0.000E+00
 -1.1512500E+03 -0.000E+00 -0.000E+00  0.000E+00
 -1.1507500E+03 -0.000E+00 -0.000E+00  0.000E+00
 -1.1502500E+03 -0.000E+00 -0.000E+00  0.000E+00
 -1.1497500E+03 -0.000E+00 -0.000E+00  0.000E+00
 -1.1492500E+03 -0.000E+00 -0.000E+00  0.000E+00
 -1.1487500E+03 -0.000E+00 -0.000E+00  0.000E+00
 -1.1482500E+03 -0.000E+00 -0.000E+00  0.000E+00
 -1.1477500E+03 -0.000E+00 -0.000E+00  0.000E+00
 -1.1472500E+03 -0.000E+00 -0.000E+00  0.000E+00
 -1.1467500E+03 -0.000E+00 -0.000E+00  0.000E+00
 -1.1462500E+03 -0.000E+00 -0.000E+00  0.000E+00
 -1.1457500E+03 -0.000E+00 -0.000E+00  0.000E+00
 -1.1452500E+03 -0.000E+00 -0.000E+00  0.000E+00
 -1.1447500E+03 -0.000E+00 -0.000E+00  0.000E+00
 -1.1442500E+03 -0.000E+00 -0.000E+00  0.000E+00
 -1.1437500E+03 -0.000E+00 -0.000E+00  0.000E+00
 -1.1432500E+03 -0.000E+00 -0.000E+00  0.000E+00
 -1.1427500E+03 -0.000E+00 -0.000E+00  0.000E+00
 -1.1422500E+03 -0.000E+00 -0.000E+00  0.000E+00
 -1.1417500E+03 -0.000E+00 -0.000E+00  0.000E+00
 -1.1412500E+03 -0.000E+00 -0.000E+00  0.000E+00
 -1.1407500E+03 -0.000E+00 -0.000E+00  0.000E+00
 -1.1402500E+03 -0.000E+00 -0.000E+00  0.000E+00
 -1.1397500E+03 -0.000E+00 -0.000E+00  0.000E+00
 -1.1392500E+03 -0.000E+00 -0.000E+00  0.000E+00
 -1.1387500E+03 -0.000E+00 -0.000E+00  0.000E+00
 -1.1382500E+03 -0.000E+00 -0.000E+00  0.000E+00
 -1.1377500E+03 -0.000E+00 -0.000E+00  0.000E+00
 -1.1372500E+03 -0.000E+00 -0.000E+00  0.000E+00
 -1.1367500E+03 -0.000E+00 -0.000E+00  0.000E+00
 -1.1362500E+03 -0.000E+00 -0.000E+00  0.000E+00
 -1.1357500E+03 -0.000E+00 -0.000E+00  0.000E+00
 -1.1352500E+03 -0.000E+00 -0.000E+00  0.000E+00
 -1.1347500E+03 -0.000E+00 -0.000E+00  0.000E+00
 -1.1342500E+03 -0.000E+00 -0.000E+00  0.000E+00
 -1.1337500E+03 -0.000E+00 -0.000E+00  0.000E+00
 -1.1332500E+03 -0.000E+00 -0.000E+00  0.000E+00
 -1.1327500E+03 -0.000E+00 -0.000E+00  0.000E+00
 -1.1322500E+03 -0.000E+00 -0.000E+00  0.000E+00
 -1.1317500E+03 -0.000E+00 -0.000E+00  0.000E+00
 -1.1312500E+03 -0.000E+00 -0.000E+00  0.000E+00
 -1.1307500E+03 -0.000E+00 -0.000E+00  0.000E+00
 -1.1302500E+03 -0.000E+00 -0.000E+00  0.000E+00
 -1.1297500E+03 -0.000E+00 -0.000E+00  0.000E+00
 -1.1292500E+03 -0.000E+00 -0.000E+00  0.000E+00
 -1.1287500E+03 -0.000E+00 -0.000E+00  0.000E+00
 -1.1282500E+03 -0.000E+00 -0.000E+00  0.000E+00
 -1.1277500E+03 -0.000E+00 -0.000E+00  0.000E+00
 -1.1272500E+03 -0.000E+00 -0.000E+00  0.000E+00
 -1.1267500E+03 -0.000E+00 -0.000E+00  0.000E+00
 -1.1262500E+03 -0.000E+00 -0.000E+00  0.000E+00
 -1.1257500E+03 -0.000E+00 -0.000E+00  0.000E+00
 -1.1252500E+03 -0.000E+00 -0.000E+00  0.000E+00
 -1.1247500E+03 -0.000E+00 -0.000E+00  0.000E+00
 -1.1242500E+03 -0.000E+00 -0.000E+00  0.000E+00
 -1.1237500E+03 -0.000E+00 -0.000E+00  0.000E+00
 -1.1232500E+03 -0.000E+00 -0.000E+00  0.000E+00
 -1.1227500E+03 -0.000E+00 -0.000E+00  0.000E+00
 -1.1222500E+03 -0.000E+00 -0.000E+00  0.000E+00
 -1.1217500E+03 -0.000E+00 -0.000E+00  0.000E+00
 -1.1212500E+03 -0.000E+00 -0.000E+00  0.000E+00
 -1.1207500E+03 -0.000E+00 -0.000E+00  0.000E+00
 -1.1202500E+03 -0.000E+00 -0.000E+00  0.000E+00
 -1.1197500E+03 -0.000E+00 -0.000E+00  0.000E+00
 -1.1192500E+03 -0.000E+00 -0.000E+00  0.000E+00
 -1.1187500E+03 -0.000E+00 -0.000E+00  0.000E+00
 -1.1182500E+03 -0.000E+00 -0.000E+00  0.000E+00
 -1.1177500E+03 -0.000E+00 -0.000E+00  0.000E+00
 -1.1172500E+03 -0.000E+00 -0.000E+00  0.000E+00
 -1.1167500E+03 -0.000E+00 -0.000E+00  0.000E+00
 -1.1162500E+03 -0.000E+00 -0.000E+00  0.000E+00
 -1.1157500E+03 -0.000E+00 -0.000E+00  0.000E+00
 -1.1152500E+03 -0.000E+00 -0.000E+00  0.000E+00
 -1.1147500E+03 -0.000E+00 -0.000E+00  0.000E+00
 -1.1142500E+03 -0.000E+00 -0.000E+00  0.000E+00
 -1.1137500E+03 -0.000E+00 -0.000E+00  0.000E+00
 -1.1132500E+03 -0.000E+00 -0.000E+00  0.000E+00
 -1.1127500E+03 -0.000E+00 -0.000E+00  0.000E+00
 -1.1122500E+03 -0.000E+00 -0.000E+00  0.000E+00
 -1.1117500E+03 -0.000E+00 -0.000E+00  0.000E+00
 -1.1112500E+03 -0.000E+00 -0.000E+00  0.000E+00
 -1.1107500E+03 -0.000E+00 -0.000E+00  0.000E+00
 -1.1102500E+03 -0.000E+00 -0.000E+00  0.000E+00
 -1.1097500E+03 -0.000E+00 -0.000E+00  0.000E+00
 -1.1092500E+03 -0.000E+00 -0.000E+00  0.000E+00
 -1.1087500E+03 -0.000E+00 -0.000E+00  0.000E+00
 -1.1082500E+03 -0.000E+00 -0.000E+00  0.000E+00
 -1.1077500E+03 -0.000E+00 -0.000E+00  0.000E+00
 -1.1072500E+03 -0.000E+00 -0.000E+00  0.000E+00
 -1.1067500E+03 -0.000E+00 -0.000E+00  0.000E+00
 -1.1062500E+03 -0.000E+00 -0.000E+00  0.000E+00
 -1.1057500E+03 -0.000E+00 -0.000E+00  0.000E+00
 -1.1052500E+03 -0.000E+00 -0.000E+00  0.000E+00
 -1.1047500E+03 -0.000E+00 -0.000E+00  0.000E+00
 -1.1042500E+03 -0.000E+00 -0.000E+00  0.000E+00
 -1.1037500E+03 -0.000E+00 -0.000E+00  0.000E+00
 -1.1032500E+03 -0.000E+00 -0.000E+00  0.000E+00
 -1.1027500E+03 -0.000E+00 -0.000E+00  0.000E+00
 -1.1022500E+03 -0.000E+00 -0.000E+00  0.000E+00
 -1.1017500E+03 -0.000E+00 -0.000E+00  0.000E+00
 -1.1012500E+03 -0.000E+00 -0.000E+00  0.000E+00
 -1.1007500E+03 -0.000E+00 -0.000E+00  0.000E+00
 -1.1002500E+03 -0.000E+00 -0.000E+00  0.000E+00
 -1.0997500E+03 -0.000E+00 -0.000E+00  0.000E+00
 -1.0992500E+03 -0.000E+00 -0.000E+00  0.000E+00
 -1.0987500E+03 -0.000E+00 -0.000E+00  0.000E+00
 -1.0982500E+03 -0.000E+00 -0.000E+00  0.000E+00
 -1.0977500E+03 -0.000E+00 -0.000E+00  0.000E+00
 -1.0972500E+03 -0.000E+00 -0.000E+00  0.000E+00
 -1.0967500E+03 -0.000E+00 -0.000E+00  0.000E+00
 -1.0962500E+03 -0.000E+00 -0.000E+00  0.000E+00
 -1.0957500E+03 -0.000E+00 -0.000E+00  0.000E+00
 -1.0952500E+03 -0.000E+00 -0.000E+00  0.000E+00
 -1.0947500E+03 -0.000E+00 -0.000E+00  0.000E+00
 -1.0942500E+03 -0.000E+00 -0.000E+00  0.000E+00
 -1.0937500E+03 -0.000E+00 -0.000E+00  0.000E+00
 -1.0932500E+03 -0.000E+00 -0.000E+00  0.000E+00
 -1.0927500E+03 -0.000E+00 -0.000E+00  0.000E+00
 -1.0922500E+03 -0.000E+00 -0.000E+00  0.000E+00
 -1.0917500E+03 -0.000E+00 -0.000E+00  0.000E+00
 -1.0912500E+03 -0.000E+00 -0.000E+00  0.000E+00
 -1.0907500E+03 -0.000E+00 -0.000E+00  0.000E+00
 -1.0902500E+03 -0.000E+00 -0.000E+00  0.000E+00
 -1.0897500E+03 -0.000E+00 -0.000E+00  0.000E+00
 -1.0892500E+03 -0.000E+00 -0.000E+00  0.000E+00
 -1.0887500E+03 -0.000E+00 -0.000E+00  0.000E+00
 -1.0882500E+03 -0.000E+00 -0.000E+00  0.000E+00
 -1.0877500E+03 -0.000E+00 -0.000E+00  0.000E+00
 -1.0872500E+03 -0.000E+00 -0.000E+00  0.000E+00
 -1.0867500E+03 -0.000E+00 -0.000E+00  0.000E+00
 -1.0862500E+03 -0.000E+00 -0.000E+00  0.000E+00
 -1.0857500E+03 -0.000E+00 -0.000E+00  0.000E+00
 -1.0852500E+03 -0.000E+00 -0.000E+00  0.000E+00
 -1.0847500E+03 -0.000E+00 -0.000E+00  0.000E+00
 -1.0842500E+03 -0.000E+00 -0.000E+00  0.000E+00
 -1.0837500E+03 -0.000E+00 -0.000E+00  0.000E+00
 -1.0832500E+03 -0.000E+00 -0.000E+00  0.000E+00
 -1.0827500E+03 -0.000E+00 -0.000E+00  0.000E+00
 -1.0822500E+03 -0.000E+00 -0.000E+00  0.000E+00
 -1.0817500E+03 -0.000E+00 -0.000E+00  0.000E+00
 -1.0812500E+03 -0.000E+00 -0.000E+00  0.000E+00
 -1.0807500E+03 -0.000E+00 -0.000E+00  0.000E+00
 -1.0802500E+03 -0.000E+00 -0.000E+00  0.000E+00
 -1.0797500E+03 -0.000E+00 -0.000E+00  0.000E+00
 -1.0792500E+03 -0.000E+00 -0.000E+00  0.000E+00
 -1.0787500E+03 -0.000E+00 -0.000E+00  0.000E+00
 -1.0782500E+03 -0.000E+00 -0.000E+00  0.000E+00
 -1.0777500E+03 -0.000E+00 -0.000E+00  0.000E+00
 -1.0772500E+03 -0.000E+00 -0.000E+00  0.000E+00
 -1.0767500E+03 -0.000E+00 -0.000E+00  0.000E+00
 -1.0762500E+03 -0.000E+00 -0.000E+00  0.000E+00
 -1.0757500E+03 -0.000E+00 -0.000E+00  0.000E+00
 -1.0752500E+03 -0.000E+00 -0.000E+00  0.000E+00
 -1.0747500E+03 -0.000E+00 -0.000E+00  0.000E+00
 -1.0742500E+03 -0.000E+00 -0.000E+00  0.000E+00
 -1.0737500E+03 -0.000E+00 -0.000E+00  0.000E+00
 -1.0732500E+03 -0.000E+00 -0.000E+00  0.000E+00
 -1.0727500E+03 -0.000E+00 -0.000E+00  0.000E+00
 -1.0722500E+03 -0.000E+00 -0.000E+00  0.000E+00
 -1.0717500E+03 -0.000E+00 -0.000E+00  0.000E+00
 -1.0712500E+03 -0.000E+00 -0.000E+00  0.000E+00
 -1.0707500E+03 -0.000E+00 -0.000E+00  0.000E+00
 -1.0702500E+03 -0.000E+00 -0.000E+00  0.000E+00
 -1.0697500E+03 -0.000E+00 -0.000E+00  0.000E+00
 -1.0692500E+03 -0.000E+00 -0.000E+00  0.000E+00
 -1.0687500E+03 -0.000E+00 -0.000E+00  0.000E+00
 -1.0682500E+03 -0.000E+00 -0.000E+00  0.000E+00
 -1.0677500E+03 -0.000E+00 -0.000E+00  0.000E+00
 -1.0672500E+03 -0.000E+00 -0.000E+00  0.000E+00
 -1.0667500E+03 -0.000E+00 -0.000E+00  0.000E+00
 -1.0662500E+03 -0.000E+00 -0.000E+00  0.000E+00
 -1.0657500E+03 -0.000E+00 -0.000E+00  0.000E+00
 -1.0652500E+03 -0.000E+00 -0.000E+00  0.000E+00
 -1.0647500E+03 -0.000E+00 -0.000E+00  0.000E+00
 -1.0642500E+03 -0.000E+00 -0.000E+00  0.000E+00
 -1.0637500E+03 -0.000E+00 -0.000E+00  0.000E+00
 -1.0632500E+03 -0.000E+00 -0.000E+00  0.000E+00
 -1.0627500E+03 -0.000E+00 -0.000E+00  0.000E+00
 -1.0622500E+03 -0.000E+00 -0.000E+00  0.000E+00
 -1.0617500E+03 -0.000E+00 -0.000E+00  0.000E+00
 -1.0612500E+03 -0.000E+00 -0.000E+00  0.000E+00
 -1.0607500E+03 -0.000E+00 -0.000E+00  0.000E+00
 -1.0602500E+03 -0.000E+00 -0.000E+00  0.000E+00
 -1.0597500E+03 -0.000E+00 -0.000E+00  0.000E+00
 -1.0592500E+03 -0.000E+00 -0.000E+00  0.000E+00
 -1.0587500E+03 -0.000E+00 -0.000E+00  0.000E+00
 -1.0582500E+03 -0.000E+00 -0.000E+00  0.000E+00
 -1.0577500E+03 -0.000E+00 -0.000E+00  0.000E+00
 -1.0572500E+03 -0.000E+00 -0.000E+00  0.000E+00
 -1.0567500E+03 -0.000E+00 -0.000E+00  0.000E+00
 -1.0562500E+03 -0.000E+00 -0.000E+00  0.000E+00
 -1.0557500E+03 -0.000E+00 -0.000E+00  0.000E+00
 -1.0552500E+03 -0.000E+00 -0.000E+00  0.000E+00
 -1.0547500E+03 -0.000E+00 -0.000E+00  0.000E+00
 -1.0542500E+03 -0.000E+00 -0.000E+00  0.000E+00
 -1.0537500E+03 -0.000E+00 -0.000E+00  0.000E+00
 -1.0532500E+03 -0.000E+00 -0.000E+00  0.000E+00
 -1.0527500E+03 -0.000E+00 -0.000E+00  0.000E+00
 -1.0522500E+03 -0.000E+00 -0.000E+00  0.000E+00
 -1.0517500E+03 -0.000E+00 -0.000E+00  0.000E+00
 -1.0512500E+03 -0.000E+00 -0.000E+00  0.000E+00
 -1.0507500E+03  3.319E-11  2.735E-09 -1.272E-10
 -1.0502500E+03 -1.012E-10 -8.047E-09  3.733E-10
 -1.0497500E+03  1.135E-10  8.379E-09 -3.864E-10
 -1.0492500E+03 -3.938E-11 -2.795E-09  1.285E-10
 -1.0487500E+03 -1.298E-11 -5.186E-10  2.235E-11
 -1.0482500E+03 -4.022E-11 -2.411E-09  1.092E-10
 -1.0477500E+03  6.363E-11  2.964E-09 -1.809E-10
 -1.0472500E+03 -1.132E-11 -6.830E-10  6.483E-11
 -1.0467500E+03 -4.014E-10 -1.969E-08  1.321E-09
 -1.0462500E+03 -9.047E-10 -1.035E-08  3.409E-09
 -1.0457500E+03 -1.054E-09 -1.185E-07  3.172E-09
 -1.0452500E+03  5.650E-08  6.971E-06 -1.685E-07
 -1.0447500E+03 -1.794E-07 -9.820E-06  5.965E-07
 -1.0442500E+03 -8.988E-07 -6.013E-05  2.881E-06
 -1.0437500E+03 -2.365E-07 -1.339E-05  7.154E-07
 -1.0432500E+03  4.392E-08  4.585E-06 -1.794E-07
 -1.0427500E+03 -1.501E-07  5.533E-06  5.459E-07
 -1.0422500E+03  2.689E-06  1.824E-04 -8.090E-06
 -1.0417500E+03  2.992E-08  3.669E-05  3.465E-07
 -1.0412500E+03 -2.608E-06 -2.348E-05  9.390E-06
 -1.0407500E+03 -2.843E-06  7.368E-05  1.137E-05
 -1.0402500E+03 -2.724E-06  1.995E-06  1.009E-05
 -1.0397500E+03 -9.504E-07 -1.297E-04  1.830E-06
 -1.0392500E+03  3.393E-06  2.497E-05 -1.200E-05
 -1.0387500E+03 -1.327E-06 -4.720E-05  4.171E-06
 -1.0382500E+03 -6.136E-06 -3.879E-04  1.625E-05
 -1.0377500E+03  3.577E-06  2.275E-04 -9.808E-06
 -1.0372500E+03 -4.450E-05  1.662E-03  1.910E-04
 -1.0367500E+03 -1.368E-04  1.694E-04  5.028E-04
 -1.0362500E+03 -2.534E-04  8.329E-03  1.077E-03
 -1.0357500E+03  3.565E-03  7.880E-03 -1.288E-02
 -1.0352500E+03 -3.144E-03  2.746E-02  1.204E-02
 -1.0347500E+03  2.799E-04 -1.008E-02 -1.234E-03
 -1.0342500E+03 -2.527E-03 -5.404E-03  9.127E-03
 -1.0337500E+03  2.768E-03  3.632E-02 -9.310E-03
 -1.0332500E+03 -2.347E-04  1.355E-02  1.271E-03
 -1.0327500E+03 -2.152E-03  4.049E-03  8.001E-03
 -1.0322500E+03  1.874E-03  1.483E-02 -6.494E-03
 -1.0317500E+03 -3.093E-04  3.704E-02  2.065E-03
 -1.0312500E+03 -2.703E-04  9.276E-03  1.364E-03
 -1.0307500E+03  1.532E-04  4.337E-02  6.966E-04
 -1.0302500E+03  1.700E-03 -1.552E-03 -6.152E-03
 -1.0297500E+03 -3.892E-03  5.337E-02  1.575E-02
 -1.0292500E+03 -3.091E-03  4.530E-02  1.271E-02
 -1.0287500E+03  3.726E-03  1.057E-01 -1.027E-02
 -1.0282500E+03 -3.951E-03  6.895E-02  1.642E-02
 -1.0277500E+03  8.013E-03  2.565E-02 -2.842E-02
 -1.0272500E+03 -8.493E-04  1.077E-01  6.764E-03
 -1.0267500E+03  7.856E-03  1.794E-01 -2.252E-02
 -1.0262500E+03 -4.761E-04  1.446E-01  6.604E-03
 -1.0257500E+03  1.503E-03  1.456E-01  2.406E-05
 -1.0252500E+03  2.841E-03  1.586E-01 -4.620E-03
 -1.0247500E+03  7.921E-03  1.075E-01 -2.472E-02
 -1.0242500E+03 -6.171E-03  2.025E-01  3.034E-02
 -1.0237500E+03  7.128E-03  3.217E-01 -1.362E-02
 -1.0232500E+03 -1.636E-03  2.477E-01  1.612E-02
 -1.0227500E+03 -5.780E-03  3.307E-01  3.501E-02
 -1.0222500E+03  1.612E-02  4.774E-01 -3.925E-02
 -1.0217500E+03 -1.637E-02  3.972E-01  7.641E-02
 -1.0212500E+03  1.894E-02  2.966E-01 -5.631E-02
 -1.0207500E+03  2.764E-02  6.889E-01 -7.110E-02
 -1.0202500E+03  1.256E-02  7.602E-01 -1.275E-02
 -1.0197500E+03  2.892E-03  8.165E-01  2.593E-02
 -1.0192500E+03  1.060E-02  9.307E-01  4.334E-03
 -1.0187500E+03 -2.913E-02  1.077E+00  1.568E-01
 -1.0182500E+03  1.548E-02  1.081E+00 -5.902E-03
 -1.0177500E+03  9.883E-03  1.176E+00  2.049E-02
 -1.0172500E+03  3.619E-02  1.396E+00 -6.480E-02
 -1.0167500E+03  1.638E-02  1.637E+00  2.164E-02
 -1.0162500E+03 -4.760E-02  1.847E+00  2.670E-01
 -1.0157500E+03  3.196E-02  2.001E+00 -1.385E-02
 -1.0152500E+03  7.641E-02  2.114E+00 -1.697E-01
 -1.0147500E+03 -4.309E-03  2.337E+00  1.397E-01
 -1.0142500E+03  2.147E-02  2.972E+00  7.859E-02
 -1.0137500E+03  1.909E-03  3.053E+00  1.591E-01
 -1.0132500E+03  9.592E-02  3.172E+00 -1.759E-01
 -1.0127500E+03  3.597E-02  3.526E+00  6.383E-02
 -1.0122500E+03  4.584E-02  3.954E+00  5.580E-02
 -1.0117500E+03  3.047E-02  3.782E+00  1.064E-01
 -1.0112500E+03  4.823E-02  4.811E+00  1.010E-01
 -1.0107500E+03  6.301E-02  5.177E+00  7.142E-02
 -1.0102500E+03  9.037E-03  4.964E+00  2.630E-01
 -1.0097500E+03 -5.261E-02  4.996E+00  4.945E-01
 -1.0092500E+03 -4.070E-02  5.747E+00  4.995E-01
 -1.0087500E+03  2.043E-01  6.439E+00 -3.475E-01
 -1.0082500E+03  1.145E-01  6.301E+00 -2.203E-02
 -1.0077500E+03  3.095E-02  7.803E+00  3.791E-01
 -1.0072500E+03  1.276E-01  7.813E+00  3.526E-02
 -1.0067500E+03  4.351E-02  8.920E+00  4.182E-01
 -1.0062500E+03  7.660E-02  9.182E+00  3.242E-01
 -1.0057500E+03  3.000E-01  9.494E+00 -4.685E-01
 -1.0052500E+03  1.362E-01  1.063E+01  2.138E-01
 -1.0047500E+03  2.356E-01  1.115E+01 -1.018E-01
 -1.0042500E+03  2.051E-01  1.094E+01  2.982E-03
 -1.0037500E+03  2.972E-01  1.135E+01 -2.944E-01
 -1.0032500E+03  2.818E-02  1.200E+01  7.379E-01
 -1.0027500E+03  1.980E-01  1.280E+01  1.859E-01
 -1.0022500E+03  2.715E-01  1.316E+01 -4.805E-02
 -1.0017500E+03  2.382E-01  1.366E+01  1.224E-01
 -1.0012500E+03  9.387E-02  1.528E+01  7.730E-01
 -1.0007500E+03  5.164E-02  1.507E+01  9.269E-01
 -1.0002500E+03  4.187E-01  1.682E+01 -2.692E-01
 -9.9975000E+02  2.186E-01  1.674E+01  4.671E-01
 -9.9925000E+02  4.456E-01  1.755E+01 -2.844E-01
 -9.9875000E+02  4.596E-01  1.735E+01 -3.379E-01
 -9.9825000E+02  1.918E-01  1.811E+01  7.127E-01
 -9.9775000E+02  5.004E-01  1.840E+01 -3.678E-01
 -9.9725000E+02  3.612E-01  1.988E+01  2.619E-01
 -9.9675000E+02  5.473E-01  2.077E+01 -3.302E-01
 -9.9625000E+02  5.361E-01  2.058E+01 -2.861E-01
 -9.9575000E+02  3.046E-01  2.135E+01  6.397E-01
 -9.9525000E+02  4.627E-01  1.982E+01 -5.730E-02
 -9.9475000E+02  2.451E-01  1.941E+01  7.280E-01
 -9.9425000E+02  4.967E-01  2.293E+01  1.104E-01
 -9.9375000E+02  3.419E-01  2.314E+01  7.262E-01
 -9.9325000E+02  5.545E-01  2.242E+01 -9.842E-02
 -9.9275000E+02  4.172E-01  2.193E+01  3.904E-01
 -9.9225000E+02  4.219E-01  2.124E+01  3.247E-01
 -9.9175000E+02  4.973E-01  2.310E+01  2.266E-01
 -9.9125000E+02  2.708E-01  2.509E+01  1.250E+00
 -9.9075000E+02  3.304E-01  2.440E+01  9.976E-01
 -9.9025000E+02  9.041E-01  2.524E+01 -1.011E+00
 -9.8975000E+02  3.420E-01  2.510E+01  1.054E+00
 -9.8925000E+02  3.250E-01  2.373E+01  1.007E+00
 -9.8875000E+02  3.640E-01  2.563E+01  1.051E+00
 -9.8825000E+02  4.102E-01  2.617E+01  9.476E-01
 -9.8775000E+02  8.118E-01  2.534E+01 -5.530E-01
 -9.8725000E+02  5.091E-01  2.394E+01  4.410E-01
 -9.8675000E+02  4.660E-01  2.489E+01  6.948E-01
 -9.8625000E+02  6.957E-01  2.619E+01  1.127E-02
 -9.8575000E+02  7.754E-01  2.462E+01 -4.233E-01
 -9.8525000E+02  3.420E-01  2.449E+01  1.185E+00
 -9.8475000E+02  4.737E-01  2.486E+01  7.603E-01
 -9.8425000E+02  7.741E-01  2.366E+01 -4.268E-01
 -9.8375000E+02  7.136E-01  2.527E+01 -3.827E-02
 -9.8325000E+02  2.490E-01  2.390E+01  1.534E+00
 -9.8275000E+02  7.206E-01  2.349E+01 -1.954E-01
 -9.8225000E+02  6.800E-01  2.435E+01  5.767E-02
 -9.8175000E+02  4.007E-01  2.175E+01  8.296E-01
 -9.8125000E+02  3.984E-01  2.218E+01  9.102E-01
 -9.8075000E+02  3.779E-01  2.292E+01  1.075E+00
 -9.8025000E+02  8.507E-01  2.097E+01 -8.235E-01
 -9.7975000E+02  6.600E-01  2.228E+01  3.268E-02
 -9.7925000E+02  6.215E-01  2.249E+01  1.930E-01
 -9.7875000E+02  4.848E-01  2.125E+01  5.867E-01
 -9.7825000E+02  4.206E-01  1.996E+01  7.120E-01
 -9.7775000E+02  3.714E-01  1.935E+01  8.437E-01
 -9.7725000E+02  4.886E-01  1.983E+01  4.545E-01
 -9.7675000E+02  3.758E-01  1.900E+01  8.207E-01
 -9.7625000E+02  8.869E-01  1.885E+01 -1.041E+00
 -9.7575000E+02  6.352E-01  1.841E+01 -1.584E-01
 -9.7525000E+02  1.658E-01  1.799E+01  1.530E+00
 -9.7475000E+02  1.437E-01  1.765E+01  1.577E+00
 -9.7425000E+02  3.858E-01  1.630E+01  5.678E-01
 -9.7375000E+02  5.507E-01  1.599E+01 -6.271E-02
 -9.7325000E+02  1.876E-01  1.424E+01  1.102E+00
 -9.7275000E+02  4.750E-01  1.553E+01  1.996E-01
 -9.7225000E+02  3.895E-02  1.303E+01  1.507E+00
 -9.7175000E+02  5.926E-01  1.352E+01 -4.194E-01
 -9.7125000E+02  4.716E-01  1.428E+01  1.128E-01
 -9.7075000E+02  5.597E-01  1.273E+01 -3.815E-01
 -9.7025000E+02  2.281E-01  1.209E+01  7.589E-01
 -9.6975000E+02  5.133E-01  1.207E+01 -2.427E-01
 -9.6925000E+02  3.868E-01  1.277E+01  2.776E-01
 -9.6875000E+02  2.946E-01  1.038E+01  3.572E-01
 -9.6825000E+02  5.577E-01  9.894E+00 -6.542E-01
 -9.6775000E+02  1.951E-01  1.062E+01  7.704E-01
 -9.6725000E+02  7.026E-01  9.620E+00 -1.186E+00
 -9.6675000E+02  6.181E-01  9.424E+00 -8.845E-01
 -9.6625000E+02  9.309E-03  9.373E+00  1.346E+00
 -9.6575000E+02 -7.307E-02  7.167E+00  1.376E+00
 -9.6525000E+02  4.108E-01  9.315E+00 -1.301E-01
 -9.6475000E+02  2.367E-01  7.498E+00  2.827E-01
 -9.6425000E+02  1.099E-01  5.396E+00  5.180E-01
 -9.6375000E+02  2.070E-01  6.238E+00  2.662E-01
 -9.6325000E+02  7.789E-02  5.778E+00  6.853E-01
 -9.6275000E+02  4.204E-01  5.020E+00 -6.338E-01
 -9.6225000E+02  2.461E-01  4.867E+00 -2.687E-02
 -9.6175000E+02  5.807E-02  5.346E+00  7.237E-01
 -9.6125000E+02  5.367E-01  4.650E+00 -1.110E+00
 -9.6075000E+02  3.372E-01  1.950E+00 -7.118E-01
 -9.6025000E+02  2.733E-01  3.815E+00 -2.523E-01
 -9.5975000E+02  2.342E-01  3.962E+00 -7.158E-02
 -9.5925000E+02  2.266E-01  1.852E+00 -3.139E-01
 -9.5875000E+02  1.467E-01  2.002E+00  8.184E-03
 -9.5825000E+02  1.067E-01  2.350E+00  2.196E-01
 -9.5775000E+02 -1.358E-01  2.124E+00  1.068E+00
 -9.5725000E+02  8.457E-02  7.343E-01  6.388E-02
 -9.5675000E+02  2.571E-01 -2.996E-01 -6.852E-01
 -9.5625000E+02  6.978E-02  8.814E-01  1.409E-01
 -9.5575000E+02  1.191E-01  1.450E+00  4.432E-02
 -9.5525000E+02  1.800E-01  2.869E-01 -3.181E-01
 -9.5475000E+02 -8.978E-02 -1.142E+00  4.683E-01
 -9.5425000E+02  1.712E-02 -5.547E-01  1.896E-01
 -9.5375000E+02 -1.702E-01 -7.244E-01  8.087E-01
 -9.5325000E+02  3.004E-01  4.495E-01 -7.345E-01
 -9.5275000E+02 -5.882E-02 -5.569E-01  4.458E-01
 -9.5225000E+02  6.060E-02 -1.263E+00 -1.058E-01
 -9.5175000E+02 -2.453E-01 -2.037E+00  9.161E-01
 -9.5125000E+02  1.201E-03 -2.913E+00 -6.458E-02
 -9.5075000E+02  3.592E-01 -3.084E+00 -1.419E+00
 -9.5025000E+02 -1.352E-01 -2.670E+00  4.295E-01
 -9.4975000E+02 -2.494E-01 -1.967E+00  9.481E-01
 -9.4925000E+02 -6.991E-02 -3.102E+00  1.351E-01
 -9.4875000E+02 -4.867E-02 -2.740E+00  1.230E-01
 -9.4825000E+02  8.081E-02 -3.017E+00 -4.115E-01
 -9.4775000E+02  2.549E-01 -3.329E+00 -1.067E+00
 -9.4725000E+02 -1.353E-02 -2.632E+00  2.249E-04
 -9.4675000E+02  6.730E-02 -3.388E+00 -3.798E-01
 -9.4625000E+02 -3.996E-01 -3.149E+00  1.340E+00
 -9.4575000E+02 -3.567E-03 -4.080E+00 -2.256E-01
 -9.4525000E+02 -2.406E-01 -4.805E+00  5.303E-01
 -9.4475000E+02  1.661E-02 -5.085E+00 -4.425E-01
 -9.4425000E+02  4.701E-02 -4.353E+00 -4.632E-01
 -9.4375000E+02  1.186E-01 -4.910E+00 -8.088E-01
 -9.4325000E+02 -1.147E-01 -4.960E+00  7.249E-02
 -9.4275000E+02 -2.981E-01 -4.920E+00  7.111E-01
 -9.4225000E+02  1.598E-01 -4.591E+00 -9.150E-01
 -9.4175000E+02  4.174E-03 -4.358E+00 -3.289E-01
 -9.4125000E+02 -3.678E-01 -4.445E+00  1.021E+00
 -9.4075000E+02 -1.503E-01 -5.124E+00  1.143E-01
 -9.4025000E+02 -1.017E-01 -5.379E+00 -8.155E-02
 -9.3975000E+02 -1.475E-01 -5.064E+00  1.271E-01
 -9.3925000E+02  1.651E-01 -4.763E+00 -9.753E-01
 -9.3875000E+02 -1.936E-01 -5.132E+00  2.757E-01
 -9.3825000E+02  7.631E-02 -5.478E+00 -7.775E-01
 -9.3775000E+02 -6.891E-02 -5.658E+00 -2.536E-01
 -9.3725000E+02 -1.273E-01 -4.196E+00  1.585E-01
 -9.3675000E+02 -1.959E-01 -5.125E+00  2.952E-01
 -9.3625000E+02 -2.657E-01 -6.250E+00  3.400E-01
 -9.3575000E+02 -3.682E-01 -5.010E+00  9.107E-01
 -9.3525000E+02 -1.153E-01 -5.665E+00 -1.100E-01
 -9.3475000E+02 -4.387E-02 -6.180E+00 -4.313E-01
 -9.3425000E+02 -2.183E-01 -6.720E+00  1.661E-01
 -9.3375000E+02 -1.636E-01 -6.533E+00 -3.817E-02
 -9.3325000E+02  6.681E-02 -5.409E+00 -7.253E-01
 -9.3275000E+02 -6.693E-02 -6.119E+00 -3.470E-01
 -9.3225000E+02 -2.131E-01 -5.835E+00  2.020E-01
 -9.3175000E+02  8.531E-03 -6.447E+00 -6.805E-01
 -9.3125000E+02 -1.992E-01 -5.640E+00  1.947E-01
 -9.3075000E+02  5.664E-03 -5.707E+00 -5.704E-01
 -9.3025000E+02 -3.412E-01 -5.952E+00  6.841E-01
 -9.2975000E+02 -1.126E-01 -6.378E+00 -2.353E-01
 -9.2925000E+02 -1.043E-01 -5.849E+00 -1.822E-01
 -9.2875000E+02 -1.499E-01 -5.834E+00 -1.784E-02
 -9.2825000E+02 -6.787E-02 -5.933E+00 -3.001E-01
 -9.2775000E+02 -2.900E-01 -6.203E+00  4.454E-01
 -9.2725000E+02  3.979E-03 -5.261E+00 -5.240E-01
 -9.2675000E+02 -8.730E-02 -6.164E+00 -3.013E-01
 -9.2625000E+02 -2.312E-01 -6.119E+00  2.075E-01
 -9.2575000E+02 -1.106E-01 -6.235E+00 -2.089E-01
 -9.2525000E+02 -7.041E-02 -6.324E+00 -3.842E-01
 -9.2475000E+02 -2.412E-01 -5.875E+00  2.764E-01
 -9.2425000E+02 -1.576E-01 -5.574E+00  2.889E-02
 -9.2375000E+02 -7.189E-02 -5.555E+00 -2.936E-01
 -9.2325000E+02 -2.302E-01 -6.574E+00  1.209E-01
 -9.2275000E+02 -2.045E-01 -6.280E+00  7.554E-02
 -9.2225000E+02 -1.647E-01 -5.580E+00  4.802E-02
 -9.2175000E+02 -1.362E-01 -5.930E+00 -1.186E-01
 -9.2125000E+02 -1.303E-01 -6.931E+00 -2.620E-01
 -9.2075000E+02 -2.181E-01 -6.340E+00  1.353E-01
 -9.2025000E+02 -1.920E-01 -5.890E+00  8.698E-02
 -9.1975000E+02 -1.773E-01 -6.147E+00 -1.548E-02
 -9.1925000E+02 -2.905E-01 -6.252E+00  3.829E-01
 -9.1875000E+02 -1.519E-01 -6.060E+00 -7.040E-02
 -9.1825000E+02 -1.930E-01 -5.640E+00  8.977E-02
 -9.1775000E+02 -1.136E-01 -5.942E+00 -2.217E-01
 -9.1725000E+02 -5.363E-02 -5.628E+00 -3.647E-01
 -9.1675000E+02 -1.278E-01 -5.952E+00 -1.692E-01
 -9.1625000E+02  9.890E-03 -5.779E+00 -6.419E-01
 -9.1575000E+02 -2.343E-01 -5.788E+00  2.311E-01
 -9.1525000E+02 -1.646E-01 -5.921E+00 -2.748E-02
 -9.1475000E+02  2.703E-03 -5.576E+00 -5.933E-01
 -9.1425000E+02 -7.324E-02 -5.771E+00 -3.448E-01
 -9.1375000E+02 -2.993E-01 -5.411E+00  5.330E-01
 -9.1325000E+02 -2.304E-01 -6.104E+00  1.755E-01
 -9.1275000E+02 -9.765E-02 -5.564E+00 -2.305E-01
 -9.1225000E+02 -1.415E-01 -6.494E+00 -2.256E-01
 -9.1175000E+02 -2.175E-02 -6.052E+00 -5.980E-01
 -9.1125000E+02 -2.922E-01 -5.556E+00  4.966E-01
 -9.1075000E+02 -1.409E-01 -5.642E+00 -8.230E-02
 -9.1025000E+02 -1.264E-01 -5.361E+00 -1.173E-01
 -9.0975000E+02 -4.656E-02 -5.279E+00 -3.760E-01
 -9.0925000E+02 -3.174E-01 -5.796E+00  5.098E-01
 -9.0875000E+02 -2.108E-01 -5.224E+00  2.130E-01
 -9.0825000E+02 -2.342E-01 -5.551E+00  2.426E-01
 -9.0775000E+02 -2.594E-01 -5.804E+00  3.095E-01
 -9.0725000E+02  4.811E-02 -5.314E+00 -7.573E-01
 -9.0675000E+02 -6.529E-02 -5.618E+00 -3.706E-01
 -9.0625000E+02 -1.378E-01 -5.978E+00 -1.661E-01
 -9.0575000E+02 -3.137E-01 -5.388E+00  5.452E-01
 -9.0525000E+02 -1.396E-01 -5.201E+00 -5.314E-02
 -9.0475000E+02 -5.262E-02 -5.453E+00 -3.995E-01
 -9.0425000E+02 -1.867E-01 -5.430E+00  8.846E-02
 -9.0375000E+02 -1.372E-01 -5.421E+00 -1.144E-01
 -9.0325000E+02 -2.018E-01 -5.225E+00  1.765E-01
 -9.0275000E+02 -1.178E-01 -5.471E+00 -1.811E-01
 -9.0225000E+02 -1.612E-01 -5.193E+00  1.407E-02
 -9.0175000E+02 -1.966E-01 -5.204E+00  1.570E-01
 -9.0125000E+02 -3.161E-01 -5.583E+00  5.376E-01
 -9.0075000E+02 -6.939E-02 -5.177E+00 -3.185E-01
 -9.0025000E+02 -1.061E-01 -4.438E+00 -8.532E-02
 -8.9975000E+02 -1.758E-01 -5.416E+00  5.074E-02
 -8.9925000E+02 -2.382E-01 -5.326E+00  2.796E-01
 -8.9875000E+02 -9.230E-02 -5.470E+00 -2.724E-01
 -8.9825000E+02 -2.772E-02 -5.443E+00 -4.866E-01
 -8.9775000E+02 -1.581E-01 -5.770E+00 -1.054E-01
 -8.9725000E+02 -1.543E-01 -5.142E+00  5.258E-03
 -8.9675000E+02 -8.842E-02 -4.514E+00 -1.796E-01
 -8.9625000E+02  6.055E-02 -5.681E+00 -8.659E-01
 -8.9575000E+02 -1.141E-01 -4.871E+00 -1.028E-01
 -8.9525000E+02 -1.266E-01 -4.720E+00 -8.727E-02
 -8.9475000E+02 -1.907E-01 -4.963E+00  1.383E-01
 -8.9425000E+02 -7.262E-02 -4.393E+00 -1.877E-01
 -8.9375000E+02 -1.266E-01 -5.245E+00 -1.237E-01
 -8.9325000E+02 -1.537E-02 -4.906E+00 -4.846E-01
 -8.9275000E+02 -7.089E-02 -4.639E+00 -2.396E-01
 -8.9225000E+02 -1.326E-01 -4.797E+00 -2.269E-02
 -8.9175000E+02 -1.627E-01 -4.300E+00  1.282E-01
 -8.9125000E+02 -2.155E-01 -4.672E+00  2.729E-01
 -8.9075000E+02 -1.458E-01 -4.756E+00  1.643E-02
 -8.9025000E+02 -8.336E-02 -4.486E+00 -1.967E-01
 -8.8975000E+02 -1.692E-01 -5.066E+00  3.039E-02
 -8.8925000E+02 -1.451E-01 -4.491E+00  4.173E-02
 -8.8875000E+02 -6.401E-02 -4.859E+00 -3.046E-01
 -8.8825000E+02 -1.946E-01 -4.874E+00  1.420E-01
 -8.8775000E+02 -1.122E-01 -4.051E+00 -2.992E-02
 -8.8725000E+02 -4.665E-02 -4.601E+00 -3.230E-01
 -8.8675000E+02 -1.147E-01 -4.533E+00 -6.092E-02
 -8.8625000E+02 -1.233E-01 -4.493E+00 -6.802E-02
 -8.8575000E+02 -7.944E-02 -4.522E+00 -2.263E-01
 -8.8525000E+02 -3.734E-02 -4.560E+00 -3.810E-01
 -8.8475000E+02 -1.031E-01 -4.164E+00 -6.631E-02
 -8.8425000E+02 -1.424E-01 -4.480E+00  1.921E-03
 -8.8375000E+02 -1.766E-01 -4.175E+00  1.887E-01
 -8.8325000E+02 -1.290E-01 -4.516E+00 -4.282E-02
 -8.8275000E+02 -1.020E-01 -4.379E+00 -9.803E-02
 -8.8225000E+02 -4.111E-02 -4.449E+00 -3.323E-01
 -8.8175000E+02 -1.481E-01 -4.393E+00  2.143E-02
 -8.8125000E+02 -1.842E-01 -4.711E+00  1.272E-01
 -8.8075000E+02 -1.037E-01 -4.784E+00 -1.849E-01
 -8.8025000E+02 -1.272E-01 -4.261E+00 -1.746E-02
 -8.7975000E+02 -4.702E-02 -3.948E+00 -2.391E-01
 -8.7925000E+02 -4.003E-02 -4.421E+00 -3.388E-01
 -8.7875000E+02 -8.613E-02 -4.339E+00 -1.923E-01
 -8.7825000E+02 -1.516E-01 -4.434E+00  5.964E-02
 -8.7775000E+02 -1.732E-01 -4.336E+00  1.508E-01
 -8.7725000E+02 -6.730E-02 -3.942E+00 -1.991E-01
 -8.7675000E+02 -9.086E-02 -4.150E+00 -1.286E-01
 -8.7625000E+02 -1.691E-01 -4.202E+00  1.350E-01
 -8.7575000E+02 -1.485E-01 -4.172E+00  9.037E-02
 -8.7525000E+02 -9.242E-02 -3.767E+00 -7.576E-02
 -8.7475000E+02 -6.288E-02 -3.847E+00 -2.058E-01
 -8.7425000E+02 -6.513E-02 -3.846E+00 -1.891E-01
 -8.7375000E+02  4.764E-02 -3.994E+00 -6.279E-01
 -8.7325000E+02 -1.435E-01 -3.735E+00  1.071E-01
 -8.7275000E+02 -1.284E-01 -3.866E+00  2.686E-02
 -8.7225000E+02 -5.033E-02 -4.027E+00 -2.665E-01
 -8.7175000E+02 -3.565E-02 -3.935E+00 -3.051E-01
 -8.7125000E+02 -1.515E-01 -3.758E+00  1.245E-01
 -8.7075000E+02 -1.040E-01 -3.709E+00 -2.901E-02
 -8.7025000E+02 -1.650E-01 -3.978E+00  1.610E-01
 -8.6975000E+02 -9.893E-02 -4.064E+00 -1.050E-01
 -8.6925000E+02 -1.522E-01 -4.351E+00  6.404E-02
 -8.6875000E+02 -2.645E-02 -4.092E+00 -3.608E-01
 -8.6825000E+02 -9.565E-02 -3.453E+00 -4.856E-02
 -8.6775000E+02 -1.296E-01 -3.801E+00  4.453E-02
 -8.6725000E+02 -2.445E-02 -3.774E+00 -3.298E-01
 -8.6675000E+02 -1.346E-01 -4.034E+00  3.885E-02
 -8.6625000E+02 -1.219E-01 -3.890E+00  1.157E-03
 -8.6575000E+02 -1.838E-01 -3.675E+00  2.717E-01
 -8.6525000E+02 -6.810E-02 -3.806E+00 -1.736E-01
 -8.6475000E+02 -8.850E-02 -3.452E+00 -4.982E-02
 -8.6425000E+02 -1.316E-01 -3.524E+00  8.298E-02
 -8.6375000E+02 -8.983E-02 -3.315E+00 -2.007E-02
 -8.6325000E+02 -1.314E-01 -3.434E+00  9.954E-02
 -8.6275000E+02 -8.208E-02 -3.362E+00 -6.323E-02
 -8.6225000E+02 -7.328E-02 -3.475E+00 -1.101E-01
 -8.6175000E+02 -1.100E-01 -3.435E+00  2.233E-03
 -8.6125000E+02 -1.630E-01 -3.548E+00  1.880E-01
 -8.6075000E+02 -1.033E-01 -3.486E+00 -8.726E-03
 -8.6025000E+02 -1.183E-01 -3.479E+00  1.668E-02
 -8.5975000E+02 -2.054E-02 -3.560E+00 -3.176E-01
 -8.5925000E+02 -3.273E-02 -3.358E+00 -2.526E-01
 -8.5875000E+02 -8.650E-02 -3.383E+00 -5.044E-02
 -8.5825000E+02 -2.663E-02 -3.565E+00 -2.965E-01
 -8.5775000E+02 -1.138E-01 -3.270E+00  6.619E-02
 -8.5725000E+02 -1.389E-01 -3.164E+00  9.952E-02
 -8.5675000E+02 -9.337E-02 -3.336E+00 -3.303E-02
 -8.5625000E+02 -2.543E-02 -3.302E+00 -2.735E-01
 -8.5575000E+02 -1.242E-01 -3.637E+00  1.954E-02
 -8.5525000E+02 -4.694E-02 -3.271E+00 -1.935E-01
 -8.5475000E+02 -8.790E-02 -3.280E+00 -3.602E-02
 -8.5425000E+02 -1.474E-01 -3.232E+00  1.818E-01
 -8.5375000E+02 -7.508E-02 -3.100E+00 -6.294E-02
 -8.5325000E+02 -3.301E-02 -3.438E+00 -2.940E-01
 -8.5275000E+02 -8.834E-02 -3.063E+00 -9.688E-03
 -8.5225000E+02 -1.375E-01 -3.092E+00  1.842E-01
 -8.5175000E+02 -6.663E-02 -3.437E+00 -1.346E-01
 -8.5125000E+02 -2.485E-02 -3.193E+00 -2.605E-01
 -8.5075000E+02 -4.298E-02 -2.874E+00 -1.427E-01
 -8.5025000E+02 -1.243E-01 -3.161E+00  9.429E-02
 -8.4975000E+02 -7.184E-02 -3.140E+00 -1.050E-01
 -8.4925000E+02 -1.009E-01 -3.073E+00  3.204E-02
 -8.4875000E+02 -8.709E-02 -3.320E+00 -5.423E-02
 -8.4825000E+02 -6.138E-02 -2.921E+00 -9.754E-02
 -8.4775000E+02 -2.181E-02 -2.994E+00 -2.424E-01
 -8.4725000E+02 -1.090E-01 -2.966E+00  7.291E-02
 -8.4675000E+02 -6.778E-02 -2.690E+00 -5.035E-02
 -8.4625000E+02 -8.760E-02 -2.883E+00 -8.670E-03
 -8.4575000E+02 -8.294E-02 -2.828E+00 -5.398E-03
 -8.4525000E+02 -7.774E-02 -3.085E+00 -4.157E-02
 -8.4475000E+02 -1.002E-01 -2.762E+00  6.722E-02
 -8.4425000E+02 -9.752E-03 -2.938E+00 -2.958E-01
 -8.4375000E+02 -4.358E-02 -3.004E+00 -1.868E-01
 -8.4325000E+02 -4.439E-02 -3.082E+00 -2.069E-01
 -8.4275000E+02 -1.206E-01 -3.312E+00  6.303E-02
 -8.4225000E+02 -1.092E-01 -2.508E+00  1.322E-01
 -8.4175000E+02  1.611E-02 -2.547E+00 -3.188E-01
 -8.4125000E+02 -1.152E-01 -2.730E+00  1.176E-01
 -8.4075000E+02 -6.618E-02 -2.904E+00 -8.115E-02
 -8.4025000E+02 -2.048E-02 -2.569E+00 -1.925E-01
 -8.3975000E+02  8.873E-03 -2.900E+00 -3.540E-01
 -8.3925000E+02 -5.528E-02 -2.811E+00 -1.170E-01
 -8.3875000E+02 -5.899E-02 -2.755E+00 -7.853E-02
 -8.3825000E+02 -8.032E-02 -2.729E+00 -6.238E-03
 -8.3775000E+02 -6.077E-02 -2.554E+00 -3.067E-02
 -8.3725000E+02 -1.009E-01 -2.811E+00  6.645E-02
 -8.3675000E+02 -8.161E-02 -2.445E+00  3.030E-02
 -8.3625000E+02 -1.036E-01 -2.804E+00  5.661E-02
 -8.3575000E+02 -1.466E-01 -2.774E+00  2.451E-01
 -8.3525000E+02 -9.332E-02 -2.814E+00  1.707E-02
 -8.3475000E+02 -9.152E-02 -2.478E+00  6.303E-02
 -8.3425000E+02 -4.563E-02 -2.530E+00 -1.106E-01
 -8.3375000E+02 -1.546E-01 -2.752E+00  2.502E-01
 -8.3325000E+02 -6.924E-02 -2.773E+00 -6.224E-02
 -8.3275000E+02 -9.778E-03 -2.463E+00 -2.389E-01
 -8.3225000E+02  8.710E-03 -2.548E+00 -3.074E-01
 -8.3175000E+02 -7.563E-02 -2.519E+00  6.841E-03
 -8.3125000E+02 -9.795E-02 -2.676E+00  4.462E-02
 -8.3075000E+02 -4.904E-02 -2.592E+00 -1.203E-01
 -8.3025000E+02 -1.090E-01 -2.657E+00  1.045E-01
 -8.2975000E+02 -7.530E-02 -2.489E+00  4.559E-03
 -8.2925000E+02 -7.214E-03 -2.200E+00 -2.104E-01
 -8.2875000E+02 -6.457E-02 -2.534E+00 -4.681E-02
 -8.2825000E+02 -5.861E-02 -2.394E+00 -4.204E-02
 -8.2775000E+02 -5.240E-02 -2.554E+00 -9.940E-02
 -8.2725000E+02 -5.663E-02 -2.519E+00 -6.510E-02
 -8.2675000E+02 -1.204E-01 -2.592E+00  1.424E-01
 -8.2625000E+02 -1.921E-02 -2.398E+00 -1.873E-01
 -8.2575000E+02 -9.022E-02 -2.486E+00  5.618E-02
 -8.2525000E+02 -6.634E-02 -2.386E+00 -2.215E-02
 -8.2475000E+02 -7.067E-02 -2.557E+00 -3.125E-02
 -8.2425000E+02 -1.382E-02 -2.335E+00 -1.788E-01
 -8.2375000E+02 -5.882E-02 -2.491E+00 -6.116E-02
 -8.2325000E+02 -9.481E-02 -2.471E+00  6.161E-02
 -8.2275000E+02 -7.951E-02 -2.281E+00  4.026E-02
 -8.2225000E+02 -4.757E-02 -2.159E+00 -5.978E-02
 -8.2175000E+02 -6.754E-02 -2.401E+00 -1.860E-02
 -8.2125000E+02  3.246E-05 -2.242E+00 -2.384E-01
 -8.2075000E+02 -1.547E-02 -2.265E+00 -2.179E-01
 -8.2025000E+02 -4.135E-02 -2.493E+00 -1.134E-01
 -8.1975000E+02 -4.228E-02 -2.364E+00 -8.632E-02
 -8.1925000E+02 -2.857E-02 -2.328E+00 -1.587E-01
 -8.1875000E+02 -2.895E-02 -2.355E+00 -1.508E-01
 -8.1825000E+02 -8.338E-02 -2.256E+00  7.872E-02
 -8.1775000E+02 -5.311E-02 -2.090E+00 -1.532E-02
 -8.1725000E+02 -8.066E-02 -2.238E+00  3.136E-02
 -8.1675000E+02 -7.365E-02 -1.976E+00  5.474E-02
 -8.1625000E+02 -2.048E-02 -2.185E+00 -1.628E-01
 -8.1575000E+02 -1.089E-01 -2.286E+00  1.427E-01
 -8.1525000E+02 -1.130E-01 -2.271E+00  1.559E-01
 -8.1475000E+02 -6.187E-02 -2.047E+00  1.982E-02
 -8.1425000E+02 -9.820E-02 -2.322E+00  1.070E-01
 -8.1375000E+02 -5.814E-02 -2.091E+00 -2.098E-02
 -8.1325000E+02 -2.397E-02 -1.919E+00 -1.234E-01
 -8.1275000E+02 -5.171E-02 -2.450E+00 -6.981E-02
 -8.1225000E+02 -2.609E-02 -2.255E+00 -1.461E-01
 -8.1175000E+02 -5.431E-02 -2.055E+00 -2.646E-02
 -8.1125000E+02 -6.131E-02 -1.883E+00  2.382E-02
 -8.1075000E+02 -7.987E-02 -2.290E+00  3.945E-02
 -8.1025000E+02 -4.306E-02 -2.106E+00 -7.197E-02
 -8.0975000E+02 -8.948E-03 -1.821E+00 -1.601E-01
 -8.0925000E+02  1.028E-02 -1.902E+00 -2.473E-01
 -8.0875000E+02 -4.384E-02 -1.965E+00 -4.855E-02
 -8.0825000E+02 -1.192E-01 -2.058E+00  2.197E-01
 -8.0775000E+02 -3.745E-02 -1.939E+00 -8.267E-02
 -8.0725000E+02 -2.541E-02 -1.834E+00 -1.036E-01
 -8.0675000E+02 -1.196E-02 -1.988E+00 -1.642E-01
 -8.0625000E+02  1.843E-02 -2.117E+00 -2.984E-01
 -8.0575000E+02 -7.315E-02 -2.360E+00 -1.430E-02
 -8.0525000E+02 -4.498E-02 -1.995E+00 -5.834E-02
 -8.0475000E+02 -1.804E-02 -1.923E+00 -1.549E-01
 -8.0425000E+02 -9.073E-02 -2.008E+00  1.159E-01
 -8.0375000E+02 -8.134E-02 -2.044E+00  7.000E-02
 -8.0325000E+02 -6.284E-02 -1.832E+00  3.573E-02
 -8.0275000E+02 -9.567E-02 -1.885E+00  1.357E-01
 -8.0225000E+02 -8.184E-02 -1.930E+00  8.049E-02
 -8.0175000E+02 -2.586E-03 -1.810E+00 -1.792E-01
 -8.0125000E+02 -1.288E-02 -1.760E+00 -1.431E-01
 -8.0075000E+02 -5.425E-02 -1.965E+00 -1.255E-02
 -8.0025000E+02 -5.743E-02 -2.034E+00 -2.484E-02
 -7.9975000E+02 -5.148E-02 -1.790E+00 -1.646E-03
 -7.9925000E+02 -7.750E-02 -1.748E+00  9.202E-02
 -7.9875000E+02 -2.053E-02 -1.875E+00 -1.313E-01
 -7.9825000E+02  6.813E-03 -1.959E+00 -2.300E-01
 -7.9775000E+02 -2.147E-02 -1.840E+00 -1.219E-01
 -7.9725000E+02 -5.663E-02 -1.842E+00  1.187E-02
 -7.9675000E+02 -9.060E-02 -1.805E+00  1.360E-01
 -7.9625000E+02 -9.099E-02 -1.795E+00  1.248E-01
 -7.9575000E+02 -7.458E-02 -1.764E+00  5.686E-02
 -7.9525000E+02 -4.203E-02 -1.712E+00 -1.059E-02
 -7.9475000E+02 -7.458E-02 -1.881E+00  6.661E-02
 -7.9425000E+02 -7.224E-02 -1.852E+00  7.004E-02
 -7.9375000E+02 -4.749E-02 -1.691E+00  4.566E-04
 -7.9325000E+02 -5.122E-02 -1.431E+00  3.966E-02
 -7.9275000E+02 -3.045E-02 -1.898E+00 -8.765E-02
 -7.9225000E+02  3.606E-02 -1.583E+00 -2.787E-01
 -7.9175000E+02 -2.489E-02 -1.473E+00 -5.784E-02
 -7.9125000E+02 -4.030E-02 -1.712E+00 -3.371E-02
 -7.9075000E+02 -6.747E-02 -1.813E+00  5.355E-02
 -7.9025000E+02 -4.812E-02 -1.840E+00 -3.156E-02
 -7.8975000E+02 -3.393E-02 -1.514E+00 -4.208E-02
 -7.8925000E+02 -8.663E-02 -1.861E+00  9.918E-02
 -7.8875000E+02 -2.015E-02 -1.768E+00 -1.132E-01
 -7.8825000E+02 -1.151E-02 -1.715E+00 -1.553E-01
 -7.8775000E+02 -5.500E-03 -1.507E+00 -1.354E-01
 -7.8725000E+02 -6.835E-02 -1.532E+00  9.163E-02
 -7.8675000E+02 -5.831E-02 -1.765E+00  1.824E-02
 -7.8625000E+02 -6.401E-02 -1.619E+00  5.862E-02
 -7.8575000E+02 -3.074E-02 -1.708E+00 -7.157E-02
 -7.8525000E+02 -2.516E-02 -1.661E+00 -9.298E-02
 -7.8475000E+02 -6.626E-02 -1.602E+00  7.336E-02
 -7.8425000E+02 -5.534E-03 -1.842E+00 -1.978E-01
 -7.8375000E+02 -2.930E-02 -1.743E+00 -7.814E-02
 -7.8325000E+02 -7.652E-02 -1.604E+00  1.378E-01
 -7.8275000E+02 -2.832E-03 -1.733E+00 -1.699E-01
 -7.8225000E+02 -1.432E-02 -1.585E+00 -1.113E-01
 -7.8175000E+02  5.200E-02 -1.422E+00 -3.281E-01
 -7.8125000E+02 -2.513E-02 -1.261E+00 -4.705E-02
 -7.8075000E+02 -9.397E-02 -1.654E+00  1.624E-01
 -7.8025000E+02 -1.931E-02 -1.578E+00 -9.973E-02
 -7.7975000E+02 -4.807E-02 -1.552E+00  3.821E-03
 -7.7925000E+02 -2.625E-02 -1.698E+00 -9.513E-02
 -7.7875000E+02  2.576E-03 -1.560E+00 -1.784E-01
 -7.7825000E+02 -2.313E-02 -1.479E+00 -5.981E-02
 -7.7775000E+02 -7.305E-02 -1.699E+00  7.260E-02
 -7.7725000E+02 -4.051E-02 -1.662E+00 -4.193E-02
 -7.7675000E+02 -1.788E-02 -1.488E+00 -1.026E-01
 -7.7625000E+02  8.542E-03 -1.623E+00 -2.045E-01
 -7.7575000E+02 -5.886E-02 -1.505E+00  5.579E-02
 -7.7525000E+02 -4.628E-02 -1.520E+00  9.334E-03
 -7.7475000E+02  8.533E-04 -1.540E+00 -1.701E-01
 -7.7425000E+02 -5.342E-02 -1.406E+00  3.716E-02
 -7.7375000E+02 -1.372E-02 -1.410E+00 -8.701E-02
 -7.7325000E+02  5.093E-03 -1.383E+00 -1.538E-01
 -7.7275000E+02  5.964E-03 -1.278E+00 -1.571E-01
 -7.7225000E+02 -5.736E-02 -1.428E+00  6.900E-02
 -7.7175000E+02 -5.963E-02 -1.420E+00  7.700E-02
 -7.7125000E+02 -4.570E-02 -1.370E+00  3.331E-02
 -7.7075000E+02 -2.904E-02 -1.510E+00 -5.507E-02
 -7.7025000E+02 -5.918E-02 -1.427E+00  6.389E-02
 -7.6975000E+02 -1.910E-02 -1.209E+00 -6.240E-02
 -7.6925000E+02 -3.036E-02 -1.415E+00 -5.049E-02
 -7.6875000E+02 -7.081E-02 -1.531E+00  7.643E-02
 -7.6825000E+02 -4.371E-02 -1.585E+00 -1.380E-02
 -7.6775000E+02 -2.567E-02 -1.368E+00 -5.836E-02
 -7.6725000E+02 -6.334E-03 -1.377E+00 -1.228E-01
 -7.6675000E+02 -3.980E-02 -1.363E+00 -9.828E-03
 -7.6625000E+02 -4.464E-02 -1.298E+00  3.765E-02
 -7.6575000E+02 -7.826E-03 -1.302E+00 -1.011E-01
 -7.6525000E+02 -2.598E-02 -1.337E+00 -3.307E-02
 -7.6475000E+02 -2.668E-02 -1.335E+00 -2.286E-02
 -7.6425000E+02 -2.909E-02 -1.302E+00 -3.874E-02
 -7.6375000E+02 -5.830E-02 -1.390E+00  5.813E-02
 -7.6325000E+02 -5.000E-02 -1.464E+00  2.754E-02
 -7.6275000E+02 -4.903E-02 -1.305E+00  5.141E-02
 -7.6225000E+02 -3.792E-02 -1.309E+00 -9.830E-03
 -7.6175000E+02 -2.119E-02 -1.312E+00 -7.322E-02
 -7.6125000E+02 -8.284E-02 -1.363E+00  1.457E-01
 -7.6075000E+02 -6.354E-02 -1.385E+00  8.437E-02
 -7.6025000E+02 -4.590E-02 -1.179E+00  5.125E-02
 -7.5975000E+02 -1.711E-02 -1.304E+00 -7.582E-02
 -7.5925000E+02 -2.102E-02 -1.363E+00 -5.983E-02
 -7.5875000E+02 -3.359E-02 -1.237E+00 -1.715E-03
 -7.5825000E+02 -5.510E-03 -1.193E+00 -1.179E-01
 -7.5775000E+02 -1.710E-02 -1.251E+00 -7.485E-02
 -7.5725000E+02 -2.892E-02 -1.318E+00 -5.720E-02
 -7.5675000E+02 -3.979E-02 -1.271E+00  1.896E-02
 -7.5625000E+02 -8.505E-03 -1.172E+00 -9.133E-02
 -7.5575000E+02 -3.708E-02 -1.125E+00  1.644E-02
 -7.5525000E+02 -2.982E-02 -1.287E+00 -2.745E-02
 -7.5475000E+02  4.955E-03 -1.307E+00 -1.481E-01
 -7.5425000E+02  9.112E-03 -1.165E+00 -1.616E-01
 -7.5375000E+02 -3.235E-02 -1.158E+00 -9.130E-03
 -7.5325000E+02 -1.598E-02 -1.358E+00 -7.615E-02
 -7.5275000E+02 -6.051E-02 -1.306E+00  8.073E-02
 -7.5225000E+02 -8.709E-03 -1.200E+00 -9.390E-02
 -7.5175000E+02  1.548E-02 -1.081E+00 -1.815E-01
 -7.5125000E+02 -5.636E-02 -1.270E+00  6.290E-02
 -7.5075000E+02 -6.774E-02 -1.213E+00  1.151E-01
 -7.5025000E+02 -5.748E-02 -1.202E+00  7.148E-02
 -7.4975000E+02 -2.140E-02 -1.265E+00 -5.189E-02
 -7.4925000E+02 -6.644E-03 -1.186E+00 -9.621E-02
 -7.4875000E+02 -1.942E-02 -1.024E+00 -3.215E-02
 -7.4825000E+02 -6.528E-02 -1.087E+00  1.253E-01
 -7.4775000E+02 -3.067E-04 -1.230E+00 -1.346E-01
 -7.4725000E+02 -1.027E-03 -1.197E+00 -1.238E-01
 -7.4675000E+02 -3.503E-02 -1.215E+00  1.422E-03
 -7.4625000E+02 -2.874E-02 -1.101E+00  1.835E-03
 -7.4575000E+02 -2.822E-02 -1.203E+00 -1.357E-02
 -7.4525000E+02 -2.320E-02 -1.106E+00 -3.297E-02
 -7.4475000E+02 -1.666E-02 -1.136E+00 -6.566E-02
 -7.4425000E+02 -1.608E-03 -1.057E+00 -1.134E-01
 -7.4375000E+02 -3.390E-02 -1.178E+00 -4.330E-03
 -7.4325000E+02 -2.750E-03 -1.119E+00 -1.016E-01
 -7.4275000E+02 -5.290E-02 -1.098E+00  6.885E-02
 -7.4225000E+02 -6.196E-02 -1.312E+00  7.428E-02
 -7.4175000E+02 -3.671E-02 -1.263E+00 -3.601E-03
 -7.4125000E+02 -4.241E-02 -1.120E+00  3.318E-02
 -7.4075000E+02 -2.414E-02 -9.975E-01 -1.723E-02
 -7.4025000E+02 -3.388E-02 -9.874E-01  8.091E-03
 -7.3975000E+02 -2.078E-02 -1.034E+00 -3.765E-02
 -7.3925000E+02 -2.933E-02 -1.005E+00  1.026E-03
 -7.3875000E+02 -3.927E-02 -1.060E+00  3.081E-02
 -7.3825000E+02 -7.259E-03 -1.157E+00 -8.884E-02
 -7.3775000E+02  4.384E-03 -1.021E+00 -1.104E-01
 -7.3725000E+02 -3.923E-02 -1.071E+00 -7.703E-04
 -7.3675000E+02 -1.394E-02 -1.140E+00 -6.506E-02
 -7.3625000E+02 -1.015E-02 -1.058E+00 -6.671E-02
 -7.3575000E+02 -2.053E-02 -1.036E+00 -4.222E-02
 -7.3525000E+02 -2.548E-02 -9.343E-01  4.671E-02
 -7.3475000E+02 -4.830E-02 -1.051E+00  6.607E-02
 -7.3425000E+02 -1.036E-02 -9.466E-01 -5.849E-02
 -7.3375000E+02 -3.419E-02 -1.064E+00  1.704E-02
 -7.3325000E+02 -2.994E-02 -1.010E+00  4.167E-03
 -7.3275000E+02 -1.386E-02 -1.004E+00 -3.544E-02
 -7.3225000E+02 -4.753E-02 -1.068E+00  6.152E-02
 -7.3175000E+02 -4.589E-03 -1.100E+00 -1.057E-01
 -7.3125000E+02 -6.526E-03 -1.046E+00 -7.190E-02
 -7.3075000E+02 -3.578E-03 -9.090E-01 -6.251E-02
 -7.3025000E+02 -2.079E-02 -1.045E+00 -4.104E-02
 -7.2975000E+02 -1.022E-02 -1.098E+00 -9.108E-02
 -7.2925000E+02 -4.105E-02 -9.291E-01  5.523E-02
 -7.2875000E+02 -1.335E-02 -1.051E+00 -7.488E-02
 -7.2825000E+02 -1.236E-03 -1.022E+00 -1.102E-01
 -7.2775000E+02 -5.082E-02 -9.157E-01  8.735E-02
 -7.2725000E+02 -3.638E-02 -1.033E+00  1.960E-02
 -7.2675000E+02 -4.536E-02 -9.881E-01  5.133E-02
 -7.2625000E+02 -4.431E-03 -1.045E+00 -8.813E-02
 -7.2575000E+02 -1.727E-02 -9.262E-01 -1.935E-02
 -7.2525000E+02 -9.048E-03 -9.275E-01 -6.048E-02
 -7.2475000E+02 -2.572E-02 -8.231E-01  2.300E-03
 -7.2425000E+02  1.915E-02 -1.007E+00 -1.772E-01
 -7.2375000E+02 -1.677E-02 -8.315E-01 -2.007E-02
 -7.2325000E+02 -3.803E-02 -1.040E+00  3.749E-02
 -7.2275000E+02 -1.885E-02 -1.027E+00 -6.365E-02
 -7.2225000E+02  9.542E-04 -1.012E+00 -1.259E-01
 -7.2175000E+02 -8.303E-03 -9.732E-01 -7.383E-02
 -7.2125000E+02  6.056E-03 -9.452E-01 -1.084E-01
 -7.2075000E+02 -5.202E-02 -1.024E+00  8.729E-02
 -7.2025000E+02  7.332E-04 -8.513E-01 -8.361E-02
 -7.1975000E+02  1.027E-03 -7.782E-01 -8.007E-02
 -7.1925000E+02 -1.102E-02 -9.077E-01 -5.494E-02
 -7.1875000E+02 -3.413E-02 -9.455E-01  1.575E-02
 -7.1825000E+02 -4.915E-02 -9.621E-01  7.350E-02
 -7.1775000E+02 -5.602E-02 -8.658E-01  9.242E-02
 -7.1725000E+02 -4.213E-02 -7.771E-01  7.461E-02
 -7.1675000E+02 -8.553E-03 -9.348E-01 -6.098E-02
 -7.1625000E+02 -3.953E-02 -9.618E-01  6.604E-02
 -7.1575000E+02 -4.172E-02 -9.224E-01  4.987E-02
 -7.1525000E+02 -2.159E-02 -8.848E-01 -3.064E-02
 -7.1475000E+02 -2.264E-03 -8.536E-01 -8.609E-02
 -7.1425000E+02 -1.888E-02 -9.396E-01 -2.831E-02
 -7.1375000E+02 -3.991E-02 -8.385E-01  6.819E-02
 -7.1325000E+02 -2.731E-02 -9.324E-01 -2.816E-03
 -7.1275000E+02 -4.032E-02 -1.015E+00  9.413E-03
 -7.1225000E+02 -1.299E-02 -8.730E-01 -3.868E-02
 -7.1175000E+02 -1.884E-02 -7.687E-01 -1.250E-02
 -7.1125000E+02 -2.268E-02 -9.127E-01 -3.993E-03
 -7.1075000E+02 -1.058E-02 -8.397E-01 -5.312E-02
 -7.1025000E+02 -3.084E-02 -8.367E-01  2.908E-02
 -7.0975000E+02 -7.600E-03 -6.072E-01 -8.212E-03
 -7.0925000E+02  1.181E-02 -8.596E-01 -1.148E-01
 -7.0875000E+02 -8.641E-03 -8.648E-01 -6.447E-02
 -7.0825000E+02 -5.972E-03 -7.697E-01 -6.099E-02
 -7.0775000E+02 -1.885E-02 -7.167E-01 -9.882E-04
 -7.0725000E+02  5.095E-03 -7.521E-01 -9.236E-02
 -7.0675000E+02 -5.474E-02 -9.062E-01  1.043E-01
 -7.0625000E+02 -5.027E-02 -9.325E-01  7.540E-02
 -7.0575000E+02  2.001E-02 -7.510E-01 -1.429E-01
 -7.0525000E+02 -2.783E-02 -8.038E-01  1.305E-02
 -7.0475000E+02 -3.969E-02 -9.351E-01  5.015E-02
 -7.0425000E+02 -2.394E-03 -7.765E-01 -6.338E-02
 -7.0375000E+02  9.356E-03 -7.987E-01 -1.168E-01
 -7.0325000E+02 -2.141E-03 -8.133E-01 -8.967E-02
 -7.0275000E+02 -4.401E-02 -6.800E-01  8.687E-02
 -7.0225000E+02 -1.359E-02 -8.181E-01 -2.611E-02
 -7.0175000E+02 -3.528E-02 -8.306E-01  4.599E-02
 -7.0125000E+02  7.954E-03 -8.706E-01 -1.207E-01
 -7.0075000E+02 -1.608E-02 -8.034E-01 -3.144E-02
 -7.0025000E+02 -7.128E-02 -6.397E-01  1.911E-01
 -6.9975000E+02 -5.063E-02 -7.898E-01  9.313E-02
 -6.9925000E+02 -4.788E-02 -7.856E-01  8.980E-02
 -6.9875000E+02 -1.355E-02 -6.840E-01  1.096E-04
 -6.9825000E+02 -5.120E-03 -7.985E-01 -4.168E-02
 -6.9775000E+02  1.077E-02 -7.385E-01 -1.032E-01
 -6.9725000E+02 -1.500E-02 -7.152E-01 -1.468E-02
 -6.9675000E+02 -3.771E-02 -7.567E-01  5.730E-02
 -6.9625000E+02  5.936E-03 -7.555E-01 -1.058E-01
 -6.9575000E+02 -5.385E-02 -7.132E-01  1.167E-01
 -6.9525000E+02 -2.231E-02 -7.275E-01  7.604E-04
 -6.9475000E+02  4.032E-03 -8.356E-01 -9.444E-02
 -6.9425000E+02 -2.152E-02 -5.556E-01  2.009E-02
 -6.9375000E+02 -1.081E-02 -8.376E-01 -4.647E-02
 -6.9325000E+02 -3.104E-02 -6.201E-01  5.461E-02
 -6.9275000E+02 -2.077E-02 -7.387E-01 -8.271E-03
 -6.9225000E+02 -3.516E-03 -6.906E-01 -4.672E-02
 -6.9175000E+02 -7.229E-02 -9.284E-01  1.686E-01
 -6.9125000E+02 -2.549E-02 -5.663E-01  3.946E-02
 -6.9075000E+02 -4.178E-02 -7.545E-01  7.502E-02
 -6.9025000E+02 -2.635E-02 -6.079E-01  2.487E-02
 -6.8975000E+02 -1.049E-02 -6.820E-01 -3.186E-02
 -6.8925000E+02 -5.554E-04 -7.044E-01 -7.056E-02
 -6.8875000E+02  9.524E-03 -7.513E-01 -1.025E-01
 -6.8825000E+02  3.598E-02 -7.565E-01 -2.084E-01
 -6.8775000E+02 -4.590E-02 -6.674E-01  1.051E-01
 -6.8725000E+02  5.158E-03 -7.416E-01 -1.056E-01
 -6.8675000E+02 -2.426E-03 -7.230E-01 -6.806E-02
 -6.8625000E+02 -2.736E-02 -7.610E-01  2.163E-02
 -6.8575000E+02 -2.196E-02 -6.663E-01  2.015E-02
 -6.8525000E+02 -1.788E-02 -6.078E-01  5.287E-03
 -6.8475000E+02 -7.283E-04 -5.568E-01 -4.903E-02
 -6.8425000E+02 -2.031E-03 -6.865E-01 -8.071E-02
 -6.8375000E+02 -2.194E-02 -7.841E-01 -8.407E-03
 -6.8325000E+02 -1.505E-02 -6.708E-01 -1.363E-02
 -6.8275000E+02 -1.333E-03 -7.757E-01 -8.327E-02
 -6.8225000E+02 -4.132E-02 -6.513E-01  8.614E-02
 -6.8175000E+02 -1.182E-02 -7.665E-01 -3.854E-02
 -6.8125000E+02 -1.056E-02 -6.206E-01 -2.254E-02
 -6.8075000E+02 -2.415E-02 -7.502E-01  7.723E-03
 -6.8025000E+02 -1.918E-02 -8.844E-01 -2.963E-02
 -6.7975000E+02 -7.349E-03 -5.204E-01 -3.461E-02
 -6.7925000E+02  2.702E-03 -5.974E-01 -7.264E-02
 -6.7875000E+02  1.536E-02 -7.344E-01 -1.414E-01
 -6.7825000E+02  3.363E-03 -5.937E-01 -8.386E-02
 -6.7775000E+02  2.671E-03 -6.780E-01 -8.022E-02
 -6.7725000E+02 -3.716E-02 -7.260E-01  6.895E-02
 -6.7675000E+02 -7.290E-03 -6.942E-01 -2.788E-02
 -6.7625000E+02 -3.557E-03 -7.244E-01 -6.274E-02
 -6.7575000E+02 -1.706E-02 -6.379E-01 -4.647E-02
 -6.7525000E+02 -4.912E-02 -6.510E-01  1.082E-01
 -6.7475000E+02 -5.459E-03 -5.566E-01 -3.046E-02
 -6.7425000E+02  2.997E-03 -6.685E-01 -7.311E-02
 -6.7375000E+02 -3.507E-02 -6.687E-01  8.159E-02
 -6.7325000E+02 -4.114E-02 -6.759E-01  7.382E-02
 -6.7275000E+02 -2.128E-02 -6.482E-01  5.713E-03
 -6.7225000E+02  1.640E-02 -5.604E-01 -8.549E-02
 -6.7175000E+02  1.872E-02 -6.338E-01 -1.229E-01
 -6.7125000E+02 -1.019E-02 -6.389E-01 -2.559E-02
 -6.7075000E+02 -3.696E-02 -6.168E-01  6.715E-02
 -6.7025000E+02 -2.731E-02 -6.657E-01  2.782E-02
 -6.6975000E+02  1.321E-02 -5.501E-01 -9.833E-02
 -6.6925000E+02 -2.538E-03 -5.346E-01 -3.913E-02
 -6.6875000E+02  1.596E-02 -5.137E-01 -6.355E-02
 -6.6825000E+02 -3.282E-02 -5.800E-01  5.972E-02
 -6.6775000E+02 -2.980E-02 -5.916E-01  4.087E-02
 -6.6725000E+02 -7.452E-03 -5.266E-01 -5.457E-02
 -6.6675000E+02 -6.217E-03 -6.799E-01 -7.739E-02
 -6.6625000E+02 -8.588E-03 -6.126E-01 -3.470E-02
 -6.6575000E+02 -2.312E-02 -6.274E-01  3.102E-02
 -6.6525000E+02 -9.719E-03 -5.928E-01 -3.236E-02
 -6.6475000E+02  1.094E-02 -5.064E-01 -9.038E-02
 -6.6425000E+02 -2.417E-02 -6.019E-01  3.158E-02
 -6.6375000E+02 -3.355E-02 -6.144E-01  4.681E-02
 -6.6325000E+02  8.081E-03 -4.679E-01 -7.330E-02
 -6.6275000E+02 -2.066E-02 -5.174E-01  1.795E-02
 -6.6225000E+02 -6.231E-03 -5.788E-01 -3.473E-02
 -6.6175000E+02 -1.848E-02 -5.231E-01  9.990E-03
 -6.6125000E+02 -1.435E-02 -5.797E-01 -1.099E-02
 -6.6075000E+02 -5.903E-03 -5.183E-01 -1.197E-02
 -6.6025000E+02 -4.593E-04 -4.984E-01 -4.788E-02
 -6.5975000E+02 -1.490E-02 -5.013E-01  1.229E-02
 -6.5925000E+02 -2.011E-02 -7.425E-01 -6.162E-03
 -6.5875000E+02 -2.625E-02 -5.523E-01  1.485E-02
 -6.5825000E+02 -2.002E-02 -5.553E-01  3.151E-02
 -6.5775000E+02 -1.707E-02 -5.766E-01  9.251E-03
 -6.5725000E+02 -4.822E-03 -6.030E-01 -3.481E-02
 -6.5675000E+02  1.283E-02 -4.895E-01 -8.686E-02
 -6.5625000E+02 -3.424E-02 -5.501E-01  7.260E-02
 -6.5575000E+02 -3.089E-02 -5.194E-01  6.505E-02
 -6.5525000E+02 -1.245E-02 -5.097E-01 -1.485E-02
 -6.5475000E+02 -1.160E-02 -5.911E-01 -3.111E-02
 -6.5425000E+02  5.185E-03 -5.284E-01 -7.605E-02
 -6.5375000E+02 -3.319E-02 -5.571E-01  5.592E-02
 -6.5325000E+02  1.324E-02 -4.126E-01 -8.424E-02
 -6.5275000E+02 -3.038E-02 -4.686E-01  7.742E-02
 -6.5225000E+02 -1.157E-02 -4.899E-01 -8.813E-06
 -6.5175000E+02  2.317E-02 -4.372E-01 -1.132E-01
 -6.5125000E+02 -2.000E-02 -4.354E-01  2.601E-02
 -6.5075000E+02 -1.632E-02 -5.500E-01  5.675E-03
 -6.5025000E+02  4.941E-03 -6.867E-01 -8.965E-02
 -6.4975000E+02 -3.500E-02 -5.161E-01  6.303E-02
 -6.4925000E+02  2.001E-02 -5.073E-01 -1.490E-01
 -6.4875000E+02 -2.579E-02 -6.156E-01  2.931E-02
 -6.4825000E+02 -5.233E-02 -5.403E-01  1.364E-01
 -6.4775000E+02 -2.129E-02 -4.659E-01  4.332E-02
 -6.4725000E+02 -3.415E-02 -5.669E-01  7.650E-02
 -6.4675000E+02 -1.865E-02 -5.576E-01  2.234E-02
 -6.4625000E+02  1.412E-02 -5.430E-01 -1.155E-01
 -6.4575000E+02 -7.129E-03 -4.534E-01  6.107E-03
 -6.4525000E+02 -6.212E-03 -4.819E-01 -1.201E-02
 -6.4475000E+02 -1.974E-02 -4.014E-01  3.708E-02
 -6.4425000E+02  1.625E-02 -4.830E-01 -9.606E-02
 -6.4375000E+02  2.916E-02 -5.062E-01 -1.600E-01
 -6.4325000E+02 -1.133E-02 -4.713E-01  5.713E-03
 -6.4275000E+02  2.042E-02 -3.887E-01 -1.160E-01
 -6.4225000E+02 -8.672E-03 -4.372E-01 -1.351E-02
 -6.4175000E+02 -1.676E-02 -4.787E-01  1.879E-02
 -6.4125000E+02 -1.295E-02 -4.484E-01  1.133E-02
 -6.4075000E+02 -1.601E-03 -5.637E-01 -5.316E-02
 -6.4025000E+02 -3.992E-02 -4.884E-01  9.676E-02
 -6.3975000E+02 -4.042E-02 -5.475E-01  7.700E-02
 -6.3925000E+02 -2.056E-02 -4.800E-01  2.311E-02
 -6.3875000E+02  8.747E-03 -4.446E-01 -6.736E-02
 -6.3825000E+02 -3.423E-03 -4.508E-01 -3.166E-02
 -6.3775000E+02 -3.156E-02 -4.790E-01  6.565E-02
 -6.3725000E+02 -2.699E-02 -4.431E-01  4.615E-02
 -6.3675000E+02  7.550E-03 -4.714E-01 -8.043E-02
 -6.3625000E+02 -1.285E-02 -5.085E-01 -1.437E-02
 -6.3575000E+02 -9.553E-03 -5.737E-01 -2.148E-02
 -6.3525000E+02 -1.912E-02 -5.530E-01  2.387E-02
 -6.3475000E+02 -8.441E-04 -4.676E-01 -4.246E-02
 -6.3425000E+02  7.400E-03 -4.916E-01 -6.330E-02
 -6.3375000E+02  1.886E-02 -4.469E-01 -1.185E-01
 -6.3325000E+02 -3.199E-02 -5.541E-01  5.607E-02
 -6.3275000E+02 -7.153E-03 -5.142E-01 -2.690E-02
 -6.3225000E+02 -4.742E-03 -4.143E-01 -1.471E-02
 -6.3175000E+02 -1.045E-02 -3.367E-01  1.376E-02
 -6.3125000E+02 -2.669E-02 -5.042E-01  3.177E-02
 -6.3075000E+02 -1.872E-02 -5.584E-01  4.320E-03
 -6.3025000E+02  1.209E-02 -4.892E-01 -8.214E-02
 -6.2975000E+02 -6.117E-03 -6.014E-01 -5.006E-02
 -6.2925000E+02 -4.999E-03 -4.645E-01 -2.704E-02
 -6.2875000E+02  1.307E-02 -3.419E-01 -8.824E-02
 -6.2825000E+02 -2.485E-03 -4.606E-01 -3.291E-02
 -6.2775000E+02 -1.195E-02 -5.039E-01 -9.187E-03
 -6.2725000E+02 -3.595E-02 -4.653E-01  7.744E-02
 -6.2675000E+02 -1.937E-02 -4.703E-01  2.814E-02
 -6.2625000E+02 -2.031E-02 -3.805E-01  3.023E-02
 -6.2575000E+02  8.200E-03 -3.523E-01 -5.529E-02
 -6.2525000E+02  5.488E-03 -4.218E-01 -6.670E-02
 -6.2475000E+02 -1.415E-02 -3.684E-01  3.070E-02
 -6.2425000E+02 -1.914E-02 -4.496E-01  2.313E-02
 -6.2375000E+02  3.188E-03 -3.551E-01 -4.027E-02
 -6.2325000E+02  2.071E-03 -4.143E-01 -3.355E-02
 -6.2275000E+02 -7.212E-03 -4.607E-01 -1.246E-02
 -6.2225000E+02 -2.735E-02 -4.726E-01  3.524E-02
 -6.2175000E+02 -3.992E-02 -3.830E-01  1.035E-01
 -6.2125000E+02  1.187E-02 -4.218E-01 -8.150E-02
 -6.2075000E+02  2.768E-03 -4.160E-01 -4.350E-02
 -6.2025000E+02 -1.526E-03 -4.037E-01 -3.407E-02
 -6.1975000E+02  5.582E-03 -4.104E-01 -5.030E-02
 -6.1925000E+02 -1.137E-02 -4.812E-01  3.897E-04
 -6.1875000E+02 -2.534E-02 -3.976E-01  6.167E-02
 -6.1825000E+02  2.579E-03 -4.647E-01 -6.620E-02
 -6.1775000E+02  4.477E-03 -3.990E-01 -5.683E-02
 -6.1725000E+02 -1.751E-02 -4.405E-01  1.914E-02
 -6.1675000E+02 -2.441E-02 -3.879E-01  5.684E-02
 -6.1625000E+02 -9.071E-03 -4.020E-01 -3.006E-03
 -6.1575000E+02  3.461E-05 -4.084E-01 -3.496E-02
 -6.1525000E+02 -3.004E-02 -4.185E-01  7.827E-02
 -6.1475000E+02  1.583E-02 -1.529E-01 -5.668E-02
 -6.1425000E+02 -2.568E-02 -3.491E-01  6.013E-02
 -6.1375000E+02 -1.023E-02 -4.745E-01 -1.953E-02
 -6.1325000E+02  1.954E-03 -4.111E-01 -5.050E-02
 -6.1275000E+02 -7.998E-03 -3.059E-01 -1.194E-02
 -6.1225000E+02 -3.765E-03 -4.196E-01 -4.157E-02
 -6.1175000E+02 -1.377E-02 -3.480E-01  2.740E-02
 -6.1125000E+02 -9.429E-03 -2.852E-01  1.551E-02
 -6.1075000E+02 -2.946E-02 -4.392E-01  7.203E-02
 -6.1025000E+02 -8.347E-03 -3.783E-01 -1.199E-02
 -6.0975000E+02 -5.048E-03 -4.717E-01 -3.401E-02
 -6.0925000E+02  3.200E-03 -3.538E-01 -3.788E-02
 -6.0875000E+02 -4.264E-03 -4.734E-01 -3.877E-02
 -6.0825000E+02 -1.929E-02 -3.515E-01  1.790E-02
 -6.0775000E+02 -1.636E-02 -4.005E-01  1.750E-02
 -6.0725000E+02  2.491E-04 -3.078E-01 -2.631E-02
 -6.0675000E+02 -9.635E-03 -3.709E-01 -3.101E-04
 -6.0625000E+02 -1.676E-02 -3.480E-01  3.107E-02
 -6.0575000E+02  1.276E-02 -3.799E-01 -8.003E-02
 -6.0525000E+02  1.125E-02 -3.231E-01 -7.625E-02
 -6.0475000E+02 -1.254E-02 -3.048E-01  1.424E-02
 -6.0425000E+02  6.024E-03 -4.770E-01 -6.485E-02
 -6.0375000E+02 -1.018E-02 -4.176E-01 -1.315E-02
 -6.0325000E+02 -9.812E-03 -3.241E-01  2.478E-03
 -6.0275000E+02 -2.583E-02 -3.305E-01  5.160E-02
 -6.0225000E+02  1.339E-03 -3.056E-01 -2.901E-02
 -6.0175000E+02  1.383E-02 -3.803E-01 -7.836E-02
 -6.0125000E+02 -1.172E-02 -3.980E-01  3.102E-03
 -6.0075000E+02 -1.128E-02 -3.677E-01  1.348E-03
 -6.0025000E+02  2.187E-02 -4.034E-01 -1.110E-01
 -5.9975000E+02 -7.130E-03 -3.925E-01 -1.803E-03
 -5.9925000E+02 -1.298E-02 -3.087E-01  3.374E-03
 -5.9875000E+02 -1.261E-02 -3.143E-01  6.783E-03
 -5.9825000E+02 -7.244E-03 -3.660E-01 -5.899E-03
 -5.9775000E+02 -1.805E-02 -2.821E-01  3.709E-02
 -5.9725000E+02 -1.706E-02 -3.571E-01  2.306E-02
 -5.9675000E+02  2.580E-03 -4.471E-01 -6.602E-02
 -5.9625000E+02 -3.305E-02 -3.460E-01  9.581E-02
 -5.9575000E+02  5.671E-03 -3.147E-01 -3.996E-02
 -5.9525000E+02 -6.562E-04 -3.747E-01 -3.423E-02
 -5.9475000E+02 -9.274E-04 -3.347E-01 -2.727E-02
 -5.9425000E+02  7.395E-03 -2.706E-01 -5.141E-02
 -5.9375000E+02  7.662E-03 -4.597E-01 -8.550E-02
 -5.9325000E+02 -1.476E-02 -3.835E-01  1.214E-02
 -5.9275000E+02  3.328E-03 -3.973E-01 -5.509E-02
 -5.9225000E+02 -3.824E-03 -2.530E-01 -1.203E-02
 -5.9175000E+02 -5.150E-02 -3.430E-01  1.321E-01
 -5.9125000E+02 -1.847E-02 -2.748E-01  3.912E-02
 -5.9075000E+02 -1.122E-02 -3.527E-01  9.790E-03
 -5.9025000E+02 -3.670E-03 -3.810E-01 -1.505E-02
 -5.8975000E+02 -1.694E-02 -3.450E-01  2.039E-02
