 -6.7097500E+03 -0.000E+00 -0.000E+00  0.000E+00
 -6.7092500E+03 -0.000E+00 -0.000E+00  0.000E+00
 -6.7087500E+03 -0.000E+00 -0.000E+00  0.000E+00
 -6.7082500E+03 -0.000E+00 -0.000E+00  0.000E+00
 -6.7077500E+03 -0.000E+00 -0.000E+00  0.000E+00
 -6.7072500E+03 -0.000E+00 -0.000E+00  0.000E+00
 -6.7067500E+03 -0.000E+00 -0.000E+00  0.000E+00
 -6.7062500E+03 -0.000E+00 -0.000E+00  0.000E+00
 -6.7057500E+03 -0.000E+00 -0.000E+00  0.000E+00
 -6.7052500E+03 -0.000E+00 -0.000E+00  0.000E+00
 -6.7047500E+03 -0.000E+00 -0.000E+00  0.000E+00
 -6.7042500E+03 -0.000E+00 -0.000E+00  0.000E+00
 -6.7037500E+03 -0.000E+00 -0.000E+00  0.000E+00
 -6.7032500E+03 -0.000E+00 -0.000E+00  0.000E+00
 -6.7027500E+03 -0.000E+00 -0.000E+00  0.000E+00
 -6.7022500E+03 -0.000E+00 -0.000E+00  0.000E+00
 -6.7017500E+03 -0.000E+00 -0.000E+00  0.000E+00
 -6.7012500E+03 -0.000E+00 -0.000E+00  0.000E+00
 -6.7007500E+03 -0.000E+00 -0.000E+00  0.000E+00
 -6.7002500E+03 -0.000E+00 -0.000E+00  0.000E+00
 -6.6997500E+03 -0.000E+00 -0.000E+00  0.000E+00
 -6.6992500E+03 -0.000E+00 -0.000E+00  0.000E+00
 -6.6987500E+03 -0.000E+00 -0.000E+00  0.000E+00
 -6.6982500E+03 -0.000E+00 -0.000E+00  0.000E+00
 -6.6977500E+03 -0.000E+00 -0.000E+00  0.000E+00
 -6.6972500E+03 -0.000E+00 -0.000E+00  0.000E+00
 -6.6967500E+03 -0.000E+00 -0.000E+00  0.000E+00
 -6.6962500E+03 -0.000E+00 -0.000E+00  0.000E+00
 -6.6957500E+03 -0.000E+00 -0.000E+00  0.000E+00
 -6.6952500E+03 -0.000E+00 -0.000E+00  0.000E+00
 -6.6947500E+03 -0.000E+00 -0.000E+00  0.000E+00
 -6.6942500E+03 -0.000E+00 -0.000E+00  0.000E+00
 -6.6937500E+03 -0.000E+00 -0.000E+00  0.000E+00
 -6.6932500E+03 -0.000E+00 -0.000E+00  0.000E+00
 -6.6927500E+03 -0.000E+00 -0.000E+00  0.000E+00
 -6.6922500E+03 -0.000E+00 -0.000E+00  0.000E+00
 -6.6917500E+03 -0.000E+00 -0.000E+00  0.000E+00
 -6.6912500E+03 -0.000E+00 -0.000E+00  0.000E+00
 -6.6907500E+03 -0.000E+00 -0.000E+00  0.000E+00
 -6.6902500E+03 -0.000E+00 -0.000E+00  0.000E+00
 -6.6897500E+03 -0.000E+00 -0.000E+00  0.000E+00
 -6.6892500E+03 -0.000E+00 -0.000E+00  0.000E+00
 -6.6887500E+03 -0.000E+00 -0.000E+00  0.000E+00
 -6.6882500E+03 -0.000E+00 -0.000E+00  0.000E+00
 -6.6877500E+03 -0.000E+00 -0.000E+00  0.000E+00
 -6.6872500E+03 -0.000E+00 -0.000E+00  0.000E+00
 -6.6867500E+03 -0.000E+00 -0.000E+00  0.000E+00
 -6.6862500E+03 -0.000E+00 -0.000E+00  0.000E+00
 -6.6857500E+03 -0.000E+00 -0.000E+00  0.000E+00
 -6.6852500E+03 -0.000E+00 -0.000E+00  0.000E+00
 -6.6847500E+03 -0.000E+00 -0.000E+00  0.000E+00
 -6.6842500E+03 -0.000E+00 -0.000E+00  0.000E+00
 -6.6837500E+03 -0.000E+00 -0.000E+00  0.000E+00
 -6.6832500E+03 -0.000E+00 -0.000E+00  0.000E+00
 -6.6827500E+03 -0.000E+00 -0.000E+00  0.000E+00
 -6.6822500E+03 -0.000E+00 -0.000E+00  0.000E+00
 -6.6817500E+03 -0.000E+00 -0.000E+00  0.000E+00
 -6.6812500E+03 -0.000E+00 -0.000E+00  0.000E+00
 -6.6807500E+03 -0.000E+00 -0.000E+00  0.000E+00
 -6.6802500E+03 -0.000E+00 -0.000E+00  0.000E+00
 -6.6797500E+03 -0.000E+00 -0.000E+00  0.000E+00
 -6.6792500E+03 -0.000E+00 -0.000E+00  0.000E+00
 -6.6787500E+03 -0.000E+00 -0.000E+00  0.000E+00
 -6.6782500E+03 -0.000E+00 -0.000E+00  0.000E+00
 -6.6777500E+03 -0.000E+00 -0.000E+00  0.000E+00
 -6.6772500E+03 -0.000E+00 -0.000E+00  0.000E+00
 -6.6767500E+03 -0.000E+00 -0.000E+00  0.000E+00
 -6.6762500E+03 -0.000E+00 -0.000E+00  0.000E+00
 -6.6757500E+03 -0.000E+00 -0.000E+00  0.000E+00
 -6.6752500E+03 -0.000E+00 -0.000E+00  0.000E+00
 -6.6747500E+03 -0.000E+00 -0.000E+00  0.000E+00
 -6.6742500E+03 -0.000E+00 -0.000E+00  0.000E+00
 -6.6737500E+03 -0.000E+00 -0.000E+00  0.000E+00
 -6.6732500E+03 -0.000E+00 -0.000E+00  0.000E+00
 -6.6727500E+03 -0.000E+00 -0.000E+00  0.000E+00
 -6.6722500E+03 -0.000E+00 -0.000E+00  0.000E+00
 -6.6717500E+03 -0.000E+00 -0.000E+00  0.000E+00
 -6.6712500E+03 -0.000E+00 -0.000E+00  0.000E+00
 -6.6707500E+03 -0.000E+00 -0.000E+00  0.000E+00
 -6.6702500E+03 -0.000E+00 -0.000E+00  0.000E+00
 -6.6697500E+03 -0.000E+00 -0.000E+00  0.000E+00
 -6.6692500E+03 -0.000E+00 -0.000E+00  0.000E+00
 -6.6687500E+03 -0.000E+00 -0.000E+00  0.000E+00
 -6.6682500E+03 -0.000E+00 -0.000E+00  0.000E+00
 -6.6677500E+03 -0.000E+00 -0.000E+00  0.000E+00
 -6.6672500E+03 -0.000E+00 -0.000E+00  0.000E+00
 -6.6667500E+03 -0.000E+00 -0.000E+00  0.000E+00
 -6.6662500E+03 -0.000E+00 -0.000E+00  0.000E+00
 -6.6657500E+03 -0.000E+00 -0.000E+00  0.000E+00
 -6.6652500E+03 -0.000E+00 -0.000E+00  0.000E+00
 -6.6647500E+03 -0.000E+00 -0.000E+00  0.000E+00
 -6.6642500E+03 -0.000E+00 -0.000E+00  0.000E+00
 -6.6637500E+03 -0.000E+00 -0.000E+00  0.000E+00
 -6.6632500E+03 -0.000E+00 -0.000E+00  0.000E+00
 -6.6627500E+03 -0.000E+00 -0.000E+00  0.000E+00
 -6.6622500E+03 -0.000E+00 -0.000E+00  0.000E+00
 -6.6617500E+03 -0.000E+00 -0.000E+00  0.000E+00
 -6.6612500E+03 -0.000E+00 -0.000E+00  0.000E+00
 -6.6607500E+03 -0.000E+00 -0.000E+00  0.000E+00
 -6.6602500E+03 -0.000E+00 -0.000E+00  0.000E+00
 -6.6597500E+03 -0.000E+00 -0.000E+00  0.000E+00
 -6.6592500E+03 -0.000E+00 -0.000E+00  0.000E+00
 -6.6587500E+03 -0.000E+00 -0.000E+00  0.000E+00
 -6.6582500E+03 -0.000E+00 -0.000E+00  0.000E+00
 -6.6577500E+03 -0.000E+00 -0.000E+00  0.000E+00
 -6.6572500E+03 -0.000E+00 -0.000E+00  0.000E+00
 -6.6567500E+03 -0.000E+00 -0.000E+00  0.000E+00
 -6.6562500E+03 -0.000E+00 -0.000E+00  0.000E+00
 -6.6557500E+03 -0.000E+00 -0.000E+00  0.000E+00
 -6.6552500E+03 -0.000E+00 -0.000E+00  0.000E+00
 -6.6547500E+03 -0.000E+00 -0.000E+00  0.000E+00
 -6.6542500E+03 -0.000E+00 -0.000E+00  0.000E+00
 -6.6537500E+03 -0.000E+00 -0.000E+00  0.000E+00
 -6.6532500E+03 -0.000E+00 -0.000E+00  0.000E+00
 -6.6527500E+03 -0.000E+00 -0.000E+00  0.000E+00
 -6.6522500E+03 -0.000E+00 -0.000E+00  0.000E+00
 -6.6517500E+03 -0.000E+00 -0.000E+00  0.000E+00
 -6.6512500E+03 -0.000E+00 -0.000E+00  0.000E+00
 -6.6507500E+03 -0.000E+00 -0.000E+00  0.000E+00
 -6.6502500E+03 -0.000E+00 -0.000E+00  0.000E+00
 -6.6497500E+03 -0.000E+00 -0.000E+00  0.000E+00
 -6.6492500E+03 -0.000E+00 -0.000E+00  0.000E+00
 -6.6487500E+03 -0.000E+00 -0.000E+00  0.000E+00
 -6.6482500E+03 -0.000E+00 -0.000E+00  0.000E+00
 -6.6477500E+03 -0.000E+00 -0.000E+00  0.000E+00
 -6.6472500E+03 -0.000E+00 -0.000E+00  0.000E+00
 -6.6467500E+03 -0.000E+00 -0.000E+00  0.000E+00
 -6.6462500E+03 -0.000E+00 -0.000E+00  0.000E+00
 -6.6457500E+03 -0.000E+00 -0.000E+00  0.000E+00
 -6.6452500E+03 -0.000E+00 -0.000E+00  0.000E+00
 -6.6447500E+03 -0.000E+00 -0.000E+00  0.000E+00
 -6.6442500E+03 -0.000E+00 -0.000E+00  0.000E+00
 -6.6437500E+03 -0.000E+00 -0.000E+00  0.000E+00
 -6.6432500E+03 -0.000E+00 -0.000E+00  0.000E+00
 -6.6427500E+03 -0.000E+00 -0.000E+00  0.000E+00
 -6.6422500E+03 -0.000E+00 -0.000E+00  0.000E+00
 -6.6417500E+03 -0.000E+00 -0.000E+00  0.000E+00
 -6.6412500E+03 -0.000E+00 -0.000E+00  0.000E+00
 -6.6407500E+03 -0.000E+00 -0.000E+00  0.000E+00
 -6.6402500E+03 -0.000E+00 -0.000E+00  0.000E+00
 -6.6397500E+03 -0.000E+00 -0.000E+00  0.000E+00
 -6.6392500E+03 -0.000E+00 -0.000E+00  0.000E+00
 -6.6387500E+03 -0.000E+00 -0.000E+00  0.000E+00
 -6.6382500E+03 -0.000E+00 -0.000E+00  0.000E+00
 -6.6377500E+03 -0.000E+00 -0.000E+00  0.000E+00
 -6.6372500E+03 -0.000E+00 -0.000E+00  0.000E+00
 -6.6367500E+03 -0.000E+00 -0.000E+00  0.000E+00
 -6.6362500E+03 -0.000E+00 -0.000E+00  0.000E+00
 -6.6357500E+03 -0.000E+00 -0.000E+00  0.000E+00
 -6.6352500E+03 -0.000E+00 -0.000E+00  0.000E+00
 -6.6347500E+03 -0.000E+00 -0.000E+00  0.000E+00
 -6.6342500E+03 -0.000E+00 -0.000E+00  0.000E+00
 -6.6337500E+03 -0.000E+00 -0.000E+00  0.000E+00
 -6.6332500E+03 -0.000E+00 -0.000E+00  0.000E+00
 -6.6327500E+03 -0.000E+00 -0.000E+00  0.000E+00
 -6.6322500E+03 -0.000E+00 -0.000E+00  0.000E+00
 -6.6317500E+03 -0.000E+00 -0.000E+00  0.000E+00
 -6.6312500E+03 -0.000E+00 -0.000E+00  0.000E+00
 -6.6307500E+03 -0.000E+00 -0.000E+00  0.000E+00
 -6.6302500E+03 -0.000E+00 -0.000E+00  0.000E+00
 -6.6297500E+03 -0.000E+00 -0.000E+00  0.000E+00
 -6.6292500E+03 -0.000E+00 -0.000E+00  0.000E+00
 -6.6287500E+03 -0.000E+00 -0.000E+00  0.000E+00
 -6.6282500E+03 -0.000E+00 -0.000E+00  0.000E+00
 -6.6277500E+03 -0.000E+00 -0.000E+00  0.000E+00
 -6.6272500E+03 -0.000E+00 -0.000E+00  0.000E+00
 -6.6267500E+03 -0.000E+00 -0.000E+00  0.000E+00
 -6.6262500E+03 -0.000E+00 -0.000E+00  0.000E+00
 -6.6257500E+03 -0.000E+00 -0.000E+00  0.000E+00
 -6.6252500E+03 -0.000E+00 -0.000E+00  0.000E+00
 -6.6247500E+03 -0.000E+00 -0.000E+00  0.000E+00
 -6.6242500E+03 -0.000E+00 -0.000E+00  0.000E+00
 -6.6237500E+03 -0.000E+00 -0.000E+00  0.000E+00
 -6.6232500E+03 -0.000E+00 -0.000E+00  0.000E+00
 -6.6227500E+03 -0.000E+00 -0.000E+00  0.000E+00
 -6.6222500E+03 -0.000E+00 -0.000E+00  0.000E+00
 -6.6217500E+03 -0.000E+00 -0.000E+00  0.000E+00
 -6.6212500E+03 -0.000E+00 -0.000E+00  0.000E+00
 -6.6207500E+03 -0.000E+00 -0.000E+00  0.000E+00
 -6.6202500E+03 -0.000E+00 -0.000E+00  0.000E+00
 -6.6197500E+03 -0.000E+00 -0.000E+00  0.000E+00
 -6.6192500E+03 -0.000E+00 -0.000E+00  0.000E+00
 -6.6187500E+03 -0.000E+00 -0.000E+00  0.000E+00
 -6.6182500E+03 -0.000E+00 -0.000E+00  0.000E+00
 -6.6177500E+03 -0.000E+00 -0.000E+00  0.000E+00
 -6.6172500E+03 -0.000E+00 -0.000E+00  0.000E+00
 -6.6167500E+03 -0.000E+00 -0.000E+00  0.000E+00
 -6.6162500E+03 -0.000E+00 -0.000E+00  0.000E+00
 -6.6157500E+03 -0.000E+00 -0.000E+00  0.000E+00
 -6.6152500E+03 -0.000E+00 -0.000E+00  0.000E+00
 -6.6147500E+03 -0.000E+00 -0.000E+00  0.000E+00
 -6.6142500E+03 -0.000E+00 -0.000E+00  0.000E+00
 -6.6137500E+03 -0.000E+00 -0.000E+00  0.000E+00
 -6.6132500E+03 -0.000E+00 -0.000E+00  0.000E+00
 -6.6127500E+03 -0.000E+00 -0.000E+00  0.000E+00
 -6.6122500E+03 -0.000E+00 -0.000E+00  0.000E+00
 -6.6117500E+03 -0.000E+00 -0.000E+00  0.000E+00
 -6.6112500E+03 -0.000E+00 -0.000E+00  0.000E+00
 -6.6107500E+03 -0.000E+00 -0.000E+00  0.000E+00
 -6.6102500E+03 -0.000E+00 -0.000E+00  0.000E+00
 -6.6097500E+03 -0.000E+00 -0.000E+00  0.000E+00
 -6.6092500E+03 -0.000E+00 -0.000E+00  0.000E+00
 -6.6087500E+03 -0.000E+00 -0.000E+00  0.000E+00
 -6.6082500E+03 -0.000E+00 -0.000E+00  0.000E+00
 -6.6077500E+03 -0.000E+00 -0.000E+00  0.000E+00
 -6.6072500E+03 -0.000E+00 -0.000E+00  0.000E+00
 -6.6067500E+03 -0.000E+00 -0.000E+00  0.000E+00
 -6.6062500E+03 -0.000E+00 -0.000E+00  0.000E+00
 -6.6057500E+03 -0.000E+00 -0.000E+00  0.000E+00
 -6.6052500E+03 -0.000E+00 -0.000E+00  0.000E+00
 -6.6047500E+03 -1.206E-10 -1.443E-09  4.771E-10
 -6.6042500E+03  1.417E-09  1.584E-08 -5.213E-09
 -6.6037500E+03 -1.970E-09 -2.174E-08  7.147E-09
 -6.6032500E+03  4.168E-10  4.376E-09 -1.433E-09
 -6.6027500E+03 -2.108E-10 -2.203E-09  7.213E-10
 -6.6022500E+03  1.649E-11  2.852E-10 -9.603E-11
 -6.6017500E+03  8.420E-10  9.054E-09 -2.974E-09
 -6.6012500E+03 -1.642E-09 -1.706E-08  5.775E-09
 -6.6007500E+03  3.798E-09  4.523E-08 -1.343E-08
 -6.6002500E+03 -9.494E-09 -9.098E-08  3.376E-08
 -6.5997500E+03  4.310E-10  2.152E-08 -1.487E-09
 -6.5992500E+03 -4.247E-09 -4.248E-08  1.508E-08
 -6.5987500E+03  4.262E-07  4.784E-06 -1.505E-06
 -6.5982500E+03  1.045E-07  1.681E-06 -3.652E-07
 -6.5977500E+03 -5.143E-06 -5.483E-05  1.811E-05
 -6.5972500E+03 -1.433E-06 -1.452E-05  5.005E-06
 -6.5967500E+03 -6.916E-07 -6.956E-06  2.381E-06
 -6.5962500E+03  1.048E-07  1.652E-06 -4.159E-07
 -6.5957500E+03  2.744E-06  3.138E-05 -9.599E-06
 -6.5952500E+03  1.632E-05  1.745E-04 -5.685E-05
 -6.5947500E+03 -1.357E-06 -1.413E-06  4.946E-06
 -6.5942500E+03 -3.738E-06 -1.939E-05  1.329E-05
 -6.5937500E+03  1.518E-06  6.414E-05 -4.597E-06
 -6.5932500E+03 -5.609E-07  3.437E-05  2.546E-06
 -6.5927500E+03 -1.337E-05 -1.024E-04  4.667E-05
 -6.5922500E+03 -5.066E-06 -7.181E-05  1.719E-05
 -6.5917500E+03  8.390E-06  5.414E-05 -2.927E-05
 -6.5912500E+03 -1.182E-05 -6.467E-05  4.136E-05
 -6.5907500E+03 -2.759E-05 -2.488E-04  9.477E-05
 -6.5902500E+03  4.200E-06  5.986E-05 -1.448E-05
 -6.5897500E+03 -8.111E-05  1.528E-03  3.160E-04
 -6.5892500E+03 -3.925E-06  2.373E-04  1.808E-05
 -6.5887500E+03 -4.015E-04 -1.243E-03  1.412E-03
 -6.5882500E+03  2.152E-04  6.315E-03 -6.546E-04
 -6.5877500E+03 -2.447E-03  3.516E-02  9.434E-03
 -6.5872500E+03  1.476E-03 -1.158E-03 -5.297E-03
 -6.5867500E+03  6.058E-04 -4.805E-03 -2.265E-03
 -6.5862500E+03 -1.248E-03 -4.551E-03  4.348E-03
 -6.5857500E+03 -1.982E-03  6.245E-03  7.205E-03
 -6.5852500E+03  2.467E-03  2.017E-02 -8.324E-03
 -6.5847500E+03 -1.478E-03  9.841E-05  5.270E-03
 -6.5842500E+03 -3.746E-03  8.149E-03  1.355E-02
 -6.5837500E+03  3.097E-03  5.280E-02 -9.720E-03
 -6.5832500E+03  2.497E-03  1.573E-02 -8.386E-03
 -6.5827500E+03 -3.592E-03 -6.793E-03  1.262E-02
 -6.5822500E+03  1.418E-03  1.447E-02 -4.667E-03
 -6.5817500E+03 -2.688E-04  1.068E-02  1.236E-03
 -6.5812500E+03  1.733E-03  2.179E-02 -5.499E-03
 -6.5807500E+03 -5.045E-03  3.031E-02  1.883E-02
 -6.5802500E+03  1.140E-03  6.893E-02 -1.968E-03
 -6.5797500E+03 -7.661E-03  6.090E-02  2.905E-02
 -6.5792500E+03  3.979E-03  1.013E-01 -1.095E-02
 -6.5787500E+03 -1.119E-03 -6.828E-04  4.017E-03
 -6.5782500E+03 -4.694E-03  1.211E-01  2.065E-02
 -6.5777500E+03  2.000E-03  1.349E-01 -2.542E-03
 -6.5772500E+03  5.897E-04  1.450E-01  2.861E-03
 -6.5767500E+03  1.042E-02  1.113E-01 -3.315E-02
 -6.5762500E+03  9.084E-03  1.140E-01 -2.808E-02
 -6.5757500E+03 -8.788E-03  1.057E-01  3.491E-02
 -6.5752500E+03  4.933E-04  1.667E-01  4.626E-03
 -6.5747500E+03  1.940E-02  1.252E-01 -6.391E-02
 -6.5742500E+03 -3.949E-02  1.970E-01  1.478E-01
 -6.5737500E+03 -1.566E-02  2.154E-01  6.394E-02
 -6.5732500E+03 -4.666E-03  2.502E-01  2.645E-02
 -6.5727500E+03 -6.064E-03  4.165E-01  3.836E-02
 -6.5722500E+03  1.214E-02  4.761E-01 -2.306E-02
 -6.5717500E+03 -1.924E-02  1.819E-01  7.587E-02
 -6.5712500E+03  2.066E-02  4.864E-01 -5.269E-02
 -6.5707500E+03 -4.644E-03  5.720E-01  4.141E-02
 -6.5702500E+03  5.180E-03  7.016E-01  1.240E-02
 -6.5697500E+03 -3.478E-02  5.024E-01  1.454E-01
 -6.5692500E+03  2.572E-02  8.017E-01 -5.481E-02
 -6.5687500E+03 -3.341E-02  8.864E-01  1.591E-01
 -6.5682500E+03  2.802E-02  8.655E-01 -5.895E-02
 -6.5677500E+03 -6.321E-02  8.701E-01  2.643E-01
 -6.5672500E+03 -1.724E-02  1.271E+00  1.216E-01
 -6.5667500E+03 -1.843E-02  1.061E+00  1.168E-01
 -6.5662500E+03  4.731E-02  1.146E+00 -1.106E-01
 -6.5657500E+03 -2.005E-02  1.544E+00  1.476E-01
 -6.5652500E+03  1.574E-02  1.810E+00  3.524E-02
 -6.5647500E+03 -4.515E-02  1.845E+00  2.537E-01
 -6.5642500E+03 -4.363E-02  1.680E+00  2.409E-01
 -6.5637500E+03 -2.917E-02  2.315E+00  2.249E-01
 -6.5632500E+03 -2.487E-02  2.429E+00  2.162E-01
 -6.5627500E+03  1.204E-02  2.711E+00  1.020E-01
 -6.5622500E+03  6.366E-02  2.968E+00 -6.351E-02
 -6.5617500E+03  1.955E-02  2.554E+00  7.142E-02
 -6.5612500E+03  7.984E-03  3.305E+00  1.554E-01
 -6.5607500E+03 -6.349E-02  3.197E+00  4.040E-01
 -6.5602500E+03  2.083E-02  3.633E+00  1.333E-01
 -6.5597500E+03 -1.060E-01  4.048E+00  6.072E-01
 -6.5592500E+03 -3.673E-02  4.144E+00  3.716E-01
 -6.5587500E+03 -4.371E-02  4.532E+00  4.216E-01
 -6.5582500E+03  4.050E-02  4.326E+00  1.182E-01
 -6.5577500E+03 -2.114E-01  4.474E+00  1.013E+00
 -6.5572500E+03 -1.101E-02  5.430E+00  3.677E-01
 -6.5567500E+03  1.887E-01  5.609E+00 -3.179E-01
 -6.5562500E+03 -1.426E-01  5.980E+00  8.730E-01
 -6.5557500E+03 -7.499E-04  6.407E+00  4.038E-01
 -6.5552500E+03  2.945E-02  6.900E+00  3.344E-01
 -6.5547500E+03  1.629E-02  7.391E+00  4.186E-01
 -6.5542500E+03  7.469E-02  7.686E+00  2.376E-01
 -6.5537500E+03 -7.819E-03  8.118E+00  5.590E-01
 -6.5532500E+03  9.727E-02  8.132E+00  1.961E-01
 -6.5527500E+03  4.156E-02  8.627E+00  4.319E-01
 -6.5522500E+03  6.844E-02  9.678E+00  4.104E-01
 -6.5517500E+03 -8.231E-02  1.006E+01  9.722E-01
 -6.5512500E+03  1.191E-01  1.042E+01  2.984E-01
 -6.5507500E+03 -3.965E-02  9.671E+00  8.103E-01
 -6.5502500E+03  1.713E-01  1.062E+01  1.477E-01
 -6.5497500E+03 -4.410E-02  1.026E+01  8.809E-01
 -6.5492500E+03 -1.056E-01  1.189E+01  1.221E+00
 -6.5487500E+03  3.595E-01  1.302E+01 -3.214E-01
 -6.5482500E+03 -3.221E-02  1.254E+01  1.026E+00
 -6.5477500E+03 -1.266E-01  1.311E+01  1.406E+00
 -6.5472500E+03  1.811E-01  1.338E+01  3.573E-01
 -6.5467500E+03  3.287E-02  1.421E+01  9.461E-01
 -6.5462500E+03  2.010E-02  1.463E+01  1.036E+00
 -6.5457500E+03  3.817E-01  1.451E+01 -2.330E-01
 -6.5452500E+03  1.706E-01  1.544E+01  5.876E-01
 -6.5447500E+03  3.823E-01  1.508E+01 -1.665E-01
 -6.5442500E+03 -7.192E-02  1.624E+01  1.516E+00
 -6.5437500E+03  4.889E-02  1.806E+01  1.240E+00
 -6.5432500E+03  2.122E-01  1.784E+01  6.778E-01
 -6.5427500E+03  2.733E-01  1.645E+01  3.709E-01
 -6.5422500E+03  2.344E-01  1.774E+01  6.231E-01
 -6.5417500E+03  2.166E-01  1.778E+01  6.937E-01
 -6.5412500E+03  5.082E-01  1.717E+01 -3.649E-01
 -6.5407500E+03  3.337E-01  1.725E+01  2.740E-01
 -6.5402500E+03 -1.756E-01  1.726E+01  2.057E+00
 -6.5397500E+03  1.627E-01  1.966E+01  1.088E+00
 -6.5392500E+03  4.705E-02  1.947E+01  1.492E+00
 -6.5387500E+03  2.741E-01  1.927E+01  6.943E-01
 -6.5382500E+03  3.718E-01  1.883E+01  3.256E-01
 -6.5377500E+03  1.993E-01  1.917E+01  9.635E-01
 -6.5372500E+03  7.184E-02  1.907E+01  1.437E+00
 -6.5367500E+03 -3.602E-02  2.096E+01  1.982E+00
 -6.5362500E+03  2.323E-01  2.151E+01  1.097E+00
 -6.5357500E+03  2.620E-01  2.136E+01  9.964E-01
 -6.5352500E+03  1.243E-01  2.181E+01  1.534E+00
 -6.5347500E+03  6.234E-01  2.066E+01 -2.961E-01
 -6.5342500E+03  3.304E-01  2.062E+01  7.440E-01
 -6.5337500E+03  1.472E-01  2.219E+01  1.537E+00
 -6.5332500E+03  3.696E-01  2.164E+01  7.249E-01
 -6.5327500E+03  5.980E-01  2.135E+01 -8.458E-02
 -6.5322500E+03 -6.766E-02  2.084E+01  2.207E+00
 -6.5317500E+03  1.987E-01  2.128E+01  1.328E+00
 -6.5312500E+03  4.868E-01  2.189E+01  4.012E-01
 -6.5307500E+03  4.415E-01  2.189E+01  5.794E-01
 -6.5302500E+03  3.143E-01  2.179E+01  1.029E+00
 -6.5297500E+03  3.989E-01  1.971E+01  5.672E-01
 -6.5292500E+03  2.355E-01  1.992E+01  1.160E+00
 -6.5287500E+03  3.624E-01  2.143E+01  8.750E-01
 -6.5282500E+03  3.698E-01  2.104E+01  8.196E-01
 -6.5277500E+03  2.911E-01  2.153E+01  1.162E+00
 -6.5272500E+03  3.537E-01  1.990E+01  7.962E-01
 -6.5267500E+03  1.365E-01  1.887E+01  1.479E+00
 -6.5262500E+03  4.492E-01  1.949E+01  4.660E-01
 -6.5257500E+03  3.162E-03  1.953E+01  2.036E+00
 -6.5252500E+03  5.465E-01  1.914E+01  1.063E-01
 -6.5247500E+03  1.972E-01  2.011E+01  1.443E+00
 -6.5242500E+03  4.124E-01  1.927E+01  6.183E-01
 -6.5237500E+03  3.271E-01  1.877E+01  8.758E-01
 -6.5232500E+03  6.547E-01  1.754E+01 -3.533E-01
 -6.5227500E+03  5.536E-01  1.853E+01  1.037E-01
 -6.5222500E+03  1.416E-01  1.793E+01  1.486E+00
 -6.5217500E+03  1.280E-01  1.809E+01  1.536E+00
 -6.5212500E+03  4.803E-01  1.797E+01  3.387E-01
 -6.5207500E+03  1.516E-01  1.866E+01  1.561E+00
 -6.5202500E+03  6.311E-02  1.589E+01  1.596E+00
 -6.5197500E+03  7.116E-01  1.686E+01 -5.489E-01
 -6.5192500E+03  4.846E-01  1.502E+01  6.610E-02
 -6.5187500E+03  7.733E-01  1.612E+01 -8.192E-01
 -6.5182500E+03  1.074E-01  1.554E+01  1.455E+00
 -6.5177500E+03  2.600E-01  1.561E+01  9.448E-01
 -6.5172500E+03  2.963E-01  1.374E+01  6.032E-01
 -6.5167500E+03 -5.762E-03  1.506E+01  1.829E+00
 -6.5162500E+03  2.744E-01  1.275E+01  6.130E-01
 -6.5157500E+03  2.827E-01  1.043E+01  3.462E-01
 -6.5152500E+03  3.411E-01  1.296E+01  4.282E-01
 -6.5147500E+03  1.918E-01  1.176E+01  8.208E-01
 -6.5142500E+03  3.000E-01  1.219E+01  4.928E-01
 -6.5137500E+03  2.518E-01  1.215E+01  6.640E-01
 -6.5132500E+03  2.414E-01  1.054E+01  5.568E-01
 -6.5127500E+03  5.099E-01  9.709E+00 -4.952E-01
 -6.5122500E+03  2.846E-01  1.245E+01  6.186E-01
 -6.5117500E+03  1.961E-01  1.138E+01  8.018E-01
 -6.5112500E+03  5.738E-01  1.150E+01 -4.799E-01
 -6.5107500E+03  2.428E-01  1.010E+01  5.127E-01
 -6.5102500E+03 -9.979E-02  8.319E+00  1.507E+00
 -6.5097500E+03  2.267E-01  7.421E+00  2.596E-01
 -6.5092500E+03  6.494E-01  6.362E+00 -1.261E+00
 -6.5087500E+03  4.848E-01  8.701E+00 -4.255E-01
 -6.5082500E+03  1.931E-01  8.056E+00  4.762E-01
 -6.5077500E+03  5.261E-01  6.643E+00 -8.133E-01
 -6.5072500E+03  2.149E-01  7.390E+00  3.786E-01
 -6.5067500E+03  1.792E-01  8.211E+00  5.880E-01
 -6.5062500E+03  9.650E-02  6.777E+00  6.924E-01
 -6.5057500E+03  3.871E-01  5.550E+00 -4.282E-01
 -6.5052500E+03  2.888E-02  5.106E+00  7.500E-01
 -6.5047500E+03 -8.839E-02  4.282E+00  1.061E+00
 -6.5042500E+03  6.600E-02  4.505E+00  5.324E-01
 -6.5037500E+03  4.776E-01  5.258E+00 -7.841E-01
 -6.5032500E+03  2.024E-01  4.481E+00  9.053E-02
 -6.5027500E+03  2.595E-01  4.648E+00 -7.105E-02
 -6.5022500E+03  6.377E-02  2.426E+00  3.275E-01
 -6.5017500E+03  1.825E-01  3.251E+00  5.564E-03
 -6.5012500E+03  3.192E-01  3.492E+00 -4.082E-01
 -6.5007500E+03  5.412E-02  3.147E+00  4.533E-01
 -6.5002500E+03  4.975E-01  2.948E+00 -1.115E+00
 -6.4997500E+03  3.585E-02  2.058E+00  3.711E-01
 -6.4992500E+03 -2.556E-01  1.428E+00  1.324E+00
 -6.4987500E+03  2.846E-02  2.253E+00  4.596E-01
 -6.4982500E+03  1.851E-01  1.933E+00 -1.454E-01
 -6.4977500E+03  1.931E-01  2.438E+00 -9.110E-02
 -6.4972500E+03  9.940E-02  9.872E-01  4.797E-02
 -6.4967500E+03  2.389E-01  7.738E-01 -4.392E-01
 -6.4962500E+03  2.594E-01  3.992E-02 -6.152E-01
 -6.4957500E+03  2.284E-01  7.680E-01 -4.155E-01
 -6.4952500E+03 -3.853E-02 -7.307E-01  2.968E-01
 -6.4947500E+03  1.779E-01  6.563E-01 -2.719E-01
 -6.4942500E+03  1.888E-01 -6.793E-01 -4.920E-01
 -6.4937500E+03  4.919E-02 -1.630E+00 -8.735E-02
 -6.4932500E+03  1.192E-01 -1.263E+00 -2.624E-01
 -6.4927500E+03 -2.989E-01 -1.361E+00  1.128E+00
 -6.4922500E+03  3.519E-01 -2.306E-01 -9.714E-01
 -6.4917500E+03  5.615E-02 -5.323E-01  3.226E-02
 -6.4912500E+03  7.070E-02 -2.598E+00 -3.182E-01
 -6.4907500E+03 -9.791E-02 -2.168E+00  3.544E-01
 -6.4902500E+03  1.340E-01 -1.256E+00 -3.539E-01
 -6.4897500E+03 -4.156E-02 -2.721E+00  4.559E-02
 -6.4892500E+03  2.363E-01 -2.455E+00 -8.657E-01
 -6.4887500E+03 -2.526E-01 -3.610E+00  6.828E-01
 -6.4882500E+03 -3.632E-02 -2.614E+00  5.447E-02
 -6.4877500E+03  1.947E-01 -2.335E+00 -6.946E-01
 -6.4872500E+03  2.343E-01 -3.669E+00 -1.008E+00
 -6.4867500E+03  6.754E-03 -2.909E+00 -1.231E-01
 -6.4862500E+03 -2.685E-01 -2.197E+00  9.424E-01
 -6.4857500E+03 -1.399E-01 -3.885E+00  2.288E-01
 -6.4852500E+03  1.800E-01 -3.908E+00 -8.704E-01
 -6.4847500E+03  1.891E-01 -3.558E+00 -8.562E-01
 -6.4842500E+03  2.506E-02 -3.175E+00 -2.632E-01
 -6.4837500E+03 -9.544E-02 -3.451E+00  1.388E-01
 -6.4832500E+03  1.124E-01 -3.378E+00 -5.498E-01
 -6.4827500E+03 -1.607E-01 -2.969E+00  4.387E-01
 -6.4822500E+03  8.243E-02 -4.186E+00 -5.604E-01
 -6.4817500E+03  5.056E-02 -4.590E+00 -5.440E-01
 -6.4812500E+03 -5.901E-02 -4.720E+00 -1.307E-01
 -6.4807500E+03  7.437E-02 -4.890E+00 -6.481E-01
 -6.4802500E+03  2.720E-02 -3.850E+00 -3.428E-01
 -6.4797500E+03 -1.633E-02 -3.579E+00 -1.489E-01
 -6.4792500E+03 -1.432E-01 -4.597E+00  1.303E-01
 -6.4787500E+03  3.485E-02 -4.152E+00 -4.121E-01
 -6.4782500E+03 -1.526E-02 -4.822E+00 -3.554E-01
 -6.4777500E+03 -2.307E-01 -5.799E+00  2.876E-01
 -6.4772500E+03  2.122E-01 -5.602E+00 -1.207E+00
 -6.4767500E+03 -1.717E-01 -5.769E+00  5.144E-02
 -6.4762500E+03  8.804E-02 -4.157E+00 -6.305E-01
 -6.4757500E+03 -2.143E-01 -4.365E+00  4.008E-01
 -6.4752500E+03 -1.110E-01 -5.049E+00 -4.034E-02
 -6.4747500E+03 -1.393E-02 -4.314E+00 -2.912E-01
 -6.4742500E+03 -9.391E-02 -5.347E+00 -1.290E-01
 -6.4737500E+03  2.094E-01 -5.536E+00 -1.211E+00
 -6.4732500E+03  1.148E-01 -5.458E+00 -9.034E-01
 -6.4727500E+03  2.098E-02 -4.254E+00 -3.808E-01
 -6.4722500E+03 -2.071E-01 -5.949E+00  1.466E-01
 -6.4717500E+03 -1.408E-01 -4.776E+00  8.206E-02
 -6.4712500E+03 -1.436E-01 -4.390E+00  1.510E-01
 -6.4707500E+03  3.829E-02 -5.469E+00 -6.128E-01
 -6.4702500E+03 -2.815E-02 -5.677E+00 -4.442E-01
 -6.4697500E+03 -2.455E-02 -5.452E+00 -4.204E-01
 -6.4692500E+03 -2.375E-01 -5.805E+00  2.624E-01
 -6.4687500E+03  3.422E-02 -5.816E+00 -6.692E-01
 -6.4682500E+03 -2.930E-01 -5.643E+00  4.471E-01
 -6.4677500E+03 -3.532E-02 -5.178E+00 -3.248E-01
 -6.4672500E+03 -1.337E-01 -5.528E+00 -3.172E-02
 -6.4667500E+03  1.341E-02 -5.752E+00 -6.008E-01
 -6.4662500E+03 -1.389E-01 -5.044E+00 -2.578E-03
 -6.4657500E+03 -1.527E-01 -5.822E+00 -5.042E-02
 -6.4652500E+03  3.231E-02 -6.164E+00 -7.111E-01
 -6.4647500E+03 -1.725E-01 -5.164E+00  8.864E-02
 -6.4642500E+03 -8.690E-02 -4.828E+00 -1.458E-01
 -6.4637500E+03 -7.318E-02 -6.471E+00 -4.069E-01
 -6.4632500E+03 -1.974E-01 -6.431E+00 -3.740E-03
 -6.4627500E+03 -3.430E-02 -6.164E+00 -5.112E-01
 -6.4622500E+03 -1.422E-01 -5.912E+00 -1.096E-01
 -6.4617500E+03 -2.101E-01 -5.083E+00  2.399E-01
 -6.4612500E+03  5.130E-03 -5.514E+00 -5.579E-01
 -6.4607500E+03  8.100E-02 -5.290E+00 -7.862E-01
 -6.4602500E+03 -6.374E-02 -5.672E+00 -3.503E-01
 -6.4597500E+03 -5.061E-02 -5.301E+00 -3.263E-01
 -6.4592500E+03  2.110E-02 -5.484E+00 -5.988E-01
 -6.4587500E+03 -2.717E-01 -5.263E+00  3.935E-01
 -6.4582500E+03 -1.061E-01 -6.059E+00 -2.671E-01
 -6.4577500E+03 -1.547E-02 -5.491E+00 -4.781E-01
 -6.4572500E+03  2.585E-02 -5.258E+00 -5.914E-01
 -6.4567500E+03 -7.208E-02 -5.537E+00 -3.005E-01
 -6.4562500E+03 -1.207E-01 -5.097E+00 -1.013E-01
 -6.4557500E+03 -1.877E-01 -5.541E+00  7.202E-02
 -6.4552500E+03 -8.692E-02 -5.311E+00 -2.297E-01
 -6.4547500E+03 -2.390E-01 -5.738E+00  2.433E-01
 -6.4542500E+03 -1.506E-01 -6.464E+00 -2.118E-01
 -6.4537500E+03 -1.241E-01 -5.864E+00 -2.224E-01
 -6.4532500E+03 -1.750E-01 -5.301E+00  4.493E-02
 -6.4527500E+03 -1.057E-01 -5.748E+00 -2.235E-01
 -6.4522500E+03  1.508E-01 -5.248E+00 -1.038E+00
 -6.4517500E+03 -2.527E-02 -5.478E+00 -4.969E-01
 -6.4512500E+03 -3.029E-01 -5.484E+00  4.757E-01
 -6.4507500E+03 -2.121E-01 -5.812E+00  8.580E-02
 -6.4502500E+03 -1.198E-01 -5.632E+00 -2.047E-01
 -6.4497500E+03 -1.270E-01 -6.013E+00 -2.257E-01
 -6.4492500E+03 -1.441E-02 -5.123E+00 -4.516E-01
 -6.4487500E+03 -2.276E-01 -5.454E+00  1.950E-01
 -6.4482500E+03 -1.851E-01 -5.151E+00  1.152E-01
 -6.4477500E+03  4.521E-02 -5.733E+00 -7.646E-01
 -6.4472500E+03 -1.272E-01 -5.294E+00 -1.323E-01
 -6.4467500E+03  2.327E-02 -5.627E+00 -6.798E-01
 -6.4462500E+03 -3.593E-02 -5.340E+00 -4.074E-01
 -6.4457500E+03 -2.871E-01 -5.578E+00  3.651E-01
 -6.4452500E+03 -8.272E-02 -5.415E+00 -2.902E-01
 -6.4447500E+03 -1.325E-03 -5.541E+00 -6.243E-01
 -6.4442500E+03  3.735E-03 -4.967E+00 -5.268E-01
 -6.4437500E+03 -6.218E-02 -4.801E+00 -2.707E-01
 -6.4432500E+03 -7.948E-02 -5.558E+00 -3.472E-01
 -6.4427500E+03 -1.441E-01 -4.770E+00  2.142E-02
 -6.4422500E+03 -1.652E-02 -5.228E+00 -4.934E-01
 -6.4417500E+03 -1.597E-01 -5.528E+00 -5.999E-02
 -6.4412500E+03 -2.397E-01 -5.217E+00  2.696E-01
 -6.4407500E+03 -1.511E-01 -5.137E+00 -4.536E-02
 -6.4402500E+03 -2.687E-02 -4.910E+00 -4.255E-01
 -6.4397500E+03  2.222E-03 -5.114E+00 -5.295E-01
 -6.4392500E+03 -5.805E-02 -5.445E+00 -3.941E-01
 -6.4387500E+03 -9.216E-02 -5.170E+00 -2.579E-01
 -6.4382500E+03 -1.748E-01 -5.115E+00  2.886E-02
 -6.4377500E+03 -6.977E-02 -5.239E+00 -3.364E-01
 -6.4372500E+03  1.130E-02 -4.782E+00 -5.264E-01
 -6.4367500E+03 -1.675E-01 -4.828E+00  7.525E-02
 -6.4362500E+03 -1.997E-01 -4.506E+00  1.942E-01
 -6.4357500E+03 -9.956E-02 -5.307E+00 -2.392E-01
 -6.4352500E+03 -4.389E-02 -4.743E+00 -3.489E-01
 -6.4347500E+03 -8.809E-02 -4.620E+00 -2.133E-01
 -6.4342500E+03 -9.030E-02 -4.756E+00 -2.212E-01
 -6.4337500E+03 -4.450E-02 -5.168E+00 -4.125E-01
 -6.4332500E+03  4.132E-02 -5.208E+00 -7.298E-01
 -6.4327500E+03 -7.076E-02 -4.398E+00 -2.280E-01
 -6.4322500E+03  4.335E-02 -5.004E+00 -6.832E-01
 -6.4317500E+03 -2.374E-01 -5.291E+00  2.381E-01
 -6.4312500E+03 -5.360E-02 -4.599E+00 -3.217E-01
 -6.4307500E+03 -1.016E-01 -4.583E+00 -1.455E-01
 -6.4302500E+03 -1.542E-01 -4.839E+00 -6.474E-05
 -6.4297500E+03 -1.017E-01 -4.741E+00 -1.880E-01
 -6.4292500E+03 -1.207E-01 -4.796E+00 -1.023E-01
 -6.4287500E+03 -9.006E-02 -4.792E+00 -2.165E-01
 -6.4282500E+03 -1.067E-01 -4.523E+00 -1.411E-01
 -6.4277500E+03 -4.097E-02 -3.926E+00 -2.767E-01
 -6.4272500E+03 -8.080E-02 -4.812E+00 -2.617E-01
 -6.4267500E+03 -9.565E-02 -4.788E+00 -2.137E-01
 -6.4262500E+03 -6.181E-02 -4.765E+00 -3.268E-01
 -6.4257500E+03 -1.178E-01 -4.331E+00 -4.485E-02
 -6.4252500E+03 -8.812E-02 -4.547E+00 -1.746E-01
 -6.4247500E+03 -2.733E-02 -4.804E+00 -4.368E-01
 -6.4242500E+03 -2.239E-01 -4.370E+00  2.887E-01
 -6.4237500E+03 -8.728E-02 -4.600E+00 -2.226E-01
 -6.4232500E+03 -4.494E-02 -4.288E+00 -3.133E-01
 -6.4227500E+03 -9.954E-02 -3.993E+00 -1.037E-01
 -6.4222500E+03 -8.144E-02 -4.319E+00 -2.003E-01
 -6.4217500E+03 -2.063E-01 -4.312E+00  2.273E-01
 -6.4212500E+03  3.525E-02 -4.603E+00 -6.473E-01
 -6.4207500E+03 -2.171E-02 -4.241E+00 -3.956E-01
 -6.4202500E+03 -1.154E-01 -4.441E+00 -9.167E-02
 -6.4197500E+03 -7.985E-02 -4.786E+00 -2.801E-01
 -6.4192500E+03 -1.630E-02 -4.483E+00 -4.247E-01
 -6.4187500E+03 -1.080E-01 -4.316E+00 -1.075E-01
 -6.4182500E+03 -1.036E-01 -4.505E+00 -1.454E-01
 -6.4177500E+03  2.037E-02 -3.977E+00 -4.912E-01
 -6.4172500E+03 -6.735E-02 -4.017E+00 -1.926E-01
 -6.4167500E+03 -6.104E-02 -4.012E+00 -2.571E-01
 -6.4162500E+03 -1.883E-02 -4.378E+00 -4.294E-01
 -6.4157500E+03 -1.068E-01 -4.175E+00 -9.153E-02
 -6.4152500E+03 -1.653E-01 -4.344E+00  9.435E-02
 -6.4147500E+03 -1.082E-03 -4.052E+00 -4.486E-01
 -6.4142500E+03 -1.576E-01 -4.244E+00  6.403E-02
 -6.4137500E+03 -7.151E-02 -4.110E+00 -2.417E-01
 -6.4132500E+03 -2.656E-02 -3.996E+00 -3.720E-01
 -6.4127500E+03 -4.349E-02 -4.060E+00 -2.829E-01
 -6.4122500E+03 -1.086E-01 -4.128E+00 -8.151E-02
 -6.4117500E+03 -1.409E-01 -4.210E+00  1.120E-02
 -6.4112500E+03 -1.082E-01 -3.619E+00 -9.207E-03
 -6.4107500E+03 -6.021E-02 -3.779E+00 -1.901E-01
 -6.4102500E+03 -7.700E-02 -3.961E+00 -1.873E-01
 -6.4097500E+03 -8.209E-02 -4.029E+00 -1.819E-01
 -6.4092500E+03 -1.059E-01 -3.706E+00 -4.296E-02
 -6.4087500E+03  4.014E-02 -3.732E+00 -5.286E-01
 -6.4082500E+03 -9.612E-02 -3.689E+00 -7.131E-02
 -6.4077500E+03 -5.224E-02 -3.899E+00 -2.502E-01
 -6.4072500E+03 -4.123E-02 -3.552E+00 -2.419E-01
 -6.4067500E+03 -1.387E-01 -3.964E+00  2.573E-02
 -6.4062500E+03 -1.092E-01 -3.647E+00 -2.853E-02
 -6.4057500E+03  1.291E-02 -3.850E+00 -4.797E-01
 -6.4052500E+03 -1.112E-01 -3.902E+00 -6.085E-02
 -6.4047500E+03 -8.046E-02 -3.421E+00 -8.379E-02
 -6.4042500E+03 -1.013E-01 -3.594E+00 -3.249E-02
 -6.4037500E+03 -1.122E-01 -3.432E+00  1.092E-02
 -6.4032500E+03 -7.200E-02 -3.384E+00 -1.068E-01
 -6.4027500E+03  4.717E-02 -3.088E+00 -4.845E-01
 -6.4022500E+03 -3.741E-02 -3.682E+00 -2.903E-01
 -6.4017500E+03 -1.183E-01 -3.867E+00 -2.147E-02
 -6.4012500E+03 -6.525E-02 -3.631E+00 -1.879E-01
 -6.4007500E+03 -3.202E-02 -3.823E+00 -3.326E-01
 -6.4002500E+03 -7.247E-02 -3.717E+00 -1.818E-01
 -6.3997500E+03 -1.466E-01 -3.615E+00  1.097E-01
 -6.3992500E+03 -8.030E-02 -3.772E+00 -1.498E-01
 -6.3987500E+03 -1.341E-01 -3.142E+00  1.116E-01
 -6.3982500E+03 -9.309E-02 -3.449E+00 -6.440E-02
 -6.3977500E+03 -5.782E-02 -3.035E+00 -1.169E-01
 -6.3972500E+03 -4.513E-02 -3.481E+00 -2.152E-01
 -6.3967500E+03 -1.115E-01 -3.202E+00  2.689E-02
 -6.3962500E+03 -4.373E-03 -3.485E+00 -3.730E-01
 -6.3957500E+03 -9.809E-02 -3.417E+00 -5.929E-02
 -6.3952500E+03 -5.646E-02 -3.547E+00 -2.069E-01
 -6.3947500E+03 -4.262E-02 -3.471E+00 -2.302E-01
 -6.3942500E+03 -2.814E-02 -3.584E+00 -3.115E-01
 -6.3937500E+03 -1.811E-01 -3.322E+00  2.347E-01
 -6.3932500E+03 -9.330E-02 -3.518E+00 -9.665E-02
 -6.3927500E+03 -4.147E-02 -3.352E+00 -2.321E-01
 -6.3922500E+03 -3.993E-02 -3.209E+00 -2.037E-01
 -6.3917500E+03 -9.860E-02 -3.138E+00  8.331E-04
 -6.3912500E+03 -1.633E-01 -3.149E+00  2.184E-01
 -6.3907500E+03 -4.328E-02 -3.179E+00 -2.357E-01
 -6.3902500E+03  7.739E-02 -3.218E+00 -6.203E-01
 -6.3897500E+03 -1.961E-02 -3.377E+00 -2.997E-01
 -6.3892500E+03 -7.882E-02 -3.324E+00 -1.003E-01
 -6.3887500E+03 -9.854E-02 -2.798E+00  4.953E-02
 -6.3882500E+03 -9.426E-02 -3.082E+00 -2.772E-02
 -6.3877500E+03 -1.965E-02 -3.090E+00 -2.661E-01
 -6.3872500E+03 -5.861E-02 -3.104E+00 -1.283E-01
 -6.3867500E+03 -5.419E-02 -3.042E+00 -1.693E-01
 -6.3862500E+03 -3.797E-02 -3.127E+00 -2.364E-01
 -6.3857500E+03 -2.488E-02 -3.002E+00 -2.281E-01
 -6.3852500E+03 -1.092E-01 -2.955E+00  4.669E-02
 -6.3847500E+03 -1.341E-02 -2.994E+00 -2.845E-01
 -6.3842500E+03  1.962E-03 -2.696E+00 -3.000E-01
 -6.3837500E+03 -1.279E-01 -2.754E+00  1.239E-01
 -6.3832500E+03 -2.739E-02 -3.021E+00 -2.430E-01
 -6.3827500E+03 -1.325E-01 -3.186E+00  9.558E-02
 -6.3822500E+03 -8.196E-02 -2.991E+00 -5.163E-02
 -6.3817500E+03 -5.768E-02 -3.094E+00 -1.259E-01
 -6.3812500E+03 -3.369E-02 -2.914E+00 -1.792E-01
 -6.3807500E+03 -7.782E-02 -2.868E+00 -5.036E-02
 -6.3802500E+03 -5.696E-02 -2.883E+00 -1.300E-01
 -6.3797500E+03 -1.020E-01 -2.818E+00  3.658E-02
 -6.3792500E+03 -4.655E-02 -2.714E+00 -1.278E-01
 -6.3787500E+03 -1.227E-01 -3.139E+00  4.531E-02
 -6.3782500E+03  8.097E-03 -2.835E+00 -3.515E-01
 -6.3777500E+03 -4.768E-02 -2.649E+00 -1.327E-01
 -6.3772500E+03 -8.989E-02 -2.645E+00  8.005E-03
 -6.3767500E+03 -1.236E-02 -2.743E+00 -2.609E-01
 -6.3762500E+03 -8.621E-02 -2.705E+00 -3.182E-03
 -6.3757500E+03 -3.223E-02 -2.956E+00 -2.246E-01
 -6.3752500E+03  1.935E-03 -2.578E+00 -2.826E-01
 -6.3747500E+03 -5.910E-02 -2.683E+00 -8.388E-02
 -6.3742500E+03 -1.277E-01 -2.792E+00  1.383E-01
 -6.3737500E+03 -1.169E-01 -2.857E+00  8.428E-02
 -6.3732500E+03 -2.234E-02 -2.438E+00 -1.652E-01
 -6.3727500E+03 -5.479E-02 -2.847E+00 -1.326E-01
 -6.3722500E+03 -4.031E-02 -2.486E+00 -1.121E-01
 -6.3717500E+03 -5.809E-02 -2.767E+00 -1.153E-01
 -6.3712500E+03 -6.796E-02 -2.514E+00 -4.486E-02
 -6.3707500E+03 -4.401E-02 -2.391E+00 -9.979E-02
 -6.3702500E+03 -8.960E-02 -2.817E+00 -3.397E-03
 -6.3697500E+03 -3.369E-02 -2.670E+00 -1.872E-01
 -6.3692500E+03 -1.382E-01 -2.767E+00  1.564E-01
 -6.3687500E+03 -9.323E-02 -2.577E+00  4.255E-02
 -6.3682500E+03  7.527E-03 -2.379E+00 -2.789E-01
 -6.3677500E+03 -2.465E-02 -2.365E+00 -1.616E-01
 -6.3672500E+03 -4.916E-02 -2.624E+00 -1.213E-01
 -6.3667500E+03 -4.780E-02 -2.606E+00 -1.396E-01
 -6.3662500E+03 -8.632E-02 -2.800E+00 -2.428E-02
 -6.3657500E+03  9.403E-03 -2.458E+00 -3.123E-01
 -6.3652500E+03 -1.067E-02 -2.289E+00 -2.160E-01
 -6.3647500E+03 -5.592E-02 -2.797E+00 -1.157E-01
 -6.3642500E+03 -2.109E-02 -2.711E+00 -2.273E-01
 -6.3637500E+03 -8.867E-03 -2.334E+00 -2.311E-01
 -6.3632500E+03 -6.569E-02 -2.250E+00 -2.627E-02
 -6.3627500E+03 -4.421E-02 -2.538E+00 -1.394E-01
 -6.3622500E+03 -7.215E-02 -2.513E+00 -2.306E-02
 -6.3617500E+03 -4.564E-02 -2.132E+00 -7.155E-02
 -6.3612500E+03  8.250E-03 -2.277E+00 -2.925E-01
 -6.3607500E+03 -7.951E-02 -2.405E+00 -1.446E-02
 -6.3602500E+03  4.367E-02 -2.482E+00 -4.110E-01
 -6.3597500E+03  1.800E-02 -2.506E+00 -3.153E-01
 -6.3592500E+03 -3.819E-02 -2.287E+00 -1.362E-01
 -6.3587500E+03 -3.852E-02 -2.117E+00 -1.008E-01
 -6.3582500E+03 -8.026E-02 -2.234E+00  2.413E-02
 -6.3577500E+03 -1.164E-01 -2.299E+00  1.669E-01
 -6.3572500E+03 -7.271E-02 -2.241E+00  3.340E-02
 -6.3567500E+03 -8.618E-02 -2.610E+00  1.179E-04
 -6.3562500E+03 -8.025E-02 -2.348E+00  1.366E-02
 -6.3557500E+03 -4.532E-02 -2.065E+00 -7.195E-02
 -6.3552500E+03 -4.030E-02 -2.154E+00 -1.081E-01
 -6.3547500E+03 -7.546E-03 -2.281E+00 -2.368E-01
 -6.3542500E+03 -3.668E-02 -2.310E+00 -1.294E-01
 -6.3537500E+03 -4.702E-02 -2.123E+00 -6.986E-02
 -6.3532500E+03 -9.315E-02 -2.077E+00  1.054E-01
 -6.3527500E+03 -7.044E-02 -1.923E+00  2.443E-02
 -6.3522500E+03 -6.353E-03 -2.181E+00 -2.213E-01
 -6.3517500E+03 -1.026E-01 -2.293E+00  9.007E-02
 -6.3512500E+03 -3.373E-02 -2.245E+00 -1.147E-01
 -6.3507500E+03 -3.117E-02 -2.002E+00 -8.944E-02
 -6.3502500E+03 -5.122E-02 -2.260E+00 -8.684E-02
 -6.3497500E+03 -7.783E-02 -2.172E+00  4.309E-02
 -6.3492500E+03 -7.896E-02 -2.113E+00  5.907E-02
 -6.3487500E+03 -1.122E-02 -2.062E+00 -1.885E-01
 -6.3482500E+03 -6.712E-02 -1.850E+00  1.992E-02
 -6.3477500E+03 -2.780E-02 -1.919E+00 -1.024E-01
 -6.3472500E+03 -1.325E-02 -2.186E+00 -1.982E-01
 -6.3467500E+03 -5.552E-03 -2.197E+00 -2.288E-01
 -6.3462500E+03 -7.158E-02 -2.222E+00 -8.297E-03
 -6.3457500E+03 -6.931E-02 -1.834E+00  3.756E-02
 -6.3452500E+03 -7.458E-03 -2.131E+00 -2.145E-01
 -6.3447500E+03 -3.294E-02 -2.008E+00 -9.506E-02
 -6.3442500E+03 -1.426E-03 -2.071E+00 -2.256E-01
 -6.3437500E+03 -3.525E-02 -2.082E+00 -1.250E-01
 -6.3432500E+03 -8.113E-02 -2.129E+00  4.652E-02
 -6.3427500E+03 -2.232E-02 -1.850E+00 -1.104E-01
 -6.3422500E+03 -2.854E-02 -1.856E+00 -8.795E-02
 -6.3417500E+03 -3.939E-02 -1.993E+00 -9.799E-02
 -6.3412500E+03 -6.258E-02 -2.015E+00 -2.801E-03
 -6.3407500E+03 -2.350E-02 -2.113E+00 -1.495E-01
 -6.3402500E+03 -5.328E-02 -2.092E+00 -6.239E-02
 -6.3397500E+03 -5.068E-02 -1.861E+00 -2.810E-02
 -6.3392500E+03 -3.572E-03 -2.005E+00 -2.089E-01
 -6.3387500E+03 -2.069E-02 -1.916E+00 -1.460E-01
 -6.3382500E+03 -6.992E-02 -1.848E+00  4.371E-02
 -6.3377500E+03 -5.079E-02 -1.870E+00 -3.060E-02
 -6.3372500E+03 -9.583E-02 -1.847E+00  1.309E-01
 -6.3367500E+03 -5.553E-02 -1.995E+00 -2.982E-02
 -6.3362500E+03  3.879E-02 -2.018E+00 -3.574E-01
 -6.3357500E+03 -4.638E-02 -1.944E+00 -6.699E-02
 -6.3352500E+03 -3.394E-02 -1.705E+00 -6.495E-02
 -6.3347500E+03 -5.062E-02 -1.780E+00 -2.129E-03
 -6.3342500E+03 -7.317E-03 -1.606E+00 -1.589E-01
 -6.3337500E+03 -4.009E-02 -1.648E+00 -2.454E-02
 -6.3332500E+03 -3.765E-02 -1.800E+00 -5.752E-02
 -6.3327500E+03 -1.232E-02 -1.719E+00 -1.352E-01
 -6.3322500E+03 -7.601E-03 -1.687E+00 -1.599E-01
 -6.3317500E+03 -8.267E-02 -1.958E+00  4.907E-02
 -6.3312500E+03 -5.117E-02 -2.093E+00 -5.816E-02
 -6.3307500E+03 -5.863E-02 -1.676E+00  2.043E-02
 -6.3302500E+03 -2.084E-04 -1.794E+00 -1.895E-01
 -6.3297500E+03 -1.505E-02 -1.677E+00 -1.248E-01
 -6.3292500E+03 -2.026E-02 -1.736E+00 -1.147E-01
 -6.3287500E+03 -4.202E-02 -1.646E+00 -2.380E-02
 -6.3282500E+03 -7.461E-03 -1.711E+00 -1.490E-01
 -6.3277500E+03 -3.007E-02 -1.697E+00 -7.379E-02
 -6.3272500E+03 -2.429E-02 -1.622E+00 -8.018E-02
 -6.3267500E+03 -1.854E-03 -1.935E+00 -2.092E-01
 -6.3262500E+03 -3.711E-02 -1.722E+00 -6.782E-02
 -6.3257500E+03 -5.541E-02 -1.746E+00 -3.804E-03
 -6.3252500E+03 -1.679E-02 -1.537E+00 -1.116E-01
 -6.3247500E+03 -2.703E-02 -1.771E+00 -8.852E-02
 -6.3242500E+03  3.922E-02 -1.801E+00 -3.243E-01
 -6.3237500E+03 -3.942E-02 -1.669E+00 -5.343E-02
 -6.3232500E+03 -7.387E-02 -1.556E+00  8.944E-02
 -6.3227500E+03 -2.994E-02 -1.531E+00 -6.636E-02
 -6.3222500E+03 -6.228E-02 -1.773E+00  2.302E-02
 -6.3217500E+03  2.502E-03 -1.488E+00 -1.568E-01
 -6.3212500E+03 -5.308E-02 -1.608E+00  2.197E-02
 -6.3207500E+03 -1.099E-02 -1.768E+00 -1.559E-01
 -6.3202500E+03 -8.851E-02 -1.462E+00  1.484E-01
 -6.3197500E+03 -3.943E-02 -1.626E+00 -3.847E-02
 -6.3192500E+03 -1.016E-01 -1.640E+00  1.669E-01
 -6.3187500E+03 -4.051E-02 -1.702E+00 -5.952E-02
 -6.3182500E+03  2.025E-02 -1.557E+00 -2.388E-01
 -6.3177500E+03  5.662E-03 -1.600E+00 -1.712E-01
 -6.3172500E+03 -6.660E-02 -1.631E+00  4.867E-02
 -6.3167500E+03 -8.468E-02 -1.473E+00  1.286E-01
 -6.3162500E+03 -6.375E-02 -1.444E+00  5.986E-02
 -6.3157500E+03 -4.775E-02 -1.638E+00 -3.922E-02
 -6.3152500E+03 -6.131E-02 -1.484E+00  1.598E-02
 -6.3147500E+03 -4.001E-02 -1.474E+00 -2.411E-02
 -6.3142500E+03 -4.958E-04 -1.513E+00 -1.655E-01
 -6.3137500E+03  5.862E-03 -1.631E+00 -1.968E-01
 -6.3132500E+03 -1.915E-02 -1.649E+00 -1.154E-01
 -6.3127500E+03 -5.302E-02 -1.469E+00  3.803E-02
 -6.3122500E+03  9.179E-03 -1.390E+00 -1.682E-01
 -6.3117500E+03 -6.844E-03 -1.722E+00 -1.713E-01
 -6.3112500E+03 -1.040E-02 -1.493E+00 -1.305E-01
 -6.3107500E+03 -2.513E-02 -1.358E+00 -5.051E-02
 -6.3102500E+03  4.689E-03 -1.253E+00 -1.342E-01
 -6.3097500E+03 -1.248E-02 -1.505E+00 -1.231E-01
 -6.3092500E+03 -5.865E-02 -1.526E+00  3.110E-02
 -6.3087500E+03 -5.195E-02 -1.410E+00  4.109E-02
 -6.3082500E+03 -6.469E-02 -1.352E+00  8.356E-02
 -6.3077500E+03  3.314E-02 -1.340E+00 -2.645E-01
 -6.3072500E+03  9.712E-03 -1.361E+00 -1.862E-01
 -6.3067500E+03 -7.561E-03 -1.306E+00 -9.431E-02
 -6.3062500E+03 -2.755E-02 -1.546E+00 -5.391E-02
 -6.3057500E+03 -5.145E-02 -1.598E+00 -8.518E-04
 -6.3052500E+03 -4.033E-02 -1.326E+00 -3.464E-03
 -6.3047500E+03 -4.188E-02 -1.520E+00 -2.994E-02
 -6.3042500E+03 -4.077E-02 -1.228E+00  1.364E-02
 -6.3037500E+03 -2.549E-02 -1.256E+00 -4.714E-02
 -6.3032500E+03 -4.821E-02 -1.513E+00 -3.265E-03
 -6.3027500E+03 -4.426E-02 -1.348E+00  8.672E-03
 -6.3022500E+03 -1.294E-02 -1.409E+00 -1.108E-01
 -6.3017500E+03 -2.024E-03 -1.136E+00 -1.087E-01
 -6.3012500E+03 -7.059E-02 -1.441E+00  8.359E-02
 -6.3007500E+03 -4.948E-02 -1.370E+00  2.891E-02
 -6.3002500E+03 -4.996E-02 -1.574E+00 -1.128E-02
 -6.2997500E+03 -3.869E-02 -1.259E+00  9.388E-03
 -6.2992500E+03  2.437E-02 -1.298E+00 -2.080E-01
 -6.2987500E+03 -6.087E-02 -1.345E+00  5.969E-02
 -6.2982500E+03 -4.565E-02 -1.248E+00  1.648E-02
 -6.2977500E+03  7.313E-03 -1.281E+00 -1.528E-01
 -6.2972500E+03  2.914E-02 -1.326E+00 -2.557E-01
 -6.2967500E+03 -1.145E-02 -1.329E+00 -1.070E-01
 -6.2962500E+03  3.666E-02 -1.203E+00 -2.429E-01
 -6.2957500E+03  1.554E-02 -1.402E+00 -2.126E-01
 -6.2952500E+03  1.198E-02 -1.193E+00 -1.631E-01
 -6.2947500E+03 -6.465E-04 -1.267E+00 -1.127E-01
 -6.2942500E+03 -3.947E-02 -1.256E+00  4.314E-03
 -6.2937500E+03 -6.415E-02 -1.210E+00  7.683E-02
 -6.2932500E+03 -2.615E-02 -1.431E+00 -7.121E-02
 -6.2927500E+03  9.268E-04 -1.331E+00 -1.280E-01
 -6.2922500E+03 -1.479E-03 -1.229E+00 -1.232E-01
 -6.2917500E+03 -4.076E-02 -1.472E+00 -2.231E-02
 -6.2912500E+03 -6.045E-02 -1.311E+00  6.729E-02
 -6.2907500E+03 -5.330E-02 -1.177E+00  5.531E-02
 -6.2902500E+03 -2.551E-02 -1.065E+00 -2.395E-02
 -6.2897500E+03 -2.038E-02 -1.151E+00 -4.998E-02
 -6.2892500E+03 -2.362E-03 -1.214E+00 -1.176E-01
 -6.2887500E+03 -6.845E-03 -1.159E+00 -1.025E-01
 -6.2882500E+03 -2.305E-02 -1.137E+00 -4.549E-02
 -6.2877500E+03 -4.428E-02 -1.156E+00  3.718E-02
 -6.2872500E+03 -8.034E-02 -1.433E+00  1.142E-01
 -6.2867500E+03 -6.191E-02 -1.232E+00  7.080E-02
 -6.2862500E+03 -4.871E-02 -1.006E+00  7.233E-02
 -6.2857500E+03 -2.433E-02 -1.166E+00 -4.370E-02
 -6.2852500E+03  1.703E-03 -1.156E+00 -1.361E-01
 -6.2847500E+03 -4.330E-02 -1.263E+00 -2.073E-03
 -6.2842500E+03  2.171E-03 -1.110E+00 -1.077E-01
 -6.2837500E+03 -2.392E-02 -1.106E+00 -3.856E-02
 -6.2832500E+03 -1.531E-02 -9.556E-01 -4.289E-02
 -6.2827500E+03 -6.694E-02 -1.224E+00  8.149E-02
 -6.2822500E+03 -8.026E-02 -1.196E+00  1.407E-01
 -6.2817500E+03 -1.253E-02 -1.257E+00 -8.900E-02
 -6.2812500E+03  1.328E-02 -1.281E+00 -1.710E-01
 -6.2807500E+03 -2.044E-03 -1.171E+00 -1.253E-01
 -6.2802500E+03 -4.927E-04 -1.155E+00 -1.219E-01
 -6.2797500E+03 -1.114E-02 -1.103E+00 -7.178E-02
 -6.2792500E+03  2.098E-02 -1.173E+00 -2.031E-01
 -6.2787500E+03  7.401E-03 -1.085E+00 -1.559E-01
 -6.2782500E+03 -2.524E-02 -1.059E+00 -2.635E-02
 -6.2777500E+03 -4.849E-02 -1.015E+00  6.162E-02
 -6.2772500E+03 -3.043E-02 -1.097E+00 -8.058E-04
 -6.2767500E+03 -1.440E-02 -1.196E+00 -8.388E-02
 -6.2762500E+03 -5.767E-03 -1.201E+00 -1.050E-01
 -6.2757500E+03 -3.460E-02 -1.015E+00  2.901E-02
 -6.2752500E+03 -4.107E-02 -9.139E-01  4.894E-02
 -6.2747500E+03  1.255E-02 -1.136E+00 -1.564E-01
 -6.2742500E+03 -2.907E-02 -1.007E+00 -4.175E-03
 -6.2737500E+03 -4.919E-02 -9.332E-01  6.586E-02
 -6.2732500E+03  7.526E-03 -1.149E+00 -1.570E-01
 -6.2727500E+03 -7.799E-03 -9.998E-01 -7.131E-02
 -6.2722500E+03 -4.414E-02 -1.040E+00  3.977E-02
 -6.2717500E+03 -2.979E-02 -9.429E-01  1.892E-02
 -6.2712500E+03 -2.718E-02 -1.102E+00 -1.884E-02
 -6.2707500E+03 -3.324E-03 -1.147E+00 -1.209E-01
 -6.2702500E+03  7.131E-03 -9.764E-01 -1.248E-01
 -6.2697500E+03 -3.436E-02 -1.092E+00  4.113E-04
 -6.2692500E+03 -1.245E-02 -1.076E+00 -7.091E-02
 -6.2687500E+03  6.459E-04 -9.494E-01 -9.689E-02
 -6.2682500E+03 -5.316E-02 -1.266E+00  2.910E-02
 -6.2677500E+03 -6.516E-02 -1.038E+00  1.047E-01
 -6.2672500E+03  9.925E-03 -9.545E-01 -1.257E-01
 -6.2667500E+03 -1.208E-02 -9.945E-01 -4.827E-02
 -6.2662500E+03  2.244E-02 -8.541E-01 -1.536E-01
 -6.2657500E+03 -1.230E-02 -1.127E+00 -7.160E-02
 -6.2652500E+03 -4.058E-02 -9.973E-01  2.433E-02
 -6.2647500E+03  1.817E-02 -9.814E-01 -1.822E-01
 -6.2642500E+03  1.454E-02 -9.976E-01 -1.612E-01
 -6.2637500E+03  2.853E-02 -1.092E+00 -2.069E-01
 -6.2632500E+03 -4.255E-02 -9.639E-01  5.991E-02
 -6.2627500E+03  7.549E-03 -7.941E-01 -9.320E-02
 -6.2622500E+03 -3.232E-02 -8.704E-01  1.380E-02
 -6.2617500E+03 -1.649E-02 -9.591E-01 -4.638E-02
 -6.2612500E+03 -2.824E-02 -9.196E-01 -1.033E-02
 -6.2607500E+03 -2.958E-02 -8.858E-01  1.640E-02
 -6.2602500E+03 -3.536E-02 -1.120E+00 -1.186E-02
 -6.2597500E+03 -2.891E-02 -8.730E-01  7.243E-03
 -6.2592500E+03 -5.411E-02 -1.051E+00  6.459E-02
 -6.2587500E+03 -1.498E-02 -9.184E-01 -3.405E-02
 -6.2582500E+03  6.424E-03 -9.598E-01 -1.211E-01
 -6.2577500E+03 -5.288E-02 -1.114E+00  6.266E-02
 -6.2572500E+03 -7.425E-02 -8.677E-01  1.711E-01
 -6.2567500E+03 -7.001E-03 -7.577E-01 -5.493E-02
 -6.2562500E+03 -2.084E-03 -8.430E-01 -6.643E-02
 -6.2557500E+03  5.866E-03 -1.011E+00 -1.154E-01
 -6.2552500E+03  8.205E-03 -9.134E-01 -1.191E-01
 -6.2547500E+03 -3.509E-02 -9.375E-01  2.198E-02
 -6.2542500E+03 -1.085E-02 -7.783E-01 -4.801E-02
 -6.2537500E+03 -3.088E-03 -9.262E-01 -9.091E-02
 -6.2532500E+03 -3.449E-03 -9.633E-01 -9.768E-02
 -6.2527500E+03 -1.041E-02 -9.533E-01 -6.747E-02
 -6.2522500E+03 -1.177E-02 -8.982E-01 -6.463E-02
 -6.2517500E+03 -2.593E-02 -9.255E-01 -1.306E-02
 -6.2512500E+03  2.342E-03 -9.246E-01 -1.025E-01
 -6.2507500E+03  1.841E-02 -7.851E-01 -1.278E-01
 -6.2502500E+03 -1.077E-02 -9.477E-01 -7.114E-02
 -6.2497500E+03 -1.854E-02 -6.276E-01  3.181E-04
 -6.2492500E+03 -1.653E-02 -9.041E-01 -3.683E-02
 -6.2487500E+03 -5.286E-02 -9.506E-01  7.908E-02
 -6.2482500E+03 -2.099E-02 -8.272E-01 -1.357E-02
 -6.2477500E+03  8.430E-03 -7.063E-01 -9.328E-02
 -6.2472500E+03 -3.134E-02 -7.974E-01  2.868E-02
 -6.2467500E+03  1.128E-02 -8.506E-01 -1.282E-01
 -6.2462500E+03 -3.592E-02 -7.943E-01  5.172E-02
 -6.2457500E+03  2.083E-02 -9.685E-01 -1.718E-01
 -6.2452500E+03 -5.003E-02 -8.948E-01  7.373E-02
 -6.2447500E+03 -1.302E-02 -8.697E-01 -4.698E-02
 -6.2442500E+03 -5.090E-02 -8.172E-01  8.799E-02
 -6.2437500E+03 -2.595E-02 -8.612E-01  2.481E-03
 -6.2432500E+03 -2.884E-02 -8.552E-01  2.070E-04
 -6.2427500E+03 -2.317E-02 -7.143E-01  9.759E-03
 -6.2422500E+03 -4.103E-02 -8.243E-01  5.763E-02
 -6.2417500E+03 -3.951E-02 -8.901E-01  3.847E-02
 -6.2412500E+03 -2.651E-02 -8.967E-01 -1.594E-02
 -6.2407500E+03 -1.898E-02 -6.899E-01 -2.765E-02
 -6.2402500E+03 -3.266E-02 -8.102E-01 -5.029E-03
 -6.2397500E+03 -3.258E-02 -8.773E-01 -1.352E-02
 -6.2392500E+03 -5.359E-02 -8.021E-01  1.159E-01
 -6.2387500E+03 -1.277E-02 -6.386E-01 -2.180E-02
 -6.2382500E+03 -1.435E-02 -9.340E-01 -4.514E-02
 -6.2377500E+03  1.563E-02 -7.756E-01 -1.154E-01
 -6.2372500E+03  4.878E-02 -5.701E-01 -2.087E-01
 -6.2367500E+03 -2.714E-02 -7.600E-01  2.798E-02
 -6.2362500E+03 -4.120E-02 -8.848E-01  4.613E-02
 -6.2357500E+03 -4.021E-03 -9.709E-01 -9.354E-02
 -6.2352500E+03  4.694E-02 -8.989E-01 -2.173E-01
 -6.2347500E+03 -1.205E-02 -6.800E-01 -1.726E-02
 -6.2342500E+03 -6.107E-02 -7.336E-01  1.067E-01
 -6.2337500E+03 -3.957E-02 -6.481E-01  6.698E-02
 -6.2332500E+03 -9.306E-03 -7.199E-01 -2.307E-02
 -6.2327500E+03 -1.862E-02 -9.406E-01 -3.667E-02
 -6.2322500E+03  1.080E-02 -7.367E-01 -1.042E-01
 -6.2317500E+03 -2.145E-02 -6.919E-01  7.342E-04
 -6.2312500E+03 -5.670E-02 -7.468E-01  9.138E-02
 -6.2307500E+03 -3.138E-02 -7.594E-01  2.581E-02
 -6.2302500E+03 -3.534E-02 -6.482E-01  6.344E-02
 -6.2297500E+03  1.838E-02 -6.286E-01 -1.102E-01
 -6.2292500E+03 -2.641E-02 -7.349E-01  4.726E-03
 -6.2287500E+03  1.598E-02 -8.788E-01 -1.384E-01
 -6.2282500E+03  7.846E-03 -6.803E-01 -9.740E-02
 -6.2277500E+03 -9.882E-03 -6.981E-01 -3.581E-02
 -6.2272500E+03 -4.522E-02 -7.027E-01  5.801E-02
 -6.2267500E+03 -1.233E-02 -5.729E-01 -7.793E-03
 -6.2262500E+03 -3.426E-03 -5.746E-01 -3.761E-02
 -6.2257500E+03  1.515E-02 -6.615E-01 -1.158E-01
 -6.2252500E+03  1.740E-02 -6.605E-01 -1.253E-01
 -6.2247500E+03 -6.849E-03 -7.335E-01 -1.035E-01
 -6.2242500E+03 -7.445E-02 -7.772E-01  1.284E-01
 -6.2237500E+03 -3.577E-02 -8.649E-01  1.970E-02
 -6.2232500E+03 -1.732E-02 -8.461E-01 -7.047E-02
 -6.2227500E+03 -4.066E-02 -7.188E-01  4.425E-02
 -6.2222500E+03 -8.103E-03 -7.117E-01 -2.338E-02
 -6.2217500E+03  8.600E-03 -8.108E-01 -1.182E-01
 -6.2212500E+03  1.803E-02 -5.777E-01 -1.008E-01
 -6.2207500E+03  1.099E-02 -6.472E-01 -1.080E-01
 -6.2202500E+03 -3.606E-02 -6.767E-01  5.298E-02
 -6.2197500E+03  7.599E-03 -7.111E-01 -6.273E-02
 -6.2192500E+03 -2.120E-02 -7.196E-01  2.094E-03
 -6.2187500E+03  1.426E-03 -7.846E-01 -7.829E-02
 -6.2182500E+03  5.275E-03 -7.240E-01 -9.632E-02
 -6.2177500E+03 -2.505E-02 -5.449E-01  3.868E-02
 -6.2172500E+03 -1.206E-02 -7.152E-01 -5.084E-02
 -6.2167500E+03  1.834E-02 -6.011E-01 -1.161E-01
 -6.2162500E+03 -1.992E-02 -7.608E-01  1.965E-02
 -6.2157500E+03  2.487E-02 -7.373E-01 -1.557E-01
 -6.2152500E+03 -1.066E-02 -6.347E-01 -2.125E-02
 -6.2147500E+03 -6.710E-02 -6.112E-01  1.779E-01
 -6.2142500E+03 -1.921E-02 -7.079E-01 -7.211E-03
 -6.2137500E+03 -9.538E-03 -4.728E-01 -5.800E-02
 -6.2132500E+03 -2.055E-03 -5.750E-01 -5.244E-02
 -6.2127500E+03 -1.085E-02 -6.623E-01 -2.829E-02
 -6.2122500E+03 -1.644E-02 -6.899E-01 -1.684E-04
 -6.2117500E+03 -7.001E-04 -6.388E-01 -5.323E-02
 -6.2112500E+03 -1.094E-02 -7.103E-01 -2.989E-02
 -6.2107500E+03 -1.409E-02 -5.761E-01 -6.379E-03
 -6.2102500E+03 -5.622E-02 -6.205E-01  1.362E-01
 -6.2097500E+03 -5.345E-03 -6.095E-01 -2.568E-02
 -6.2092500E+03  2.163E-02 -6.341E-01 -1.353E-01
 -6.2087500E+03 -6.967E-03 -6.109E-01 -4.374E-02
 -6.2082500E+03 -2.207E-02 -5.336E-01  1.266E-02
 -6.2077500E+03 -1.937E-02 -6.891E-01 -2.179E-02
 -6.2072500E+03  1.301E-02 -5.978E-01 -1.105E-01
 -6.2067500E+03 -3.587E-02 -6.308E-01  4.923E-02
 -6.2062500E+03  1.192E-02 -5.254E-01 -8.655E-02
 -6.2057500E+03 -1.874E-02 -5.292E-01  1.662E-02
 -6.2052500E+03 -2.645E-02 -4.888E-01  6.253E-02
 -6.2047500E+03 -2.448E-02 -5.638E-01  2.412E-02
 -6.2042500E+03 -2.481E-02 -6.748E-01 -9.840E-03
 -6.2037500E+03 -3.008E-02 -5.342E-01  2.118E-02
 -6.2032500E+03 -2.372E-02 -7.326E-01 -1.661E-02
 -6.2027500E+03 -1.463E-02 -4.667E-01  7.676E-03
 -6.2022500E+03 -1.839E-02 -5.467E-01  1.925E-02
 -6.2017500E+03 -2.637E-02 -5.755E-01  5.828E-02
 -6.2012500E+03  1.478E-02 -6.173E-01 -7.615E-02
 -6.2007500E+03  1.790E-02 -5.668E-01 -1.198E-01
 -6.2002500E+03  2.279E-02 -5.362E-01 -1.194E-01
 -6.1997500E+03 -3.743E-03 -6.193E-01 -4.304E-02
 -6.1992500E+03 -7.943E-03 -5.409E-01 -3.396E-02
 -6.1987500E+03 -3.719E-02 -6.729E-01  5.079E-02
 -6.1982500E+03 -8.674E-04 -5.667E-01 -6.119E-02
 -6.1977500E+03  2.924E-03 -6.247E-01 -5.648E-02
 -6.1972500E+03 -6.714E-03 -6.296E-01 -4.644E-02
 -6.1967500E+03 -3.024E-03 -4.617E-01 -3.112E-02
 -6.1962500E+03 -2.752E-02 -4.992E-01  5.175E-02
 -6.1957500E+03 -1.209E-02 -4.780E-01 -1.031E-02
 -6.1952500E+03 -2.561E-02 -5.102E-01  3.674E-02
 -6.1947500E+03 -2.783E-02 -6.006E-01  3.986E-02
 -6.1942500E+03  2.339E-03 -6.255E-01 -6.324E-02
 -6.1937500E+03 -2.069E-03 -5.570E-01 -3.844E-02
 -6.1932500E+03 -3.607E-03 -5.895E-01 -4.859E-02
 -6.1927500E+03  1.590E-02 -5.354E-01 -1.097E-01
 -6.1922500E+03 -3.026E-02 -5.271E-01  4.938E-02
 -6.1917500E+03 -3.504E-02 -5.906E-01  5.067E-02
 -6.1912500E+03 -3.947E-02 -5.820E-01  7.203E-02
 -6.1907500E+03  1.865E-02 -5.969E-01 -1.101E-01
 -6.1902500E+03 -7.446E-03 -6.095E-01 -3.560E-02
 -6.1897500E+03 -3.321E-04 -4.773E-01 -3.562E-02
 -6.1892500E+03  1.698E-02 -4.357E-01 -9.778E-02
 -6.1887500E+03 -1.760E-02 -5.463E-01  8.110E-03
 -6.1882500E+03  1.322E-02 -5.120E-01 -8.752E-02
 -6.1877500E+03  1.853E-02 -6.442E-01 -1.294E-01
 -6.1872500E+03 -1.625E-02 -5.271E-01  3.365E-03
 -6.1867500E+03  3.297E-03 -4.443E-01 -5.965E-02
 -6.1862500E+03 -2.332E-02 -4.749E-01  2.647E-02
 -6.1857500E+03 -2.578E-02 -4.677E-01  5.042E-02
 -6.1852500E+03 -4.107E-02 -4.720E-01  7.781E-02
 -6.1847500E+03 -2.330E-02 -4.185E-01  4.121E-02
 -6.1842500E+03 -2.953E-02 -4.501E-01  5.693E-02
 -6.1837500E+03  1.125E-02 -4.757E-01 -5.743E-02
 -6.1832500E+03 -2.812E-02 -5.940E-01  4.123E-02
 -6.1827500E+03 -1.733E-02 -4.022E-01  1.545E-02
 -6.1822500E+03 -4.603E-03 -4.515E-01 -1.565E-02
 -6.1817500E+03 -1.704E-02 -5.978E-01 -1.101E-02
 -6.1812500E+03 -4.859E-04 -6.086E-01 -5.942E-02
 -6.1807500E+03  4.247E-03 -3.734E-01 -5.432E-02
 -6.1802500E+03  2.058E-02 -3.921E-01 -1.038E-01
 -6.1797500E+03 -1.612E-02 -6.449E-01 -6.131E-03
 -6.1792500E+03 -2.625E-02 -4.373E-01  4.086E-02
 -6.1787500E+03  1.687E-02 -5.799E-01 -1.061E-01
 -6.1782500E+03 -8.673E-03 -4.951E-01 -2.861E-02
 -6.1777500E+03 -2.221E-02 -4.677E-01  3.291E-02
 -6.1772500E+03  4.837E-03 -4.646E-01 -5.527E-02
 -6.1767500E+03  1.392E-02 -4.436E-01 -1.054E-01
 -6.1762500E+03 -3.997E-03 -4.179E-01 -1.002E-02
 -6.1757500E+03 -5.968E-03 -5.311E-01 -3.458E-02
 -6.1752500E+03 -3.377E-03 -5.667E-01 -4.964E-02
 -6.1747500E+03  1.608E-02 -4.710E-01 -8.982E-02
 -6.1742500E+03 -1.755E-02 -3.932E-01  2.600E-02
 -6.1737500E+03 -1.952E-02 -5.709E-01  1.419E-02
 -6.1732500E+03 -1.119E-03 -5.434E-01 -4.445E-02
 -6.1727500E+03 -2.169E-02 -4.534E-01  1.644E-02
 -6.1722500E+03  5.910E-03 -4.507E-01 -6.554E-02
 -6.1717500E+03  1.255E-03 -4.156E-01 -5.513E-02
 -6.1712500E+03 -6.706E-03 -5.085E-01 -2.854E-02
 -6.1707500E+03  5.016E-04 -4.654E-01 -3.144E-02
 -6.1702500E+03  1.025E-02 -4.290E-01 -9.122E-02
 -6.1697500E+03 -1.895E-02 -4.891E-01 -7.975E-03
 -6.1692500E+03 -3.451E-02 -4.326E-01  6.149E-02
 -6.1687500E+03 -8.135E-03 -5.000E-01 -3.726E-02
 -6.1682500E+03  7.068E-03 -4.516E-01 -7.352E-02
 -6.1677500E+03  1.425E-02 -5.247E-01 -9.295E-02
 -6.1672500E+03  4.438E-03 -4.223E-01 -4.835E-02
 -6.1667500E+03 -2.932E-03 -4.699E-01 -2.722E-02
 -6.1662500E+03 -1.135E-02 -5.835E-01 -2.328E-02
 -6.1657500E+03 -9.770E-03 -3.817E-01  1.056E-02
 -6.1652500E+03 -2.642E-03 -4.543E-01 -1.936E-02
 -6.1647500E+03 -5.071E-03 -4.815E-01 -2.784E-02
 -6.1642500E+03 -2.170E-02 -3.432E-01  2.685E-02
 -6.1637500E+03 -2.146E-02 -3.554E-01  2.262E-02
 -6.1632500E+03 -5.232E-03 -3.983E-01 -1.932E-02
 -6.1627500E+03 -1.095E-02 -3.509E-01  9.417E-03
 -6.1622500E+03 -2.071E-02 -4.911E-01  1.708E-02
 -6.1617500E+03 -3.158E-02 -5.942E-01  3.759E-02
 -6.1612500E+03 -2.020E-02 -5.026E-01  1.429E-02
 -6.1607500E+03 -8.546E-03 -4.710E-01 -8.146E-03
 -6.1602500E+03 -3.049E-02 -4.831E-01  3.364E-02
 -6.1597500E+03  2.468E-02 -5.420E-01 -1.533E-01
 -6.1592500E+03 -1.062E-02 -5.852E-01 -5.016E-02
 -6.1587500E+03  1.140E-02 -5.024E-01 -9.249E-02
 -6.1582500E+03  8.306E-03 -3.372E-01 -6.430E-02
 -6.1577500E+03 -4.029E-03 -3.018E-01  6.192E-03
 -6.1572500E+03 -4.539E-02 -3.842E-01  1.203E-01
 -6.1567500E+03 -2.518E-02 -4.319E-01  3.189E-02
 -6.1562500E+03 -2.289E-02 -3.743E-01  3.332E-02
 -6.1557500E+03  3.973E-03 -3.226E-01 -3.216E-02
 -6.1552500E+03  4.140E-02 -3.487E-01 -1.734E-01
 -6.1547500E+03 -1.719E-02 -4.673E-01  9.196E-03
 -6.1542500E+03 -2.405E-02 -4.493E-01  3.371E-02
 -6.1537500E+03 -2.037E-02 -3.431E-01  3.787E-02
 -6.1532500E+03 -2.974E-03 -3.207E-01 -2.213E-02
 -6.1527500E+03 -2.027E-02 -4.636E-01  2.047E-02
 -6.1522500E+03 -3.288E-02 -5.189E-01  2.839E-02
 -6.1517500E+03 -1.752E-02 -5.430E-01  2.650E-03
 -6.1512500E+03  2.048E-02 -2.271E-01 -8.092E-02
 -6.1507500E+03  1.717E-02 -3.080E-01 -8.202E-02
 -6.1502500E+03 -2.101E-03 -4.480E-01 -3.123E-02
 -6.1497500E+03  4.458E-03 -3.997E-01 -5.241E-02
 -6.1492500E+03 -1.482E-02 -3.387E-01  2.915E-02
 -6.1487500E+03 -7.345E-03 -3.006E-01 -2.770E-03
 -6.1482500E+03  3.377E-02 -4.612E-01 -1.571E-01
 -6.1477500E+03 -1.315E-02 -4.372E-01  7.000E-03
 -6.1472500E+03 -1.415E-02 -3.838E-01  4.893E-03
 -6.1467500E+03 -1.136E-02 -4.444E-01 -1.020E-02
 -6.1462500E+03  4.699E-03 -3.305E-01 -3.377E-02
 -6.1457500E+03 -6.195E-03 -4.502E-01 -4.489E-02
 -6.1452500E+03  1.328E-03 -3.134E-01  2.917E-02
 -6.1447500E+03 -8.293E-03 -3.485E-01 -3.962E-02
 -6.1442500E+03  8.469E-03 -3.808E-01 -4.120E-02
 -6.1437500E+03 -4.461E-02 -3.859E-01  1.167E-01
 -6.1432500E+03  1.297E-02 -3.373E-01 -7.704E-02
 -6.1427500E+03 -3.968E-03 -2.916E-01 -8.016E-03
 -6.1422500E+03 -2.873E-02 -3.927E-01  3.160E-02
 -6.1417500E+03  1.862E-02 -4.105E-01 -9.432E-02
 -6.1412500E+03 -1.004E-02 -4.185E-01 -1.906E-02
 -6.1407500E+03 -1.789E-02 -3.404E-01 -3.227E-04
 -6.1402500E+03  7.248E-03 -3.168E-01 -3.563E-02
 -6.1397500E+03  5.484E-03 -3.731E-01 -4.602E-02
 -6.1392500E+03 -1.010E-02 -4.539E-01 -4.616E-02
 -6.1387500E+03 -3.387E-02 -3.685E-01  4.367E-02
 -6.1382500E+03  2.056E-02 -2.634E-01 -4.038E-02
 -6.1377500E+03 -9.743E-03 -3.634E-01  1.811E-02
 -6.1372500E+03 -1.381E-02 -4.152E-01  1.216E-02
 -6.1367500E+03 -3.194E-02 -4.362E-01  6.502E-02
 -6.1362500E+03 -1.300E-02 -3.639E-01  2.969E-03
 -6.1357500E+03 -4.764E-03 -3.935E-01 -2.127E-02
 -6.1352500E+03  1.671E-02 -3.593E-01 -9.034E-02
 -6.1347500E+03  1.974E-02 -3.523E-01 -9.542E-02
 -6.1342500E+03 -7.574E-03 -3.390E-01 -1.807E-02
 -6.1337500E+03 -2.069E-02 -4.721E-01  1.489E-02
 -6.1332500E+03 -3.646E-03 -3.938E-01 -3.217E-02
 -6.1327500E+03 -3.727E-02 -4.403E-01  6.671E-02
