 -1.2231750E+04 -0.000E+00 -0.000E+00  0.000E+00
 -1.2231250E+04 -0.000E+00 -0.000E+00  0.000E+00
 -1.2230750E+04 -0.000E+00 -0.000E+00  0.000E+00
 -1.2230250E+04 -0.000E+00 -0.000E+00  0.000E+00
 -1.2229750E+04 -0.000E+00 -0.000E+00  0.000E+00
 -1.2229250E+04 -0.000E+00 -0.000E+00  0.000E+00
 -1.2228750E+04 -0.000E+00 -0.000E+00  0.000E+00
 -1.2228250E+04 -0.000E+00 -0.000E+00  0.000E+00
 -1.2227750E+04 -0.000E+00 -0.000E+00  0.000E+00
 -1.2227250E+04 -0.000E+00 -0.000E+00  0.000E+00
 -1.2226750E+04 -0.000E+00 -0.000E+00  0.000E+00
 -1.2226250E+04 -0.000E+00 -0.000E+00  0.000E+00
 -1.2225750E+04 -0.000E+00 -0.000E+00  0.000E+00
 -1.2225250E+04 -0.000E+00 -0.000E+00  0.000E+00
 -1.2224750E+04 -0.000E+00 -0.000E+00  0.000E+00
 -1.2224250E+04 -0.000E+00 -0.000E+00  0.000E+00
 -1.2223750E+04 -0.000E+00 -0.000E+00  0.000E+00
 -1.2223250E+04 -0.000E+00 -0.000E+00  0.000E+00
 -1.2222750E+04 -0.000E+00 -0.000E+00  0.000E+00
 -1.2222250E+04 -0.000E+00 -0.000E+00  0.000E+00
 -1.2221750E+04 -0.000E+00 -0.000E+00  0.000E+00
 -1.2221250E+04 -0.000E+00 -0.000E+00  0.000E+00
 -1.2220750E+04 -0.000E+00 -0.000E+00  0.000E+00
 -1.2220250E+04 -0.000E+00 -0.000E+00  0.000E+00
 -1.2219750E+04 -0.000E+00 -0.000E+00  0.000E+00
 -1.2219250E+04 -0.000E+00 -0.000E+00  0.000E+00
 -1.2218750E+04 -0.000E+00 -0.000E+00  0.000E+00
 -1.2218250E+04 -0.000E+00 -0.000E+00  0.000E+00
 -1.2217750E+04 -0.000E+00 -0.000E+00  0.000E+00
 -1.2217250E+04 -0.000E+00 -0.000E+00  0.000E+00
 -1.2216750E+04 -0.000E+00 -0.000E+00  0.000E+00
 -1.2216250E+04 -0.000E+00 -0.000E+00  0.000E+00
 -1.2215750E+04 -0.000E+00 -0.000E+00  0.000E+00
 -1.2215250E+04 -0.000E+00 -0.000E+00  0.000E+00
 -1.2214750E+04 -0.000E+00 -0.000E+00  0.000E+00
 -1.2214250E+04 -0.000E+00 -0.000E+00  0.000E+00
 -1.2213750E+04 -0.000E+00 -0.000E+00  0.000E+00
 -1.2213250E+04 -0.000E+00 -0.000E+00  0.000E+00
 -1.2212750E+04 -0.000E+00 -0.000E+00  0.000E+00
 -1.2212250E+04 -0.000E+00 -0.000E+00  0.000E+00
 -1.2211750E+04 -0.000E+00 -0.000E+00  0.000E+00
 -1.2211250E+04 -0.000E+00 -0.000E+00  0.000E+00
 -1.2210750E+04 -0.000E+00 -0.000E+00  0.000E+00
 -1.2210250E+04 -0.000E+00 -0.000E+00  0.000E+00
 -1.2209750E+04 -0.000E+00 -0.000E+00  0.000E+00
 -1.2209250E+04 -0.000E+00 -0.000E+00  0.000E+00
 -1.2208750E+04 -0.000E+00 -0.000E+00  0.000E+00
 -1.2208250E+04 -0.000E+00 -0.000E+00  0.000E+00
 -1.2207750E+04 -0.000E+00 -0.000E+00  0.000E+00
 -1.2207250E+04 -0.000E+00 -0.000E+00  0.000E+00
 -1.2206750E+04 -0.000E+00 -0.000E+00  0.000E+00
 -1.2206250E+04 -0.000E+00 -0.000E+00  0.000E+00
 -1.2205750E+04 -0.000E+00 -0.000E+00  0.000E+00
 -1.2205250E+04 -0.000E+00 -0.000E+00  0.000E+00
 -1.2204750E+04 -0.000E+00 -0.000E+00  0.000E+00
 -1.2204250E+04 -0.000E+00 -0.000E+00  0.000E+00
 -1.2203750E+04 -0.000E+00 -0.000E+00  0.000E+00
 -1.2203250E+04 -0.000E+00 -0.000E+00  0.000E+00
 -1.2202750E+04 -0.000E+00 -0.000E+00  0.000E+00
 -1.2202250E+04 -0.000E+00 -0.000E+00  0.000E+00
 -1.2201750E+04 -0.000E+00 -0.000E+00  0.000E+00
 -1.2201250E+04 -0.000E+00 -0.000E+00  0.000E+00
 -1.2200750E+04 -0.000E+00 -0.000E+00  0.000E+00
 -1.2200250E+04 -0.000E+00 -0.000E+00  0.000E+00
 -1.2199750E+04 -0.000E+00 -0.000E+00  0.000E+00
 -1.2199250E+04 -0.000E+00 -0.000E+00  0.000E+00
 -1.2198750E+04 -0.000E+00 -0.000E+00  0.000E+00
 -1.2198250E+04 -0.000E+00 -0.000E+00  0.000E+00
 -1.2197750E+04 -0.000E+00 -0.000E+00  0.000E+00
 -1.2197250E+04 -0.000E+00 -0.000E+00  0.000E+00
 -1.2196750E+04 -0.000E+00 -0.000E+00  0.000E+00
 -1.2196250E+04 -0.000E+00 -0.000E+00  0.000E+00
 -1.2195750E+04 -0.000E+00 -0.000E+00  0.000E+00
 -1.2195250E+04 -0.000E+00 -0.000E+00  0.000E+00
 -1.2194750E+04 -0.000E+00 -0.000E+00  0.000E+00
 -1.2194250E+04 -0.000E+00 -0.000E+00  0.000E+00
 -1.2193750E+04 -0.000E+00 -0.000E+00  0.000E+00
 -1.2193250E+04 -0.000E+00 -0.000E+00  0.000E+00
 -1.2192750E+04 -0.000E+00 -0.000E+00  0.000E+00
 -1.2192250E+04 -0.000E+00 -0.000E+00  0.000E+00
 -1.2191750E+04 -0.000E+00 -0.000E+00  0.000E+00
 -1.2191250E+04 -0.000E+00 -0.000E+00  0.000E+00
 -1.2190750E+04 -0.000E+00 -0.000E+00  0.000E+00
 -1.2190250E+04 -0.000E+00 -0.000E+00  0.000E+00
 -1.2189750E+04 -0.000E+00 -0.000E+00  0.000E+00
 -1.2189250E+04 -0.000E+00 -0.000E+00  0.000E+00
 -1.2188750E+04 -0.000E+00 -0.000E+00  0.000E+00
 -1.2188250E+04 -0.000E+00 -0.000E+00  0.000E+00
 -1.2187750E+04 -0.000E+00 -0.000E+00  0.000E+00
 -1.2187250E+04 -0.000E+00 -0.000E+00  0.000E+00
 -1.2186750E+04 -0.000E+00 -0.000E+00  0.000E+00
 -1.2186250E+04 -0.000E+00 -0.000E+00  0.000E+00
 -1.2185750E+04 -0.000E+00 -0.000E+00  0.000E+00
 -1.2185250E+04 -0.000E+00 -0.000E+00  0.000E+00
 -1.2184750E+04 -0.000E+00 -0.000E+00  0.000E+00
 -1.2184250E+04 -0.000E+00 -0.000E+00  0.000E+00
 -1.2183750E+04 -0.000E+00 -0.000E+00  0.000E+00
 -1.2183250E+04 -0.000E+00 -0.000E+00  0.000E+00
 -1.2182750E+04 -0.000E+00 -0.000E+00  0.000E+00
 -1.2182250E+04 -0.000E+00 -0.000E+00  0.000E+00
 -1.2181750E+04 -0.000E+00 -0.000E+00  0.000E+00
 -1.2181250E+04 -0.000E+00 -0.000E+00  0.000E+00
 -1.2180750E+04 -0.000E+00 -0.000E+00  0.000E+00
 -1.2180250E+04 -0.000E+00 -0.000E+00  0.000E+00
 -1.2179750E+04 -0.000E+00 -0.000E+00  0.000E+00
 -1.2179250E+04 -0.000E+00 -0.000E+00  0.000E+00
 -1.2178750E+04 -0.000E+00 -0.000E+00  0.000E+00
 -1.2178250E+04 -0.000E+00 -0.000E+00  0.000E+00
 -1.2177750E+04 -0.000E+00 -0.000E+00  0.000E+00
 -1.2177250E+04 -0.000E+00 -0.000E+00  0.000E+00
 -1.2176750E+04 -0.000E+00 -0.000E+00  0.000E+00
 -1.2176250E+04 -0.000E+00 -0.000E+00  0.000E+00
 -1.2175750E+04 -0.000E+00 -0.000E+00  0.000E+00
 -1.2175250E+04 -0.000E+00 -0.000E+00  0.000E+00
 -1.2174750E+04 -0.000E+00 -0.000E+00  0.000E+00
 -1.2174250E+04 -0.000E+00 -0.000E+00  0.000E+00
 -1.2173750E+04 -0.000E+00 -0.000E+00  0.000E+00
 -1.2173250E+04 -0.000E+00 -0.000E+00  0.000E+00
 -1.2172750E+04 -0.000E+00 -0.000E+00  0.000E+00
 -1.2172250E+04 -0.000E+00 -0.000E+00  0.000E+00
 -1.2171750E+04 -0.000E+00 -0.000E+00  0.000E+00
 -1.2171250E+04 -0.000E+00 -0.000E+00  0.000E+00
 -1.2170750E+04 -0.000E+00 -0.000E+00  0.000E+00
 -1.2170250E+04 -0.000E+00 -0.000E+00  0.000E+00
 -1.2169750E+04 -0.000E+00 -0.000E+00  0.000E+00
 -1.2169250E+04 -0.000E+00 -0.000E+00  0.000E+00
 -1.2168750E+04 -0.000E+00 -0.000E+00  0.000E+00
 -1.2168250E+04 -0.000E+00 -0.000E+00  0.000E+00
 -1.2167750E+04 -0.000E+00 -0.000E+00  0.000E+00
 -1.2167250E+04 -0.000E+00 -0.000E+00  0.000E+00
 -1.2166750E+04 -0.000E+00 -0.000E+00  0.000E+00
 -1.2166250E+04 -0.000E+00 -0.000E+00  0.000E+00
 -1.2165750E+04 -0.000E+00 -0.000E+00  0.000E+00
 -1.2165250E+04 -0.000E+00 -0.000E+00  0.000E+00
 -1.2164750E+04 -0.000E+00 -0.000E+00  0.000E+00
 -1.2164250E+04 -0.000E+00 -0.000E+00  0.000E+00
 -1.2163750E+04 -0.000E+00 -0.000E+00  0.000E+00
 -1.2163250E+04 -0.000E+00 -0.000E+00  0.000E+00
 -1.2162750E+04 -0.000E+00 -0.000E+00  0.000E+00
 -1.2162250E+04 -0.000E+00 -0.000E+00  0.000E+00
 -1.2161750E+04 -0.000E+00 -0.000E+00  0.000E+00
 -1.2161250E+04 -0.000E+00 -0.000E+00  0.000E+00
 -1.2160750E+04 -0.000E+00 -0.000E+00  0.000E+00
 -1.2160250E+04 -0.000E+00 -0.000E+00  0.000E+00
 -1.2159750E+04 -0.000E+00 -0.000E+00  0.000E+00
 -1.2159250E+04 -0.000E+00 -0.000E+00  0.000E+00
 -1.2158750E+04 -0.000E+00 -0.000E+00  0.000E+00
 -1.2158250E+04 -0.000E+00 -0.000E+00  0.000E+00
 -1.2157750E+04 -0.000E+00 -0.000E+00  0.000E+00
 -1.2157250E+04 -0.000E+00 -0.000E+00  0.000E+00
 -1.2156750E+04 -0.000E+00 -0.000E+00  0.000E+00
 -1.2156250E+04 -0.000E+00 -0.000E+00  0.000E+00
 -1.2155750E+04 -0.000E+00 -0.000E+00  0.000E+00
 -1.2155250E+04 -0.000E+00 -0.000E+00  0.000E+00
 -1.2154750E+04 -0.000E+00 -0.000E+00  0.000E+00
 -1.2154250E+04 -0.000E+00 -0.000E+00  0.000E+00
 -1.2153750E+04 -0.000E+00 -0.000E+00  0.000E+00
 -1.2153250E+04  7.394E-10  4.159E-09 -2.565E-09
 -1.2152750E+04  2.037E-09  1.189E-08 -7.355E-09
 -1.2152250E+04 -4.778E-09 -2.757E-08  1.704E-08
 -1.2151750E+04  1.178E-09  6.829E-09 -4.221E-09
 -1.2151250E+04 -4.315E-10 -2.512E-09  1.554E-09
 -1.2150750E+04  3.081E-09  1.767E-08 -1.091E-08
 -1.2150250E+04 -5.858E-09 -3.350E-08  2.069E-08
 -1.2149750E+04  5.844E-09  3.333E-08 -2.059E-08
 -1.2149250E+04 -4.298E-09 -2.390E-08  1.502E-08
 -1.2148750E+04  5.899E-09  3.512E-08 -2.047E-08
 -1.2148250E+04 -9.821E-09 -4.977E-08  3.423E-08
 -1.2147750E+04  3.113E-09  2.564E-08 -1.078E-08
 -1.2147250E+04  2.719E-09  2.433E-08 -9.511E-09
 -1.2146750E+04 -1.511E-08 -8.122E-08  5.277E-08
 -1.2146250E+04 -3.194E-08 -2.614E-07  1.115E-07
 -1.2145750E+04  1.586E-06  9.263E-06 -5.543E-06
 -1.2145250E+04 -1.314E-06 -7.315E-06  4.591E-06
 -1.2144750E+04 -7.177E-06 -4.035E-05  2.503E-05
 -1.2144250E+04 -1.457E-06 -7.743E-06  5.051E-06
 -1.2143750E+04 -1.715E-06 -9.442E-06  5.935E-06
 -1.2143250E+04  4.159E-07  2.591E-06 -1.484E-06
 -1.2142750E+04 -2.368E-07 -1.098E-06  7.833E-07
 -1.2142250E+04  1.901E-06  1.147E-05 -6.625E-06
 -1.2141750E+04  2.026E-05  1.129E-04 -7.018E-05
 -1.2141250E+04  7.909E-06  4.944E-05 -2.726E-05
 -1.2140750E+04 -4.221E-06 -1.584E-05  1.474E-05
 -1.2140250E+04 -3.717E-06 -1.184E-05  1.300E-05
 -1.2139750E+04  3.054E-06  3.658E-05 -1.024E-05
 -1.2139250E+04  3.972E-06  4.611E-05 -1.331E-05
 -1.2138750E+04 -2.995E-06  1.009E-05  1.074E-05
 -1.2138250E+04 -2.334E-05 -1.080E-04  8.060E-05
 -1.2137750E+04 -8.021E-06 -4.907E-05  2.744E-05
 -1.2137250E+04  1.989E-05  7.381E-05 -6.868E-05
 -1.2136750E+04 -1.222E-05 -5.736E-05  4.202E-05
 -1.2136250E+04 -1.200E-05 -6.781E-06  4.188E-05
 -1.2135750E+04 -5.789E-05 -2.794E-04  1.983E-04
 -1.2135250E+04  5.473E-05  3.231E-04 -1.867E-04
 -1.2134750E+04 -7.826E-05  4.304E-05  2.745E-04
 -1.2134250E+04  2.125E-06  1.378E-03  1.587E-05
 -1.2133750E+04  3.197E-05  5.109E-05 -1.108E-04
 -1.2133250E+04 -2.714E-04 -2.282E-04  9.444E-04
 -1.2132750E+04 -4.365E-04  7.957E-04  1.538E-03
 -1.2132250E+04 -6.935E-04 -4.333E-04  2.407E-03
 -1.2131750E+04 -5.502E-03  2.945E-02  1.979E-02
 -1.2131250E+04  4.826E-03  9.303E-03 -1.667E-02
 -1.2130750E+04  3.420E-04 -6.990E-03 -1.341E-03
 -1.2130250E+04  2.298E-04  3.346E-04 -8.060E-04
 -1.2129750E+04 -1.383E-03  2.292E-03  4.848E-03
 -1.2129250E+04  9.687E-05 -1.673E-03 -3.658E-04
 -1.2128750E+04  5.762E-04  4.045E-03 -1.910E-03
 -1.2128250E+04 -2.046E-04  1.112E-02  9.654E-04
 -1.2127750E+04 -1.855E-05  5.090E-03  1.767E-04
 -1.2127250E+04 -1.039E-03  1.451E-03  3.652E-03
 -1.2126750E+04 -8.882E-04 -6.920E-04  3.071E-03
 -1.2126250E+04 -1.246E-03  4.117E-02  5.367E-03
 -1.2125750E+04  2.615E-03  1.859E-03 -9.035E-03
 -1.2125250E+04 -2.638E-04  7.012E-03  1.080E-03
 -1.2124750E+04 -2.605E-03  6.408E-03  9.206E-03
 -1.2124250E+04 -3.333E-04  7.566E-03  1.367E-03
 -1.2123750E+04 -3.507E-04  1.561E-03  1.257E-03
 -1.2123250E+04  3.064E-03  2.475E-02 -9.914E-03
 -1.2122750E+04 -1.328E-03  2.341E-02  5.286E-03
 -1.2122250E+04 -4.022E-03  2.328E-02  1.464E-02
 -1.2121750E+04  1.572E-03  3.238E-02 -4.498E-03
 -1.2121250E+04 -3.286E-03  2.851E-02  1.221E-02
 -1.2120750E+04 -1.113E-03  6.141E-02  5.753E-03
 -1.2120250E+04  1.047E-03  4.640E-02 -2.221E-03
 -1.2119750E+04  3.102E-03  2.122E-02 -1.009E-02
 -1.2119250E+04 -1.180E-02  7.727E-02  4.336E-02
 -1.2118750E+04  2.269E-03  5.339E-02 -6.118E-03
 -1.2118250E+04 -3.289E-03  5.070E-02  1.309E-02
 -1.2117750E+04 -6.213E-03  1.672E-01  2.712E-02
 -1.2117250E+04  1.978E-02  9.406E-02 -6.511E-02
 -1.2116750E+04  3.161E-03  6.992E-02 -8.330E-03
 -1.2116250E+04  4.511E-03  7.551E-02 -1.297E-02
 -1.2115750E+04 -7.031E-03  6.766E-02  2.662E-02
 -1.2115250E+04 -9.850E-03  6.512E-02  3.646E-02
 -1.2114750E+04 -6.874E-03  8.452E-02  2.699E-02
 -1.2114250E+04  9.097E-04  1.407E-01  2.300E-03
 -1.2113750E+04 -1.252E-02  1.438E-01  4.845E-02
 -1.2113250E+04 -1.752E-02  8.194E-02  6.331E-02
 -1.2112750E+04 -5.705E-03  1.268E-01  2.461E-02
 -1.2112250E+04 -1.220E-02  2.687E-01  5.247E-02
 -1.2111750E+04 -3.604E-04  3.128E-01  1.354E-02
 -1.2111250E+04  4.579E-03  2.636E-01 -4.745E-03
 -1.2110750E+04  8.151E-03  2.510E-01 -1.764E-02
 -1.2110250E+04 -2.959E-02  2.916E-01  1.139E-01
 -1.2109750E+04 -3.251E-02  2.993E-01  1.243E-01
 -1.2109250E+04  1.016E-02  3.943E-01 -1.814E-02
 -1.2108750E+04 -3.177E-02  4.139E-01  1.267E-01
 -1.2108250E+04  1.731E-03  5.508E-01  1.787E-02
 -1.2107750E+04 -6.162E-03  4.964E-01  4.294E-02
 -1.2107250E+04 -4.021E-02  5.676E-01  1.627E-01
 -1.2106750E+04  3.434E-02  5.946E-01 -9.073E-02
 -1.2106250E+04 -2.002E-03  4.953E-01  2.926E-02
 -1.2105750E+04 -3.285E-02  5.515E-01  1.383E-01
 -1.2105250E+04 -1.935E-02  5.659E-01  9.278E-02
 -1.2104750E+04 -2.580E-02  7.969E-01  1.262E-01
 -1.2104250E+04  3.260E-03  9.563E-01  3.432E-02
 -1.2103750E+04 -9.893E-03  8.559E-01  7.471E-02
 -1.2103250E+04 -2.167E-02  1.021E+00  1.232E-01
 -1.2102750E+04 -1.831E-02  9.280E-01  1.075E-01
 -1.2102250E+04 -2.885E-02  1.187E+00  1.574E-01
 -1.2101750E+04 -6.560E-03  1.157E+00  8.010E-02
 -1.2101250E+04  2.763E-03  1.037E+00  4.378E-02
 -1.2100750E+04 -5.528E-02  1.333E+00  2.561E-01
 -1.2100250E+04 -7.272E-02  1.429E+00  3.208E-01
 -1.2099750E+04 -7.103E-02  1.712E+00  3.321E-01
 -1.2099250E+04  1.333E-02  1.790E+00  4.752E-02
 -1.2098750E+04 -6.139E-03  1.983E+00  1.255E-01
 -1.2098250E+04 -5.447E-02  1.935E+00  2.884E-01
 -1.2097750E+04  1.310E-01  2.031E+00 -3.362E-01
 -1.2097250E+04 -1.234E-02  2.036E+00  1.529E-01
 -1.2096750E+04 -1.459E-01  2.265E+00  6.216E-01
 -1.2096250E+04  1.396E-02  2.352E+00  8.209E-02
 -1.2095750E+04 -2.207E-02  2.981E+00  2.422E-01
 -1.2095250E+04 -4.861E-02  2.373E+00  2.998E-01
 -1.2094750E+04 -5.204E-02  2.407E+00  3.140E-01
 -1.2094250E+04 -1.429E-01  2.862E+00  6.499E-01
 -1.2093750E+04 -2.911E-02  3.150E+00  2.837E-01
 -1.2093250E+04 -3.867E-02  3.128E+00  3.133E-01
 -1.2092750E+04 -6.644E-02  3.509E+00  4.315E-01
 -1.2092250E+04 -1.456E-01  3.276E+00  6.894E-01
 -1.2091750E+04 -5.720E-02  3.947E+00  4.300E-01
 -1.2091250E+04  1.424E-01  3.541E+00 -2.707E-01
 -1.2090750E+04 -1.353E-01  4.467E+00  7.296E-01
 -1.2090250E+04 -7.530E-02  4.274E+00  5.180E-01
 -1.2089750E+04 -6.439E-02  3.816E+00  4.567E-01
 -1.2089250E+04  3.268E-03  4.399E+00  2.645E-01
 -1.2088750E+04 -3.681E-02  4.829E+00  4.285E-01
 -1.2088250E+04 -4.036E-02  5.386E+00  4.773E-01
 -1.2087750E+04 -1.240E-01  5.151E+00  7.476E-01
 -1.2087250E+04  1.710E-02  5.235E+00  2.778E-01
 -1.2086750E+04 -9.904E-02  5.624E+00  6.989E-01
 -1.2086250E+04  6.324E-03  6.529E+00  4.045E-01
 -1.2085750E+04 -5.519E-02  6.403E+00  6.107E-01
 -1.2085250E+04 -1.384E-01  6.038E+00  8.677E-01
 -1.2084750E+04 -1.781E-01  7.032E+00  1.071E+00
 -1.2084250E+04  1.638E-01  7.055E+00 -7.676E-02
 -1.2083750E+04  6.359E-02  7.107E+00  2.665E-01
 -1.2083250E+04 -8.252E-02  7.663E+00  8.018E-01
 -1.2082750E+04  2.312E-02  7.345E+00  4.266E-01
 -1.2082250E+04  5.972E-02  7.258E+00  2.997E-01
 -1.2081750E+04 -1.895E-01  7.952E+00  1.194E+00
 -1.2081250E+04 -2.552E-02  8.117E+00  6.555E-01
 -1.2080750E+04  2.767E-03  8.625E+00  6.023E-01
 -1.2080250E+04 -3.561E-02  8.394E+00  7.184E-01
 -1.2079750E+04 -3.004E-01  9.456E+00  1.688E+00
 -1.2079250E+04 -1.749E-01  9.093E+00  1.244E+00
 -1.2078750E+04 -2.353E-01  9.346E+00  1.472E+00
 -1.2078250E+04  1.611E-01  1.089E+01  2.474E-01
 -1.2077750E+04  1.047E-01  9.722E+00  3.691E-01
 -1.2077250E+04  7.180E-02  1.025E+01  5.176E-01
 -1.2076750E+04 -6.829E-02  1.025E+01  9.924E-01
 -1.2076250E+04  1.903E-01  9.978E+00  1.121E-01
 -1.2075750E+04  7.510E-02  1.074E+01  5.632E-01
 -1.2075250E+04 -3.359E-02  1.091E+01  9.486E-01
 -1.2074750E+04 -8.270E-02  1.092E+01  1.114E+00
 -1.2074250E+04  5.089E-02  1.171E+01  7.342E-01
 -1.2073750E+04  6.500E-02  1.219E+01  7.310E-01
 -1.2073250E+04 -4.514E-02  1.194E+01  1.089E+00
 -1.2072750E+04 -1.691E-01  1.210E+01  1.514E+00
 -1.2072250E+04  1.227E-01  1.310E+01  6.229E-01
 -1.2071750E+04 -1.705E-02  1.235E+01  1.052E+00
 -1.2071250E+04  1.578E-01  1.380E+01  5.772E-01
 -1.2070750E+04  1.305E-01  1.170E+01  5.117E-01
 -1.2070250E+04 -3.053E-02  1.258E+01  1.127E+00
 -1.2069750E+04  3.289E-01  1.295E+01 -3.946E-02
 -1.2069250E+04 -2.000E-01  1.285E+01  1.726E+00
 -1.2068750E+04  1.312E-01  1.341E+01  6.681E-01
 -1.2068250E+04 -7.630E-02  1.328E+01  1.361E+00
 -1.2067750E+04 -2.284E-01  1.420E+01  1.951E+00
 -1.2067250E+04 -2.968E-02  1.430E+01  1.302E+00
 -1.2066750E+04  1.805E-01  1.396E+01  5.790E-01
 -1.2066250E+04  1.978E-01  1.377E+01  5.153E-01
 -1.2065750E+04  2.366E-01  1.388E+01  4.104E-01
 -1.2065250E+04 -2.124E-01  1.407E+01  1.919E+00
 -1.2064750E+04 -8.779E-02  1.413E+01  1.515E+00
 -1.2064250E+04  9.946E-02  1.520E+01  9.959E-01
 -1.2063750E+04  7.646E-02  1.474E+01  1.043E+00
 -1.2063250E+04  1.499E-01  1.439E+01  7.745E-01
 -1.2062750E+04  1.277E-01  1.592E+01  9.693E-01
 -1.2062250E+04  5.579E-02  1.505E+01  1.167E+00
 -1.2061750E+04  1.677E-01  1.532E+01  8.222E-01
 -1.2061250E+04  2.064E-03  1.493E+01  1.352E+00
 -1.2060750E+04  3.461E-02  1.555E+01  1.298E+00
 -1.2060250E+04  2.977E-02  1.555E+01  1.323E+00
 -1.2059750E+04 -1.238E-01  1.528E+01  1.817E+00
 -1.2059250E+04 -2.159E-01  1.566E+01  2.171E+00
 -1.2058750E+04  2.492E-01  1.510E+01  5.804E-01
 -1.2058250E+04  2.460E-01  1.510E+01  5.966E-01
 -1.2057750E+04  3.871E-01  1.606E+01  2.252E-01
 -1.2057250E+04 -1.578E-01  1.491E+01  1.933E+00
 -1.2056750E+04  2.810E-02  1.558E+01  1.388E+00
 -1.2056250E+04  1.855E-01  1.479E+01  7.924E-01
 -1.2055750E+04 -2.892E-01  1.432E+01  2.339E+00
 -1.2055250E+04  1.518E-01  1.474E+01  9.237E-01
 -1.2054750E+04  1.952E-01  1.526E+01  8.425E-01
 -1.2054250E+04  4.746E-01  1.551E+01 -6.105E-02
 -1.2053750E+04  1.379E-01  1.566E+01  1.080E+00
 -1.2053250E+04 -1.152E-01  1.542E+01  1.910E+00
 -1.2052750E+04  3.097E-01  1.505E+01  4.669E-01
 -1.2052250E+04 -2.237E-01  1.500E+01  2.238E+00
 -1.2051750E+04  2.376E-01  1.458E+01  6.850E-01
 -1.2051250E+04  4.329E-02  1.386E+01  1.260E+00
 -1.2050750E+04  1.892E-01  1.443E+01  8.424E-01
 -1.2050250E+04 -1.685E-03  1.458E+01  1.507E+00
 -1.2049750E+04  3.858E-01  1.440E+01  2.010E-01
 -1.2049250E+04  5.387E-02  1.458E+01  1.325E+00
 -1.2048750E+04  3.377E-01  1.383E+01  3.217E-01
 -1.2048250E+04  2.298E-01  1.422E+01  7.261E-01
 -1.2047750E+04 -2.347E-01  1.383E+01  2.227E+00
 -1.2047250E+04  3.637E-01  1.202E+01  9.706E-02
 -1.2046750E+04  3.696E-01  1.349E+01  2.320E-01
 -1.2046250E+04  2.524E-02  1.332E+01  1.345E+00
 -1.2045750E+04  1.553E-01  1.234E+01  8.147E-01
 -1.2045250E+04  5.728E-02  1.385E+01  1.300E+00
 -1.2044750E+04  7.581E-02  1.339E+01  1.203E+00
 -1.2044250E+04  1.917E-01  1.330E+01  8.300E-01
 -1.2043750E+04  5.299E-02  1.317E+01  1.298E+00
 -1.2043250E+04  2.540E-01  1.200E+01  4.929E-01
 -1.2042750E+04  1.660E-01  1.190E+01  7.982E-01
 -1.2042250E+04  9.379E-02  1.155E+01  9.868E-01
 -1.2041750E+04 -8.175E-02  1.185E+01  1.605E+00
 -1.2041250E+04  2.698E-01  1.067E+01  3.360E-01
 -1.2040750E+04  8.791E-02  1.115E+01  9.904E-01
 -1.2040250E+04  2.529E-02  1.189E+01  1.286E+00
 -1.2039750E+04  4.890E-01  1.123E+01 -2.975E-01
 -1.2039250E+04  7.379E-02  1.025E+01  9.729E-01
 -1.2038750E+04  3.335E-01  1.094E+01  2.036E-01
 -1.2038250E+04  3.157E-01  1.087E+01  2.304E-01
 -1.2037750E+04 -1.475E-01  9.129E+00  1.586E+00
 -1.2037250E+04  2.410E-01  9.138E+00  3.163E-01
 -1.2036750E+04  7.131E-01  1.083E+01 -1.040E+00
 -1.2036250E+04  1.532E-01  9.611E+00  6.679E-01
 -1.2035750E+04  9.235E-03  7.750E+00  9.458E-01
 -1.2035250E+04 -1.939E-01  8.894E+00  1.748E+00
 -1.2034750E+04  1.983E-01  8.325E+00  4.009E-01
 -1.2034250E+04  2.590E-02  7.398E+00  8.448E-01
 -1.2033750E+04 -1.518E-01  8.042E+00  1.532E+00
 -1.2033250E+04  3.582E-01  7.725E+00 -1.738E-01
 -1.2032750E+04  6.626E-03  7.825E+00  9.992E-01
 -1.2032250E+04  3.828E-01  6.981E+00 -3.288E-01
 -1.2031750E+04  4.599E-01  7.405E+00 -5.271E-01
 -1.2031250E+04 -2.932E-01  7.323E+00  1.922E+00
 -1.2030750E+04  2.501E-01  7.330E+00  1.528E-01
 -1.2030250E+04  5.495E-01  6.712E+00 -8.913E-01
 -1.2029750E+04  2.533E-01  8.581E+00  3.199E-01
 -1.2029250E+04  3.043E-01  5.424E+00 -2.175E-01
 -1.2028750E+04  3.268E-01  6.190E+00 -1.906E-01
 -1.2028250E+04  1.346E-01  6.685E+00  4.806E-01
 -1.2027750E+04 -1.406E-01  5.123E+00  1.211E+00
 -1.2027250E+04 -1.064E-01  5.061E+00  1.106E+00
 -1.2026750E+04  1.401E-01  4.979E+00  2.783E-01
 -1.2026250E+04  2.359E-01  3.889E+00 -1.512E-01
 -1.2025750E+04  1.528E-01  3.654E+00  9.160E-02
 -1.2025250E+04  2.861E-01  4.851E+00 -1.966E-01
 -1.2024750E+04 -4.158E-02  4.454E+00  8.200E-01
 -1.2024250E+04  3.952E-02  5.021E+00  6.329E-01
 -1.2023750E+04 -8.187E-02  3.568E+00  8.766E-01
 -1.2023250E+04  4.237E-01  4.437E+00 -6.807E-01
 -1.2022750E+04  5.590E-02  4.558E+00  5.416E-01
 -1.2022250E+04  3.844E-02  4.854E+00  6.338E-01
 -1.2021750E+04  3.173E-01  3.744E+00 -4.006E-01
 -1.2021250E+04  1.862E-01  3.760E+00  4.389E-02
 -1.2020750E+04  1.638E-01  2.040E+00 -8.468E-02
 -1.2020250E+04  2.015E-01  2.740E+00 -1.346E-01
 -1.2019750E+04 -5.093E-02  2.598E+00  6.601E-01
 -1.2019250E+04  3.595E-02  2.414E+00  3.529E-01
 -1.2018750E+04  9.142E-02  3.604E+00  3.000E-01
 -1.2018250E+04  3.200E-01  3.426E+00 -4.418E-01
 -1.2017750E+04  1.527E-01  2.057E+00 -5.149E-02
 -1.2017250E+04  2.343E-01  6.007E-01 -5.066E-01
 -1.2016750E+04  1.339E-03  1.466E+00  4.006E-01
 -1.2016250E+04  1.042E-01  7.156E-01 -5.415E-02
 -1.2015750E+04  1.266E-02  7.213E-01  2.123E-01
 -1.2015250E+04 -2.927E-01  2.448E+00  1.458E+00
 -1.2014750E+04 -2.865E-02  1.588E+00  4.958E-01
 -1.2014250E+04  3.339E-01  2.713E-01 -8.248E-01
 -1.2013750E+04  3.820E-01  3.801E-01 -1.001E+00
 -1.2013250E+04  2.166E-01  3.251E-01 -4.619E-01
 -1.2012750E+04  3.580E-03 -5.366E-01  1.282E-01
 -1.2012250E+04 -8.970E-02 -3.755E-01  4.552E-01
 -1.2011750E+04 -2.310E-02  1.466E-01  2.754E-01
 -1.2011250E+04  2.786E-01  7.068E-01 -6.116E-01
 -1.2010750E+04  1.803E-01  1.256E-01 -3.422E-01
 -1.2010250E+04  1.895E-01 -2.673E-01 -4.113E-01
 -1.2009750E+04  2.999E-01  7.278E-01 -6.777E-01
 -1.2009250E+04  3.094E-01 -1.316E+00 -9.406E-01
 -1.2008750E+04  6.003E-02 -1.113E+00 -1.175E-01
 -1.2008250E+04  1.978E-01 -9.801E-01 -5.603E-01
 -1.2007750E+04  2.317E-01 -1.221E+00 -6.772E-01
 -1.2007250E+04 -3.007E-01 -1.255E+00  1.027E+00
 -1.2006750E+04 -1.839E-01 -1.550E+00  6.367E-01
 -1.2006250E+04 -9.672E-02 -1.088E+00  4.051E-01
 -1.2005750E+04  5.335E-02 -1.707E+00 -1.988E-01
 -1.2005250E+04  6.552E-03 -1.757E+00 -2.845E-02
 -1.2004750E+04  2.608E-01 -1.350E+00 -7.908E-01
 -1.2004250E+04  4.257E-01 -9.751E-01 -1.262E+00
 -1.2003750E+04 -1.810E-02 -1.342E+00  1.002E-01
 -1.2003250E+04  3.447E-02 -2.070E+00 -1.431E-01
 -1.2002750E+04  1.688E-01 -1.665E+00 -5.381E-01
 -1.2002250E+04 -2.728E-02 -2.502E+00 -3.189E-04
 -1.2001750E+04  1.664E-01 -3.333E+00 -7.514E-01
 -1.2001250E+04  2.286E-01 -1.301E+00 -6.820E-01
 -1.2000750E+04  9.591E-02 -2.317E+00 -3.791E-01
 -1.2000250E+04 -9.529E-03 -2.616E+00 -9.650E-02
 -1.1999750E+04 -1.210E-01 -2.086E+00  3.415E-01
 -1.1999250E+04 -2.489E-02 -3.154E+00 -8.859E-02
 -1.1998750E+04 -4.039E-01 -4.570E+00  9.138E-01
 -1.1998250E+04  1.225E-01 -2.566E+00 -5.074E-01
 -1.1997750E+04  2.005E-01 -2.160E+00 -7.055E-01
 -1.1997250E+04  2.363E-01 -3.347E+00 -9.906E-01
 -1.1996750E+04  2.830E-02 -3.428E+00 -3.172E-01
 -1.1996250E+04 -1.096E-02 -3.822E+00 -2.360E-01
 -1.1995750E+04 -6.912E-02 -3.156E+00  8.019E-02
 -1.1995250E+04  1.268E-02 -4.193E+00 -3.829E-01
 -1.1994750E+04 -2.272E-03 -2.800E+00 -1.491E-01
 -1.1994250E+04 -1.065E-02 -2.857E+00 -1.171E-01
 -1.1993750E+04  1.570E-01 -3.561E+00 -7.628E-01
 -1.1993250E+04 -7.730E-02 -3.867E+00 -6.733E-02
 -1.1992750E+04 -6.595E-02 -4.248E+00 -1.170E-01
 -1.1992250E+04  7.904E-02 -3.655E+00 -4.941E-01
 -1.1991750E+04  7.252E-04 -3.696E+00 -2.814E-01
 -1.1991250E+04 -1.449E-01 -3.602E+00  2.201E-01
 -1.1990750E+04  1.844E-01 -4.102E+00 -9.294E-01
 -1.1990250E+04 -7.336E-02 -3.620E+00 -3.362E-02
 -1.1989750E+04  1.008E-01 -3.896E+00 -6.046E-01
 -1.1989250E+04 -2.324E-01 -4.198E+00  4.090E-01
 -1.1988750E+04  3.143E-02 -3.574E+00 -3.614E-01
 -1.1988250E+04 -1.103E-01 -3.899E+00  7.072E-02
 -1.1987750E+04  3.991E-02 -4.442E+00 -5.014E-01
 -1.1987250E+04  1.104E-02 -3.428E+00 -2.688E-01
 -1.1986750E+04  8.771E-02 -3.085E+00 -4.588E-01
 -1.1986250E+04 -6.867E-02 -4.507E+00 -1.802E-01
 -1.1985750E+04  7.583E-02 -4.121E+00 -6.032E-01
 -1.1985250E+04  2.241E-01 -3.883E+00 -1.028E+00
 -1.1984750E+04 -1.968E-02 -3.693E+00 -2.075E-01
 -1.1984250E+04 -1.217E-01 -4.158E+00  1.789E-02
 -1.1983750E+04 -7.218E-02 -3.807E+00 -7.888E-02
 -1.1983250E+04 -5.456E-02 -3.940E+00 -1.438E-01
 -1.1982750E+04  1.524E-02 -5.206E+00 -5.280E-01
 -1.1982250E+04 -7.287E-02 -4.572E+00 -1.640E-01
 -1.1981750E+04 -3.923E-02 -5.167E+00 -3.699E-01
 -1.1981250E+04 -2.626E-02 -4.675E+00 -3.101E-01
 -1.1980750E+04  3.005E-03 -4.227E+00 -3.473E-01
 -1.1980250E+04 -1.082E-01 -4.887E+00 -9.789E-02
 -1.1979750E+04  1.533E-01 -5.097E+00 -9.949E-01
 -1.1979250E+04 -1.491E-02 -4.475E+00 -3.647E-01
 -1.1978750E+04  1.258E-01 -4.360E+00 -7.891E-01
 -1.1978250E+04  1.518E-01 -4.144E+00 -8.322E-01
 -1.1977750E+04 -2.374E-01 -5.451E+00  2.309E-01
 -1.1977250E+04 -4.642E-02 -4.990E+00 -3.158E-01
 -1.1976750E+04  9.650E-02 -4.098E+00 -6.694E-01
 -1.1976250E+04 -1.642E-02 -4.506E+00 -3.601E-01
 -1.1975750E+04  2.853E-02 -4.025E+00 -4.266E-01
 -1.1975250E+04  3.617E-01 -3.813E+00 -1.451E+00
 -1.1974750E+04 -2.374E-01 -5.285E+00  2.499E-01
 -1.1974250E+04 -1.231E-01 -4.720E+00 -7.480E-02
 -1.1973750E+04  6.588E-02 -4.336E+00 -5.999E-01
 -1.1973250E+04 -3.711E-02 -5.242E+00 -4.017E-01
 -1.1972750E+04 -1.427E-01 -5.130E+00 -5.423E-02
 -1.1972250E+04 -9.196E-02 -4.593E+00 -1.422E-01
 -1.1971750E+04 -2.132E-02 -4.909E+00 -4.061E-01
 -1.1971250E+04 -6.181E-02 -4.889E+00 -2.592E-01
 -1.1970750E+04 -2.311E-02 -4.267E+00 -3.216E-01
 -1.1970250E+04  6.003E-02 -4.481E+00 -5.956E-01
 -1.1969750E+04  3.514E-02 -5.167E+00 -6.124E-01
 -1.1969250E+04 -6.017E-02 -5.029E+00 -2.967E-01
 -1.1968750E+04 -9.314E-03 -5.090E+00 -4.807E-01
 -1.1968250E+04  2.240E-01 -4.065E+00 -1.100E+00
 -1.1967750E+04 -2.470E-02 -3.921E+00 -2.672E-01
 -1.1967250E+04 -2.430E-01 -4.464E+00  3.505E-01
 -1.1966750E+04 -1.046E-01 -4.339E+00 -7.849E-02
 -1.1966250E+04 -6.945E-02 -5.196E+00 -3.433E-01
 -1.1965750E+04  2.453E-02 -5.114E+00 -6.068E-01
 -1.1965250E+04  1.288E-03 -5.183E+00 -5.294E-01
 -1.1964750E+04  4.676E-02 -4.324E+00 -5.471E-01
 -1.1964250E+04 -2.955E-02 -4.709E+00 -3.555E-01
 -1.1963750E+04 -1.328E-01 -5.435E+00 -1.496E-01
 -1.1963250E+04 -4.396E-03 -4.980E+00 -5.074E-01
 -1.1962750E+04  8.988E-02 -4.484E+00 -7.399E-01
 -1.1962250E+04  1.191E-02 -4.439E+00 -4.674E-01
 -1.1961750E+04  4.855E-03 -5.698E+00 -6.293E-01
 -1.1961250E+04 -2.784E-02 -5.250E+00 -4.699E-01
 -1.1960750E+04 -1.011E-01 -5.043E+00 -1.828E-01
 -1.1960250E+04  2.497E-02 -4.858E+00 -5.756E-01
 -1.1959750E+04  1.397E-01 -4.114E+00 -8.579E-01
 -1.1959250E+04 -1.586E-01 -5.175E+00 -6.712E-02
 -1.1958750E+04 -1.988E-01 -4.480E+00  2.067E-01
 -1.1958250E+04 -2.196E-01 -4.474E+00  2.487E-01
 -1.1957750E+04 -5.075E-03 -4.157E+00 -3.885E-01
 -1.1957250E+04 -8.211E-02 -4.358E+00 -1.559E-01
 -1.1956750E+04 -2.983E-02 -4.936E+00 -4.314E-01
 -1.1956250E+04 -1.506E-02 -4.755E+00 -4.691E-01
 -1.1955750E+04  2.050E-02 -4.188E+00 -5.000E-01
 -1.1955250E+04 -2.129E-01 -5.155E+00  1.357E-01
 -1.1954750E+04 -6.786E-02 -4.928E+00 -2.855E-01
 -1.1954250E+04 -2.306E-02 -4.654E+00 -4.133E-01
 -1.1953750E+04 -3.842E-02 -4.976E+00 -3.978E-01
 -1.1953250E+04 -9.763E-02 -4.901E+00 -1.793E-01
 -1.1952750E+04  1.059E-01 -4.169E+00 -7.202E-01
 -1.1952250E+04 -2.735E-02 -4.321E+00 -3.532E-01
 -1.1951750E+04 -1.098E-01 -4.378E+00 -6.281E-02
 -1.1951250E+04 -1.119E-01 -4.515E+00 -1.058E-01
 -1.1950750E+04 -1.721E-01 -4.707E+00  5.129E-02
 -1.1950250E+04  9.639E-02 -5.232E+00 -8.880E-01
 -1.1949750E+04  2.487E-01 -4.156E+00 -1.215E+00
 -1.1949250E+04 -1.457E-01 -3.665E+00  1.360E-01
 -1.1948750E+04 -8.252E-02 -4.512E+00 -2.208E-01
 -1.1948250E+04 -2.071E-01 -4.615E+00  1.594E-01
 -1.1947750E+04  6.790E-02 -3.778E+00 -6.082E-01
 -1.1947250E+04 -9.361E-03 -4.461E+00 -4.523E-01
 -1.1946750E+04 -9.282E-02 -4.567E+00 -1.883E-01
 -1.1946250E+04  9.812E-02 -4.592E+00 -8.031E-01
 -1.1945750E+04 -1.903E-02 -4.812E+00 -4.868E-01
 -1.1945250E+04  1.603E-02 -4.156E+00 -4.836E-01
 -1.1944750E+04  1.958E-02 -4.418E+00 -5.150E-01
 -1.1944250E+04 -2.015E-02 -4.457E+00 -4.054E-01
 -1.1943750E+04 -1.821E-01 -4.612E+00  5.815E-02
 -1.1943250E+04 -1.392E-01 -4.652E+00 -8.362E-02
 -1.1942750E+04 -8.648E-04 -4.207E+00 -4.399E-01
 -1.1942250E+04 -1.858E-02 -4.204E+00 -3.968E-01
 -1.1941750E+04 -2.815E-02 -4.425E+00 -3.776E-01
 -1.1941250E+04  5.320E-02 -3.722E+00 -5.315E-01
 -1.1940750E+04  1.112E-01 -3.898E+00 -7.789E-01
 -1.1940250E+04 -6.283E-02 -4.618E+00 -3.037E-01
 -1.1939750E+04 -1.287E-01 -4.044E+00 -1.642E-02
 -1.1939250E+04 -1.108E-01 -4.231E+00 -8.727E-02
 -1.1938750E+04 -1.526E-02 -4.612E+00 -4.638E-01
 -1.1938250E+04 -9.232E-02 -4.038E+00 -1.364E-01
 -1.1937750E+04 -5.712E-02 -4.332E+00 -2.756E-01
 -1.1937250E+04  1.353E-01 -4.339E+00 -8.965E-01
 -1.1936750E+04 -1.425E-02 -4.081E+00 -3.735E-01
 -1.1936250E+04 -1.606E-01 -4.047E+00  5.395E-02
 -1.1935750E+04 -4.001E-02 -3.825E+00 -2.610E-01
 -1.1935250E+04 -1.290E-01 -4.336E+00 -6.344E-02
 -1.1934750E+04 -7.568E-04 -4.456E+00 -5.007E-01
 -1.1934250E+04  3.992E-03 -3.979E+00 -4.338E-01
 -1.1933750E+04  7.591E-03 -4.278E+00 -5.109E-01
 -1.1933250E+04  1.135E-02 -4.047E+00 -4.670E-01
 -1.1932750E+04 -1.027E-01 -3.791E+00 -6.878E-02
 -1.1932250E+04 -8.967E-02 -3.718E+00 -1.051E-01
 -1.1931750E+04 -1.122E-01 -4.164E+00 -9.654E-02
 -1.1931250E+04 -1.374E-01 -3.866E+00  4.105E-02
 -1.1930750E+04 -1.325E-01 -4.383E+00 -8.009E-02
 -1.1930250E+04 -9.441E-02 -4.322E+00 -1.971E-01
 -1.1929750E+04  9.904E-02 -4.157E+00 -7.735E-01
 -1.1929250E+04 -7.066E-02 -3.601E+00 -1.667E-01
 -1.1928750E+04 -5.260E-03 -4.078E+00 -4.165E-01
 -1.1928250E+04 -2.264E-02 -3.947E+00 -3.561E-01
 -1.1927750E+04 -1.084E-02 -3.674E+00 -3.664E-01
 -1.1927250E+04 -1.441E-01 -4.169E+00 -1.723E-02
 -1.1926750E+04 -1.374E-01 -3.799E+00  3.322E-02
 -1.1926250E+04  2.442E-02 -3.389E+00 -4.038E-01
 -1.1925750E+04 -4.899E-02 -3.934E+00 -2.711E-01
 -1.1925250E+04 -6.567E-02 -3.351E+00 -1.209E-01
 -1.1924750E+04 -3.211E-02 -4.011E+00 -3.281E-01
 -1.1924250E+04  2.975E-02 -3.990E+00 -5.169E-01
 -1.1923750E+04 -3.268E-02 -3.584E+00 -3.102E-01
 -1.1923250E+04  3.071E-02 -3.701E+00 -4.824E-01
 -1.1922750E+04  5.039E-03 -3.732E+00 -4.204E-01
 -1.1922250E+04  8.290E-02 -3.700E+00 -6.701E-01
 -1.1921750E+04 -1.821E-02 -3.842E+00 -3.692E-01
 -1.1921250E+04 -2.195E-01 -3.628E+00  3.025E-01
 -1.1920750E+04 -2.394E-02 -3.495E+00 -2.909E-01
 -1.1920250E+04  9.269E-02 -3.776E+00 -7.042E-01
 -1.1919750E+04 -6.852E-02 -3.713E+00 -1.935E-01
 -1.1919250E+04 -1.087E-01 -3.537E+00 -6.727E-02
 -1.1918750E+04 -2.234E-01 -3.989E+00  2.556E-01
 -1.1918250E+04 -1.328E-01 -3.815E+00 -6.320E-03
 -1.1917750E+04 -1.079E-01 -3.743E+00 -8.016E-02
 -1.1917250E+04  5.420E-02 -3.669E+00 -5.675E-01
 -1.1916750E+04  9.754E-02 -3.684E+00 -7.197E-01
 -1.1916250E+04 -2.892E-02 -3.016E+00 -2.145E-01
 -1.1915750E+04  6.627E-03 -3.210E+00 -3.538E-01
 -1.1915250E+04 -2.965E-02 -3.374E+00 -2.744E-01
 -1.1914750E+04 -1.511E-01 -3.350E+00  1.177E-01
 -1.1914250E+04  4.128E-02 -3.209E+00 -4.637E-01
 -1.1913750E+04 -1.015E-02 -3.392E+00 -3.347E-01
 -1.1913250E+04 -6.815E-02 -3.692E+00 -2.159E-01
 -1.1912750E+04 -6.410E-02 -3.356E+00 -1.461E-01
 -1.1912250E+04  2.123E-02 -3.599E+00 -4.535E-01
 -1.1911750E+04 -9.571E-02 -3.327E+00 -6.449E-02
 -1.1911250E+04 -1.212E-01 -3.154E+00  2.529E-02
 -1.1910750E+04 -3.081E-02 -3.465E+00 -2.803E-01
 -1.1910250E+04 -4.279E-02 -3.577E+00 -3.042E-01
 -1.1909750E+04 -2.356E-02 -3.394E+00 -2.962E-01
 -1.1909250E+04 -4.129E-02 -3.139E+00 -2.052E-01
 -1.1908750E+04  5.928E-02 -3.181E+00 -5.324E-01
 -1.1908250E+04 -7.045E-02 -3.498E+00 -1.964E-01
 -1.1907750E+04 -4.445E-02 -3.137E+00 -2.039E-01
 -1.1907250E+04 -2.436E-02 -2.982E+00 -2.677E-01
 -1.1906750E+04 -4.217E-02 -3.401E+00 -2.354E-01
 -1.1906250E+04  5.485E-02 -2.828E+00 -4.798E-01
 -1.1905750E+04 -3.354E-03 -3.056E+00 -3.117E-01
 -1.1905250E+04 -1.334E-02 -2.996E+00 -2.752E-01
 -1.1904750E+04 -3.173E-02 -3.488E+00 -2.982E-01
 -1.1904250E+04 -2.814E-02 -3.297E+00 -2.612E-01
 -1.1903750E+04 -1.072E-01 -3.226E+00 -3.646E-02
 -1.1903250E+04 -2.237E-02 -2.923E+00 -2.504E-01
 -1.1902750E+04  4.651E-03 -3.029E+00 -3.528E-01
 -1.1902250E+04 -6.968E-02 -3.008E+00 -8.634E-02
 -1.1901750E+04 -1.351E-01 -3.425E+00  3.832E-02
 -1.1901250E+04 -2.184E-02 -2.898E+00 -2.382E-01
 -1.1900750E+04 -3.442E-02 -2.874E+00 -1.887E-01
 -1.1900250E+04 -3.980E-02 -3.017E+00 -1.953E-01
 -1.1899750E+04 -6.592E-02 -2.946E+00 -1.058E-01
 -1.1899250E+04 -6.537E-02 -2.954E+00 -1.203E-01
 -1.1898750E+04 -5.830E-02 -2.976E+00 -1.572E-01
 -1.1898250E+04  5.960E-02 -2.777E+00 -4.804E-01
 -1.1897750E+04 -9.492E-02 -3.200E+00 -6.266E-02
 -1.1897250E+04 -6.329E-02 -2.638E+00 -9.102E-02
 -1.1896750E+04 -1.605E-01 -2.982E+00  1.821E-01
 -1.1896250E+04 -3.797E-02 -2.947E+00 -2.111E-01
 -1.1895750E+04  3.209E-02 -3.067E+00 -4.441E-01
 -1.1895250E+04 -1.274E-01 -2.759E+00  1.161E-01
 -1.1894750E+04 -2.164E-02 -3.065E+00 -2.631E-01
 -1.1894250E+04 -2.899E-02 -2.643E+00 -1.830E-01
 -1.1893750E+04  2.793E-02 -3.244E+00 -4.592E-01
 -1.1893250E+04 -1.572E-02 -2.811E+00 -2.656E-01
 -1.1892750E+04  4.059E-03 -2.655E+00 -3.024E-01
 -1.1892250E+04  3.496E-02 -2.763E+00 -4.202E-01
 -1.1891750E+04 -7.253E-02 -2.924E+00 -1.140E-01
 -1.1891250E+04 -1.495E-02 -2.781E+00 -2.485E-01
 -1.1890750E+04 -7.052E-02 -2.807E+00 -8.800E-02
 -1.1890250E+04 -3.638E-02 -2.878E+00 -2.141E-01
 -1.1889750E+04 -1.212E-01 -2.545E+00  1.297E-01
 -1.1889250E+04 -2.591E-02 -2.903E+00 -2.279E-01
 -1.1888750E+04 -1.918E-02 -2.679E+00 -2.357E-01
 -1.1888250E+04 -6.515E-02 -2.521E+00 -5.568E-02
 -1.1887750E+04 -1.317E-01 -2.737E+00  8.282E-02
 -1.1887250E+04 -8.897E-02 -2.520E+00  1.249E-02
 -1.1886750E+04 -2.258E-02 -2.869E+00 -2.452E-01
 -1.1886250E+04  1.018E-01 -2.314E+00 -5.610E-01
 -1.1885750E+04 -1.333E-02 -2.728E+00 -2.795E-01
 -1.1885250E+04 -9.137E-02 -2.631E+00 -2.218E-02
 -1.1884750E+04 -4.131E-02 -2.577E+00 -1.669E-01
 -1.1884250E+04  3.914E-02 -2.843E+00 -4.559E-01
 -1.1883750E+04  1.124E-02 -2.722E+00 -3.401E-01
 -1.1883250E+04 -4.145E-02 -2.526E+00 -1.372E-01
 -1.1882750E+04 -6.490E-02 -2.463E+00 -7.406E-02
 -1.1882250E+04 -2.013E-01 -2.554E+00  3.324E-01
 -1.1881750E+04 -7.072E-02 -2.765E+00 -9.056E-02
 -1.1881250E+04 -4.533E-02 -2.804E+00 -1.827E-01
 -1.1880750E+04  6.938E-02 -2.187E+00 -4.320E-01
 -1.1880250E+04  9.545E-03 -2.292E+00 -2.706E-01
 -1.1879750E+04 -1.300E-02 -2.603E+00 -2.497E-01
 -1.1879250E+04  1.235E-02 -2.524E+00 -3.099E-01
 -1.1878750E+04 -7.170E-02 -2.245E+00 -3.349E-02
 -1.1878250E+04  6.741E-03 -2.276E+00 -2.751E-01
 -1.1877750E+04  6.828E-02 -2.348E+00 -4.744E-01
 -1.1877250E+04 -6.507E-02 -2.367E+00 -2.945E-02
 -1.1876750E+04  3.772E-02 -2.321E+00 -3.653E-01
 -1.1876250E+04 -5.116E-02 -2.514E+00 -1.253E-01
 -1.1875750E+04 -5.956E-02 -2.580E+00 -1.315E-01
 -1.1875250E+04 -1.522E-01 -2.591E+00  1.692E-01
 -1.1874750E+04 -9.789E-02 -2.170E+00  6.695E-02
 -1.1874250E+04  8.419E-02 -2.545E+00 -5.286E-01
 -1.1873750E+04 -9.228E-03 -2.213E+00 -1.987E-01
 -1.1873250E+04 -6.243E-02 -2.507E+00 -7.196E-02
 -1.1872750E+04 -5.592E-02 -2.166E+00 -6.967E-02
 -1.1872250E+04 -7.679E-02 -2.485E+00 -4.472E-02
 -1.1871750E+04 -4.584E-02 -2.446E+00 -1.366E-01
 -1.1871250E+04 -2.169E-02 -1.932E+00 -1.378E-01
 -1.1870750E+04  2.480E-02 -2.105E+00 -3.007E-01
 -1.1870250E+04 -6.328E-02 -2.368E+00 -4.957E-02
 -1.1869750E+04 -5.272E-02 -2.328E+00 -7.334E-02
 -1.1869250E+04  6.848E-02 -2.112E+00 -4.177E-01
 -1.1868750E+04 -4.658E-02 -2.310E+00 -1.113E-01
 -1.1868250E+04 -3.908E-02 -2.398E+00 -1.532E-01
 -1.1867750E+04 -4.073E-02 -2.376E+00 -1.403E-01
 -1.1867250E+04 -1.973E-02 -2.185E+00 -1.852E-01
 -1.1866750E+04 -9.124E-02 -2.403E+00  3.918E-02
 -1.1866250E+04 -8.663E-03 -2.305E+00 -2.377E-01
 -1.1865750E+04  7.300E-04 -2.144E+00 -2.238E-01
 -1.1865250E+04 -1.135E-01 -2.324E+00  1.156E-01
 -1.1864750E+04 -3.630E-02 -2.409E+00 -1.727E-01
 -1.1864250E+04 -4.445E-02 -2.182E+00 -9.937E-02
 -1.1863750E+04 -3.923E-02 -1.838E+00 -6.479E-02
 -1.1863250E+04 -9.261E-03 -2.009E+00 -1.549E-01
 -1.1862750E+04 -3.967E-02 -2.252E+00 -1.300E-01
 -1.1862250E+04 -1.055E-01 -2.195E+00  9.495E-02
 -1.1861750E+04 -1.663E-02 -2.022E+00 -1.873E-01
 -1.1861250E+04  3.009E-02 -1.812E+00 -2.791E-01
 -1.1860750E+04 -1.571E-02 -2.158E+00 -1.956E-01
 -1.1860250E+04  1.028E-02 -2.277E+00 -3.059E-01
 -1.1859750E+04 -1.006E-01 -1.917E+00  1.026E-01
 -1.1859250E+04  9.588E-03 -1.822E+00 -2.159E-01
 -1.1858750E+04 -2.324E-02 -1.859E+00 -1.268E-01
 -1.1858250E+04  2.386E-02 -2.057E+00 -3.156E-01
 -1.1857750E+04 -1.935E-02 -1.971E+00 -1.537E-01
 -1.1857250E+04 -6.254E-02 -1.889E+00 -2.016E-02
 -1.1856750E+04  1.624E-02 -1.726E+00 -2.269E-01
 -1.1856250E+04 -2.717E-02 -1.617E+00 -7.924E-02
 -1.1855750E+04 -3.272E-02 -2.111E+00 -1.152E-01
 -1.1855250E+04 -7.215E-02 -2.542E+00 -5.873E-02
 -1.1854750E+04 -2.989E-02 -1.813E+00 -1.001E-01
 -1.1854250E+04 -9.572E-02 -1.827E+00  1.107E-01
 -1.1853750E+04 -1.336E-02 -1.861E+00 -1.618E-01
 -1.1853250E+04 -1.492E-02 -2.123E+00 -2.035E-01
 -1.1852750E+04  3.662E-02 -2.167E+00 -3.549E-01
 -1.1852250E+04 -3.713E-02 -2.217E+00 -1.464E-01
 -1.1851750E+04 -1.541E-02 -2.011E+00 -1.567E-01
 -1.1851250E+04 -6.242E-03 -1.829E+00 -1.819E-01
 -1.1850750E+04 -6.168E-02 -1.791E+00  1.444E-02
 -1.1850250E+04 -5.169E-02 -2.180E+00 -9.199E-02
 -1.1849750E+04 -1.540E-02 -1.948E+00 -1.408E-01
 -1.1849250E+04 -4.438E-03 -1.739E+00 -1.492E-01
 -1.1848750E+04  3.625E-02 -1.783E+00 -2.898E-01
 -1.1848250E+04 -4.528E-04 -1.758E+00 -1.939E-01
 -1.1847750E+04  2.147E-02 -1.856E+00 -2.886E-01
 -1.1847250E+04  2.960E-02 -1.911E+00 -3.152E-01
 -1.1846750E+04 -7.322E-02 -1.962E+00  1.153E-02
 -1.1846250E+04 -1.400E-01 -1.735E+00  2.575E-01
 -1.1845750E+04 -1.051E-01 -2.002E+00  1.177E-01
 -1.1845250E+04  5.320E-02 -1.801E+00 -3.330E-01
 -1.1844750E+04 -1.104E-03 -1.572E+00 -1.528E-01
 -1.1844250E+04 -7.880E-02 -1.923E+00  1.899E-02
 -1.1843750E+04 -7.031E-02 -1.773E+00 -3.552E-02
 -1.1843250E+04  3.956E-02 -1.554E+00 -2.799E-01
 -1.1842750E+04 -3.843E-02 -2.057E+00 -8.717E-02
 -1.1842250E+04  3.710E-03 -2.143E+00 -2.539E-01
 -1.1841750E+04 -4.154E-02 -1.827E+00 -6.391E-02
 -1.1841250E+04 -4.911E-02 -1.806E+00 -4.688E-02
 -1.1840750E+04 -6.534E-02 -1.623E+00  2.728E-02
 -1.1840250E+04 -4.916E-02 -1.680E+00 -2.913E-02
 -1.1839750E+04 -4.690E-03 -1.820E+00 -1.971E-01
 -1.1839250E+04  9.074E-03 -1.616E+00 -1.876E-01
 -1.1838750E+04  2.567E-03 -1.596E+00 -1.628E-01
 -1.1838250E+04 -1.037E-02 -1.533E+00 -1.358E-01
 -1.1837750E+04 -4.817E-02 -1.589E+00 -4.152E-03
 -1.1837250E+04 -1.657E-02 -1.728E+00 -1.440E-01
 -1.1836750E+04 -6.265E-02 -1.915E+00 -2.850E-02
 -1.1836250E+04  3.170E-03 -1.701E+00 -2.056E-01
 -1.1835750E+04 -4.403E-02 -1.767E+00 -5.246E-02
 -1.1835250E+04 -5.326E-02 -1.638E+00 -4.018E-03
 -1.1834750E+04  3.639E-02 -1.771E+00 -3.162E-01
 -1.1834250E+04 -3.118E-02 -1.385E+00 -4.786E-02
 -1.1833750E+04 -2.862E-02 -1.643E+00 -7.784E-02
 -1.1833250E+04 -2.730E-02 -1.770E+00 -1.225E-01
 -1.1832750E+04 -1.790E-02 -1.526E+00 -1.100E-01
 -1.1832250E+04 -5.543E-02 -1.509E+00  1.919E-02
 -1.1831750E+04 -3.423E-02 -1.547E+00 -5.339E-02
 -1.1831250E+04 -5.916E-02 -1.489E+00  4.315E-02
 -1.1830750E+04 -1.146E-02 -1.355E+00 -9.563E-02
 -1.1830250E+04 -3.159E-02 -1.524E+00 -6.572E-02
 -1.1829750E+04 -1.803E-02 -1.391E+00 -9.652E-02
 -1.1829250E+04  3.502E-02 -1.551E+00 -2.750E-01
 -1.1828750E+04  5.560E-04 -1.641E+00 -1.917E-01
 -1.1828250E+04 -8.756E-02 -1.579E+00  1.183E-01
 -1.1827750E+04 -7.253E-02 -1.512E+00  2.994E-02
 -1.1827250E+04  1.189E-02 -1.438E+00 -1.935E-01
 -1.1826750E+04 -1.713E-02 -1.504E+00 -1.258E-01
 -1.1826250E+04  5.066E-03 -1.497E+00 -1.825E-01
 -1.1825750E+04 -3.164E-02 -1.555E+00 -4.926E-02
 -1.1825250E+04 -2.432E-02 -1.582E+00 -1.169E-01
 -1.1824750E+04  1.008E-03 -1.433E+00 -1.542E-01
 -1.1824250E+04 -1.690E-02 -1.427E+00 -1.030E-01
 -1.1823750E+04 -8.634E-03 -1.393E+00 -1.156E-01
 -1.1823250E+04 -4.036E-02 -1.385E+00 -1.423E-02
 -1.1822750E+04 -5.921E-02 -1.472E+00  2.950E-02
 -1.1822250E+04 -2.217E-02 -1.421E+00 -8.918E-02
 -1.1821750E+04 -4.107E-02 -1.571E+00 -4.464E-02
 -1.1821250E+04 -5.121E-02 -1.600E+00 -1.944E-02
 -1.1820750E+04 -4.809E-03 -1.566E+00 -1.708E-01
 -1.1820250E+04 -3.269E-02 -1.681E+00 -1.010E-01
 -1.1819750E+04 -7.886E-03 -1.386E+00 -1.230E-01
 -1.1819250E+04 -3.213E-02 -1.433E+00 -4.122E-02
 -1.1818750E+04  1.822E-02 -1.461E+00 -2.165E-01
 -1.1818250E+04  1.062E-02 -1.283E+00 -1.668E-01
 -1.1817750E+04 -4.979E-02 -1.286E+00  1.263E-02
 -1.1817250E+04 -3.990E-03 -1.379E+00 -1.332E-01
 -1.1816750E+04 -2.463E-02 -1.257E+00 -4.724E-02
 -1.1816250E+04  1.396E-02 -1.324E+00 -1.759E-01
 -1.1815750E+04 -1.538E-02 -1.303E+00 -9.542E-02
 -1.1815250E+04 -2.205E-02 -1.421E+00 -6.994E-02
 -1.1814750E+04  2.093E-02 -1.356E+00 -1.981E-01
 -1.1814250E+04 -3.839E-02 -1.459E+00 -6.158E-02
 -1.1813750E+04 -3.438E-03 -1.337E+00 -1.486E-01
 -1.1813250E+04 -3.206E-02 -1.424E+00 -4.710E-02
 -1.1812750E+04  1.295E-02 -1.274E+00 -1.556E-01
 -1.1812250E+04  3.923E-02 -1.226E+00 -2.405E-01
 -1.1811750E+04  6.764E-03 -1.387E+00 -1.841E-01
 -1.1811250E+04 -2.476E-02 -1.122E+00 -2.655E-02
 -1.1810750E+04 -9.016E-02 -1.490E+00  1.024E-01
 -1.1810250E+04 -2.868E-03 -1.139E+00 -1.025E-01
 -1.1809750E+04 -5.653E-02 -1.232E+00  4.774E-02
 -1.1809250E+04  3.235E-02 -1.362E+00 -2.536E-01
 -1.1808750E+04 -2.483E-02 -1.376E+00 -7.682E-02
 -1.1808250E+04  8.789E-03 -1.341E+00 -1.740E-01
 -1.1807750E+04  2.410E-02 -1.377E+00 -2.267E-01
 -1.1807250E+04 -5.820E-02 -1.110E+00  8.576E-02
 -1.1806750E+04  3.544E-03 -1.156E+00 -1.383E-01
 -1.1806250E+04 -4.629E-02 -1.368E+00 -2.852E-03
 -1.1805750E+04 -7.209E-02 -1.233E+00  9.678E-02
 -1.1805250E+04 -7.474E-02 -1.323E+00  1.097E-01
 -1.1804750E+04 -2.653E-02 -1.340E+00 -5.745E-02
 -1.1804250E+04 -5.436E-02 -1.413E+00  1.375E-02
 -1.1803750E+04 -3.851E-02 -1.335E+00 -2.650E-02
 -1.1803250E+04  4.089E-02 -1.291E+00 -2.778E-01
 -1.1802750E+04 -6.044E-02 -1.357E+00  3.919E-02
 -1.1802250E+04  2.189E-02 -1.108E+00 -1.796E-01
 -1.1801750E+04 -1.736E-02 -1.053E+00 -2.915E-02
 -1.1801250E+04 -3.826E-02 -1.058E+00  9.082E-03
 -1.1800750E+04 -6.186E-03 -1.208E+00 -1.182E-01
 -1.1800250E+04  1.516E-02 -1.337E+00 -2.044E-01
 -1.1799750E+04 -2.091E-02 -1.143E+00 -4.452E-02
 -1.1799250E+04 -2.073E-02 -1.147E+00 -6.237E-02
 -1.1798750E+04 -1.452E-02 -1.416E+00 -1.201E-01
 -1.1798250E+04 -1.629E-02 -1.190E+00 -7.502E-02
 -1.1797750E+04 -2.318E-02 -1.080E+00 -3.025E-02
 -1.1797250E+04 -7.121E-03 -1.137E+00 -1.014E-01
 -1.1796750E+04 -4.205E-02 -1.114E+00  1.018E-02
 -1.1796250E+04 -6.947E-03 -1.284E+00 -1.341E-01
 -1.1795750E+04 -2.877E-02 -1.006E+00 -1.089E-02
 -1.1795250E+04 -2.745E-02 -1.197E+00 -3.021E-02
 -1.1794750E+04 -7.834E-03 -1.116E+00 -9.397E-02
 -1.1794250E+04 -1.407E-02 -1.139E+00 -9.166E-02
 -1.1793750E+04  1.239E-02 -1.329E+00 -1.842E-01
 -1.1793250E+04 -2.698E-02 -1.161E+00 -3.539E-02
 -1.1792750E+04 -6.994E-02 -9.761E-01  1.205E-01
 -1.1792250E+04 -7.404E-03 -1.140E+00 -9.542E-02
 -1.1791750E+04  1.362E-02 -1.072E+00 -1.671E-01
 -1.1791250E+04 -2.628E-02 -1.248E+00 -7.144E-02
 -1.1790750E+04 -3.375E-02 -1.097E+00 -3.671E-03
 -1.1790250E+04 -3.452E-02 -1.037E+00 -5.074E-03
 -1.1789750E+04 -4.754E-02 -1.193E+00  2.058E-02
 -1.1789250E+04 -8.130E-03 -1.150E+00 -9.923E-02
 -1.1788750E+04  6.244E-03 -1.134E+00 -1.439E-01
 -1.1788250E+04 -4.364E-02 -9.337E-01  5.408E-02
 -1.1787750E+04  1.871E-02 -1.137E+00 -1.831E-01
 -1.1787250E+04  1.717E-02 -1.177E+00 -1.881E-01
 -1.1786750E+04  1.240E-02 -1.047E+00 -1.855E-01
 -1.1786250E+04 -4.883E-02 -9.495E-01  3.224E-02
 -1.1785750E+04 -2.114E-02 -1.066E+00 -4.317E-02
 -1.1785250E+04  3.657E-03 -1.091E+00 -1.036E-01
 -1.1784750E+04 -9.219E-03 -1.150E+00 -7.663E-02
 -1.1784250E+04 -5.003E-02 -9.928E-01  5.615E-02
 -1.1783750E+04 -2.641E-02 -1.051E+00 -2.755E-02
 -1.1783250E+04 -6.563E-03 -1.045E+00 -9.724E-02
 -1.1782750E+04 -2.587E-02 -9.555E-01 -1.118E-02
 -1.1782250E+04 -1.865E-02 -9.823E-01 -3.685E-02
 -1.1781750E+04  3.132E-02 -9.305E-01 -1.965E-01
 -1.1781250E+04 -6.402E-03 -9.743E-01 -8.846E-02
 -1.1780750E+04  3.395E-02 -1.051E+00 -2.263E-01
 -1.1780250E+04 -5.294E-03 -9.930E-01 -8.057E-02
 -1.1779750E+04  8.832E-03 -1.073E+00 -1.601E-01
 -1.1779250E+04 -3.483E-05 -1.076E+00 -1.175E-01
 -1.1778750E+04 -3.713E-02 -1.057E+00  1.748E-02
 -1.1778250E+04 -1.530E-02 -1.099E+00 -7.669E-02
 -1.1777750E+04 -1.165E-02 -1.029E+00 -7.749E-02
 -1.1777250E+04 -5.221E-02 -1.013E+00  4.856E-02
 -1.1776750E+04  2.352E-02 -1.014E+00 -1.499E-01
 -1.1776250E+04 -1.509E-02 -8.286E-01 -4.399E-02
 -1.1775750E+04 -1.824E-02 -9.636E-01 -5.056E-02
 -1.1775250E+04 -5.127E-02 -8.594E-01  6.286E-02
 -1.1774750E+04 -4.698E-02 -9.884E-01  2.470E-02
 -1.1774250E+04 -3.942E-03 -1.055E+00 -9.769E-02
 -1.1773750E+04  3.431E-02 -8.553E-01 -1.884E-01
 -1.1773250E+04 -1.431E-02 -1.033E+00 -6.437E-02
 -1.1772750E+04 -1.349E-02 -1.017E+00 -7.250E-02
 -1.1772250E+04 -5.087E-03 -8.833E-01 -5.845E-02
 -1.1771750E+04 -1.260E-02 -9.239E-01 -4.784E-02
 -1.1771250E+04  1.622E-03 -9.305E-01 -1.054E-01
 -1.1770750E+04 -1.868E-03 -9.510E-01 -8.450E-02
 -1.1770250E+04  2.578E-02 -8.206E-01 -1.512E-01
 -1.1769750E+04 -5.032E-02 -1.065E+00  2.403E-02
 -1.1769250E+04 -1.683E-02 -8.596E-01 -3.800E-02
 -1.1768750E+04 -3.424E-02 -8.194E-01  3.757E-02
 -1.1768250E+04 -2.919E-02 -7.871E-01  9.787E-03
 -1.1767750E+04 -1.320E-02 -8.744E-01 -5.265E-02
 -1.1767250E+04 -5.627E-02 -9.520E-01  9.083E-02
 -1.1766750E+04  2.841E-02 -9.806E-01 -1.768E-01
 -1.1766250E+04  1.087E-02 -9.087E-01 -1.234E-01
 -1.1765750E+04 -4.572E-03 -8.180E-01 -7.690E-02
 -1.1765250E+04 -3.775E-03 -6.989E-01 -5.814E-02
 -1.1764750E+04 -6.891E-02 -9.290E-01  1.106E-01
 -1.1764250E+04 -1.946E-02 -1.016E+00 -6.159E-02
 -1.1763750E+04 -3.787E-02 -8.415E-01  3.908E-02
 -1.1763250E+04 -2.364E-03 -8.082E-01 -8.859E-02
 -1.1762750E+04  1.147E-03 -8.055E-01 -8.120E-02
 -1.1762250E+04  3.336E-03 -7.868E-01 -7.614E-02
 -1.1761750E+04 -2.077E-02 -8.786E-01 -2.118E-02
 -1.1761250E+04  1.114E-02 -8.130E-01 -9.928E-02
 -1.1760750E+04 -1.786E-03 -8.955E-01 -7.680E-02
 -1.1760250E+04 -1.286E-02 -9.113E-01 -6.203E-02
 -1.1759750E+04  5.720E-02 -7.860E-01 -2.665E-01
 -1.1759250E+04  4.720E-02 -6.486E-01 -2.127E-01
 -1.1758750E+04  7.967E-04 -8.053E-01 -9.193E-02
 -1.1758250E+04 -1.932E-02 -7.728E-01 -2.030E-02
 -1.1757750E+04 -2.318E-02 -8.569E-01 -2.684E-02
 -1.1757250E+04  5.393E-03 -7.876E-01 -9.964E-02
 -1.1756750E+04 -1.159E-02 -9.651E-01 -6.472E-02
 -1.1756250E+04 -6.267E-02 -9.990E-01  9.788E-02
 -1.1755750E+04 -2.705E-02 -9.862E-01 -2.215E-02
 -1.1755250E+04  2.912E-02 -7.436E-01 -1.679E-01
 -1.1754750E+04 -5.760E-02 -8.465E-01  9.097E-02
 -1.1754250E+04 -2.361E-02 -8.652E-01 -2.635E-02
 -1.1753750E+04 -2.143E-02 -8.536E-01 -2.990E-02
 -1.1753250E+04  4.757E-03 -6.145E-01 -7.053E-02
 -1.1752750E+04  7.781E-03 -6.566E-01 -9.174E-02
 -1.1752250E+04 -4.586E-02 -7.931E-01  6.738E-02
 -1.1751750E+04  5.788E-02 -8.452E-01 -2.619E-01
 -1.1751250E+04 -6.349E-03 -7.190E-01 -3.679E-02
 -1.1750750E+04 -3.257E-02 -7.089E-01  3.704E-02
 -1.1750250E+04  7.013E-03 -9.362E-01 -1.329E-01
 -1.1749750E+04 -1.867E-02 -9.835E-01 -5.037E-02
 -1.1749250E+04 -2.009E-02 -6.968E-01 -8.336E-03
 -1.1748750E+04 -6.647E-02 -9.224E-01  1.027E-01
 -1.1748250E+04 -5.479E-02 -6.865E-01  1.131E-01
 -1.1747750E+04 -1.274E-02 -8.103E-01 -4.684E-02
 -1.1747250E+04  3.347E-02 -8.315E-01 -1.981E-01
 -1.1746750E+04  5.392E-03 -6.695E-01 -6.756E-02
 -1.1746250E+04  3.975E-02 -7.004E-01 -1.997E-01
 -1.1745750E+04  5.313E-03 -8.083E-01 -1.052E-01
 -1.1745250E+04 -3.910E-02 -8.706E-01  2.886E-02
 -1.1744750E+04 -3.384E-02 -8.752E-01  8.013E-03
 -1.1744250E+04 -3.111E-02 -7.174E-01  1.314E-02
 -1.1743750E+04 -7.282E-03 -7.631E-01 -5.055E-02
 -1.1743250E+04  2.200E-03 -6.981E-01 -9.272E-02
 -1.1742750E+04 -3.843E-02 -7.951E-01  3.859E-02
 -1.1742250E+04 -3.773E-05 -7.155E-01 -6.184E-02
 -1.1741750E+04 -1.136E-02 -6.773E-01 -3.171E-02
 -1.1741250E+04  2.226E-02 -7.051E-01 -1.464E-01
 -1.1740750E+04 -3.110E-02 -7.381E-01  2.264E-02
 -1.1740250E+04 -1.200E-03 -7.366E-01 -7.017E-02
 -1.1739750E+04 -2.083E-02 -8.988E-01 -3.155E-02
 -1.1739250E+04 -2.610E-02 -9.587E-01 -4.481E-02
 -1.1738750E+04 -3.481E-02 -6.824E-01  4.959E-02
 -1.1738250E+04 -3.123E-03 -6.348E-01 -6.213E-02
 -1.1737750E+04  1.083E-02 -6.900E-01 -9.436E-02
 -1.1737250E+04 -1.466E-03 -6.782E-01 -7.256E-02
 -1.1736750E+04  1.586E-02 -6.531E-01 -1.234E-01
 -1.1736250E+04 -1.958E-02 -6.927E-01 -7.700E-03
 -1.1735750E+04 -3.421E-02 -8.120E-01  3.059E-02
 -1.1735250E+04 -1.576E-02 -6.453E-01 -4.369E-03
 -1.1734750E+04 -1.035E-02 -7.222E-01 -5.522E-02
 -1.1734250E+04  3.687E-02 -6.944E-01 -1.844E-01
 -1.1733750E+04  1.631E-02 -6.509E-01 -1.307E-01
 -1.1733250E+04 -1.153E-02 -6.037E-01 -2.081E-02
 -1.1732750E+04 -4.905E-02 -6.880E-01  9.011E-02
 -1.1732250E+04  2.441E-03 -7.935E-01 -9.618E-02
 -1.1731750E+04 -1.301E-02 -7.012E-01 -2.605E-02
 -1.1731250E+04 -2.763E-02 -7.604E-01  5.423E-03
 -1.1730750E+04  1.886E-02 -6.983E-01 -1.342E-01
 -1.1730250E+04  1.056E-03 -5.890E-01 -5.259E-02
 -1.1729750E+04 -3.427E-02 -6.425E-01  3.218E-02
 -1.1729250E+04 -4.020E-02 -6.306E-01  6.627E-02
 -1.1728750E+04 -3.683E-03 -4.900E-01 -3.588E-02
 -1.1728250E+04 -2.652E-03 -7.650E-01 -6.807E-02
 -1.1727750E+04  6.979E-02 -5.948E-01 -2.747E-01
 -1.1727250E+04  2.870E-02 -6.822E-01 -1.696E-01
 -1.1726750E+04 -7.461E-03 -6.782E-01 -4.590E-02
 -1.1726250E+04 -2.281E-02 -5.881E-01  1.821E-02
 -1.1725750E+04 -3.500E-02 -6.313E-01  2.655E-02
 -1.1725250E+04 -3.841E-02 -7.763E-01  3.113E-02
 -1.1724750E+04 -7.125E-02 -7.168E-01  1.477E-01
 -1.1724250E+04 -5.992E-02 -5.639E-01  1.488E-01
 -1.1723750E+04 -1.070E-02 -5.421E-01 -9.883E-03
 -1.1723250E+04 -2.175E-02 -6.208E-01 -1.544E-02
 -1.1722750E+04  8.972E-03 -5.541E-01 -8.074E-02
 -1.1722250E+04 -4.046E-02 -6.660E-01  5.006E-02
 -1.1721750E+04 -1.933E-02 -5.282E-01  1.823E-02
 -1.1721250E+04  2.862E-02 -6.123E-01 -1.511E-01
 -1.1720750E+04  1.187E-02 -5.436E-01 -9.747E-02
 -1.1720250E+04  3.487E-02 -5.574E-01 -1.645E-01
 -1.1719750E+04  1.572E-02 -5.562E-01 -8.880E-02
 -1.1719250E+04 -4.101E-02 -5.956E-01  7.392E-02
 -1.1718750E+04 -5.122E-02 -6.718E-01  8.580E-02
 -1.1718250E+04 -3.116E-02 -7.330E-01  3.046E-02
 -1.1717750E+04  3.265E-02 -5.693E-01 -1.493E-01
 -1.1717250E+04 -5.206E-03 -7.278E-01 -9.968E-02
 -1.1716750E+04  7.384E-03 -6.166E-01 -9.097E-02
 -1.1716250E+04  1.496E-02 -5.475E-01 -9.956E-02
 -1.1715750E+04 -1.683E-02 -4.881E-01  2.027E-02
 -1.1715250E+04 -2.104E-02 -5.936E-01  8.440E-03
 -1.1714750E+04 -2.521E-02 -6.467E-01  1.084E-02
 -1.1714250E+04 -1.100E-02 -5.930E-01 -1.555E-02
 -1.1713750E+04 -1.027E-02 -5.252E-01 -2.824E-02
 -1.1713250E+04  1.939E-02 -6.031E-01 -1.208E-01
 -1.1712750E+04  1.070E-02 -5.308E-01 -8.695E-02
 -1.1712250E+04  9.669E-03 -3.771E-01 -6.795E-02
 -1.1711750E+04 -1.533E-02 -4.350E-01  8.055E-03
 -1.1711250E+04 -9.101E-03 -5.879E-01 -2.422E-02
 -1.1710750E+04  7.321E-03 -6.359E-01 -7.743E-02
 -1.1710250E+04 -1.041E-02 -6.393E-01 -3.627E-02
 -1.1709750E+04  8.895E-03 -5.231E-01 -7.316E-02
 -1.1709250E+04  1.772E-02 -5.496E-01 -1.159E-01
 -1.1708750E+04 -3.541E-02 -6.437E-01  4.884E-02
 -1.1708250E+04  1.175E-03 -7.183E-01 -7.994E-02
 -1.1707750E+04 -2.916E-02 -6.244E-01  3.139E-02
 -1.1707250E+04 -2.311E-02 -5.765E-01  3.837E-03
 -1.1706750E+04 -3.074E-02 -5.679E-01  3.397E-02
 -1.1706250E+04  2.002E-02 -4.020E-01 -9.254E-02
 -1.1705750E+04 -4.817E-02 -4.654E-01  9.168E-02
 -1.1705250E+04 -5.355E-03 -5.552E-01 -4.185E-02
 -1.1704750E+04  1.563E-02 -5.593E-01 -1.005E-01
 -1.1704250E+04 -3.095E-02 -8.511E-01  4.691E-04
 -1.1703750E+04  1.554E-02 -5.960E-01 -1.077E-01
 -1.1703250E+04  1.845E-03 -3.170E-01 -3.570E-02
 -1.1702750E+04  2.382E-02 -4.451E-01 -1.207E-01
 -1.1702250E+04 -1.094E-02 -5.769E-01 -2.821E-02
 -1.1701750E+04 -1.128E-02 -5.897E-01 -2.646E-02
 -1.1701250E+04 -2.811E-02 -5.775E-01  2.857E-02
 -1.1700750E+04 -3.282E-02 -4.000E-01  5.729E-02
 -1.1700250E+04 -3.827E-03 -5.663E-01 -5.082E-02
 -1.1699750E+04 -2.614E-02 -5.590E-01  1.841E-02
 -1.1699250E+04 -2.105E-02 -4.716E-01  2.689E-02
 -1.1698750E+04  1.233E-02 -4.890E-01 -7.604E-02
 -1.1698250E+04  2.428E-03 -4.890E-01 -5.541E-02
 -1.1697750E+04 -2.859E-02 -5.529E-01  3.982E-02
 -1.1697250E+04  9.617E-03 -4.568E-01 -6.929E-02
 -1.1696750E+04 -2.213E-02 -6.663E-01  6.531E-03
 -1.1696250E+04 -2.389E-02 -6.031E-01  1.011E-02
 -1.1695750E+04 -4.765E-02 -5.677E-01  9.800E-02
 -1.1695250E+04  3.516E-02 -4.389E-01 -1.477E-01
 -1.1694750E+04  6.622E-04 -4.763E-01 -4.376E-02
 -1.1694250E+04 -1.988E-02 -5.368E-01  7.106E-03
 -1.1693750E+04  3.995E-03 -5.867E-01 -8.179E-02
 -1.1693250E+04 -4.166E-02 -5.294E-01  7.319E-02
 -1.1692750E+04  6.276E-03 -3.391E-01 -4.232E-02
 -1.1692250E+04 -2.784E-02 -4.404E-01  4.576E-02
 -1.1691750E+04  3.756E-02 -4.292E-01 -1.411E-01
 -1.1691250E+04  2.376E-02 -6.192E-01 -1.498E-01
 -1.1690750E+04 -4.650E-03 -4.594E-01 -2.753E-02
 -1.1690250E+04 -1.322E-02 -5.078E-01 -1.182E-02
 -1.1689750E+04  8.727E-03 -4.999E-01 -8.340E-02
 -1.1689250E+04  9.451E-05 -3.874E-01 -3.619E-02
 -1.1688750E+04  1.000E-03 -5.037E-01 -4.460E-02
 -1.1688250E+04  2.330E-03 -5.253E-01 -5.805E-02
 -1.1687750E+04  2.128E-02 -4.397E-01 -1.026E-01
 -1.1687250E+04 -8.251E-03 -4.895E-01 -1.397E-02
 -1.1686750E+04  1.811E-02 -5.008E-01 -1.082E-01
 -1.1686250E+04 -3.526E-04 -4.971E-01 -5.187E-02
 -1.1685750E+04  2.795E-02 -4.425E-01 -1.340E-01
 -1.1685250E+04 -7.191E-04 -3.529E-01 -3.717E-02
 -1.1684750E+04 -8.969E-03 -3.719E-01 -1.975E-02
 -1.1684250E+04 -1.966E-02 -4.574E-01  1.000E-02
 -1.1683750E+04 -1.854E-02 -4.054E-01  1.749E-02
 -1.1683250E+04 -4.714E-02 -5.379E-01  1.081E-01
 -1.1682750E+04 -5.633E-03 -5.799E-01 -4.280E-02
 -1.1682250E+04  3.969E-02 -4.293E-01 -1.625E-01
 -1.1681750E+04  1.833E-03 -3.770E-01 -5.020E-02
 -1.1681250E+04 -1.161E-02 -4.010E-01 -8.719E-03
 -1.1680750E+04  1.933E-02 -3.889E-01 -1.003E-01
 -1.1680250E+04 -2.453E-02 -5.184E-01  1.493E-02
 -1.1679750E+04 -3.117E-02 -4.685E-01  5.786E-02
 -1.1679250E+04 -9.228E-03 -5.032E-01 -3.027E-02
 -1.1678750E+04 -5.494E-03 -3.995E-01 -1.768E-02
 -1.1678250E+04 -1.532E-02 -4.380E-01  8.214E-03
 -1.1677750E+04  1.912E-03 -4.709E-01 -5.851E-02
 -1.1677250E+04  1.325E-02 -5.089E-01 -1.060E-01
 -1.1676750E+04 -1.660E-02 -4.246E-01  7.718E-03
 -1.1676250E+04 -2.781E-02 -3.621E-01  6.013E-02
 -1.1675750E+04  1.627E-02 -5.541E-01 -1.155E-01
 -1.1675250E+04  2.008E-02 -4.326E-01 -8.059E-02
 -1.1674750E+04 -2.986E-02 -4.649E-01  5.177E-02
 -1.1674250E+04 -4.449E-02 -4.678E-01  8.692E-02
 -1.1673750E+04 -6.739E-03 -4.254E-01 -2.997E-02
 -1.1673250E+04  3.605E-02 -3.446E-01 -1.340E-01
 -1.1672750E+04  1.779E-02 -3.436E-01 -9.300E-02
 -1.1672250E+04 -2.114E-02 -5.187E-01  2.515E-03
 -1.1671750E+04 -5.107E-04 -4.227E-01 -4.386E-02
 -1.1671250E+04 -6.469E-04 -4.414E-01 -3.991E-02
 -1.1670750E+04 -2.786E-02 -2.807E-01  6.257E-02
 -1.1670250E+04 -2.951E-02 -4.141E-01  4.158E-02
 -1.1669750E+04 -2.622E-02 -4.226E-01  4.503E-02
 -1.1669250E+04  1.268E-02 -4.526E-01 -8.538E-02
 -1.1668750E+04  2.050E-02 -2.759E-01 -7.599E-02
 -1.1668250E+04 -2.624E-03 -3.956E-01 -2.242E-02
 -1.1667750E+04  3.084E-02 -3.585E-01 -1.285E-01
 -1.1667250E+04 -7.826E-03 -4.043E-01 -8.755E-03
 -1.1666750E+04 -2.138E-02 -4.682E-01  2.310E-02
 -1.1666250E+04 -3.036E-02 -3.901E-01  6.627E-02
 -1.1665750E+04 -3.123E-02 -4.652E-01  4.551E-02
 -1.1665250E+04 -2.055E-02 -3.636E-01  2.793E-02
 -1.1664750E+04  7.956E-03 -3.968E-01 -6.551E-02
 -1.1664250E+04  1.412E-02 -4.506E-01 -9.319E-02
 -1.1663750E+04  1.283E-02 -4.205E-01 -8.921E-02
 -1.1663250E+04 -1.005E-02 -3.996E-01 -1.183E-02
 -1.1662750E+04  1.398E-02 -4.926E-01 -9.084E-02
 -1.1662250E+04 -4.162E-02 -3.091E-01  9.359E-02
 -1.1661750E+04 -2.248E-02 -4.078E-01  2.595E-02
 -1.1661250E+04  2.490E-02 -3.919E-01 -1.158E-01
 -1.1660750E+04  9.836E-03 -4.334E-01 -8.418E-02
 -1.1660250E+04  1.128E-02 -4.193E-01 -7.449E-02
 -1.1659750E+04 -6.278E-03 -3.958E-01 -2.183E-02
 -1.1659250E+04 -2.904E-02 -3.726E-01  4.735E-02
 -1.1658750E+04  1.241E-02 -4.940E-01 -9.581E-02
 -1.1658250E+04 -2.975E-03 -4.423E-01 -4.800E-02
 -1.1657750E+04 -5.049E-03 -3.614E-01 -2.526E-02
 -1.1657250E+04 -3.547E-02 -3.850E-01  9.102E-02
 -1.1656750E+04 -6.915E-03 -3.661E-01 -1.159E-02
 -1.1656250E+04  7.836E-03 -3.801E-01 -5.530E-02
 -1.1655750E+04  1.821E-02 -4.753E-01 -1.076E-01
 -1.1655250E+04  4.723E-04 -3.662E-01 -3.557E-02
 -1.1654750E+04 -2.671E-02 -4.315E-01  4.602E-02
