 -1.7733250E+04 -0.000E+00 -0.000E+00  0.000E+00
 -1.7732750E+04 -0.000E+00 -0.000E+00  0.000E+00
 -1.7732250E+04 -0.000E+00 -0.000E+00  0.000E+00
 -1.7731750E+04 -0.000E+00 -0.000E+00  0.000E+00
 -1.7731250E+04 -0.000E+00 -0.000E+00  0.000E+00
 -1.7730750E+04 -0.000E+00 -0.000E+00  0.000E+00
 -1.7730250E+04 -0.000E+00 -0.000E+00  0.000E+00
 -1.7729750E+04 -0.000E+00 -0.000E+00  0.000E+00
 -1.7729250E+04 -0.000E+00 -0.000E+00  0.000E+00
 -1.7728750E+04 -0.000E+00 -0.000E+00  0.000E+00
 -1.7728250E+04 -0.000E+00 -0.000E+00  0.000E+00
 -1.7727750E+04 -0.000E+00 -0.000E+00  0.000E+00
 -1.7727250E+04 -0.000E+00 -0.000E+00  0.000E+00
 -1.7726750E+04 -0.000E+00 -0.000E+00  0.000E+00
 -1.7726250E+04 -0.000E+00 -0.000E+00  0.000E+00
 -1.7725750E+04 -0.000E+00 -0.000E+00  0.000E+00
 -1.7725250E+04 -0.000E+00 -0.000E+00  0.000E+00
 -1.7724750E+04 -0.000E+00 -0.000E+00  0.000E+00
 -1.7724250E+04 -0.000E+00 -0.000E+00  0.000E+00
 -1.7723750E+04 -0.000E+00 -0.000E+00  0.000E+00
 -1.7723250E+04 -0.000E+00 -0.000E+00  0.000E+00
 -1.7722750E+04 -0.000E+00 -0.000E+00  0.000E+00
 -1.7722250E+04 -0.000E+00 -0.000E+00  0.000E+00
 -1.7721750E+04 -0.000E+00 -0.000E+00  0.000E+00
 -1.7721250E+04 -0.000E+00 -0.000E+00  0.000E+00
 -1.7720750E+04 -0.000E+00 -0.000E+00  0.000E+00
 -1.7720250E+04 -0.000E+00 -0.000E+00  0.000E+00
 -1.7719750E+04 -0.000E+00 -0.000E+00  0.000E+00
 -1.7719250E+04 -0.000E+00 -0.000E+00  0.000E+00
 -1.7718750E+04 -0.000E+00 -0.000E+00  0.000E+00
 -1.7718250E+04 -0.000E+00 -0.000E+00  0.000E+00
 -1.7717750E+04 -0.000E+00 -0.000E+00  0.000E+00
 -1.7717250E+04 -0.000E+00 -0.000E+00  0.000E+00
 -1.7716750E+04 -0.000E+00 -0.000E+00  0.000E+00
 -1.7716250E+04 -0.000E+00 -0.000E+00  0.000E+00
 -1.7715750E+04 -0.000E+00 -0.000E+00  0.000E+00
 -1.7715250E+04 -0.000E+00 -0.000E+00  0.000E+00
 -1.7714750E+04 -0.000E+00 -0.000E+00  0.000E+00
 -1.7714250E+04 -0.000E+00 -0.000E+00  0.000E+00
 -1.7713750E+04 -0.000E+00 -0.000E+00  0.000E+00
 -1.7713250E+04 -0.000E+00 -0.000E+00  0.000E+00
 -1.7712750E+04 -0.000E+00 -0.000E+00  0.000E+00
 -1.7712250E+04 -0.000E+00 -0.000E+00  0.000E+00
 -1.7711750E+04 -0.000E+00 -0.000E+00  0.000E+00
 -1.7711250E+04 -0.000E+00 -0.000E+00  0.000E+00
 -1.7710750E+04 -0.000E+00 -0.000E+00  0.000E+00
 -1.7710250E+04 -0.000E+00 -0.000E+00  0.000E+00
 -1.7709750E+04 -0.000E+00 -0.000E+00  0.000E+00
 -1.7709250E+04 -0.000E+00 -0.000E+00  0.000E+00
 -1.7708750E+04 -0.000E+00 -0.000E+00  0.000E+00
 -1.7708250E+04 -0.000E+00 -0.000E+00  0.000E+00
 -1.7707750E+04 -0.000E+00 -0.000E+00  0.000E+00
 -1.7707250E+04 -0.000E+00 -0.000E+00  0.000E+00
 -1.7706750E+04 -0.000E+00 -0.000E+00  0.000E+00
 -1.7706250E+04 -0.000E+00 -0.000E+00  0.000E+00
 -1.7705750E+04 -0.000E+00 -0.000E+00  0.000E+00
 -1.7705250E+04 -0.000E+00 -0.000E+00  0.000E+00
 -1.7704750E+04 -0.000E+00 -0.000E+00  0.000E+00
 -1.7704250E+04 -0.000E+00 -0.000E+00  0.000E+00
 -1.7703750E+04 -0.000E+00 -0.000E+00  0.000E+00
 -1.7703250E+04 -0.000E+00 -0.000E+00  0.000E+00
 -1.7702750E+04 -0.000E+00 -0.000E+00  0.000E+00
 -1.7702250E+04 -0.000E+00 -0.000E+00  0.000E+00
 -1.7701750E+04 -0.000E+00 -0.000E+00  0.000E+00
 -1.7701250E+04 -0.000E+00 -0.000E+00  0.000E+00
 -1.7700750E+04 -0.000E+00 -0.000E+00  0.000E+00
 -1.7700250E+04 -0.000E+00 -0.000E+00  0.000E+00
 -1.7699750E+04 -0.000E+00 -0.000E+00  0.000E+00
 -1.7699250E+04 -0.000E+00 -0.000E+00  0.000E+00
 -1.7698750E+04 -0.000E+00 -0.000E+00  0.000E+00
 -1.7698250E+04 -0.000E+00 -0.000E+00  0.000E+00
 -1.7697750E+04 -0.000E+00 -0.000E+00  0.000E+00
 -1.7697250E+04 -0.000E+00 -0.000E+00  0.000E+00
 -1.7696750E+04 -0.000E+00 -0.000E+00  0.000E+00
 -1.7696250E+04 -0.000E+00 -0.000E+00  0.000E+00
 -1.7695750E+04 -0.000E+00 -0.000E+00  0.000E+00
 -1.7695250E+04 -0.000E+00 -0.000E+00  0.000E+00
 -1.7694750E+04 -0.000E+00 -0.000E+00  0.000E+00
 -1.7694250E+04 -0.000E+00 -0.000E+00  0.000E+00
 -1.7693750E+04 -0.000E+00 -0.000E+00  0.000E+00
 -1.7693250E+04 -0.000E+00 -0.000E+00  0.000E+00
 -1.7692750E+04 -0.000E+00 -0.000E+00  0.000E+00
 -1.7692250E+04 -0.000E+00 -0.000E+00  0.000E+00
 -1.7691750E+04 -0.000E+00 -0.000E+00  0.000E+00
 -1.7691250E+04 -0.000E+00 -0.000E+00  0.000E+00
 -1.7690750E+04 -0.000E+00 -0.000E+00  0.000E+00
 -1.7690250E+04 -0.000E+00 -0.000E+00  0.000E+00
 -1.7689750E+04 -0.000E+00 -0.000E+00  0.000E+00
 -1.7689250E+04 -0.000E+00 -0.000E+00  0.000E+00
 -1.7688750E+04 -0.000E+00 -0.000E+00  0.000E+00
 -1.7688250E+04 -0.000E+00 -0.000E+00  0.000E+00
 -1.7687750E+04 -0.000E+00 -0.000E+00  0.000E+00
 -1.7687250E+04 -0.000E+00 -0.000E+00  0.000E+00
 -1.7686750E+04 -0.000E+00 -0.000E+00  0.000E+00
 -1.7686250E+04 -0.000E+00 -0.000E+00  0.000E+00
 -1.7685750E+04 -0.000E+00 -0.000E+00  0.000E+00
 -1.7685250E+04 -0.000E+00 -0.000E+00  0.000E+00
 -1.7684750E+04 -0.000E+00 -0.000E+00  0.000E+00
 -1.7684250E+04 -0.000E+00 -0.000E+00  0.000E+00
 -1.7683750E+04 -0.000E+00 -0.000E+00  0.000E+00
 -1.7683250E+04 -0.000E+00 -0.000E+00  0.000E+00
 -1.7682750E+04 -0.000E+00 -0.000E+00  0.000E+00
 -1.7682250E+04 -0.000E+00 -0.000E+00  0.000E+00
 -1.7681750E+04 -0.000E+00 -0.000E+00  0.000E+00
 -1.7681250E+04 -0.000E+00 -0.000E+00  0.000E+00
 -1.7680750E+04 -0.000E+00 -0.000E+00  0.000E+00
 -1.7680250E+04 -0.000E+00 -0.000E+00  0.000E+00
 -1.7679750E+04 -0.000E+00 -0.000E+00  0.000E+00
 -1.7679250E+04 -0.000E+00 -0.000E+00  0.000E+00
 -1.7678750E+04 -0.000E+00 -0.000E+00  0.000E+00
 -1.7678250E+04 -0.000E+00 -0.000E+00  0.000E+00
 -1.7677750E+04 -0.000E+00 -0.000E+00  0.000E+00
 -1.7677250E+04 -0.000E+00 -0.000E+00  0.000E+00
 -1.7676750E+04 -0.000E+00 -0.000E+00  0.000E+00
 -1.7676250E+04 -0.000E+00 -0.000E+00  0.000E+00
 -1.7675750E+04 -0.000E+00 -0.000E+00  0.000E+00
 -1.7675250E+04 -0.000E+00 -0.000E+00  0.000E+00
 -1.7674750E+04 -0.000E+00 -0.000E+00  0.000E+00
 -1.7674250E+04 -0.000E+00 -0.000E+00  0.000E+00
 -1.7673750E+04 -0.000E+00 -0.000E+00  0.000E+00
 -1.7673250E+04 -0.000E+00 -0.000E+00  0.000E+00
 -1.7672750E+04 -0.000E+00 -0.000E+00  0.000E+00
 -1.7672250E+04 -0.000E+00 -0.000E+00  0.000E+00
 -1.7671750E+04 -0.000E+00 -0.000E+00  0.000E+00
 -1.7671250E+04 -0.000E+00 -0.000E+00  0.000E+00
 -1.7670750E+04 -0.000E+00 -0.000E+00  0.000E+00
 -1.7670250E+04 -0.000E+00 -0.000E+00  0.000E+00
 -1.7669750E+04 -0.000E+00 -0.000E+00  0.000E+00
 -1.7669250E+04 -0.000E+00 -0.000E+00  0.000E+00
 -1.7668750E+04 -0.000E+00 -0.000E+00  0.000E+00
 -1.7668250E+04 -0.000E+00 -0.000E+00  0.000E+00
 -1.7667750E+04 -0.000E+00 -0.000E+00  0.000E+00
 -1.7667250E+04 -0.000E+00 -0.000E+00  0.000E+00
 -1.7666750E+04 -0.000E+00 -0.000E+00  0.000E+00
 -1.7666250E+04 -0.000E+00 -0.000E+00  0.000E+00
 -1.7665750E+04 -0.000E+00 -0.000E+00  0.000E+00
 -1.7665250E+04 -0.000E+00 -0.000E+00  0.000E+00
 -1.7664750E+04 -0.000E+00 -0.000E+00  0.000E+00
 -1.7664250E+04 -0.000E+00 -0.000E+00  0.000E+00
 -1.7663750E+04 -0.000E+00 -0.000E+00  0.000E+00
 -1.7663250E+04 -0.000E+00 -0.000E+00  0.000E+00
 -1.7662750E+04 -0.000E+00 -0.000E+00  0.000E+00
 -1.7662250E+04 -0.000E+00 -0.000E+00  0.000E+00
 -1.7661750E+04 -0.000E+00 -0.000E+00  0.000E+00
 -1.7661250E+04 -0.000E+00 -0.000E+00  0.000E+00
 -1.7660750E+04 -0.000E+00 -0.000E+00  0.000E+00
 -1.7660250E+04 -0.000E+00 -0.000E+00  0.000E+00
 -1.7659750E+04 -0.000E+00 -0.000E+00  0.000E+00
 -1.7659250E+04 -0.000E+00 -0.000E+00  0.000E+00
 -1.7658750E+04 -0.000E+00 -0.000E+00  0.000E+00
 -1.7658250E+04 -0.000E+00 -0.000E+00  0.000E+00
 -1.7657750E+04 -0.000E+00 -0.000E+00  0.000E+00
 -1.7657250E+04 -0.000E+00 -0.000E+00  0.000E+00
 -1.7656750E+04 -0.000E+00 -0.000E+00  0.000E+00
 -1.7656250E+04 -0.000E+00 -0.000E+00  0.000E+00
 -1.7655750E+04 -0.000E+00 -0.000E+00  0.000E+00
 -1.7655250E+04 -0.000E+00 -0.000E+00  0.000E+00
 -1.7654750E+04 -0.000E+00 -0.000E+00  0.000E+00
 -1.7654250E+04 -0.000E+00 -0.000E+00  0.000E+00
 -1.7653750E+04 -0.000E+00 -0.000E+00  0.000E+00
 -1.7653250E+04 -0.000E+00 -0.000E+00  0.000E+00
 -1.7652750E+04 -0.000E+00 -0.000E+00  0.000E+00
 -1.7652250E+04 -0.000E+00 -0.000E+00  0.000E+00
 -1.7651750E+04 -0.000E+00 -0.000E+00  0.000E+00
 -1.7651250E+04 -0.000E+00 -0.000E+00  0.000E+00
 -1.7650750E+04 -0.000E+00 -0.000E+00  0.000E+00
 -1.7650250E+04 -0.000E+00 -0.000E+00  0.000E+00
 -1.7649750E+04 -0.000E+00 -0.000E+00  0.000E+00
 -1.7649250E+04 -0.000E+00 -0.000E+00  0.000E+00
 -1.7648750E+04 -0.000E+00 -0.000E+00  0.000E+00
 -1.7648250E+04 -0.000E+00 -0.000E+00  0.000E+00
 -1.7647750E+04 -0.000E+00 -0.000E+00  0.000E+00
 -1.7647250E+04 -0.000E+00 -0.000E+00  0.000E+00
 -1.7646750E+04 -0.000E+00 -0.000E+00  0.000E+00
 -1.7646250E+04 -0.000E+00 -0.000E+00  0.000E+00
 -1.7645750E+04 -0.000E+00 -0.000E+00  0.000E+00
 -1.7645250E+04 -0.000E+00 -0.000E+00  0.000E+00
 -1.7644750E+04 -0.000E+00 -0.000E+00  0.000E+00
 -1.7644250E+04 -0.000E+00 -0.000E+00  0.000E+00
 -1.7643750E+04 -0.000E+00 -0.000E+00  0.000E+00
 -1.7643250E+04 -0.000E+00 -0.000E+00  0.000E+00
 -1.7642750E+04 -0.000E+00 -0.000E+00  0.000E+00
 -1.7642250E+04 -0.000E+00 -0.000E+00  0.000E+00
 -1.7641750E+04 -0.000E+00 -0.000E+00  0.000E+00
 -1.7641250E+04 -0.000E+00 -0.000E+00  0.000E+00
 -1.7640750E+04 -0.000E+00 -0.000E+00  0.000E+00
 -1.7640250E+04 -0.000E+00 -0.000E+00  0.000E+00
 -1.7639750E+04 -0.000E+00 -0.000E+00  0.000E+00
 -1.7639250E+04 -0.000E+00 -0.000E+00  0.000E+00
 -1.7638750E+04 -0.000E+00 -0.000E+00  0.000E+00
 -1.7638250E+04 -0.000E+00 -0.000E+00  0.000E+00
 -1.7637750E+04 -0.000E+00 -0.000E+00  0.000E+00
 -1.7637250E+04 -0.000E+00 -0.000E+00  0.000E+00
 -1.7636750E+04 -0.000E+00 -0.000E+00  0.000E+00
 -1.7636250E+04 -0.000E+00 -0.000E+00  0.000E+00
 -1.7635750E+04 -0.000E+00 -0.000E+00  0.000E+00
 -1.7635250E+04 -0.000E+00 -0.000E+00  0.000E+00
 -1.7634750E+04 -0.000E+00 -0.000E+00  0.000E+00
 -1.7634250E+04 -0.000E+00 -0.000E+00  0.000E+00
 -1.7633750E+04 -0.000E+00 -0.000E+00  0.000E+00
 -1.7633250E+04 -0.000E+00 -0.000E+00  0.000E+00
 -1.7632750E+04 -0.000E+00 -0.000E+00  0.000E+00
 -1.7632250E+04 -0.000E+00 -0.000E+00  0.000E+00
 -1.7631750E+04 -0.000E+00 -0.000E+00  0.000E+00
 -1.7631250E+04 -0.000E+00 -0.000E+00  0.000E+00
 -1.7630750E+04 -0.000E+00 -0.000E+00  0.000E+00
 -1.7630250E+04 -0.000E+00 -0.000E+00  0.000E+00
 -1.7629750E+04 -0.000E+00 -0.000E+00  0.000E+00
 -1.7629250E+04 -0.000E+00 -0.000E+00  0.000E+00
 -1.7628750E+04 -0.000E+00 -0.000E+00  0.000E+00
 -1.7628250E+04 -0.000E+00 -0.000E+00  0.000E+00
 -1.7627750E+04 -0.000E+00 -0.000E+00  0.000E+00
 -1.7627250E+04 -0.000E+00 -0.000E+00  0.000E+00
 -1.7626750E+04 -0.000E+00 -0.000E+00  0.000E+00
 -1.7626250E+04 -0.000E+00 -0.000E+00  0.000E+00
 -1.7625750E+04 -0.000E+00 -0.000E+00  0.000E+00
 -1.7625250E+04 -0.000E+00 -0.000E+00  0.000E+00
 -1.7624750E+04 -0.000E+00 -0.000E+00  0.000E+00
 -1.7624250E+04 -0.000E+00 -0.000E+00  0.000E+00
 -1.7623750E+04 -0.000E+00 -0.000E+00  0.000E+00
 -1.7623250E+04 -0.000E+00 -0.000E+00  0.000E+00
 -1.7622750E+04 -0.000E+00 -0.000E+00  0.000E+00
 -1.7622250E+04  8.877E-09 -9.001E-09 -3.034E-08
 -1.7621750E+04 -1.450E-08  1.471E-08  4.957E-08
 -1.7621250E+04  1.189E-08 -1.206E-08 -4.065E-08
 -1.7620750E+04  3.354E-09 -3.377E-09 -1.138E-08
 -1.7620250E+04 -1.505E-08  1.523E-08  5.131E-08
 -1.7619750E+04 -2.409E-09  2.580E-09  8.247E-09
 -1.7619250E+04 -1.377E-08  1.585E-08  4.665E-08
 -1.7618750E+04  4.125E-08 -3.079E-08 -1.412E-07
 -1.7618250E+04  9.626E-09  4.842E-09 -3.336E-08
 -1.7617750E+04 -8.937E-08  1.061E-07  3.022E-07
 -1.7617250E+04  1.593E-06 -1.835E-06 -5.388E-06
 -1.7616750E+04 -6.411E-07  6.048E-07  2.176E-06
 -1.7616250E+04 -1.857E-05  1.904E-05  6.286E-05
 -1.7615750E+04 -4.374E-06  4.715E-06  1.473E-05
 -1.7615250E+04  1.234E-06 -8.908E-07 -4.255E-06
 -1.7614750E+04  1.895E-06 -2.881E-06 -6.391E-06
 -1.7614250E+04  5.630E-05 -5.732E-05 -1.901E-04
 -1.7613750E+04  7.586E-06  2.293E-05 -2.760E-05
 -1.7613250E+04 -7.702E-06 -1.187E-06  2.672E-05
 -1.7612750E+04  1.441E-05 -2.605E-06 -4.923E-05
 -1.7612250E+04 -1.896E-05  5.894E-05  6.117E-05
 -1.7611750E+04 -3.880E-05  3.153E-05  1.311E-04
 -1.7611250E+04  1.569E-05 -3.214E-06 -5.357E-05
 -1.7610750E+04 -1.502E-05  5.857E-05  4.743E-05
 -1.7610250E+04 -1.120E-04  2.078E-04  3.690E-04
 -1.7609750E+04  1.257E-04 -6.369E-05 -4.258E-04
 -1.7609250E+04  6.205E-05  8.232E-04 -2.700E-04
 -1.7608750E+04  1.809E-04  7.299E-04 -6.690E-04
 -1.7608250E+04  6.941E-04  1.648E-03 -2.485E-03
 -1.7607750E+04 -1.296E-03  1.093E-02  3.647E-03
 -1.7607250E+04 -5.962E-04  1.280E-02  1.119E-03
 -1.7606750E+04 -2.931E-03  1.372E-02  8.997E-03
 -1.7606250E+04 -2.138E-03  3.252E-03  7.036E-03
 -1.7605750E+04  2.040E-03  1.848E-03 -7.082E-03
 -1.7605250E+04  3.825E-04  6.154E-03 -1.740E-03
 -1.7604750E+04  2.616E-04  3.888E-03 -1.172E-03
 -1.7604250E+04  2.054E-04  3.345E-03 -9.539E-04
 -1.7603750E+04  2.379E-03  3.387E-03 -8.316E-03
 -1.7603250E+04  5.004E-03  1.701E-02 -1.819E-02
 -1.7602750E+04 -5.251E-03  3.621E-02  1.517E-02
 -1.7602250E+04 -1.935E-03  1.286E-02  5.601E-03
 -1.7601750E+04  4.662E-03  1.295E-02 -1.669E-02
 -1.7601250E+04  4.931E-03  1.696E-02 -1.789E-02
 -1.7600750E+04  4.129E-03  4.606E-02 -1.727E-02
 -1.7600250E+04  2.241E-03  4.589E-02 -1.088E-02
 -1.7599750E+04  1.027E-02  4.453E-02 -3.780E-02
 -1.7599250E+04  2.401E-03  6.716E-02 -1.295E-02
 -1.7598750E+04 -6.586E-03  6.315E-02  1.758E-02
 -1.7598250E+04  6.665E-04  7.882E-02 -8.019E-03
 -1.7597750E+04  3.366E-03  1.266E-01 -2.056E-02
 -1.7597250E+04 -3.106E-03  1.075E-01  2.614E-03
 -1.7596750E+04  1.469E-02  1.751E-01 -6.215E-02
 -1.7596250E+04 -8.939E-03  1.363E-01  1.996E-02
 -1.7595750E+04 -8.924E-03  1.462E-01  1.920E-02
 -1.7595250E+04  5.077E-03  2.262E-01 -3.375E-02
 -1.7594750E+04 -1.890E-02  2.574E-01  4.415E-02
 -1.7594250E+04 -1.147E-03  2.523E-01 -1.481E-02
 -1.7593750E+04  2.316E-02  2.900E-01 -9.907E-02
 -1.7593250E+04 -1.271E-02  3.221E-01  1.849E-02
 -1.7592750E+04 -3.648E-02  4.571E-01  8.721E-02
 -1.7592250E+04 -2.803E-02  6.239E-01  4.658E-02
 -1.7591750E+04  2.166E-03  5.508E-01 -4.867E-02
 -1.7591250E+04 -3.248E-03  6.029E-01 -3.487E-02
 -1.7590750E+04  1.105E-02  7.255E-01 -9.182E-02
 -1.7590250E+04 -1.677E-02  7.525E-01 -1.381E-03
 -1.7589750E+04 -1.880E-02  8.564E-01 -2.687E-03
 -1.7589250E+04 -3.459E-02  9.783E-01  3.961E-02
 -1.7588750E+04 -4.643E-02  1.226E+00  6.009E-02
 -1.7588250E+04 -4.068E-02  1.324E+00  3.331E-02
 -1.7587750E+04  2.917E-02  1.466E+00 -2.091E-01
 -1.7587250E+04  1.044E-03  1.522E+00 -1.206E-01
 -1.7586750E+04 -7.619E-02  1.684E+00  1.223E-01
 -1.7586250E+04  6.054E-03  1.915E+00 -1.679E-01
 -1.7585750E+04 -3.342E-02  2.277E+00 -6.687E-02
 -1.7585250E+04 -3.593E-02  2.238E+00 -5.489E-02
 -1.7584750E+04 -3.681E-02  2.458E+00 -7.017E-02
 -1.7584250E+04 -4.432E-02  2.941E+00 -8.413E-02
 -1.7583750E+04 -6.464E-02  3.192E+00 -3.643E-02
 -1.7583250E+04 -5.428E-02  3.612E+00 -1.044E-01
 -1.7582750E+04 -8.462E-02  3.732E+00 -1.478E-02
 -1.7582250E+04 -1.570E-01  3.781E+00  2.191E-01
 -1.7581750E+04 -9.808E-02  4.243E+00 -1.276E-02
 -1.7581250E+04 -9.246E-02  4.630E+00 -6.202E-02
 -1.7580750E+04 -1.407E-01  4.840E+00  7.717E-02
 -1.7580250E+04 -2.449E-01  5.043E+00  4.022E-01
 -1.7579750E+04 -6.210E-02  5.756E+00 -2.558E-01
 -1.7579250E+04 -1.075E-02  5.824E+00 -4.291E-01
 -1.7578750E+04 -2.538E-01  6.446E+00  3.143E-01
 -1.7578250E+04 -2.597E-01  7.171E+00  2.744E-01
 -1.7577750E+04 -2.991E-01  7.325E+00  3.861E-01
 -1.7577250E+04 -2.176E-01  7.355E+00  1.184E-01
 -1.7576750E+04 -2.410E-01  8.618E+00  9.074E-02
 -1.7576250E+04 -2.421E-01  8.831E+00  7.547E-02
 -1.7575750E+04 -1.884E-01  9.457E+00 -1.537E-01
 -1.7575250E+04 -3.959E-01  1.026E+01  4.545E-01
 -1.7574750E+04 -3.662E-01  1.083E+01  3.082E-01
 -1.7574250E+04 -2.030E-01  1.026E+01 -1.794E-01
 -1.7573750E+04 -5.171E-01  1.085E+01  7.919E-01
 -1.7573250E+04 -3.202E-01  1.236E+01  2.465E-02
 -1.7572750E+04 -2.163E-01  1.275E+01 -3.447E-01
 -1.7572250E+04 -5.463E-01  1.339E+01  6.699E-01
 -1.7571750E+04 -5.591E-01  1.383E+01  6.673E-01
 -1.7571250E+04 -3.866E-01  1.479E+01  2.790E-02
 -1.7570750E+04 -6.710E-01  1.496E+01  9.315E-01
 -1.7570250E+04 -7.155E-01  1.578E+01  9.995E-01
 -1.7569750E+04 -6.047E-01  1.559E+01  6.529E-01
 -1.7569250E+04 -4.182E-01  1.633E+01 -1.462E-02
 -1.7568750E+04 -5.847E-01  1.658E+01  4.987E-01
 -1.7568250E+04 -9.184E-01  1.832E+01  1.433E+00
 -1.7567750E+04 -6.521E-01  1.746E+01  6.294E-01
 -1.7567250E+04 -5.877E-01  1.868E+01  3.207E-01
 -1.7566750E+04 -4.196E-01  1.995E+01 -3.309E-01
 -1.7566250E+04 -7.773E-01  2.065E+01  7.520E-01
 -1.7565750E+04 -7.625E-01  2.083E+01  6.894E-01
 -1.7565250E+04 -7.171E-01  2.057E+01  5.560E-01
 -1.7564750E+04 -1.068E+00  2.071E+01  1.660E+00
 -1.7564250E+04 -1.129E+00  2.208E+01  1.731E+00
 -1.7563750E+04 -9.556E-01  2.157E+01  1.214E+00
 -1.7563250E+04 -9.654E-01  2.219E+01  1.187E+00
 -1.7562750E+04 -9.543E-01  2.266E+01  1.102E+00
 -1.7562250E+04 -1.061E+00  2.321E+01  1.393E+00
 -1.7561750E+04 -5.649E-01  2.324E+01 -2.063E-01
 -1.7561250E+04 -1.024E+00  2.439E+01  1.164E+00
 -1.7560750E+04 -1.100E+00  2.430E+01  1.397E+00
 -1.7560250E+04 -9.931E-01  2.478E+01  1.009E+00
 -1.7559750E+04 -1.053E+00  2.458E+01  1.215E+00
 -1.7559250E+04 -1.223E+00  2.593E+01  1.634E+00
 -1.7558750E+04 -1.491E+00  2.556E+01  2.507E+00
 -1.7558250E+04 -1.051E+00  2.563E+01  1.082E+00
 -1.7557750E+04 -1.495E+00  2.536E+01  2.516E+00
 -1.7557250E+04 -1.178E+00  2.538E+01  1.501E+00
 -1.7556750E+04 -9.844E-01  2.480E+01  9.154E-01
 -1.7556250E+04 -1.484E+00  2.575E+01  2.422E+00
 -1.7555750E+04 -1.608E+00  2.651E+01  2.739E+00
 -1.7555250E+04 -1.104E+00  2.573E+01  1.197E+00
 -1.7554750E+04 -1.189E+00  2.624E+01  1.417E+00
 -1.7554250E+04 -9.967E-01  2.726E+01  7.043E-01
 -1.7553750E+04 -1.022E+00  2.506E+01  9.793E-01
 -1.7553250E+04 -1.545E+00  2.695E+01  2.449E+00
 -1.7552750E+04 -2.041E+00  2.592E+01  4.089E+00
 -1.7552250E+04 -1.240E+00  2.624E+01  1.535E+00
 -1.7551750E+04 -1.440E+00  2.632E+01  2.156E+00
 -1.7551250E+04 -1.433E+00  2.483E+01  2.233E+00
 -1.7550750E+04 -1.358E+00  2.446E+01  2.034E+00
 -1.7550250E+04 -1.338E+00  2.453E+01  1.957E+00
 -1.7549750E+04 -1.535E+00  2.470E+01  2.549E+00
 -1.7549250E+04 -1.638E+00  2.560E+01  2.798E+00
 -1.7548750E+04 -1.435E+00  2.526E+01  2.159E+00
 -1.7548250E+04 -1.053E+00  2.307E+01  1.162E+00
 -1.7547750E+04 -1.608E+00  2.438E+01  2.763E+00
 -1.7547250E+04 -1.067E+00  2.389E+01  1.109E+00
 -1.7546750E+04 -1.110E+00  2.366E+01  1.264E+00
 -1.7546250E+04 -1.157E+00  2.182E+01  1.560E+00
 -1.7545750E+04 -1.778E+00  2.120E+01  3.550E+00
 -1.7545250E+04 -1.248E+00  2.217E+01  1.787E+00
 -1.7544750E+04 -1.325E+00  2.190E+01  2.056E+00
 -1.7544250E+04 -1.100E+00  2.332E+01  1.233E+00
 -1.7543750E+04 -1.483E+00  2.052E+01  2.655E+00
 -1.7543250E+04 -2.132E+00  1.962E+01  4.738E+00
 -1.7542750E+04 -1.149E+00  1.887E+01  1.735E+00
 -1.7542250E+04 -1.031E+00  1.912E+01  1.335E+00
 -1.7541750E+04 -8.777E-01  2.020E+01  7.622E-01
 -1.7541250E+04 -9.239E-01  1.850E+01  1.060E+00
 -1.7540750E+04 -6.765E-01  1.867E+01  2.615E-01
 -1.7540250E+04 -5.194E-01  1.737E+01 -9.963E-02
 -1.7539750E+04 -1.424E+00  1.827E+01  2.609E+00
 -1.7539250E+04 -1.408E+00  1.873E+01  2.515E+00
 -1.7538750E+04 -9.820E-01  1.604E+01  1.435E+00
 -1.7538250E+04 -1.567E+00  1.770E+01  3.100E+00
 -1.7537750E+04 -1.189E+00  1.628E+01  2.038E+00
 -1.7537250E+04 -1.121E+00  1.546E+01  1.881E+00
 -1.7536750E+04 -8.183E-01  1.388E+01  1.084E+00
 -1.7536250E+04 -1.196E+00  1.463E+01  2.199E+00
 -1.7535750E+04 -4.502E-01  1.380E+01 -5.125E-02
 -1.7535250E+04 -1.131E+00  1.411E+01  2.031E+00
 -1.7534750E+04 -6.291E-01  1.306E+01  5.624E-01
 -1.7534250E+04 -1.159E+00  1.208E+01  2.287E+00
 -1.7533750E+04 -8.907E-01  1.199E+01  1.462E+00
 -1.7533250E+04 -1.012E+00  1.200E+01  1.852E+00
 -1.7532750E+04 -8.733E-01  1.073E+01  1.517E+00
 -1.7532250E+04 -5.579E-01  9.761E+00  6.188E-01
 -1.7531750E+04 -9.941E-01  1.021E+01  1.924E+00
 -1.7531250E+04 -1.208E+00  1.041E+01  2.560E+00
 -1.7530750E+04 -9.667E-01  9.500E+00  1.889E+00
 -1.7530250E+04 -5.662E-01  8.988E+00  6.957E-01
 -1.7529750E+04 -4.663E-01  8.396E+00  4.635E-01
 -1.7529250E+04 -9.052E-01  8.705E+00  1.770E+00
 -1.7528750E+04 -7.004E-01  8.713E+00  1.129E+00
 -1.7528250E+04 -6.214E-01  8.235E+00  9.445E-01
 -1.7527750E+04 -4.832E-01  6.443E+00  6.597E-01
 -1.7527250E+04 -2.220E-01  6.571E+00 -1.651E-01
 -1.7526750E+04 -2.750E-01  5.488E+00  1.485E-01
 -1.7526250E+04 -6.362E-01  5.000E+00  1.283E+00
 -1.7525750E+04 -6.149E-01  4.889E+00  1.198E+00
 -1.7525250E+04 -7.986E-01  6.482E+00  1.611E+00
 -1.7524750E+04 -3.633E-01  4.855E+00  4.456E-01
 -1.7524250E+04 -2.570E-01  4.205E+00  1.581E-01
 -1.7523750E+04 -4.385E-01  3.295E+00  8.285E-01
 -1.7523250E+04 -5.798E-01  2.649E+00  1.316E+00
 -1.7522750E+04  5.653E-02  3.174E+00 -6.846E-01
 -1.7522250E+04 -6.900E-01  3.055E+00  1.578E+00
 -1.7521750E+04 -2.805E-01  2.049E+00  4.675E-01
 -1.7521250E+04 -5.584E-02  2.662E+00 -3.079E-01
 -1.7520750E+04  4.279E-01  2.118E+00 -1.744E+00
 -1.7520250E+04 -2.260E-01  8.944E-01  3.791E-01
 -1.7519750E+04 -4.601E-01  1.452E+00  1.026E+00
 -1.7519250E+04 -3.099E-01  9.069E-01  6.471E-01
 -1.7518750E+04 -6.607E-01  1.679E+00  1.623E+00
 -1.7518250E+04 -1.649E-02  7.854E-01 -2.315E-01
 -1.7517750E+04 -1.298E-01  1.820E-01  1.820E-01
 -1.7517250E+04 -4.570E-01 -7.623E-01  1.229E+00
 -1.7516750E+04 -3.096E-01 -1.139E+00  8.434E-01
 -1.7516250E+04 -1.169E-01 -8.181E-01  2.120E-01
 -1.7515750E+04 -2.561E-01 -1.628E-02  5.699E-01
 -1.7515250E+04  2.127E-02 -2.956E-01 -2.260E-01
 -1.7514750E+04  1.305E-01 -2.678E+00 -3.651E-01
 -1.7514250E+04  1.129E-02 -1.929E+00 -7.577E-02
 -1.7513750E+04 -1.354E-01 -8.519E-01  2.902E-01
 -1.7513250E+04  2.046E-02 -2.032E+00 -1.032E-01
 -1.7512750E+04  1.425E-01 -2.843E+00 -3.941E-01
 -1.7512250E+04  1.108E-01 -1.090E+00 -4.394E-01
 -1.7511750E+04  1.894E-01 -2.865E+00 -5.232E-01
 -1.7511250E+04  1.097E-01 -2.777E+00 -2.577E-01
 -1.7510750E+04 -1.165E-01 -2.220E+00  3.486E-01
 -1.7510250E+04  1.155E-01 -3.035E+00 -2.817E-01
 -1.7509750E+04  2.392E-01 -4.030E+00 -5.530E-01
 -1.7509250E+04  8.103E-02 -3.897E+00 -8.475E-02
 -1.7508750E+04  1.546E-01 -2.566E+00 -4.166E-01
 -1.7508250E+04  2.187E-01 -4.277E+00 -4.715E-01
 -1.7507750E+04 -7.757E-02 -3.471E+00  3.538E-01
 -1.7507250E+04 -2.959E-01 -4.108E+00  1.084E+00
 -1.7506750E+04  1.999E-01 -4.031E+00 -4.071E-01
 -1.7506250E+04  1.164E-01 -4.574E+00 -9.685E-02
 -1.7505750E+04  1.722E-01 -4.084E+00 -3.173E-01
 -1.7505250E+04  1.681E-01 -4.440E+00 -2.808E-01
 -1.7504750E+04  4.846E-01 -5.417E+00 -1.128E+00
 -1.7504250E+04  3.130E-01 -4.299E+00 -7.316E-01
 -1.7503750E+04  2.850E-01 -3.935E+00 -6.730E-01
 -1.7503250E+04  1.254E-01 -5.682E+00 -3.303E-02
 -1.7502750E+04 -2.879E-02 -5.318E+00  4.056E-01
 -1.7502250E+04  5.571E-03 -4.616E+00  2.058E-01
 -1.7501750E+04  4.883E-01 -5.266E+00 -1.112E+00
 -1.7501250E+04  9.657E-02 -5.208E+00  1.474E-02
 -1.7500750E+04  4.309E-01 -5.688E+00 -9.122E-01
 -1.7500250E+04  3.977E-01 -5.398E+00 -8.677E-01
 -1.7499750E+04  1.869E-01 -7.111E+00 -8.005E-02
 -1.7499250E+04  1.811E-01 -4.990E+00 -2.419E-01
 -1.7498750E+04  4.298E-02 -5.905E+00  2.597E-01
 -1.7498250E+04  3.993E-01 -6.230E+00 -7.866E-01
 -1.7497750E+04  5.343E-01 -6.160E+00 -1.205E+00
 -1.7497250E+04  3.258E-01 -6.103E+00 -5.743E-01
 -1.7496750E+04  2.618E-01 -5.467E+00 -4.274E-01
 -1.7496250E+04  1.406E-01 -6.024E+00 -2.307E-02
 -1.7495750E+04  1.313E-01 -5.897E+00 -3.153E-03
 -1.7495250E+04  3.266E-01 -6.843E+00 -5.020E-01
 -1.7494750E+04  2.485E-01 -5.111E+00 -4.342E-01
 -1.7494250E+04  6.264E-01 -5.342E+00 -1.498E+00
 -1.7493750E+04  1.743E-01 -6.404E+00 -9.480E-02
 -1.7493250E+04  1.655E-01 -6.687E+00 -1.146E-02
 -1.7492750E+04  2.055E-01 -7.178E+00 -1.100E-01
 -1.7492250E+04  4.056E-01 -6.034E+00 -7.937E-01
 -1.7491750E+04  2.371E-01 -6.308E+00 -2.513E-01
 -1.7491250E+04  2.754E-01 -6.693E+00 -3.283E-01
 -1.7490750E+04  5.463E-01 -6.623E+00 -1.153E+00
 -1.7490250E+04  4.664E-01 -6.429E+00 -9.097E-01
 -1.7489750E+04  2.857E-01 -6.848E+00 -3.539E-01
 -1.7489250E+04  1.096E-01 -6.189E+00  1.132E-01
 -1.7488750E+04  6.107E-01 -6.350E+00 -1.348E+00
 -1.7488250E+04  2.153E-01 -7.206E+00 -1.010E-01
 -1.7487750E+04  2.773E-01 -6.671E+00 -3.220E-01
 -1.7487250E+04  5.389E-01 -6.313E+00 -1.171E+00
 -1.7486750E+04  2.223E-01 -6.982E+00 -1.500E-01
 -1.7486250E+04  3.253E-01 -7.101E+00 -4.332E-01
 -1.7485750E+04  2.903E-01 -7.035E+00 -3.336E-01
 -1.7485250E+04  4.898E-01 -6.479E+00 -9.658E-01
 -1.7484750E+04  3.102E-01 -6.627E+00 -4.438E-01
 -1.7484250E+04  3.825E-01 -6.803E+00 -6.522E-01
 -1.7483750E+04  2.630E-01 -7.395E+00 -1.858E-01
 -1.7483250E+04  3.421E-01 -6.619E+00 -5.261E-01
 -1.7482750E+04  5.759E-01 -6.884E+00 -1.201E+00
 -1.7482250E+04  1.579E-01 -6.369E+00  1.769E-02
 -1.7481750E+04  4.407E-01 -7.161E+00 -7.630E-01
 -1.7481250E+04  2.135E-01 -6.452E+00 -1.730E-01
 -1.7480750E+04  4.147E-01 -6.844E+00 -7.031E-01
 -1.7480250E+04  3.695E-01 -7.044E+00 -5.221E-01
 -1.7479750E+04  2.563E-01 -6.294E+00 -3.040E-01
 -1.7479250E+04  2.652E-01 -6.068E+00 -3.237E-01
 -1.7478750E+04  4.874E-01 -6.348E+00 -9.505E-01
 -1.7478250E+04  5.055E-01 -6.414E+00 -1.014E+00
 -1.7477750E+04  3.618E-01 -7.003E+00 -5.198E-01
 -1.7477250E+04  2.526E-01 -6.533E+00 -2.484E-01
 -1.7476750E+04  3.085E-01 -5.891E+00 -5.070E-01
 -1.7476250E+04  3.403E-01 -7.631E+00 -3.873E-01
 -1.7475750E+04  2.424E-01 -7.299E+00 -1.456E-01
 -1.7475250E+04  5.989E-01 -6.264E+00 -1.292E+00
 -1.7474750E+04  3.377E-01 -7.039E+00 -4.428E-01
 -1.7474250E+04  3.535E-01 -5.911E+00 -5.821E-01
 -1.7473750E+04  2.593E-01 -7.006E+00 -1.733E-01
 -1.7473250E+04  3.559E-01 -6.185E+00 -5.438E-01
 -1.7472750E+04  2.985E-01 -6.582E+00 -3.436E-01
 -1.7472250E+04  3.845E-01 -6.768E+00 -5.763E-01
 -1.7471750E+04  3.083E-01 -6.356E+00 -3.956E-01
 -1.7471250E+04  3.734E-01 -6.207E+00 -6.486E-01
 -1.7470750E+04  4.065E-01 -6.409E+00 -6.953E-01
 -1.7470250E+04  1.556E-01 -6.808E+00  1.164E-01
 -1.7469750E+04  4.554E-01 -6.794E+00 -7.815E-01
 -1.7469250E+04  4.582E-01 -6.757E+00 -8.166E-01
 -1.7468750E+04  2.375E-01 -6.898E+00 -1.664E-01
 -1.7468250E+04  3.916E-01 -6.131E+00 -6.869E-01
 -1.7467750E+04  5.923E-01 -5.698E+00 -1.309E+00
 -1.7467250E+04  1.994E-01 -5.842E+00 -1.190E-01
 -1.7466750E+04  2.834E-01 -6.596E+00 -3.162E-01
 -1.7466250E+04  3.554E-01 -6.994E+00 -4.818E-01
 -1.7465750E+04  2.734E-01 -5.940E+00 -3.444E-01
 -1.7465250E+04  1.782E-01 -6.120E+00 -3.503E-02
 -1.7464750E+04  4.094E-01 -7.369E+00 -5.805E-01
 -1.7464250E+04  4.004E-01 -6.335E+00 -6.848E-01
 -1.7463750E+04  3.133E-01 -6.009E+00 -4.471E-01
 -1.7463250E+04  2.578E-01 -5.496E+00 -3.310E-01
 -1.7462750E+04  3.650E-01 -6.017E+00 -5.601E-01
 -1.7462250E+04  5.391E-01 -5.929E+00 -1.078E+00
 -1.7461750E+04  4.399E-01 -6.394E+00 -7.803E-01
 -1.7461250E+04  1.236E-01 -6.390E+00  1.534E-01
 -1.7460750E+04  3.775E-01 -5.777E+00 -6.494E-01
 -1.7460250E+04  4.215E-01 -6.496E+00 -7.167E-01
 -1.7459750E+04  1.445E-01 -6.143E+00  8.943E-02
 -1.7459250E+04  5.049E-01 -6.256E+00 -9.794E-01
 -1.7458750E+04  2.750E-01 -5.661E+00 -3.694E-01
 -1.7458250E+04  3.125E-01 -6.180E+00 -4.204E-01
 -1.7457750E+04  2.493E-01 -5.546E+00 -2.754E-01
 -1.7457250E+04  1.656E-01 -5.797E+00 -1.022E-02
 -1.7456750E+04  4.751E-01 -6.138E+00 -8.945E-01
 -1.7456250E+04  2.859E-01 -6.109E+00 -3.117E-01
 -1.7455750E+04  3.379E-01 -5.885E+00 -4.957E-01
 -1.7455250E+04  2.919E-01 -6.167E+00 -3.385E-01
 -1.7454750E+04  3.285E-01 -5.739E+00 -5.180E-01
 -1.7454250E+04  1.952E-01 -5.636E+00 -9.896E-02
 -1.7453750E+04  3.890E-01 -5.576E+00 -6.887E-01
 -1.7453250E+04  2.467E-01 -6.179E+00 -2.191E-01
 -1.7452750E+04  3.150E-01 -5.415E+00 -4.907E-01
 -1.7452250E+04  4.006E-01 -6.178E+00 -6.566E-01
 -1.7451750E+04  4.171E-01 -5.745E+00 -7.466E-01
 -1.7451250E+04  5.025E-01 -5.710E+00 -1.002E+00
 -1.7450750E+04  1.434E-01 -5.875E+00  6.750E-02
 -1.7450250E+04  4.399E-01 -5.121E+00 -8.377E-01
 -1.7449750E+04  3.087E-01 -5.108E+00 -4.587E-01
 -1.7449250E+04  2.496E-01 -5.573E+00 -2.935E-01
 -1.7448750E+04  4.331E-01 -5.710E+00 -8.104E-01
 -1.7448250E+04  2.692E-01 -5.235E+00 -3.606E-01
 -1.7447750E+04  2.409E-01 -5.088E+00 -2.908E-01
 -1.7447250E+04  1.984E-01 -5.529E+00 -1.249E-01
 -1.7446750E+04  2.099E-01 -5.774E+00 -1.097E-01
 -1.7446250E+04  2.741E-01 -5.188E+00 -4.018E-01
 -1.7445750E+04  3.729E-01 -5.191E+00 -6.625E-01
 -1.7445250E+04  2.321E-01 -5.521E+00 -2.172E-01
 -1.7444750E+04  4.286E-01 -5.133E+00 -8.121E-01
 -1.7444250E+04  7.759E-02 -5.283E+00  1.880E-01
 -1.7443750E+04  2.668E-01 -5.416E+00 -3.259E-01
 -1.7443250E+04  2.418E-01 -4.509E+00 -3.274E-01
 -1.7442750E+04  2.449E-01 -5.267E+00 -2.554E-01
 -1.7442250E+04  2.055E-01 -4.949E+00 -1.832E-01
 -1.7441750E+04  3.087E-01 -4.523E+00 -5.649E-01
 -1.7441250E+04  2.684E-01 -5.242E+00 -3.298E-01
 -1.7440750E+04  1.826E-02 -5.357E+00  4.265E-01
 -1.7440250E+04  2.574E-01 -5.155E+00 -3.045E-01
 -1.7439750E+04  2.790E-01 -4.936E+00 -4.254E-01
 -1.7439250E+04  3.299E-01 -4.640E+00 -5.876E-01
 -1.7438750E+04  2.066E-01 -4.501E+00 -2.448E-01
 -1.7438250E+04  3.472E-01 -4.869E+00 -5.987E-01
 -1.7437750E+04  2.750E-01 -4.956E+00 -3.828E-01
 -1.7437250E+04  3.152E-01 -4.875E+00 -5.206E-01
 -1.7436750E+04  2.529E-01 -5.251E+00 -2.920E-01
 -1.7436250E+04  3.221E-01 -4.942E+00 -5.271E-01
 -1.7435750E+04  5.485E-02 -4.565E+00  2.182E-01
 -1.7435250E+04  3.017E-01 -5.049E+00 -4.656E-01
 -1.7434750E+04  4.078E-01 -5.112E+00 -7.759E-01
 -1.7434250E+04  2.558E-01 -5.040E+00 -3.249E-01
 -1.7433750E+04  2.813E-01 -4.829E+00 -4.213E-01
 -1.7433250E+04  4.585E-01 -4.929E+00 -9.149E-01
 -1.7432750E+04  1.904E-01 -4.449E+00 -1.503E-01
 -1.7432250E+04  1.842E-01 -4.338E+00 -1.711E-01
 -1.7431750E+04  1.436E-01 -4.739E+00  2.359E-03
 -1.7431250E+04  1.674E-01 -5.005E+00 -3.919E-02
 -1.7430750E+04  2.674E-01 -4.248E+00 -4.396E-01
 -1.7430250E+04  3.159E-01 -4.665E+00 -5.118E-01
 -1.7429750E+04  1.538E-01 -4.597E+00 -4.271E-02
 -1.7429250E+04  2.833E-01 -4.586E+00 -4.231E-01
 -1.7428750E+04  2.605E-01 -4.834E+00 -3.536E-01
 -1.7428250E+04  1.925E-01 -4.711E+00 -1.663E-01
 -1.7427750E+04  3.482E-01 -4.253E+00 -6.519E-01
 -1.7427250E+04  3.475E-01 -4.440E+00 -6.452E-01
 -1.7426750E+04  1.883E-01 -4.344E+00 -1.939E-01
 -1.7426250E+04  3.274E-01 -3.930E+00 -6.310E-01
 -1.7425750E+04  2.676E-01 -4.816E+00 -3.476E-01
 -1.7425250E+04  2.372E-01 -5.168E+00 -2.457E-01
 -1.7424750E+04  1.275E-01 -4.634E+00  1.991E-03
 -1.7424250E+04  2.272E-01 -4.206E+00 -3.062E-01
 -1.7423750E+04  2.315E-01 -4.020E+00 -3.282E-01
 -1.7423250E+04  1.989E-01 -3.962E+00 -2.378E-01
 -1.7422750E+04  2.041E-01 -4.076E+00 -2.670E-01
 -1.7422250E+04  2.277E-01 -4.125E+00 -3.011E-01
 -1.7421750E+04  1.236E-01 -4.593E+00  3.278E-02
 -1.7421250E+04  2.472E-01 -4.168E+00 -3.758E-01
 -1.7420750E+04  3.108E-01 -4.176E+00 -5.492E-01
 -1.7420250E+04  1.620E-01 -4.032E+00 -1.290E-01
 -1.7419750E+04  2.714E-01 -4.168E+00 -4.363E-01
 -1.7419250E+04  1.853E-01 -4.077E+00 -1.539E-01
 -1.7418750E+04  3.951E-01 -4.116E+00 -8.043E-01
 -1.7418250E+04  1.639E-01 -4.273E+00 -1.144E-01
 -1.7417750E+04  2.036E-01 -3.916E+00 -2.624E-01
 -1.7417250E+04  2.682E-01 -3.991E+00 -4.429E-01
 -1.7416750E+04  2.380E-01 -3.930E+00 -3.739E-01
 -1.7416250E+04  1.876E-01 -3.874E+00 -2.220E-01
 -1.7415750E+04  2.090E-01 -3.645E+00 -2.931E-01
 -1.7415250E+04  2.289E-01 -4.352E+00 -2.880E-01
 -1.7414750E+04  5.257E-02 -3.470E+00  1.393E-01
 -1.7414250E+04  2.935E-01 -4.139E+00 -4.942E-01
 -1.7413750E+04  2.604E-01 -4.119E+00 -4.241E-01
 -1.7413250E+04  2.513E-01 -3.736E+00 -4.166E-01
 -1.7412750E+04  1.758E-01 -3.842E+00 -1.755E-01
 -1.7412250E+04  1.248E-01 -4.240E+00  4.074E-03
 -1.7411750E+04  8.156E-02 -3.631E+00  8.286E-02
 -1.7411250E+04  2.258E-01 -3.583E+00 -3.333E-01
 -1.7410750E+04  3.086E-01 -3.777E+00 -5.824E-01
 -1.7410250E+04  1.409E-01 -4.048E+00 -4.604E-02
 -1.7409750E+04  1.977E-01 -3.772E+00 -2.532E-01
 -1.7409250E+04  1.854E-01 -4.066E+00 -1.837E-01
 -1.7408750E+04  3.089E-01 -3.692E+00 -5.842E-01
 -1.7408250E+04  2.873E-01 -3.275E+00 -5.618E-01
 -1.7407750E+04  1.780E-01 -3.486E+00 -2.093E-01
 -1.7407250E+04  2.407E-01 -3.702E+00 -3.640E-01
 -1.7406750E+04  1.642E-01 -3.731E+00 -1.727E-01
 -1.7406250E+04  2.239E-01 -3.755E+00 -3.265E-01
 -1.7405750E+04  2.158E-01 -3.479E+00 -3.408E-01
 -1.7405250E+04  3.162E-01 -3.294E+00 -6.481E-01
 -1.7404750E+04  3.084E-01 -3.673E+00 -5.966E-01
 -1.7404250E+04  2.290E-01 -3.283E+00 -3.774E-01
 -1.7403750E+04  1.472E-01 -3.154E+00 -1.465E-01
 -1.7403250E+04  1.713E-01 -3.945E+00 -1.692E-01
 -1.7402750E+04  2.144E-01 -3.538E+00 -3.259E-01
 -1.7402250E+04  1.141E-01 -3.132E+00 -5.779E-02
 -1.7401750E+04  1.882E-01 -3.506E+00 -2.282E-01
 -1.7401250E+04  2.272E-01 -3.605E+00 -3.432E-01
 -1.7400750E+04  2.236E-01 -3.410E+00 -3.762E-01
 -1.7400250E+04  2.267E-01 -3.609E+00 -3.589E-01
 -1.7399750E+04  2.277E-01 -3.413E+00 -3.572E-01
 -1.7399250E+04  1.443E-01 -3.387E+00 -1.100E-01
 -1.7398750E+04  1.648E-01 -3.685E+00 -1.405E-01
 -1.7398250E+04  1.972E-01 -3.826E+00 -2.348E-01
 -1.7397750E+04  1.602E-01 -3.082E+00 -2.121E-01
 -1.7397250E+04  1.141E-01 -3.273E+00 -4.046E-02
 -1.7396750E+04  7.737E-02 -3.220E+00  6.835E-02
 -1.7396250E+04  1.082E-01 -3.450E+00 -1.078E-02
 -1.7395750E+04  1.449E-01 -3.061E+00 -1.493E-01
 -1.7395250E+04  1.543E-01 -3.003E+00 -1.990E-01
 -1.7394750E+04  2.516E-01 -3.376E+00 -4.494E-01
 -1.7394250E+04  1.783E-01 -3.142E+00 -2.628E-01
 -1.7393750E+04  1.340E-01 -3.097E+00 -1.234E-01
 -1.7393250E+04  1.561E-01 -3.160E+00 -1.729E-01
 -1.7392750E+04  2.367E-01 -3.156E+00 -4.255E-01
 -1.7392250E+04  2.185E-01 -3.001E+00 -3.771E-01
 -1.7391750E+04  8.896E-02 -3.106E+00  2.025E-02
 -1.7391250E+04  4.459E-02 -2.943E+00  1.381E-01
 -1.7390750E+04  1.841E-01 -3.263E+00 -2.649E-01
 -1.7390250E+04  2.835E-01 -3.307E+00 -5.429E-01
 -1.7389750E+04  1.149E-01 -2.823E+00 -8.066E-02
 -1.7389250E+04  1.832E-01 -3.139E+00 -2.514E-01
 -1.7388750E+04  1.907E-01 -3.131E+00 -3.015E-01
 -1.7388250E+04  1.157E-01 -2.773E+00 -1.024E-01
 -1.7387750E+04  2.270E-01 -3.048E+00 -3.657E-01
 -1.7387250E+04  9.184E-02 -3.069E+00 -8.307E-03
 -1.7386750E+04  8.127E-02 -2.837E+00  1.854E-02
 -1.7386250E+04  1.958E-01 -3.106E+00 -2.858E-01
 -1.7385750E+04  1.566E-01 -3.014E+00 -1.957E-01
 -1.7385250E+04  1.469E-01 -2.647E+00 -2.121E-01
 -1.7384750E+04  2.177E-01 -2.755E+00 -3.899E-01
 -1.7384250E+04  1.904E-01 -2.954E+00 -3.028E-01
 -1.7383750E+04  2.626E-01 -3.151E+00 -4.839E-01
 -1.7383250E+04  9.219E-02 -2.892E+00 -2.649E-02
 -1.7382750E+04  7.874E-02 -2.711E+00  4.106E-03
 -1.7382250E+04  7.960E-02 -2.938E+00  3.278E-02
 -1.7381750E+04  1.713E-01 -2.881E+00 -2.736E-01
 -1.7381250E+04  1.300E-01 -2.659E+00 -1.628E-01
 -1.7380750E+04  2.331E-01 -2.755E+00 -4.299E-01
 -1.7380250E+04  2.054E-01 -2.631E+00 -3.478E-01
 -1.7379750E+04  2.023E-01 -3.022E+00 -3.270E-01
 -1.7379250E+04  1.399E-01 -2.770E+00 -1.702E-01
 -1.7378750E+04  1.683E-01 -2.497E+00 -2.637E-01
 -1.7378250E+04  1.655E-01 -2.734E+00 -2.422E-01
 -1.7377750E+04  2.035E-01 -2.844E+00 -3.289E-01
 -1.7377250E+04  1.282E-01 -2.819E+00 -1.176E-01
 -1.7376750E+04  1.865E-01 -2.526E+00 -3.274E-01
 -1.7376250E+04  1.421E-01 -2.706E+00 -1.880E-01
 -1.7375750E+04  8.012E-02 -2.684E+00  8.037E-04
 -1.7375250E+04  1.040E-01 -2.702E+00 -5.362E-02
 -1.7374750E+04  1.831E-01 -2.343E+00 -3.605E-01
 -1.7374250E+04  1.260E-01 -2.736E+00 -1.263E-01
 -1.7373750E+04  1.891E-01 -2.522E+00 -3.389E-01
 -1.7373250E+04  1.029E-01 -2.615E+00 -6.665E-02
 -1.7372750E+04  1.832E-01 -2.749E+00 -2.868E-01
 -1.7372250E+04  7.863E-02 -2.795E+00  1.816E-02
 -1.7371750E+04  1.155E-01 -2.528E+00 -1.099E-01
 -1.7371250E+04  1.732E-01 -2.471E+00 -2.964E-01
 -1.7370750E+04  1.548E-01 -2.693E+00 -2.105E-01
 -1.7370250E+04  2.576E-01 -2.592E+00 -5.079E-01
 -1.7369750E+04 -1.285E-02 -2.428E+00  2.544E-01
 -1.7369250E+04  9.775E-02 -2.505E+00 -5.352E-02
 -1.7368750E+04  1.634E-01 -2.324E+00 -2.690E-01
 -1.7368250E+04  8.665E-02 -2.243E+00 -6.351E-02
 -1.7367750E+04  1.256E-01 -2.734E+00 -1.346E-01
 -1.7367250E+04  7.535E-02 -2.509E+00 -8.924E-03
 -1.7366750E+04  1.203E-01 -2.359E+00 -1.253E-01
 -1.7366250E+04  5.364E-02 -2.726E+00  9.214E-02
 -1.7365750E+04  1.847E-01 -2.464E+00 -3.290E-01
 -1.7365250E+04  1.775E-01 -2.495E+00 -2.922E-01
 -1.7364750E+04  1.088E-01 -2.715E+00 -5.437E-02
 -1.7364250E+04  1.824E-01 -2.451E+00 -3.123E-01
 -1.7363750E+04  1.123E-01 -2.539E+00 -1.065E-01
 -1.7363250E+04  1.013E-01 -2.082E+00 -1.164E-01
 -1.7362750E+04  1.058E-01 -2.088E+00 -1.061E-01
 -1.7362250E+04  9.631E-02 -2.703E+00 -1.724E-02
 -1.7361750E+04  1.626E-01 -2.489E+00 -2.567E-01
 -1.7361250E+04  1.301E-01 -2.180E+00 -1.960E-01
 -1.7360750E+04  4.630E-02 -2.462E+00  6.987E-02
 -1.7360250E+04  1.037E-01 -2.391E+00 -7.900E-02
 -1.7359750E+04  1.095E-01 -2.110E+00 -1.448E-01
 -1.7359250E+04  1.067E-01 -2.061E+00 -1.335E-01
 -1.7358750E+04  1.775E-01 -2.542E+00 -2.944E-01
 -1.7358250E+04  2.064E-01 -2.429E+00 -3.612E-01
 -1.7357750E+04  1.096E-01 -2.206E+00 -1.295E-01
 -1.7357250E+04  4.298E-02 -2.077E+00  6.105E-02
 -1.7356750E+04  1.171E-01 -2.112E+00 -1.447E-01
 -1.7356250E+04  1.238E-01 -2.235E+00 -1.468E-01
 -1.7355750E+04  1.346E-01 -2.211E+00 -2.090E-01
 -1.7355250E+04  1.224E-01 -2.095E+00 -1.879E-01
 -1.7354750E+04  6.637E-02 -2.329E+00  1.510E-02
 -1.7354250E+04  9.211E-02 -2.126E+00 -1.048E-01
 -1.7353750E+04  9.511E-02 -2.165E+00 -8.887E-02
 -1.7353250E+04  7.340E-02 -2.177E+00 -1.326E-02
 -1.7352750E+04  1.081E-01 -2.100E+00 -1.267E-01
 -1.7352250E+04  1.324E-01 -2.078E+00 -1.891E-01
 -1.7351750E+04  1.295E-01 -2.075E+00 -2.053E-01
 -1.7351250E+04  6.427E-02 -1.994E+00 -2.871E-02
 -1.7350750E+04  1.030E-01 -1.969E+00 -1.270E-01
 -1.7350250E+04  1.330E-01 -2.245E+00 -1.731E-01
 -1.7349750E+04  1.158E-01 -2.372E+00 -1.237E-01
 -1.7349250E+04  1.287E-01 -2.093E+00 -2.040E-01
 -1.7348750E+04  1.741E-01 -1.925E+00 -3.415E-01
 -1.7348250E+04  1.237E-01 -2.025E+00 -1.728E-01
 -1.7347750E+04  1.008E-01 -2.137E+00 -8.610E-02
 -1.7347250E+04  8.594E-02 -2.133E+00 -4.946E-02
 -1.7346750E+04  5.033E-02 -2.308E+00  6.768E-02
 -1.7346250E+04  8.257E-02 -2.048E+00 -7.290E-02
 -1.7345750E+04  1.314E-01 -1.868E+00 -2.229E-01
 -1.7345250E+04  1.130E-01 -1.957E+00 -1.501E-01
 -1.7344750E+04  1.497E-01 -1.904E+00 -2.755E-01
 -1.7344250E+04  1.834E-01 -1.853E+00 -3.584E-01
 -1.7343750E+04  1.269E-01 -2.073E+00 -1.826E-01
 -1.7343250E+04  1.495E-01 -1.858E+00 -2.834E-01
 -1.7342750E+04  7.160E-02 -1.847E+00 -3.813E-02
 -1.7342250E+04  7.619E-02 -1.962E+00 -4.340E-02
 -1.7341750E+04  5.912E-02 -1.979E+00  4.978E-03
 -1.7341250E+04  1.356E-01 -1.750E+00 -2.423E-01
 -1.7340750E+04  1.220E-01 -1.791E+00 -1.995E-01
 -1.7340250E+04  3.898E-02 -1.749E+00  3.746E-02
 -1.7339750E+04  5.844E-02 -2.034E+00  2.711E-02
 -1.7339250E+04  1.509E-01 -1.934E+00 -2.570E-01
 -1.7338750E+04  1.861E-01 -1.915E+00 -3.798E-01
 -1.7338250E+04  1.275E-01 -1.900E+00 -2.001E-01
 -1.7337750E+04  2.263E-02 -1.774E+00  8.033E-02
 -1.7337250E+04  7.889E-02 -1.811E+00 -7.517E-02
 -1.7336750E+04  1.260E-01 -1.658E+00 -2.175E-01
 -1.7336250E+04  7.677E-02 -1.882E+00 -5.521E-02
 -1.7335750E+04  9.474E-02 -1.813E+00 -1.095E-01
 -1.7335250E+04  1.120E-01 -1.879E+00 -1.422E-01
 -1.7334750E+04  9.976E-03 -1.790E+00  1.302E-01
 -1.7334250E+04  1.048E-01 -2.017E+00 -1.266E-01
 -1.7333750E+04  9.438E-02 -1.720E+00 -1.100E-01
 -1.7333250E+04  1.301E-01 -1.710E+00 -2.187E-01
 -1.7332750E+04  8.625E-02 -1.605E+00 -1.072E-01
 -1.7332250E+04  4.546E-02 -1.790E+00  2.926E-02
 -1.7331750E+04  8.005E-02 -1.721E+00 -7.660E-02
 -1.7331250E+04  8.662E-02 -1.742E+00 -1.087E-01
 -1.7330750E+04  7.799E-02 -1.619E+00 -8.861E-02
 -1.7330250E+04  6.653E-02 -1.861E+00 -2.309E-02
 -1.7329750E+04  1.159E-01 -1.774E+00 -1.743E-01
 -1.7329250E+04  1.383E-01 -1.653E+00 -2.679E-01
 -1.7328750E+04  1.415E-01 -1.797E+00 -2.334E-01
 -1.7328250E+04  7.897E-02 -1.495E+00 -1.036E-01
 -1.7327750E+04  3.173E-02 -1.661E+00  4.820E-02
 -1.7327250E+04  1.338E-01 -1.758E+00 -2.553E-01
 -1.7326750E+04  4.182E-02 -1.657E+00  2.267E-02
 -1.7326250E+04  1.612E-01 -1.814E+00 -3.166E-01
 -1.7325750E+04  4.300E-02 -1.549E+00  1.757E-02
 -1.7325250E+04  9.409E-02 -1.741E+00 -1.011E-01
 -1.7324750E+04  9.760E-02 -1.584E+00 -1.422E-01
 -1.7324250E+04  5.766E-02 -1.518E+00 -3.016E-02
 -1.7323750E+04  6.473E-02 -1.712E+00 -3.879E-02
 -1.7323250E+04  8.824E-02 -1.801E+00 -9.935E-02
 -1.7322750E+04  3.310E-02 -1.583E+00  3.868E-02
 -1.7322250E+04  4.482E-02 -1.614E+00  2.573E-02
 -1.7321750E+04  1.088E-01 -1.512E+00 -1.931E-01
 -1.7321250E+04  1.433E-01 -1.613E+00 -2.619E-01
 -1.7320750E+04  1.488E-01 -1.590E+00 -2.891E-01
 -1.7320250E+04  1.160E-01 -1.722E+00 -1.914E-01
 -1.7319750E+04  1.116E-01 -1.448E+00 -2.055E-01
 -1.7319250E+04  1.031E-01 -1.528E+00 -1.584E-01
 -1.7318750E+04  8.211E-02 -1.702E+00 -7.207E-02
 -1.7318250E+04  2.998E-02 -1.332E+00  2.948E-02
 -1.7317750E+04  4.860E-02 -1.528E+00 -4.897E-03
 -1.7317250E+04  1.995E-02 -1.614E+00  7.722E-02
 -1.7316750E+04  1.300E-01 -1.656E+00 -2.359E-01
 -1.7316250E+04  6.519E-02 -1.401E+00 -5.677E-02
 -1.7315750E+04  5.527E-02 -1.531E+00 -2.886E-02
 -1.7315250E+04  7.975E-02 -1.496E+00 -1.047E-01
 -1.7314750E+04  8.671E-02 -1.599E+00 -9.553E-02
 -1.7314250E+04  1.495E-01 -1.700E+00 -2.941E-01
 -1.7313750E+04  7.890E-02 -1.576E+00 -8.627E-02
 -1.7313250E+04  1.183E-02 -1.572E+00  1.229E-01
 -1.7312750E+04  5.589E-02 -1.361E+00 -3.663E-02
 -1.7312250E+04  1.090E-01 -1.332E+00 -2.046E-01
 -1.7311750E+04  1.027E-01 -1.472E+00 -1.762E-01
 -1.7311250E+04  8.671E-02 -1.665E+00 -9.407E-02
 -1.7310750E+04  2.807E-02 -1.400E+00  3.201E-02
 -1.7310250E+04  6.529E-02 -1.324E+00 -8.221E-02
 -1.7309750E+04  3.791E-02 -1.454E+00  4.250E-02
 -1.7309250E+04  4.693E-02 -1.464E+00 -9.967E-03
 -1.7308750E+04  8.572E-02 -1.382E+00 -1.080E-01
 -1.7308250E+04  5.783E-02 -1.501E+00 -2.179E-02
 -1.7307750E+04  7.888E-02 -1.465E+00 -9.597E-02
 -1.7307250E+04  6.166E-02 -1.386E+00 -4.705E-02
 -1.7306750E+04  7.645E-02 -1.396E+00 -1.056E-01
 -1.7306250E+04  5.847E-02 -1.233E+00 -6.250E-02
 -1.7305750E+04  3.588E-02 -1.394E+00  2.985E-02
 -1.7305250E+04  8.567E-02 -1.584E+00 -1.199E-01
 -1.7304750E+04  1.092E-01 -1.362E+00 -1.907E-01
 -1.7304250E+04  9.831E-02 -1.490E+00 -1.663E-01
 -1.7303750E+04  9.079E-02 -1.387E+00 -1.444E-01
 -1.7303250E+04  1.071E-01 -1.420E+00 -1.849E-01
 -1.7302750E+04  8.004E-02 -1.360E+00 -1.000E-01
 -1.7302250E+04 -1.045E-02 -1.230E+00  1.556E-01
 -1.7301750E+04  4.042E-02 -1.473E+00  7.265E-03
 -1.7301250E+04  1.003E-01 -1.548E+00 -1.572E-01
 -1.7300750E+04  9.399E-02 -1.310E+00 -1.597E-01
 -1.7300250E+04  5.528E-02 -1.389E+00 -2.844E-02
 -1.7299750E+04  8.561E-02 -1.076E+00 -1.467E-01
 -1.7299250E+04  9.976E-02 -1.354E+00 -1.574E-01
 -1.7298750E+04  1.033E-01 -1.267E+00 -1.826E-01
 -1.7298250E+04  9.017E-02 -1.384E+00 -1.305E-01
 -1.7297750E+04  9.163E-02 -1.197E+00 -1.539E-01
 -1.7297250E+04  1.038E-01 -1.356E+00 -1.944E-01
 -1.7296750E+04  6.827E-02 -1.385E+00 -8.284E-02
 -1.7296250E+04  2.656E-02 -1.302E+00  3.113E-02
 -1.7295750E+04  6.509E-02 -1.304E+00 -7.816E-02
 -1.7295250E+04  1.007E-01 -1.309E+00 -1.690E-01
 -1.7294750E+04  6.680E-02 -1.259E+00 -7.889E-02
 -1.7294250E+04  1.836E-02 -1.348E+00  6.354E-02
 -1.7293750E+04  4.994E-02 -1.327E+00 -2.178E-02
 -1.7293250E+04  1.078E-01 -1.202E+00 -2.087E-01
 -1.7292750E+04  8.637E-02 -1.294E+00 -1.562E-01
 -1.7292250E+04  4.504E-02 -1.376E+00 -1.326E-02
 -1.7291750E+04  1.235E-01 -1.306E+00 -2.369E-01
 -1.7291250E+04  9.991E-02 -1.183E+00 -1.793E-01
 -1.7290750E+04  4.773E-02 -1.288E+00 -1.210E-02
 -1.7290250E+04  8.480E-02 -1.358E+00 -1.041E-01
 -1.7289750E+04  1.242E-01 -1.108E+00 -2.711E-01
 -1.7289250E+04  7.205E-02 -1.167E+00 -1.036E-01
 -1.7288750E+04  3.843E-02 -1.162E+00 -1.121E-02
 -1.7288250E+04  2.469E-02 -1.391E+00  2.011E-02
 -1.7287750E+04  6.590E-02 -1.316E+00 -6.324E-02
 -1.7287250E+04  5.562E-02 -1.247E+00 -3.987E-02
 -1.7286750E+04  9.002E-03 -1.187E+00  8.331E-02
 -1.7286250E+04  9.573E-02 -1.000E+00 -1.894E-01
 -1.7285750E+04  7.028E-02 -1.090E+00 -1.108E-01
 -1.7285250E+04  8.223E-02 -1.293E+00 -9.831E-02
 -1.7284750E+04  6.719E-02 -1.177E+00 -1.078E-01
 -1.7284250E+04 -5.462E-03 -1.215E+00  1.187E-01
 -1.7283750E+04  8.256E-02 -1.196E+00 -1.256E-01
 -1.7283250E+04  5.464E-02 -1.033E+00 -6.212E-02
 -1.7282750E+04  9.253E-02 -1.154E+00 -1.739E-01
 -1.7282250E+04  8.147E-02 -1.200E+00 -1.288E-01
 -1.7281750E+04  1.862E-02 -1.255E+00  6.282E-02
 -1.7281250E+04  3.288E-02 -1.007E+00 -4.663E-03
 -1.7280750E+04  4.767E-02 -1.126E+00 -3.803E-02
 -1.7280250E+04  7.071E-02 -1.124E+00 -1.156E-01
 -1.7279750E+04  9.038E-02 -1.012E+00 -1.587E-01
 -1.7279250E+04  6.829E-02 -1.056E+00 -1.164E-01
 -1.7278750E+04 -1.992E-02 -1.241E+00  1.540E-01
 -1.7278250E+04  9.949E-02 -1.176E+00 -1.819E-01
 -1.7277750E+04  7.959E-02 -1.114E+00 -1.363E-01
 -1.7277250E+04  4.436E-02 -1.084E+00 -1.963E-02
 -1.7276750E+04  7.111E-02 -1.160E+00 -1.114E-01
 -1.7276250E+04  5.513E-02 -9.035E-01 -7.956E-02
 -1.7275750E+04  5.203E-02 -1.052E+00 -5.512E-02
 -1.7275250E+04  4.015E-02 -1.038E+00 -2.405E-02
 -1.7274750E+04  2.569E-02 -1.030E+00  2.324E-02
 -1.7274250E+04  6.378E-02 -9.725E-01 -9.909E-02
 -1.7273750E+04  3.108E-02 -9.865E-01  6.597E-03
 -1.7273250E+04  1.289E-01 -1.121E+00 -2.764E-01
 -1.7272750E+04  8.366E-02 -1.205E+00 -1.471E-01
 -1.7272250E+04  7.032E-02 -1.021E+00 -1.055E-01
 -1.7271750E+04  3.375E-02 -1.077E+00 -7.810E-03
 -1.7271250E+04  4.573E-02 -1.160E+00 -3.390E-02
 -1.7270750E+04  2.063E-02 -9.864E-01  1.739E-02
 -1.7270250E+04  7.067E-02 -8.981E-01 -1.301E-01
 -1.7269750E+04  4.567E-02 -9.849E-01 -3.673E-02
 -1.7269250E+04  4.405E-02 -1.046E+00 -1.922E-02
 -1.7268750E+04  7.855E-02 -9.974E-01 -1.297E-01
 -1.7268250E+04  4.600E-02 -1.056E+00 -3.506E-02
 -1.7267750E+04  4.508E-02 -1.009E+00 -4.645E-02
 -1.7267250E+04  3.492E-02 -1.083E+00  1.533E-03
 -1.7266750E+04  7.598E-02 -1.028E+00 -1.286E-01
 -1.7266250E+04  3.042E-02 -9.025E-01 -3.422E-03
 -1.7265750E+04  5.882E-02 -7.324E-01 -9.886E-02
 -1.7265250E+04  5.779E-02 -1.043E+00 -7.887E-02
 -1.7264750E+04  9.440E-02 -1.003E+00 -1.905E-01
 -1.7264250E+04  3.613E-02 -9.303E-01 -2.299E-02
 -1.7263750E+04  2.043E-04 -1.007E+00  8.937E-02
 -1.7263250E+04  6.706E-02 -1.029E+00 -9.598E-02
 -1.7262750E+04  8.396E-02 -1.002E+00 -1.634E-01
 -1.7262250E+04  1.216E-02 -8.161E-01  2.756E-02
 -1.7261750E+04  7.266E-02 -8.431E-01 -1.442E-01
 -1.7261250E+04  6.844E-02 -8.883E-01 -1.356E-01
 -1.7260750E+04  5.514E-02 -9.839E-01 -7.293E-02
 -1.7260250E+04  8.620E-02 -1.061E+00 -1.425E-01
 -1.7259750E+04  3.432E-02 -9.598E-01 -5.366E-03
 -1.7259250E+04  2.881E-02 -9.401E-01 -4.097E-03
 -1.7258750E+04  1.437E-02 -8.953E-01  4.904E-02
 -1.7258250E+04  3.160E-02 -8.876E-01 -4.131E-03
 -1.7257750E+04  9.776E-02 -1.015E+00 -1.913E-01
 -1.7257250E+04  9.942E-02 -9.106E-01 -1.987E-01
 -1.7256750E+04  3.276E-02 -9.833E-01 -6.443E-03
 -1.7256250E+04  9.062E-03 -1.135E+00  7.369E-02
 -1.7255750E+04  3.407E-02 -9.788E-01 -5.816E-03
 -1.7255250E+04  7.039E-02 -9.022E-01 -1.212E-01
 -1.7254750E+04  7.017E-02 -1.044E+00 -1.136E-01
 -1.7254250E+04  5.205E-02 -1.037E+00 -5.832E-02
 -1.7253750E+04  6.596E-02 -8.884E-01 -1.043E-01
 -1.7253250E+04  1.045E-01 -8.385E-01 -2.267E-01
 -1.7252750E+04  1.286E-02 -8.184E-01  4.716E-02
 -1.7252250E+04  6.356E-02 -9.928E-01 -9.403E-02
 -1.7251750E+04  7.752E-02 -8.361E-01 -1.681E-01
 -1.7251250E+04 -4.972E-04 -7.380E-01  6.923E-02
 -1.7250750E+04  4.575E-02 -8.795E-01 -4.920E-02
 -1.7250250E+04  4.650E-02 -8.584E-01 -5.272E-02
 -1.7249750E+04  7.863E-02 -8.447E-01 -1.520E-01
 -1.7249250E+04  6.346E-02 -9.214E-01 -9.116E-02
 -1.7248750E+04  1.907E-02 -7.826E-01  9.723E-03
 -1.7248250E+04  1.004E-02 -8.812E-01  6.209E-02
 -1.7247750E+04  5.215E-02 -9.210E-01 -5.721E-02
 -1.7247250E+04  5.173E-02 -8.763E-01 -6.551E-02
 -1.7246750E+04  7.689E-02 -8.198E-01 -1.452E-01
 -1.7246250E+04  1.463E-02 -7.580E-01  2.676E-02
 -1.7245750E+04  1.607E-02 -8.233E-01  1.230E-02
 -1.7245250E+04  4.155E-02 -8.582E-01 -3.985E-02
 -1.7244750E+04  4.327E-02 -8.700E-01 -4.877E-02
 -1.7244250E+04  9.091E-02 -9.803E-01 -1.736E-01
 -1.7243750E+04  7.372E-02 -7.289E-01 -1.540E-01
 -1.7243250E+04  3.556E-02 -8.438E-01 -3.164E-02
 -1.7242750E+04  4.589E-02 -7.430E-01 -7.031E-02
 -1.7242250E+04  6.311E-02 -7.838E-01 -1.161E-01
 -1.7241750E+04  1.726E-02 -7.275E-01  9.257E-03
 -1.7241250E+04  1.159E-02 -7.826E-01  2.988E-02
 -1.7240750E+04  7.653E-02 -8.379E-01 -1.326E-01
 -1.7240250E+04  6.418E-02 -8.777E-01 -1.051E-01
 -1.7239750E+04  3.002E-02 -8.530E-01 -2.262E-02
 -1.7239250E+04  8.653E-03 -8.936E-01  5.289E-02
 -1.7238750E+04  5.299E-02 -7.340E-01 -8.949E-02
 -1.7238250E+04  9.149E-02 -7.549E-01 -1.897E-01
 -1.7237750E+04  7.194E-03 -7.805E-01  5.498E-02
 -1.7237250E+04  4.080E-02 -7.207E-01 -4.109E-02
 -1.7236750E+04  6.667E-02 -7.985E-01 -1.120E-01
 -1.7236250E+04  3.900E-02 -9.203E-01 -2.717E-02
 -1.7235750E+04 -2.693E-03 -6.928E-01  7.138E-02
 -1.7235250E+04  3.452E-02 -7.761E-01 -3.604E-02
 -1.7234750E+04  7.011E-02 -9.127E-01 -1.141E-01
 -1.7234250E+04  5.937E-02 -8.036E-01 -1.075E-01
 -1.7233750E+04  5.247E-02 -7.248E-01 -7.586E-02
 -1.7233250E+04  1.439E-02 -8.138E-01  4.087E-02
 -1.7232750E+04  6.280E-02 -7.843E-01 -1.357E-01
 -1.7232250E+04  4.310E-02 -7.795E-01 -6.584E-02
 -1.7231750E+04  4.989E-02 -6.784E-01 -8.064E-02
 -1.7231250E+04 -1.263E-02 -6.726E-01  8.975E-02
 -1.7230750E+04  5.063E-02 -7.176E-01 -7.274E-02
 -1.7230250E+04  4.147E-02 -6.915E-01 -6.632E-02
 -1.7229750E+04  3.198E-02 -5.512E-01 -3.881E-02
 -1.7229250E+04  2.455E-02 -8.121E-01  7.816E-03
 -1.7228750E+04  2.413E-02 -5.886E-01 -1.739E-02
 -1.7228250E+04  1.756E-02 -7.818E-01  3.138E-02
 -1.7227750E+04  6.254E-02 -8.914E-01 -1.122E-01
 -1.7227250E+04  2.703E-02 -6.869E-01 -3.494E-03
 -1.7226750E+04  1.247E-01 -7.048E-01 -3.059E-01
 -1.7226250E+04  4.964E-02 -7.905E-01 -8.592E-02
 -1.7225750E+04  3.768E-02 -7.907E-01 -2.426E-02
 -1.7225250E+04  5.392E-02 -6.424E-01 -1.071E-01
 -1.7224750E+04  6.816E-02 -7.829E-01 -1.212E-01
 -1.7224250E+04  1.253E-02 -7.154E-01  3.750E-02
 -1.7223750E+04  1.652E-02 -7.469E-01  1.793E-02
 -1.7223250E+04  5.642E-02 -6.655E-01 -1.055E-01
 -1.7222750E+04  3.991E-02 -7.905E-01 -3.218E-02
 -1.7222250E+04  2.374E-02 -7.117E-01 -1.179E-02
 -1.7221750E+04  1.310E-03 -7.468E-01  7.603E-02
 -1.7221250E+04  7.310E-03 -7.946E-01  5.744E-02
 -1.7220750E+04  8.874E-03 -7.285E-01  5.282E-02
 -1.7220250E+04 -9.915E-03 -5.791E-01  7.956E-02
 -1.7219750E+04  7.388E-02 -6.345E-01 -1.606E-01
 -1.7219250E+04  1.166E-02 -8.239E-01  3.232E-02
 -1.7218750E+04  7.808E-02 -7.816E-01 -1.542E-01
 -1.7218250E+04  8.435E-02 -6.060E-01 -1.811E-01
 -1.7217750E+04  5.005E-02 -6.163E-01 -8.809E-02
 -1.7217250E+04  1.736E-02 -7.069E-01  2.547E-02
 -1.7216750E+04  3.564E-02 -8.242E-01 -3.523E-02
 -1.7216250E+04  2.033E-02 -5.296E-01 -2.506E-02
 -1.7215750E+04  1.568E-02 -6.187E-01  1.004E-02
 -1.7215250E+04  6.232E-02 -7.435E-01 -1.122E-01
 -1.7214750E+04  2.372E-02 -6.185E-01 -1.643E-02
 -1.7214250E+04  6.809E-02 -6.690E-01 -1.354E-01
 -1.7213750E+04  1.752E-02 -8.471E-01  3.029E-02
 -1.7213250E+04  3.630E-02 -6.090E-01 -5.125E-02
 -1.7212750E+04  4.849E-02 -6.216E-01 -9.140E-02
 -1.7212250E+04  2.903E-02 -6.382E-01 -1.352E-02
 -1.7211750E+04  3.753E-02 -7.251E-01 -3.729E-02
 -1.7211250E+04  5.188E-02 -5.401E-01 -1.095E-01
 -1.7210750E+04  1.708E-02 -5.960E-01  2.776E-03
 -1.7210250E+04  4.809E-02 -6.365E-01 -8.704E-02
 -1.7209750E+04 -1.294E-02 -6.295E-01  9.510E-02
 -1.7209250E+04  3.026E-02 -6.766E-01 -3.556E-02
 -1.7208750E+04  4.506E-02 -5.837E-01 -6.855E-02
 -1.7208250E+04  7.274E-02 -6.822E-01 -1.526E-01
 -1.7207750E+04  2.329E-02 -6.392E-01 -1.819E-02
 -1.7207250E+04  4.477E-02 -6.914E-01 -6.675E-02
 -1.7206750E+04  6.513E-02 -7.379E-01 -1.304E-01
 -1.7206250E+04  1.749E-02 -6.484E-01  1.522E-02
 -1.7205750E+04  1.596E-02 -5.632E-01  7.235E-03
 -1.7205250E+04  3.554E-02 -5.519E-01 -5.298E-02
 -1.7204750E+04  1.497E-02 -6.663E-01  1.904E-02
 -1.7204250E+04  3.337E-02 -6.457E-01 -2.892E-02
 -1.7203750E+04  4.804E-02 -5.780E-01 -8.407E-02
 -1.7203250E+04  5.361E-02 -6.811E-01 -9.179E-02
 -1.7202750E+04  4.027E-02 -7.067E-01 -6.133E-02
 -1.7202250E+04  1.663E-02 -6.033E-01  5.528E-03
 -1.7201750E+04  4.539E-02 -5.217E-01 -8.062E-02
 -1.7201250E+04  2.892E-02 -5.305E-01 -3.326E-02
 -1.7200750E+04  3.607E-02 -6.018E-01 -4.828E-02
 -1.7200250E+04  1.127E-02 -6.528E-01  1.820E-02
 -1.7199750E+04  2.303E-02 -5.716E-01 -3.236E-02
 -1.7199250E+04  4.520E-02 -5.671E-01 -7.668E-02
 -1.7198750E+04  2.496E-02 -5.052E-01 -1.467E-02
 -1.7198250E+04 -4.529E-03 -5.809E-01  7.890E-02
 -1.7197750E+04  1.921E-02 -6.661E-01 -1.647E-03
 -1.7197250E+04  4.743E-02 -6.572E-01 -8.595E-02
 -1.7196750E+04 -2.481E-03 -5.368E-01  5.143E-02
 -1.7196250E+04  5.497E-02 -5.138E-01 -1.254E-01
 -1.7195750E+04  5.589E-02 -5.115E-01 -1.160E-01
 -1.7195250E+04  1.629E-03 -5.584E-01  5.202E-02
 -1.7194750E+04  4.228E-02 -5.284E-01 -8.169E-02
 -1.7194250E+04  6.227E-03 -4.134E-01  2.224E-02
 -1.7193750E+04  4.145E-02 -5.109E-01 -5.858E-02
 -1.7193250E+04  7.048E-02 -7.490E-01 -1.328E-01
 -1.7192750E+04  3.114E-02 -6.424E-01 -2.715E-02
 -1.7192250E+04  5.792E-02 -5.787E-01 -1.122E-01
 -1.7191750E+04  1.900E-02 -5.851E-01  2.758E-03
 -1.7191250E+04  3.610E-02 -6.189E-01 -4.839E-02
 -1.7190750E+04  2.363E-02 -4.138E-01 -3.092E-02
 -1.7190250E+04  2.899E-02 -5.636E-01 -3.648E-02
 -1.7189750E+04  1.660E-02 -5.174E-01 -5.683E-03
 -1.7189250E+04  4.788E-02 -5.535E-01 -8.202E-02
 -1.7188750E+04  1.339E-02 -4.995E-01  3.597E-03
 -1.7188250E+04  4.106E-02 -5.017E-01 -6.943E-02
 -1.7187750E+04  5.129E-02 -5.860E-01 -9.916E-02
 -1.7187250E+04 -3.020E-02 -6.629E-01  1.453E-01
 -1.7186750E+04  3.538E-02 -5.164E-01 -5.357E-02
 -1.7186250E+04  2.568E-02 -4.976E-01 -3.090E-02
 -1.7185750E+04  4.763E-02 -4.550E-01 -9.099E-02
 -1.7185250E+04  3.393E-02 -6.039E-01 -6.465E-02
 -1.7184750E+04  1.117E-02 -4.469E-01 -8.014E-03
 -1.7184250E+04  4.876E-02 -5.523E-01 -8.432E-02
 -1.7183750E+04  1.136E-02 -6.409E-01  2.456E-02
 -1.7183250E+04  4.495E-02 -4.901E-01 -8.171E-02
 -1.7182750E+04  6.967E-02 -5.095E-01 -1.479E-01
 -1.7182250E+04  2.103E-02 -6.527E-01 -6.722E-04
 -1.7181750E+04 -2.211E-02 -4.443E-01  1.172E-01
 -1.7181250E+04 -1.762E-02 -3.967E-01  8.695E-02
 -1.7180750E+04  2.928E-02 -4.601E-01 -3.848E-02
 -1.7180250E+04  5.638E-02 -5.367E-01 -1.126E-01
 -1.7179750E+04  4.468E-02 -5.525E-01 -8.802E-02
 -1.7179250E+04  2.817E-02 -5.038E-01 -3.034E-02
 -1.7178750E+04  3.628E-02 -3.898E-01 -6.962E-02
 -1.7178250E+04  2.935E-02 -5.718E-01 -3.014E-02
 -1.7177750E+04  2.130E-02 -5.213E-01 -2.812E-02
 -1.7177250E+04  2.764E-02 -4.452E-01 -4.688E-02
 -1.7176750E+04  2.481E-02 -5.372E-01 -1.204E-02
 -1.7176250E+04  3.443E-02 -5.679E-01 -5.704E-02
 -1.7175750E+04  2.396E-02 -5.871E-01 -1.463E-02
 -1.7175250E+04  3.619E-02 -3.870E-01 -7.192E-02
 -1.7174750E+04  5.178E-02 -4.023E-01 -1.112E-01
 -1.7174250E+04  3.086E-02 -5.241E-01 -2.731E-02
 -1.7173750E+04  2.932E-02 -4.550E-01 -2.866E-02
 -1.7173250E+04  2.805E-02 -4.236E-01 -4.388E-02
 -1.7172750E+04  2.245E-02 -3.740E-01 -3.004E-02
 -1.7172250E+04  3.163E-02 -4.466E-01 -5.578E-02
 -1.7171750E+04 -1.241E-02 -5.992E-01  8.862E-02
 -1.7171250E+04  1.011E-02 -5.051E-01  1.272E-02
 -1.7170750E+04  2.593E-02 -4.693E-01 -4.307E-02
 -1.7170250E+04  6.193E-02 -4.389E-01 -1.344E-01
 -1.7169750E+04  3.804E-02 -4.007E-01 -4.517E-02
 -1.7169250E+04  9.917E-03 -5.246E-01  4.964E-03
 -1.7168750E+04  1.823E-02 -6.449E-01  2.482E-03
 -1.7168250E+04  4.459E-02 -5.309E-01 -8.668E-02
 -1.7167750E+04  3.662E-02 -4.480E-01 -6.658E-02
 -1.7167250E+04  2.001E-02 -4.104E-01 -8.865E-03
 -1.7166750E+04  4.452E-02 -5.596E-01 -8.090E-02
 -1.7166250E+04  9.494E-03 -4.270E-01  1.707E-02
 -1.7165750E+04  2.772E-02 -4.313E-01 -5.316E-02
 -1.7165250E+04  2.563E-02 -4.359E-01 -3.513E-02
 -1.7164750E+04  2.002E-02 -4.711E-01 -1.109E-02
 -1.7164250E+04  5.732E-02 -5.069E-01 -1.128E-01
 -1.7163750E+04  3.175E-02 -4.551E-01 -5.058E-02
 -1.7163250E+04  3.159E-02 -4.321E-01 -4.443E-02
 -1.7162750E+04  1.460E-02 -4.161E-01 -1.199E-02
 -1.7162250E+04  2.078E-02 -4.938E-01 -2.200E-02
 -1.7161750E+04  3.937E-02 -4.640E-01 -7.339E-02
 -1.7161250E+04  5.878E-02 -4.645E-01 -1.315E-01
 -1.7160750E+04  1.461E-02 -4.521E-01 -6.642E-05
 -1.7160250E+04  1.029E-02 -3.604E-01 -8.049E-03
 -1.7159750E+04  3.213E-02 -3.532E-01 -6.766E-02
 -1.7159250E+04  2.926E-02 -3.455E-01 -5.819E-02
 -1.7158750E+04  2.863E-02 -4.184E-01 -5.041E-02
 -1.7158250E+04  3.666E-02 -5.055E-01 -6.695E-02
 -1.7157750E+04  1.783E-02 -4.681E-01 -1.020E-02
 -1.7157250E+04 -4.429E-03 -4.532E-01  6.814E-02
 -1.7156750E+04 -3.978E-03 -3.722E-01  5.884E-02
 -1.7156250E+04  3.650E-02 -4.761E-01 -6.184E-02
