  1.5492500E+03 -0.000E+00 -0.000E+00  0.000E+00
  1.5497500E+03 -0.000E+00 -0.000E+00  0.000E+00
  1.5502500E+03 -0.000E+00 -0.000E+00  0.000E+00
  1.5507500E+03 -0.000E+00 -0.000E+00  0.000E+00
  1.5512500E+03 -0.000E+00 -0.000E+00  0.000E+00
  1.5517500E+03 -0.000E+00 -0.000E+00  0.000E+00
  1.5522500E+03 -0.000E+00 -0.000E+00  0.000E+00
  1.5527500E+03 -0.000E+00 -0.000E+00  0.000E+00
  1.5532500E+03 -0.000E+00 -0.000E+00  0.000E+00
  1.5537500E+03 -0.000E+00 -0.000E+00  0.000E+00
  1.5542500E+03 -0.000E+00 -0.000E+00  0.000E+00
  1.5547500E+03 -0.000E+00 -0.000E+00  0.000E+00
  1.5552500E+03 -0.000E+00 -0.000E+00  0.000E+00
  1.5557500E+03 -0.000E+00 -0.000E+00  0.000E+00
  1.5562500E+03 -0.000E+00 -0.000E+00  0.000E+00
  1.5567500E+03 -0.000E+00 -0.000E+00  0.000E+00
  1.5572500E+03 -0.000E+00 -0.000E+00  0.000E+00
  1.5577500E+03 -0.000E+00 -0.000E+00  0.000E+00
  1.5582500E+03 -0.000E+00 -0.000E+00  0.000E+00
  1.5587500E+03 -0.000E+00 -0.000E+00  0.000E+00
  1.5592500E+03 -0.000E+00 -0.000E+00  0.000E+00
  1.5597500E+03 -0.000E+00 -0.000E+00  0.000E+00
  1.5602500E+03 -0.000E+00 -0.000E+00  0.000E+00
  1.5607500E+03 -0.000E+00 -0.000E+00  0.000E+00
  1.5612500E+03 -0.000E+00 -0.000E+00  0.000E+00
  1.5617500E+03 -0.000E+00 -0.000E+00  0.000E+00
  1.5622500E+03 -0.000E+00 -0.000E+00  0.000E+00
  1.5627500E+03 -0.000E+00 -0.000E+00  0.000E+00
  1.5632500E+03 -0.000E+00 -0.000E+00  0.000E+00
  1.5637500E+03 -0.000E+00 -0.000E+00  0.000E+00
  1.5642500E+03 -0.000E+00 -0.000E+00  0.000E+00
  1.5647500E+03 -0.000E+00 -0.000E+00  0.000E+00
  1.5652500E+03 -0.000E+00 -0.000E+00  0.000E+00
  1.5657500E+03 -0.000E+00 -0.000E+00  0.000E+00
  1.5662500E+03 -0.000E+00 -0.000E+00  0.000E+00
  1.5667500E+03 -0.000E+00 -0.000E+00  0.000E+00
  1.5672500E+03 -0.000E+00 -0.000E+00  0.000E+00
  1.5677500E+03 -0.000E+00 -0.000E+00  0.000E+00
  1.5682500E+03 -0.000E+00 -0.000E+00  0.000E+00
  1.5687500E+03 -0.000E+00 -0.000E+00  0.000E+00
  1.5692500E+03 -0.000E+00 -0.000E+00  0.000E+00
  1.5697500E+03 -0.000E+00 -0.000E+00  0.000E+00
  1.5702500E+03 -0.000E+00 -0.000E+00  0.000E+00
  1.5707500E+03 -0.000E+00 -0.000E+00  0.000E+00
  1.5712500E+03 -0.000E+00 -0.000E+00  0.000E+00
  1.5717500E+03 -0.000E+00 -0.000E+00  0.000E+00
  1.5722500E+03 -0.000E+00 -0.000E+00  0.000E+00
  1.5727500E+03 -0.000E+00 -0.000E+00  0.000E+00
  1.5732500E+03 -0.000E+00 -0.000E+00  0.000E+00
  1.5737500E+03 -0.000E+00 -0.000E+00  0.000E+00
  1.5742500E+03 -0.000E+00 -0.000E+00  0.000E+00
  1.5747500E+03 -0.000E+00 -0.000E+00  0.000E+00
  1.5752500E+03 -0.000E+00 -0.000E+00  0.000E+00
  1.5757500E+03 -0.000E+00 -0.000E+00  0.000E+00
  1.5762500E+03 -0.000E+00 -0.000E+00  0.000E+00
  1.5767500E+03 -0.000E+00 -0.000E+00  0.000E+00
  1.5772500E+03 -0.000E+00 -0.000E+00  0.000E+00
  1.5777500E+03 -0.000E+00 -0.000E+00  0.000E+00
  1.5782500E+03 -0.000E+00 -0.000E+00  0.000E+00
  1.5787500E+03 -0.000E+00 -0.000E+00  0.000E+00
  1.5792500E+03 -0.000E+00 -0.000E+00  0.000E+00
  1.5797500E+03 -0.000E+00 -0.000E+00  0.000E+00
  1.5802500E+03 -0.000E+00 -0.000E+00  0.000E+00
  1.5807500E+03 -0.000E+00 -0.000E+00  0.000E+00
  1.5812500E+03 -0.000E+00 -0.000E+00  0.000E+00
  1.5817500E+03 -0.000E+00 -0.000E+00  0.000E+00
  1.5822500E+03 -0.000E+00 -0.000E+00  0.000E+00
  1.5827500E+03 -0.000E+00 -0.000E+00  0.000E+00
  1.5832500E+03 -0.000E+00 -0.000E+00  0.000E+00
  1.5837500E+03 -0.000E+00 -0.000E+00  0.000E+00
  1.5842500E+03 -0.000E+00 -0.000E+00  0.000E+00
  1.5847500E+03 -0.000E+00 -0.000E+00  0.000E+00
  1.5852500E+03 -0.000E+00 -0.000E+00  0.000E+00
  1.5857500E+03 -0.000E+00 -0.000E+00  0.000E+00
  1.5862500E+03 -0.000E+00 -0.000E+00  0.000E+00
  1.5867500E+03 -0.000E+00 -0.000E+00  0.000E+00
  1.5872500E+03 -0.000E+00 -0.000E+00  0.000E+00
  1.5877500E+03 -0.000E+00 -0.000E+00  0.000E+00
  1.5882500E+03 -0.000E+00 -0.000E+00  0.000E+00
  1.5887500E+03 -0.000E+00 -0.000E+00  0.000E+00
  1.5892500E+03 -0.000E+00 -0.000E+00  0.000E+00
  1.5897500E+03 -0.000E+00 -0.000E+00  0.000E+00
  1.5902500E+03 -0.000E+00 -0.000E+00  0.000E+00
  1.5907500E+03 -0.000E+00 -0.000E+00  0.000E+00
  1.5912500E+03 -0.000E+00 -0.000E+00  0.000E+00
  1.5917500E+03 -0.000E+00 -0.000E+00  0.000E+00
  1.5922500E+03 -0.000E+00 -0.000E+00  0.000E+00
  1.5927500E+03 -0.000E+00 -0.000E+00  0.000E+00
  1.5932500E+03 -0.000E+00 -0.000E+00  0.000E+00
  1.5937500E+03 -0.000E+00 -0.000E+00  0.000E+00
  1.5942500E+03 -0.000E+00 -0.000E+00  0.000E+00
  1.5947500E+03 -0.000E+00 -0.000E+00  0.000E+00
  1.5952500E+03 -0.000E+00 -0.000E+00  0.000E+00
  1.5957500E+03 -0.000E+00 -0.000E+00  0.000E+00
  1.5962500E+03 -0.000E+00 -0.000E+00  0.000E+00
  1.5967500E+03 -0.000E+00 -0.000E+00  0.000E+00
  1.5972500E+03 -0.000E+00 -0.000E+00  0.000E+00
  1.5977500E+03 -0.000E+00 -0.000E+00  0.000E+00
  1.5982500E+03 -0.000E+00 -0.000E+00  0.000E+00
  1.5987500E+03 -0.000E+00 -0.000E+00  0.000E+00
  1.5992500E+03 -0.000E+00 -0.000E+00  0.000E+00
  1.5997500E+03 -0.000E+00 -0.000E+00  0.000E+00
  1.6002500E+03 -0.000E+00 -0.000E+00  0.000E+00
  1.6007500E+03 -0.000E+00 -0.000E+00  0.000E+00
  1.6012500E+03 -0.000E+00 -0.000E+00  0.000E+00
  1.6017500E+03 -0.000E+00 -0.000E+00  0.000E+00
  1.6022500E+03 -0.000E+00 -0.000E+00  0.000E+00
  1.6027500E+03 -0.000E+00 -0.000E+00  0.000E+00
  1.6032500E+03 -0.000E+00 -0.000E+00  0.000E+00
  1.6037500E+03 -0.000E+00 -0.000E+00  0.000E+00
  1.6042500E+03 -0.000E+00 -0.000E+00  0.000E+00
  1.6047500E+03 -0.000E+00 -0.000E+00  0.000E+00
  1.6052500E+03 -0.000E+00 -0.000E+00  0.000E+00
  1.6057500E+03 -0.000E+00 -0.000E+00  0.000E+00
  1.6062500E+03 -0.000E+00 -0.000E+00  0.000E+00
  1.6067500E+03 -0.000E+00 -0.000E+00  0.000E+00
  1.6072500E+03 -0.000E+00 -0.000E+00  0.000E+00
  1.6077500E+03 -0.000E+00 -0.000E+00  0.000E+00
  1.6082500E+03 -0.000E+00 -0.000E+00  0.000E+00
  1.6087500E+03 -0.000E+00 -0.000E+00  0.000E+00
  1.6092500E+03 -0.000E+00 -0.000E+00  0.000E+00
  1.6097500E+03 -0.000E+00 -0.000E+00  0.000E+00
  1.6102500E+03 -0.000E+00 -0.000E+00  0.000E+00
  1.6107500E+03 -0.000E+00 -0.000E+00  0.000E+00
  1.6112500E+03 -0.000E+00 -0.000E+00  0.000E+00
  1.6117500E+03 -0.000E+00 -0.000E+00  0.000E+00
  1.6122500E+03 -0.000E+00 -0.000E+00  0.000E+00
  1.6127500E+03 -0.000E+00 -0.000E+00  0.000E+00
  1.6132500E+03 -0.000E+00 -0.000E+00  0.000E+00
  1.6137500E+03 -0.000E+00 -0.000E+00  0.000E+00
  1.6142500E+03 -0.000E+00 -0.000E+00  0.000E+00
  1.6147500E+03 -0.000E+00 -0.000E+00  0.000E+00
  1.6152500E+03 -0.000E+00 -0.000E+00  0.000E+00
  1.6157500E+03 -0.000E+00 -0.000E+00  0.000E+00
  1.6162500E+03 -0.000E+00 -0.000E+00  0.000E+00
  1.6167500E+03 -0.000E+00 -0.000E+00  0.000E+00
  1.6172500E+03 -0.000E+00 -0.000E+00  0.000E+00
  1.6177500E+03 -0.000E+00 -0.000E+00  0.000E+00
  1.6182500E+03 -0.000E+00 -0.000E+00  0.000E+00
  1.6187500E+03 -0.000E+00 -0.000E+00  0.000E+00
  1.6192500E+03 -0.000E+00 -0.000E+00  0.000E+00
  1.6197500E+03 -0.000E+00 -0.000E+00  0.000E+00
  1.6202500E+03 -0.000E+00 -0.000E+00  0.000E+00
  1.6207500E+03 -0.000E+00 -0.000E+00  0.000E+00
  1.6212500E+03 -0.000E+00 -0.000E+00  0.000E+00
  1.6217500E+03 -0.000E+00 -0.000E+00  0.000E+00
  1.6222500E+03 -0.000E+00 -0.000E+00  0.000E+00
  1.6227500E+03 -0.000E+00 -0.000E+00  0.000E+00
  1.6232500E+03 -0.000E+00 -0.000E+00  0.000E+00
  1.6237500E+03 -0.000E+00 -0.000E+00  0.000E+00
  1.6242500E+03 -0.000E+00 -0.000E+00  0.000E+00
  1.6247500E+03 -0.000E+00 -0.000E+00  0.000E+00
  1.6252500E+03 -0.000E+00 -0.000E+00  0.000E+00
  1.6257500E+03 -0.000E+00 -0.000E+00  0.000E+00
  1.6262500E+03 -0.000E+00 -0.000E+00  0.000E+00
  1.6267500E+03 -0.000E+00 -0.000E+00  0.000E+00
  1.6272500E+03 -0.000E+00 -0.000E+00  0.000E+00
  1.6277500E+03 -0.000E+00 -0.000E+00  0.000E+00
  1.6282500E+03 -0.000E+00 -0.000E+00  0.000E+00
  1.6287500E+03 -0.000E+00 -0.000E+00  0.000E+00
  1.6292500E+03 -0.000E+00 -0.000E+00  0.000E+00
  1.6297500E+03 -0.000E+00 -0.000E+00  0.000E+00
  1.6302500E+03 -0.000E+00 -0.000E+00  0.000E+00
  1.6307500E+03 -0.000E+00 -0.000E+00  0.000E+00
  1.6312500E+03 -0.000E+00 -0.000E+00  0.000E+00
  1.6317500E+03 -0.000E+00 -0.000E+00  0.000E+00
  1.6322500E+03 -0.000E+00 -0.000E+00  0.000E+00
  1.6327500E+03 -0.000E+00 -0.000E+00  0.000E+00
  1.6332500E+03 -0.000E+00 -0.000E+00  0.000E+00
  1.6337500E+03 -0.000E+00 -0.000E+00  0.000E+00
  1.6342500E+03 -0.000E+00 -0.000E+00  0.000E+00
  1.6347500E+03 -0.000E+00 -0.000E+00  0.000E+00
  1.6352500E+03 -0.000E+00 -0.000E+00  0.000E+00
  1.6357500E+03 -0.000E+00 -0.000E+00  0.000E+00
  1.6362500E+03 -0.000E+00 -0.000E+00  0.000E+00
  1.6367500E+03 -0.000E+00 -0.000E+00  0.000E+00
  1.6372500E+03 -0.000E+00 -0.000E+00  0.000E+00
  1.6377500E+03 -0.000E+00 -0.000E+00  0.000E+00
  1.6382500E+03 -0.000E+00 -0.000E+00  0.000E+00
  1.6387500E+03 -0.000E+00 -0.000E+00  0.000E+00
  1.6392500E+03 -0.000E+00 -0.000E+00  0.000E+00
  1.6397500E+03 -0.000E+00 -0.000E+00  0.000E+00
  1.6402500E+03 -0.000E+00 -0.000E+00  0.000E+00
  1.6407500E+03 -0.000E+00 -0.000E+00  0.000E+00
  1.6412500E+03 -0.000E+00 -0.000E+00  0.000E+00
  1.6417500E+03 -0.000E+00 -0.000E+00  0.000E+00
  1.6422500E+03 -0.000E+00 -0.000E+00  0.000E+00
  1.6427500E+03 -0.000E+00 -0.000E+00  0.000E+00
  1.6432500E+03 -0.000E+00 -0.000E+00  0.000E+00
  1.6437500E+03 -0.000E+00 -0.000E+00  0.000E+00
  1.6442500E+03 -0.000E+00 -0.000E+00  0.000E+00
  1.6447500E+03 -0.000E+00 -0.000E+00  0.000E+00
  1.6452500E+03 -0.000E+00 -0.000E+00  0.000E+00
  1.6457500E+03 -0.000E+00 -0.000E+00  0.000E+00
  1.6462500E+03 -0.000E+00 -0.000E+00  0.000E+00
  1.6467500E+03 -0.000E+00 -0.000E+00  0.000E+00
  1.6472500E+03 -0.000E+00 -0.000E+00  0.000E+00
  1.6477500E+03 -0.000E+00 -0.000E+00  0.000E+00
  1.6482500E+03 -0.000E+00 -0.000E+00  0.000E+00
  1.6487500E+03 -0.000E+00 -0.000E+00  0.000E+00
  1.6492500E+03 -0.000E+00 -0.000E+00  0.000E+00
  1.6497500E+03 -0.000E+00 -0.000E+00  0.000E+00
  1.6502500E+03 -0.000E+00 -0.000E+00  0.000E+00
  1.6507500E+03 -0.000E+00 -0.000E+00  0.000E+00
  1.6512500E+03 -0.000E+00 -0.000E+00  0.000E+00
  1.6517500E+03 -0.000E+00 -0.000E+00  0.000E+00
  1.6522500E+03 -0.000E+00 -0.000E+00  0.000E+00
  1.6527500E+03 -0.000E+00 -0.000E+00  0.000E+00
  1.6532500E+03 -0.000E+00 -0.000E+00  0.000E+00
  1.6537500E+03 -0.000E+00 -0.000E+00  0.000E+00
  1.6542500E+03 -0.000E+00 -0.000E+00  0.000E+00
  1.6547500E+03 -0.000E+00 -0.000E+00  0.000E+00
  1.6552500E+03 -0.000E+00 -0.000E+00  0.000E+00
  1.6557500E+03 -0.000E+00 -0.000E+00  0.000E+00
  1.6562500E+03 -0.000E+00 -0.000E+00  0.000E+00
  1.6567500E+03 -0.000E+00 -0.000E+00  0.000E+00
  1.6572500E+03 -0.000E+00 -0.000E+00  0.000E+00
  1.6577500E+03 -0.000E+00 -0.000E+00  0.000E+00
  1.6582500E+03 -0.000E+00 -0.000E+00  0.000E+00
  1.6587500E+03 -0.000E+00 -0.000E+00  0.000E+00
  1.6592500E+03 -0.000E+00 -0.000E+00  0.000E+00
  1.6597500E+03 -0.000E+00 -0.000E+00  0.000E+00
  1.6602500E+03 -0.000E+00 -0.000E+00  0.000E+00
  1.6607500E+03 -0.000E+00 -0.000E+00  0.000E+00
  1.6612500E+03 -0.000E+00 -0.000E+00  0.000E+00
  1.6617500E+03 -0.000E+00 -0.000E+00  0.000E+00
  1.6622500E+03 -0.000E+00 -0.000E+00  0.000E+00
  1.6627500E+03 -0.000E+00 -0.000E+00  0.000E+00
  1.6632500E+03 -0.000E+00 -0.000E+00  0.000E+00
  1.6637500E+03 -0.000E+00 -0.000E+00  0.000E+00
  1.6642500E+03 -0.000E+00 -0.000E+00  0.000E+00
  1.6647500E+03 -0.000E+00 -0.000E+00  0.000E+00
  1.6652500E+03 -0.000E+00 -0.000E+00  0.000E+00
  1.6657500E+03 -0.000E+00 -0.000E+00  0.000E+00
  1.6662500E+03 -0.000E+00 -0.000E+00  0.000E+00
  1.6667500E+03 -0.000E+00 -0.000E+00  0.000E+00
  1.6672500E+03 -0.000E+00 -0.000E+00  0.000E+00
  1.6677500E+03 -0.000E+00 -0.000E+00  0.000E+00
  1.6682500E+03 -0.000E+00 -0.000E+00  0.000E+00
  1.6687500E+03 -0.000E+00 -0.000E+00  0.000E+00
  1.6692500E+03 -0.000E+00 -0.000E+00  0.000E+00
  1.6697500E+03 -0.000E+00 -0.000E+00  0.000E+00
  1.6702500E+03 -0.000E+00 -0.000E+00  0.000E+00
  1.6707500E+03 -0.000E+00 -0.000E+00  0.000E+00
  1.6712500E+03 -0.000E+00 -0.000E+00  0.000E+00
  1.6717500E+03 -0.000E+00 -0.000E+00  0.000E+00
  1.6722500E+03 -0.000E+00 -0.000E+00  0.000E+00
  1.6727500E+03 -0.000E+00 -0.000E+00  0.000E+00
  1.6732500E+03 -0.000E+00 -0.000E+00  0.000E+00
  1.6737500E+03 -0.000E+00 -0.000E+00  0.000E+00
  1.6742500E+03 -0.000E+00 -0.000E+00  0.000E+00
  1.6747500E+03 -0.000E+00 -0.000E+00  0.000E+00
  1.6752500E+03 -0.000E+00 -0.000E+00  0.000E+00
  1.6757500E+03 -0.000E+00 -0.000E+00  0.000E+00
  1.6762500E+03 -0.000E+00 -0.000E+00  0.000E+00
  1.6767500E+03 -0.000E+00 -0.000E+00  0.000E+00
  1.6772500E+03 -0.000E+00 -0.000E+00  0.000E+00
  1.6777500E+03 -0.000E+00 -0.000E+00  0.000E+00
  1.6782500E+03 -0.000E+00 -0.000E+00  0.000E+00
  1.6787500E+03 -0.000E+00 -0.000E+00  0.000E+00
  1.6792500E+03 -0.000E+00 -0.000E+00  0.000E+00
  1.6797500E+03 -0.000E+00 -0.000E+00  0.000E+00
  1.6802500E+03 -0.000E+00 -0.000E+00  0.000E+00
  1.6807500E+03 -0.000E+00 -0.000E+00  0.000E+00
  1.6812500E+03 -0.000E+00 -0.000E+00  0.000E+00
  1.6817500E+03 -0.000E+00 -0.000E+00  0.000E+00
  1.6822500E+03 -0.000E+00 -0.000E+00  0.000E+00
  1.6827500E+03 -0.000E+00 -0.000E+00  0.000E+00
  1.6832500E+03 -0.000E+00 -0.000E+00  0.000E+00
  1.6837500E+03 -0.000E+00 -0.000E+00  0.000E+00
  1.6842500E+03 -0.000E+00 -0.000E+00  0.000E+00
  1.6847500E+03 -0.000E+00 -0.000E+00  0.000E+00
  1.6852500E+03 -0.000E+00 -0.000E+00  0.000E+00
  1.6857500E+03 -0.000E+00 -0.000E+00  0.000E+00
  1.6862500E+03 -0.000E+00 -0.000E+00  0.000E+00
  1.6867500E+03 -0.000E+00 -0.000E+00  0.000E+00
  1.6872500E+03 -0.000E+00 -0.000E+00  0.000E+00
  1.6877500E+03 -0.000E+00 -0.000E+00  0.000E+00
  1.6882500E+03 -0.000E+00 -0.000E+00  0.000E+00
  1.6887500E+03 -0.000E+00 -0.000E+00  0.000E+00
  1.6892500E+03 -0.000E+00 -0.000E+00  0.000E+00
  1.6897500E+03 -0.000E+00 -0.000E+00  0.000E+00
  1.6902500E+03 -0.000E+00 -0.000E+00  0.000E+00
  1.6907500E+03 -0.000E+00 -0.000E+00  0.000E+00
  1.6912500E+03 -0.000E+00 -0.000E+00  0.000E+00
  1.6917500E+03 -0.000E+00 -0.000E+00  0.000E+00
  1.6922500E+03 -0.000E+00 -0.000E+00  0.000E+00
  1.6927500E+03 -0.000E+00 -0.000E+00  0.000E+00
  1.6932500E+03 -0.000E+00 -0.000E+00  0.000E+00
  1.6937500E+03 -0.000E+00 -0.000E+00  0.000E+00
  1.6942500E+03 -0.000E+00 -0.000E+00  0.000E+00
  1.6947500E+03 -0.000E+00 -0.000E+00  0.000E+00
  1.6952500E+03 -0.000E+00 -0.000E+00  0.000E+00
  1.6957500E+03 -0.000E+00 -0.000E+00  0.000E+00
  1.6962500E+03 -0.000E+00 -0.000E+00  0.000E+00
  1.6967500E+03 -0.000E+00 -0.000E+00  0.000E+00
  1.6972500E+03 -0.000E+00 -0.000E+00  0.000E+00
  1.6977500E+03 -0.000E+00 -0.000E+00  0.000E+00
  1.6982500E+03 -0.000E+00 -0.000E+00  0.000E+00
  1.6987500E+03 -0.000E+00 -0.000E+00  0.000E+00
  1.6992500E+03 -0.000E+00 -0.000E+00  0.000E+00
  1.6997500E+03 -0.000E+00 -0.000E+00  0.000E+00
  1.7002500E+03 -0.000E+00 -0.000E+00  0.000E+00
  1.7007500E+03 -0.000E+00 -0.000E+00  0.000E+00
  1.7012500E+03 -0.000E+00 -0.000E+00  0.000E+00
  1.7017500E+03 -0.000E+00 -0.000E+00  0.000E+00
  1.7022500E+03 -0.000E+00 -0.000E+00  0.000E+00
  1.7027500E+03 -0.000E+00 -0.000E+00  0.000E+00
  1.7032500E+03 -0.000E+00 -0.000E+00  0.000E+00
  1.7037500E+03 -0.000E+00 -0.000E+00  0.000E+00
  1.7042500E+03 -0.000E+00 -0.000E+00  0.000E+00
  1.7047500E+03 -0.000E+00 -0.000E+00  0.000E+00
  1.7052500E+03 -0.000E+00 -0.000E+00  0.000E+00
  1.7057500E+03 -0.000E+00 -0.000E+00  0.000E+00
  1.7062500E+03 -0.000E+00 -0.000E+00  0.000E+00
  1.7067500E+03 -0.000E+00 -0.000E+00  0.000E+00
  1.7072500E+03 -0.000E+00 -0.000E+00  0.000E+00
  1.7077500E+03 -0.000E+00 -0.000E+00  0.000E+00
  1.7082500E+03 -0.000E+00 -0.000E+00  0.000E+00
  1.7087500E+03 -0.000E+00 -0.000E+00  0.000E+00
  1.7092500E+03 -0.000E+00 -0.000E+00  0.000E+00
  1.7097500E+03 -0.000E+00 -0.000E+00  0.000E+00
  1.7102500E+03 -0.000E+00 -0.000E+00  0.000E+00
  1.7107500E+03 -0.000E+00 -0.000E+00  0.000E+00
  1.7112500E+03 -0.000E+00 -0.000E+00  0.000E+00
  1.7117500E+03 -0.000E+00 -0.000E+00  0.000E+00
  1.7122500E+03 -0.000E+00 -0.000E+00  0.000E+00
  1.7127500E+03 -0.000E+00 -0.000E+00  0.000E+00
  1.7132500E+03 -0.000E+00 -0.000E+00  0.000E+00
  1.7137500E+03 -0.000E+00 -0.000E+00  0.000E+00
  1.7142500E+03 -0.000E+00 -0.000E+00  0.000E+00
  1.7147500E+03 -0.000E+00 -0.000E+00  0.000E+00
  1.7152500E+03 -0.000E+00 -0.000E+00  0.000E+00
  1.7157500E+03 -0.000E+00 -0.000E+00  0.000E+00
  1.7162500E+03 -0.000E+00 -0.000E+00  0.000E+00
  1.7167500E+03 -0.000E+00 -0.000E+00  0.000E+00
  1.7172500E+03 -0.000E+00 -0.000E+00  0.000E+00
  1.7177500E+03 -0.000E+00 -0.000E+00  0.000E+00
  1.7182500E+03 -0.000E+00 -0.000E+00  0.000E+00
  1.7187500E+03 -0.000E+00 -0.000E+00  0.000E+00
  1.7192500E+03 -0.000E+00 -0.000E+00  0.000E+00
  1.7197500E+03 -4.950E-04  8.304E-04  1.699E-03
  1.7202500E+03 -5.585E-04  4.439E-03  1.577E-03
  1.7207500E+03 -2.921E-04  1.945E-05  8.766E-04
  1.7212500E+03 -3.813E-05  2.073E-03  1.113E-04
  1.7217500E+03  9.682E-04 -6.917E-04 -3.353E-03
  1.7222500E+03 -1.726E-04  6.867E-04  2.265E-04
  1.7227500E+03  6.369E-04 -2.001E-03 -2.263E-03
  1.7232500E+03  1.933E-04 -1.351E-03 -1.023E-03
  1.7237500E+03 -1.481E-04 -5.334E-04  5.517E-04
  1.7242500E+03 -1.253E-04  1.716E-03  4.415E-04
  1.7247500E+03 -1.956E-03 -3.862E-04  7.404E-03
  1.7252500E+03  1.379E-05 -2.750E-03 -3.261E-04
  1.7257500E+03  1.037E-03  2.117E-03 -4.346E-03
  1.7262500E+03  2.505E-04 -1.659E-03 -1.101E-03
  1.7267500E+03 -1.014E-03  1.665E-03  1.701E-03
  1.7272500E+03 -1.041E-04 -2.560E-04  4.604E-04
  1.7277500E+03 -3.283E-04 -1.636E-03 -1.696E-04
  1.7282500E+03  7.311E-05 -9.477E-04 -9.553E-04
  1.7287500E+03 -7.281E-03  1.436E-02  2.826E-02
  1.7292500E+03  2.599E-03  1.321E-02 -1.105E-02
  1.7297500E+03  4.920E-03  8.745E-03 -1.738E-02
  1.7302500E+03 -1.146E-03  2.437E-02  2.357E-03
  1.7307500E+03 -9.863E-04  1.740E-02  3.654E-03
  1.7312500E+03 -1.398E-04 -6.075E-03  2.286E-03
  1.7317500E+03  2.190E-03 -1.734E-02 -7.752E-03
  1.7322500E+03  6.492E-03  2.068E-01 -2.909E-02
  1.7327500E+03  7.756E-03  1.552E-01 -3.647E-02
  1.7332500E+03 -1.209E-03  9.327E-01 -2.896E-02
  1.7337500E+03  9.322E-03  2.331E+00 -1.052E-01
  1.7342500E+03  5.925E-02  5.642E+00 -4.220E-01
  1.7347500E+03  1.747E-01  1.395E+01 -1.145E+00
  1.7352500E+03 -4.363E-01  3.163E+01  5.199E-01
  1.7357500E+03  2.258E-01  6.884E+01 -3.383E+00
  1.7362500E+03 -3.718E-01  1.310E+02 -3.595E+00
  1.7367500E+03 -7.341E-01  2.242E+02 -5.992E+00
  1.7372500E+03 -1.726E+00  3.448E+02 -7.277E+00
  1.7377500E+03 -2.736E+00  4.424E+02 -7.860E+00
  1.7382500E+03 -3.993E+00  4.989E+02 -5.890E+00
  1.7387500E+03 -3.650E+00  4.670E+02 -6.286E+00
  1.7392500E+03 -3.556E+00  3.621E+02 -2.550E+00
  1.7397500E+03 -1.822E+00  2.213E+02 -3.201E+00
  1.7402500E+03 -1.354E+00  8.650E+01  8.647E-01
  1.7407500E+03  4.406E-01 -5.306E+00 -1.778E+00
  1.7412500E+03 -3.338E-01 -3.773E+01  2.645E+00
  1.7417500E+03  4.480E-01 -4.636E+01  1.357E-01
  1.7422500E+03  1.082E-01 -4.229E+01  1.197E+00
  1.7427500E+03 -3.245E-02 -3.545E+01  1.488E+00
  1.7432500E+03  1.330E-01 -2.986E+01  6.415E-01
  1.7437500E+03  6.938E-02 -2.975E+01  8.397E-01
  1.7442500E+03  1.179E-01 -2.849E+01  6.098E-01
  1.7447500E+03 -2.361E-01 -2.733E+01  1.917E+00
  1.7452500E+03  7.562E-02 -2.661E+01  6.988E-01
  1.7457500E+03 -3.287E-01 -2.194E+01  1.979E+00
  1.7462500E+03 -1.666E-01 -2.367E+01  1.493E+00
  1.7467500E+03  3.782E-01 -2.390E+01 -5.343E-01
  1.7472500E+03 -2.641E-01 -2.118E+01  1.757E+00
  1.7477500E+03  2.127E-01 -2.173E+01  1.594E-03
  1.7482500E+03  9.126E-02 -1.961E+01  3.803E-01
  1.7487500E+03  4.879E-03 -1.882E+01  6.257E-01
  1.7492500E+03  3.096E-01 -1.995E+01 -4.225E-01
  1.7497500E+03  8.859E-02 -1.860E+01  3.338E-01
  1.7502500E+03  1.577E-01 -1.968E+01  1.259E-01
  1.7507500E+03 -7.456E-02 -1.697E+01  8.718E-01
  1.7512500E+03 -1.872E-01 -1.712E+01  1.327E+00
  1.7517500E+03 -3.872E-02 -1.630E+01  7.539E-01
  1.7522500E+03  3.144E-01 -1.656E+01 -5.815E-01
  1.7527500E+03  6.437E-02 -1.653E+01  3.647E-01
  1.7532500E+03  1.983E-01 -1.638E+01 -1.501E-01
  1.7537500E+03  1.866E-01 -1.567E+01 -1.736E-01
  1.7542500E+03 -1.463E-01 -1.629E+01  1.141E+00
  1.7547500E+03  1.320E-01 -1.601E+01  8.540E-02
  1.7552500E+03 -1.392E-01 -1.449E+01  1.053E+00
  1.7557500E+03  1.319E-01 -1.515E+01  5.196E-02
  1.7562500E+03  3.621E-02 -1.455E+01  3.808E-01
  1.7567500E+03 -3.996E-02 -1.451E+01  7.187E-01
  1.7572500E+03  1.448E-01 -1.492E+01  2.274E-02
  1.7577500E+03  6.129E-02 -1.481E+01  3.312E-01
  1.7582500E+03 -8.616E-02 -1.446E+01  8.466E-01
  1.7587500E+03 -1.062E-01 -1.445E+01  9.071E-01
  1.7592500E+03  2.797E-02 -1.460E+01  4.512E-01
  1.7597500E+03 -1.028E-01 -1.453E+01  9.285E-01
  1.7602500E+03 -1.576E-02 -1.334E+01  5.317E-01
  1.7607500E+03 -1.473E-01 -1.338E+01  1.065E+00
  1.7612500E+03  1.050E-01 -1.273E+01  8.963E-02
  1.7617500E+03 -9.634E-02 -1.309E+01  7.930E-01
  1.7622500E+03  1.564E-01 -1.267E+01 -1.244E-01
  1.7627500E+03  9.006E-02 -1.284E+01  9.298E-02
  1.7632500E+03 -1.337E-01 -1.198E+01  9.320E-01
  1.7637500E+03  6.390E-02 -1.235E+01  2.517E-01
  1.7642500E+03  1.564E-01 -1.195E+01 -1.361E-01
  1.7647500E+03  1.743E-01 -1.244E+01 -1.964E-01
  1.7652500E+03  9.061E-02 -1.168E+01  1.119E-01
  1.7657500E+03  9.828E-02 -1.116E+01  5.081E-02
  1.7662500E+03  7.619E-02 -1.110E+01  1.276E-01
  1.7667500E+03 -7.443E-02 -1.125E+01  7.018E-01
  1.7672500E+03 -1.993E-03 -1.114E+01  4.721E-01
  1.7677500E+03 -5.118E-02 -1.133E+01  6.105E-01
  1.7682500E+03 -7.624E-02 -1.150E+01  6.982E-01
  1.7687500E+03 -1.408E-01 -1.121E+01  9.618E-01
  1.7692500E+03  8.814E-02 -1.181E+01  1.151E-01
  1.7697500E+03  2.245E-01 -1.189E+01 -3.804E-01
  1.7702500E+03  8.671E-02 -1.085E+01  9.308E-02
  1.7707500E+03  3.381E-02 -1.036E+01  2.997E-01
  1.7712500E+03  2.132E-02 -1.089E+01  4.302E-01
  1.7717500E+03  9.293E-02 -1.024E+01  3.061E-02
  1.7722500E+03  1.837E-01 -1.036E+01 -2.866E-01
  1.7727500E+03 -1.705E-01 -1.100E+01  1.095E+00
  1.7732500E+03  2.375E-01 -1.004E+01 -5.262E-01
  1.7737500E+03  5.537E-02 -9.787E+00  1.786E-01
  1.7742500E+03  1.613E-03 -1.010E+01  3.387E-01
  1.7747500E+03  1.006E-01 -9.607E+00 -6.816E-02
  1.7752500E+03 -1.425E-01 -1.042E+01  9.628E-01
  1.7757500E+03 -8.051E-02 -9.851E+00  7.040E-01
  1.7762500E+03  1.464E-01 -9.546E+00 -1.534E-01
  1.7767500E+03  1.210E-01 -1.003E+01 -4.549E-02
  1.7772500E+03 -5.211E-02 -9.921E+00  5.568E-01
  1.7777500E+03  2.253E-01 -9.347E+00 -4.738E-01
  1.7782500E+03  1.385E-01 -9.256E+00 -1.568E-01
  1.7787500E+03  5.952E-02 -9.341E+00  1.162E-01
  1.7792500E+03  1.603E-01 -9.211E+00 -2.449E-01
  1.7797500E+03 -1.423E-02 -9.555E+00  4.334E-01
  1.7802500E+03 -1.701E-02 -9.205E+00  4.124E-01
  1.7807500E+03  8.436E-02 -9.023E+00  3.757E-02
  1.7812500E+03  4.404E-02 -8.931E+00  1.841E-01
  1.7817500E+03  1.492E-01 -9.092E+00 -2.012E-01
  1.7822500E+03 -3.453E-02 -8.582E+00  4.447E-01
  1.7827500E+03 -4.322E-02 -8.555E+00  4.908E-01
  1.7832500E+03  5.006E-02 -8.718E+00  1.680E-01
  1.7837500E+03  1.405E-01 -8.422E+00 -2.167E-01
  1.7842500E+03  1.486E-01 -8.736E+00 -2.196E-01
  1.7847500E+03 -1.020E-01 -8.207E+00  7.034E-01
  1.7852500E+03  3.904E-02 -8.231E+00  1.863E-01
  1.7857500E+03  1.306E-01 -7.629E+00 -1.633E-01
  1.7862500E+03  1.377E-01 -8.175E+00 -1.948E-01
  1.7867500E+03 -5.251E-02 -8.465E+00  5.310E-01
  1.7872500E+03 -5.029E-02 -7.956E+00  4.954E-01
  1.7877500E+03  1.889E-01 -7.950E+00 -3.967E-01
  1.7882500E+03  1.115E-01 -8.283E+00 -1.658E-01
  1.7887500E+03  1.129E-01 -8.153E+00 -1.035E-01
  1.7892500E+03 -1.845E-02 -7.649E+00  3.910E-01
  1.7897500E+03  6.586E-02 -8.068E+00  8.462E-02
  1.7902500E+03  1.079E-01 -8.206E+00 -7.942E-02
  1.7907500E+03  1.648E-02 -7.573E+00  2.283E-01
  1.7912500E+03 -4.157E-02 -7.551E+00  4.531E-01
  1.7917500E+03  3.761E-02 -7.227E+00  1.324E-01
  1.7922500E+03 -7.728E-03 -7.832E+00  3.372E-01
  1.7927500E+03  8.272E-02 -7.726E+00 -1.972E-02
  1.7932500E+03  8.205E-02 -7.655E+00  4.968E-03
  1.7937500E+03  3.187E-03 -7.175E+00  2.533E-01
  1.7942500E+03  5.027E-02 -7.302E+00  1.010E-01
  1.7947500E+03 -6.947E-02 -7.243E+00  5.605E-01
  1.7952500E+03 -5.801E-03 -6.690E+00  2.777E-01
  1.7957500E+03  8.540E-02 -7.178E+00  1.242E-02
  1.7962500E+03  5.090E-02 -7.068E+00  1.643E-01
  1.7967500E+03  2.540E-02 -7.098E+00  1.962E-01
  1.7972500E+03  1.320E-01 -6.504E+00 -2.249E-01
  1.7977500E+03  1.051E-01 -7.293E+00 -1.148E-01
  1.7982500E+03  1.114E-02 -6.995E+00  2.812E-01
  1.7987500E+03 -2.312E-03 -6.714E+00  3.009E-01
  1.7992500E+03 -2.050E-02 -6.715E+00  3.097E-01
  1.7997500E+03  1.357E-01 -6.795E+00 -2.200E-01
  1.8002500E+03  5.430E-02 -6.684E+00  7.390E-02
  1.8007500E+03  4.122E-02 -6.791E+00  1.239E-01
  1.8012500E+03  1.331E-01 -7.662E+00 -2.197E-01
  1.8017500E+03 -4.536E-02 -6.750E+00  4.185E-01
  1.8022500E+03  2.246E-02 -6.067E+00  1.667E-01
  1.8027500E+03  4.684E-02 -6.660E+00  9.100E-02
  1.8032500E+03  1.706E-01 -6.653E+00 -3.210E-01
  1.8037500E+03  2.535E-02 -6.558E+00  1.814E-01
  1.8042500E+03 -1.098E-01 -6.181E+00  6.591E-01
  1.8047500E+03 -1.995E-02 -6.203E+00  3.162E-01
  1.8052500E+03 -8.209E-03 -6.564E+00  2.881E-01
  1.8057500E+03 -6.088E-02 -5.967E+00  4.526E-01
  1.8062500E+03  4.017E-02 -6.489E+00  1.375E-01
  1.8067500E+03  2.521E-02 -6.061E+00  1.515E-01
  1.8072500E+03 -2.892E-02 -5.958E+00  3.374E-01
  1.8077500E+03  1.301E-01 -6.355E+00 -2.156E-01
  1.8082500E+03  3.172E-02 -5.696E+00  1.058E-01
  1.8087500E+03  8.442E-02 -6.009E+00 -5.416E-02
  1.8092500E+03  1.826E-01 -6.111E+00 -4.358E-01
  1.8097500E+03  1.396E-01 -5.869E+00 -2.900E-01
  1.8102500E+03  1.495E-02 -5.805E+00  1.626E-01
  1.8107500E+03  6.736E-02 -5.799E+00 -6.050E-03
  1.8112500E+03  2.433E-02 -5.859E+00  1.421E-01
  1.8117500E+03  5.931E-02 -5.745E+00  4.497E-03
  1.8122500E+03  1.082E-02 -5.739E+00  1.797E-01
  1.8127500E+03  9.639E-03 -5.617E+00  1.973E-01
  1.8132500E+03  4.442E-02 -5.640E+00  4.652E-02
  1.8137500E+03  6.033E-02 -6.302E+00  1.426E-02
  1.8142500E+03  1.081E-02 -5.533E+00  1.849E-01
  1.8147500E+03  4.197E-03 -5.609E+00  2.071E-01
  1.8152500E+03  2.727E-02 -5.522E+00  1.177E-01
  1.8157500E+03  1.197E-01 -5.424E+00 -2.162E-01
  1.8162500E+03  2.121E-02 -5.491E+00  1.533E-01
  1.8167500E+03 -5.015E-02 -5.270E+00  4.172E-01
  1.8172500E+03 -1.894E-02 -5.511E+00  3.218E-01
  1.8177500E+03  5.705E-02 -5.270E+00 -9.883E-03
  1.8182500E+03  3.660E-02 -5.326E+00  1.039E-01
  1.8187500E+03  4.694E-02 -4.883E+00  3.900E-02
  1.8192500E+03  9.417E-02 -5.654E+00 -1.141E-01
  1.8197500E+03  6.286E-02 -5.446E+00 -2.045E-02
  1.8202500E+03  1.203E-01 -4.958E+00 -2.139E-01
  1.8207500E+03  1.443E-02 -5.088E+00  1.591E-01
  1.8212500E+03  2.088E-02 -5.282E+00  1.240E-01
  1.8217500E+03  1.488E-02 -5.103E+00  1.528E-01
  1.8222500E+03  4.701E-02 -5.355E+00  4.530E-02
  1.8227500E+03 -4.579E-02 -4.941E+00  3.807E-01
  1.8232500E+03  5.663E-02 -5.024E+00  1.428E-03
  1.8237500E+03 -8.418E-02 -4.541E+00  4.866E-01
  1.8242500E+03  9.051E-02 -4.952E+00 -1.555E-01
  1.8247500E+03  7.095E-02 -4.575E+00 -5.771E-02
  1.8252500E+03  1.236E-02 -4.973E+00  1.872E-01
  1.8257500E+03  1.278E-01 -4.851E+00 -2.620E-01
  1.8262500E+03  1.103E-01 -4.478E+00 -2.534E-01
  1.8267500E+03  4.094E-02 -4.579E+00  3.263E-02
  1.8272500E+03 -3.993E-01 -4.479E+00  3.051E-01
  1.8277500E+03  1.476E-02 -5.054E+00  1.204E-01
  1.8282500E+03  6.723E-03 -4.646E+00  1.740E-01
  1.8287500E+03  4.666E-02 -4.621E+00  3.440E-02
  1.8292500E+03  8.246E-02 -4.611E+00 -1.024E-01
  1.8297500E+03  1.364E-02 -4.333E+00  4.560E-02
  1.8302500E+03  4.478E-02 -4.933E+00 -6.578E-02
  1.8307500E+03  5.971E-02 -4.638E+00 -5.488E-02
  1.8312500E+03  7.517E-02 -4.568E+00 -6.685E-02
  1.8317500E+03  3.915E-02 -4.458E+00  5.802E-02
  1.8322500E+03  6.829E-02 -4.239E+00 -4.438E-02
  1.8327500E+03 -3.996E-02 -4.594E+00  3.219E-01
  1.8332500E+03  1.262E-02 -4.330E+00  1.457E-01
  1.8337500E+03  4.328E-02 -4.380E+00  2.389E-02
  1.8342500E+03  1.270E-02 -4.268E+00 -5.606E-02
  1.8347500E+03  1.538E-02 -4.135E+00 -1.743E-02
  1.8352500E+03 -1.010E-02 -4.191E+00  2.067E-01
  1.8357500E+03  4.503E-02 -4.367E+00  4.895E-02
  1.8362500E+03 -3.020E-02 -4.040E+00  2.804E-01
  1.8367500E+03 -2.587E-02 -4.463E+00  3.330E-01
  1.8372500E+03  8.976E-02 -4.231E+00 -9.115E-02
  1.8377500E+03  1.002E-01 -3.868E+00 -2.148E-01
  1.8382500E+03  1.065E-01 -4.411E+00 -2.007E-01
  1.8387500E+03  5.900E-02 -3.951E+00 -4.665E-02
  1.8392500E+03  3.514E-02 -4.459E+00  5.444E-02
  1.8397500E+03  9.198E-02 -4.169E+00  1.727E-01
  1.8402500E+03  1.820E-01 -3.825E+00 -2.952E-01
  1.8407500E+03  5.713E-03 -4.037E+00  1.431E-01
  1.8412500E+03  6.142E-02 -3.910E+00 -3.668E-02
  1.8417500E+03 -3.317E-02 -4.209E+00  2.961E-01
  1.8422500E+03  1.754E-03 -3.992E+00  1.706E-01
  1.8427500E+03 -8.864E-03 -3.887E+00  2.042E-01
  1.8432500E+03  7.581E-02 -3.871E+00 -1.125E-01
  1.8437500E+03  3.065E-02 -3.795E+00  5.175E-02
  1.8442500E+03  1.193E-01 -3.957E+00 -5.336E-02
  1.8447500E+03  3.230E-01 -3.944E+00 -8.555E-02
  1.8452500E+03  9.314E-02 -3.930E+00 -1.611E-01
  1.8457500E+03  2.133E-02 -3.937E+00  8.709E-02
  1.8462500E+03 -3.678E-02 -3.671E+00  2.445E-01
  1.8467500E+03  1.239E-02 -3.783E+00  9.122E-02
  1.8472500E+03  2.759E-03 -3.745E+00  1.411E-01
  1.8477500E+03 -1.671E-02 -3.510E+00  2.104E-01
  1.8482500E+03  1.112E-01 -3.920E+00 -2.427E-01
  1.8487500E+03 -3.246E-03 -3.823E+00  1.665E-01
  1.8492500E+03  4.473E-02 -3.461E+00 -1.269E-02
  1.8497500E+03  8.940E-02 -4.035E+00 -1.576E-01
  1.8502500E+03 -2.706E-02 -3.591E+00  2.505E-01
  1.8507500E+03  3.014E-02 -3.636E+00  5.028E-02
  1.8512500E+03 -2.422E-02 -3.389E+00  2.394E-01
  1.8517500E+03  7.970E-02 -3.452E+00 -1.433E-01
  1.8522500E+03  9.062E-02 -3.477E+00 -2.141E-01
  1.8527500E+03  2.355E-02 -3.565E+00  5.925E-02
  1.8532500E+03  1.179E-01 -3.690E+00 -2.858E-01
  1.8537500E+03  3.754E-02 -3.765E+00  5.006E-02
  1.8542500E+03  1.408E-02 -3.679E+00  1.126E-01
  1.8547500E+03  1.029E-02 -3.324E+00  1.186E-01
  1.8552500E+03  1.524E-02 -3.484E+00  8.887E-02
  1.8557500E+03  2.779E-02 -3.174E+00  4.174E-02
  1.8562500E+03  4.752E-02 -3.542E+00 -2.044E-02
  1.8567500E+03 -2.125E-02 -3.721E+00  2.306E-01
  1.8572500E+03  1.746E-02 -3.292E+00  1.003E-01
  1.8577500E+03  5.893E-02 -3.695E+00 -9.490E-02
  1.8582500E+03  1.755E-02 -3.319E+00  1.311E-01
  1.8587500E+03  3.959E-02 -3.538E+00 -2.985E-02
  1.8592500E+03 -1.278E-02 -3.357E+00  3.161E-01
  1.8597500E+03  7.554E-02 -3.345E+00 -1.405E-01
  1.8602500E+03  1.141E-02 -3.280E+00  9.136E-02
  1.8607500E+03 -1.404E-02 -3.165E+00  1.711E-01
  1.8612500E+03  7.707E-03 -2.759E+00  8.731E-02
  1.8617500E+03  2.264E-03 -3.408E+00  1.357E-01
  1.8622500E+03  1.179E-01 -3.385E+00 -2.923E-01
  1.8627500E+03  9.280E-02 -3.093E+00 -2.186E-01
  1.8632500E+03 -7.582E-03 -3.093E+00  1.625E-01
  1.8637500E+03  5.861E-02 -3.131E+00 -9.051E-02
  1.8642500E+03  7.101E-02 -3.225E+00 -1.129E-01
  1.8647500E+03 -3.049E-02 -3.049E+00  2.573E-01
  1.8652500E+03  9.082E-03 -2.982E+00  9.802E-02
  1.8657500E+03 -5.341E-03 -3.146E+00  1.547E-01
  1.8662500E+03  5.018E-02 -3.327E+00 -4.708E-02
  1.8667500E+03  7.488E-02 -3.157E+00 -1.389E-01
  1.8672500E+03  1.883E-02 -3.081E+00  6.385E-02
  1.8677500E+03 -2.932E-02 -2.935E+00  2.224E-01
  1.8682500E+03  6.629E-02 -2.680E+00 -1.201E-01
  1.8687500E+03  1.578E-02 -2.853E+00  8.210E-02
  1.8692500E+03  3.340E-02 -3.315E+00  2.950E-02
  1.8697500E+03  4.808E-02 -3.256E+00 -4.652E-02
  1.8702500E+03  7.765E-02 -2.775E+00 -1.630E-01
  1.8707500E+03 -5.883E-02 -2.857E+00  3.511E-01
  1.8712500E+03  2.080E-04 -2.962E+00  1.186E-01
  1.8717500E+03  6.136E-02 -2.969E+00 -1.058E-01
  1.8722500E+03  6.936E-02 -2.835E+00 -1.354E-01
  1.8727500E+03  5.007E-02 -2.865E+00 -6.437E-02
  1.8732500E+03  1.103E-02 -2.656E+00  7.171E-02
  1.8737500E+03  4.214E-02 -2.576E+00 -3.858E-02
  1.8742500E+03  4.590E-02 -2.737E+00 -3.982E-02
  1.8747500E+03  7.077E-02 -2.773E+00 -1.405E-01
  1.8752500E+03  4.913E-02 -2.779E+00 -6.789E-02
  1.8757500E+03 -1.513E-02 -2.704E+00  1.827E-01
  1.8762500E+03  4.850E-02 -2.900E+00 -6.560E-02
  1.8767500E+03  2.343E-02 -2.895E+00  3.403E-02
  1.8772500E+03 -2.794E-02 -2.700E+00  2.246E-01
  1.8777500E+03 -7.786E-03 -2.948E+00  1.455E-01
  1.8782500E+03  2.992E-02 -2.611E+00 -1.046E-03
  1.8787500E+03  1.379E-02 -2.588E+00  7.254E-02
  1.8792500E+03  2.422E-02 -2.767E+00  4.612E-02
  1.8797500E+03  2.510E-02 -2.952E+00  3.392E-02
  1.8802500E+03  6.309E-03 -2.603E+00  9.468E-02
  1.8807500E+03  7.873E-02 -2.664E+00 -1.785E-01
  1.8812500E+03  2.630E-02 -2.397E+00  9.835E-03
  1.8817500E+03  7.882E-02 -2.505E+00 -1.744E-01
  1.8822500E+03 -4.590E-02 -2.655E+00  2.848E-01
  1.8827500E+03  9.163E-02 -2.661E+00 -2.192E-01
  1.8832500E+03  5.320E-02 -2.797E+00 -6.514E-02
  1.8837500E+03  5.686E-02 -2.629E+00 -1.091E-01
  1.8842500E+03  3.332E-02 -2.486E+00 -1.836E-02
  1.8847500E+03  2.767E-03 -2.342E+00  9.183E-02
  1.8852500E+03  1.324E-02 -2.656E+00  7.438E-02
  1.8857500E+03 -7.382E-03 -2.420E+00  1.381E-01
  1.8862500E+03  1.222E-02 -2.617E+00  5.775E-02
  1.8867500E+03  1.596E-02 -2.548E+00  5.497E-02
  1.8872500E+03  1.177E-02 -2.436E+00  5.879E-02
  1.8877500E+03  3.263E-02 -2.641E+00 -9.129E-04
  1.8882500E+03  1.418E-02 -2.433E+00  5.966E-02
  1.8887500E+03  3.450E-02 -2.421E+00 -1.591E-02
  1.8892500E+03  1.713E-02 -2.489E+00  4.859E-02
  1.8897500E+03  8.432E-03 -2.364E+00  7.709E-02
  1.8902500E+03 -1.333E-03 -2.365E+00  1.250E-01
  1.8907500E+03  4.909E-02 -2.222E+00 -6.690E-02
  1.8912500E+03  4.927E-02 -2.414E+00 -9.299E-02
  1.8917500E+03  4.030E-02 -2.286E+00 -4.769E-02
  1.8922500E+03  6.883E-02 -2.300E+00 -1.628E-01
  1.8927500E+03  5.144E-02 -2.409E+00 -8.703E-02
  1.8932500E+03 -2.391E-02 -2.406E+00  1.833E-01
  1.8937500E+03 -5.269E-03 -2.470E+00  1.327E-01
  1.8942500E+03  6.343E-02 -2.229E+00 -1.367E-01
  1.8947500E+03  4.168E-02 -2.356E+00 -5.988E-02
  1.8952500E+03 -6.374E-03 -2.250E+00  1.291E-01
  1.8957500E+03 -3.345E-02 -2.378E+00  2.335E-01
  1.8962500E+03  1.181E-02 -2.403E+00  6.821E-02
  1.8967500E+03  5.929E-02 -2.435E+00 -1.154E-01
  1.8972500E+03 -6.062E-05 -2.258E+00  9.366E-02
  1.8977500E+03  1.605E-02 -2.179E+00  5.318E-02
  1.8982500E+03  5.341E-03 -2.262E+00  7.993E-02
  1.8987500E+03  1.869E-02 -2.071E+00  3.669E-02
  1.8992500E+03  4.287E-02 -2.207E+00 -5.588E-02
  1.8997500E+03 -8.711E-03 -2.247E+00  1.310E-01
  1.9002500E+03  4.392E-02 -2.150E+00 -7.124E-02
  1.9007500E+03  8.151E-02 -2.096E+00 -2.023E-01
  1.9012500E+03  2.865E-02 -2.261E+00 -6.876E-03
  1.9017500E+03  3.435E-02 -2.025E+00 -3.823E-02
  1.9022500E+03  1.634E-02 -2.027E+00  3.094E-02
  1.9027500E+03 -3.285E-02 -2.090E+00  2.132E-01
  1.9032500E+03  2.413E-02 -2.083E+00 -1.049E-02
  1.9037500E+03  5.017E-03 -2.083E+00  7.066E-02
  1.9042500E+03  2.368E-02 -2.189E+00  1.769E-02
  1.9047500E+03  1.369E-02 -2.051E+00  1.544E-02
  1.9052500E+03 -2.174E-02 -2.055E+00  1.761E-01
  1.9057500E+03  1.471E-02 -1.961E+00  4.658E-02
  1.9062500E+03  2.008E-03 -2.038E+00  1.002E-01
  1.9067500E+03  4.881E-02 -1.971E+00 -8.946E-02
  1.9072500E+03  1.927E-02 -2.018E+00  6.892E-03
  1.9077500E+03  9.616E-02 -2.101E+00 -2.757E-01
  1.9082500E+03  3.760E-02 -2.061E+00 -5.617E-02
  1.9087500E+03  4.823E-02 -1.986E+00 -8.245E-02
  1.9092500E+03 -1.323E-02 -1.900E+00  1.506E-01
  1.9097500E+03 -1.825E-02 -1.945E+00  1.593E-01
  1.9102500E+03  2.449E-02 -1.899E+00 -1.535E-02
  1.9107500E+03  2.602E-02 -2.018E+00 -1.398E-02
  1.9112500E+03  5.162E-02 -1.980E+00 -9.750E-02
  1.9117500E+03  5.061E-02 -1.864E+00 -9.411E-02
  1.9122500E+03  1.330E-02 -2.065E+00  2.250E-02
  1.9127500E+03 -3.049E-02 -1.794E+00  2.038E-01
  1.9132500E+03  4.255E-02 -1.813E+00 -6.110E-02
  1.9137500E+03  8.263E-02 -1.830E+00 -2.186E-01
  1.9142500E+03  1.541E-02 -1.913E+00  1.239E-02
  1.9147500E+03  7.973E-04 -1.938E+00  7.818E-02
  1.9152500E+03  2.412E-02 -2.129E+00  1.010E-02
  1.9157500E+03 -1.748E-02 -1.707E+00  1.554E-01
  1.9162500E+03 -1.480E-02 -1.685E+00  1.293E-01
  1.9167500E+03  3.352E-02 -1.996E+00 -4.292E-02
  1.9172500E+03  2.246E-02 -2.132E+00  1.214E-02
  1.9177500E+03  4.256E-02 -1.648E+00 -8.238E-02
  1.9182500E+03 -2.275E-02 -1.777E+00  1.581E-01
  1.9187500E+03  4.344E-03 -1.747E+00  7.297E-02
  1.9192500E+03  4.629E-02 -1.848E+00 -8.210E-02
  1.9197500E+03  1.280E-02 -1.779E+00  3.500E-02
  1.9202500E+03  5.459E-02 -1.916E+00 -1.121E-01
  1.9207500E+03  5.037E-02 -1.959E+00 -9.129E-02
  1.9212500E+03 -5.021E-03 -1.760E+00  9.377E-02
  1.9217500E+03 -1.447E-02 -1.801E+00  1.321E-01
  1.9222500E+03 -2.737E-02 -1.744E+00  1.788E-01
  1.9227500E+03 -1.044E-04 -1.833E+00  8.607E-02
  1.9232500E+03  3.807E-02 -1.779E+00 -6.266E-02
  1.9237500E+03  2.837E-02 -1.702E+00 -1.204E-02
  1.9242500E+03 -3.098E-02 -1.796E+00  2.032E-01
  1.9247500E+03 -5.995E-03 -1.803E+00  7.873E-02
  1.9252500E+03  5.229E-02 -1.765E+00 -1.481E-01
  1.9257500E+03 -5.770E-03 -1.607E+00  9.439E-02
  1.9262500E+03  3.500E-02 -1.686E+00 -5.769E-02
  1.9267500E+03  1.865E-02 -1.703E+00 -3.094E-03
  1.9272500E+03  5.719E-02 -1.569E+00 -1.334E-01
  1.9277500E+03  3.202E-02 -1.801E+00 -2.560E-02
  1.9282500E+03  7.319E-02 -1.709E+00 -1.845E-01
  1.9287500E+03  8.684E-03 -1.565E+00  2.590E-02
  1.9292500E+03 -2.180E-02 -1.543E+00  1.382E-01
  1.9297500E+03  6.237E-02 -1.585E+00 -1.529E-01
  1.9302500E+03  7.425E-03 -1.512E+00  4.641E-02
  1.9307500E+03 -5.103E-03 -1.524E+00  9.052E-02
  1.9312500E+03  1.215E-02 -1.500E+00  1.650E-02
  1.9317500E+03  4.146E-02 -1.590E+00 -9.142E-02
  1.9322500E+03  7.084E-03 -1.599E+00  4.670E-02
  1.9327500E+03  1.779E-02 -1.653E+00  4.447E-03
  1.9332500E+03 -1.339E-02 -1.541E+00  1.285E-01
  1.9337500E+03  4.566E-02 -1.493E+00 -1.063E-01
  1.9342500E+03  3.623E-02 -1.556E+00 -6.825E-02
  1.9347500E+03  4.987E-02 -1.710E+00 -1.104E-01
  1.9352500E+03 -7.874E-03 -1.700E+00  1.077E-01
  1.9357500E+03  4.177E-02 -1.553E+00 -8.525E-02
  1.9362500E+03  5.007E-03 -1.572E+00  5.352E-02
  1.9367500E+03  3.865E-02 -1.610E+00 -6.364E-02
  1.9372500E+03  5.580E-02 -1.316E+00 -1.519E-01
  1.9377500E+03 -9.538E-03 -1.593E+00  1.151E-01
  1.9382500E+03 -4.204E-02 -1.378E+00  2.228E-01
  1.9387500E+03  7.172E-03 -1.502E+00  4.310E-02
  1.9392500E+03  1.631E-02 -1.574E+00  7.928E-03
  1.9397500E+03 -8.039E-03 -1.824E+00  1.115E-01
  1.9402500E+03  1.430E-02 -1.501E+00  2.073E-02
  1.9407500E+03  7.427E-02 -1.402E+00 -2.024E-01
  1.9412500E+03  3.452E-02 -1.477E+00 -4.862E-02
  1.9417500E+03  5.568E-02 -1.649E+00 -1.410E-01
  1.9422500E+03  6.047E-03 -1.312E+00  4.010E-02
  1.9427500E+03  2.284E-03 -1.585E+00  5.884E-02
  1.9432500E+03  2.800E-02 -1.479E+00 -3.319E-02
  1.9437500E+03 -1.083E-02 -1.552E+00  1.050E-01
  1.9442500E+03  1.098E-02 -1.352E+00  1.188E-02
  1.9447500E+03  1.769E-02 -1.249E+00  9.728E-03
  1.9452500E+03  5.374E-02 -1.393E+00 -1.177E-01
  1.9457500E+03  2.961E-03 -1.253E+00  5.017E-02
  1.9462500E+03  6.608E-02 -1.474E+00 -2.005E-01
  1.9467500E+03  4.204E-02 -1.355E+00 -8.968E-02
  1.9472500E+03  8.837E-03 -1.336E+00  2.994E-02
  1.9477500E+03 -3.523E-02 -1.415E+00  1.972E-01
  1.9482500E+03  1.052E-02 -1.406E+00  1.783E-02
  1.9487500E+03 -6.456E-03 -1.328E+00  7.769E-02
  1.9492500E+03  2.002E-02 -1.323E+00 -1.538E-02
  1.9497500E+03 -7.765E-03 -1.512E+00  1.026E-01
  1.9502500E+03  1.527E-02 -1.409E+00  1.655E-02
  1.9507500E+03  4.963E-02 -1.425E+00 -1.099E-01
  1.9512500E+03  5.857E-03 -1.294E+00  1.281E-02
  1.9517500E+03  3.890E-02 -1.376E+00 -9.632E-02
  1.9522500E+03  3.135E-02 -1.386E+00 -6.046E-02
  1.9527500E+03  2.294E-02 -1.533E+00 -1.623E-02
  1.9532500E+03  5.508E-04 -1.307E+00  7.094E-02
  1.9537500E+03  2.251E-02 -1.270E+00 -7.703E-03
  1.9542500E+03  2.989E-03 -1.248E+00  3.747E-02
  1.9547500E+03  1.628E-02 -1.383E+00  5.409E-03
  1.9552500E+03  4.362E-02 -1.281E+00 -9.536E-02
  1.9557500E+03  3.617E-02 -1.156E+00 -6.911E-02
  1.9562500E+03 -2.312E-04 -1.378E+00  6.295E-02
  1.9567500E+03  2.563E-02 -1.359E+00 -5.406E-02
  1.9572500E+03  3.067E-02 -1.188E+00 -5.914E-02
  1.9577500E+03  6.370E-03 -1.213E+00  2.501E-02
  1.9582500E+03  1.384E-02 -1.270E+00  1.352E-02
  1.9587500E+03  4.028E-03 -1.367E+00  5.350E-02
  1.9592500E+03  2.851E-02 -1.350E+00 -3.430E-02
  1.9597500E+03  1.251E-03 -1.184E+00  4.081E-02
  1.9602500E+03 -1.738E-03 -1.110E+00  5.549E-02
  1.9607500E+03 -9.543E-03 -1.332E+00  1.043E-01
  1.9612500E+03  4.834E-02 -1.320E+00 -1.318E-01
  1.9617500E+03 -8.253E-03 -1.171E+00  6.984E-02
  1.9622500E+03  1.182E-03 -1.271E+00  5.343E-02
  1.9627500E+03  2.741E-02 -1.385E+00 -3.705E-02
  1.9632500E+03  2.499E-02 -1.320E+00 -2.715E-02
  1.9637500E+03  2.012E-02 -1.200E+00 -2.142E-02
  1.9642500E+03  3.626E-02 -1.138E+00 -7.855E-02
  1.9647500E+03  1.687E-02 -1.312E+00  1.816E-03
  1.9652500E+03  1.285E-02 -1.198E+00  1.255E-02
  1.9657500E+03  2.535E-02 -1.169E+00 -2.694E-02
  1.9662500E+03 -1.474E-02 -1.164E+00  1.023E-01
  1.9667500E+03  2.657E-02 -1.112E+00 -4.074E-02
  1.9672500E+03  2.772E-02 -1.129E+00 -6.881E-02
  1.9677500E+03 -1.083E-02 -1.313E+00  9.461E-02
  1.9682500E+03  1.787E-02 -1.238E+00 -1.655E-02
  1.9687500E+03  7.864E-03 -1.181E+00  1.682E-02
  1.9692500E+03  6.955E-03 -1.196E+00  2.394E-02
  1.9697500E+03  5.111E-02 -1.074E+00 -1.336E-01
  1.9702500E+03  9.866E-03 -1.060E+00  1.106E-02
  1.9707500E+03  2.160E-02 -1.125E+00 -5.460E-02
  1.9712500E+03  2.143E-02 -1.118E+00 -3.211E-02
  1.9717500E+03  5.390E-02 -1.208E+00 -1.241E-01
  1.9722500E+03  3.135E-03 -1.125E+00  6.431E-02
  1.9727500E+03 -2.766E-02 -1.026E+00  1.402E-01
  1.9732500E+03 -5.176E-03 -1.076E+00  6.305E-02
  1.9737500E+03 -1.388E-03 -1.067E+00  5.846E-02
  1.9742500E+03  2.105E-02 -1.249E+00 -1.132E-02
  1.9747500E+03  3.777E-03 -1.082E+00  3.562E-02
  1.9752500E+03  1.516E-02 -1.051E+00  8.787E-03
  1.9757500E+03  1.465E-02 -1.251E+00  2.534E-03
  1.9762500E+03  5.297E-02 -1.180E+00 -1.317E-01
  1.9767500E+03  4.847E-02 -1.079E+00 -1.201E-01
  1.9772500E+03  2.149E-02 -1.085E+00 -2.637E-02
  1.9777500E+03 -5.458E-03 -1.053E+00  7.545E-02
  1.9782500E+03  1.592E-02 -1.013E+00 -2.582E-02
  1.9787500E+03 -2.405E-03 -1.011E+00  3.708E-02
  1.9792500E+03  1.200E-02 -1.081E+00  1.568E-02
  1.9797500E+03  6.567E-03 -1.163E+00  4.491E-02
  1.9802500E+03 -1.030E-02 -9.980E-01  9.050E-02
  1.9807500E+03  2.565E-02 -1.052E+00 -4.236E-02
  1.9812500E+03  3.510E-02 -1.144E+00 -7.258E-02
  1.9817500E+03  4.448E-03 -1.074E+00  3.453E-02
  1.9822500E+03  5.065E-03 -1.042E+00  2.342E-02
  1.9827500E+03  2.139E-02 -9.269E-01 -2.807E-02
  1.9832500E+03 -1.005E-05 -1.097E+00  5.002E-02
  1.9837500E+03  2.153E-02 -9.720E-01 -2.907E-02
  1.9842500E+03  5.128E-03 -1.114E+00 -7.292E-03
  1.9847500E+03  2.431E-02 -9.600E-01 -4.623E-02
  1.9852500E+03 -1.816E-02 -8.997E-01  8.934E-02
  1.9857500E+03  3.191E-02 -1.079E+00 -3.433E-02
  1.9862500E+03  2.547E-02 -9.979E-01 -3.868E-02
  1.9867500E+03 -5.625E-03 -9.285E-01  6.783E-02
  1.9872500E+03  1.154E-02 -1.019E+00  4.553E-03
  1.9877500E+03  2.151E-02 -1.059E+00 -3.035E-02
  1.9882500E+03  4.445E-02 -1.058E+00 -1.127E-01
  1.9887500E+03  3.591E-02 -9.741E-01 -7.403E-02
  1.9892500E+03 -2.061E-02 -9.190E-01  1.266E-01
  1.9897500E+03 -6.047E-02 -1.058E+00  3.079E-01
  1.9902500E+03 -2.053E-02 -8.759E-01  1.013E-01
  1.9907500E+03  3.258E-02 -9.269E-01 -8.183E-02
  1.9912500E+03  2.908E-02 -9.177E-01 -6.287E-02
  1.9917500E+03  3.933E-02 -9.032E-01 -1.059E-01
  1.9922500E+03  1.829E-02 -1.138E+00 -1.663E-02
  1.9927500E+03 -2.660E-03 -1.151E+00  5.065E-02
  1.9932500E+03  9.704E-03 -9.219E-01  5.041E-03
  1.9937500E+03 -2.329E-03 -7.415E-01  2.914E-02
  1.9942500E+03  2.980E-02 -8.724E-01 -7.595E-02
  1.9947500E+03  8.420E-03 -9.366E-01  3.168E-02
  1.9952500E+03 -3.006E-02 -1.051E+00  1.598E-01
  1.9957500E+03  3.112E-03 -9.185E-01  2.975E-02
  1.9962500E+03  2.110E-02 -9.193E-01 -3.382E-02
  1.9967500E+03  3.043E-02 -9.121E-01 -4.950E-02
  1.9972500E+03  9.411E-03 -9.431E-01  1.765E-02
  1.9977500E+03  1.130E-02 -8.761E-01 -4.569E-03
  1.9982500E+03  3.473E-03 -9.498E-01 -5.045E-04
  1.9987500E+03  5.161E-03 -1.005E+00 -1.419E-02
  1.9992500E+03  9.096E-03 -7.590E-01 -3.122E-03
  1.9997500E+03  1.437E-02 -8.634E-01 -4.806E-03
  2.0002500E+03  3.899E-02 -8.511E-01 -1.259E-01
  2.0007500E+03 -2.085E-03 -9.447E-01  2.006E-02
  2.0012500E+03  2.640E-02 -9.589E-01 -2.542E-02
  2.0017500E+03  8.704E-03 -9.977E-01  3.262E-02
  2.0022500E+03  3.393E-02 -7.720E-01 -1.647E-02
  2.0027500E+03 -8.360E-04 -9.540E-01  3.879E-02
  2.0032500E+03  3.970E-03 -7.162E-01  2.797E-02
  2.0037500E+03  1.719E-02 -7.739E-01 -1.264E-02
  2.0042500E+03  8.445E-04 -7.449E-01  3.500E-02
  2.0047500E+03 -7.462E-03 -8.834E-01  9.995E-02
  2.0052500E+03  2.572E-02 -8.603E-01 -6.474E-02
  2.0057500E+03  1.524E-02 -8.460E-01 -5.789E-02
  2.0062500E+03  2.702E-02 -8.225E-01 -3.707E-02
  2.0067500E+03  5.716E-02 -7.956E-01 -1.779E-01
  2.0072500E+03  2.516E-02 -7.604E-01 -1.198E-02
  2.0077500E+03 -2.258E-03 -9.253E-01  5.602E-02
  2.0082500E+03  3.302E-02 -9.107E-01 -7.670E-02
  2.0087500E+03  3.930E-02 -9.075E-01 -1.046E-01
  2.0092500E+03 -3.604E-03 -8.489E-01  4.656E-02
  2.0097500E+03 -6.876E-03 -8.338E-01  7.083E-02
  2.0102500E+03  3.587E-03 -7.523E-01  2.244E-02
  2.0107500E+03  1.537E-02 -8.851E-01 -1.548E-02
  2.0112500E+03 -3.690E-02 -8.769E-01  1.741E-01
  2.0117500E+03  1.099E-03 -7.409E-01  4.430E-02
  2.0122500E+03  2.233E-03 -8.412E-01  4.334E-02
  2.0127500E+03  1.925E-02 -8.108E-01 -4.142E-02
  2.0132500E+03  8.771E-03 -6.737E-01  1.275E-03
  2.0137500E+03 -7.338E-03 -7.151E-01  5.695E-02
  2.0142500E+03 -2.212E-02 -8.988E-01  1.384E-01
  2.0147500E+03  1.510E-02 -7.513E-01 -2.790E-02
  2.0152500E+03  1.542E-02 -7.484E-01 -2.548E-02
  2.0157500E+03  1.218E-02 -9.058E-01 -5.847E-03
  2.0162500E+03 -1.500E-04 -8.158E-01  2.908E-02
  2.0167500E+03  9.178E-03 -7.410E-01 -1.351E-02
  2.0172500E+03  5.580E-03 -7.625E-01  3.315E-03
  2.0177500E+03  1.158E-02 -7.922E-01 -2.485E-03
  2.0182500E+03  4.115E-02 -8.132E-01 -1.202E-01
  2.0187500E+03  3.397E-02 -7.739E-01 -9.052E-02
  2.0192500E+03  1.096E-02 -7.258E-01  3.707E-03
  2.0197500E+03  1.244E-02 -8.064E-01 -1.326E-02
  2.0202500E+03  5.176E-03 -7.728E-01  2.571E-02
  2.0207500E+03 -3.523E-03 -7.536E-01  5.557E-02
  2.0212500E+03  3.716E-02 -7.052E-01 -9.880E-02
  2.0217500E+03  2.077E-02 -7.927E-01 -3.926E-02
  2.0222500E+03  2.181E-02 -7.151E-01 -5.008E-02
  2.0227500E+03  1.418E-02 -7.420E-01 -2.214E-02
  2.0232500E+03 -2.116E-02 -7.989E-01  1.216E-01
  2.0237500E+03  1.651E-02 -7.937E-01 -6.613E-03
  2.0242500E+03  2.844E-02 -8.270E-01 -5.707E-02
  2.0247500E+03  6.443E-03 -8.185E-01  2.088E-02
  2.0252500E+03 -1.131E-02 -6.967E-01  5.607E-02
  2.0257500E+03 -1.179E-02 -6.315E-01  7.193E-02
  2.0262500E+03 -2.111E-02 -6.313E-01  9.714E-02
  2.0267500E+03 -1.156E-02 -7.316E-01  4.343E-02
  2.0272500E+03 -1.772E-02 -6.851E-01  1.335E-01
  2.0277500E+03  4.079E-02 -8.271E-01 -1.056E-01
  2.0282500E+03  1.495E-02 -7.264E-01 -1.658E-02
  2.0287500E+03 -1.609E-02 -7.488E-01  9.110E-02
  2.0292500E+03  1.861E-02 -7.955E-01 -2.745E-02
  2.0297500E+03  1.419E-02 -7.747E-01 -1.793E-02
  2.0302500E+03  1.676E-02 -6.867E-01 -3.387E-02
  2.0307500E+03  2.171E-02 -6.271E-01 -6.122E-02
  2.0312500E+03  1.551E-02 -7.366E-01 -1.604E-02
  2.0317500E+03  5.494E-03 -6.289E-01  1.514E-02
  2.0322500E+03  4.442E-02 -7.181E-01 -1.423E-01
  2.0327500E+03  2.399E-02 -6.140E-01 -5.504E-02
  2.0332500E+03 -6.202E-03 -6.567E-01  4.328E-02
  2.0337500E+03 -1.893E-02 -6.056E-01  8.579E-02
  2.0342500E+03 -1.761E-02 -7.119E-01  9.139E-02
  2.0347500E+03  1.350E-03 -7.554E-01  4.739E-02
  2.0352500E+03  1.791E-02 -6.416E-01 -3.345E-02
  2.0357500E+03  4.448E-02 -7.583E-01 -1.117E-01
  2.0362500E+03  2.856E-02 -7.627E-01 -6.425E-02
  2.0367500E+03  2.695E-02 -7.106E-01 -7.402E-02
  2.0372500E+03 -5.142E-03 -5.675E-01  6.026E-02
  2.0377500E+03 -1.388E-02 -5.587E-01  7.482E-02
  2.0382500E+03  1.448E-02 -7.023E-01 -9.435E-03
  2.0387500E+03 -1.308E-02 -7.045E-01  8.282E-02
  2.0392500E+03  1.668E-02 -6.708E-01 -3.572E-02
  2.0397500E+03  2.580E-02 -6.198E-01 -6.759E-02
  2.0402500E+03 -1.690E-04 -6.430E-01  2.997E-02
  2.0407500E+03 -2.525E-03 -6.828E-01  3.903E-02
  2.0412500E+03  8.530E-03 -6.767E-01  8.978E-03
  2.0417500E+03  6.078E-03 -6.272E-01  8.070E-03
  2.0422500E+03  6.224E-03 -6.519E-01 -9.979E-05
  2.0427500E+03 -7.789E-03 -7.457E-01  6.222E-02
  2.0432500E+03  1.525E-02 -6.298E-01 -2.800E-02
  2.0437500E+03  1.035E-02 -7.293E-01 -1.643E-02
  2.0442500E+03  2.768E-03 -6.652E-01  9.391E-03
  2.0447500E+03  2.228E-02 -5.989E-01 -6.166E-02
  2.0452500E+03  1.063E-02 -6.596E-01 -1.407E-02
  2.0457500E+03  1.333E-02 -6.312E-01 -7.249E-03
  2.0462500E+03  1.309E-02 -5.641E-01  5.434E-03
  2.0467500E+03 -1.338E-02 -6.497E-01  9.198E-02
  2.0472500E+03 -2.755E-03 -5.452E-01  7.036E-02
  2.0477500E+03  2.877E-02 -6.872E-01 -8.915E-02
  2.0482500E+03 -1.040E-03 -5.307E-01  1.459E-02
  2.0487500E+03  3.933E-03 -5.745E-01  5.813E-03
  2.0492500E+03 -9.392E-03 -5.311E-01  4.767E-02
  2.0497500E+03 -4.240E-04 -4.591E-01  4.564E-02
  2.0502500E+03  2.500E-02 -5.777E-01 -4.608E-02
  2.0507500E+03  5.882E-03 -5.130E-01  9.870E-03
  2.0512500E+03  8.186E-03 -6.515E-01  1.844E-03
  2.0517500E+03  2.321E-02 -7.012E-01 -5.465E-02
  2.0522500E+03  1.938E-02 -6.896E-01 -3.651E-02
  2.0527500E+03  4.360E-02 -5.231E-01 -9.492E-02
  2.0532500E+03  2.438E-03 -6.120E-01  2.401E-02
  2.0537500E+03  7.295E-03 -6.377E-01  4.304E-03
  2.0542500E+03 -2.347E-03 -6.011E-01  3.611E-02
  2.0547500E+03 -3.315E-03 -5.742E-01  3.182E-02
  2.0552500E+03 -2.712E-02 -5.890E-01  1.068E-01
  2.0557500E+03  2.526E-02 -5.908E-01 -5.405E-02
  2.0562500E+03  3.263E-02 -5.931E-01 -6.562E-02
  2.0567500E+03 -8.336E-03 -5.104E-01  4.513E-02
  2.0572500E+03  3.020E-03 -6.373E-01  1.689E-02
  2.0577500E+03 -3.768E-03 -4.999E-01  3.771E-02
  2.0582500E+03  1.459E-02 -6.206E-01 -1.178E-02
  2.0587500E+03  6.303E-03 -6.131E-01  2.813E-02
  2.0592500E+03  2.607E-02 -5.954E-01 -7.098E-02
  2.0597500E+03  2.107E-02 -5.362E-01 -4.839E-02
  2.0602500E+03  3.126E-02 -5.663E-01 -9.833E-02
  2.0607500E+03  1.447E-02 -4.945E-01 -5.175E-02
  2.0612500E+03  3.749E-02 -5.208E-01 -1.276E-01
  2.0617500E+03  1.299E-02 -6.299E-01 -1.722E-02
  2.0622500E+03 -2.034E-02 -6.167E-01  9.117E-02
  2.0627500E+03 -2.680E-03 -5.589E-01  4.860E-02
  2.0632500E+03 -2.048E-02 -4.828E-01  7.673E-02
  2.0637500E+03 -5.387E-03 -5.082E-01  3.975E-02
  2.0642500E+03 -6.063E-03 -5.989E-01  3.589E-02
  2.0647500E+03  1.658E-02 -4.859E-01 -4.120E-02
  2.0652500E+03  9.866E-03 -4.733E-01  1.217E-02
  2.0657500E+03  1.692E-02 -5.014E-01 -3.154E-02
  2.0662500E+03  5.038E-02 -4.187E-01 -1.754E-01
  2.0667500E+03  2.289E-02 -6.027E-01 -4.876E-02
  2.0672500E+03  1.191E-02 -5.511E-01 -6.803E-03
  2.0677500E+03  4.414E-02 -4.805E-01 -1.390E-01
  2.0682500E+03 -2.864E-02 -5.494E-01  1.090E-01
  2.0687500E+03 -1.467E-02 -5.708E-01  8.713E-02
  2.0692500E+03  6.082E-03 -6.494E-01 -4.451E-03
  2.0697500E+03 -1.027E-03 -4.755E-01  3.964E-02
  2.0702500E+03  7.903E-03 -4.314E-01  7.854E-03
  2.0707500E+03 -7.397E-03 -4.975E-01  4.782E-02
  2.0712500E+03  2.150E-02 -5.903E-01 -6.364E-02
  2.0717500E+03  1.789E-03 -6.265E-01  1.672E-02
  2.0722500E+03  1.846E-02 -5.320E-01 -4.214E-02
  2.0727500E+03  7.173E-03 -4.743E-01 -1.823E-02
  2.0732500E+03  8.815E-03 -5.019E-01 -2.256E-02
  2.0737500E+03  1.749E-03 -5.016E-01  2.471E-02
  2.0742500E+03  2.906E-02 -5.529E-01 -5.997E-02
  2.0747500E+03  4.544E-02 -5.243E-01 -1.502E-01
  2.0752500E+03  2.759E-03 -4.668E-01  1.185E-02
  2.0757500E+03 -2.920E-03 -3.943E-01  3.280E-02
  2.0762500E+03  1.375E-02 -5.615E-01 -2.044E-02
  2.0767500E+03  1.459E-02 -3.598E-01 -2.298E-02
  2.0772500E+03 -7.095E-04 -4.451E-01  3.546E-02
  2.0777500E+03 -1.488E-02 -5.288E-01  8.747E-02
  2.0782500E+03  1.660E-02 -4.602E-01 -3.016E-02
  2.0787500E+03  4.251E-03 -5.313E-01  1.053E-02
  2.0792500E+03  4.015E-03 -5.990E-01  6.134E-03
  2.0797500E+03  6.257E-03 -5.100E-01 -1.112E-02
  2.0802500E+03  1.996E-02 -4.966E-01 -5.971E-02
  2.0807500E+03 -2.291E-02 -3.902E-01  1.240E-01
  2.0812500E+03  1.588E-02 -4.558E-01 -5.124E-02
  2.0817500E+03  1.737E-02 -5.648E-01 -4.347E-02
  2.0822500E+03 -1.092E-02 -4.756E-01  5.113E-02
  2.0827500E+03  1.564E-02 -4.794E-01 -3.672E-02
  2.0832500E+03  4.582E-03 -4.498E-01  1.014E-02
  2.0837500E+03  1.350E-02 -3.859E-01 -2.221E-02
  2.0842500E+03  7.926E-04 -4.905E-01  1.838E-02
  2.0847500E+03  1.755E-02 -4.967E-01 -4.547E-02
  2.0852500E+03  4.398E-02 -5.350E-01 -1.159E-01
  2.0857500E+03  2.759E-02 -4.799E-01 -8.212E-02
  2.0862500E+03  1.731E-02 -4.730E-01 -5.973E-02
  2.0867500E+03 -6.205E-03 -4.041E-01  4.230E-02
  2.0872500E+03 -7.617E-03 -4.837E-01  4.558E-02
  2.0877500E+03 -3.194E-04 -4.642E-01  2.559E-02
  2.0882500E+03  1.352E-02 -4.099E-01 -2.615E-02
  2.0887500E+03  5.644E-03 -4.963E-01 -1.346E-02
  2.0892500E+03 -2.564E-03 -5.746E-01  1.523E-02
  2.0897500E+03  6.028E-03 -4.827E-01 -2.610E-02
  2.0902500E+03  6.126E-03 -4.276E-01  6.445E-03
  2.0907500E+03  7.770E-03 -3.276E-01  1.361E-03
  2.0912500E+03  1.025E-02 -3.486E-01 -1.954E-02
  2.0917500E+03  1.556E-02 -4.841E-01 -3.836E-02
  2.0922500E+03  2.112E-02 -4.461E-01 -5.329E-02
  2.0927500E+03  3.552E-03 -3.774E-01  1.829E-02
  2.0932500E+03  1.186E-02 -4.715E-01 -1.129E-02
  2.0937500E+03 -1.819E-02 -5.059E-01  7.074E-02
  2.0942500E+03  2.092E-02 -4.048E-01 -3.035E-02
  2.0947500E+03 -1.869E-03 -3.104E-01  1.173E-02
  2.0952500E+03 -1.949E-03 -4.186E-01 -4.411E-02
  2.0957500E+03  1.562E-02 -3.547E-01  3.312E-02
  2.0962500E+03 -6.639E-03 -3.758E-01  6.024E-02
  2.0967500E+03 -4.627E-03 -4.574E-01  3.522E-02
  2.0972500E+03 -3.043E-03 -4.582E-01  4.547E-02
  2.0977500E+03 -1.490E-02 -4.586E-01  1.057E-01
  2.0982500E+03 -7.679E-03 -4.325E-01  4.324E-02
  2.0987500E+03  5.359E-03 -4.263E-01  2.657E-03
  2.0992500E+03  1.831E-02 -4.277E-01 -3.773E-02
  2.0997500E+03  2.108E-02 -4.229E-01 -4.357E-02
  2.1002500E+03  2.411E-02 -4.139E-01 -7.459E-02
  2.1007500E+03 -9.851E-03 -3.741E-01  4.610E-02
  2.1012500E+03 -5.637E-03 -4.460E-01  1.908E-02
  2.1017500E+03 -6.069E-03 -3.715E-01  3.883E-02
  2.1022500E+03  1.872E-02 -4.141E-01 -1.166E-02
  2.1027500E+03  1.395E-03 -5.069E-01  3.136E-02
  2.1032500E+03  1.570E-02 -3.528E-01 -3.545E-02
  2.1037500E+03 -4.920E-03 -3.844E-01  3.545E-02
  2.1042500E+03 -1.841E-04 -4.043E-01  3.537E-02
  2.1047500E+03  1.389E-02 -3.257E-01 -2.516E-02
  2.1052500E+03  7.674E-03 -3.781E-01 -9.932E-04
  2.1057500E+03 -1.487E-03 -3.971E-01  2.372E-02
  2.1062500E+03  3.181E-03 -3.907E-01  2.144E-02
  2.1067500E+03  1.177E-02 -4.453E-01 -2.010E-02
  2.1072500E+03  2.528E-04 -4.598E-01  1.459E-02
  2.1077500E+03  6.498E-03 -4.483E-01 -1.843E-02
  2.1082500E+03 -7.852E-03 -4.352E-01  5.120E-02
  2.1087500E+03  6.569E-02 -4.842E-01 -2.271E-01
  2.1092500E+03  1.300E-02 -4.755E-01 -3.914E-02
  2.1097500E+03 -6.005E-03 -4.047E-01  1.816E-02
  2.1102500E+03  1.466E-02 -3.618E-01 -2.601E-02
  2.1107500E+03  3.402E-02 -3.713E-01 -1.060E-01
  2.1112500E+03  6.523E-03 -4.042E-01 -8.713E-03
  2.1117500E+03 -5.218E-03 -3.909E-01  5.182E-02
  2.1122500E+03 -1.670E-02 -3.448E-01  7.370E-02
  2.1127500E+03 -8.329E-04 -4.176E-01  3.680E-02
  2.1132500E+03  2.523E-02 -3.650E-01 -8.113E-02
  2.1137500E+03 -3.585E-03 -3.786E-01  3.695E-02
  2.1142500E+03  8.358E-03 -4.088E-01 -7.943E-03
  2.1147500E+03 -8.856E-03 -3.524E-01  3.911E-02
  2.1152500E+03 -1.221E-02 -3.577E-01  6.944E-02
  2.1157500E+03  9.779E-04 -2.593E-01  7.018E-03
  2.1162500E+03  7.656E-03 -3.385E-01 -1.561E-02
  2.1167500E+03 -3.617E-03 -4.084E-01  2.306E-02
  2.1172500E+03 -4.182E-03 -3.708E-01  1.625E-02
  2.1177500E+03  1.473E-02 -3.959E-01 -4.935E-02
  2.1182500E+03  3.176E-03 -3.081E-01  3.840E-03
  2.1187500E+03  1.029E-02 -4.427E-01 -5.674E-03
  2.1192500E+03 -3.838E-03 -3.057E-01  4.826E-02
  2.1197500E+03  1.522E-02 -2.968E-01 -4.451E-02
  2.1202500E+03  3.503E-02 -3.259E-01 -1.138E-01
  2.1207500E+03  4.161E-03 -3.794E-01  6.833E-03
  2.1212500E+03  1.361E-03 -4.110E-01  1.164E-02
  2.1217500E+03 -7.738E-03 -3.378E-01  4.142E-02
  2.1222500E+03  2.444E-02 -3.527E-01 -7.858E-02
  2.1227500E+03 -3.824E-04 -4.537E-01  2.048E-02
  2.1232500E+03 -3.622E-03 -3.985E-01  4.201E-02
  2.1237500E+03 -1.017E-03 -3.445E-01  5.044E-03
  2.1242500E+03 -2.372E-03 -3.299E-01  1.606E-02
  2.1247500E+03 -5.507E-03 -3.301E-01  3.762E-02
  2.1252500E+03  2.920E-02 -3.144E-01 -9.069E-02
  2.1257500E+03  1.827E-02 -3.776E-01 -4.329E-02
  2.1262500E+03 -2.780E-04 -4.469E-01  2.251E-02
