 -4.0112500E+03 -0.000E+00 -0.000E+00  0.000E+00
 -4.0107500E+03 -0.000E+00 -0.000E+00  0.000E+00
 -4.0102500E+03 -0.000E+00 -0.000E+00  0.000E+00
 -4.0097500E+03 -0.000E+00 -0.000E+00  0.000E+00
 -4.0092500E+03 -0.000E+00 -0.000E+00  0.000E+00
 -4.0087500E+03 -0.000E+00 -0.000E+00  0.000E+00
 -4.0082500E+03 -0.000E+00 -0.000E+00  0.000E+00
 -4.0077500E+03 -0.000E+00 -0.000E+00  0.000E+00
 -4.0072500E+03 -0.000E+00 -0.000E+00  0.000E+00
 -4.0067500E+03 -0.000E+00 -0.000E+00  0.000E+00
 -4.0062500E+03 -0.000E+00 -0.000E+00  0.000E+00
 -4.0057500E+03 -0.000E+00 -0.000E+00  0.000E+00
 -4.0052500E+03 -0.000E+00 -0.000E+00  0.000E+00
 -4.0047500E+03 -0.000E+00 -0.000E+00  0.000E+00
 -4.0042500E+03 -0.000E+00 -0.000E+00  0.000E+00
 -4.0037500E+03 -0.000E+00 -0.000E+00  0.000E+00
 -4.0032500E+03 -0.000E+00 -0.000E+00  0.000E+00
 -4.0027500E+03 -0.000E+00 -0.000E+00  0.000E+00
 -4.0022500E+03 -0.000E+00 -0.000E+00  0.000E+00
 -4.0017500E+03 -0.000E+00 -0.000E+00  0.000E+00
 -4.0012500E+03 -0.000E+00 -0.000E+00  0.000E+00
 -4.0007500E+03 -0.000E+00 -0.000E+00  0.000E+00
 -4.0002500E+03 -0.000E+00 -0.000E+00  0.000E+00
 -3.9997500E+03 -0.000E+00 -0.000E+00  0.000E+00
 -3.9992500E+03 -0.000E+00 -0.000E+00  0.000E+00
 -3.9987500E+03 -0.000E+00 -0.000E+00  0.000E+00
 -3.9982500E+03 -0.000E+00 -0.000E+00  0.000E+00
 -3.9977500E+03 -0.000E+00 -0.000E+00  0.000E+00
 -3.9972500E+03 -0.000E+00 -0.000E+00  0.000E+00
 -3.9967500E+03 -0.000E+00 -0.000E+00  0.000E+00
 -3.9962500E+03 -0.000E+00 -0.000E+00  0.000E+00
 -3.9957500E+03 -0.000E+00 -0.000E+00  0.000E+00
 -3.9952500E+03 -0.000E+00 -0.000E+00  0.000E+00
 -3.9947500E+03 -0.000E+00 -0.000E+00  0.000E+00
 -3.9942500E+03 -0.000E+00 -0.000E+00  0.000E+00
 -3.9937500E+03 -0.000E+00 -0.000E+00  0.000E+00
 -3.9932500E+03 -0.000E+00 -0.000E+00  0.000E+00
 -3.9927500E+03 -0.000E+00 -0.000E+00  0.000E+00
 -3.9922500E+03 -0.000E+00 -0.000E+00  0.000E+00
 -3.9917500E+03 -0.000E+00 -0.000E+00  0.000E+00
 -3.9912500E+03 -0.000E+00 -0.000E+00  0.000E+00
 -3.9907500E+03 -0.000E+00 -0.000E+00  0.000E+00
 -3.9902500E+03 -0.000E+00 -0.000E+00  0.000E+00
 -3.9897500E+03 -0.000E+00 -0.000E+00  0.000E+00
 -3.9892500E+03 -0.000E+00 -0.000E+00  0.000E+00
 -3.9887500E+03 -0.000E+00 -0.000E+00  0.000E+00
 -3.9882500E+03 -0.000E+00 -0.000E+00  0.000E+00
 -3.9877500E+03 -0.000E+00 -0.000E+00  0.000E+00
 -3.9872500E+03 -0.000E+00 -0.000E+00  0.000E+00
 -3.9867500E+03 -0.000E+00 -0.000E+00  0.000E+00
 -3.9862500E+03 -0.000E+00 -0.000E+00  0.000E+00
 -3.9857500E+03 -0.000E+00 -0.000E+00  0.000E+00
 -3.9852500E+03 -0.000E+00 -0.000E+00  0.000E+00
 -3.9847500E+03 -0.000E+00 -0.000E+00  0.000E+00
 -3.9842500E+03 -0.000E+00 -0.000E+00  0.000E+00
 -3.9837500E+03 -0.000E+00 -0.000E+00  0.000E+00
 -3.9832500E+03 -0.000E+00 -0.000E+00  0.000E+00
 -3.9827500E+03 -0.000E+00 -0.000E+00  0.000E+00
 -3.9822500E+03 -0.000E+00 -0.000E+00  0.000E+00
 -3.9817500E+03 -0.000E+00 -0.000E+00  0.000E+00
 -3.9812500E+03 -0.000E+00 -0.000E+00  0.000E+00
 -3.9807500E+03 -0.000E+00 -0.000E+00  0.000E+00
 -3.9802500E+03 -0.000E+00 -0.000E+00  0.000E+00
 -3.9797500E+03 -0.000E+00 -0.000E+00  0.000E+00
 -3.9792500E+03 -0.000E+00 -0.000E+00  0.000E+00
 -3.9787500E+03 -0.000E+00 -0.000E+00  0.000E+00
 -3.9782500E+03 -0.000E+00 -0.000E+00  0.000E+00
 -3.9777500E+03 -0.000E+00 -0.000E+00  0.000E+00
 -3.9772500E+03 -0.000E+00 -0.000E+00  0.000E+00
 -3.9767500E+03 -0.000E+00 -0.000E+00  0.000E+00
 -3.9762500E+03 -0.000E+00 -0.000E+00  0.000E+00
 -3.9757500E+03 -0.000E+00 -0.000E+00  0.000E+00
 -3.9752500E+03 -0.000E+00 -0.000E+00  0.000E+00
 -3.9747500E+03 -0.000E+00 -0.000E+00  0.000E+00
 -3.9742500E+03 -0.000E+00 -0.000E+00  0.000E+00
 -3.9737500E+03 -0.000E+00 -0.000E+00  0.000E+00
 -3.9732500E+03 -0.000E+00 -0.000E+00  0.000E+00
 -3.9727500E+03 -0.000E+00 -0.000E+00  0.000E+00
 -3.9722500E+03 -0.000E+00 -0.000E+00  0.000E+00
 -3.9717500E+03 -0.000E+00 -0.000E+00  0.000E+00
 -3.9712500E+03 -0.000E+00 -0.000E+00  0.000E+00
 -3.9707500E+03 -0.000E+00 -0.000E+00  0.000E+00
 -3.9702500E+03 -0.000E+00 -0.000E+00  0.000E+00
 -3.9697500E+03 -0.000E+00 -0.000E+00  0.000E+00
 -3.9692500E+03 -0.000E+00 -0.000E+00  0.000E+00
 -3.9687500E+03 -0.000E+00 -0.000E+00  0.000E+00
 -3.9682500E+03 -0.000E+00 -0.000E+00  0.000E+00
 -3.9677500E+03 -0.000E+00 -0.000E+00  0.000E+00
 -3.9672500E+03 -0.000E+00 -0.000E+00  0.000E+00
 -3.9667500E+03 -0.000E+00 -0.000E+00  0.000E+00
 -3.9662500E+03 -0.000E+00 -0.000E+00  0.000E+00
 -3.9657500E+03 -0.000E+00 -0.000E+00  0.000E+00
 -3.9652500E+03 -0.000E+00 -0.000E+00  0.000E+00
 -3.9647500E+03 -0.000E+00 -0.000E+00  0.000E+00
 -3.9642500E+03 -0.000E+00 -0.000E+00  0.000E+00
 -3.9637500E+03 -0.000E+00 -0.000E+00  0.000E+00
 -3.9632500E+03 -0.000E+00 -0.000E+00  0.000E+00
 -3.9627500E+03 -0.000E+00 -0.000E+00  0.000E+00
 -3.9622500E+03 -0.000E+00 -0.000E+00  0.000E+00
 -3.9617500E+03 -0.000E+00 -0.000E+00  0.000E+00
 -3.9612500E+03 -0.000E+00 -0.000E+00  0.000E+00
 -3.9607500E+03 -0.000E+00 -0.000E+00  0.000E+00
 -3.9602500E+03 -0.000E+00 -0.000E+00  0.000E+00
 -3.9597500E+03 -0.000E+00 -0.000E+00  0.000E+00
 -3.9592500E+03 -0.000E+00 -0.000E+00  0.000E+00
 -3.9587500E+03 -0.000E+00 -0.000E+00  0.000E+00
 -3.9582500E+03 -0.000E+00 -0.000E+00  0.000E+00
 -3.9577500E+03 -0.000E+00 -0.000E+00  0.000E+00
 -3.9572500E+03 -0.000E+00 -0.000E+00  0.000E+00
 -3.9567500E+03 -0.000E+00 -0.000E+00  0.000E+00
 -3.9562500E+03 -0.000E+00 -0.000E+00  0.000E+00
 -3.9557500E+03 -0.000E+00 -0.000E+00  0.000E+00
 -3.9552500E+03 -0.000E+00 -0.000E+00  0.000E+00
 -3.9547500E+03 -0.000E+00 -0.000E+00  0.000E+00
 -3.9542500E+03 -0.000E+00 -0.000E+00  0.000E+00
 -3.9537500E+03 -0.000E+00 -0.000E+00  0.000E+00
 -3.9532500E+03 -0.000E+00 -0.000E+00  0.000E+00
 -3.9527500E+03 -0.000E+00 -0.000E+00  0.000E+00
 -3.9522500E+03 -0.000E+00 -0.000E+00  0.000E+00
 -3.9517500E+03 -0.000E+00 -0.000E+00  0.000E+00
 -3.9512500E+03 -0.000E+00 -0.000E+00  0.000E+00
 -3.9507500E+03 -0.000E+00 -0.000E+00  0.000E+00
 -3.9502500E+03 -0.000E+00 -0.000E+00  0.000E+00
 -3.9497500E+03 -0.000E+00 -0.000E+00  0.000E+00
 -3.9492500E+03 -0.000E+00 -0.000E+00  0.000E+00
 -3.9487500E+03 -0.000E+00 -0.000E+00  0.000E+00
 -3.9482500E+03 -0.000E+00 -0.000E+00  0.000E+00
 -3.9477500E+03 -0.000E+00 -0.000E+00  0.000E+00
 -3.9472500E+03 -0.000E+00 -0.000E+00  0.000E+00
 -3.9467500E+03 -0.000E+00 -0.000E+00  0.000E+00
 -3.9462500E+03 -0.000E+00 -0.000E+00  0.000E+00
 -3.9457500E+03 -0.000E+00 -0.000E+00  0.000E+00
 -3.9452500E+03 -0.000E+00 -0.000E+00  0.000E+00
 -3.9447500E+03 -0.000E+00 -0.000E+00  0.000E+00
 -3.9442500E+03 -0.000E+00 -0.000E+00  0.000E+00
 -3.9437500E+03 -0.000E+00 -0.000E+00  0.000E+00
 -3.9432500E+03 -0.000E+00 -0.000E+00  0.000E+00
 -3.9427500E+03 -0.000E+00 -0.000E+00  0.000E+00
 -3.9422500E+03 -0.000E+00 -0.000E+00  0.000E+00
 -3.9417500E+03 -0.000E+00 -0.000E+00  0.000E+00
 -3.9412500E+03 -0.000E+00 -0.000E+00  0.000E+00
 -3.9407500E+03 -0.000E+00 -0.000E+00  0.000E+00
 -3.9402500E+03 -0.000E+00 -0.000E+00  0.000E+00
 -3.9397500E+03 -0.000E+00 -0.000E+00  0.000E+00
 -3.9392500E+03 -0.000E+00 -0.000E+00  0.000E+00
 -3.9387500E+03 -0.000E+00 -0.000E+00  0.000E+00
 -3.9382500E+03 -0.000E+00 -0.000E+00  0.000E+00
 -3.9377500E+03 -0.000E+00 -0.000E+00  0.000E+00
 -3.9372500E+03 -0.000E+00 -0.000E+00  0.000E+00
 -3.9367500E+03 -0.000E+00 -0.000E+00  0.000E+00
 -3.9362500E+03 -0.000E+00 -0.000E+00  0.000E+00
 -3.9357500E+03 -0.000E+00 -0.000E+00  0.000E+00
 -3.9352500E+03 -0.000E+00 -0.000E+00  0.000E+00
 -3.9347500E+03 -0.000E+00 -0.000E+00  0.000E+00
 -3.9342500E+03 -0.000E+00 -0.000E+00  0.000E+00
 -3.9337500E+03 -0.000E+00 -0.000E+00  0.000E+00
 -3.9332500E+03 -0.000E+00 -0.000E+00  0.000E+00
 -3.9327500E+03 -0.000E+00 -0.000E+00  0.000E+00
 -3.9322500E+03 -0.000E+00 -0.000E+00  0.000E+00
 -3.9317500E+03 -0.000E+00 -0.000E+00  0.000E+00
 -3.9312500E+03 -0.000E+00 -0.000E+00  0.000E+00
 -3.9307500E+03 -0.000E+00 -0.000E+00  0.000E+00
 -3.9302500E+03 -0.000E+00 -0.000E+00  0.000E+00
 -3.9297500E+03 -0.000E+00 -0.000E+00  0.000E+00
 -3.9292500E+03 -0.000E+00 -0.000E+00  0.000E+00
 -3.9287500E+03 -0.000E+00 -0.000E+00  0.000E+00
 -3.9282500E+03 -0.000E+00 -0.000E+00  0.000E+00
 -3.9277500E+03 -0.000E+00 -0.000E+00  0.000E+00
 -3.9272500E+03 -0.000E+00 -0.000E+00  0.000E+00
 -3.9267500E+03 -0.000E+00 -0.000E+00  0.000E+00
 -3.9262500E+03 -0.000E+00 -0.000E+00  0.000E+00
 -3.9257500E+03 -0.000E+00 -0.000E+00  0.000E+00
 -3.9252500E+03 -0.000E+00 -0.000E+00  0.000E+00
 -3.9247500E+03 -0.000E+00 -0.000E+00  0.000E+00
 -3.9242500E+03 -0.000E+00 -0.000E+00  0.000E+00
 -3.9237500E+03 -0.000E+00 -0.000E+00  0.000E+00
 -3.9232500E+03 -0.000E+00 -0.000E+00  0.000E+00
 -3.9227500E+03 -0.000E+00 -0.000E+00  0.000E+00
 -3.9222500E+03 -0.000E+00 -0.000E+00  0.000E+00
 -3.9217500E+03 -0.000E+00 -0.000E+00  0.000E+00
 -3.9212500E+03 -0.000E+00 -0.000E+00  0.000E+00
 -3.9207500E+03 -0.000E+00 -0.000E+00  0.000E+00
 -3.9202500E+03 -0.000E+00 -0.000E+00  0.000E+00
 -3.9197500E+03 -0.000E+00 -0.000E+00  0.000E+00
 -3.9192500E+03 -0.000E+00 -0.000E+00  0.000E+00
 -3.9187500E+03 -0.000E+00 -0.000E+00  0.000E+00
 -3.9182500E+03 -0.000E+00 -0.000E+00  0.000E+00
 -3.9177500E+03 -0.000E+00 -0.000E+00  0.000E+00
 -3.9172500E+03 -0.000E+00 -0.000E+00  0.000E+00
 -3.9167500E+03 -0.000E+00 -0.000E+00  0.000E+00
 -3.9162500E+03 -0.000E+00 -0.000E+00  0.000E+00
 -3.9157500E+03 -0.000E+00 -0.000E+00  0.000E+00
 -3.9152500E+03 -0.000E+00 -0.000E+00  0.000E+00
 -3.9147500E+03 -0.000E+00 -0.000E+00  0.000E+00
 -3.9142500E+03 -0.000E+00 -0.000E+00  0.000E+00
 -3.9137500E+03 -0.000E+00 -0.000E+00  0.000E+00
 -3.9132500E+03 -0.000E+00 -0.000E+00  0.000E+00
 -3.9127500E+03 -0.000E+00 -0.000E+00  0.000E+00
 -3.9122500E+03 -0.000E+00 -0.000E+00  0.000E+00
 -3.9117500E+03 -0.000E+00 -0.000E+00  0.000E+00
 -3.9112500E+03 -0.000E+00 -0.000E+00  0.000E+00
 -3.9107500E+03 -0.000E+00 -0.000E+00  0.000E+00
 -3.9102500E+03 -0.000E+00 -0.000E+00  0.000E+00
 -3.9097500E+03 -0.000E+00 -0.000E+00  0.000E+00
 -3.9092500E+03 -0.000E+00 -0.000E+00  0.000E+00
 -3.9087500E+03 -0.000E+00 -0.000E+00  0.000E+00
 -3.9082500E+03 -0.000E+00 -0.000E+00  0.000E+00
 -3.9077500E+03 -0.000E+00 -0.000E+00  0.000E+00
 -3.9072500E+03 -0.000E+00 -0.000E+00  0.000E+00
 -3.9067500E+03 -0.000E+00 -0.000E+00  0.000E+00
 -3.9062500E+03 -0.000E+00 -0.000E+00  0.000E+00
 -3.9057500E+03 -0.000E+00 -0.000E+00  0.000E+00
 -3.9052500E+03 -0.000E+00 -0.000E+00  0.000E+00
 -3.9047500E+03 -0.000E+00 -0.000E+00  0.000E+00
 -3.9042500E+03 -0.000E+00 -0.000E+00  0.000E+00
 -3.9037500E+03 -0.000E+00 -0.000E+00  0.000E+00
 -3.9032500E+03 -0.000E+00 -0.000E+00  0.000E+00
 -3.9027500E+03 -0.000E+00 -0.000E+00  0.000E+00
 -3.9022500E+03 -0.000E+00 -0.000E+00  0.000E+00
 -3.9017500E+03 -0.000E+00 -0.000E+00  0.000E+00
 -3.9012500E+03 -0.000E+00 -0.000E+00  0.000E+00
 -3.9007500E+03 -0.000E+00 -0.000E+00  0.000E+00
 -3.9002500E+03 -0.000E+00 -0.000E+00  0.000E+00
 -3.8997500E+03 -0.000E+00 -0.000E+00  0.000E+00
 -3.8992500E+03 -0.000E+00 -0.000E+00  0.000E+00
 -3.8987500E+03 -0.000E+00 -0.000E+00  0.000E+00
 -3.8982500E+03 -0.000E+00 -0.000E+00  0.000E+00
 -3.8977500E+03 -0.000E+00 -0.000E+00  0.000E+00
 -3.8972500E+03 -0.000E+00 -0.000E+00  0.000E+00
 -3.8967500E+03 -0.000E+00 -0.000E+00  0.000E+00
 -3.8962500E+03 -0.000E+00 -0.000E+00  0.000E+00
 -3.8957500E+03 -0.000E+00 -0.000E+00  0.000E+00
 -3.8952500E+03 -0.000E+00 -0.000E+00  0.000E+00
 -3.8947500E+03 -0.000E+00 -0.000E+00  0.000E+00
 -3.8942500E+03 -0.000E+00 -0.000E+00  0.000E+00
 -3.8937500E+03 -0.000E+00 -0.000E+00  0.000E+00
 -3.8932500E+03 -0.000E+00 -0.000E+00  0.000E+00
 -3.8927500E+03 -0.000E+00 -0.000E+00  0.000E+00
 -3.8922500E+03 -0.000E+00 -0.000E+00  0.000E+00
 -3.8917500E+03 -0.000E+00 -0.000E+00  0.000E+00
 -3.8912500E+03 -0.000E+00 -0.000E+00  0.000E+00
 -3.8907500E+03 -0.000E+00 -0.000E+00  0.000E+00
 -3.8902500E+03 -0.000E+00 -0.000E+00  0.000E+00
 -3.8897500E+03 -0.000E+00 -0.000E+00  0.000E+00
 -3.8892500E+03 -0.000E+00 -0.000E+00  0.000E+00
 -3.8887500E+03 -0.000E+00 -0.000E+00  0.000E+00
 -3.8882500E+03 -0.000E+00 -0.000E+00  0.000E+00
 -3.8877500E+03 -0.000E+00 -0.000E+00  0.000E+00
 -3.8872500E+03 -0.000E+00 -0.000E+00  0.000E+00
 -3.8867500E+03 -0.000E+00 -0.000E+00  0.000E+00
 -3.8862500E+03 -0.000E+00 -0.000E+00  0.000E+00
 -3.8857500E+03 -0.000E+00 -0.000E+00  0.000E+00
 -3.8852500E+03 -0.000E+00 -0.000E+00  0.000E+00
 -3.8847500E+03 -0.000E+00 -0.000E+00  0.000E+00
 -3.8842500E+03 -0.000E+00 -0.000E+00  0.000E+00
 -3.8837500E+03 -0.000E+00 -0.000E+00  0.000E+00
 -3.8832500E+03 -0.000E+00 -0.000E+00  0.000E+00
 -3.8827500E+03 -0.000E+00 -0.000E+00  0.000E+00
 -3.8822500E+03 -0.000E+00 -0.000E+00  0.000E+00
 -3.8817500E+03 -0.000E+00 -0.000E+00  0.000E+00
 -3.8812500E+03 -0.000E+00 -0.000E+00  0.000E+00
 -3.8807500E+03 -0.000E+00 -0.000E+00  0.000E+00
 -3.8802500E+03 -0.000E+00 -0.000E+00  0.000E+00
 -3.8797500E+03 -0.000E+00 -0.000E+00  0.000E+00
 -3.8792500E+03 -0.000E+00 -0.000E+00  0.000E+00
 -3.8787500E+03 -0.000E+00 -0.000E+00  0.000E+00
 -3.8782500E+03 -0.000E+00 -0.000E+00  0.000E+00
 -3.8777500E+03 -0.000E+00 -0.000E+00  0.000E+00
 -3.8772500E+03 -0.000E+00 -0.000E+00  0.000E+00
 -3.8767500E+03 -0.000E+00 -0.000E+00  0.000E+00
 -3.8762500E+03 -0.000E+00 -0.000E+00  0.000E+00
 -3.8757500E+03 -0.000E+00 -0.000E+00  0.000E+00
 -3.8752500E+03 -0.000E+00 -0.000E+00  0.000E+00
 -3.8747500E+03 -0.000E+00 -0.000E+00  0.000E+00
 -3.8742500E+03 -0.000E+00 -0.000E+00  0.000E+00
 -3.8737500E+03 -0.000E+00 -0.000E+00  0.000E+00
 -3.8732500E+03 -0.000E+00 -0.000E+00  0.000E+00
 -3.8727500E+03 -0.000E+00 -0.000E+00  0.000E+00
 -3.8722500E+03 -0.000E+00 -0.000E+00  0.000E+00
 -3.8717500E+03 -0.000E+00 -0.000E+00  0.000E+00
 -3.8712500E+03 -0.000E+00 -0.000E+00  0.000E+00
 -3.8707500E+03 -0.000E+00 -0.000E+00  0.000E+00
 -3.8702500E+03 -0.000E+00 -0.000E+00  0.000E+00
 -3.8697500E+03 -0.000E+00 -0.000E+00  0.000E+00
 -3.8692500E+03 -0.000E+00 -0.000E+00  0.000E+00
 -3.8687500E+03 -0.000E+00 -0.000E+00  0.000E+00
 -3.8682500E+03 -0.000E+00 -0.000E+00  0.000E+00
 -3.8677500E+03 -0.000E+00 -0.000E+00  0.000E+00
 -3.8672500E+03 -0.000E+00 -0.000E+00  0.000E+00
 -3.8667500E+03 -0.000E+00 -0.000E+00  0.000E+00
 -3.8662500E+03 -0.000E+00 -0.000E+00  0.000E+00
 -3.8657500E+03 -0.000E+00 -0.000E+00  0.000E+00
 -3.8652500E+03 -0.000E+00 -0.000E+00  0.000E+00
 -3.8647500E+03 -0.000E+00 -0.000E+00  0.000E+00
 -3.8642500E+03 -0.000E+00 -0.000E+00  0.000E+00
 -3.8637500E+03 -0.000E+00 -0.000E+00  0.000E+00
 -3.8632500E+03 -0.000E+00 -0.000E+00  0.000E+00
 -3.8627500E+03 -0.000E+00 -0.000E+00  0.000E+00
 -3.8622500E+03 -0.000E+00 -0.000E+00  0.000E+00
 -3.8617500E+03 -0.000E+00 -0.000E+00  0.000E+00
 -3.8612500E+03 -0.000E+00 -0.000E+00  0.000E+00
 -3.8607500E+03 -0.000E+00 -0.000E+00  0.000E+00
 -3.8602500E+03 -0.000E+00 -0.000E+00  0.000E+00
 -3.8597500E+03 -0.000E+00 -0.000E+00  0.000E+00
 -3.8592500E+03 -0.000E+00 -0.000E+00  0.000E+00
 -3.8587500E+03 -0.000E+00 -0.000E+00  0.000E+00
 -3.8582500E+03 -0.000E+00 -0.000E+00  0.000E+00
 -3.8577500E+03 -0.000E+00 -0.000E+00  0.000E+00
 -3.8572500E+03 -0.000E+00 -0.000E+00  0.000E+00
 -3.8567500E+03 -0.000E+00 -0.000E+00  0.000E+00
 -3.8562500E+03 -0.000E+00 -0.000E+00  0.000E+00
 -3.8557500E+03 -0.000E+00 -0.000E+00  0.000E+00
 -3.8552500E+03 -0.000E+00 -0.000E+00  0.000E+00
 -3.8547500E+03 -0.000E+00 -0.000E+00  0.000E+00
 -3.8542500E+03 -0.000E+00 -0.000E+00  0.000E+00
 -3.8537500E+03 -0.000E+00 -0.000E+00  0.000E+00
 -3.8532500E+03 -0.000E+00 -0.000E+00  0.000E+00
 -3.8527500E+03 -0.000E+00 -0.000E+00  0.000E+00
 -3.8522500E+03 -0.000E+00 -0.000E+00  0.000E+00
 -3.8517500E+03 -0.000E+00 -0.000E+00  0.000E+00
 -3.8512500E+03 -0.000E+00 -0.000E+00  0.000E+00
 -3.8507500E+03 -0.000E+00 -0.000E+00  0.000E+00
 -3.8502500E+03 -0.000E+00 -0.000E+00  0.000E+00
 -3.8497500E+03 -0.000E+00 -0.000E+00  0.000E+00
 -3.8492500E+03 -0.000E+00 -0.000E+00  0.000E+00
 -3.8487500E+03 -0.000E+00 -0.000E+00  0.000E+00
 -3.8482500E+03 -0.000E+00 -0.000E+00  0.000E+00
 -3.8477500E+03 -0.000E+00 -0.000E+00  0.000E+00
 -3.8472500E+03 -0.000E+00 -0.000E+00  0.000E+00
 -3.8467500E+03 -0.000E+00 -0.000E+00  0.000E+00
 -3.8462500E+03 -0.000E+00 -0.000E+00  0.000E+00
 -3.8457500E+03 -0.000E+00 -0.000E+00  0.000E+00
 -3.8452500E+03 -0.000E+00 -0.000E+00  0.000E+00
 -3.8447500E+03 -0.000E+00 -0.000E+00  0.000E+00
 -3.8442500E+03 -0.000E+00 -0.000E+00  0.000E+00
 -3.8437500E+03 -0.000E+00 -0.000E+00  0.000E+00
 -3.8432500E+03 -0.000E+00 -0.000E+00  0.000E+00
 -3.8427500E+03 -0.000E+00 -0.000E+00  0.000E+00
 -3.8422500E+03 -0.000E+00 -0.000E+00  0.000E+00
 -3.8417500E+03 -0.000E+00 -0.000E+00  0.000E+00
 -3.8412500E+03 -0.000E+00 -0.000E+00  0.000E+00
 -3.8407500E+03 -0.000E+00 -0.000E+00  0.000E+00
 -3.8402500E+03 -0.000E+00 -0.000E+00  0.000E+00
 -3.8397500E+03 -0.000E+00 -0.000E+00  0.000E+00
 -3.8392500E+03  1.772E-04 -8.032E-04 -6.978E-04
 -3.8387500E+03  6.944E-05 -3.459E-04 -2.759E-04
 -3.8382500E+03 -2.444E-04  3.245E-03  8.602E-04
 -3.8377500E+03  3.105E-04 -2.190E-04 -1.172E-03
 -3.8372500E+03  5.057E-04 -2.474E-04 -2.078E-03
 -3.8367500E+03 -3.415E-04  6.919E-03  1.525E-03
 -3.8362500E+03 -1.022E-04  2.287E-03  1.590E-03
 -3.8357500E+03 -8.231E-04 -3.605E-03  1.869E-03
 -3.8352500E+03 -2.996E-03 -1.163E-02  7.939E-03
 -3.8347500E+03  2.334E-03  3.800E-03 -6.917E-03
 -3.8342500E+03 -6.848E-04 -2.158E-03  2.080E-03
 -3.8337500E+03 -4.289E-03 -2.535E-02  1.605E-02
 -3.8332500E+03 -1.566E-03  2.130E-02  3.891E-03
 -3.8327500E+03  4.083E-04 -5.905E-03 -1.270E-03
 -3.8322500E+03  2.021E-03  8.878E-05 -6.677E-03
 -3.8317500E+03  3.099E-03  6.370E-03 -1.138E-02
 -3.8312500E+03  3.200E-03  6.933E-03 -1.181E-02
 -3.8307500E+03 -1.943E-03  2.159E-02  6.073E-03
 -3.8302500E+03 -2.946E-03 -9.255E-03  1.119E-02
 -3.8297500E+03  2.286E-03  1.003E-02 -7.667E-03
 -3.8292500E+03  3.814E-05  2.082E-02 -1.602E-03
 -3.8287500E+03  8.096E-04 -1.810E-02 -3.549E-03
 -3.8282500E+03  3.707E-04 -9.235E-03 -1.938E-03
 -3.8277500E+03 -1.477E-03  4.473E-02  3.059E-03
 -3.8272500E+03  1.085E-02  1.000E-01 -4.126E-02
 -3.8267500E+03 -1.435E-02  3.558E-01  3.840E-02
 -3.8262500E+03  5.318E-02  1.814E+00 -2.509E-01
 -3.8257500E+03 -2.822E-01  7.721E+00  7.234E-01
 -3.8252500E+03 -7.863E-01  2.933E+01  1.723E+00
 -3.8247500E+03 -1.564E+00  8.748E+01  2.301E+00
 -3.8242500E+03 -5.066E+00  2.106E+02  9.896E+00
 -3.8237500E+03 -7.995E+00  4.024E+02  1.254E+01
 -3.8232500E+03 -1.084E+01  5.796E+02  1.510E+01
 -3.8227500E+03 -8.304E+00  6.543E+02  2.407E+00
 -3.8222500E+03 -8.142E+00  5.673E+02  4.812E+00
 -3.8217500E+03 -3.232E+00  3.607E+02 -4.322E+00
 -3.8212500E+03 -3.671E-01  1.492E+02 -5.591E+00
 -3.8207500E+03  9.389E-01  8.616E+00 -4.107E+00
 -3.8202500E+03  1.722E+00 -4.492E+01 -4.440E+00
 -3.8197500E+03  3.039E-01 -5.205E+01  9.644E-01
 -3.8192500E+03  3.764E-01 -4.648E+01  4.600E-01
 -3.8187500E+03 -1.792E-01 -3.802E+01  2.055E+00
 -3.8182500E+03  1.283E-01 -3.422E+01  8.143E-01
 -3.8177500E+03  1.054E-01 -3.226E+01  8.105E-01
 -3.8172500E+03  4.338E-01 -2.966E+01 -4.564E-01
 -3.8167500E+03  7.707E-01 -2.889E+01 -1.674E+00
 -3.8162500E+03  8.828E-02 -2.484E+01  5.541E-01
 -3.8157500E+03  5.304E-01 -2.506E+01 -9.555E-01
 -3.8152500E+03  4.521E-01 -2.465E+01 -7.325E-01
 -3.8147500E+03  4.686E-01 -2.387E+01 -8.206E-01
 -3.8142500E+03  3.132E-01 -2.267E+01 -2.952E-01
 -3.8137500E+03 -2.199E-01 -2.034E+01  1.517E+00
 -3.8132500E+03  3.187E-01 -2.262E+01 -3.318E-01
 -3.8127500E+03  5.968E-01 -2.046E+01 -1.404E+00
 -3.8122500E+03  1.338E-01 -1.896E+01  1.811E-01
 -3.8117500E+03  2.253E-01 -1.993E+01 -7.962E-02
 -3.8112500E+03  4.557E-01 -1.978E+01 -9.031E-01
 -3.8107500E+03  4.294E-02 -1.851E+01  5.150E-01
 -3.8102500E+03  5.660E-01 -1.814E+01 -1.357E+00
 -3.8097500E+03  4.443E-01 -1.776E+01 -9.404E-01
 -3.8092500E+03  4.982E-01 -1.816E+01 -1.133E+00
 -3.8087500E+03  2.256E-01 -1.799E+01 -1.446E-01
 -3.8082500E+03  6.789E-02 -1.734E+01  3.711E-01
 -3.8077500E+03  1.536E-01 -1.713E+01  7.883E-02
 -3.8072500E+03  3.925E-01 -1.672E+01 -7.897E-01
 -3.8067500E+03 -6.079E-03 -1.605E+01  6.015E-01
 -3.8062500E+03  1.829E-01 -1.647E+01 -7.820E-02
 -3.8057500E+03  3.507E-01 -1.657E+01 -6.369E-01
 -3.8052500E+03 -2.222E-02 -1.457E+01  6.264E-01
 -3.8047500E+03  9.462E-02 -1.464E+01  1.811E-01
 -3.8042500E+03  1.524E-01 -1.483E+01  2.137E-02
 -3.8037500E+03  3.752E-01 -1.505E+01 -7.952E-01
 -3.8032500E+03  1.658E-01 -1.471E+01 -4.209E-02
 -3.8027500E+03  2.036E-01 -1.544E+01 -1.662E-01
 -3.8022500E+03  3.305E-01 -1.471E+01 -6.303E-01
 -3.8017500E+03  8.586E-02 -1.562E+01  2.812E-01
 -3.8012500E+03  1.099E-02 -1.337E+01  4.354E-01
 -3.8007500E+03  1.241E-01 -1.423E+01  6.908E-02
 -3.8002500E+03  8.444E-02 -1.425E+01  2.148E-01
 -3.7997500E+03  3.548E-01 -1.380E+01 -7.322E-01
 -3.7992500E+03  9.097E-02 -1.395E+01  1.904E-01
 -3.7987500E+03  1.399E-01 -1.378E+01 -1.541E-03
 -3.7982500E+03  4.902E-01 -1.312E+01 -1.265E+00
 -3.7977500E+03  1.169E-01 -1.220E+01  3.218E-02
 -3.7972500E+03 -7.520E-03 -1.244E+01  4.848E-01
 -3.7967500E+03 -1.652E-01 -1.217E+01  1.036E+00
 -3.7962500E+03  1.818E-01 -1.309E+01 -1.645E-01
 -3.7957500E+03  1.521E-01 -1.215E+01 -9.413E-02
 -3.7952500E+03  7.197E-02 -1.263E+01  2.196E-01
 -3.7947500E+03  2.742E-01 -1.330E+01 -4.868E-01
 -3.7942500E+03  1.611E-01 -1.150E+01 -1.565E-01
 -3.7937500E+03  3.984E-01 -1.146E+01 -9.899E-01
 -3.7932500E+03  2.598E-02 -1.113E+01  3.415E-01
 -3.7927500E+03  2.422E-01 -1.176E+01 -4.243E-01
 -3.7922500E+03  1.224E-01 -1.161E+01 -8.277E-03
 -3.7917500E+03  6.780E-03 -1.160E+01  4.059E-01
 -3.7912500E+03  1.001E-01 -1.209E+01  1.273E-01
 -3.7907500E+03  1.404E-01 -1.167E+01 -4.880E-02
 -3.7902500E+03  1.923E-01 -1.083E+01 -2.944E-01
 -3.7897500E+03  6.922E-02 -1.110E+01  1.627E-01
 -3.7892500E+03  2.525E-01 -1.117E+01 -4.778E-01
 -3.7887500E+03  1.802E-01 -1.085E+01 -2.429E-01
 -3.7882500E+03  2.318E-01 -1.094E+01 -3.901E-01
 -3.7877500E+03 -1.240E-01 -1.083E+01  8.379E-01
 -3.7872500E+03 -1.770E-02 -1.040E+01  4.709E-01
 -3.7867500E+03  2.438E-01 -1.081E+01 -4.490E-01
 -3.7862500E+03  2.113E-01 -1.050E+01 -3.446E-01
 -3.7857500E+03  2.236E-01 -1.044E+01 -3.939E-01
 -3.7852500E+03  3.213E-01 -1.058E+01 -7.320E-01
 -3.7847500E+03  1.901E-01 -1.056E+01 -2.650E-01
 -3.7842500E+03  1.062E-01 -1.054E+01  4.333E-02
 -3.7837500E+03  1.397E-01 -9.829E+00 -1.191E-01
 -3.7832500E+03  2.781E-01 -9.945E+00 -5.925E-01
 -3.7827500E+03  3.255E-01 -9.954E+00 -7.786E-01
 -3.7822500E+03  2.443E-02 -9.122E+00  2.588E-01
 -3.7817500E+03  1.772E-01 -8.715E+00 -3.106E-01
 -3.7812500E+03  2.366E-01 -9.276E+00 -4.655E-01
 -3.7807500E+03  1.133E-01 -9.679E+00 -3.012E-02
 -3.7802500E+03 -6.807E-02 -1.042E+01  6.345E-01
 -3.7797500E+03 -3.894E-02 -8.581E+00  4.689E-01
 -3.7792500E+03  1.069E-01 -9.363E+00 -1.218E-02
 -3.7787500E+03  1.778E-01 -9.135E+00 -2.652E-01
 -3.7782500E+03  1.390E-01 -9.550E+00 -1.410E-01
 -3.7777500E+03  1.899E-01 -9.123E+00 -3.160E-01
 -3.7772500E+03  2.301E-01 -9.034E+00 -4.587E-01
 -3.7767500E+03  1.064E-01 -9.092E+00 -3.356E-02
 -3.7762500E+03  2.779E-01 -9.089E+00 -6.301E-01
 -3.7757500E+03  1.318E-01 -8.197E+00 -1.613E-01
 -3.7752500E+03 -9.125E-03 -8.388E+00  3.658E-01
 -3.7747500E+03  1.438E-01 -8.631E+00 -1.635E-01
 -3.7742500E+03  1.732E-01 -8.284E+00 -2.839E-01
 -3.7737500E+03  2.748E-01 -8.643E+00 -6.557E-01
 -3.7732500E+03  6.772E-02 -8.674E+00  9.612E-02
 -3.7727500E+03  1.810E-01 -8.503E+00 -2.887E-01
 -3.7722500E+03  1.561E-01 -8.123E+00 -2.345E-01
 -3.7717500E+03 -3.959E-02 -8.099E+00  4.683E-01
 -3.7712500E+03  7.520E-02 -8.264E+00  5.807E-02
 -3.7707500E+03  1.845E-02 -8.208E+00  2.551E-01
 -3.7702500E+03  1.367E-01 -7.863E+00 -1.967E-01
 -3.7697500E+03  1.245E-01 -7.865E+00 -1.201E-01
 -3.7692500E+03  2.813E-02 -7.873E+00  2.272E-01
 -3.7687500E+03  1.262E-01 -8.031E+00 -1.270E-01
 -3.7682500E+03  2.574E-02 -8.277E+00  2.517E-01
 -3.7677500E+03  4.493E-02 -7.926E+00  1.336E-01
 -3.7672500E+03  1.751E-01 -7.538E+00 -3.331E-01
 -3.7667500E+03  2.034E-01 -8.162E+00 -3.947E-01
 -3.7662500E+03  1.161E-01 -7.681E+00 -1.004E-01
 -3.7657500E+03  1.429E-01 -7.755E+00 -2.111E-01
 -3.7652500E+03  1.015E-01 -7.061E+00 -8.088E-02
 -3.7647500E+03  1.035E-01 -7.729E+00 -5.126E-02
 -3.7642500E+03 -3.377E-02 -7.619E+00  4.266E-01
 -3.7637500E+03  9.087E-02 -6.969E+00 -3.730E-02
 -3.7632500E+03  8.625E-02 -6.849E+00 -2.892E-02
 -3.7627500E+03  1.332E-01 -6.866E+00 -2.107E-01
 -3.7622500E+03  1.515E-01 -7.648E+00 -2.290E-01
 -3.7617500E+03  1.242E-01 -7.555E+00 -1.550E-01
 -3.7612500E+03  4.501E-02 -7.254E+00  1.501E-01
 -3.7607500E+03  1.895E-01 -7.281E+00 -3.818E-01
 -3.7602500E+03  8.603E-02 -6.884E+00 -3.129E-02
 -3.7597500E+03  1.204E-01 -6.830E+00 -1.575E-01
 -3.7592500E+03  2.833E-02 -6.901E+00  1.609E-01
 -3.7587500E+03  1.084E-01 -6.934E+00 -8.198E-02
 -3.7582500E+03  1.217E-01 -6.686E+00 -1.413E-01
 -3.7577500E+03  1.482E-01 -6.344E+00 -2.938E-01
 -3.7572500E+03  5.919E-02 -6.670E+00  5.810E-02
 -3.7567500E+03  7.569E-02 -7.012E+00  5.851E-03
 -3.7562500E+03  1.337E-01 -6.846E+00 -1.993E-01
 -3.7557500E+03  1.622E-01 -6.510E+00 -2.977E-01
 -3.7552500E+03  1.292E-01 -6.642E+00 -1.975E-01
 -3.7547500E+03 -3.121E-02 -6.311E+00  3.753E-01
 -3.7542500E+03 -8.817E-03 -6.941E+00  3.074E-01
 -3.7537500E+03  1.263E-01 -6.162E+00 -1.926E-01
 -3.7532500E+03  1.824E-01 -6.340E+00 -3.890E-01
 -3.7527500E+03  6.788E-03 -6.115E+00  2.283E-01
 -3.7522500E+03  2.446E-02 -6.228E+00  1.600E-01
 -3.7517500E+03  1.492E-01 -6.240E+00 -2.756E-01
 -3.7512500E+03  3.870E-02 -6.161E+00  1.166E-01
 -3.7507500E+03  6.742E-02 -6.135E+00  5.884E-03
 -3.7502500E+03  9.064E-02 -5.776E+00 -8.169E-02
 -3.7497500E+03 -7.265E-03 -6.218E+00  3.021E-01
 -3.7492500E+03  3.631E-02 -5.978E+00  1.175E-01
 -3.7487500E+03  7.719E-02 -6.273E+00 -2.718E-02
 -3.7482500E+03  5.537E-03 -5.926E+00  2.097E-01
 -3.7477500E+03  9.437E-02 -5.680E+00 -1.267E-01
 -3.7472500E+03  1.417E-01 -6.132E+00 -2.579E-01
 -3.7467500E+03  1.234E-01 -5.962E+00 -1.988E-01
 -3.7462500E+03 -5.871E-02 -5.673E+00  4.392E-01
 -3.7457500E+03  2.659E-02 -5.892E+00  1.323E-01
 -3.7452500E+03  7.351E-02 -6.238E+00 -4.644E-03
 -3.7447500E+03  1.840E-01 -5.728E+00 -4.133E-01
 -3.7442500E+03  8.667E-02 -5.177E+00 -9.762E-02
 -3.7437500E+03  1.018E-01 -5.319E+00 -1.449E-01
 -3.7432500E+03  1.315E-01 -5.374E+00 -2.340E-01
 -3.7427500E+03 -8.217E-03 -5.713E+00  2.870E-01
 -3.7422500E+03  1.017E-01 -5.308E+00 -1.457E-01
 -3.7417500E+03  1.089E-01 -5.556E+00 -1.481E-01
 -3.7412500E+03  5.520E-02 -5.563E+00  3.376E-02
 -3.7407500E+03  3.040E-02 -5.708E+00  1.265E-01
 -3.7402500E+03  1.271E-01 -5.568E+00 -2.328E-01
 -3.7397500E+03  1.425E-01 -5.375E+00 -2.835E-01
 -3.7392500E+03  3.013E-02 -5.010E+00  8.761E-02
 -3.7387500E+03  6.315E-02 -5.526E+00 -5.074E-03
 -3.7382500E+03  5.112E-02 -5.094E+00  3.431E-02
 -3.7377500E+03  8.568E-02 -4.848E+00 -1.049E-01
 -3.7372500E+03  9.247E-02 -5.111E+00 -1.114E-01
 -3.7367500E+03  7.626E-02 -5.169E+00 -5.882E-02
 -3.7362500E+03 -5.796E-02 -5.034E+00  4.100E-01
 -3.7357500E+03  5.942E-03 -5.237E+00  2.082E-01
 -3.7352500E+03  1.768E-01 -5.380E+00 -4.030E-01
 -3.7347500E+03  1.133E-01 -4.798E+00 -2.035E-01
 -3.7342500E+03  9.022E-02 -5.084E+00 -1.115E-01
 -3.7337500E+03  1.180E-01 -4.898E+00 -2.018E-01
 -3.7332500E+03  1.318E-01 -4.886E+00 -2.632E-01
 -3.7327500E+03  9.432E-02 -4.883E+00 -1.417E-01
 -3.7322500E+03 -3.085E-04 -4.827E+00  2.016E-01
 -3.7317500E+03  5.662E-02 -4.597E+00  2.973E-03
 -3.7312500E+03  1.946E-02 -4.762E+00  1.346E-01
 -3.7307500E+03  5.622E-02 -5.046E+00 -6.460E-03
 -3.7302500E+03  6.025E-02 -4.542E+00 -2.859E-02
 -3.7297500E+03  7.718E-02 -4.144E+00 -8.161E-02
 -3.7292500E+03  1.215E-01 -5.025E+00 -1.652E-01
 -3.7287500E+03  1.080E-01 -5.019E+00 -1.720E-01
 -3.7282500E+03  5.214E-02 -4.620E+00  2.329E-03
 -3.7277500E+03 -1.776E-02 -4.897E+00  2.703E-01
 -3.7272500E+03  9.609E-02 -4.365E+00 -1.845E-01
 -3.7267500E+03  4.490E-02 -4.797E+00  3.813E-02
 -3.7262500E+03  9.910E-02 -4.612E+00 -1.479E-01
 -3.7257500E+03  1.542E-01 -4.467E+00 -3.524E-01
 -3.7252500E+03  7.184E-02 -4.293E+00 -7.518E-02
 -3.7247500E+03  9.824E-02 -4.316E+00 -1.415E-01
 -3.7242500E+03  4.653E-02 -4.480E+00  2.423E-02
 -3.7237500E+03  8.153E-02 -4.332E+00 -1.170E-01
 -3.7232500E+03  1.035E-01 -4.472E+00 -1.607E-01
 -3.7227500E+03  1.130E-01 -4.376E+00 -2.176E-01
 -3.7222500E+03  5.396E-02 -4.311E+00 -1.368E-02
 -3.7217500E+03  4.340E-02 -4.339E+00  3.277E-02
 -3.7212500E+03  2.076E-02 -4.397E+00  1.070E-01
 -3.7207500E+03  1.404E-01 -4.155E+00 -3.361E-01
 -3.7202500E+03  5.414E-02 -3.912E+00 -3.649E-02
 -3.7197500E+03  5.032E-02 -4.217E+00 -1.449E-03
 -3.7192500E+03  2.989E-02 -4.286E+00  7.320E-02
 -3.7187500E+03  4.874E-02 -4.359E+00 -1.942E-03
 -3.7182500E+03  6.554E-02 -4.118E+00 -5.781E-02
 -3.7177500E+03 -1.733E-02 -3.872E+00  2.395E-01
 -3.7172500E+03  9.829E-02 -4.225E+00 -1.587E-01
 -3.7167500E+03  1.477E-01 -4.204E+00 -3.422E-01
 -3.7162500E+03  1.095E-01 -4.468E+00 -2.141E-01
 -3.7157500E+03  1.839E-02 -4.062E+00  1.187E-01
 -3.7152500E+03  1.832E-02 -3.781E+00  1.051E-01
 -3.7147500E+03  3.943E-02 -3.911E+00  2.996E-02
 -3.7142500E+03  1.205E-01 -4.032E+00 -2.409E-01
 -3.7137500E+03  7.841E-02 -3.996E+00 -1.017E-01
 -3.7132500E+03  3.598E-02 -3.664E+00  4.767E-02
 -3.7127500E+03 -3.285E-02 -3.841E+00  3.000E-01
 -3.7122500E+03  5.598E-02 -3.767E+00 -6.472E-02
 -3.7117500E+03  1.257E-01 -3.797E+00 -2.984E-01
 -3.7112500E+03  5.423E-02 -4.067E+00 -2.357E-02
 -3.7107500E+03  4.431E-02 -3.782E+00  1.666E-03
 -3.7102500E+03  7.132E-02 -3.956E+00 -8.062E-02
 -3.7097500E+03  2.040E-02 -4.075E+00  1.120E-01
 -3.7092500E+03 -6.429E-02 -3.782E+00  3.805E-01
 -3.7087500E+03  5.171E-02 -3.737E+00 -2.895E-02
 -3.7082500E+03  1.134E-01 -3.602E+00 -2.608E-01
 -3.7077500E+03 -2.664E-02 -3.691E+00  2.525E-01
 -3.7072500E+03 -2.929E-02 -3.694E+00  2.612E-01
 -3.7067500E+03  7.560E-02 -3.876E+00 -9.089E-02
 -3.7062500E+03  4.649E-02 -3.440E+00 -1.507E-02
 -3.7057500E+03  1.197E-01 -3.772E+00 -2.674E-01
 -3.7052500E+03  6.152E-02 -3.540E+00 -4.981E-02
 -3.7047500E+03  7.053E-02 -3.650E+00 -9.604E-02
 -3.7042500E+03  9.235E-02 -3.409E+00 -2.166E-01
 -3.7037500E+03  1.019E-01 -3.456E+00 -2.051E-01
 -3.7032500E+03  4.404E-02 -3.494E+00  1.009E-03
 -3.7027500E+03  2.018E-02 -3.620E+00  8.855E-02
 -3.7022500E+03  3.510E-02 -3.338E+00  1.563E-02
 -3.7017500E+03  3.217E-02 -3.563E+00  2.244E-02
 -3.7012500E+03  9.404E-02 -3.460E+00 -1.965E-01
 -3.7007500E+03 -1.813E-02 -3.439E+00  2.073E-01
 -3.7002500E+03 -1.198E-02 -3.355E+00  1.816E-01
 -3.6997500E+03  5.005E-02 -3.350E+00 -2.337E-02
 -3.6992500E+03  1.044E-01 -3.303E+00 -2.295E-01
 -3.6987500E+03  7.335E-02 -3.063E+00 -1.206E-01
 -3.6982500E+03  3.074E-02 -3.356E+00  4.459E-02
 -3.6977500E+03  7.478E-02 -3.279E+00 -1.103E-01
 -3.6972500E+03  5.214E-02 -3.070E+00 -5.549E-02
 -3.6967500E+03  8.080E-02 -3.447E+00 -1.197E-01
 -3.6962500E+03  1.182E-01 -3.571E+00 -2.583E-01
 -3.6957500E+03  2.732E-03 -3.381E+00  1.285E-01
 -3.6952500E+03  7.481E-02 -3.029E+00 -1.281E-01
 -3.6947500E+03  9.305E-02 -3.327E+00 -2.018E-01
 -3.6942500E+03  6.313E-02 -3.187E+00 -9.904E-02
 -3.6937500E+03  7.314E-02 -3.293E+00 -1.161E-01
 -3.6932500E+03  4.616E-02 -3.209E+00 -3.341E-02
 -3.6927500E+03  3.277E-02 -3.264E+00  3.177E-02
 -3.6922500E+03  5.320E-03 -3.265E+00  1.183E-01
 -3.6917500E+03  2.632E-02 -3.070E+00  4.823E-02
 -3.6912500E+03  5.101E-02 -3.130E+00 -5.658E-02
 -3.6907500E+03  3.629E-02 -3.117E+00  1.134E-02
 -3.6902500E+03  2.294E-02 -2.935E+00  3.694E-02
 -3.6897500E+03  5.685E-02 -2.901E+00 -9.235E-02
 -3.6892500E+03  5.193E-02 -2.899E+00 -4.242E-02
 -3.6887500E+03  1.039E-01 -3.181E+00 -2.233E-01
 -3.6882500E+03  9.269E-02 -3.053E+00 -2.024E-01
 -3.6877500E+03  2.948E-02 -2.984E+00  3.147E-02
 -3.6872500E+03 -1.158E-04 -2.690E+00  1.315E-01
 -3.6867500E+03  5.242E-02 -2.984E+00 -2.790E-02
 -3.6862500E+03  8.025E-04 -3.248E+00  1.314E-01
 -3.6857500E+03  4.377E-02 -2.952E+00 -2.430E-02
 -3.6852500E+03  1.346E-01 -2.962E+00 -3.157E-01
 -3.6847500E+03  1.089E-01 -2.749E+00 -2.566E-01
 -3.6842500E+03  5.472E-02 -2.922E+00 -7.795E-02
 -3.6837500E+03 -5.469E-03 -2.779E+00  1.398E-01
 -3.6832500E+03  1.980E-02 -2.843E+00  5.024E-02
 -3.6827500E+03  7.656E-02 -2.830E+00 -1.428E-01
 -3.6822500E+03  4.376E-02 -2.881E+00 -3.449E-02
 -3.6817500E+03  1.219E-02 -2.687E+00  6.323E-02
 -3.6812500E+03  2.295E-02 -2.806E+00  2.495E-02
 -3.6807500E+03  2.248E-02 -2.769E+00  6.139E-02
 -3.6802500E+03  4.333E-02 -2.813E+00 -3.957E-02
 -3.6797500E+03  5.629E-02 -2.644E+00 -9.501E-02
 -3.6792500E+03  1.062E-01 -2.899E+00 -2.315E-01
 -3.6787500E+03  1.087E-01 -2.729E+00 -2.572E-01
 -3.6782500E+03  8.310E-02 -2.799E+00 -1.622E-01
 -3.6777500E+03  5.906E-02 -2.687E+00 -7.998E-02
 -3.6772500E+03 -1.285E-02 -2.528E+00  1.537E-01
 -3.6767500E+03 -3.524E-02 -2.701E+00  2.365E-01
 -3.6762500E+03  5.772E-02 -2.498E+00 -7.512E-02
 -3.6757500E+03  4.486E-02 -2.796E+00 -4.102E-02
 -3.6752500E+03  7.392E-02 -2.533E+00 -1.564E-01
 -3.6747500E+03  3.161E-02 -2.601E+00  1.018E-02
 -3.6742500E+03  8.219E-02 -2.727E+00 -1.389E-01
 -3.6737500E+03  9.904E-02 -2.506E+00 -2.641E-01
 -3.6732500E+03  1.234E-02 -2.537E+00  6.937E-02
 -3.6727500E+03  3.868E-02 -2.378E+00 -4.378E-02
 -3.6722500E+03  6.414E-02 -2.716E+00 -9.537E-02
 -3.6717500E+03  6.246E-02 -2.794E+00 -9.962E-02
 -3.6712500E+03  1.447E-02 -2.634E+00  6.134E-02
 -3.6707500E+03  5.174E-02 -2.299E+00 -6.725E-02
 -3.6702500E+03  5.346E-03 -2.379E+00  9.201E-02
 -3.6697500E+03  9.501E-02 -2.697E+00 -2.223E-01
 -3.6692500E+03  1.536E-02 -2.357E+00  6.097E-02
 -3.6687500E+03 -9.903E-03 -2.439E+00  1.370E-01
 -3.6682500E+03  1.432E-02 -2.558E+00  5.212E-02
 -3.6677500E+03  7.740E-02 -2.250E+00 -1.843E-01
 -3.6672500E+03  2.453E-02 -2.374E+00  9.862E-03
 -3.6667500E+03  1.752E-02 -2.672E+00  3.351E-02
 -3.6662500E+03  2.067E-02 -2.268E+00  3.686E-02
 -3.6657500E+03 -6.202E-02 -2.443E+00  3.069E-01
 -3.6652500E+03  1.297E-03 -2.283E+00  8.604E-02
 -3.6647500E+03 -6.208E-03 -2.536E+00  1.146E-01
 -3.6642500E+03  1.785E-02 -2.478E+00  4.914E-02
 -3.6637500E+03  5.709E-02 -2.493E+00 -7.957E-02
 -3.6632500E+03  7.884E-02 -2.244E+00 -1.843E-01
 -3.6627500E+03  3.786E-02 -2.281E+00 -1.799E-02
 -3.6622500E+03  4.155E-02 -2.261E+00 -3.898E-03
 -3.6617500E+03  1.012E-01 -2.101E+00 -2.518E-01
 -3.6612500E+03  3.037E-02 -2.374E+00 -1.676E-02
 -3.6607500E+03  1.306E-02 -2.175E+00  5.462E-02
 -3.6602500E+03  2.832E-02 -2.048E+00 -7.876E-03
 -3.6597500E+03 -1.274E-02 -2.321E+00  1.465E-01
 -3.6592500E+03  5.535E-02 -2.235E+00 -9.744E-02
 -3.6587500E+03 -4.113E-03 -2.333E+00  1.130E-01
 -3.6582500E+03  4.252E-02 -2.212E+00 -5.280E-02
 -3.6577500E+03  4.695E-02 -2.546E+00 -6.702E-02
 -3.6572500E+03  7.828E-02 -2.486E+00 -1.801E-01
 -3.6567500E+03  4.167E-02 -2.172E+00 -5.548E-02
 -3.6562500E+03  7.020E-02 -2.020E+00 -1.526E-01
 -3.6557500E+03  7.537E-02 -1.889E+00 -1.995E-01
 -3.6552500E+03  3.355E-02 -1.984E+00 -3.753E-02
 -3.6547500E+03  5.365E-03 -2.311E+00  8.174E-02
 -3.6542500E+03  4.662E-02 -2.253E+00 -6.059E-02
 -3.6537500E+03  6.632E-02 -2.043E+00 -1.396E-01
 -3.6532500E+03 -1.231E-02 -2.056E+00  1.303E-01
 -3.6527500E+03 -1.757E-02 -1.972E+00  1.463E-01
 -3.6522500E+03  4.912E-02 -2.120E+00 -7.910E-02
 -3.6517500E+03  8.886E-02 -2.048E+00 -2.132E-01
 -3.6512500E+03 -1.149E-02 -2.140E+00  1.330E-01
 -3.6507500E+03  5.593E-02 -1.891E+00 -1.159E-01
 -3.6502500E+03  5.745E-02 -2.145E+00 -1.249E-01
 -3.6497500E+03  3.575E-02 -2.032E+00 -2.497E-02
 -3.6492500E+03  6.188E-02 -1.866E+00 -1.450E-01
 -3.6487500E+03  1.255E-02 -2.067E+00  4.576E-02
 -3.6482500E+03  4.506E-03 -2.227E+00  7.200E-02
 -3.6477500E+03 -8.146E-03 -2.056E+00  1.044E-01
 -3.6472500E+03  8.313E-02 -2.113E+00 -1.776E-01
 -3.6467500E+03  8.846E-02 -1.937E+00 -1.923E-01
 -3.6462500E+03  9.995E-03 -1.926E+00  6.191E-02
 -3.6457500E+03 -1.064E-02 -1.942E+00  1.017E-01
 -3.6452500E+03  8.167E-03 -2.047E+00  5.786E-02
 -3.6447500E+03  5.564E-02 -2.027E+00 -1.130E-01
 -3.6442500E+03  1.408E-02 -1.879E+00  2.830E-02
 -3.6437500E+03 -5.366E-03 -1.763E+00  7.327E-02
 -3.6432500E+03  9.018E-03 -1.859E+00  6.589E-02
 -3.6427500E+03  3.794E-02 -1.794E+00 -2.606E-02
 -3.6422500E+03  7.858E-02 -1.945E+00 -1.886E-01
 -3.6417500E+03  6.305E-02 -1.983E+00 -1.391E-01
 -3.6412500E+03  4.507E-02 -1.987E+00 -7.909E-02
 -3.6407500E+03  5.056E-03 -1.829E+00  4.007E-02
 -3.6402500E+03  5.350E-02 -1.717E+00 -1.210E-01
 -3.6397500E+03 -2.471E-02 -1.908E+00  1.847E-01
 -3.6392500E+03  2.056E-03 -1.994E+00  8.027E-02
 -3.6387500E+03  5.111E-02 -1.836E+00 -9.482E-02
 -3.6382500E+03 -1.473E-02 -1.881E+00  1.215E-01
 -3.6377500E+03 -9.090E-03 -1.802E+00  1.045E-01
 -3.6372500E+03  6.028E-02 -1.878E+00 -1.198E-01
 -3.6367500E+03  8.020E-02 -1.841E+00 -2.025E-01
 -3.6362500E+03  1.610E-02 -1.974E+00  3.974E-02
 -3.6357500E+03  1.548E-02 -1.712E+00  3.373E-02
 -3.6352500E+03 -6.663E-03 -1.953E+00  1.149E-01
 -3.6347500E+03  1.811E-02 -1.871E+00  1.985E-02
 -3.6342500E+03  1.876E-02 -1.764E+00  1.313E-02
 -3.6337500E+03  4.925E-02 -1.629E+00 -9.501E-02
 -3.6332500E+03  3.614E-02 -1.653E+00 -5.413E-02
 -3.6327500E+03  2.694E-02 -1.640E+00 -1.913E-02
 -3.6322500E+03  2.068E-02 -1.830E+00  2.884E-02
 -3.6317500E+03  2.219E-02 -1.646E+00 -2.970E-03
 -3.6312500E+03  2.440E-02 -1.492E+00 -1.680E-02
 -3.6307500E+03  1.378E-02 -1.782E+00  2.936E-02
 -3.6302500E+03  2.430E-02 -1.706E+00 -4.452E-03
 -3.6297500E+03 -2.113E-02 -1.649E+00  1.416E-01
 -3.6292500E+03  4.312E-02 -1.668E+00 -6.682E-02
 -3.6287500E+03  1.302E-02 -1.439E+00  3.185E-02
 -3.6282500E+03  2.737E-02 -1.795E+00 -1.418E-02
 -3.6277500E+03  4.662E-02 -1.828E+00 -8.900E-02
 -3.6272500E+03  7.196E-02 -1.718E+00 -1.798E-01
 -3.6267500E+03 -3.415E-03 -1.561E+00  7.757E-02
 -3.6262500E+03  1.627E-02 -1.574E+00  1.082E-02
 -3.6257500E+03  9.271E-02 -1.612E+00 -2.684E-01
 -3.6252500E+03  6.557E-02 -1.636E+00 -1.579E-01
 -3.6247500E+03  3.981E-02 -1.568E+00 -6.305E-02
 -3.6242500E+03  4.691E-02 -1.507E+00 -9.985E-02
 -3.6237500E+03  2.550E-02 -1.824E+00 -4.649E-03
 -3.6232500E+03  4.363E-02 -1.660E+00 -7.755E-02
 -3.6227500E+03  5.996E-02 -1.534E+00 -1.402E-01
 -3.6222500E+03  5.754E-02 -1.588E+00 -1.308E-01
 -3.6217500E+03  1.110E-03 -1.703E+00  8.005E-02
 -3.6212500E+03  1.842E-02 -1.497E+00  5.448E-03
 -3.6207500E+03  7.016E-03 -1.422E+00  3.785E-02
 -3.6202500E+03  8.085E-03 -1.553E+00  5.241E-02
 -3.6197500E+03 -2.183E-02 -1.437E+00  1.510E-01
 -3.6192500E+03  2.324E-02 -1.577E+00 -2.162E-02
 -3.6187500E+03  4.789E-02 -1.452E+00 -8.602E-02
 -3.6182500E+03  8.330E-02 -1.278E+00 -2.375E-01
 -3.6177500E+03  1.753E-02 -1.415E+00 -4.099E-03
 -3.6172500E+03  5.057E-02 -1.352E+00 -1.375E-01
 -3.6167500E+03  3.135E-02 -1.533E+00 -6.491E-02
 -3.6162500E+03  4.466E-02 -1.513E+00 -8.129E-02
 -3.6157500E+03 -1.141E-02 -1.642E+00  1.252E-01
 -3.6152500E+03  8.890E-03 -1.668E+00  2.495E-02
 -3.6147500E+03  2.676E-02 -1.542E+00 -2.166E-02
 -3.6142500E+03  1.151E-02 -1.548E+00  2.034E-02
 -3.6137500E+03  3.859E-02 -1.504E+00 -8.799E-02
 -3.6132500E+03  5.669E-02 -1.377E+00 -1.351E-01
 -3.6127500E+03 -2.322E-02 -1.507E+00  1.412E-01
 -3.6122500E+03  5.336E-03 -1.362E+00  3.639E-02
 -3.6117500E+03  2.444E-02 -1.454E+00  2.858E-03
 -3.6112500E+03  2.406E-02 -1.414E+00 -5.165E-03
 -3.6107500E+03  9.186E-02 -1.488E+00 -2.548E-01
 -3.6102500E+03  8.498E-02 -1.495E+00 -2.339E-01
 -3.6097500E+03  3.042E-02 -1.384E+00 -7.015E-02
 -3.6092500E+03  5.884E-03 -1.466E+00  6.316E-02
 -3.6087500E+03  1.830E-03 -1.464E+00  6.918E-02
 -3.6082500E+03  7.201E-02 -1.528E+00 -1.641E-01
 -3.6077500E+03 -1.304E-02 -1.124E+00  9.752E-02
 -3.6072500E+03 -1.670E-02 -1.338E+00  1.318E-01
 -3.6067500E+03 -1.338E-02 -1.368E+00  1.066E-01
 -3.6062500E+03  5.195E-02 -1.614E+00 -1.030E-01
 -3.6057500E+03  2.998E-02 -1.586E+00 -3.363E-02
 -3.6052500E+03 -9.980E-04 -1.306E+00  5.141E-02
 -3.6047500E+03 -3.463E-03 -1.388E+00  7.190E-02
 -3.6042500E+03 -2.048E-02 -1.428E+00  1.439E-01
 -3.6037500E+03  2.358E-02 -1.264E+00 -1.402E-02
 -3.6032500E+03  6.204E-02 -1.323E+00 -1.683E-01
 -3.6027500E+03  3.323E-02 -1.430E+00 -3.718E-02
 -3.6022500E+03  3.820E-02 -1.231E+00 -6.526E-02
 -3.6017500E+03  6.332E-03 -1.255E+00  2.691E-02
 -3.6012500E+03  5.555E-02 -1.431E+00 -1.379E-01
 -3.6007500E+03  3.990E-02 -1.340E+00 -8.287E-02
 -3.6002500E+03 -2.887E-02 -1.220E+00  1.445E-01
 -3.5997500E+03  4.733E-02 -1.278E+00 -1.002E-01
 -3.5992500E+03  2.756E-02 -1.288E+00 -3.034E-02
 -3.5987500E+03  2.292E-02 -1.226E+00 -2.647E-02
 -3.5982500E+03  1.171E-03 -1.137E+00  6.290E-02
 -3.5977500E+03  7.592E-03 -1.157E+00  2.521E-02
 -3.5972500E+03  1.964E-04 -1.236E+00  5.122E-02
 -3.5967500E+03 -7.239E-03 -1.328E+00  7.846E-02
 -3.5962500E+03  3.791E-02 -1.285E+00 -7.522E-02
 -3.5957500E+03  4.219E-02 -1.338E+00 -8.748E-02
 -3.5952500E+03 -1.216E-02 -1.275E+00  9.882E-02
 -3.5947500E+03  1.838E-02 -1.346E+00 -1.014E-02
 -3.5942500E+03  5.767E-02 -1.396E+00 -1.466E-01
 -3.5937500E+03  3.498E-03 -1.335E+00  3.562E-02
 -3.5932500E+03  3.223E-03 -1.263E+00  5.929E-02
 -3.5927500E+03  4.315E-02 -1.183E+00 -9.085E-02
 -3.5922500E+03  4.541E-02 -9.612E-01 -1.167E-01
 -3.5917500E+03  6.650E-02 -1.241E+00 -1.823E-01
 -3.5912500E+03  5.033E-02 -1.144E+00 -1.216E-01
 -3.5907500E+03  7.009E-03 -1.211E+00  4.167E-02
 -3.5902500E+03  1.910E-02 -1.157E+00 -1.393E-02
 -3.5897500E+03  1.226E-02 -1.113E+00  7.163E-03
 -3.5892500E+03  2.135E-02 -1.018E+00 -2.065E-02
 -3.5887500E+03  2.920E-02 -1.284E+00 -2.801E-02
 -3.5882500E+03 -6.557E-04 -1.189E+00  5.879E-02
 -3.5877500E+03  4.775E-02 -1.228E+00 -1.152E-01
 -3.5872500E+03  2.778E-02 -1.327E+00 -4.265E-02
 -3.5867500E+03  2.842E-02 -1.108E+00 -5.473E-02
 -3.5862500E+03 -2.404E-03 -1.146E+00  5.622E-02
 -3.5857500E+03 -1.484E-02 -1.103E+00  1.127E-01
 -3.5852500E+03  1.314E-02 -1.160E+00  6.382E-03
 -3.5847500E+03  1.206E-02 -1.225E+00  3.875E-03
 -3.5842500E+03 -1.155E-03 -1.063E+00  4.648E-02
 -3.5837500E+03  7.980E-03 -1.088E+00  2.948E-02
 -3.5832500E+03 -1.541E-02 -1.057E+00  9.836E-02
 -3.5827500E+03  3.772E-02 -1.135E+00 -8.752E-02
 -3.5822500E+03  2.215E-02 -1.177E+00 -2.228E-02
 -3.5817500E+03  4.048E-02 -1.125E+00 -8.273E-02
 -3.5812500E+03 -1.650E-02 -1.277E+00  1.214E-01
 -3.5807500E+03 -3.194E-02 -1.202E+00  1.601E-01
 -3.5802500E+03  1.356E-02 -1.048E+00  6.533E-03
 -3.5797500E+03  4.922E-02 -1.131E+00 -1.131E-01
 -3.5792500E+03  5.752E-02 -1.045E+00 -1.645E-01
 -3.5787500E+03  2.353E-02 -1.101E+00 -3.888E-02
 -3.5782500E+03  4.775E-02 -1.097E+00 -1.200E-01
 -3.5777500E+03 -5.493E-03 -1.194E+00  7.207E-02
 -3.5772500E+03 -3.644E-02 -1.115E+00  1.725E-01
 -3.5767500E+03  3.915E-02 -1.154E+00 -8.205E-02
 -3.5762500E+03  3.304E-02 -1.014E+00 -7.208E-02
 -3.5757500E+03  5.549E-02 -9.437E-01 -1.433E-01
 -3.5752500E+03  1.590E-02 -1.138E+00 -1.141E-02
 -3.5747500E+03 -1.460E-02 -9.594E-01  9.918E-02
 -3.5742500E+03  3.448E-02 -9.969E-01 -7.382E-02
 -3.5737500E+03 -2.090E-03 -1.056E+00  6.442E-02
 -3.5732500E+03  2.996E-02 -1.020E+00 -4.572E-02
 -3.5727500E+03 -1.521E-04 -1.018E+00  4.792E-02
 -3.5722500E+03  2.064E-02 -9.291E-01 -3.599E-02
 -3.5717500E+03  3.436E-02 -1.043E+00 -5.904E-02
 -3.5712500E+03  3.351E-02 -9.672E-01 -7.113E-02
 -3.5707500E+03  3.015E-02 -1.072E+00 -6.610E-02
 -3.5702500E+03  1.885E-02 -1.030E+00 -1.232E-02
 -3.5697500E+03  2.143E-02 -1.136E+00 -2.333E-02
 -3.5692500E+03 -3.277E-04 -1.107E+00  5.643E-02
 -3.5687500E+03  2.968E-02 -1.043E+00 -4.541E-02
 -3.5682500E+03  2.876E-02 -1.016E+00 -4.572E-02
 -3.5677500E+03  3.266E-02 -9.873E-01 -5.670E-02
 -3.5672500E+03  1.609E-02 -9.679E-01  9.215E-02
 -3.5667500E+03  1.448E-02 -8.371E-01  1.155E-02
 -3.5662500E+03  6.201E-03 -9.540E-01 -2.858E-03
 -3.5657500E+03  3.485E-02 -1.003E+00 -7.909E-02
 -3.5652500E+03 -5.181E-03 -1.050E+00  1.098E-02
 -3.5647500E+03  3.927E-02 -9.692E-01 -1.041E-01
 -3.5642500E+03  3.934E-02 -9.608E-01 -9.296E-02
 -3.5637500E+03  8.263E-03 -9.170E-01  5.032E-03
 -3.5632500E+03  1.226E-02 -9.832E-01  2.405E-03
 -3.5627500E+03 -2.762E-02 -8.801E-01  1.474E-01
 -3.5622500E+03 -1.001E-02 -8.745E-01  9.264E-02
 -3.5617500E+03 -2.708E-03 -8.341E-01  4.549E-02
 -3.5612500E+03  1.450E-02 -9.195E-01 -9.719E-03
 -3.5607500E+03  1.759E-02 -9.173E-01 -3.026E-02
 -3.5602500E+03 -2.647E-03 -9.565E-01  5.069E-02
 -3.5597500E+03  1.699E-02 -9.295E-01 -1.558E-02
 -3.5592500E+03  4.176E-02 -9.235E-01 -9.154E-02
 -3.5587500E+03  3.206E-02 -9.521E-01 -6.904E-02
 -3.5582500E+03  1.280E-02 -7.878E-01 -9.881E-03
 -3.5577500E+03 -1.514E-03 -7.091E-01  4.262E-02
 -3.5572500E+03  3.237E-02 -9.742E-01 -6.242E-02
 -3.5567500E+03  2.618E-02 -9.348E-01 -3.781E-02
 -3.5562500E+03  3.941E-02 -9.490E-01 -7.012E-02
 -3.5557500E+03  1.317E-02 -8.631E-01 -3.068E-02
 -3.5552500E+03 -8.773E-03 -9.609E-01  7.923E-02
 -3.5547500E+03  2.459E-02 -7.800E-01 -6.084E-02
 -3.5542500E+03  2.423E-02 -9.851E-01 -5.026E-02
 -3.5537500E+03  2.631E-02 -9.714E-01 -4.204E-02
 -3.5532500E+03  2.038E-04 -8.901E-01  5.075E-02
 -3.5527500E+03  4.812E-02 -7.529E-01 -1.247E-01
 -3.5522500E+03  8.684E-03 -7.077E-01 -1.696E-02
 -3.5517500E+03 -7.834E-03 -7.788E-01  4.500E-02
 -3.5512500E+03 -7.585E-04 -9.077E-01  3.699E-02
 -3.5507500E+03  3.267E-02 -9.632E-01 -6.865E-02
 -3.5502500E+03  3.175E-02 -8.989E-01 -6.369E-02
 -3.5497500E+03  2.920E-02 -7.957E-01 -3.813E-02
 -3.5492500E+03  2.803E-02 -9.066E-01 -5.105E-02
 -3.5487500E+03  1.119E-02 -8.690E-01 -9.461E-03
 -3.5482500E+03 -2.642E-02 -8.799E-01  1.323E-01
 -3.5477500E+03  1.947E-02 -8.803E-01 -2.094E-02
 -3.5472500E+03  1.139E-02 -8.715E-01  3.026E-03
 -3.5467500E+03  2.727E-02 -8.283E-01 -5.854E-02
 -3.5462500E+03  4.879E-02 -9.407E-01 -1.301E-01
 -3.5457500E+03  4.110E-02 -9.244E-01 -1.090E-01
 -3.5452500E+03  4.623E-03 -8.049E-01  3.239E-03
 -3.5447500E+03  2.120E-02 -6.848E-01 -4.258E-02
 -3.5442500E+03  1.082E-02 -8.046E-01 -8.677E-03
 -3.5437500E+03 -1.225E-02 -8.215E-01  8.278E-02
 -3.5432500E+03 -1.202E-02 -7.545E-01  8.033E-02
 -3.5427500E+03  8.916E-03 -8.153E-01  2.562E-02
 -3.5422500E+03  2.469E-02 -8.175E-01 -4.551E-02
 -3.5417500E+03  5.391E-02 -8.369E-01 -1.523E-01
 -3.5412500E+03  4.804E-02 -7.920E-01 -1.313E-01
 -3.5407500E+03  4.232E-02 -6.283E-01 -9.566E-02
 -3.5402500E+03  3.195E-02 -7.578E-01 -6.862E-02
 -3.5397500E+03 -2.148E-02 -8.534E-01  1.114E-01
 -3.5392500E+03  8.641E-03 -8.048E-01  2.120E-02
 -3.5387500E+03  2.896E-02 -6.667E-01 -8.629E-02
 -3.5382500E+03  2.032E-02 -8.222E-01 -5.208E-02
 -3.5377500E+03  2.463E-03 -7.808E-01  2.852E-02
 -3.5372500E+03  2.950E-02 -8.250E-01 -4.124E-02
 -3.5367500E+03  1.195E-03 -8.407E-01  3.837E-02
 -3.5362500E+03  1.353E-02 -7.367E-01 -3.012E-02
 -3.5357500E+03 -1.269E-02 -7.897E-01  7.883E-02
 -3.5352500E+03  2.573E-02 -8.305E-01 -6.067E-02
 -3.5347500E+03 -1.084E-02 -7.807E-01  5.564E-02
 -3.5342500E+03  2.753E-02 -8.412E-01 -6.335E-02
 -3.5337500E+03  3.524E-02 -6.265E-01 -7.021E-02
 -3.5332500E+03  1.785E-02 -7.572E-01 -2.414E-02
 -3.5327500E+03  1.469E-02 -7.541E-01 -2.771E-02
 -3.5322500E+03  2.590E-02 -8.014E-01 -5.738E-02
 -3.5317500E+03  1.328E-02 -7.650E-01  1.276E-02
 -3.5312500E+03 -5.231E-03 -7.222E-01  4.384E-02
 -3.5307500E+03  7.977E-03 -7.565E-01 -2.050E-03
 -3.5302500E+03  1.929E-02 -6.747E-01 -7.777E-03
 -3.5297500E+03  3.710E-02 -6.206E-01 -9.275E-02
 -3.5292500E+03  7.709E-03 -8.538E-01  1.873E-02
 -3.5287500E+03 -3.339E-02 -7.991E-01  1.214E-01
 -3.5282500E+03 -2.970E-02 -7.482E-01  1.440E-01
 -3.5277500E+03  3.586E-02 -6.791E-01 -9.340E-02
 -3.5272500E+03  2.160E-02 -7.614E-01 -4.411E-02
 -3.5267500E+03 -6.373E-04 -7.829E-01  2.464E-02
 -3.5262500E+03  6.739E-03 -7.372E-01  2.545E-02
 -3.5257500E+03  8.894E-03 -7.969E-01  1.515E-02
 -3.5252500E+03  2.116E-02 -6.911E-01 -4.637E-02
 -3.5247500E+03  1.166E-03 -7.166E-01  2.540E-02
 -3.5242500E+03  9.714E-03 -6.924E-01 -4.310E-03
 -3.5237500E+03  1.690E-02 -6.733E-01 -1.778E-02
 -3.5232500E+03 -2.499E-03 -7.005E-01  3.309E-02
 -3.5227500E+03  4.765E-02 -6.209E-01 -1.607E-01
 -3.5222500E+03  8.685E-03 -7.289E-01  1.594E-02
 -3.5217500E+03  2.494E-02 -7.303E-01 -2.774E-02
 -3.5212500E+03  1.572E-02 -5.396E-01 -4.040E-02
 -3.5207500E+03 -1.232E-02 -5.448E-01  7.794E-02
 -3.5202500E+03 -2.483E-02 -7.215E-01  1.209E-01
 -3.5197500E+03 -8.016E-03 -6.607E-01  6.344E-02
 -3.5192500E+03 -9.885E-03 -6.415E-01  4.805E-02
 -3.5187500E+03 -1.108E-02 -7.170E-01  7.181E-02
 -3.5182500E+03 -3.848E-03 -7.286E-01  5.220E-02
 -3.5177500E+03  1.789E-02 -8.151E-01 -2.350E-02
 -3.5172500E+03  2.586E-02 -7.181E-01 -5.590E-02
 -3.5167500E+03  1.924E-02 -6.149E-01 -7.580E-02
 -3.5162500E+03  2.641E-02 -6.066E-01 -5.500E-02
 -3.5157500E+03  6.705E-02 -6.839E-01 -1.761E-01
 -3.5152500E+03  4.179E-02 -7.391E-01 -9.787E-02
 -3.5147500E+03  2.608E-02 -6.375E-01 -5.817E-02
 -3.5142500E+03  8.846E-03 -5.241E-01 -1.412E-02
 -3.5137500E+03  3.828E-02 -5.815E-01 -8.964E-02
 -3.5132500E+03  1.373E-02 -6.695E-01 -2.226E-02
 -3.5127500E+03  9.971E-03 -6.256E-01 -1.752E-02
 -3.5122500E+03 -8.351E-03 -6.541E-01  5.217E-02
 -3.5117500E+03  1.775E-03 -5.388E-01  4.491E-02
 -3.5112500E+03  6.251E-03 -6.517E-01  1.230E-02
 -3.5107500E+03  3.868E-02 -7.031E-01 -1.052E-01
 -3.5102500E+03  1.642E-02 -6.717E-01 -2.631E-02
 -3.5097500E+03  4.838E-03 -5.966E-01  1.968E-02
 -3.5092500E+03 -2.925E-03 -4.705E-01  1.465E-02
 -3.5087500E+03  4.249E-03 -5.791E-01  1.917E-02
 -3.5082500E+03  1.764E-02 -6.204E-01 -3.698E-02
 -3.5077500E+03 -1.145E-03 -6.013E-01 -3.136E-02
 -3.5072500E+03  4.598E-02 -6.425E-01 -1.430E-01
 -3.5067500E+03 -2.193E-02 -5.980E-01  1.176E-01
 -3.5062500E+03 -2.353E-02 -6.615E-01  1.179E-01
 -3.5057500E+03  3.223E-02 -6.161E-01 -9.244E-02
 -3.5052500E+03  5.706E-02 -6.238E-01 -1.632E-01
 -3.5047500E+03  5.091E-03 -5.834E-01  2.438E-02
 -3.5042500E+03  1.372E-02 -5.788E-01 -1.561E-02
 -3.5037500E+03  2.806E-02 -6.133E-01 -4.393E-02
 -3.5032500E+03  1.581E-02 -6.063E-01 -1.307E-02
 -3.5027500E+03 -5.225E-03 -5.706E-01  3.881E-02
 -3.5022500E+03  2.417E-02 -5.844E-01 -4.303E-02
 -3.5017500E+03  1.105E-02 -5.184E-01 -6.686E-03
 -3.5012500E+03 -7.911E-03 -5.129E-01  4.967E-02
 -3.5007500E+03  4.128E-03 -6.459E-01  8.384E-03
 -3.5002500E+03  9.477E-03 -6.290E-01 -3.445E-03
 -3.4997500E+03  1.635E-02 -6.617E-01 -6.212E-03
 -3.4992500E+03  9.229E-03 -6.207E-01 -2.680E-03
 -3.4987500E+03 -1.146E-02 -6.670E-01  7.042E-02
 -3.4982500E+03  2.172E-02 -6.695E-01 -5.778E-02
 -3.4977500E+03  2.556E-02 -5.891E-01 -5.227E-02
 -3.4972500E+03  9.163E-04 -5.198E-01  1.258E-02
 -3.4967500E+03  1.611E-02 -5.694E-01 -3.969E-02
 -3.4962500E+03  3.716E-03 -4.920E-01  1.942E-02
 -3.4957500E+03 -1.626E-02 -4.621E-01  8.188E-02
 -3.4952500E+03 -1.228E-03 -5.712E-01  3.829E-03
 -3.4947500E+03  2.194E-02 -5.643E-01 -7.215E-02
 -3.4942500E+03  6.105E-03 -6.161E-01  1.228E-03
 -3.4937500E+03  2.474E-02 -5.690E-01 -7.010E-02
 -3.4932500E+03  1.663E-02 -5.924E-01 -2.692E-02
 -3.4927500E+03  4.219E-02 -6.114E-01 -1.121E-01
 -3.4922500E+03 -1.086E-02 -6.114E-01  5.759E-02
 -3.4917500E+03  2.193E-02 -5.971E-01 -5.167E-02
 -3.4912500E+03  1.113E-02 -5.298E-01 -1.667E-02
 -3.4907500E+03 -4.437E-03 -4.998E-01  3.460E-02
 -3.4902500E+03  2.056E-02 -5.393E-01 -4.089E-02
 -3.4897500E+03  3.178E-02 -6.577E-01 -6.571E-02
 -3.4892500E+03 -1.020E-02 -6.241E-01  6.725E-02
 -3.4887500E+03  3.404E-03 -4.144E-01  4.088E-02
 -3.4882500E+03  2.100E-02 -4.653E-01 -2.593E-02
 -3.4877500E+03 -7.603E-03 -5.187E-01  4.192E-02
 -3.4872500E+03  1.682E-02 -5.547E-01 -3.184E-02
 -3.4867500E+03  8.373E-03 -5.180E-01 -2.838E-03
 -3.4862500E+03 -1.896E-02 -4.960E-01  9.862E-02
 -3.4857500E+03  1.496E-02 -6.194E-01 -2.079E-02
 -3.4852500E+03  1.778E-03 -5.200E-01  1.497E-02
 -3.4847500E+03  2.397E-02 -4.991E-01 -6.747E-02
 -3.4842500E+03  1.836E-02 -5.548E-01 -3.322E-02
 -3.4837500E+03  2.504E-03 -5.420E-01  1.985E-02
 -3.4832500E+03  1.483E-02 -4.357E-01 -2.838E-02
 -3.4827500E+03  1.819E-02 -4.863E-01 -5.316E-02
 -3.4822500E+03  2.223E-02 -5.123E-01 -6.781E-02
 -3.4817500E+03 -1.111E-02 -4.953E-01  4.951E-02
 -3.4812500E+03  1.042E-02 -4.427E-01 -3.311E-02
 -3.4807500E+03  3.738E-02 -3.914E-01 -1.133E-01
 -3.4802500E+03  1.316E-02 -4.485E-01 -2.029E-02
 -3.4797500E+03 -2.478E-02 -5.104E-01  1.131E-01
 -3.4792500E+03  1.127E-03 -5.966E-01  2.887E-02
 -3.4787500E+03  5.866E-02 -4.817E-01 -1.362E-01
 -3.4782500E+03  2.262E-02 -3.977E-01 -5.094E-02
 -3.4777500E+03  1.674E-03 -5.104E-01  1.796E-02
 -3.4772500E+03  9.421E-03 -4.386E-01 -1.525E-02
 -3.4767500E+03  3.007E-02 -4.761E-01 -6.352E-02
 -3.4762500E+03  5.331E-03 -4.597E-01 -6.311E-03
 -3.4757500E+03 -3.377E-02 -4.124E-01  3.928E-02
 -3.4752500E+03  2.286E-03 -5.171E-01  3.438E-02
 -3.4747500E+03  2.524E-02 -4.115E-01 -7.749E-02
 -3.4742500E+03  1.832E-02 -4.780E-01 -6.851E-02
 -3.4737500E+03  5.582E-03 -6.404E-01  3.273E-03
 -3.4732500E+03  1.670E-02 -5.546E-01 -2.557E-02
 -3.4727500E+03  1.983E-02 -5.291E-01 -3.949E-02
 -3.4722500E+03  1.343E-02 -4.911E-01  5.675E-03
 -3.4717500E+03  8.761E-03 -5.551E-01  3.482E-02
 -3.4712500E+03  3.726E-04 -5.206E-01  2.197E-02
 -3.4707500E+03  8.591E-03 -4.116E-01 -2.602E-02
 -3.4702500E+03  9.810E-03 -3.909E-01 -7.565E-03
 -3.4697500E+03  1.174E-02 -4.256E-01 -2.869E-02
 -3.4692500E+03 -1.083E-02 -3.466E-01  4.603E-02
 -3.4687500E+03  1.201E-02 -4.354E-01 -1.652E-02
 -3.4682500E+03  1.761E-02 -4.634E-01  8.270E-03
 -3.4677500E+03  4.908E-03 -5.083E-01  2.175E-02
 -3.4672500E+03  2.443E-02 -3.705E-01 -5.198E-02
 -3.4667500E+03  2.039E-02 -5.100E-01 -4.141E-02
 -3.4662500E+03  2.039E-02 -4.460E-01 -6.241E-02
 -3.4657500E+03  2.410E-02 -5.424E-01 -7.231E-02
 -3.4652500E+03  2.412E-02 -4.495E-01 -6.425E-02
 -3.4647500E+03 -1.066E-02 -3.445E-01  4.155E-02
 -3.4642500E+03 -2.063E-02 -4.374E-01  9.043E-02
 -3.4637500E+03  3.034E-04 -4.607E-01  1.408E-02
 -3.4632500E+03 -1.764E-02 -4.512E-01  8.810E-02
 -3.4627500E+03  3.520E-02 -4.812E-01 -8.657E-02
 -3.4622500E+03  2.228E-02 -4.689E-01 -5.408E-02
 -3.4617500E+03 -3.753E-03 -4.202E-01  2.751E-02
 -3.4612500E+03  5.737E-03 -4.120E-01  5.254E-03
 -3.4607500E+03  3.612E-02 -4.074E-01 -7.455E-02
 -3.4602500E+03  1.747E-02 -4.900E-01 -4.728E-02
 -3.4597500E+03 -1.608E-02 -3.313E-01 -2.252E-02
 -3.4592500E+03  2.182E-02 -5.021E-01 -6.534E-02
 -3.4587500E+03  9.355E-03 -5.095E-01 -2.104E-02
 -3.4582500E+03  1.158E-02 -4.683E-01  4.098E-03
 -3.4577500E+03  3.426E-02 -4.805E-01 -2.036E-02
 -3.4572500E+03 -3.414E-04 -5.207E-01  4.502E-02
 -3.4567500E+03  1.140E-02 -4.886E-01 -1.769E-02
 -3.4562500E+03  6.066E-03 -3.929E-01  3.259E-03
 -3.4557500E+03  4.796E-03 -3.382E-01 -2.146E-03
 -3.4552500E+03 -3.710E-02 -3.541E-01  1.484E-01
 -3.4547500E+03 -6.662E-03 -3.799E-01  3.672E-02
 -3.4542500E+03  1.429E-02 -3.946E-01 -2.575E-02
 -3.4537500E+03  4.661E-03 -4.158E-01  1.920E-02
 -3.4532500E+03  9.893E-05 -4.738E-01  5.289E-02
 -3.4527500E+03  5.096E-03 -3.787E-01  2.125E-03
 -3.4522500E+03 -7.524E-04 -5.607E-01  3.684E-02
 -3.4517500E+03  3.401E-02 -3.674E-01 -7.790E-02
 -3.4512500E+03 -2.251E-04 -3.260E-01 -1.192E-02
 -3.4507500E+03  1.122E-02 -5.778E-01 -2.194E-02
 -3.4502500E+03  1.192E-03 -5.068E-01  1.809E-04
 -3.4497500E+03  2.974E-02 -3.593E-01 -8.438E-02
 -3.4492500E+03 -5.165E-04 -4.093E-01  3.759E-02
 -3.4487500E+03 -5.752E-03 -3.857E-01  5.402E-02
 -3.4482500E+03  2.823E-02 -4.440E-01 -8.242E-02
 -3.4477500E+03 -2.490E-02 -4.084E-01  1.071E-01
 -3.4472500E+03 -9.541E-03 -3.929E-01  5.880E-02
 -3.4467500E+03  4.703E-02 -3.555E-01 -1.453E-01
 -3.4462500E+03  3.337E-02 -2.743E-01 -9.962E-02
 -3.4457500E+03  7.703E-03 -3.931E-01 -1.059E-02
 -3.4452500E+03  1.948E-02 -4.353E-01 -4.332E-02
 -3.4447500E+03  6.120E-03 -3.969E-01  1.611E-03
 -3.4442500E+03  2.052E-04 -3.344E-01  2.149E-02
 -3.4437500E+03  1.179E-02 -3.630E-01 -2.429E-02
 -3.4432500E+03  1.695E-02 -4.031E-01 -4.398E-02
 -3.4427500E+03  7.860E-03 -3.050E-01 -8.381E-03
 -3.4422500E+03 -4.901E-03 -3.213E-01  3.077E-02
 -3.4417500E+03  1.422E-02 -2.908E-01 -2.591E-02
 -3.4412500E+03  2.632E-03 -4.161E-01  2.221E-02
 -3.4407500E+03  5.552E-03 -3.519E-01  2.478E-03
 -3.4402500E+03  1.790E-02 -4.735E-01 -4.575E-02
 -3.4397500E+03  4.106E-02 -4.213E-01 -1.236E-01
 -3.4392500E+03  1.584E-03 -3.306E-01  2.003E-02
 -3.4387500E+03  2.733E-02 -3.396E-01 -7.272E-02
 -3.4382500E+03  7.455E-03 -3.804E-01 -7.639E-03
 -3.4377500E+03  1.736E-02 -3.835E-01 -3.514E-02
 -3.4372500E+03  1.055E-02 -3.604E-01 -1.234E-02
 -3.4367500E+03 -1.409E-02 -3.107E-01  6.230E-02
 -3.4362500E+03 -1.384E-02 -3.440E-01  5.688E-02
 -3.4357500E+03  2.893E-03 -4.215E-01 -2.323E-03
 -3.4352500E+03  1.072E-02 -3.665E-01 -2.556E-02
 -3.4347500E+03  3.140E-03 -3.246E-01  1.132E-02
 -3.4342500E+03  6.961E-03 -2.547E-01  6.460E-03
