 -9.5192500E+03 -0.000E+00 -0.000E+00  0.000E+00
 -9.5187500E+03 -0.000E+00 -0.000E+00  0.000E+00
 -9.5182500E+03 -0.000E+00 -0.000E+00  0.000E+00
 -9.5177500E+03 -0.000E+00 -0.000E+00  0.000E+00
 -9.5172500E+03 -0.000E+00 -0.000E+00  0.000E+00
 -9.5167500E+03 -0.000E+00 -0.000E+00  0.000E+00
 -9.5162500E+03 -0.000E+00 -0.000E+00  0.000E+00
 -9.5157500E+03 -0.000E+00 -0.000E+00  0.000E+00
 -9.5152500E+03 -0.000E+00 -0.000E+00  0.000E+00
 -9.5147500E+03 -0.000E+00 -0.000E+00  0.000E+00
 -9.5142500E+03 -0.000E+00 -0.000E+00  0.000E+00
 -9.5137500E+03 -0.000E+00 -0.000E+00  0.000E+00
 -9.5132500E+03 -0.000E+00 -0.000E+00  0.000E+00
 -9.5127500E+03 -0.000E+00 -0.000E+00  0.000E+00
 -9.5122500E+03 -0.000E+00 -0.000E+00  0.000E+00
 -9.5117500E+03 -0.000E+00 -0.000E+00  0.000E+00
 -9.5112500E+03 -0.000E+00 -0.000E+00  0.000E+00
 -9.5107500E+03 -0.000E+00 -0.000E+00  0.000E+00
 -9.5102500E+03 -0.000E+00 -0.000E+00  0.000E+00
 -9.5097500E+03 -0.000E+00 -0.000E+00  0.000E+00
 -9.5092500E+03 -0.000E+00 -0.000E+00  0.000E+00
 -9.5087500E+03 -0.000E+00 -0.000E+00  0.000E+00
 -9.5082500E+03 -0.000E+00 -0.000E+00  0.000E+00
 -9.5077500E+03 -0.000E+00 -0.000E+00  0.000E+00
 -9.5072500E+03 -0.000E+00 -0.000E+00  0.000E+00
 -9.5067500E+03 -0.000E+00 -0.000E+00  0.000E+00
 -9.5062500E+03 -0.000E+00 -0.000E+00  0.000E+00
 -9.5057500E+03 -0.000E+00 -0.000E+00  0.000E+00
 -9.5052500E+03 -0.000E+00 -0.000E+00  0.000E+00
 -9.5047500E+03 -0.000E+00 -0.000E+00  0.000E+00
 -9.5042500E+03 -0.000E+00 -0.000E+00  0.000E+00
 -9.5037500E+03 -0.000E+00 -0.000E+00  0.000E+00
 -9.5032500E+03 -0.000E+00 -0.000E+00  0.000E+00
 -9.5027500E+03 -0.000E+00 -0.000E+00  0.000E+00
 -9.5022500E+03 -0.000E+00 -0.000E+00  0.000E+00
 -9.5017500E+03 -0.000E+00 -0.000E+00  0.000E+00
 -9.5012500E+03 -0.000E+00 -0.000E+00  0.000E+00
 -9.5007500E+03 -0.000E+00 -0.000E+00  0.000E+00
 -9.5002500E+03 -0.000E+00 -0.000E+00  0.000E+00
 -9.4997500E+03 -0.000E+00 -0.000E+00  0.000E+00
 -9.4992500E+03 -0.000E+00 -0.000E+00  0.000E+00
 -9.4987500E+03 -0.000E+00 -0.000E+00  0.000E+00
 -9.4982500E+03 -0.000E+00 -0.000E+00  0.000E+00
 -9.4977500E+03 -0.000E+00 -0.000E+00  0.000E+00
 -9.4972500E+03 -0.000E+00 -0.000E+00  0.000E+00
 -9.4967500E+03 -0.000E+00 -0.000E+00  0.000E+00
 -9.4962500E+03 -0.000E+00 -0.000E+00  0.000E+00
 -9.4957500E+03 -0.000E+00 -0.000E+00  0.000E+00
 -9.4952500E+03 -0.000E+00 -0.000E+00  0.000E+00
 -9.4947500E+03 -0.000E+00 -0.000E+00  0.000E+00
 -9.4942500E+03 -0.000E+00 -0.000E+00  0.000E+00
 -9.4937500E+03 -0.000E+00 -0.000E+00  0.000E+00
 -9.4932500E+03 -0.000E+00 -0.000E+00  0.000E+00
 -9.4927500E+03 -0.000E+00 -0.000E+00  0.000E+00
 -9.4922500E+03 -0.000E+00 -0.000E+00  0.000E+00
 -9.4917500E+03 -0.000E+00 -0.000E+00  0.000E+00
 -9.4912500E+03 -0.000E+00 -0.000E+00  0.000E+00
 -9.4907500E+03 -0.000E+00 -0.000E+00  0.000E+00
 -9.4902500E+03 -0.000E+00 -0.000E+00  0.000E+00
 -9.4897500E+03 -0.000E+00 -0.000E+00  0.000E+00
 -9.4892500E+03 -0.000E+00 -0.000E+00  0.000E+00
 -9.4887500E+03 -0.000E+00 -0.000E+00  0.000E+00
 -9.4882500E+03 -0.000E+00 -0.000E+00  0.000E+00
 -9.4877500E+03 -0.000E+00 -0.000E+00  0.000E+00
 -9.4872500E+03 -0.000E+00 -0.000E+00  0.000E+00
 -9.4867500E+03 -0.000E+00 -0.000E+00  0.000E+00
 -9.4862500E+03 -0.000E+00 -0.000E+00  0.000E+00
 -9.4857500E+03 -0.000E+00 -0.000E+00  0.000E+00
 -9.4852500E+03 -0.000E+00 -0.000E+00  0.000E+00
 -9.4847500E+03 -0.000E+00 -0.000E+00  0.000E+00
 -9.4842500E+03 -0.000E+00 -0.000E+00  0.000E+00
 -9.4837500E+03 -0.000E+00 -0.000E+00  0.000E+00
 -9.4832500E+03 -0.000E+00 -0.000E+00  0.000E+00
 -9.4827500E+03 -0.000E+00 -0.000E+00  0.000E+00
 -9.4822500E+03 -0.000E+00 -0.000E+00  0.000E+00
 -9.4817500E+03 -0.000E+00 -0.000E+00  0.000E+00
 -9.4812500E+03 -0.000E+00 -0.000E+00  0.000E+00
 -9.4807500E+03 -0.000E+00 -0.000E+00  0.000E+00
 -9.4802500E+03 -0.000E+00 -0.000E+00  0.000E+00
 -9.4797500E+03 -0.000E+00 -0.000E+00  0.000E+00
 -9.4792500E+03 -0.000E+00 -0.000E+00  0.000E+00
 -9.4787500E+03 -0.000E+00 -0.000E+00  0.000E+00
 -9.4782500E+03 -0.000E+00 -0.000E+00  0.000E+00
 -9.4777500E+03 -0.000E+00 -0.000E+00  0.000E+00
 -9.4772500E+03 -0.000E+00 -0.000E+00  0.000E+00
 -9.4767500E+03 -0.000E+00 -0.000E+00  0.000E+00
 -9.4762500E+03 -0.000E+00 -0.000E+00  0.000E+00
 -9.4757500E+03 -0.000E+00 -0.000E+00  0.000E+00
 -9.4752500E+03 -0.000E+00 -0.000E+00  0.000E+00
 -9.4747500E+03 -0.000E+00 -0.000E+00  0.000E+00
 -9.4742500E+03 -0.000E+00 -0.000E+00  0.000E+00
 -9.4737500E+03 -0.000E+00 -0.000E+00  0.000E+00
 -9.4732500E+03 -0.000E+00 -0.000E+00  0.000E+00
 -9.4727500E+03 -0.000E+00 -0.000E+00  0.000E+00
 -9.4722500E+03 -0.000E+00 -0.000E+00  0.000E+00
 -9.4717500E+03 -0.000E+00 -0.000E+00  0.000E+00
 -9.4712500E+03 -0.000E+00 -0.000E+00  0.000E+00
 -9.4707500E+03 -0.000E+00 -0.000E+00  0.000E+00
 -9.4702500E+03 -0.000E+00 -0.000E+00  0.000E+00
 -9.4697500E+03 -0.000E+00 -0.000E+00  0.000E+00
 -9.4692500E+03 -0.000E+00 -0.000E+00  0.000E+00
 -9.4687500E+03 -0.000E+00 -0.000E+00  0.000E+00
 -9.4682500E+03 -0.000E+00 -0.000E+00  0.000E+00
 -9.4677500E+03 -0.000E+00 -0.000E+00  0.000E+00
 -9.4672500E+03 -0.000E+00 -0.000E+00  0.000E+00
 -9.4667500E+03 -0.000E+00 -0.000E+00  0.000E+00
 -9.4662500E+03 -0.000E+00 -0.000E+00  0.000E+00
 -9.4657500E+03 -0.000E+00 -0.000E+00  0.000E+00
 -9.4652500E+03 -0.000E+00 -0.000E+00  0.000E+00
 -9.4647500E+03 -0.000E+00 -0.000E+00  0.000E+00
 -9.4642500E+03 -0.000E+00 -0.000E+00  0.000E+00
 -9.4637500E+03 -0.000E+00 -0.000E+00  0.000E+00
 -9.4632500E+03 -0.000E+00 -0.000E+00  0.000E+00
 -9.4627500E+03 -0.000E+00 -0.000E+00  0.000E+00
 -9.4622500E+03 -0.000E+00 -0.000E+00  0.000E+00
 -9.4617500E+03 -0.000E+00 -0.000E+00  0.000E+00
 -9.4612500E+03 -0.000E+00 -0.000E+00  0.000E+00
 -9.4607500E+03 -0.000E+00 -0.000E+00  0.000E+00
 -9.4602500E+03 -0.000E+00 -0.000E+00  0.000E+00
 -9.4597500E+03 -0.000E+00 -0.000E+00  0.000E+00
 -9.4592500E+03 -0.000E+00 -0.000E+00  0.000E+00
 -9.4587500E+03 -0.000E+00 -0.000E+00  0.000E+00
 -9.4582500E+03 -0.000E+00 -0.000E+00  0.000E+00
 -9.4577500E+03 -0.000E+00 -0.000E+00  0.000E+00
 -9.4572500E+03 -0.000E+00 -0.000E+00  0.000E+00
 -9.4567500E+03 -0.000E+00 -0.000E+00  0.000E+00
 -9.4562500E+03 -0.000E+00 -0.000E+00  0.000E+00
 -9.4557500E+03 -0.000E+00 -0.000E+00  0.000E+00
 -9.4552500E+03 -0.000E+00 -0.000E+00  0.000E+00
 -9.4547500E+03 -0.000E+00 -0.000E+00  0.000E+00
 -9.4542500E+03 -0.000E+00 -0.000E+00  0.000E+00
 -9.4537500E+03 -0.000E+00 -0.000E+00  0.000E+00
 -9.4532500E+03 -0.000E+00 -0.000E+00  0.000E+00
 -9.4527500E+03 -0.000E+00 -0.000E+00  0.000E+00
 -9.4522500E+03 -0.000E+00 -0.000E+00  0.000E+00
 -9.4517500E+03 -0.000E+00 -0.000E+00  0.000E+00
 -9.4512500E+03 -0.000E+00 -0.000E+00  0.000E+00
 -9.4507500E+03 -0.000E+00 -0.000E+00  0.000E+00
 -9.4502500E+03 -0.000E+00 -0.000E+00  0.000E+00
 -9.4497500E+03 -0.000E+00 -0.000E+00  0.000E+00
 -9.4492500E+03 -0.000E+00 -0.000E+00  0.000E+00
 -9.4487500E+03 -0.000E+00 -0.000E+00  0.000E+00
 -9.4482500E+03 -0.000E+00 -0.000E+00  0.000E+00
 -9.4477500E+03 -0.000E+00 -0.000E+00  0.000E+00
 -9.4472500E+03 -0.000E+00 -0.000E+00  0.000E+00
 -9.4467500E+03 -0.000E+00 -0.000E+00  0.000E+00
 -9.4462500E+03 -0.000E+00 -0.000E+00  0.000E+00
 -9.4457500E+03 -0.000E+00 -0.000E+00  0.000E+00
 -9.4452500E+03 -0.000E+00 -0.000E+00  0.000E+00
 -9.4447500E+03 -0.000E+00 -0.000E+00  0.000E+00
 -9.4442500E+03 -0.000E+00 -0.000E+00  0.000E+00
 -9.4437500E+03 -0.000E+00 -0.000E+00  0.000E+00
 -9.4432500E+03 -0.000E+00 -0.000E+00  0.000E+00
 -9.4427500E+03 -0.000E+00 -0.000E+00  0.000E+00
 -9.4422500E+03 -0.000E+00 -0.000E+00  0.000E+00
 -9.4417500E+03 -0.000E+00 -0.000E+00  0.000E+00
 -9.4412500E+03 -0.000E+00 -0.000E+00  0.000E+00
 -9.4407500E+03 -0.000E+00 -0.000E+00  0.000E+00
 -9.4402500E+03 -0.000E+00 -0.000E+00  0.000E+00
 -9.4397500E+03 -0.000E+00 -0.000E+00  0.000E+00
 -9.4392500E+03 -0.000E+00 -0.000E+00  0.000E+00
 -9.4387500E+03 -0.000E+00 -0.000E+00  0.000E+00
 -9.4382500E+03 -0.000E+00 -0.000E+00  0.000E+00
 -9.4377500E+03 -0.000E+00 -0.000E+00  0.000E+00
 -9.4372500E+03 -0.000E+00 -0.000E+00  0.000E+00
 -9.4367500E+03 -0.000E+00 -0.000E+00  0.000E+00
 -9.4362500E+03 -0.000E+00 -0.000E+00  0.000E+00
 -9.4357500E+03 -0.000E+00 -0.000E+00  0.000E+00
 -9.4352500E+03 -0.000E+00 -0.000E+00  0.000E+00
 -9.4347500E+03 -0.000E+00 -0.000E+00  0.000E+00
 -9.4342500E+03 -0.000E+00 -0.000E+00  0.000E+00
 -9.4337500E+03 -0.000E+00 -0.000E+00  0.000E+00
 -9.4332500E+03 -0.000E+00 -0.000E+00  0.000E+00
 -9.4327500E+03 -0.000E+00 -0.000E+00  0.000E+00
 -9.4322500E+03 -0.000E+00 -0.000E+00  0.000E+00
 -9.4317500E+03 -0.000E+00 -0.000E+00  0.000E+00
 -9.4312500E+03 -0.000E+00 -0.000E+00  0.000E+00
 -9.4307500E+03 -0.000E+00 -0.000E+00  0.000E+00
 -9.4302500E+03 -0.000E+00 -0.000E+00  0.000E+00
 -9.4297500E+03 -0.000E+00 -0.000E+00  0.000E+00
 -9.4292500E+03 -0.000E+00 -0.000E+00  0.000E+00
 -9.4287500E+03 -0.000E+00 -0.000E+00  0.000E+00
 -9.4282500E+03 -0.000E+00 -0.000E+00  0.000E+00
 -9.4277500E+03 -0.000E+00 -0.000E+00  0.000E+00
 -9.4272500E+03 -0.000E+00 -0.000E+00  0.000E+00
 -9.4267500E+03 -0.000E+00 -0.000E+00  0.000E+00
 -9.4262500E+03 -0.000E+00 -0.000E+00  0.000E+00
 -9.4257500E+03 -0.000E+00 -0.000E+00  0.000E+00
 -9.4252500E+03 -0.000E+00 -0.000E+00  0.000E+00
 -9.4247500E+03 -0.000E+00 -0.000E+00  0.000E+00
 -9.4242500E+03 -0.000E+00 -0.000E+00  0.000E+00
 -9.4237500E+03 -0.000E+00 -0.000E+00  0.000E+00
 -9.4232500E+03 -0.000E+00 -0.000E+00  0.000E+00
 -9.4227500E+03 -0.000E+00 -0.000E+00  0.000E+00
 -9.4222500E+03 -0.000E+00 -0.000E+00  0.000E+00
 -9.4217500E+03 -0.000E+00 -0.000E+00  0.000E+00
 -9.4212500E+03 -0.000E+00 -0.000E+00  0.000E+00
 -9.4207500E+03 -0.000E+00 -0.000E+00  0.000E+00
 -9.4202500E+03 -0.000E+00 -0.000E+00  0.000E+00
 -9.4197500E+03 -0.000E+00 -0.000E+00  0.000E+00
 -9.4192500E+03 -0.000E+00 -0.000E+00  0.000E+00
 -9.4187500E+03 -0.000E+00 -0.000E+00  0.000E+00
 -9.4182500E+03 -0.000E+00 -0.000E+00  0.000E+00
 -9.4177500E+03 -0.000E+00 -0.000E+00  0.000E+00
 -9.4172500E+03 -0.000E+00 -0.000E+00  0.000E+00
 -9.4167500E+03 -0.000E+00 -0.000E+00  0.000E+00
 -9.4162500E+03 -0.000E+00 -0.000E+00  0.000E+00
 -9.4157500E+03 -0.000E+00 -0.000E+00  0.000E+00
 -9.4152500E+03 -0.000E+00 -0.000E+00  0.000E+00
 -9.4147500E+03 -0.000E+00 -0.000E+00  0.000E+00
 -9.4142500E+03 -0.000E+00 -0.000E+00  0.000E+00
 -9.4137500E+03 -0.000E+00 -0.000E+00  0.000E+00
 -9.4132500E+03 -0.000E+00 -0.000E+00  0.000E+00
 -9.4127500E+03 -0.000E+00 -0.000E+00  0.000E+00
 -9.4122500E+03 -0.000E+00 -0.000E+00  0.000E+00
 -9.4117500E+03 -0.000E+00 -0.000E+00  0.000E+00
 -9.4112500E+03 -0.000E+00 -0.000E+00  0.000E+00
 -9.4107500E+03 -0.000E+00 -0.000E+00  0.000E+00
 -9.4102500E+03 -0.000E+00 -0.000E+00  0.000E+00
 -9.4097500E+03 -0.000E+00 -0.000E+00  0.000E+00
 -9.4092500E+03 -0.000E+00 -0.000E+00  0.000E+00
 -9.4087500E+03 -0.000E+00 -0.000E+00  0.000E+00
 -9.4082500E+03 -0.000E+00 -0.000E+00  0.000E+00
 -9.4077500E+03 -0.000E+00 -0.000E+00  0.000E+00
 -9.4072500E+03 -0.000E+00 -0.000E+00  0.000E+00
 -9.4067500E+03 -0.000E+00 -0.000E+00  0.000E+00
 -9.4062500E+03 -0.000E+00 -0.000E+00  0.000E+00
 -9.4057500E+03 -0.000E+00 -0.000E+00  0.000E+00
 -9.4052500E+03 -0.000E+00 -0.000E+00  0.000E+00
 -9.4047500E+03 -0.000E+00 -0.000E+00  0.000E+00
 -9.4042500E+03 -0.000E+00 -0.000E+00  0.000E+00
 -9.4037500E+03 -0.000E+00 -0.000E+00  0.000E+00
 -9.4032500E+03 -0.000E+00 -0.000E+00  0.000E+00
 -9.4027500E+03 -0.000E+00 -0.000E+00  0.000E+00
 -9.4022500E+03 -0.000E+00 -0.000E+00  0.000E+00
 -9.4017500E+03 -0.000E+00 -0.000E+00  0.000E+00
 -9.4012500E+03 -0.000E+00 -0.000E+00  0.000E+00
 -9.4007500E+03 -0.000E+00 -0.000E+00  0.000E+00
 -9.4002500E+03 -0.000E+00 -0.000E+00  0.000E+00
 -9.3997500E+03 -0.000E+00 -0.000E+00  0.000E+00
 -9.3992500E+03 -0.000E+00 -0.000E+00  0.000E+00
 -9.3987500E+03 -0.000E+00 -0.000E+00  0.000E+00
 -9.3982500E+03 -0.000E+00 -0.000E+00  0.000E+00
 -9.3977500E+03 -0.000E+00 -0.000E+00  0.000E+00
 -9.3972500E+03 -0.000E+00 -0.000E+00  0.000E+00
 -9.3967500E+03 -0.000E+00 -0.000E+00  0.000E+00
 -9.3962500E+03 -0.000E+00 -0.000E+00  0.000E+00
 -9.3957500E+03 -0.000E+00 -0.000E+00  0.000E+00
 -9.3952500E+03 -0.000E+00 -0.000E+00  0.000E+00
 -9.3947500E+03 -0.000E+00 -0.000E+00  0.000E+00
 -9.3942500E+03 -0.000E+00 -0.000E+00  0.000E+00
 -9.3937500E+03 -0.000E+00 -0.000E+00  0.000E+00
 -9.3932500E+03 -0.000E+00 -0.000E+00  0.000E+00
 -9.3927500E+03 -0.000E+00 -0.000E+00  0.000E+00
 -9.3922500E+03 -0.000E+00 -0.000E+00  0.000E+00
 -9.3917500E+03 -0.000E+00 -0.000E+00  0.000E+00
 -9.3912500E+03 -0.000E+00 -0.000E+00  0.000E+00
 -9.3907500E+03 -0.000E+00 -0.000E+00  0.000E+00
 -9.3902500E+03 -0.000E+00 -0.000E+00  0.000E+00
 -9.3897500E+03 -0.000E+00 -0.000E+00  0.000E+00
 -9.3892500E+03 -0.000E+00 -0.000E+00  0.000E+00
 -9.3887500E+03 -0.000E+00 -0.000E+00  0.000E+00
 -9.3882500E+03 -0.000E+00 -0.000E+00  0.000E+00
 -9.3877500E+03 -0.000E+00 -0.000E+00  0.000E+00
 -9.3872500E+03 -0.000E+00 -0.000E+00  0.000E+00
 -9.3867500E+03 -0.000E+00 -0.000E+00  0.000E+00
 -9.3862500E+03 -0.000E+00 -0.000E+00  0.000E+00
 -9.3857500E+03 -0.000E+00 -0.000E+00  0.000E+00
 -9.3852500E+03 -0.000E+00 -0.000E+00  0.000E+00
 -9.3847500E+03 -0.000E+00 -0.000E+00  0.000E+00
 -9.3842500E+03 -0.000E+00 -0.000E+00  0.000E+00
 -9.3837500E+03 -0.000E+00 -0.000E+00  0.000E+00
 -9.3832500E+03 -0.000E+00 -0.000E+00  0.000E+00
 -9.3827500E+03 -0.000E+00 -0.000E+00  0.000E+00
 -9.3822500E+03 -0.000E+00 -0.000E+00  0.000E+00
 -9.3817500E+03 -0.000E+00 -0.000E+00  0.000E+00
 -9.3812500E+03 -0.000E+00 -0.000E+00  0.000E+00
 -9.3807500E+03 -0.000E+00 -0.000E+00  0.000E+00
 -9.3802500E+03 -0.000E+00 -0.000E+00  0.000E+00
 -9.3797500E+03 -0.000E+00 -0.000E+00  0.000E+00
 -9.3792500E+03 -0.000E+00 -0.000E+00  0.000E+00
 -9.3787500E+03 -0.000E+00 -0.000E+00  0.000E+00
 -9.3782500E+03 -0.000E+00 -0.000E+00  0.000E+00
 -9.3777500E+03 -0.000E+00 -0.000E+00  0.000E+00
 -9.3772500E+03 -0.000E+00 -0.000E+00  0.000E+00
 -9.3767500E+03 -0.000E+00 -0.000E+00  0.000E+00
 -9.3762500E+03 -0.000E+00 -0.000E+00  0.000E+00
 -9.3757500E+03 -0.000E+00 -0.000E+00  0.000E+00
 -9.3752500E+03 -0.000E+00 -0.000E+00  0.000E+00
 -9.3747500E+03 -0.000E+00 -0.000E+00  0.000E+00
 -9.3742500E+03 -0.000E+00 -0.000E+00  0.000E+00
 -9.3737500E+03 -0.000E+00 -0.000E+00  0.000E+00
 -9.3732500E+03 -0.000E+00 -0.000E+00  0.000E+00
 -9.3727500E+03 -0.000E+00 -0.000E+00  0.000E+00
 -9.3722500E+03 -0.000E+00 -0.000E+00  0.000E+00
 -9.3717500E+03 -0.000E+00 -0.000E+00  0.000E+00
 -9.3712500E+03 -0.000E+00 -0.000E+00  0.000E+00
 -9.3707500E+03 -0.000E+00 -0.000E+00  0.000E+00
 -9.3702500E+03 -0.000E+00 -0.000E+00  0.000E+00
 -9.3697500E+03 -0.000E+00 -0.000E+00  0.000E+00
 -9.3692500E+03 -0.000E+00 -0.000E+00  0.000E+00
 -9.3687500E+03 -0.000E+00 -0.000E+00  0.000E+00
 -9.3682500E+03 -0.000E+00 -0.000E+00  0.000E+00
 -9.3677500E+03 -0.000E+00 -0.000E+00  0.000E+00
 -9.3672500E+03 -0.000E+00 -0.000E+00  0.000E+00
 -9.3667500E+03 -0.000E+00 -0.000E+00  0.000E+00
 -9.3662500E+03 -0.000E+00 -0.000E+00  0.000E+00
 -9.3657500E+03 -0.000E+00 -0.000E+00  0.000E+00
 -9.3652500E+03 -0.000E+00 -0.000E+00  0.000E+00
 -9.3647500E+03 -0.000E+00 -0.000E+00  0.000E+00
 -9.3642500E+03 -0.000E+00 -0.000E+00  0.000E+00
 -9.3637500E+03 -0.000E+00 -0.000E+00  0.000E+00
 -9.3632500E+03 -0.000E+00 -0.000E+00  0.000E+00
 -9.3627500E+03 -0.000E+00 -0.000E+00  0.000E+00
 -9.3622500E+03 -0.000E+00 -0.000E+00  0.000E+00
 -9.3617500E+03 -0.000E+00 -0.000E+00  0.000E+00
 -9.3612500E+03 -0.000E+00 -0.000E+00  0.000E+00
 -9.3607500E+03 -0.000E+00 -0.000E+00  0.000E+00
 -9.3602500E+03 -0.000E+00 -0.000E+00  0.000E+00
 -9.3597500E+03 -0.000E+00 -0.000E+00  0.000E+00
 -9.3592500E+03 -0.000E+00 -0.000E+00  0.000E+00
 -9.3587500E+03 -0.000E+00 -0.000E+00  0.000E+00
 -9.3582500E+03 -0.000E+00 -0.000E+00  0.000E+00
 -9.3577500E+03 -0.000E+00 -0.000E+00  0.000E+00
 -9.3572500E+03 -0.000E+00 -0.000E+00  0.000E+00
 -9.3567500E+03 -0.000E+00 -0.000E+00  0.000E+00
 -9.3562500E+03 -0.000E+00 -0.000E+00  0.000E+00
 -9.3557500E+03 -0.000E+00 -0.000E+00  0.000E+00
 -9.3552500E+03 -6.234E-05 -7.639E-04  2.678E-04
 -9.3547500E+03  8.389E-06 -5.095E-04 -2.080E-05
 -9.3542500E+03  1.440E-05  5.615E-04 -1.046E-04
 -9.3537500E+03 -1.723E-05  7.717E-04  4.813E-05
 -9.3532500E+03  4.039E-04  1.043E-03 -1.465E-03
 -9.3527500E+03  6.327E-04  4.332E-04 -2.297E-03
 -9.3522500E+03 -2.129E-04 -2.286E-03  9.185E-04
 -9.3517500E+03 -5.591E-04  1.021E-03  2.079E-03
 -9.3512500E+03  4.382E-04  1.489E-03 -1.704E-03
 -9.3507500E+03 -2.367E-04  2.435E-03  6.783E-04
 -9.3502500E+03  1.569E-04  2.604E-03 -6.612E-04
 -9.3497500E+03  1.020E-03  2.185E-03 -3.725E-03
 -9.3492500E+03 -1.529E-04 -9.004E-04  6.497E-04
 -9.3487500E+03 -8.149E-04 -2.173E-03  3.097E-03
 -9.3482500E+03 -2.326E-04 -1.814E-03 -2.014E-05
 -9.3477500E+03  4.999E-04  8.832E-04 -2.827E-03
 -9.3472500E+03 -1.183E-04  8.826E-04  8.076E-04
 -9.3467500E+03 -5.936E-04 -9.253E-04  2.286E-03
 -9.3462500E+03  2.570E-04  7.139E-05 -1.414E-03
 -9.3457500E+03 -4.679E-04 -3.671E-05  2.377E-03
 -9.3452500E+03  3.380E-05  1.340E-03 -3.058E-04
 -9.3447500E+03  2.137E-04 -7.485E-04  7.102E-05
 -9.3442500E+03 -4.861E-04  2.683E-05  1.936E-03
 -9.3437500E+03  4.525E-04  1.760E-03 -1.855E-03
 -9.3432500E+03 -6.414E-04  1.667E-03  2.280E-03
 -9.3427500E+03 -9.681E-04 -3.892E-04  3.110E-03
 -9.3422500E+03  1.489E-04 -6.316E-04 -2.166E-04
 -9.3417500E+03  2.923E-03  8.927E-03 -8.418E-03
 -9.3412500E+03  3.687E-03 -2.599E-03 -1.204E-02
 -9.3407500E+03  4.539E-03  6.705E-02 -1.379E-02
 -9.3402500E+03 -3.864E-03  1.178E-01  8.920E-03
 -9.3397500E+03 -3.821E-03  2.449E-01 -1.703E-03
 -9.3392500E+03 -4.919E-03  8.625E-01 -2.476E-02
 -9.3387500E+03 -6.315E-02  2.258E+00  1.174E-01
 -9.3382500E+03 -1.477E-01  5.886E+00  2.433E-01
 -9.3377500E+03 -4.104E-01  1.215E+01  8.698E-01
 -9.3372500E+03 -6.655E-01  2.434E+01  1.198E+00
 -9.3367500E+03 -9.511E-01  4.131E+01  1.426E+00
 -9.3362500E+03 -1.575E+00  6.308E+01  2.624E+00
 -9.3357500E+03 -2.407E+00  9.152E+01  4.230E+00
 -9.3352500E+03 -3.048E+00  1.201E+02  5.199E+00
 -9.3347500E+03 -2.621E+00  1.444E+02  2.701E+00
 -9.3342500E+03 -4.261E+00  1.663E+02  7.395E+00
 -9.3337500E+03 -3.291E+00  1.827E+02  3.404E+00
 -9.3332500E+03 -4.681E+00  1.907E+02  7.866E+00
 -9.3327500E+03 -4.398E+00  1.914E+02  6.891E+00
 -9.3322500E+03 -5.037E+00  1.869E+02  9.264E+00
 -9.3317500E+03 -3.944E+00  1.780E+02  5.927E+00
 -9.3312500E+03 -4.072E+00  1.615E+02  7.074E+00
 -9.3307500E+03 -4.011E+00  1.458E+02  7.541E+00
 -9.3302500E+03 -4.141E+00  1.292E+02  8.652E+00
 -9.3297500E+03 -3.329E+00  1.148E+02  6.491E+00
 -9.3292500E+03 -2.631E+00  9.962E+01  4.747E+00
 -9.3287500E+03 -2.302E+00  8.517E+01  4.221E+00
 -9.3282500E+03 -1.963E+00  6.762E+01  3.825E+00
 -9.3277500E+03 -1.156E+00  5.808E+01  1.483E+00
 -9.3272500E+03 -1.498E+00  4.624E+01  3.063E+00
 -9.3267500E+03 -1.462E+00  3.767E+01  3.323E+00
 -9.3262500E+03 -7.112E-01  2.356E+01  1.347E+00
 -9.3257500E+03 -1.096E+00  1.994E+01  2.765E+00
 -9.3252500E+03 -1.270E+00  1.497E+01  3.557E+00
 -9.3247500E+03 -3.860E-01  1.240E+01  6.680E-01
 -9.3242500E+03 -4.179E-01  5.955E+00  1.056E+00
 -9.3237500E+03 -1.468E-01  3.504E+00  2.524E-01
 -9.3232500E+03 -1.039E-01  8.130E-01  2.211E-01
 -9.3227500E+03  6.342E-01 -2.909E+00 -2.117E+00
 -9.3222500E+03  7.730E-01 -6.137E+00 -2.440E+00
 -9.3217500E+03  8.285E-01 -7.477E+00 -2.595E+00
 -9.3212500E+03  8.038E-01 -9.114E+00 -2.435E+00
 -9.3207500E+03  2.122E-01 -8.835E+00 -4.774E-01
 -9.3202500E+03  2.751E-01 -1.178E+01 -5.508E-01
 -9.3197500E+03  2.531E-01 -1.210E+01 -4.825E-01
 -9.3192500E+03  6.658E-01 -1.076E+01 -1.886E+00
 -9.3187500E+03  5.783E-02 -1.262E+01  1.933E-01
 -9.3182500E+03 -2.544E-01 -1.273E+01  1.211E+00
 -9.3177500E+03  2.794E-01 -1.210E+01 -5.182E-01
 -9.3172500E+03  3.629E-01 -1.324E+01 -8.175E-01
 -9.3167500E+03 -3.379E-01 -1.383E+01  1.559E+00
 -9.3162500E+03  9.027E-01 -1.342E+01 -2.578E+00
 -9.3157500E+03  8.381E-01 -1.453E+01 -2.300E+00
 -9.3152500E+03  4.198E-01 -1.388E+01 -9.175E-01
 -9.3147500E+03  2.761E-01 -1.440E+01 -4.127E-01
 -9.3142500E+03  3.589E-01 -1.506E+01 -6.806E-01
 -9.3137500E+03  6.179E-01 -1.411E+01 -1.584E+00
 -9.3132500E+03  3.781E-01 -1.574E+01 -7.554E-01
 -9.3127500E+03  2.012E-01 -1.502E+01 -1.726E-01
 -9.3122500E+03  3.388E-01 -1.354E+01 -6.441E-01
 -9.3117500E+03  3.068E-01 -1.364E+01 -5.468E-01
 -9.3112500E+03  5.211E-01 -1.374E+01 -1.246E+00
 -9.3107500E+03  3.280E-01 -1.460E+01 -5.733E-01
 -9.3102500E+03  3.549E-01 -1.311E+01 -7.530E-01
 -9.3097500E+03  2.193E-01 -1.339E+01 -2.497E-01
 -9.3092500E+03  4.688E-01 -1.366E+01 -1.084E+00
 -9.3087500E+03  6.038E-01 -1.355E+01 -1.557E+00
 -9.3082500E+03  1.642E-01 -1.308E+01 -9.446E-02
 -9.3077500E+03  1.343E-01 -1.373E+01  2.759E-02
 -9.3072500E+03  3.698E-01 -1.269E+01 -8.037E-01
 -9.3067500E+03  2.943E-01 -1.279E+01 -5.246E-01
 -9.3062500E+03  4.962E-01 -1.309E+01 -1.179E+00
 -9.3057500E+03  5.353E-01 -1.312E+01 -1.294E+00
 -9.3052500E+03  4.318E-01 -1.303E+01 -9.633E-01
 -9.3047500E+03  4.402E-01 -1.278E+01 -1.038E+00
 -9.3042500E+03  2.760E-01 -1.274E+01 -4.685E-01
 -9.3037500E+03  3.124E-01 -1.154E+01 -6.608E-01
 -9.3032500E+03  4.518E-01 -1.332E+01 -1.052E+00
 -9.3027500E+03  4.564E-01 -1.282E+01 -1.060E+00
 -9.3022500E+03  2.642E-01 -1.256E+01 -4.142E-01
 -9.3017500E+03  1.567E-01 -1.278E+01 -5.874E-02
 -9.3012500E+03  3.218E-01 -1.154E+01 -6.441E-01
 -9.3007500E+03  3.259E-01 -1.211E+01 -6.465E-01
 -9.3002500E+03  3.334E-01 -1.222E+01 -6.731E-01
 -9.2997500E+03  1.560E-01 -1.205E+01 -9.411E-02
 -9.2992500E+03  3.973E-01 -1.145E+01 -8.753E-01
 -9.2987500E+03  3.869E-01 -1.090E+01 -8.965E-01
 -9.2982500E+03  4.767E-01 -1.071E+01 -1.201E+00
 -9.2977500E+03  2.854E-01 -1.180E+01 -5.414E-01
 -9.2972500E+03  4.622E-02 -1.062E+01  2.154E-01
 -9.2967500E+03  1.612E-01 -1.090E+01 -1.105E-01
 -9.2962500E+03  2.794E-01 -1.117E+01 -5.167E-01
 -9.2957500E+03  5.857E-01 -1.092E+01 -1.550E+00
 -9.2952500E+03  2.902E-01 -1.031E+01 -6.003E-01
 -9.2947500E+03  2.402E-01 -1.050E+01 -4.339E-01
 -9.2942500E+03  4.132E-01 -1.126E+01 -9.379E-01
 -9.2937500E+03  2.691E-01 -1.056E+01 -5.082E-01
 -9.2932500E+03  8.443E-02 -1.078E+01  1.070E-01
 -9.2927500E+03  2.965E-01 -1.090E+01 -6.183E-01
 -9.2922500E+03  2.703E-01 -1.043E+01 -5.183E-01
 -9.2917500E+03  7.610E-03 -1.116E+01  3.924E-01
 -9.2912500E+03  1.671E-01 -1.041E+01 -1.789E-01
 -9.2907500E+03  4.496E-01 -1.043E+01 -1.120E+00
 -9.2902500E+03  3.692E-01 -9.667E+00 -8.431E-01
 -9.2897500E+03  3.079E-01 -9.902E+00 -6.429E-01
 -9.2892500E+03  3.263E-01 -9.653E+00 -7.300E-01
 -9.2887500E+03  1.968E-01 -9.766E+00 -2.919E-01
 -9.2882500E+03  4.625E-01 -1.049E+01 -1.137E+00
 -9.2877500E+03  2.701E-01 -9.934E+00 -5.473E-01
 -9.2872500E+03  8.264E-02 -1.003E+01  9.803E-02
 -9.2867500E+03  8.612E-02 -9.761E+00  6.769E-02
 -9.2862500E+03 -3.639E-02 -9.992E+00  4.932E-01
 -9.2857500E+03  2.433E-01 -9.461E+00 -4.467E-01
 -9.2852500E+03  7.515E-02 -9.268E+00  8.472E-02
 -9.2847500E+03  3.614E-01 -9.791E+00 -8.286E-01
 -9.2842500E+03  3.240E-01 -9.441E+00 -7.246E-01
 -9.2837500E+03  1.048E-01 -8.280E+00 -4.005E-02
 -9.2832500E+03  2.087E-01 -8.405E+00 -3.858E-01
 -9.2827500E+03  8.504E-02 -9.482E+00  8.459E-02
 -9.2822500E+03  2.217E-01 -9.219E+00 -3.636E-01
 -9.2817500E+03  2.869E-01 -8.828E+00 -6.223E-01
 -9.2812500E+03  2.719E-01 -8.943E+00 -5.608E-01
 -9.2807500E+03  3.614E-01 -9.058E+00 -8.534E-01
 -9.2802500E+03  1.851E-01 -8.995E+00 -2.779E-01
 -9.2797500E+03  8.219E-02 -8.647E+00  4.693E-02
 -9.2792500E+03  6.992E-02 -8.175E+00  7.385E-02
 -9.2787500E+03  2.203E-01 -8.121E+00 -4.371E-01
 -9.2782500E+03  4.074E-01 -7.662E+00 -1.052E+00
 -9.2777500E+03  2.262E-01 -8.786E+00 -4.037E-01
 -9.2772500E+03  2.725E-01 -8.272E+00 -5.834E-01
 -9.2767500E+03  2.942E-01 -8.052E+00 -6.883E-01
 -9.2762500E+03  2.874E-01 -7.878E+00 -6.423E-01
 -9.2757500E+03  1.974E-01 -8.243E+00 -3.527E-01
 -9.2752500E+03  2.215E-01 -8.316E+00 -4.119E-01
 -9.2747500E+03  1.553E-01 -8.327E+00 -1.988E-01
 -9.2742500E+03  1.031E-01 -7.942E+00 -1.968E-02
 -9.2737500E+03  5.837E-03 -8.006E+00  2.963E-01
 -9.2732500E+03  1.952E-01 -7.904E+00 -3.447E-01
 -9.2727500E+03  2.792E-01 -8.005E+00 -6.149E-01
 -9.2722500E+03  3.625E-01 -7.741E+00 -9.098E-01
 -9.2717500E+03  1.668E-01 -7.745E+00 -2.480E-01
 -9.2712500E+03  2.330E-01 -8.222E+00 -4.509E-01
 -9.2707500E+03  6.967E-02 -7.327E+00  6.238E-02
 -9.2702500E+03  2.033E-01 -7.950E+00 -3.647E-01
 -9.2697500E+03  1.580E-01 -7.553E+00 -2.225E-01
 -9.2692500E+03  1.311E-01 -7.638E+00 -1.443E-01
 -9.2687500E+03  2.025E-01 -6.900E+00 -4.400E-01
 -9.2682500E+03  1.892E-01 -6.964E+00 -3.622E-01
 -9.2677500E+03  2.139E-01 -7.371E+00 -4.236E-01
 -9.2672500E+03  1.287E-01 -7.266E+00 -1.378E-01
 -9.2667500E+03  2.314E-01 -7.417E+00 -4.654E-01
 -9.2662500E+03 -2.882E-03 -7.241E+00  2.927E-01
 -9.2657500E+03  2.889E-01 -6.982E+00 -7.008E-01
 -9.2652500E+03  5.854E-02 -7.032E+00  8.267E-02
 -9.2647500E+03  2.527E-01 -6.794E+00 -5.683E-01
 -9.2642500E+03  2.955E-01 -7.001E+00 -7.033E-01
 -9.2637500E+03  1.476E-01 -6.884E+00 -2.025E-01
 -9.2632500E+03  2.393E-01 -6.814E+00 -5.478E-01
 -9.2627500E+03  1.365E-01 -6.598E+00 -1.928E-01
 -9.2622500E+03  1.568E-01 -6.565E+00 -2.483E-01
 -9.2617500E+03  2.270E-01 -7.400E+00 -4.535E-01
 -9.2612500E+03  3.557E-02 -6.967E+00  1.536E-01
 -9.2607500E+03  1.133E-01 -6.608E+00 -1.256E-01
 -9.2602500E+03  5.225E-02 -6.136E+00  6.522E-02
 -9.2597500E+03  9.707E-02 -6.413E+00 -6.149E-02
 -9.2592500E+03  1.182E-01 -6.488E+00 -1.260E-01
 -9.2587500E+03  1.018E-01 -6.693E+00 -7.059E-02
 -9.2582500E+03  2.163E-01 -6.840E+00 -4.527E-01
 -9.2577500E+03  2.258E-01 -6.407E+00 -4.833E-01
 -9.2572500E+03  1.406E-01 -6.583E+00 -2.020E-01
 -9.2567500E+03  9.122E-02 -6.145E+00 -7.536E-02
 -9.2562500E+03  6.196E-02 -5.895E+00  2.484E-02
 -9.2557500E+03  1.399E-01 -6.221E+00 -2.065E-01
 -9.2552500E+03  1.226E-01 -6.237E+00 -1.552E-01
 -9.2547500E+03  1.702E-01 -5.716E+00 -3.357E-01
 -9.2542500E+03  1.388E-01 -6.112E+00 -2.198E-01
 -9.2537500E+03  1.166E-01 -6.274E+00 -1.300E-01
 -9.2532500E+03  3.653E-01 -6.222E+00 -9.722E-01
 -9.2527500E+03  3.102E-01 -6.330E+00 -7.848E-01
 -9.2522500E+03  5.834E-02 -5.696E+00  4.452E-02
 -9.2517500E+03  7.969E-02 -6.084E+00 -2.387E-02
 -9.2512500E+03  1.461E-01 -5.867E+00 -2.511E-01
 -9.2507500E+03  4.657E-02 -6.375E+00  1.016E-01
 -9.2502500E+03  9.672E-02 -6.178E+00 -6.946E-02
 -9.2497500E+03  8.237E-02 -6.005E+00 -3.921E-02
 -9.2492500E+03  2.139E-01 -5.383E+00 -5.091E-01
 -9.2487500E+03  1.530E-01 -5.890E+00 -2.638E-01
 -9.2482500E+03  1.646E-01 -5.720E+00 -3.118E-01
 -9.2477500E+03  3.963E-03 -5.444E+00  2.141E-01
 -9.2472500E+03  8.322E-02 -5.408E+00 -6.731E-02
 -9.2467500E+03  5.778E-02 -5.372E+00  2.302E-02
 -9.2462500E+03  1.915E-01 -5.336E+00 -4.156E-01
 -9.2457500E+03  1.721E-01 -5.593E+00 -3.384E-01
 -9.2452500E+03  1.525E-01 -5.572E+00 -2.863E-01
 -9.2447500E+03 -1.660E-02 -5.481E+00  2.844E-01
 -9.2442500E+03  1.833E-01 -5.446E+00 -3.844E-01
 -9.2437500E+03  1.422E-01 -5.409E+00 -2.459E-01
 -9.2432500E+03  1.723E-01 -5.153E+00 -3.715E-01
 -9.2427500E+03  9.842E-02 -5.268E+00 -1.112E-01
 -9.2422500E+03  7.496E-02 -5.514E+00 -2.691E-02
 -9.2417500E+03  2.397E-01 -4.908E+00 -6.044E-01
 -9.2412500E+03  1.322E-01 -5.170E+00 -2.484E-01
 -9.2407500E+03  9.340E-02 -5.009E+00 -1.094E-01
 -9.2402500E+03 -4.362E-02 -5.256E+00  3.548E-01
 -9.2397500E+03  6.731E-02 -5.495E+00  1.263E-02
 -9.2392500E+03  1.452E-01 -4.761E+00 -2.831E-01
 -9.2387500E+03  1.430E-01 -4.934E+00 -2.674E-01
 -9.2382500E+03  4.629E-02 -5.109E+00  6.117E-02
 -9.2377500E+03  1.537E-01 -4.925E+00 -3.110E-01
 -9.2372500E+03  1.581E-01 -5.001E+00 -3.273E-01
 -9.2367500E+03  1.197E-01 -5.228E+00 -1.929E-01
 -9.2362500E+03  7.659E-03 -4.902E+00  1.621E-01
 -9.2357500E+03  3.935E-02 -4.820E+00  7.134E-02
 -9.2352500E+03  1.536E-01 -4.938E+00 -3.038E-01
 -9.2347500E+03  9.918E-02 -5.316E+00 -1.068E-01
 -9.2342500E+03  1.504E-01 -5.223E+00 -2.947E-01
 -9.2337500E+03  1.684E-01 -5.183E+00 -3.417E-01
 -9.2332500E+03  1.440E-01 -4.744E+00 -2.696E-01
 -9.2327500E+03 -1.788E-02 -4.697E+00  2.462E-01
 -9.2322500E+03  1.274E-01 -4.473E+00 -2.432E-01
 -9.2317500E+03  1.657E-01 -4.355E+00 -3.827E-01
 -9.2312500E+03  2.031E-01 -4.754E+00 -4.798E-01
 -9.2307500E+03  4.971E-02 -5.187E+00  5.568E-02
 -9.2302500E+03  1.623E-01 -4.391E+00 -3.419E-01
 -9.2297500E+03  8.036E-02 -3.691E+00 -1.343E-01
 -9.2292500E+03  1.218E-01 -4.241E+00 -2.509E-01
 -9.2287500E+03  1.125E-01 -4.558E+00 -1.943E-01
 -9.2282500E+03  1.125E-03 -4.746E+00  2.150E-01
 -9.2277500E+03  7.853E-02 -4.569E+00 -7.726E-02
 -9.2272500E+03  3.042E-02 -4.854E+00  9.543E-02
 -9.2267500E+03  1.535E-01 -4.311E+00 -3.425E-01
 -9.2262500E+03  1.824E-01 -4.209E+00 -4.427E-01
 -9.2257500E+03  9.486E-02 -4.323E+00 -1.217E-01
 -9.2252500E+03  1.256E-01 -4.231E+00 -2.199E-01
 -9.2247500E+03  8.155E-02 -4.065E+00 -1.021E-01
 -9.2242500E+03  1.354E-01 -3.942E+00 -2.899E-01
 -9.2237500E+03  9.449E-02 -4.637E+00 -1.129E-01
 -9.2232500E+03  4.234E-02 -4.467E+00  5.186E-02
 -9.2227500E+03  1.475E-01 -4.266E+00 -2.944E-01
 -9.2222500E+03  1.405E-01 -4.618E+00 -2.726E-01
 -9.2217500E+03  5.307E-02 -4.133E+00 -5.689E-03
 -9.2212500E+03  4.764E-02 -3.964E+00  1.289E-06
 -9.2207500E+03  1.041E-01 -3.893E+00 -1.694E-01
 -9.2202500E+03  2.018E-01 -3.976E+00 -5.162E-01
 -9.2197500E+03  1.690E-01 -4.292E+00 -3.816E-01
 -9.2192500E+03 -2.163E-02 -4.449E+00  2.571E-01
 -9.2187500E+03  8.229E-02 -3.927E+00 -1.084E-01
 -9.2182500E+03  1.034E-01 -3.964E+00 -1.743E-01
 -9.2177500E+03  4.464E-02 -3.957E+00  1.202E-02
 -9.2172500E+03  6.421E-02 -4.363E+00 -4.217E-02
 -9.2167500E+03  7.146E-02 -3.947E+00 -6.654E-02
 -9.2162500E+03  6.901E-02 -3.915E+00 -6.428E-02
 -9.2157500E+03  1.125E-01 -3.712E+00 -2.144E-01
 -9.2152500E+03  1.136E-01 -3.953E+00 -2.165E-01
 -9.2147500E+03  1.582E-01 -3.850E+00 -3.618E-01
 -9.2142500E+03  1.196E-01 -4.009E+00 -2.596E-01
 -9.2137500E+03  1.796E-01 -4.019E+00 -4.190E-01
 -9.2132500E+03  1.476E-01 -3.858E+00 -2.967E-01
 -9.2127500E+03  7.223E-02 -3.753E+00 -8.525E-02
 -9.2122500E+03  4.041E-02 -3.602E+00  2.923E-02
 -9.2117500E+03  9.218E-02 -3.689E+00 -1.425E-01
 -9.2112500E+03  5.085E-02 -3.784E+00  4.277E-03
 -9.2107500E+03  9.315E-02 -3.746E+00 -1.668E-01
 -9.2102500E+03  4.236E-02 -3.690E+00  1.644E-02
 -9.2097500E+03  3.950E-02 -3.835E+00  1.273E-02
 -9.2092500E+03  1.007E-01 -3.419E+00 -1.900E-01
 -9.2087500E+03  1.395E-01 -3.599E+00 -3.053E-01
 -9.2082500E+03  1.346E-01 -3.373E+00 -3.087E-01
 -9.2077500E+03  9.156E-03 -3.456E+00  1.109E-01
 -9.2072500E+03  1.047E-01 -3.815E+00 -1.854E-01
 -9.2067500E+03  3.269E-02 -3.610E+00  4.786E-02
 -9.2062500E+03  6.290E-02 -3.369E+00 -4.661E-02
 -9.2057500E+03  8.502E-02 -3.195E+00 -1.568E-01
 -9.2052500E+03  9.073E-02 -3.454E+00 -1.601E-01
 -9.2047500E+03  1.210E-01 -3.587E+00 -2.433E-01
 -9.2042500E+03  9.851E-02 -3.579E+00 -1.740E-01
 -9.2037500E+03  4.282E-02 -3.277E+00 -2.547E-03
 -9.2032500E+03  7.047E-02 -3.357E+00 -1.086E-01
 -9.2027500E+03  2.185E-02 -3.428E+00  7.114E-02
 -9.2022500E+03  3.983E-02 -3.604E+00  1.562E-02
 -9.2017500E+03  4.299E-02 -3.746E+00  1.245E-02
 -9.2012500E+03  4.683E-02 -3.473E+00 -1.345E-02
 -9.2007500E+03  9.305E-02 -3.292E+00 -1.797E-01
 -9.2002500E+03  9.557E-02 -3.135E+00 -1.834E-01
 -9.1997500E+03  6.082E-02 -3.155E+00 -7.140E-02
 -9.1992500E+03  1.069E-01 -3.260E+00 -2.144E-01
 -9.1987500E+03  1.308E-01 -3.143E+00 -2.843E-01
 -9.1982500E+03  1.505E-01 -2.823E+00 -3.726E-01
 -9.1977500E+03  5.298E-02 -3.227E+00 -3.499E-02
 -9.1972500E+03  3.284E-02 -3.114E+00  3.070E-02
 -9.1967500E+03  1.285E-01 -3.067E+00 -3.047E-01
 -9.1962500E+03  5.063E-03 -2.910E+00  1.107E-01
 -9.1957500E+03  5.873E-02 -3.129E+00 -4.697E-02
 -9.1952500E+03  1.319E-01 -3.198E+00 -3.011E-01
 -9.1947500E+03  1.101E-01 -3.376E+00 -2.142E-01
 -9.1942500E+03  6.975E-02 -3.370E+00 -9.371E-02
 -9.1937500E+03  1.499E-01 -3.105E+00 -3.706E-01
 -9.1932500E+03  7.162E-02 -2.703E+00 -1.406E-01
 -9.1927500E+03  3.725E-02 -3.070E+00 -1.354E-02
 -9.1922500E+03  5.518E-02 -3.151E+00 -4.724E-02
 -9.1917500E+03  9.736E-02 -3.010E+00 -1.865E-01
 -9.1912500E+03  5.898E-02 -2.849E+00 -5.591E-02
 -9.1907500E+03  1.899E-02 -3.066E+00  6.581E-02
 -9.1902500E+03  9.407E-02 -3.240E+00 -1.764E-01
 -9.1897500E+03  2.125E-02 -3.050E+00  6.827E-02
 -9.1892500E+03  4.744E-03 -3.031E+00  1.113E-01
 -9.1887500E+03  4.341E-02 -2.749E+00 -2.577E-02
 -9.1882500E+03  9.618E-02 -2.853E+00 -1.941E-01
 -9.1877500E+03  1.059E-01 -3.103E+00 -2.235E-01
 -9.1872500E+03  1.491E-01 -2.966E+00 -3.837E-01
 -9.1867500E+03  8.379E-02 -2.968E+00 -1.631E-01
 -9.1862500E+03  5.974E-02 -2.890E+00 -6.666E-02
 -9.1857500E+03  7.585E-03 -2.676E+00  9.794E-02
 -9.1852500E+03  6.970E-04 -2.877E+00  1.063E-01
 -9.1847500E+03  1.528E-01 -2.938E+00 -3.858E-01
 -9.1842500E+03  1.358E-01 -2.909E+00 -3.227E-01
 -9.1837500E+03  1.508E-02 -2.839E+00  6.795E-02
 -9.1832500E+03  7.546E-02 -2.803E+00 -1.235E-01
 -9.1827500E+03  7.407E-02 -2.844E+00 -1.302E-01
 -9.1822500E+03  6.436E-02 -2.678E+00 -8.003E-02
 -9.1817500E+03  7.037E-02 -2.508E+00 -1.130E-01
 -9.1812500E+03  8.288E-03 -2.602E+00  7.860E-02
 -9.1807500E+03  8.695E-03 -2.852E+00  8.085E-02
 -9.1802500E+03  8.726E-02 -2.708E+00 -1.646E-01
 -9.1797500E+03  1.161E-01 -2.632E+00 -2.805E-01
 -9.1792500E+03  1.594E-02 -2.612E+00  6.625E-02
 -9.1787500E+03  6.087E-02 -2.655E+00 -9.345E-02
 -9.1782500E+03  3.953E-02 -2.694E+00 -1.456E-02
 -9.1777500E+03  4.546E-02 -2.661E+00 -3.566E-02
 -9.1772500E+03  4.497E-02 -2.477E+00 -3.553E-02
 -9.1767500E+03  9.910E-02 -2.724E+00 -1.964E-01
 -9.1762500E+03  6.005E-02 -2.875E+00 -7.922E-02
 -9.1757500E+03  9.796E-02 -2.731E+00 -2.074E-01
 -9.1752500E+03  7.279E-02 -2.280E+00 -1.208E-01
 -9.1747500E+03  5.422E-02 -2.664E+00 -7.012E-02
 -9.1742500E+03  4.762E-02 -2.358E+00 -4.863E-02
 -9.1737500E+03  3.144E-02 -2.638E+00  2.874E-03
 -9.1732500E+03  7.979E-02 -2.527E+00 -1.617E-01
 -9.1727500E+03  6.371E-02 -2.500E+00 -1.016E-01
 -9.1722500E+03  6.347E-02 -2.205E+00 -1.053E-01
 -9.1717500E+03  1.924E-02 -2.290E+00  4.386E-02
 -9.1712500E+03 -3.140E-03 -2.420E+00  1.328E-01
 -9.1707500E+03  4.142E-02 -2.436E+00 -4.458E-02
 -9.1702500E+03  7.759E-02 -2.419E+00 -1.551E-01
 -9.1697500E+03  3.050E-02 -2.527E+00  6.527E-04
 -9.1692500E+03  1.216E-01 -2.597E+00 -2.765E-01
 -9.1687500E+03  1.555E-01 -2.245E+00 -4.189E-01
 -9.1682500E+03  1.031E-01 -2.486E+00 -2.373E-01
 -9.1677500E+03  6.896E-03 -2.278E+00  2.089E-02
 -9.1672500E+03  6.481E-02 -2.647E+00 -1.445E-01
 -9.1667500E+03  6.460E-02 -2.378E+00 -1.204E-01
 -9.1662500E+03  4.794E-02 -2.142E+00 -5.722E-02
 -9.1657500E+03 -4.901E-03 -2.400E+00  1.183E-01
 -9.1652500E+03  6.454E-02 -2.418E+00 -8.850E-02
 -9.1647500E+03  1.321E-01 -2.401E+00 -3.267E-01
 -9.1642500E+03  1.227E-02 -2.187E+00  4.531E-02
 -9.1637500E+03  1.080E-02 -2.111E+00  5.501E-02
 -9.1632500E+03  1.265E-02 -2.288E+00  6.319E-02
 -9.1627500E+03  7.210E-02 -2.304E+00 -1.390E-01
 -9.1622500E+03  6.037E-02 -2.278E+00 -8.913E-02
 -9.1617500E+03  8.040E-02 -2.225E+00 -1.708E-01
 -9.1612500E+03  6.126E-02 -2.164E+00 -1.075E-01
 -9.1607500E+03  1.098E-01 -2.389E+00 -2.733E-01
 -9.1602500E+03  6.713E-02 -2.081E+00 -1.335E-01
 -9.1597500E+03  9.527E-02 -2.332E+00 -2.255E-01
 -9.1592500E+03  3.395E-02 -2.275E+00 -2.012E-02
 -9.1587500E+03  2.466E-02 -2.106E+00  1.499E-02
 -9.1582500E+03  1.441E-02 -2.111E+00  4.343E-02
 -9.1577500E+03  5.218E-02 -2.054E+00 -9.454E-02
 -9.1572500E+03  3.742E-02 -2.269E+00 -1.731E-02
 -9.1567500E+03  2.076E-02 -2.280E+00  2.225E-02
 -9.1562500E+03 -8.674E-03 -2.215E+00  1.173E-01
 -9.1557500E+03  4.971E-02 -1.956E+00 -7.741E-02
 -9.1552500E+03  8.185E-02 -2.218E+00 -1.586E-01
 -9.1547500E+03  8.903E-02 -2.030E+00 -1.962E-01
 -9.1542500E+03  2.498E-02 -2.040E+00 -1.755E-03
 -9.1537500E+03  4.898E-02 -2.089E+00 -8.437E-02
 -9.1532500E+03  6.300E-02 -1.960E+00 -1.196E-01
 -9.1527500E+03  4.981E-02 -2.048E+00 -7.389E-02
 -9.1522500E+03  4.917E-02 -1.980E+00 -6.427E-02
 -9.1517500E+03  5.936E-02 -1.976E+00 -1.008E-01
 -9.1512500E+03 -3.776E-02 -1.961E+00  2.140E-01
 -9.1507500E+03  2.245E-02 -2.069E+00  5.284E-02
 -9.1502500E+03  5.056E-02 -2.109E+00 -8.029E-02
 -9.1497500E+03  7.471E-02 -2.052E+00 -1.491E-01
 -9.1492500E+03  7.680E-02 -1.827E+00 -1.636E-01
 -9.1487500E+03  4.639E-02 -1.923E+00 -6.590E-02
 -9.1482500E+03  7.950E-02 -1.980E+00 -1.807E-01
 -9.1477500E+03  5.512E-02 -2.025E+00 -8.184E-02
 -9.1472500E+03  3.500E-02 -2.012E+00 -6.286E-02
 -9.1467500E+03  6.939E-02 -1.943E+00 -1.368E-01
 -9.1462500E+03  7.051E-02 -2.138E+00 -9.010E-02
 -9.1457500E+03  5.746E-02 -2.106E+00 -8.913E-02
 -9.1452500E+03  3.082E-02 -1.912E+00 -1.909E-02
 -9.1447500E+03  2.945E-02 -1.716E+00 -4.508E-03
 -9.1442500E+03  5.305E-02 -2.026E+00 -9.307E-02
 -9.1437500E+03  6.932E-02 -1.780E+00 -1.471E-01
 -9.1432500E+03  3.855E-02 -1.706E+00 -5.135E-02
 -9.1427500E+03  5.497E-03 -1.972E+00  7.063E-02
 -9.1422500E+03  5.446E-02 -1.805E+00 -1.251E-01
 -9.1417500E+03  8.081E-02 -1.622E+00 -1.898E-01
 -9.1412500E+03  3.739E-02 -1.873E+00 -3.831E-02
 -9.1407500E+03  4.957E-02 -1.883E+00 -7.794E-02
 -9.1402500E+03  4.799E-02 -2.067E+00 -6.924E-02
 -9.1397500E+03  5.024E-02 -1.895E+00 -9.827E-02
 -9.1392500E+03  7.447E-03 -1.865E+00  5.690E-02
 -9.1387500E+03  1.229E-02 -1.952E+00  3.804E-02
 -9.1382500E+03  6.801E-02 -2.010E+00 -1.421E-01
 -9.1377500E+03  3.654E-02 -1.723E+00 -3.715E-02
 -9.1372500E+03  2.098E-02 -1.721E+00  2.209E-02
 -9.1367500E+03  5.864E-02 -1.708E+00 -1.175E-01
 -9.1362500E+03  3.871E-02 -1.685E+00 -6.209E-02
 -9.1357500E+03  1.471E-02 -1.895E+00  4.216E-02
 -9.1352500E+03  2.179E-02 -1.698E+00  2.468E-03
 -9.1347500E+03  6.942E-02 -1.679E+00 -1.572E-01
 -9.1342500E+03  3.097E-02 -1.851E+00 -2.717E-02
 -9.1337500E+03  5.721E-02 -1.663E+00 -1.086E-01
 -9.1332500E+03  8.621E-02 -1.602E+00 -2.107E-01
 -9.1327500E+03  6.845E-02 -1.598E+00 -1.621E-01
 -9.1322500E+03  7.977E-02 -1.649E+00 -2.045E-01
 -9.1317500E+03  4.069E-02 -1.885E+00 -3.319E-02
 -9.1312500E+03  7.877E-02 -1.511E+00 -1.778E-01
 -9.1307500E+03  2.662E-02 -1.784E+00 -2.282E-02
 -9.1302500E+03  9.865E-03 -1.737E+00  5.466E-02
 -9.1297500E+03 -7.826E-03 -1.661E+00  1.043E-01
 -9.1292500E+03  2.434E-02 -1.448E+00 -2.567E-03
 -9.1287500E+03  8.842E-02 -1.517E+00 -2.046E-01
 -9.1282500E+03  3.073E-02 -1.457E+00 -4.412E-02
 -9.1277500E+03 -1.033E-02 -1.534E+00  9.467E-02
 -9.1272500E+03  3.772E-02 -1.658E+00 -4.115E-02
 -9.1267500E+03  8.012E-02 -1.739E+00 -1.906E-01
 -9.1262500E+03  1.756E-02 -1.499E+00  1.909E-02
 -9.1257500E+03 -2.843E-02 -1.552E+00  1.641E-01
 -9.1252500E+03  3.549E-02 -1.604E+00 -3.762E-02
 -9.1247500E+03  4.640E-02 -1.552E+00 -8.274E-02
 -9.1242500E+03 -7.452E-03 -1.717E+00  1.049E-01
 -9.1237500E+03  4.105E-02 -1.424E+00 -6.797E-02
 -9.1232500E+03  3.336E-02 -1.670E+00 -5.894E-02
 -9.1227500E+03  1.172E-02 -1.596E+00  1.572E-02
 -9.1222500E+03  6.543E-02 -1.630E+00 -1.588E-01
 -9.1217500E+03  6.832E-02 -1.436E+00 -1.568E-01
 -9.1212500E+03  2.604E-02 -1.528E+00 -1.648E-02
 -9.1207500E+03 -1.274E-02 -1.761E+00  1.156E-01
 -9.1202500E+03  9.159E-02 -1.561E+00 -2.389E-01
 -9.1197500E+03  5.923E-02 -1.441E+00 -1.305E-01
 -9.1192500E+03  7.201E-02 -1.471E+00 -1.651E-01
 -9.1187500E+03  1.716E-02 -1.260E+00  1.375E-02
 -9.1182500E+03  3.534E-02 -1.494E+00 -4.228E-02
 -9.1177500E+03  4.600E-02 -1.443E+00 -8.932E-02
 -9.1172500E+03  1.443E-03 -1.399E+00  3.801E-02
 -9.1167500E+03  7.781E-03 -1.460E+00  3.068E-02
 -9.1162500E+03  4.053E-02 -1.514E+00 -5.584E-02
 -9.1157500E+03  7.006E-02 -1.458E+00 -1.606E-01
 -9.1152500E+03  4.244E-02 -1.322E+00 -8.083E-02
 -9.1147500E+03 -2.896E-02 -1.509E+00  1.714E-01
 -9.1142500E+03  2.833E-03 -1.655E+00  4.191E-02
 -9.1137500E+03  2.381E-02 -1.610E+00 -9.468E-03
 -9.1132500E+03  1.653E-02 -1.425E+00  1.017E-02
 -9.1127500E+03  6.087E-02 -1.364E+00 -1.430E-01
 -9.1122500E+03  3.239E-02 -1.268E+00 -5.219E-02
 -9.1117500E+03  2.183E-02 -1.497E+00  3.846E-03
 -9.1112500E+03  5.808E-02 -1.403E+00 -1.551E-01
 -9.1107500E+03  5.855E-02 -1.424E+00 -1.361E-01
 -9.1102500E+03  3.466E-02 -1.448E+00 -4.445E-02
 -9.1097500E+03  2.111E-02 -1.292E+00 -1.214E-02
 -9.1092500E+03  1.018E-01 -1.469E+00 -2.610E-01
 -9.1087500E+03 -2.522E-03 -1.197E+00  6.676E-02
 -9.1082500E+03 -2.650E-02 -1.332E+00  1.487E-01
 -9.1077500E+03 -9.782E-03 -1.518E+00  9.934E-02
 -9.1072500E+03  2.193E-02 -1.357E+00 -1.734E-02
 -9.1067500E+03  3.984E-02 -1.375E+00 -6.467E-02
 -9.1062500E+03  7.052E-02 -1.401E+00 -1.753E-01
 -9.1057500E+03  7.275E-02 -1.536E+00 -1.711E-01
 -9.1052500E+03  2.877E-02 -1.446E+00 -4.343E-02
 -9.1047500E+03  6.991E-03 -1.282E+00  3.412E-02
 -9.1042500E+03  4.213E-02 -1.308E+00 -7.242E-02
 -9.1037500E+03  4.569E-02 -1.298E+00 -1.080E-01
 -9.1032500E+03  2.903E-02 -1.308E+00 -4.063E-02
 -9.1027500E+03  5.116E-03 -1.234E+00  3.408E-02
 -9.1022500E+03  2.501E-02 -1.325E+00 -2.490E-02
 -9.1017500E+03  3.904E-02 -1.285E+00 -7.503E-02
 -9.1012500E+03  3.913E-03 -1.456E+00  5.676E-02
 -9.1007500E+03  3.109E-02 -1.055E+00 -4.835E-02
 -9.1002500E+03  5.583E-02 -1.310E+00 -1.174E-01
 -9.0997500E+03  8.367E-02 -1.138E+00 -2.333E-01
 -9.0992500E+03  2.118E-02 -1.196E+00 -3.747E-02
 -9.0987500E+03  3.267E-02 -1.347E+00 -4.665E-02
 -9.0982500E+03  2.980E-02 -1.415E+00 -1.979E-02
 -9.0977500E+03  2.154E-02 -1.310E+00 -9.709E-03
 -9.0972500E+03 -5.501E-03 -1.129E+00  7.781E-02
 -9.0967500E+03  4.114E-02 -1.423E+00 -7.839E-02
 -9.0962500E+03  2.533E-02 -1.404E+00 -2.307E-02
 -9.0957500E+03  3.260E-02 -1.200E+00 -6.471E-02
 -9.0952500E+03  4.345E-02 -1.201E+00 -9.364E-02
 -9.0947500E+03  1.844E-02 -1.111E+00 -2.314E-03
 -9.0942500E+03 -2.574E-02 -1.328E+00  1.025E-01
 -9.0937500E+03 -5.042E-03 -1.386E+00  6.726E-02
 -9.0932500E+03  9.333E-02 -1.239E+00 -2.078E-01
 -9.0927500E+03  6.209E-02 -1.101E+00 -1.756E-01
 -9.0922500E+03  3.438E-02 -1.162E+00 -6.090E-02
 -9.0917500E+03  4.008E-02 -1.407E+00 -6.148E-02
 -9.0912500E+03  3.119E-02 -1.308E+00 -3.283E-02
 -9.0907500E+03  3.351E-02 -1.130E+00 -5.461E-02
 -9.0902500E+03  2.803E-02 -1.101E+00 -3.900E-02
 -9.0897500E+03 -1.431E-04 -1.183E+00  4.795E-02
 -9.0892500E+03  7.830E-02 -1.093E+00 -2.043E-01
 -9.0887500E+03  2.886E-02 -1.148E+00 -4.845E-02
 -9.0882500E+03  1.996E-02 -1.095E+00 -1.402E-02
 -9.0877500E+03  1.611E-02 -1.292E+00  7.041E-04
 -9.0872500E+03  1.919E-02 -1.179E+00 -1.105E-03
 -9.0867500E+03  5.022E-02 -1.038E+00 -1.152E-01
 -9.0862500E+03 -6.451E-03 -1.096E+00  6.309E-02
 -9.0857500E+03  1.761E-02 -9.591E-01 -2.498E-02
 -9.0852500E+03  3.587E-02 -1.147E+00 -6.590E-02
 -9.0847500E+03 -2.075E-03 -1.075E+00  4.901E-02
 -9.0842500E+03  9.687E-03 -1.119E+00  2.097E-02
 -9.0837500E+03  2.379E-02 -1.163E+00 -5.093E-02
 -9.0832500E+03  5.375E-02 -1.198E+00 -1.431E-01
 -9.0827500E+03  3.030E-02 -1.121E+00 -5.918E-02
 -9.0822500E+03  2.709E-02 -1.055E+00 -3.933E-02
 -9.0817500E+03  2.492E-02 -1.101E+00 -2.209E-02
 -9.0812500E+03  4.083E-03 -1.189E+00  8.246E-02
 -9.0807500E+03  1.728E-03 -1.173E+00  4.738E-02
 -9.0802500E+03  2.289E-02 -9.906E-01 -3.293E-02
 -9.0797500E+03  2.582E-02 -1.196E+00 -1.716E-02
 -9.0792500E+03  3.184E-02 -1.081E+00 -6.745E-02
 -9.0787500E+03  5.049E-02 -9.032E-01 -1.401E-01
 -9.0782500E+03  1.258E-02 -1.017E+00 -3.217E-02
 -9.0777500E+03  3.292E-02 -1.223E+00  3.459E-03
 -9.0772500E+03  2.304E-02 -1.090E+00 -3.537E-02
 -9.0767500E+03  4.246E-02 -9.616E-01 -8.717E-02
 -9.0762500E+03 -4.794E-03 -9.953E-01  1.018E-01
 -9.0757500E+03  1.160E-02 -9.791E-01 -4.775E-03
 -9.0752500E+03  3.455E-02 -1.036E+00 -8.076E-02
 -9.0747500E+03 -1.950E-02 -1.188E+00  1.122E-01
 -9.0742500E+03  3.675E-02 -1.109E+00 -4.481E-02
 -9.0737500E+03  3.533E-02 -9.518E-01 -7.365E-02
 -9.0732500E+03  7.188E-02 -1.057E+00 -2.013E-01
 -9.0727500E+03  3.755E-02 -1.013E+00 -8.600E-02
 -9.0722500E+03  2.283E-02 -9.528E-01 -2.972E-02
 -9.0717500E+03  5.443E-02 -9.449E-01 -1.305E-01
 -9.0712500E+03  1.329E-02 -8.971E-01  5.087E-03
 -9.0707500E+03 -5.478E-04 -1.049E+00  4.381E-02
 -9.0702500E+03 -8.538E-03 -1.169E+00  7.651E-02
 -9.0697500E+03  1.356E-02 -9.292E-01 -7.314E-03
 -9.0692500E+03  3.488E-02 -1.102E+00 -7.706E-02
 -9.0687500E+03  4.840E-02 -1.087E+00 -1.076E-01
 -9.0682500E+03  2.277E-02 -9.924E-01 -2.593E-02
 -9.0677500E+03  1.667E-02 -9.964E-01 -1.361E-02
 -9.0672500E+03 -2.000E-02 -8.979E-01  9.794E-02
 -9.0667500E+03  2.564E-02 -1.070E+00 -1.910E-02
 -9.0662500E+03  3.796E-02 -1.013E+00 -8.056E-02
 -9.0657500E+03  2.571E-02 -7.625E-01 -7.874E-02
 -9.0652500E+03  7.159E-02 -9.075E-01 -2.113E-01
 -9.0647500E+03 -9.713E-03 -1.049E+00  9.794E-02
 -9.0642500E+03  1.490E-02 -9.402E-01  1.686E-03
 -9.0637500E+03  5.500E-03 -9.698E-01  2.560E-02
 -9.0632500E+03  3.619E-02 -8.116E-01 -7.104E-02
 -9.0627500E+03 -2.749E-02 -7.853E-01  1.304E-01
 -9.0622500E+03  3.980E-02 -9.812E-01 -7.940E-02
 -9.0617500E+03  6.117E-02 -1.126E+00 -1.475E-01
 -9.0612500E+03 -7.522E-05 -9.930E-01  4.214E-02
 -9.0607500E+03  1.610E-02 -8.465E-01 -1.055E-02
 -9.0602500E+03 -3.164E-03 -9.721E-01  5.742E-02
 -9.0597500E+03  3.758E-03 -7.940E-01  2.173E-02
 -9.0592500E+03  2.717E-02 -9.586E-01 -5.399E-02
 -9.0587500E+03  3.523E-02 -8.727E-01 -8.014E-02
 -9.0582500E+03  3.298E-02 -7.360E-01 -6.846E-02
 -9.0577500E+03  5.262E-02 -9.076E-01 -1.307E-01
 -9.0572500E+03  8.977E-04 -9.991E-01  3.504E-02
 -9.0567500E+03  4.208E-02 -7.405E-01 -8.976E-02
 -9.0562500E+03  2.172E-02 -9.342E-01 -1.629E-02
 -9.0557500E+03  4.551E-02 -8.414E-01 -1.407E-01
 -9.0552500E+03 -5.139E-03 -7.558E-01  6.803E-02
 -9.0547500E+03  1.476E-02 -9.367E-01 -7.415E-03
 -9.0542500E+03  4.042E-02 -8.779E-01 -9.745E-02
 -9.0537500E+03  2.027E-02 -7.284E-01 -6.732E-02
 -9.0532500E+03  3.070E-02 -8.728E-01 -6.147E-02
 -9.0527500E+03  1.441E-02 -8.849E-01  6.404E-03
 -9.0522500E+03 -6.623E-03 -7.183E-01  6.948E-02
 -9.0517500E+03  4.111E-03 -7.694E-01  5.050E-02
 -9.0512500E+03  1.745E-02 -9.376E-01 -1.812E-02
 -9.0507500E+03  4.224E-02 -8.724E-01 -9.096E-02
 -9.0502500E+03  3.477E-02 -8.106E-01 -7.663E-02
 -9.0497500E+03  3.163E-02 -8.680E-01 -6.305E-02
 -9.0492500E+03 -2.541E-02 -9.050E-01  1.250E-01
 -9.0487500E+03  1.795E-02 -8.422E-01 -1.622E-02
 -9.0482500E+03  9.184E-03 -8.507E-01  3.137E-04
 -9.0477500E+03  3.524E-02 -8.501E-01 -8.737E-02
 -9.0472500E+03  5.085E-02 -7.900E-01 -1.363E-01
 -9.0467500E+03  6.182E-02 -7.079E-01 -1.873E-01
 -9.0462500E+03  5.459E-02 -8.755E-01 -1.358E-01
 -9.0457500E+03 -2.548E-02 -7.915E-01  1.194E-01
 -9.0452500E+03  4.089E-02 -8.480E-01 -9.710E-02
 -9.0447500E+03 -5.919E-04 -8.115E-01  4.723E-02
 -9.0442500E+03  2.332E-02 -9.338E-01 -5.953E-02
 -9.0437500E+03  1.372E-03 -8.793E-01  9.947E-03
 -9.0432500E+03 -3.655E-02 -8.604E-01  1.540E-01
 -9.0427500E+03  2.877E-02 -7.102E-01 -4.241E-02
 -9.0422500E+03  2.789E-02 -8.211E-01 -5.866E-02
 -9.0417500E+03  2.560E-02 -6.939E-01 -5.035E-02
 -9.0412500E+03  2.814E-03 -7.722E-01  2.621E-02
 -9.0407500E+03  6.606E-02 -8.386E-01 -1.812E-01
 -9.0402500E+03  8.154E-04 -7.584E-01  2.471E-02
 -9.0397500E+03 -2.369E-02 -7.421E-01  1.114E-01
 -9.0392500E+03  2.459E-02 -8.468E-01 -4.597E-02
 -9.0387500E+03  6.385E-03 -8.658E-01  9.302E-03
 -9.0382500E+03  9.355E-03 -7.257E-01  1.622E-02
 -9.0377500E+03  2.739E-02 -8.748E-01 -3.595E-02
 -9.0372500E+03  4.782E-02 -7.360E-01 -1.343E-01
 -9.0367500E+03  2.315E-02 -6.180E-01 -1.108E-02
 -9.0362500E+03  4.616E-03 -7.448E-01  9.067E-03
 -9.0357500E+03  3.161E-02 -8.306E-01 -6.434E-02
 -9.0352500E+03 -2.625E-02 -8.935E-01  1.301E-01
 -9.0347500E+03  4.271E-02 -7.990E-01 -8.947E-02
 -9.0342500E+03  1.554E-02 -6.424E-01 -2.101E-02
 -9.0337500E+03  4.235E-02 -6.968E-01 -9.613E-02
 -9.0332500E+03  1.536E-04 -8.834E-01  4.222E-02
 -9.0327500E+03  3.827E-02 -7.576E-01 -8.423E-02
 -9.0322500E+03  5.217E-03 -7.391E-01 -3.785E-03
 -9.0317500E+03  2.450E-02 -7.365E-01 -6.520E-02
 -9.0312500E+03  3.805E-02 -6.874E-01 -8.464E-02
 -9.0307500E+03  1.950E-02 -7.659E-01 -3.976E-02
 -9.0302500E+03  1.035E-02 -7.828E-01  1.041E-02
 -9.0297500E+03  2.034E-02 -6.529E-01 -3.470E-02
 -9.0292500E+03  4.455E-02 -5.640E-01 -1.233E-01
 -9.0287500E+03  3.773E-02 -5.746E-01 -8.550E-02
 -9.0282500E+03  1.690E-02 -6.454E-01 -2.514E-02
 -9.0277500E+03  3.600E-02 -8.287E-01 -1.444E-01
 -9.0272500E+03 -2.728E-02 -7.863E-01  9.627E-02
 -9.0267500E+03  4.396E-02 -8.056E-01 -1.803E-04
 -9.0262500E+03  2.840E-02 -9.157E-01 -4.437E-02
 -9.0257500E+03  4.776E-02 -7.628E-01 -1.196E-01
 -9.0252500E+03 -1.841E-02 -5.828E-01 -2.372E-02
 -9.0247500E+03  1.852E-02 -5.765E-01 -4.518E-02
 -9.0242500E+03  6.544E-03 -7.925E-01  1.557E-02
 -9.0237500E+03  3.069E-02 -7.091E-01 -7.391E-02
 -9.0232500E+03  3.153E-02 -7.386E-01 -7.580E-02
 -9.0227500E+03 -4.115E-03 -5.234E-01  4.049E-02
 -9.0222500E+03  1.095E-02 -6.084E-01  8.580E-04
 -9.0217500E+03  4.801E-02 -6.349E-01 -1.338E-01
 -9.0212500E+03  2.985E-02 -7.132E-01 -4.510E-02
 -9.0207500E+03  6.884E-04 -6.026E-01  2.202E-02
 -9.0202500E+03  2.853E-02 -7.072E-01 -5.614E-02
 -9.0197500E+03  3.657E-02 -6.257E-01 -9.087E-02
 -9.0192500E+03  3.303E-02 -6.738E-01 -6.995E-02
 -9.0187500E+03  2.786E-02 -7.882E-01 -5.439E-02
 -9.0182500E+03  2.074E-02 -6.523E-01 -3.470E-02
 -9.0177500E+03 -1.886E-03 -6.317E-01  4.144E-02
 -9.0172500E+03 -1.149E-02 -6.165E-01  5.067E-02
 -9.0167500E+03  2.400E-02 -6.130E-01 -4.889E-02
 -9.0162500E+03 -1.053E-02 -7.252E-01  8.898E-02
 -9.0157500E+03  1.183E-02 -7.076E-01 -2.603E-02
 -9.0152500E+03  4.947E-02 -6.204E-01 -7.740E-02
 -9.0147500E+03  2.187E-02 -6.138E-01  8.420E-03
 -9.0142500E+03 -1.138E-02 -5.833E-01  5.837E-02
 -9.0137500E+03  1.164E-02 -7.339E-01 -1.128E-03
 -9.0132500E+03  3.959E-03 -7.035E-01 -4.702E-03
 -9.0127500E+03  3.874E-02 -6.474E-01 -9.742E-02
 -9.0122500E+03  1.769E-02 -5.459E-01 -2.952E-02
 -9.0117500E+03  5.146E-03 -5.994E-01  1.136E-02
 -9.0112500E+03  3.218E-02 -6.935E-01 -7.454E-02
 -9.0107500E+03  4.384E-02 -6.035E-01 -1.243E-01
 -9.0102500E+03  1.465E-02 -5.395E-01 -1.923E-02
 -9.0097500E+03  2.340E-02 -6.494E-01 -4.021E-02
 -9.0092500E+03  1.086E-02 -6.195E-01 -1.575E-02
 -9.0087500E+03  6.460E-03 -5.828E-01  1.175E-02
 -9.0082500E+03 -8.371E-05 -5.767E-01  2.960E-02
 -9.0077500E+03  9.076E-03 -6.557E-01  2.378E-02
 -9.0072500E+03  9.309E-03 -5.133E-01 -2.557E-03
 -9.0067500E+03  2.429E-02 -7.260E-01 -5.037E-02
 -9.0062500E+03  4.560E-02 -6.164E-01 -1.219E-01
 -9.0057500E+03 -1.144E-02 -5.307E-01  6.541E-02
 -9.0052500E+03 -9.787E-03 -6.331E-01  5.929E-02
 -9.0047500E+03  6.765E-03 -6.776E-01  1.030E-02
 -9.0042500E+03  2.283E-02 -5.863E-01 -3.615E-02
 -9.0037500E+03  1.382E-02 -5.614E-01 -1.500E-02
 -9.0032500E+03  3.493E-02 -5.080E-01 -8.905E-02
 -9.0027500E+03  2.723E-03 -4.657E-01  1.429E-03
 -9.0022500E+03  2.197E-02 -5.355E-01 -3.873E-02
 -9.0017500E+03  4.639E-02 -6.027E-01 -1.197E-01
 -9.0012500E+03  1.545E-02 -5.516E-01 -2.574E-02
 -9.0007500E+03  3.526E-02 -6.804E-01 -7.130E-02
 -9.0002500E+03  6.688E-03 -6.415E-01  1.311E-02
 -8.9997500E+03  2.327E-02 -6.360E-01  1.308E-03
 -8.9992500E+03  3.423E-02 -5.449E-01 -7.924E-02
 -8.9987500E+03  3.555E-02 -5.251E-01 -9.236E-02
 -8.9982500E+03  3.099E-03 -5.547E-01  3.113E-02
 -8.9977500E+03 -1.415E-02 -5.778E-01  8.150E-02
 -8.9972500E+03  1.406E-02 -5.592E-01  3.262E-04
 -8.9967500E+03 -2.191E-02 -5.801E-01  9.561E-02
 -8.9962500E+03 -2.094E-02 -6.139E-01  8.587E-02
 -8.9957500E+03  1.122E-02 -4.816E-01 -2.501E-02
 -8.9952500E+03  1.000E-02 -4.826E-01 -8.346E-03
 -8.9947500E+03  2.088E-02 -6.207E-01 -1.822E-02
 -8.9942500E+03  5.390E-02 -5.756E-01 -1.445E-01
 -8.9937500E+03  1.010E-02 -6.062E-01 -1.341E-02
 -8.9932500E+03  2.102E-02 -5.989E-01 -4.706E-02
 -8.9927500E+03 -9.479E-03 -4.620E-01  5.320E-02
 -8.9922500E+03  1.606E-02 -4.308E-01 -4.512E-02
 -8.9917500E+03  1.482E-02 -5.332E-01 -3.093E-02
 -8.9912500E+03  2.725E-02 -4.956E-01 -7.732E-02
 -8.9907500E+03  1.300E-02 -4.274E-01 -1.953E-02
 -8.9902500E+03  2.433E-02 -5.436E-01 -6.042E-02
 -8.9897500E+03  2.129E-02 -5.821E-01 -4.138E-02
 -8.9892500E+03  9.468E-03 -5.180E-01 -1.910E-04
 -8.9887500E+03  5.462E-02 -5.190E-01 -1.447E-01
 -8.9882500E+03  3.046E-02 -4.561E-01 -6.908E-02
 -8.9877500E+03  1.242E-02 -6.223E-01 -4.148E-03
 -8.9872500E+03  1.150E-03 -5.578E-01  1.889E-02
 -8.9867500E+03  4.559E-03 -5.810E-01  9.596E-03
 -8.9862500E+03  1.662E-02 -6.004E-01 -3.883E-02
 -8.9857500E+03 -3.798E-03 -5.733E-01  1.346E-02
 -8.9852500E+03  4.985E-02 -4.756E-01 -1.297E-01
 -8.9847500E+03  1.231E-02 -4.713E-01 -1.207E-02
 -8.9842500E+03  2.607E-02 -5.112E-01 -2.012E-02
 -8.9837500E+03  9.421E-03 -3.969E-01 -2.126E-02
 -8.9832500E+03 -9.712E-03 -4.244E-01  4.443E-02
 -8.9827500E+03  2.946E-02 -5.293E-01 -6.984E-02
 -8.9822500E+03  3.228E-02 -5.673E-01 -6.890E-02
 -8.9817500E+03  3.628E-02 -4.642E-01 -6.462E-02
 -8.9812500E+03  5.468E-03 -4.780E-01 -7.799E-02
 -8.9807500E+03 -5.673E-03 -5.483E-01  4.165E-02
 -8.9802500E+03 -1.103E-02 -5.160E-01  5.713E-02
 -8.9797500E+03  1.249E-02 -5.370E-01 -2.102E-02
 -8.9792500E+03  2.768E-02 -5.588E-01 -7.183E-02
 -8.9787500E+03  2.276E-02 -4.602E-01 -5.093E-02
 -8.9782500E+03 -1.802E-02 -5.245E-01  6.641E-02
 -8.9777500E+03  1.492E-02 -5.275E-01 -1.026E-02
 -8.9772500E+03 -1.347E-03 -4.886E-01  1.283E-02
 -8.9767500E+03  5.405E-03 -4.668E-01  3.519E-03
 -8.9762500E+03  2.826E-02 -5.083E-01 -6.598E-02
 -8.9757500E+03  2.171E-02 -5.008E-01 -3.613E-02
 -8.9752500E+03  2.584E-02 -5.149E-01 -2.497E-02
 -8.9747500E+03  3.524E-02 -5.113E-01 -8.808E-02
 -8.9742500E+03  9.375E-03 -4.034E-01 -1.147E-02
 -8.9737500E+03  3.437E-02 -5.145E-01 -8.854E-02
 -8.9732500E+03  7.105E-03 -4.949E-01  4.363E-03
 -8.9727500E+03  9.438E-03 -5.207E-01 -7.781E-03
 -8.9722500E+03  6.281E-03 -5.813E-01 -1.040E-03
 -8.9717500E+03  1.550E-02 -5.023E-01 -3.489E-02
 -8.9712500E+03  3.920E-03 -4.166E-01  4.935E-03
 -8.9707500E+03  1.126E-02 -3.585E-01 -2.541E-02
 -8.9702500E+03  2.544E-03 -3.404E-01  1.474E-02
 -8.9697500E+03  1.998E-02 -3.959E-01 -4.401E-02
 -8.9692500E+03 -1.534E-02 -3.770E-01  5.578E-02
 -8.9687500E+03  1.456E-02 -5.102E-01 -2.746E-02
 -8.9682500E+03  1.080E-02 -4.653E-01  7.329E-04
 -8.9677500E+03  1.077E-02 -3.751E-01 -8.060E-03
 -8.9672500E+03 -1.000E-02 -5.368E-01  4.676E-02
 -8.9667500E+03  3.209E-02 -5.065E-01 -9.176E-02
 -8.9662500E+03 -2.101E-03 -3.949E-01  2.014E-02
 -8.9657500E+03  4.771E-03 -5.100E-01  4.907E-03
 -8.9652500E+03  6.789E-03 -4.709E-01  5.365E-03
 -8.9647500E+03  1.924E-02 -4.552E-01 -3.956E-02
 -8.9642500E+03 -1.085E-02 -3.650E-01  6.616E-02
 -8.9637500E+03  3.221E-02 -4.355E-01 -6.423E-02
 -8.9632500E+03  4.343E-02 -4.424E-01 -1.119E-01
 -8.9627500E+03  1.665E-02 -3.656E-01 -1.698E-02
 -8.9622500E+03  1.019E-02 -4.413E-01  2.122E-02
 -8.9617500E+03 -2.989E-02 -4.517E-01  9.019E-02
 -8.9612500E+03  5.493E-03 -4.684E-01 -6.184E-02
 -8.9607500E+03  4.496E-03 -4.028E-01 -1.064E-02
 -8.9602500E+03  4.446E-02 -5.067E-01 -1.294E-01
 -8.9597500E+03  1.112E-02 -5.254E-01  1.033E-02
 -8.9592500E+03  1.932E-02 -3.957E-01 -2.053E-02
 -8.9587500E+03  3.681E-02 -3.890E-01 -8.555E-02
 -8.9582500E+03  1.969E-02 -3.758E-01 -2.965E-02
 -8.9577500E+03  2.927E-03 -3.818E-01  1.721E-02
 -8.9572500E+03  6.144E-03 -3.570E-01  9.771E-03
 -8.9567500E+03 -5.487E-03 -4.051E-01  3.575E-02
 -8.9562500E+03 -1.594E-03 -4.705E-01  2.504E-02
 -8.9557500E+03  1.721E-02 -4.294E-01 -4.500E-02
 -8.9552500E+03  1.016E-02 -4.291E-01 -3.398E-02
 -8.9547500E+03  3.623E-02 -4.038E-01 -1.109E-01
 -8.9542500E+03  2.266E-02 -3.351E-01 -6.326E-02
 -8.9537500E+03  1.347E-02 -4.316E-01 -2.922E-02
 -8.9532500E+03 -2.028E-02 -3.695E-01  8.767E-02
 -8.9527500E+03 -5.628E-03 -4.385E-01  3.767E-02
 -8.9522500E+03  3.608E-02 -4.569E-01 -8.658E-02
 -8.9517500E+03  1.584E-02 -4.422E-01 -1.154E-02
 -8.9512500E+03  1.386E-02 -4.072E-01 -1.689E-02
 -8.9507500E+03  1.231E-02 -3.505E-01 -5.208E-02
 -8.9502500E+03  3.279E-03 -4.004E-01  1.696E-03
 -8.9497500E+03 -8.784E-03 -4.829E-01  3.737E-02
 -8.9492500E+03 -2.579E-03 -4.282E-01  1.474E-02
 -8.9487500E+03  3.110E-02 -3.695E-01 -7.784E-02
 -8.9482500E+03  2.089E-02 -3.283E-01 -5.590E-02
 -8.9477500E+03  1.526E-02 -4.076E-01 -5.028E-03
 -8.9472500E+03  8.171E-03 -4.241E-01  1.012E-03
 -8.9467500E+03 -7.868E-03 -4.101E-01  3.878E-02
 -8.9462500E+03 -3.849E-03 -3.723E-01  3.255E-02
 -8.9457500E+03 -9.469E-03 -4.509E-01  6.941E-02
 -8.9452500E+03  3.332E-02 -3.912E-01 -8.857E-02
 -8.9447500E+03  9.189E-03 -3.331E-01 -1.139E-02
 -8.9442500E+03 -1.135E-02 -4.176E-01  5.167E-02
 -8.9437500E+03  2.018E-02 -3.367E-01 -5.633E-02
 -8.9432500E+03  2.545E-02 -5.026E-01 -4.586E-02
 -8.9427500E+03  4.716E-02 -3.512E-01 -1.366E-01
 -8.9422500E+03  8.751E-03 -3.674E-01 -2.561E-02
