 -1.5027250E+04 -0.000E+00 -0.000E+00  0.000E+00
 -1.5026750E+04 -0.000E+00 -0.000E+00  0.000E+00
 -1.5026250E+04 -0.000E+00 -0.000E+00  0.000E+00
 -1.5025750E+04 -0.000E+00 -0.000E+00  0.000E+00
 -1.5025250E+04 -0.000E+00 -0.000E+00  0.000E+00
 -1.5024750E+04 -0.000E+00 -0.000E+00  0.000E+00
 -1.5024250E+04 -0.000E+00 -0.000E+00  0.000E+00
 -1.5023750E+04 -0.000E+00 -0.000E+00  0.000E+00
 -1.5023250E+04 -0.000E+00 -0.000E+00  0.000E+00
 -1.5022750E+04 -0.000E+00 -0.000E+00  0.000E+00
 -1.5022250E+04 -0.000E+00 -0.000E+00  0.000E+00
 -1.5021750E+04 -0.000E+00 -0.000E+00  0.000E+00
 -1.5021250E+04 -0.000E+00 -0.000E+00  0.000E+00
 -1.5020750E+04 -0.000E+00 -0.000E+00  0.000E+00
 -1.5020250E+04 -0.000E+00 -0.000E+00  0.000E+00
 -1.5019750E+04 -0.000E+00 -0.000E+00  0.000E+00
 -1.5019250E+04 -0.000E+00 -0.000E+00  0.000E+00
 -1.5018750E+04 -0.000E+00 -0.000E+00  0.000E+00
 -1.5018250E+04 -0.000E+00 -0.000E+00  0.000E+00
 -1.5017750E+04 -0.000E+00 -0.000E+00  0.000E+00
 -1.5017250E+04 -0.000E+00 -0.000E+00  0.000E+00
 -1.5016750E+04 -0.000E+00 -0.000E+00  0.000E+00
 -1.5016250E+04 -0.000E+00 -0.000E+00  0.000E+00
 -1.5015750E+04 -0.000E+00 -0.000E+00  0.000E+00
 -1.5015250E+04 -0.000E+00 -0.000E+00  0.000E+00
 -1.5014750E+04 -0.000E+00 -0.000E+00  0.000E+00
 -1.5014250E+04 -0.000E+00 -0.000E+00  0.000E+00
 -1.5013750E+04 -0.000E+00 -0.000E+00  0.000E+00
 -1.5013250E+04 -0.000E+00 -0.000E+00  0.000E+00
 -1.5012750E+04 -0.000E+00 -0.000E+00  0.000E+00
 -1.5012250E+04 -0.000E+00 -0.000E+00  0.000E+00
 -1.5011750E+04 -0.000E+00 -0.000E+00  0.000E+00
 -1.5011250E+04 -0.000E+00 -0.000E+00  0.000E+00
 -1.5010750E+04 -0.000E+00 -0.000E+00  0.000E+00
 -1.5010250E+04 -0.000E+00 -0.000E+00  0.000E+00
 -1.5009750E+04 -0.000E+00 -0.000E+00  0.000E+00
 -1.5009250E+04 -0.000E+00 -0.000E+00  0.000E+00
 -1.5008750E+04 -0.000E+00 -0.000E+00  0.000E+00
 -1.5008250E+04 -0.000E+00 -0.000E+00  0.000E+00
 -1.5007750E+04 -0.000E+00 -0.000E+00  0.000E+00
 -1.5007250E+04 -0.000E+00 -0.000E+00  0.000E+00
 -1.5006750E+04 -0.000E+00 -0.000E+00  0.000E+00
 -1.5006250E+04 -0.000E+00 -0.000E+00  0.000E+00
 -1.5005750E+04 -0.000E+00 -0.000E+00  0.000E+00
 -1.5005250E+04 -0.000E+00 -0.000E+00  0.000E+00
 -1.5004750E+04 -0.000E+00 -0.000E+00  0.000E+00
 -1.5004250E+04 -0.000E+00 -0.000E+00  0.000E+00
 -1.5003750E+04 -0.000E+00 -0.000E+00  0.000E+00
 -1.5003250E+04 -0.000E+00 -0.000E+00  0.000E+00
 -1.5002750E+04 -0.000E+00 -0.000E+00  0.000E+00
 -1.5002250E+04 -0.000E+00 -0.000E+00  0.000E+00
 -1.5001750E+04 -0.000E+00 -0.000E+00  0.000E+00
 -1.5001250E+04 -0.000E+00 -0.000E+00  0.000E+00
 -1.5000750E+04 -0.000E+00 -0.000E+00  0.000E+00
 -1.5000250E+04 -0.000E+00 -0.000E+00  0.000E+00
 -1.4999750E+04 -0.000E+00 -0.000E+00  0.000E+00
 -1.4999250E+04 -0.000E+00 -0.000E+00  0.000E+00
 -1.4998750E+04 -0.000E+00 -0.000E+00  0.000E+00
 -1.4998250E+04 -0.000E+00 -0.000E+00  0.000E+00
 -1.4997750E+04 -0.000E+00 -0.000E+00  0.000E+00
 -1.4997250E+04 -0.000E+00 -0.000E+00  0.000E+00
 -1.4996750E+04 -0.000E+00 -0.000E+00  0.000E+00
 -1.4996250E+04 -0.000E+00 -0.000E+00  0.000E+00
 -1.4995750E+04 -0.000E+00 -0.000E+00  0.000E+00
 -1.4995250E+04 -0.000E+00 -0.000E+00  0.000E+00
 -1.4994750E+04 -0.000E+00 -0.000E+00  0.000E+00
 -1.4994250E+04 -0.000E+00 -0.000E+00  0.000E+00
 -1.4993750E+04 -0.000E+00 -0.000E+00  0.000E+00
 -1.4993250E+04 -0.000E+00 -0.000E+00  0.000E+00
 -1.4992750E+04 -0.000E+00 -0.000E+00  0.000E+00
 -1.4992250E+04 -0.000E+00 -0.000E+00  0.000E+00
 -1.4991750E+04 -0.000E+00 -0.000E+00  0.000E+00
 -1.4991250E+04 -0.000E+00 -0.000E+00  0.000E+00
 -1.4990750E+04 -0.000E+00 -0.000E+00  0.000E+00
 -1.4990250E+04 -0.000E+00 -0.000E+00  0.000E+00
 -1.4989750E+04 -0.000E+00 -0.000E+00  0.000E+00
 -1.4989250E+04 -0.000E+00 -0.000E+00  0.000E+00
 -1.4988750E+04 -0.000E+00 -0.000E+00  0.000E+00
 -1.4988250E+04 -0.000E+00 -0.000E+00  0.000E+00
 -1.4987750E+04 -0.000E+00 -0.000E+00  0.000E+00
 -1.4987250E+04 -0.000E+00 -0.000E+00  0.000E+00
 -1.4986750E+04 -0.000E+00 -0.000E+00  0.000E+00
 -1.4986250E+04 -0.000E+00 -0.000E+00  0.000E+00
 -1.4985750E+04 -0.000E+00 -0.000E+00  0.000E+00
 -1.4985250E+04 -0.000E+00 -0.000E+00  0.000E+00
 -1.4984750E+04 -0.000E+00 -0.000E+00  0.000E+00
 -1.4984250E+04 -0.000E+00 -0.000E+00  0.000E+00
 -1.4983750E+04 -0.000E+00 -0.000E+00  0.000E+00
 -1.4983250E+04 -0.000E+00 -0.000E+00  0.000E+00
 -1.4982750E+04 -0.000E+00 -0.000E+00  0.000E+00
 -1.4982250E+04 -0.000E+00 -0.000E+00  0.000E+00
 -1.4981750E+04 -0.000E+00 -0.000E+00  0.000E+00
 -1.4981250E+04 -0.000E+00 -0.000E+00  0.000E+00
 -1.4980750E+04 -0.000E+00 -0.000E+00  0.000E+00
 -1.4980250E+04 -0.000E+00 -0.000E+00  0.000E+00
 -1.4979750E+04 -0.000E+00 -0.000E+00  0.000E+00
 -1.4979250E+04 -0.000E+00 -0.000E+00  0.000E+00
 -1.4978750E+04 -0.000E+00 -0.000E+00  0.000E+00
 -1.4978250E+04 -0.000E+00 -0.000E+00  0.000E+00
 -1.4977750E+04 -0.000E+00 -0.000E+00  0.000E+00
 -1.4977250E+04 -0.000E+00 -0.000E+00  0.000E+00
 -1.4976750E+04 -0.000E+00 -0.000E+00  0.000E+00
 -1.4976250E+04 -0.000E+00 -0.000E+00  0.000E+00
 -1.4975750E+04 -0.000E+00 -0.000E+00  0.000E+00
 -1.4975250E+04 -0.000E+00 -0.000E+00  0.000E+00
 -1.4974750E+04 -0.000E+00 -0.000E+00  0.000E+00
 -1.4974250E+04 -0.000E+00 -0.000E+00  0.000E+00
 -1.4973750E+04 -0.000E+00 -0.000E+00  0.000E+00
 -1.4973250E+04 -0.000E+00 -0.000E+00  0.000E+00
 -1.4972750E+04 -0.000E+00 -0.000E+00  0.000E+00
 -1.4972250E+04 -0.000E+00 -0.000E+00  0.000E+00
 -1.4971750E+04 -0.000E+00 -0.000E+00  0.000E+00
 -1.4971250E+04 -0.000E+00 -0.000E+00  0.000E+00
 -1.4970750E+04 -0.000E+00 -0.000E+00  0.000E+00
 -1.4970250E+04 -0.000E+00 -0.000E+00  0.000E+00
 -1.4969750E+04 -0.000E+00 -0.000E+00  0.000E+00
 -1.4969250E+04 -0.000E+00 -0.000E+00  0.000E+00
 -1.4968750E+04 -0.000E+00 -0.000E+00  0.000E+00
 -1.4968250E+04 -0.000E+00 -0.000E+00  0.000E+00
 -1.4967750E+04 -0.000E+00 -0.000E+00  0.000E+00
 -1.4967250E+04 -0.000E+00 -0.000E+00  0.000E+00
 -1.4966750E+04 -0.000E+00 -0.000E+00  0.000E+00
 -1.4966250E+04 -0.000E+00 -0.000E+00  0.000E+00
 -1.4965750E+04 -0.000E+00 -0.000E+00  0.000E+00
 -1.4965250E+04 -0.000E+00 -0.000E+00  0.000E+00
 -1.4964750E+04 -0.000E+00 -0.000E+00  0.000E+00
 -1.4964250E+04 -0.000E+00 -0.000E+00  0.000E+00
 -1.4963750E+04 -0.000E+00 -0.000E+00  0.000E+00
 -1.4963250E+04 -0.000E+00 -0.000E+00  0.000E+00
 -1.4962750E+04 -0.000E+00 -0.000E+00  0.000E+00
 -1.4962250E+04 -0.000E+00 -0.000E+00  0.000E+00
 -1.4961750E+04 -0.000E+00 -0.000E+00  0.000E+00
 -1.4961250E+04 -0.000E+00 -0.000E+00  0.000E+00
 -1.4960750E+04 -0.000E+00 -0.000E+00  0.000E+00
 -1.4960250E+04 -0.000E+00 -0.000E+00  0.000E+00
 -1.4959750E+04 -0.000E+00 -0.000E+00  0.000E+00
 -1.4959250E+04 -0.000E+00 -0.000E+00  0.000E+00
 -1.4958750E+04 -0.000E+00 -0.000E+00  0.000E+00
 -1.4958250E+04 -0.000E+00 -0.000E+00  0.000E+00
 -1.4957750E+04 -0.000E+00 -0.000E+00  0.000E+00
 -1.4957250E+04 -0.000E+00 -0.000E+00  0.000E+00
 -1.4956750E+04 -0.000E+00 -0.000E+00  0.000E+00
 -1.4956250E+04 -0.000E+00 -0.000E+00  0.000E+00
 -1.4955750E+04 -0.000E+00 -0.000E+00  0.000E+00
 -1.4955250E+04 -0.000E+00 -0.000E+00  0.000E+00
 -1.4954750E+04 -0.000E+00 -0.000E+00  0.000E+00
 -1.4954250E+04 -0.000E+00 -0.000E+00  0.000E+00
 -1.4953750E+04 -0.000E+00 -0.000E+00  0.000E+00
 -1.4953250E+04 -0.000E+00 -0.000E+00  0.000E+00
 -1.4952750E+04 -0.000E+00 -0.000E+00  0.000E+00
 -1.4952250E+04 -0.000E+00 -0.000E+00  0.000E+00
 -1.4951750E+04 -0.000E+00 -0.000E+00  0.000E+00
 -1.4951250E+04 -0.000E+00 -0.000E+00  0.000E+00
 -1.4950750E+04 -0.000E+00 -0.000E+00  0.000E+00
 -1.4950250E+04 -0.000E+00 -0.000E+00  0.000E+00
 -1.4949750E+04 -0.000E+00 -0.000E+00  0.000E+00
 -1.4949250E+04 -0.000E+00 -0.000E+00  0.000E+00
 -1.4948750E+04 -0.000E+00 -0.000E+00  0.000E+00
 -1.4948250E+04 -0.000E+00 -0.000E+00  0.000E+00
 -1.4947750E+04 -0.000E+00 -0.000E+00  0.000E+00
 -1.4947250E+04 -0.000E+00 -0.000E+00  0.000E+00
 -1.4946750E+04 -0.000E+00 -0.000E+00  0.000E+00
 -1.4946250E+04 -0.000E+00 -0.000E+00  0.000E+00
 -1.4945750E+04 -0.000E+00 -0.000E+00  0.000E+00
 -1.4945250E+04 -0.000E+00 -0.000E+00  0.000E+00
 -1.4944750E+04 -0.000E+00 -0.000E+00  0.000E+00
 -1.4944250E+04 -0.000E+00 -0.000E+00  0.000E+00
 -1.4943750E+04 -0.000E+00 -0.000E+00  0.000E+00
 -1.4943250E+04 -0.000E+00 -0.000E+00  0.000E+00
 -1.4942750E+04 -0.000E+00 -0.000E+00  0.000E+00
 -1.4942250E+04 -0.000E+00 -0.000E+00  0.000E+00
 -1.4941750E+04 -0.000E+00 -0.000E+00  0.000E+00
 -1.4941250E+04 -0.000E+00 -0.000E+00  0.000E+00
 -1.4940750E+04 -0.000E+00 -0.000E+00  0.000E+00
 -1.4940250E+04 -0.000E+00 -0.000E+00  0.000E+00
 -1.4939750E+04 -0.000E+00 -0.000E+00  0.000E+00
 -1.4939250E+04 -0.000E+00 -0.000E+00  0.000E+00
 -1.4938750E+04 -0.000E+00 -0.000E+00  0.000E+00
 -1.4938250E+04 -0.000E+00 -0.000E+00  0.000E+00
 -1.4937750E+04 -0.000E+00 -0.000E+00  0.000E+00
 -1.4937250E+04 -0.000E+00 -0.000E+00  0.000E+00
 -1.4936750E+04 -0.000E+00 -0.000E+00  0.000E+00
 -1.4936250E+04 -0.000E+00 -0.000E+00  0.000E+00
 -1.4935750E+04 -0.000E+00 -0.000E+00  0.000E+00
 -1.4935250E+04 -0.000E+00 -0.000E+00  0.000E+00
 -1.4934750E+04 -0.000E+00 -0.000E+00  0.000E+00
 -1.4934250E+04 -0.000E+00 -0.000E+00  0.000E+00
 -1.4933750E+04 -0.000E+00 -0.000E+00  0.000E+00
 -1.4933250E+04 -0.000E+00 -0.000E+00  0.000E+00
 -1.4932750E+04 -0.000E+00 -0.000E+00  0.000E+00
 -1.4932250E+04 -0.000E+00 -0.000E+00  0.000E+00
 -1.4931750E+04 -0.000E+00 -0.000E+00  0.000E+00
 -1.4931250E+04 -0.000E+00 -0.000E+00  0.000E+00
 -1.4930750E+04 -0.000E+00 -0.000E+00  0.000E+00
 -1.4930250E+04 -0.000E+00 -0.000E+00  0.000E+00
 -1.4929750E+04 -0.000E+00 -0.000E+00  0.000E+00
 -1.4929250E+04 -0.000E+00 -0.000E+00  0.000E+00
 -1.4928750E+04 -0.000E+00 -0.000E+00  0.000E+00
 -1.4928250E+04 -0.000E+00 -0.000E+00  0.000E+00
 -1.4927750E+04 -0.000E+00 -0.000E+00  0.000E+00
 -1.4927250E+04 -0.000E+00 -0.000E+00  0.000E+00
 -1.4926750E+04 -0.000E+00 -0.000E+00  0.000E+00
 -1.4926250E+04 -0.000E+00 -0.000E+00  0.000E+00
 -1.4925750E+04 -0.000E+00 -0.000E+00  0.000E+00
 -1.4925250E+04 -0.000E+00 -0.000E+00  0.000E+00
 -1.4924750E+04 -0.000E+00 -0.000E+00  0.000E+00
 -1.4924250E+04 -0.000E+00 -0.000E+00  0.000E+00
 -1.4923750E+04 -0.000E+00 -0.000E+00  0.000E+00
 -1.4923250E+04 -0.000E+00 -0.000E+00  0.000E+00
 -1.4922750E+04 -0.000E+00 -0.000E+00  0.000E+00
 -1.4922250E+04 -0.000E+00 -0.000E+00  0.000E+00
 -1.4921750E+04 -0.000E+00 -0.000E+00  0.000E+00
 -1.4921250E+04 -0.000E+00 -0.000E+00  0.000E+00
 -1.4920750E+04 -0.000E+00 -0.000E+00  0.000E+00
 -1.4920250E+04 -0.000E+00 -0.000E+00  0.000E+00
 -1.4919750E+04 -0.000E+00 -0.000E+00  0.000E+00
 -1.4919250E+04 -0.000E+00 -0.000E+00  0.000E+00
 -1.4918750E+04 -0.000E+00 -0.000E+00  0.000E+00
 -1.4918250E+04 -0.000E+00 -0.000E+00  0.000E+00
 -1.4917750E+04 -0.000E+00 -0.000E+00  0.000E+00
 -1.4917250E+04 -0.000E+00 -0.000E+00  0.000E+00
 -1.4916750E+04 -0.000E+00 -0.000E+00  0.000E+00
 -1.4916250E+04 -0.000E+00 -0.000E+00  0.000E+00
 -1.4915750E+04 -0.000E+00 -0.000E+00  0.000E+00
 -1.4915250E+04 -0.000E+00 -0.000E+00  0.000E+00
 -1.4914750E+04 -0.000E+00 -0.000E+00  0.000E+00
 -1.4914250E+04 -0.000E+00 -0.000E+00  0.000E+00
 -1.4913750E+04 -0.000E+00 -0.000E+00  0.000E+00
 -1.4913250E+04 -0.000E+00 -0.000E+00  0.000E+00
 -1.4912750E+04 -0.000E+00 -0.000E+00  0.000E+00
 -1.4912250E+04 -0.000E+00 -0.000E+00  0.000E+00
 -1.4911750E+04 -0.000E+00 -0.000E+00  0.000E+00
 -1.4911250E+04 -0.000E+00 -0.000E+00  0.000E+00
 -1.4910750E+04 -0.000E+00 -0.000E+00  0.000E+00
 -1.4910250E+04 -0.000E+00 -0.000E+00  0.000E+00
 -1.4909750E+04 -0.000E+00 -0.000E+00  0.000E+00
 -1.4909250E+04 -0.000E+00 -0.000E+00  0.000E+00
 -1.4908750E+04 -0.000E+00 -0.000E+00  0.000E+00
 -1.4908250E+04 -0.000E+00 -0.000E+00  0.000E+00
 -1.4907750E+04 -0.000E+00 -0.000E+00  0.000E+00
 -1.4907250E+04 -0.000E+00 -0.000E+00  0.000E+00
 -1.4906750E+04 -0.000E+00 -0.000E+00  0.000E+00
 -1.4906250E+04 -0.000E+00 -0.000E+00  0.000E+00
 -1.4905750E+04 -0.000E+00 -0.000E+00  0.000E+00
 -1.4905250E+04 -0.000E+00 -0.000E+00  0.000E+00
 -1.4904750E+04 -0.000E+00 -0.000E+00  0.000E+00
 -1.4904250E+04 -0.000E+00 -0.000E+00  0.000E+00
 -1.4903750E+04 -0.000E+00 -0.000E+00  0.000E+00
 -1.4903250E+04 -0.000E+00 -0.000E+00  0.000E+00
 -1.4902750E+04 -0.000E+00 -0.000E+00  0.000E+00
 -1.4902250E+04 -0.000E+00 -0.000E+00  0.000E+00
 -1.4901750E+04 -0.000E+00 -0.000E+00  0.000E+00
 -1.4901250E+04 -0.000E+00 -0.000E+00  0.000E+00
 -1.4900750E+04 -0.000E+00 -0.000E+00  0.000E+00
 -1.4900250E+04 -0.000E+00 -0.000E+00  0.000E+00
 -1.4899750E+04 -0.000E+00 -0.000E+00  0.000E+00
 -1.4899250E+04 -0.000E+00 -0.000E+00  0.000E+00
 -1.4898750E+04 -0.000E+00 -0.000E+00  0.000E+00
 -1.4898250E+04 -0.000E+00 -0.000E+00  0.000E+00
 -1.4897750E+04 -0.000E+00 -0.000E+00  0.000E+00
 -1.4897250E+04 -0.000E+00 -0.000E+00  0.000E+00
 -1.4896750E+04 -0.000E+00 -0.000E+00  0.000E+00
 -1.4896250E+04 -0.000E+00 -0.000E+00  0.000E+00
 -1.4895750E+04 -0.000E+00 -0.000E+00  0.000E+00
 -1.4895250E+04 -0.000E+00 -0.000E+00  0.000E+00
 -1.4894750E+04 -0.000E+00 -0.000E+00  0.000E+00
 -1.4894250E+04 -0.000E+00 -0.000E+00  0.000E+00
 -1.4893750E+04 -0.000E+00 -0.000E+00  0.000E+00
 -1.4893250E+04 -0.000E+00 -0.000E+00  0.000E+00
 -1.4892750E+04 -0.000E+00 -0.000E+00  0.000E+00
 -1.4892250E+04 -0.000E+00 -0.000E+00  0.000E+00
 -1.4891750E+04 -0.000E+00 -0.000E+00  0.000E+00
 -1.4891250E+04 -0.000E+00 -0.000E+00  0.000E+00
 -1.4890750E+04 -0.000E+00 -0.000E+00  0.000E+00
 -1.4890250E+04 -0.000E+00 -0.000E+00  0.000E+00
 -1.4889750E+04 -0.000E+00 -0.000E+00  0.000E+00
 -1.4889250E+04 -0.000E+00 -0.000E+00  0.000E+00
 -1.4888750E+04 -0.000E+00 -0.000E+00  0.000E+00
 -1.4888250E+04 -0.000E+00 -0.000E+00  0.000E+00
 -1.4887750E+04 -0.000E+00 -0.000E+00  0.000E+00
 -1.4887250E+04 -0.000E+00 -0.000E+00  0.000E+00
 -1.4886750E+04 -0.000E+00 -0.000E+00  0.000E+00
 -1.4886250E+04 -0.000E+00 -0.000E+00  0.000E+00
 -1.4885750E+04 -0.000E+00 -0.000E+00  0.000E+00
 -1.4885250E+04 -0.000E+00 -0.000E+00  0.000E+00
 -1.4884750E+04  9.565E-09  2.301E-09 -3.373E-08
 -1.4884250E+04 -3.426E-08 -8.239E-09  1.208E-07
 -1.4883750E+04  4.432E-08  1.066E-08 -1.562E-07
 -1.4883250E+04 -4.246E-08 -1.001E-08  1.494E-07
 -1.4882750E+04  3.611E-08  1.858E-08 -1.274E-07
 -1.4882250E+04 -1.802E-08  3.343E-08  6.132E-08
 -1.4881750E+04  1.275E-06  2.249E-07 -4.464E-06
 -1.4881250E+04 -1.001E-05 -2.177E-06  3.505E-05
 -1.4880750E+04 -1.950E-05 -3.554E-06  6.817E-05
 -1.4880250E+04  2.073E-06  8.887E-07 -7.365E-06
 -1.4879750E+04  7.933E-05  2.882E-05 -2.776E-04
 -1.4879250E+04 -3.315E-06  1.479E-05  1.100E-05
 -1.4878750E+04  8.294E-06  4.697E-05 -3.093E-05
 -1.4878250E+04 -5.427E-05  7.563E-06  1.882E-04
 -1.4877750E+04 -6.206E-05  4.902E-05  2.126E-04
 -1.4877250E+04 -2.054E-05  1.384E-04  6.433E-05
 -1.4876750E+04  1.703E-04  1.631E-03 -6.685E-04
 -1.4876250E+04 -2.073E-04  3.688E-03  5.378E-04
 -1.4875750E+04 -2.186E-03  2.553E-02  6.304E-03
 -1.4875250E+04 -4.578E-03  2.101E-02  1.476E-02
 -1.4874750E+04  1.945E-03 -1.156E-03 -6.661E-03
 -1.4874250E+04  2.287E-03  5.886E-03 -8.160E-03
 -1.4873750E+04  1.244E-03  1.505E-02 -5.000E-03
 -1.4873250E+04 -2.127E-04  3.766E-02 -1.065E-03
 -1.4872750E+04 -6.750E-03  2.701E-02  2.188E-02
 -1.4872250E+04  6.237E-03  4.814E-02 -2.367E-02
 -1.4871750E+04  4.950E-03  7.075E-02 -2.030E-02
 -1.4871250E+04  4.894E-03  8.116E-02 -2.053E-02
 -1.4870750E+04  2.249E-03  1.480E-01 -1.465E-02
 -1.4870250E+04 -6.903E-03  1.778E-01  1.519E-02
 -1.4869750E+04  7.192E-03  1.981E-01 -3.380E-02
 -1.4869250E+04  9.599E-03  2.589E-01 -4.472E-02
 -1.4868750E+04  3.135E-04  2.954E-01 -1.480E-02
 -1.4868250E+04 -3.710E-02  4.107E-01  1.071E-01
 -1.4867750E+04 -2.111E-02  5.521E-01  4.611E-02
 -1.4867250E+04 -1.035E-02  6.601E-01  4.371E-03
 -1.4866750E+04 -6.513E-02  9.323E-01  1.773E-01
 -1.4866250E+04 -7.476E-03  1.122E+00 -2.682E-02
 -1.4865750E+04  8.799E-03  1.252E+00 -8.714E-02
 -1.4865250E+04 -1.201E-01  1.569E+00  3.333E-01
 -1.4864750E+04 -7.260E-02  2.004E+00  1.525E-01
 -1.4864250E+04 -1.574E-02  2.415E+00 -5.847E-02
 -1.4863750E+04 -3.349E-02  3.029E+00 -2.583E-02
 -1.4863250E+04 -1.344E-01  3.475E+00  2.932E-01
 -1.4862750E+04 -6.810E-02  3.989E+00  4.642E-02
 -1.4862250E+04 -1.351E-01  4.739E+00  2.368E-01
 -1.4861750E+04 -1.452E-01  5.666E+00  2.299E-01
 -1.4861250E+04 -1.116E-01  6.602E+00  7.384E-02
 -1.4860750E+04 -2.215E-01  7.096E+00  4.194E-01
 -1.4860250E+04 -8.409E-02  8.235E+00 -8.965E-02
 -1.4859750E+04 -3.425E-01  8.854E+00  7.434E-01
 -1.4859250E+04 -2.441E-01  1.026E+01  3.502E-01
 -1.4858750E+04 -3.308E-01  1.178E+01  5.713E-01
 -1.4858250E+04 -4.732E-01  1.323E+01  9.812E-01
 -1.4857750E+04 -4.287E-01  1.389E+01  8.052E-01
 -1.4857250E+04 -4.309E-01  1.606E+01  7.158E-01
 -1.4856750E+04 -4.415E-01  1.769E+01  6.756E-01
 -1.4856250E+04 -5.497E-01  1.917E+01  9.692E-01
 -1.4855750E+04 -5.696E-01  2.065E+01  9.676E-01
 -1.4855250E+04 -5.889E-01  2.232E+01  9.556E-01
 -1.4854750E+04 -7.361E-01  2.496E+01  1.326E+00
 -1.4854250E+04 -8.210E-01  2.614E+01  1.554E+00
 -1.4853750E+04 -8.987E-01  2.772E+01  1.739E+00
 -1.4853250E+04 -7.331E-01  2.797E+01  1.187E+00
 -1.4852750E+04 -1.080E+00  3.136E+01  2.178E+00
 -1.4852250E+04 -7.149E-01  3.195E+01  9.445E-01
 -1.4851750E+04 -9.097E-01  3.399E+01  1.507E+00
 -1.4851250E+04 -7.089E-01  3.578E+01  7.616E-01
 -1.4850750E+04 -8.305E-01  3.717E+01  1.093E+00
 -1.4850250E+04 -1.373E+00  3.711E+01  2.880E+00
 -1.4849750E+04 -1.340E+00  3.937E+01  2.669E+00
 -1.4849250E+04 -9.379E-01  4.130E+01  1.266E+00
 -1.4848750E+04 -1.450E+00  4.070E+01  2.974E+00
 -1.4848250E+04 -1.316E+00  4.311E+01  2.429E+00
 -1.4847750E+04 -1.258E+00  4.284E+01  2.251E+00
 -1.4847250E+04 -1.322E+00  4.523E+01  2.344E+00
 -1.4846750E+04 -1.603E+00  4.488E+01  3.288E+00
 -1.4846250E+04 -1.322E+00  4.586E+01  2.315E+00
 -1.4845750E+04 -1.241E+00  4.473E+01  2.101E+00
 -1.4845250E+04 -1.701E+00  4.750E+01  3.481E+00
 -1.4844750E+04 -2.408E+00  4.528E+01  5.867E+00
 -1.4844250E+04 -1.311E+00  4.608E+01  2.270E+00
 -1.4843750E+04 -1.280E+00  4.426E+01  2.235E+00
 -1.4843250E+04 -1.648E+00  4.626E+01  3.328E+00
 -1.4842750E+04 -1.749E+00  4.373E+01  3.776E+00
 -1.4842250E+04 -1.958E+00  4.376E+01  4.443E+00
 -1.4841750E+04 -1.598E+00  4.711E+01  3.123E+00
 -1.4841250E+04 -1.344E+00  4.591E+01  2.372E+00
 -1.4840750E+04 -1.452E+00  4.338E+01  2.821E+00
 -1.4840250E+04 -1.786E+00  4.310E+01  3.888E+00
 -1.4839750E+04 -1.584E+00  4.232E+01  3.272E+00
 -1.4839250E+04 -1.334E+00  3.942E+01  2.603E+00
 -1.4838750E+04 -1.731E+00  3.886E+01  3.887E+00
 -1.4838250E+04 -1.275E+00  3.887E+01  2.404E+00
 -1.4837750E+04 -1.479E+00  3.562E+01  3.183E+00
 -1.4837250E+04 -1.235E+00  3.643E+01  2.380E+00
 -1.4836750E+04 -1.182E+00  3.660E+01  2.218E+00
 -1.4836250E+04 -9.599E-01  3.469E+01  1.577E+00
 -1.4835750E+04 -1.525E+00  3.444E+01  3.378E+00
 -1.4835250E+04 -1.356E+00  3.039E+01  3.005E+00
 -1.4834750E+04 -1.904E+00  3.093E+01  4.724E+00
 -1.4834250E+04 -1.114E+00  2.950E+01  2.264E+00
 -1.4833750E+04 -1.280E+00  2.654E+01  2.899E+00
 -1.4833250E+04 -9.646E-01  2.792E+01  1.851E+00
 -1.4832750E+04 -5.100E-01  2.461E+01  5.423E-01
 -1.4832250E+04 -1.159E+00  2.447E+01  2.608E+00
 -1.4831750E+04 -7.635E-01  2.327E+01  1.392E+00
 -1.4831250E+04 -1.150E+00  2.193E+01  2.689E+00
 -1.4830750E+04 -7.021E-01  2.108E+01  1.259E+00
 -1.4830250E+04 -1.100E+00  1.850E+01  2.649E+00
 -1.4829750E+04 -1.400E+00  1.808E+01  3.610E+00
 -1.4829250E+04 -1.198E+00  1.653E+01  3.042E+00
 -1.4828750E+04 -2.273E-01  1.732E+01 -8.205E-02
 -1.4828250E+04 -8.381E-01  1.476E+01  1.975E+00
 -1.4827750E+04 -5.463E-01  1.527E+01  1.001E+00
 -1.4827250E+04 -7.467E-02  1.277E+01 -3.963E-01
 -1.4826750E+04 -8.018E-01  1.275E+01  1.912E+00
 -1.4826250E+04 -3.838E-01  9.848E+00  7.052E-01
 -1.4825750E+04 -1.808E-01  9.758E+00  9.299E-02
 -1.4825250E+04 -7.386E-01  8.113E+00  1.882E+00
 -1.4824750E+04 -6.882E-01  8.394E+00  1.719E+00
 -1.4824250E+04 -3.903E-01  7.166E+00  8.439E-01
 -1.4823750E+04 -4.699E-01  6.086E+00  1.126E+00
 -1.4823250E+04 -3.336E-01  5.237E+00  7.381E-01
 -1.4822750E+04 -3.969E-02  4.827E+00 -1.619E-01
 -1.4822250E+04 -6.639E-02  4.178E+00 -5.646E-02
 -1.4821750E+04  2.964E-01  2.956E+00 -1.160E+00
 -1.4821250E+04 -5.128E-01  1.643E+00  1.418E+00
 -1.4820750E+04 -1.591E-01  2.012E+00  2.970E-01
 -1.4820250E+04  1.656E-02  8.760E-01 -1.716E-01
 -1.4819750E+04 -3.192E-01  9.475E-01  8.643E-01
 -1.4819250E+04  9.801E-02  9.377E-01 -4.667E-01
 -1.4818750E+04  1.014E-01 -4.737E-01 -3.839E-01
 -1.4818250E+04 -1.403E-01 -2.551E+00  4.263E-01
 -1.4817750E+04  1.706E-01 -2.584E+00 -5.036E-01
 -1.4817250E+04  1.282E-01 -2.068E+00 -4.395E-01
 -1.4816750E+04 -9.562E-02 -1.824E+00  2.675E-01
 -1.4816250E+04 -1.111E-02 -3.518E+00  6.442E-02
 -1.4815750E+04  7.345E-01 -3.255E+00 -2.262E+00
 -1.4815250E+04  2.875E-01 -3.007E+00 -8.637E-01
 -1.4814750E+04 -2.000E-01 -2.714E+00  6.385E-01
 -1.4814250E+04  4.061E-01 -4.224E+00 -1.180E+00
 -1.4813750E+04  2.943E-02 -4.077E+00 -2.069E-02
 -1.4813250E+04  7.216E-02 -5.178E+00 -8.826E-02
 -1.4812750E+04  2.991E-01 -5.393E+00 -7.954E-01
 -1.4812250E+04 -5.121E-02 -6.538E+00  3.139E-01
 -1.4811750E+04  5.120E-01 -5.395E+00 -1.457E+00
 -1.4811250E+04  1.473E-01 -6.073E+00 -3.024E-01
 -1.4810750E+04  1.658E-01 -5.719E+00 -3.792E-01
 -1.4810250E+04  2.388E-01 -4.950E+00 -6.446E-01
 -1.4809750E+04  1.848E-01 -7.274E+00 -3.780E-01
 -1.4809250E+04  3.081E-01 -7.315E+00 -7.437E-01
 -1.4808750E+04 -1.172E-01 -6.989E+00  5.497E-01
 -1.4808250E+04  1.357E-01 -6.636E+00 -2.371E-01
 -1.4807750E+04  3.412E-01 -6.487E+00 -8.921E-01
 -1.4807250E+04  2.991E-01 -6.694E+00 -7.319E-01
 -1.4806750E+04  1.277E-01 -8.073E+00 -1.396E-01
 -1.4806250E+04  3.179E-01 -7.845E+00 -7.497E-01
 -1.4805750E+04  2.897E-01 -7.300E+00 -6.871E-01
 -1.4805250E+04  5.457E-01 -8.335E+00 -1.466E+00
 -1.4804750E+04  4.489E-01 -7.455E+00 -1.144E+00
 -1.4804250E+04  1.974E-01 -7.797E+00 -3.675E-01
 -1.4803750E+04  3.148E-01 -7.933E+00 -7.400E-01
 -1.4803250E+04  2.496E-01 -8.744E+00 -5.070E-01
 -1.4802750E+04  2.540E-01 -8.226E+00 -5.422E-01
 -1.4802250E+04 -1.065E-02 -8.630E+00  3.181E-01
 -1.4801750E+04  4.844E-01 -7.957E+00 -1.253E+00
 -1.4801250E+04  2.906E-01 -8.634E+00 -6.469E-01
 -1.4800750E+04  4.530E-01 -9.178E+00 -1.103E+00
 -1.4800250E+04  4.930E-02 -9.667E+00  1.579E-01
 -1.4799750E+04  6.653E-01 -8.189E+00 -1.821E+00
 -1.4799250E+04  4.448E-01 -7.820E+00 -1.141E+00
 -1.4798750E+04  3.249E-01 -9.117E+00 -6.914E-01
 -1.4798250E+04  6.570E-01 -8.664E+00 -1.777E+00
 -1.4797750E+04 -6.190E-03 -9.471E+00  3.224E-01
 -1.4797250E+04  1.327E-01 -9.212E+00 -8.709E-02
 -1.4796750E+04  5.032E-01 -8.714E+00 -1.283E+00
 -1.4796250E+04  2.023E-01 -8.141E+00 -3.896E-01
 -1.4795750E+04  5.929E-01 -9.238E+00 -1.547E+00
 -1.4795250E+04  3.956E-01 -9.334E+00 -9.067E-01
 -1.4794750E+04  3.243E-01 -8.584E+00 -6.825E-01
 -1.4794250E+04  8.018E-02 -8.636E+00  5.945E-02
 -1.4793750E+04  4.401E-02 -7.920E+00  9.727E-02
 -1.4793250E+04  4.489E-01 -8.551E+00 -1.066E+00
 -1.4792750E+04  1.797E-01 -8.183E+00 -2.736E-01
 -1.4792250E+04  4.999E-01 -9.664E+00 -1.230E+00
 -1.4791750E+04 -1.394E-01 -8.599E+00  6.893E-01
 -1.4791250E+04  3.040E-01 -8.377E+00 -6.780E-01
 -1.4790750E+04  5.304E-01 -8.691E+00 -1.348E+00
 -1.4790250E+04  2.159E-01 -8.621E+00 -3.589E-01
 -1.4789750E+04  3.632E-01 -7.823E+00 -8.580E-01
 -1.4789250E+04  2.600E-01 -8.034E+00 -5.448E-01
 -1.4788750E+04  3.826E-01 -8.759E+00 -8.705E-01
 -1.4788250E+04  4.771E-01 -8.894E+00 -1.159E+00
 -1.4787750E+04  3.742E-01 -8.149E+00 -8.990E-01
 -1.4787250E+04  2.601E-01 -8.323E+00 -5.187E-01
 -1.4786750E+04  4.342E-01 -8.984E+00 -1.021E+00
 -1.4786250E+04  4.020E-01 -8.667E+00 -9.217E-01
 -1.4785750E+04  3.544E-01 -8.543E+00 -7.993E-01
 -1.4785250E+04  6.451E-02 -8.152E+00  8.186E-02
 -1.4784750E+04  5.416E-01 -8.047E+00 -1.394E+00
 -1.4784250E+04  3.822E-01 -8.874E+00 -8.669E-01
 -1.4783750E+04  2.963E-01 -8.759E+00 -5.894E-01
 -1.4783250E+04  3.870E-01 -8.211E+00 -8.999E-01
 -1.4782750E+04  5.426E-01 -8.252E+00 -1.396E+00
 -1.4782250E+04  3.402E-01 -7.694E+00 -7.580E-01
 -1.4781750E+04  1.139E-01 -7.780E+00 -8.672E-02
 -1.4781250E+04  3.476E-01 -8.236E+00 -7.556E-01
 -1.4780750E+04  5.767E-02 -8.207E+00  1.018E-01
 -1.4780250E+04  3.069E-01 -8.501E+00 -6.456E-01
 -1.4779750E+04  2.160E-01 -7.703E+00 -4.128E-01
 -1.4779250E+04  3.201E-01 -7.255E+00 -7.225E-01
 -1.4778750E+04  2.000E-01 -7.989E+00 -3.389E-01
 -1.4778250E+04  3.092E-01 -8.326E+00 -6.475E-01
 -1.4777750E+04  1.769E-01 -8.089E+00 -2.896E-01
 -1.4777250E+04  3.743E-01 -7.425E+00 -9.045E-01
 -1.4776750E+04  3.147E-01 -8.128E+00 -6.591E-01
 -1.4776250E+04  1.283E-01 -7.915E+00 -1.047E-01
 -1.4775750E+04  2.543E-01 -8.239E+00 -4.757E-01
 -1.4775250E+04  1.880E-01 -7.094E+00 -3.463E-01
 -1.4774750E+04  4.297E-01 -7.119E+00 -1.062E+00
 -1.4774250E+04  3.029E-01 -7.426E+00 -6.780E-01
 -1.4773750E+04  1.236E-01 -7.547E+00 -1.063E-01
 -1.4773250E+04  2.972E-01 -7.326E+00 -6.309E-01
 -1.4772750E+04  2.655E-01 -7.168E+00 -5.410E-01
 -1.4772250E+04  2.736E-01 -7.732E+00 -5.585E-01
 -1.4771750E+04  2.890E-01 -7.249E+00 -6.512E-01
 -1.4771250E+04  4.915E-01 -7.172E+00 -1.255E+00
 -1.4770750E+04  1.499E-01 -6.998E+00 -2.056E-01
 -1.4770250E+04  1.293E-01 -6.521E+00 -1.534E-01
 -1.4769750E+04  1.950E-01 -6.605E+00 -3.616E-01
 -1.4769250E+04  2.349E-01 -7.390E+00 -4.537E-01
 -1.4768750E+04  3.841E-01 -7.498E+00 -9.437E-01
 -1.4768250E+04  4.272E-01 -6.898E+00 -1.067E+00
 -1.4767750E+04  2.309E-01 -7.368E+00 -4.617E-01
 -1.4767250E+04  1.284E-01 -7.072E+00 -1.484E-01
 -1.4766750E+04  1.683E-01 -6.741E+00 -2.790E-01
 -1.4766250E+04  2.981E-01 -6.944E+00 -6.882E-01
 -1.4765750E+04  2.039E-01 -6.818E+00 -3.834E-01
 -1.4765250E+04  3.033E-01 -6.726E+00 -6.940E-01
 -1.4764750E+04  3.114E-01 -6.917E+00 -7.020E-01
 -1.4764250E+04  2.632E-01 -6.966E+00 -5.298E-01
 -1.4763750E+04  2.446E-01 -6.568E+00 -5.087E-01
 -1.4763250E+04  2.687E-01 -6.556E+00 -5.832E-01
 -1.4762750E+04  2.063E-01 -6.899E+00 -3.627E-01
 -1.4762250E+04  2.436E-01 -6.853E+00 -5.036E-01
 -1.4761750E+04  1.301E-01 -6.770E+00 -1.302E-01
 -1.4761250E+04  3.343E-01 -6.195E+00 -7.821E-01
 -1.4760750E+04  3.209E-01 -6.059E+00 -7.554E-01
 -1.4760250E+04  1.932E-01 -6.256E+00 -3.755E-01
 -1.4759750E+04  2.110E-01 -6.412E+00 -4.296E-01
 -1.4759250E+04  2.073E-01 -6.703E+00 -3.887E-01
 -1.4758750E+04  2.236E-01 -6.345E+00 -4.326E-01
 -1.4758250E+04  1.500E-01 -6.530E+00 -2.042E-01
 -1.4757750E+04  1.649E-01 -6.173E+00 -2.872E-01
 -1.4757250E+04  2.153E-01 -6.256E+00 -4.194E-01
 -1.4756750E+04  2.005E-01 -6.212E+00 -3.944E-01
 -1.4756250E+04  2.049E-01 -5.985E+00 -4.130E-01
 -1.4755750E+04  2.805E-01 -6.639E+00 -6.338E-01
 -1.4755250E+04  6.336E-02 -5.260E+00  1.351E-02
 -1.4754750E+04  1.546E-01 -6.400E+00 -2.445E-01
 -1.4754250E+04  4.489E-01 -6.049E+00 -1.144E+00
 -1.4753750E+04  1.330E-01 -5.893E+00 -2.050E-01
 -1.4753250E+04  1.667E-01 -5.851E+00 -2.771E-01
 -1.4752750E+04  2.568E-01 -5.496E+00 -5.950E-01
 -1.4752250E+04  6.020E-02 -5.677E+00  5.514E-02
 -1.4751750E+04  1.693E-01 -6.035E+00 -2.953E-01
 -1.4751250E+04  2.913E-01 -6.041E+00 -6.688E-01
 -1.4750750E+04  2.730E-01 -5.748E+00 -6.169E-01
 -1.4750250E+04  2.620E-01 -5.772E+00 -5.924E-01
 -1.4749750E+04  1.554E-01 -6.044E+00 -2.341E-01
 -1.4749250E+04  3.023E-01 -5.702E+00 -7.026E-01
 -1.4748750E+04  1.187E-01 -5.092E+00 -1.917E-01
 -1.4748250E+04  1.098E-01 -5.919E+00 -1.115E-01
 -1.4747750E+04  2.272E-01 -5.844E+00 -4.874E-01
 -1.4747250E+04  1.685E-01 -5.642E+00 -3.095E-01
 -1.4746750E+04  2.866E-01 -5.471E+00 -6.696E-01
 -1.4746250E+04  1.763E-01 -5.689E+00 -3.425E-01
 -1.4745750E+04  2.331E-01 -5.735E+00 -5.101E-01
 -1.4745250E+04  1.381E-01 -5.210E+00 -2.365E-01
 -1.4744750E+04  4.230E-02 -5.118E+00  8.167E-02
 -1.4744250E+04  1.271E-01 -5.544E+00 -1.850E-01
 -1.4743750E+04  2.355E-01 -5.269E+00 -5.431E-01
 -1.4743250E+04  3.289E-01 -5.862E+00 -7.865E-01
 -1.4742750E+04  1.438E-01 -5.518E+00 -2.330E-01
 -1.4742250E+04  2.840E-01 -5.488E+00 -6.363E-01
 -1.4741750E+04 -3.371E-02 -5.438E+00  3.444E-01
 -1.4741250E+04  1.902E-01 -5.509E+00 -3.727E-01
 -1.4740750E+04  1.728E-01 -5.538E+00 -3.413E-01
 -1.4740250E+04  2.356E-01 -5.019E+00 -5.466E-01
 -1.4739750E+04  1.428E-01 -4.712E+00 -2.510E-01
 -1.4739250E+04  3.736E-02 -4.911E+00  8.442E-02
 -1.4738750E+04  3.138E-01 -4.758E+00 -7.866E-01
 -1.4738250E+04  4.205E-02 -4.824E+00  6.304E-02
 -1.4737750E+04  1.311E-01 -4.913E+00 -2.152E-01
 -1.4737250E+04  1.796E-01 -4.992E+00 -3.577E-01
 -1.4736750E+04  2.467E-01 -4.644E+00 -5.694E-01
 -1.4736250E+04  1.412E-01 -4.854E+00 -2.298E-01
 -1.4735750E+04  1.387E-01 -4.805E+00 -2.427E-01
 -1.4735250E+04  1.919E-01 -5.026E+00 -3.969E-01
 -1.4734750E+04  2.613E-01 -5.042E+00 -6.238E-01
 -1.4734250E+04  1.290E-01 -4.497E+00 -2.041E-01
 -1.4733750E+04  6.803E-02 -4.589E+00 -2.798E-02
 -1.4733250E+04  1.470E-01 -4.776E+00 -2.952E-01
 -1.4732750E+04  2.232E-01 -4.471E+00 -5.121E-01
 -1.4732250E+04  6.848E-02 -4.792E+00 -1.551E-02
 -1.4731750E+04  1.919E-01 -4.724E+00 -3.934E-01
 -1.4731250E+04  9.825E-02 -4.591E+00 -9.891E-02
 -1.4730750E+04  2.719E-01 -4.516E+00 -6.356E-01
 -1.4730250E+04  1.343E-01 -4.282E+00 -2.584E-01
 -1.4729750E+04  1.673E-01 -4.730E+00 -3.367E-01
 -1.4729250E+04  1.425E-01 -4.853E+00 -2.451E-01
 -1.4728750E+04  1.585E-01 -4.492E+00 -3.028E-01
 -1.4728250E+04  1.745E-01 -4.432E+00 -3.702E-01
 -1.4727750E+04  5.643E-03 -4.572E+00  1.592E-01
 -1.4727250E+04  5.994E-02 -4.615E+00 -1.105E-02
 -1.4726750E+04  1.561E-01 -4.264E+00 -3.045E-01
 -1.4726250E+04  9.588E-02 -4.298E+00 -1.235E-01
 -1.4725750E+04  8.597E-02 -4.418E+00 -1.040E-01
 -1.4725250E+04  1.635E-01 -4.584E+00 -3.363E-01
 -1.4724750E+04  2.395E-01 -4.326E+00 -5.779E-01
 -1.4724250E+04  2.547E-01 -4.168E+00 -6.007E-01
 -1.4723750E+04  1.267E-01 -4.098E+00 -2.216E-01
 -1.4723250E+04  3.472E-02 -4.064E+00  4.954E-02
 -1.4722750E+04  1.442E-01 -4.317E+00 -2.661E-01
 -1.4722250E+04  1.366E-01 -4.079E+00 -2.655E-01
 -1.4721750E+04  1.904E-01 -4.165E+00 -4.342E-01
 -1.4721250E+04  1.057E-01 -4.389E+00 -1.630E-01
 -1.4720750E+04  7.931E-02 -4.232E+00 -5.813E-02
 -1.4720250E+04  1.269E-01 -4.178E+00 -2.196E-01
 -1.4719750E+04  1.970E-01 -4.254E+00 -4.290E-01
 -1.4719250E+04  1.450E-01 -4.150E+00 -3.013E-01
 -1.4718750E+04  1.040E-01 -4.409E+00 -1.495E-01
 -1.4718250E+04  1.896E-01 -3.633E+00 -4.373E-01
 -1.4717750E+04  2.173E-01 -3.955E+00 -5.026E-01
 -1.4717250E+04  1.134E-01 -4.004E+00 -1.702E-01
 -1.4716750E+04  9.555E-02 -4.215E+00 -1.641E-01
 -1.4716250E+04  1.188E-01 -3.940E+00 -2.121E-01
 -1.4715750E+04  9.509E-02 -4.418E+00 -1.243E-01
 -1.4715250E+04  2.524E-01 -3.764E+00 -6.348E-01
 -1.4714750E+04  1.092E-01 -3.981E+00 -1.624E-01
 -1.4714250E+04  1.265E-01 -3.601E+00 -2.272E-01
 -1.4713750E+04  6.084E-02 -3.969E+00 -2.658E-02
 -1.4713250E+04  1.707E-01 -3.434E+00 -4.016E-01
 -1.4712750E+04  5.656E-02 -3.677E+00 -4.551E-03
 -1.4712250E+04  2.301E-01 -4.103E+00 -5.313E-01
 -1.4711750E+04  1.043E-01 -3.529E+00 -1.979E-01
 -1.4711250E+04  1.144E-01 -3.626E+00 -2.121E-01
 -1.4710750E+04  1.065E-01 -3.682E+00 -1.918E-01
 -1.4710250E+04  1.000E-01 -3.706E+00 -1.731E-01
 -1.4709750E+04  1.555E-01 -3.959E+00 -3.261E-01
 -1.4709250E+04  1.209E-01 -3.549E+00 -2.343E-01
 -1.4708750E+04  2.683E-01 -3.663E+00 -6.587E-01
 -1.4708250E+04  1.324E-01 -4.032E+00 -2.519E-01
 -1.4707750E+04  1.322E-01 -3.695E+00 -2.555E-01
 -1.4707250E+04  1.361E-01 -3.562E+00 -2.881E-01
 -1.4706750E+04  1.025E-01 -3.563E+00 -1.844E-01
 -1.4706250E+04 -8.555E-03 -3.589E+00  1.559E-01
 -1.4705750E+04  9.923E-02 -3.186E+00 -1.598E-01
 -1.4705250E+04  1.041E-01 -3.234E+00 -1.906E-01
 -1.4704750E+04  1.546E-01 -3.325E+00 -3.542E-01
 -1.4704250E+04  3.901E-02 -3.498E+00  2.418E-02
 -1.4703750E+04  1.659E-01 -3.754E+00 -3.465E-01
 -1.4703250E+04  1.239E-01 -3.410E+00 -2.382E-01
 -1.4702750E+04  8.019E-02 -3.570E+00 -9.951E-02
 -1.4702250E+04  1.928E-01 -3.576E+00 -4.553E-01
 -1.4701750E+04  3.658E-02 -3.522E+00  2.285E-02
 -1.4701250E+04  4.318E-02 -3.358E+00 -5.933E-03
 -1.4700750E+04  1.027E-01 -3.336E+00 -1.617E-01
 -1.4700250E+04  2.714E-02 -3.285E+00  4.900E-02
 -1.4699750E+04  1.782E-01 -3.399E+00 -4.258E-01
 -1.4699250E+04  2.234E-01 -3.087E+00 -5.582E-01
 -1.4698750E+04  6.548E-02 -3.170E+00 -8.318E-02
 -1.4698250E+04  1.109E-01 -3.225E+00 -2.218E-01
 -1.4697750E+04  1.058E-01 -3.220E+00 -1.904E-01
 -1.4697250E+04  1.167E-01 -3.029E+00 -2.380E-01
 -1.4696750E+04  7.836E-02 -3.325E+00 -8.651E-02
 -1.4696250E+04  1.427E-01 -3.266E+00 -2.976E-01
 -1.4695750E+04  1.435E-01 -2.970E+00 -3.272E-01
 -1.4695250E+04  7.079E-02 -3.436E+00 -7.457E-02
 -1.4694750E+04  1.865E-02 -3.014E+00  8.201E-02
 -1.4694250E+04  1.030E-01 -3.189E+00 -1.792E-01
 -1.4693750E+04  3.194E-02 -2.857E+00  4.478E-03
 -1.4693250E+04  8.641E-03 -2.901E+00  1.149E-01
 -1.4692750E+04  1.274E-01 -3.091E+00 -2.794E-01
 -1.4692250E+04  1.118E-01 -2.794E+00 -2.341E-01
 -1.4691750E+04  7.218E-02 -3.067E+00 -9.891E-02
 -1.4691250E+04  1.039E-01 -3.066E+00 -1.833E-01
 -1.4690750E+04  1.227E-01 -3.077E+00 -2.475E-01
 -1.4690250E+04  1.145E-01 -2.823E+00 -2.335E-01
 -1.4689750E+04  9.194E-02 -2.805E+00 -1.603E-01
 -1.4689250E+04  8.904E-02 -2.953E+00 -1.455E-01
 -1.4688750E+04  1.010E-01 -3.080E+00 -1.823E-01
 -1.4688250E+04  1.103E-01 -3.208E+00 -2.168E-01
 -1.4687750E+04  9.182E-02 -2.857E+00 -1.631E-01
 -1.4687250E+04  1.551E-01 -3.123E+00 -3.496E-01
 -1.4686750E+04  1.528E-01 -3.366E+00 -3.371E-01
 -1.4686250E+04  1.100E-01 -3.043E+00 -2.244E-01
 -1.4685750E+04  7.510E-02 -2.892E+00 -1.105E-01
 -1.4685250E+04  1.310E-01 -2.737E+00 -2.851E-01
 -1.4684750E+04  1.086E-01 -2.694E+00 -2.375E-01
 -1.4684250E+04  1.463E-01 -2.657E+00 -3.310E-01
 -1.4683750E+04  9.398E-02 -2.977E+00 -1.487E-01
 -1.4683250E+04  7.432E-02 -2.753E+00 -1.364E-01
 -1.4682750E+04  1.062E-01 -2.925E+00 -2.128E-01
 -1.4682250E+04  4.876E-02 -2.364E+00 -4.033E-02
 -1.4681750E+04  6.160E-02 -2.436E+00 -9.389E-02
 -1.4681250E+04  8.996E-02 -2.656E+00 -1.606E-01
 -1.4680750E+04  8.197E-02 -2.740E+00 -1.346E-01
 -1.4680250E+04  9.209E-02 -2.512E+00 -1.717E-01
 -1.4679750E+04  7.661E-02 -3.023E+00 -1.267E-01
 -1.4679250E+04  9.870E-02 -2.703E+00 -2.095E-01
 -1.4678750E+04  2.755E-02 -2.393E+00  5.603E-03
 -1.4678250E+04  1.222E-01 -2.965E+00 -2.630E-01
 -1.4677750E+04  1.481E-01 -3.018E+00 -3.325E-01
 -1.4677250E+04  6.793E-02 -2.732E+00 -9.352E-02
 -1.4676750E+04  1.871E-01 -2.563E+00 -4.657E-01
 -1.4676250E+04  8.138E-02 -2.494E+00 -1.626E-01
 -1.4675750E+04  2.521E-02 -2.790E+00  4.865E-02
 -1.4675250E+04  3.706E-02 -2.679E+00 -4.273E-03
 -1.4674750E+04  1.073E-01 -2.476E+00 -2.102E-01
 -1.4674250E+04  1.151E-01 -2.309E+00 -2.588E-01
 -1.4673750E+04  7.744E-02 -2.583E+00 -1.399E-01
 -1.4673250E+04  3.815E-02 -2.491E+00 -3.168E-02
 -1.4672750E+04  1.029E-01 -2.510E+00 -2.079E-01
 -1.4672250E+04  1.635E-01 -2.692E+00 -3.875E-01
 -1.4671750E+04  7.203E-02 -2.698E+00 -1.020E-01
 -1.4671250E+04  8.763E-02 -2.499E+00 -1.655E-01
 -1.4670750E+04  1.207E-01 -2.447E+00 -2.798E-01
 -1.4670250E+04 -1.741E-02 -2.364E+00  1.401E-01
 -1.4669750E+04  5.301E-02 -2.367E+00 -6.265E-02
 -1.4669250E+04  1.506E-01 -2.297E+00 -3.582E-01
 -1.4668750E+04  9.990E-02 -2.469E+00 -1.941E-01
 -1.4668250E+04  2.581E-02 -2.566E+00  3.131E-02
 -1.4667750E+04  1.472E-01 -2.568E+00 -3.412E-01
 -1.4667250E+04  4.463E-02 -2.293E+00 -5.108E-02
 -1.4666750E+04  3.444E-02 -2.184E+00 -1.769E-02
 -1.4666250E+04  5.405E-02 -2.582E+00 -4.068E-02
 -1.4665750E+04  1.305E-02 -2.171E+00  4.952E-02
 -1.4665250E+04  9.629E-02 -2.363E+00 -2.139E-01
 -1.4664750E+04  4.447E-02 -2.393E+00 -2.938E-02
 -1.4664250E+04  7.726E-02 -2.346E+00 -1.441E-01
 -1.4663750E+04  5.518E-02 -2.519E+00 -6.010E-02
 -1.4663250E+04  5.047E-02 -2.328E+00 -5.191E-02
 -1.4662750E+04  5.441E-02 -2.381E+00 -7.633E-02
 -1.4662250E+04  1.014E-01 -2.185E+00 -2.246E-01
 -1.4661750E+04  2.859E-02 -2.396E+00  2.988E-02
 -1.4661250E+04  6.571E-02 -2.357E+00 -1.286E-01
 -1.4660750E+04  4.096E-02 -2.086E+00 -3.759E-02
 -1.4660250E+04  1.639E-01 -2.116E+00 -4.044E-01
 -1.4659750E+04  1.377E-01 -2.165E+00 -3.292E-01
 -1.4659250E+04  5.403E-02 -2.102E+00 -7.528E-02
 -1.4658750E+04  4.289E-02 -2.385E+00 -2.659E-02
 -1.4658250E+04  1.032E-01 -2.296E+00 -2.233E-01
 -1.4657750E+04  1.504E-02 -2.106E+00  5.244E-02
 -1.4657250E+04  7.856E-02 -2.277E+00 -1.537E-01
 -1.4656750E+04  7.519E-02 -2.473E+00 -1.277E-01
 -1.4656250E+04  1.364E-01 -2.039E+00 -3.308E-01
 -1.4655750E+04 -2.162E-02 -2.028E+00  1.463E-01
 -1.4655250E+04  1.150E-01 -2.120E+00 -2.676E-01
 -1.4654750E+04  8.783E-02 -2.227E+00 -1.721E-01
 -1.4654250E+04  4.789E-02 -2.197E+00 -4.366E-02
 -1.4653750E+04  1.107E-01 -2.110E+00 -2.564E-01
 -1.4653250E+04  1.291E-01 -2.057E+00 -3.203E-01
 -1.4652750E+04 -2.685E-02 -1.974E+00  1.790E-01
 -1.4652250E+04  4.450E-02 -2.150E+00 -3.398E-02
 -1.4651750E+04  7.191E-02 -2.164E+00 -1.362E-01
 -1.4651250E+04  1.818E-02 -1.902E+00  2.773E-02
 -1.4650750E+04  5.159E-02 -2.097E+00 -5.361E-02
 -1.4650250E+04  5.353E-02 -2.189E+00 -6.888E-02
 -1.4649750E+04  6.137E-02 -2.132E+00 -1.010E-01
 -1.4649250E+04  6.158E-02 -1.884E+00 -1.162E-01
 -1.4648750E+04  8.834E-02 -1.878E+00 -2.093E-01
 -1.4648250E+04  8.444E-02 -1.758E+00 -1.950E-01
 -1.4647750E+04  1.120E-01 -1.721E+00 -2.821E-01
 -1.4647250E+04  4.480E-02 -2.099E+00 -3.568E-02
 -1.4646750E+04  6.656E-02 -1.924E+00 -1.194E-01
 -1.4646250E+04  9.037E-02 -1.905E+00 -1.893E-01
 -1.4645750E+04  2.356E-02 -1.869E+00  1.542E-02
 -1.4645250E+04  8.678E-02 -1.878E+00 -1.876E-01
 -1.4644750E+04  6.082E-02 -1.954E+00 -1.013E-01
 -1.4644250E+04 -6.297E-03 -2.059E+00  1.121E-01
 -1.4643750E+04  7.447E-02 -1.993E+00 -1.516E-01
 -1.4643250E+04 -7.584E-03 -1.827E+00  8.903E-02
 -1.4642750E+04  7.143E-02 -1.774E+00 -1.651E-01
 -1.4642250E+04  1.191E-01 -1.803E+00 -2.897E-01
 -1.4641750E+04  1.419E-01 -1.903E+00 -3.218E-01
 -1.4641250E+04  8.927E-02 -1.848E+00 -2.049E-01
 -1.4640750E+04  9.655E-03 -1.856E+00  6.157E-02
 -1.4640250E+04  5.920E-02 -1.910E+00 -1.184E-01
 -1.4639750E+04  8.818E-02 -1.669E+00 -2.034E-01
 -1.4639250E+04  1.376E-01 -1.714E+00 -3.473E-01
 -1.4638750E+04  3.967E-02 -2.020E+00 -3.174E-02
 -1.4638250E+04  4.283E-02 -1.754E+00 -6.778E-02
 -1.4637750E+04 -1.951E-02 -1.813E+00  1.416E-01
 -1.4637250E+04  6.154E-02 -1.727E+00 -1.142E-01
 -1.4636750E+04 -2.302E-03 -1.690E+00  8.366E-02
 -1.4636250E+04  1.252E-02 -1.971E+00  5.185E-02
 -1.4635750E+04  7.658E-02 -1.942E+00 -1.512E-01
 -1.4635250E+04  2.675E-02 -1.606E+00 -6.571E-03
 -1.4634750E+04  1.160E-01 -1.727E+00 -2.748E-01
 -1.4634250E+04  4.716E-02 -1.721E+00 -7.356E-02
 -1.4633750E+04  9.128E-02 -1.763E+00 -1.973E-01
 -1.4633250E+04  1.024E-01 -1.571E+00 -2.411E-01
 -1.4632750E+04  2.907E-02 -1.658E+00 -1.772E-02
 -1.4632250E+04  5.967E-02 -1.715E+00 -1.085E-01
 -1.4631750E+04  2.326E-02 -1.699E+00  2.018E-03
 -1.4631250E+04  9.342E-02 -1.539E+00 -2.343E-01
 -1.4630750E+04  1.378E-01 -1.690E+00 -3.438E-01
 -1.4630250E+04  3.236E-02 -1.659E+00 -2.953E-02
 -1.4629750E+04  1.102E-01 -1.597E+00 -2.736E-01
 -1.4629250E+04  1.064E-01 -1.705E+00 -2.572E-01
 -1.4628750E+04  1.370E-01 -1.480E+00 -3.608E-01
 -1.4628250E+04  8.840E-02 -1.773E+00 -2.049E-01
 -1.4627750E+04  3.039E-02 -1.663E+00 -2.977E-02
 -1.4627250E+04  1.794E-02 -1.738E+00  2.359E-02
 -1.4626750E+04  1.768E-02 -1.489E+00  1.046E-02
 -1.4626250E+04  4.029E-02 -1.408E+00 -6.194E-02
 -1.4625750E+04  2.810E-02 -1.799E+00 -1.300E-02
 -1.4625250E+04  6.228E-02 -1.657E+00 -1.186E-01
 -1.4624750E+04  8.313E-02 -1.550E+00 -1.846E-01
 -1.4624250E+04  1.376E-02 -1.367E+00  1.789E-02
 -1.4623750E+04  5.274E-02 -1.753E+00 -7.625E-02
 -1.4623250E+04  1.589E-02 -1.637E+00  2.875E-02
 -1.4622750E+04 -9.992E-03 -1.686E+00  1.017E-01
 -1.4622250E+04  7.412E-02 -1.636E+00 -1.535E-01
 -1.4621750E+04  4.387E-02 -1.494E+00 -6.520E-02
 -1.4621250E+04  4.720E-02 -1.621E+00 -7.844E-02
 -1.4620750E+04  1.827E-02 -1.561E+00  6.709E-03
 -1.4620250E+04  3.589E-02 -1.378E+00 -5.286E-02
 -1.4619750E+04  2.217E-02 -1.406E+00 -1.420E-02
 -1.4619250E+04  4.275E-02 -1.595E+00 -8.304E-02
 -1.4618750E+04  6.830E-02 -1.544E+00 -1.445E-01
 -1.4618250E+04  5.022E-02 -1.817E+00 -6.843E-02
 -1.4617750E+04  4.692E-02 -1.517E+00 -7.024E-02
 -1.4617250E+04  5.451E-02 -1.533E+00 -9.839E-02
 -1.4616750E+04  3.582E-02 -1.478E+00 -5.439E-02
 -1.4616250E+04  1.051E-01 -1.218E+00 -2.627E-01
 -1.4615750E+04  5.514E-02 -1.612E+00 -1.171E-01
 -1.4615250E+04  2.974E-02 -1.507E+00 -2.339E-02
 -1.4614750E+04 -3.572E-03 -1.425E+00  7.085E-02
 -1.4614250E+04  3.694E-02 -1.550E+00 -3.210E-02
 -1.4613750E+04  4.427E-02 -1.462E+00 -8.475E-02
 -1.4613250E+04  7.544E-02 -1.652E+00 -1.670E-01
 -1.4612750E+04  3.843E-02 -1.387E+00 -6.902E-02
 -1.4612250E+04  5.826E-02 -1.442E+00 -1.216E-01
 -1.4611750E+04  2.501E-02 -1.333E+00 -2.048E-02
 -1.4611250E+04  4.591E-02 -1.291E+00 -7.757E-02
 -1.4610750E+04  2.489E-02 -1.467E+00 -2.192E-02
 -1.4610250E+04  5.726E-02 -1.293E+00 -1.249E-01
 -1.4609750E+04  6.143E-02 -1.128E+00 -1.238E-01
 -1.4609250E+04  1.065E-02 -1.496E+00  4.264E-02
 -1.4608750E+04  4.007E-02 -1.387E+00 -8.062E-02
 -1.4608250E+04  5.230E-02 -1.398E+00 -7.964E-02
 -1.4607750E+04  4.627E-03 -1.422E+00  4.008E-02
 -1.4607250E+04  2.764E-02 -1.420E+00 -2.512E-02
 -1.4606750E+04  5.754E-02 -1.244E+00 -1.135E-01
 -1.4606250E+04  1.013E-01 -1.360E+00 -2.583E-01
 -1.4605750E+04  5.088E-02 -1.476E+00 -7.536E-02
 -1.4605250E+04  3.201E-02 -1.260E+00 -4.134E-02
 -1.4604750E+04  5.820E-02 -1.467E+00 -1.045E-01
 -1.4604250E+04  5.687E-02 -1.432E+00 -1.150E-01
 -1.4603750E+04  3.691E-02 -1.458E+00 -5.109E-02
 -1.4603250E+04  5.661E-02 -1.218E+00 -1.239E-01
 -1.4602750E+04  4.581E-02 -1.290E+00 -8.869E-02
 -1.4602250E+04  6.107E-02 -1.496E+00 -1.153E-01
 -1.4601750E+04  6.559E-02 -1.302E+00 -1.512E-01
 -1.4601250E+04  3.581E-02 -1.352E+00 -4.557E-02
 -1.4600750E+04  6.912E-02 -1.321E+00 -1.745E-01
 -1.4600250E+04  5.718E-02 -1.325E+00 -1.223E-01
 -1.4599750E+04  2.767E-02 -1.418E+00 -3.406E-02
 -1.4599250E+04 -2.123E-02 -1.161E+00  1.074E-01
 -1.4598750E+04  5.365E-02 -1.173E+00 -1.193E-01
 -1.4598250E+04  8.884E-02 -1.256E+00 -2.101E-01
 -1.4597750E+04  5.351E-02 -1.444E+00 -1.113E-01
 -1.4597250E+04  1.686E-02 -1.402E+00  1.324E-02
 -1.4596750E+04  3.098E-02 -1.116E+00 -3.711E-02
 -1.4596250E+04  3.635E-02 -1.249E+00 -5.746E-02
 -1.4595750E+04 -1.470E-02 -1.394E+00  1.029E-01
 -1.4595250E+04  1.443E-02 -1.107E+00  1.065E-02
 -1.4594750E+04  4.049E-02 -1.264E+00 -6.262E-02
 -1.4594250E+04 -8.485E-04 -1.200E+00  5.523E-02
 -1.4593750E+04  7.008E-02 -1.257E+00 -1.776E-01
 -1.4593250E+04  7.536E-02 -1.351E+00 -1.720E-01
 -1.4592750E+04  4.242E-02 -1.346E+00 -7.749E-02
 -1.4592250E+04  4.103E-02 -1.107E+00 -7.231E-02
 -1.4591750E+04  3.404E-02 -1.274E+00 -4.128E-02
 -1.4591250E+04  5.929E-02 -1.268E+00 -1.209E-01
 -1.4590750E+04  9.107E-02 -9.885E-01 -2.361E-01
 -1.4590250E+04  2.882E-02 -9.036E-01 -4.471E-02
 -1.4589750E+04  1.404E-02 -1.354E+00  1.867E-03
 -1.4589250E+04 -9.006E-03 -1.051E+00  6.770E-02
 -1.4588750E+04  5.638E-03 -1.169E+00  3.231E-02
 -1.4588250E+04  6.547E-03 -1.232E+00  3.247E-02
 -1.4587750E+04  5.652E-02 -1.245E+00 -1.104E-01
 -1.4587250E+04  5.377E-02 -1.152E+00 -1.184E-01
 -1.4586750E+04  5.941E-02 -1.150E+00 -1.214E-01
 -1.4586250E+04  2.038E-02 -1.299E+00 -1.212E-02
 -1.4585750E+04  5.337E-02 -1.058E+00 -1.063E-01
 -1.4585250E+04  2.933E-02 -1.082E+00 -2.091E-02
 -1.4584750E+04  6.068E-02 -1.210E+00 -1.303E-01
 -1.4584250E+04  6.845E-02 -1.221E+00 -1.607E-01
 -1.4583750E+04  8.926E-03 -1.270E+00  1.913E-03
 -1.4583250E+04  5.248E-02 -1.109E+00 -1.151E-01
 -1.4582750E+04  6.412E-02 -1.062E+00 -1.265E-01
 -1.4582250E+04  4.616E-03 -8.888E-01  3.679E-02
 -1.4581750E+04  1.807E-02 -1.027E+00 -1.530E-02
 -1.4581250E+04  1.146E-02 -1.221E+00  5.186E-03
 -1.4580750E+04  6.062E-02 -1.016E+00 -1.373E-01
 -1.4580250E+04  3.419E-02 -1.291E+00 -5.098E-02
 -1.4579750E+04 -4.864E-03 -1.234E+00  6.359E-02
 -1.4579250E+04  8.533E-02 -1.037E+00 -2.141E-01
 -1.4578750E+04  4.887E-02 -9.769E-01 -1.042E-01
 -1.4578250E+04  2.112E-02 -1.036E+00 -2.096E-02
 -1.4577750E+04  1.735E-02 -1.125E+00  7.771E-03
 -1.4577250E+04  3.250E-02 -1.086E+00 -5.636E-02
 -1.4576750E+04  6.369E-02 -1.071E+00 -1.450E-01
 -1.4576250E+04  9.764E-04 -1.052E+00  4.548E-02
 -1.4575750E+04 -2.272E-02 -1.133E+00  1.100E-01
 -1.4575250E+04  5.429E-02 -1.152E+00 -1.208E-01
 -1.4574750E+04  6.373E-02 -8.424E-01 -1.510E-01
 -1.4574250E+04  1.067E-01 -1.163E+00 -2.555E-01
 -1.4573750E+04 -7.292E-04 -1.088E+00  5.138E-02
 -1.4573250E+04  2.639E-02 -1.160E+00 -2.997E-02
 -1.4572750E+04  7.699E-02 -1.038E+00 -1.798E-01
 -1.4572250E+04  4.460E-02 -8.508E-01 -1.110E-01
 -1.4571750E+04 -3.348E-02 -9.763E-01  1.264E-01
 -1.4571250E+04  2.523E-02 -1.017E+00 -4.138E-02
 -1.4570750E+04  4.743E-02 -9.520E-01 -9.790E-02
 -1.4570250E+04  8.961E-02 -9.490E-01 -2.389E-01
 -1.4569750E+04 -2.633E-03 -9.884E-01  5.143E-02
 -1.4569250E+04  4.139E-02 -8.858E-01 -8.617E-02
 -1.4568750E+04  5.346E-02 -9.861E-01 -1.118E-01
 -1.4568250E+04  2.487E-02 -9.695E-01 -2.065E-02
 -1.4567750E+04  2.924E-02 -9.442E-01 -6.515E-02
 -1.4567250E+04  2.377E-02 -9.317E-01 -4.406E-02
 -1.4566750E+04  2.408E-02 -8.291E-01 -4.231E-02
 -1.4566250E+04  2.105E-03 -1.013E+00  3.470E-02
 -1.4565750E+04  3.106E-02 -9.565E-01 -3.001E-02
 -1.4565250E+04  4.392E-02 -8.778E-01 -8.254E-02
 -1.4564750E+04  3.080E-02 -9.086E-01 -5.347E-02
 -1.4564250E+04  5.112E-02 -1.039E+00 -1.142E-01
 -1.4563750E+04  5.001E-02 -1.048E+00 -1.054E-01
 -1.4563250E+04  4.761E-02 -1.068E+00 -9.238E-02
 -1.4562750E+04  5.401E-02 -1.026E+00 -1.220E-01
 -1.4562250E+04  2.517E-02 -8.680E-01 -3.525E-02
 -1.4561750E+04  1.586E-02 -9.303E-01 -1.124E-02
 -1.4561250E+04  1.186E-02 -7.764E-01  6.931E-03
 -1.4560750E+04 -2.524E-03 -1.078E+00  5.183E-02
 -1.4560250E+04  3.935E-02 -1.023E+00 -6.478E-02
 -1.4559750E+04  6.626E-03 -8.966E-01  1.443E-02
 -1.4559250E+04  4.624E-02 -9.664E-01 -1.100E-01
 -1.4558750E+04  2.521E-02 -9.714E-01 -4.239E-02
 -1.4558250E+04  2.433E-02 -8.987E-01 -4.605E-02
 -1.4557750E+04  5.576E-02 -9.890E-01 -1.309E-01
 -1.4557250E+04  4.785E-02 -8.421E-01 -9.788E-02
 -1.4556750E+04 -1.380E-03 -9.222E-01  4.119E-02
 -1.4556250E+04  5.002E-03 -9.010E-01  9.772E-03
 -1.4555750E+04  4.678E-02 -8.633E-01 -1.078E-01
 -1.4555250E+04  1.603E-02 -8.887E-01 -9.122E-03
 -1.4554750E+04  4.416E-02 -8.740E-01 -9.927E-02
 -1.4554250E+04  2.654E-02 -9.634E-01 -4.504E-02
 -1.4553750E+04  2.330E-02 -8.408E-01 -4.488E-02
 -1.4553250E+04  1.522E-02 -7.933E-01 -1.420E-02
 -1.4552750E+04 -2.494E-02 -9.061E-01  1.317E-01
 -1.4552250E+04 -6.238E-04 -1.044E+00  4.794E-02
 -1.4551750E+04  4.352E-02 -9.192E-01 -9.366E-02
 -1.4551250E+04  4.634E-03 -7.742E-01  3.077E-02
 -1.4550750E+04  3.232E-02 -8.194E-01 -6.318E-02
 -1.4550250E+04  6.395E-02 -8.433E-01 -1.484E-01
 -1.4549750E+04  8.582E-03 -8.457E-01  1.508E-02
 -1.4549250E+04  4.474E-02 -7.487E-01 -9.847E-02
 -1.4548750E+04  3.571E-02 -9.616E-01 -6.877E-02
 -1.4548250E+04  2.881E-02 -8.993E-01 -6.028E-02
 -1.4547750E+04  2.632E-02 -7.658E-01 -5.246E-02
 -1.4547250E+04  5.881E-02 -8.611E-01 -1.330E-01
 -1.4546750E+04  4.692E-02 -8.346E-01 -1.024E-01
 -1.4546250E+04 -3.732E-02 -7.479E-01  1.528E-01
 -1.4545750E+04  5.687E-02 -8.254E-01 -1.372E-01
 -1.4545250E+04  2.870E-02 -7.514E-01 -3.884E-02
 -1.4544750E+04 -1.130E-02 -7.518E-01  8.029E-02
 -1.4544250E+04  5.138E-02 -8.788E-01 -1.036E-01
 -1.4543750E+04  6.070E-02 -7.781E-01 -1.698E-01
 -1.4543250E+04  5.300E-02 -7.109E-01 -1.318E-01
 -1.4542750E+04  3.960E-02 -8.048E-01 -8.359E-02
 -1.4542250E+04  3.298E-02 -6.986E-01 -7.955E-02
 -1.4541750E+04 -2.408E-02 -8.580E-01  1.095E-01
 -1.4541250E+04  6.290E-02 -8.423E-01 -1.478E-01
 -1.4540750E+04  3.831E-02 -7.130E-01 -7.607E-02
 -1.4540250E+04  2.778E-02 -7.566E-01 -4.658E-02
 -1.4539750E+04  1.189E-02 -9.769E-01 -4.258E-03
 -1.4539250E+04 -9.108E-03 -7.217E-01  5.298E-02
 -1.4538750E+04  3.197E-02 -7.284E-01 -7.001E-02
 -1.4538250E+04  5.036E-02 -8.661E-01 -1.008E-01
 -1.4537750E+04  2.458E-02 -6.996E-01 -4.169E-02
 -1.4537250E+04  8.401E-03 -8.170E-01 -2.304E-04
 -1.4536750E+04  3.685E-02 -5.952E-01 -9.483E-02
 -1.4536250E+04 -3.992E-02 -7.292E-01  1.483E-01
 -1.4535750E+04  4.378E-03 -7.638E-01  1.681E-02
 -1.4535250E+04  1.059E-01 -7.078E-01 -2.877E-01
 -1.4534750E+04  8.404E-02 -7.309E-01 -2.243E-01
 -1.4534250E+04  3.111E-03 -8.586E-01  2.132E-02
 -1.4533750E+04 -1.180E-02 -8.039E-01  7.529E-02
 -1.4533250E+04  2.209E-02 -6.903E-01 -4.163E-02
 -1.4532750E+04  4.520E-02 -6.609E-01 -9.837E-02
 -1.4532250E+04  4.369E-02 -7.625E-01 -9.336E-02
 -1.4531750E+04  4.152E-02 -7.733E-01 -9.004E-02
 -1.4531250E+04  2.165E-02 -7.990E-01 -3.687E-02
 -1.4530750E+04  1.051E-02 -8.924E-01  1.654E-02
 -1.4530250E+04 -1.495E-03 -7.590E-01  4.005E-02
 -1.4529750E+04  3.774E-03 -7.268E-01  2.388E-02
 -1.4529250E+04  6.637E-03 -7.012E-01  7.344E-03
 -1.4528750E+04 -1.116E-02 -7.733E-01  7.687E-02
 -1.4528250E+04  3.043E-02 -6.978E-01 -7.638E-02
 -1.4527750E+04  3.631E-02 -7.551E-01 -6.960E-02
 -1.4527250E+04  4.001E-02 -7.699E-01 -7.551E-02
 -1.4526750E+04 -1.520E-02 -7.653E-01  5.902E-02
 -1.4526250E+04  8.650E-02 -7.544E-01 -2.286E-01
 -1.4525750E+04  2.783E-02 -7.772E-01 -4.985E-02
 -1.4525250E+04  2.966E-02 -6.370E-01 -6.444E-02
 -1.4524750E+04  5.507E-03 -7.881E-01  1.754E-02
 -1.4524250E+04 -1.011E-03 -6.405E-01  5.916E-02
 -1.4523750E+04  5.502E-03 -7.378E-01  1.903E-02
 -1.4523250E+04  4.068E-02 -7.471E-01 -1.057E-01
 -1.4522750E+04  3.509E-02 -6.604E-01 -8.436E-02
 -1.4522250E+04  1.631E-02 -6.940E-01 -1.696E-02
 -1.4521750E+04  9.999E-03 -7.109E-01  6.450E-03
 -1.4521250E+04 -9.890E-04 -6.161E-01  2.540E-02
 -1.4520750E+04 -1.202E-03 -6.471E-01  2.558E-02
 -1.4520250E+04  1.093E-02 -5.649E-01 -1.053E-02
 -1.4519750E+04  2.877E-02 -5.833E-01 -6.051E-02
 -1.4519250E+04  1.659E-02 -5.860E-01 -3.008E-02
 -1.4518750E+04  2.287E-02 -8.097E-01 -3.478E-02
 -1.4518250E+04  1.497E-02 -7.164E-01  1.729E-03
 -1.4517750E+04 -7.120E-03 -6.700E-01  2.903E-02
 -1.4517250E+04  5.888E-02 -6.246E-01 -1.503E-01
 -1.4516750E+04  2.256E-02 -6.290E-01 -1.044E-02
 -1.4516250E+04  1.113E-02 -7.604E-01 -6.082E-03
 -1.4515750E+04  3.073E-02 -7.878E-01 -5.738E-02
 -1.4515250E+04  1.138E-02 -6.145E-01 -1.100E-02
 -1.4514750E+04  3.059E-02 -5.777E-01 -7.200E-02
 -1.4514250E+04 -1.315E-02 -5.989E-01  6.714E-02
 -1.4513750E+04  3.906E-02 -7.100E-01 -9.096E-02
 -1.4513250E+04  3.508E-02 -6.425E-01 -8.753E-02
 -1.4512750E+04  1.223E-02 -6.151E-01  1.524E-03
 -1.4512250E+04  1.672E-02 -5.900E-01 -3.053E-02
 -1.4511750E+04  7.742E-02 -7.066E-01 -2.093E-01
 -1.4511250E+04  6.308E-02 -6.014E-01 -1.638E-01
 -1.4510750E+04  1.085E-02 -6.135E-01  3.958E-04
 -1.4510250E+04  1.013E-02 -6.277E-01 -8.252E-03
 -1.4509750E+04  4.298E-02 -6.568E-01 -1.010E-01
 -1.4509250E+04  5.157E-02 -5.292E-01 -1.255E-01
 -1.4508750E+04  6.422E-02 -6.232E-01 -1.556E-01
 -1.4508250E+04  2.276E-02 -6.250E-01 -5.413E-02
 -1.4507750E+04  1.139E-02 -5.290E-01 -1.436E-02
 -1.4507250E+04 -3.190E-02 -6.957E-01  1.174E-01
 -1.4506750E+04  5.401E-02 -5.230E-01 -1.304E-01
 -1.4506250E+04  1.478E-03 -5.547E-01  2.012E-02
 -1.4505750E+04  1.645E-02 -5.438E-01 -2.489E-02
 -1.4505250E+04  4.927E-02 -5.845E-01 -1.234E-01
 -1.4504750E+04  5.712E-02 -5.404E-01 -1.358E-01
 -1.4504250E+04  1.649E-03 -5.978E-01  2.204E-02
 -1.4503750E+04  7.807E-03 -5.136E-01  3.692E-03
 -1.4503250E+04 -1.910E-03 -6.966E-01  3.351E-02
 -1.4502750E+04 -7.235E-03 -6.837E-01  5.870E-02
 -1.4502250E+04  1.907E-02 -6.320E-01 -1.690E-02
 -1.4501750E+04  2.493E-02 -6.679E-01 -2.979E-02
 -1.4501250E+04 -1.011E-02 -6.216E-01  6.594E-02
 -1.4500750E+04  2.217E-02 -5.047E-01 -5.436E-02
 -1.4500250E+04  8.900E-02 -5.916E-01 -2.573E-01
 -1.4499750E+04  4.620E-02 -4.895E-01 -1.162E-01
 -1.4499250E+04  2.736E-02 -4.809E-01 -4.903E-02
 -1.4498750E+04  1.658E-02 -6.640E-01 -3.453E-02
 -1.4498250E+04  2.503E-02 -6.088E-01 -4.803E-02
 -1.4497750E+04  7.524E-03 -4.395E-01 -9.069E-03
 -1.4497250E+04  3.548E-02 -4.723E-01 -7.772E-02
 -1.4496750E+04 -9.337E-03 -5.722E-01  4.627E-02
 -1.4496250E+04  2.815E-03 -5.608E-01  1.794E-02
 -1.4495750E+04  3.497E-02 -6.334E-01 -8.722E-02
 -1.4495250E+04  4.928E-03 -5.007E-01  4.144E-03
 -1.4494750E+04  4.658E-02 -5.560E-01 -1.100E-01
 -1.4494250E+04  6.156E-02 -5.637E-01 -1.647E-01
 -1.4493750E+04  4.447E-02 -5.017E-01 -1.094E-01
 -1.4493250E+04  3.946E-02 -4.419E-01 -9.549E-02
 -1.4492750E+04  4.419E-02 -5.218E-01 -1.142E-01
 -1.4492250E+04  4.096E-02 -5.988E-01 -9.985E-02
 -1.4491750E+04  1.468E-03 -3.422E-01  1.102E-02
 -1.4491250E+04  1.002E-02 -5.173E-01 -5.481E-03
 -1.4490750E+04  2.731E-02 -5.162E-01 -4.536E-02
 -1.4490250E+04 -3.661E-05 -6.521E-01  3.776E-02
 -1.4489750E+04  5.912E-03 -5.197E-01  5.926E-03
 -1.4489250E+04  1.585E-02 -4.817E-01 -3.582E-02
 -1.4488750E+04 -3.345E-02 -5.418E-01  1.138E-01
 -1.4488250E+04  1.728E-02 -6.819E-01 -1.967E-02
 -1.4487750E+04 -1.771E-02 -4.542E-01  7.852E-02
 -1.4487250E+04  2.666E-02 -6.996E-01 -5.683E-02
 -1.4486750E+04  5.327E-02 -6.147E-01 -1.250E-01
 -1.4486250E+04  1.789E-02 -4.995E-01 -3.325E-02
 -1.4485750E+04  2.424E-02 -4.662E-01 -5.723E-02
 -1.4485250E+04  1.603E-02 -4.246E-01 -3.239E-02
 -1.4484750E+04 -5.398E-03 -4.642E-01  3.576E-02
 -1.4484250E+04  6.421E-02 -5.500E-01 -1.733E-01
 -1.4483750E+04  2.265E-02 -5.557E-01 -4.451E-02
 -1.4483250E+04 -7.472E-03 -5.303E-01  4.889E-02
 -1.4482750E+04  6.268E-02 -5.064E-01 -1.545E-01
 -1.4482250E+04  9.075E-03 -4.532E-01 -3.179E-04
 -1.4481750E+04 -1.836E-02 -6.043E-01  7.930E-02
 -1.4481250E+04  6.983E-03 -5.367E-01  5.109E-03
 -1.4480750E+04  3.833E-02 -4.347E-01 -1.028E-01
 -1.4480250E+04  3.240E-02 -6.624E-01 -7.862E-02
 -1.4479750E+04  8.339E-03 -5.378E-01  5.561E-03
 -1.4479250E+04  1.158E-02 -4.888E-01 -4.401E-03
 -1.4478750E+04  1.137E-02 -3.960E-01 -1.965E-02
 -1.4478250E+04 -1.857E-02 -4.485E-01  7.837E-02
 -1.4477750E+04  5.001E-02 -3.565E-01 -1.229E-01
 -1.4477250E+04 -9.963E-03 -4.554E-01  3.922E-02
 -1.4476750E+04  1.082E-02 -4.983E-01 -8.550E-03
 -1.4476250E+04 -3.529E-03 -4.410E-01  4.631E-02
 -1.4475750E+04  3.001E-02 -5.898E-01 -6.046E-02
 -1.4475250E+04 -9.911E-03 -5.076E-01  6.126E-02
 -1.4474750E+04  4.801E-02 -4.820E-01 -1.111E-01
 -1.4474250E+04  3.920E-02 -4.824E-01 -9.504E-02
 -1.4473750E+04  4.282E-02 -4.848E-01 -1.147E-01
 -1.4473250E+04 -8.210E-03 -4.557E-01  3.675E-02
 -1.4472750E+04  3.488E-02 -5.444E-01 -8.089E-02
 -1.4472250E+04  4.331E-02 -4.864E-01 -9.704E-02
 -1.4471750E+04  3.134E-02 -4.591E-01 -8.240E-02
 -1.4471250E+04 -6.670E-03 -3.543E-01  4.005E-02
 -1.4470750E+04 -2.707E-02 -4.613E-01  9.682E-02
 -1.4470250E+04  1.610E-02 -5.443E-01 -2.589E-02
 -1.4469750E+04 -3.803E-03 -4.696E-01  3.613E-02
 -1.4469250E+04  8.706E-03 -4.705E-01 -9.232E-03
 -1.4468750E+04  1.264E-02 -4.572E-01 -3.445E-02
 -1.4468250E+04  2.317E-02 -5.406E-01 -5.021E-02
 -1.4467750E+04 -2.716E-04 -5.473E-01  3.177E-02
 -1.4467250E+04  1.377E-02 -4.561E-01 -2.791E-02
 -1.4466750E+04 -2.264E-02 -4.291E-01  7.697E-02
 -1.4466250E+04  6.511E-03 -5.025E-01 -2.317E-03
 -1.4465750E+04  1.032E-02 -5.062E-01 -2.479E-03
 -1.4465250E+04  3.822E-02 -5.252E-01 -9.604E-02
 -1.4464750E+04  9.680E-03 -4.572E-01 -8.214E-03
 -1.4464250E+04  3.488E-02 -4.189E-01 -9.707E-02
 -1.4463750E+04  3.157E-02 -4.410E-01 -7.916E-02
 -1.4463250E+04  2.921E-02 -4.656E-01 -5.730E-02
 -1.4462750E+04 -1.408E-03 -4.187E-01  1.641E-02
 -1.4462250E+04  3.525E-02 -4.911E-01 -7.469E-02
 -1.4461750E+04 -1.564E-02 -3.998E-01  6.866E-02
 -1.4461250E+04  3.106E-02 -3.675E-01 -7.999E-02
 -1.4460750E+04  1.809E-02 -3.631E-01 -3.901E-02
 -1.4460250E+04 -4.432E-03 -4.182E-01  1.896E-02
 -1.4459750E+04 -3.412E-03 -2.527E-01  1.942E-02
 -1.4459250E+04  2.437E-02 -4.695E-01 -4.883E-02
 -1.4458750E+04  4.869E-02 -4.577E-01 -1.191E-01
 -1.4458250E+04  1.883E-02 -3.001E-01 -3.801E-02
 -1.4457750E+04 -2.027E-02 -3.361E-01  8.044E-02
 -1.4457250E+04 -7.139E-03 -4.789E-01  4.384E-02
 -1.4456750E+04  6.774E-03 -4.459E-01  1.585E-03
 -1.4456250E+04  1.810E-02 -4.828E-01 -4.592E-02
 -1.4455750E+04  1.132E-02 -3.887E-01 -2.213E-02
 -1.4455250E+04 -2.459E-02 -4.368E-01  9.235E-02
 -1.4454750E+04  1.792E-02 -4.185E-01 -2.609E-02
 -1.4454250E+04  3.028E-02 -4.046E-01 -8.050E-02
 -1.4453750E+04  3.654E-02 -4.600E-01 -8.726E-02
 -1.4453250E+04  1.450E-02 -4.187E-01 -2.577E-02
 -1.4452750E+04  4.041E-02 -3.859E-01 -1.303E-01
 -1.4452250E+04  2.981E-02 -5.416E-01 -7.696E-02
 -1.4451750E+04  1.303E-02 -4.932E-01 -1.464E-02
 -1.4451250E+04 -4.657E-03 -3.187E-01  3.305E-02
 -1.4450750E+04  7.837E-03 -3.879E-01 -4.068E-03
 -1.4450250E+04  3.380E-02 -3.630E-01 -6.799E-02
