 -2.0510250E+04 -0.000E+00 -0.000E+00  0.000E+00
 -2.0509750E+04 -0.000E+00 -0.000E+00  0.000E+00
 -2.0509250E+04 -0.000E+00 -0.000E+00  0.000E+00
 -2.0508750E+04 -0.000E+00 -0.000E+00  0.000E+00
 -2.0508250E+04 -0.000E+00 -0.000E+00  0.000E+00
 -2.0507750E+04 -0.000E+00 -0.000E+00  0.000E+00
 -2.0507250E+04 -0.000E+00 -0.000E+00  0.000E+00
 -2.0506750E+04 -0.000E+00 -0.000E+00  0.000E+00
 -2.0506250E+04 -0.000E+00 -0.000E+00  0.000E+00
 -2.0505750E+04 -0.000E+00 -0.000E+00  0.000E+00
 -2.0505250E+04 -0.000E+00 -0.000E+00  0.000E+00
 -2.0504750E+04 -0.000E+00 -0.000E+00  0.000E+00
 -2.0504250E+04 -0.000E+00 -0.000E+00  0.000E+00
 -2.0503750E+04 -0.000E+00 -0.000E+00  0.000E+00
 -2.0503250E+04 -0.000E+00 -0.000E+00  0.000E+00
 -2.0502750E+04 -0.000E+00 -0.000E+00  0.000E+00
 -2.0502250E+04 -0.000E+00 -0.000E+00  0.000E+00
 -2.0501750E+04 -0.000E+00 -0.000E+00  0.000E+00
 -2.0501250E+04 -0.000E+00 -0.000E+00  0.000E+00
 -2.0500750E+04 -0.000E+00 -0.000E+00  0.000E+00
 -2.0500250E+04 -0.000E+00 -0.000E+00  0.000E+00
 -2.0499750E+04 -0.000E+00 -0.000E+00  0.000E+00
 -2.0499250E+04 -0.000E+00 -0.000E+00  0.000E+00
 -2.0498750E+04 -0.000E+00 -0.000E+00  0.000E+00
 -2.0498250E+04 -0.000E+00 -0.000E+00  0.000E+00
 -2.0497750E+04 -0.000E+00 -0.000E+00  0.000E+00
 -2.0497250E+04 -0.000E+00 -0.000E+00  0.000E+00
 -2.0496750E+04 -0.000E+00 -0.000E+00  0.000E+00
 -2.0496250E+04 -0.000E+00 -0.000E+00  0.000E+00
 -2.0495750E+04 -0.000E+00 -0.000E+00  0.000E+00
 -2.0495250E+04 -0.000E+00 -0.000E+00  0.000E+00
 -2.0494750E+04 -0.000E+00 -0.000E+00  0.000E+00
 -2.0494250E+04 -0.000E+00 -0.000E+00  0.000E+00
 -2.0493750E+04 -0.000E+00 -0.000E+00  0.000E+00
 -2.0493250E+04 -0.000E+00 -0.000E+00  0.000E+00
 -2.0492750E+04 -0.000E+00 -0.000E+00  0.000E+00
 -2.0492250E+04 -0.000E+00 -0.000E+00  0.000E+00
 -2.0491750E+04 -0.000E+00 -0.000E+00  0.000E+00
 -2.0491250E+04 -0.000E+00 -0.000E+00  0.000E+00
 -2.0490750E+04 -0.000E+00 -0.000E+00  0.000E+00
 -2.0490250E+04 -0.000E+00 -0.000E+00  0.000E+00
 -2.0489750E+04 -0.000E+00 -0.000E+00  0.000E+00
 -2.0489250E+04 -0.000E+00 -0.000E+00  0.000E+00
 -2.0488750E+04 -0.000E+00 -0.000E+00  0.000E+00
 -2.0488250E+04 -0.000E+00 -0.000E+00  0.000E+00
 -2.0487750E+04 -0.000E+00 -0.000E+00  0.000E+00
 -2.0487250E+04 -0.000E+00 -0.000E+00  0.000E+00
 -2.0486750E+04 -0.000E+00 -0.000E+00  0.000E+00
 -2.0486250E+04 -0.000E+00 -0.000E+00  0.000E+00
 -2.0485750E+04 -0.000E+00 -0.000E+00  0.000E+00
 -2.0485250E+04 -0.000E+00 -0.000E+00  0.000E+00
 -2.0484750E+04 -0.000E+00 -0.000E+00  0.000E+00
 -2.0484250E+04 -0.000E+00 -0.000E+00  0.000E+00
 -2.0483750E+04 -0.000E+00 -0.000E+00  0.000E+00
 -2.0483250E+04 -0.000E+00 -0.000E+00  0.000E+00
 -2.0482750E+04 -0.000E+00 -0.000E+00  0.000E+00
 -2.0482250E+04 -0.000E+00 -0.000E+00  0.000E+00
 -2.0481750E+04 -0.000E+00 -0.000E+00  0.000E+00
 -2.0481250E+04 -0.000E+00 -0.000E+00  0.000E+00
 -2.0480750E+04 -0.000E+00 -0.000E+00  0.000E+00
 -2.0480250E+04 -0.000E+00 -0.000E+00  0.000E+00
 -2.0479750E+04 -0.000E+00 -0.000E+00  0.000E+00
 -2.0479250E+04 -0.000E+00 -0.000E+00  0.000E+00
 -2.0478750E+04 -0.000E+00 -0.000E+00  0.000E+00
 -2.0478250E+04 -0.000E+00 -0.000E+00  0.000E+00
 -2.0477750E+04 -0.000E+00 -0.000E+00  0.000E+00
 -2.0477250E+04 -0.000E+00 -0.000E+00  0.000E+00
 -2.0476750E+04 -0.000E+00 -0.000E+00  0.000E+00
 -2.0476250E+04 -0.000E+00 -0.000E+00  0.000E+00
 -2.0475750E+04 -0.000E+00 -0.000E+00  0.000E+00
 -2.0475250E+04 -0.000E+00 -0.000E+00  0.000E+00
 -2.0474750E+04 -0.000E+00 -0.000E+00  0.000E+00
 -2.0474250E+04 -0.000E+00 -0.000E+00  0.000E+00
 -2.0473750E+04 -0.000E+00 -0.000E+00  0.000E+00
 -2.0473250E+04 -0.000E+00 -0.000E+00  0.000E+00
 -2.0472750E+04 -0.000E+00 -0.000E+00  0.000E+00
 -2.0472250E+04 -0.000E+00 -0.000E+00  0.000E+00
 -2.0471750E+04 -0.000E+00 -0.000E+00  0.000E+00
 -2.0471250E+04 -0.000E+00 -0.000E+00  0.000E+00
 -2.0470750E+04 -0.000E+00 -0.000E+00  0.000E+00
 -2.0470250E+04 -0.000E+00 -0.000E+00  0.000E+00
 -2.0469750E+04 -0.000E+00 -0.000E+00  0.000E+00
 -2.0469250E+04 -0.000E+00 -0.000E+00  0.000E+00
 -2.0468750E+04 -0.000E+00 -0.000E+00  0.000E+00
 -2.0468250E+04 -0.000E+00 -0.000E+00  0.000E+00
 -2.0467750E+04 -0.000E+00 -0.000E+00  0.000E+00
 -2.0467250E+04 -0.000E+00 -0.000E+00  0.000E+00
 -2.0466750E+04 -0.000E+00 -0.000E+00  0.000E+00
 -2.0466250E+04 -0.000E+00 -0.000E+00  0.000E+00
 -2.0465750E+04 -0.000E+00 -0.000E+00  0.000E+00
 -2.0465250E+04 -0.000E+00 -0.000E+00  0.000E+00
 -2.0464750E+04 -0.000E+00 -0.000E+00  0.000E+00
 -2.0464250E+04 -0.000E+00 -0.000E+00  0.000E+00
 -2.0463750E+04 -0.000E+00 -0.000E+00  0.000E+00
 -2.0463250E+04 -0.000E+00 -0.000E+00  0.000E+00
 -2.0462750E+04 -0.000E+00 -0.000E+00  0.000E+00
 -2.0462250E+04 -0.000E+00 -0.000E+00  0.000E+00
 -2.0461750E+04 -0.000E+00 -0.000E+00  0.000E+00
 -2.0461250E+04 -0.000E+00 -0.000E+00  0.000E+00
 -2.0460750E+04 -0.000E+00 -0.000E+00  0.000E+00
 -2.0460250E+04 -0.000E+00 -0.000E+00  0.000E+00
 -2.0459750E+04 -0.000E+00 -0.000E+00  0.000E+00
 -2.0459250E+04 -0.000E+00 -0.000E+00  0.000E+00
 -2.0458750E+04 -0.000E+00 -0.000E+00  0.000E+00
 -2.0458250E+04 -0.000E+00 -0.000E+00  0.000E+00
 -2.0457750E+04 -0.000E+00 -0.000E+00  0.000E+00
 -2.0457250E+04 -0.000E+00 -0.000E+00  0.000E+00
 -2.0456750E+04 -0.000E+00 -0.000E+00  0.000E+00
 -2.0456250E+04 -0.000E+00 -0.000E+00  0.000E+00
 -2.0455750E+04 -0.000E+00 -0.000E+00  0.000E+00
 -2.0455250E+04 -0.000E+00 -0.000E+00  0.000E+00
 -2.0454750E+04 -0.000E+00 -0.000E+00  0.000E+00
 -2.0454250E+04 -0.000E+00 -0.000E+00  0.000E+00
 -2.0453750E+04 -0.000E+00 -0.000E+00  0.000E+00
 -2.0453250E+04 -0.000E+00 -0.000E+00  0.000E+00
 -2.0452750E+04 -0.000E+00 -0.000E+00  0.000E+00
 -2.0452250E+04 -0.000E+00 -0.000E+00  0.000E+00
 -2.0451750E+04 -0.000E+00 -0.000E+00  0.000E+00
 -2.0451250E+04 -0.000E+00 -0.000E+00  0.000E+00
 -2.0450750E+04 -0.000E+00 -0.000E+00  0.000E+00
 -2.0450250E+04 -0.000E+00 -0.000E+00  0.000E+00
 -2.0449750E+04 -0.000E+00 -0.000E+00  0.000E+00
 -2.0449250E+04 -0.000E+00 -0.000E+00  0.000E+00
 -2.0448750E+04 -0.000E+00 -0.000E+00  0.000E+00
 -2.0448250E+04 -0.000E+00 -0.000E+00  0.000E+00
 -2.0447750E+04 -0.000E+00 -0.000E+00  0.000E+00
 -2.0447250E+04 -0.000E+00 -0.000E+00  0.000E+00
 -2.0446750E+04 -0.000E+00 -0.000E+00  0.000E+00
 -2.0446250E+04 -0.000E+00 -0.000E+00  0.000E+00
 -2.0445750E+04 -0.000E+00 -0.000E+00  0.000E+00
 -2.0445250E+04 -0.000E+00 -0.000E+00  0.000E+00
 -2.0444750E+04 -0.000E+00 -0.000E+00  0.000E+00
 -2.0444250E+04 -0.000E+00 -0.000E+00  0.000E+00
 -2.0443750E+04 -0.000E+00 -0.000E+00  0.000E+00
 -2.0443250E+04 -0.000E+00 -0.000E+00  0.000E+00
 -2.0442750E+04 -0.000E+00 -0.000E+00  0.000E+00
 -2.0442250E+04 -0.000E+00 -0.000E+00  0.000E+00
 -2.0441750E+04 -0.000E+00 -0.000E+00  0.000E+00
 -2.0441250E+04 -0.000E+00 -0.000E+00  0.000E+00
 -2.0440750E+04 -0.000E+00 -0.000E+00  0.000E+00
 -2.0440250E+04 -0.000E+00 -0.000E+00  0.000E+00
 -2.0439750E+04 -0.000E+00 -0.000E+00  0.000E+00
 -2.0439250E+04 -0.000E+00 -0.000E+00  0.000E+00
 -2.0438750E+04 -0.000E+00 -0.000E+00  0.000E+00
 -2.0438250E+04 -0.000E+00 -0.000E+00  0.000E+00
 -2.0437750E+04 -0.000E+00 -0.000E+00  0.000E+00
 -2.0437250E+04 -0.000E+00 -0.000E+00  0.000E+00
 -2.0436750E+04 -0.000E+00 -0.000E+00  0.000E+00
 -2.0436250E+04 -0.000E+00 -0.000E+00  0.000E+00
 -2.0435750E+04 -0.000E+00 -0.000E+00  0.000E+00
 -2.0435250E+04 -0.000E+00 -0.000E+00  0.000E+00
 -2.0434750E+04 -0.000E+00 -0.000E+00  0.000E+00
 -2.0434250E+04 -0.000E+00 -0.000E+00  0.000E+00
 -2.0433750E+04 -0.000E+00 -0.000E+00  0.000E+00
 -2.0433250E+04 -0.000E+00 -0.000E+00  0.000E+00
 -2.0432750E+04 -0.000E+00 -0.000E+00  0.000E+00
 -2.0432250E+04 -0.000E+00 -0.000E+00  0.000E+00
 -2.0431750E+04 -0.000E+00 -0.000E+00  0.000E+00
 -2.0431250E+04 -0.000E+00 -0.000E+00  0.000E+00
 -2.0430750E+04 -0.000E+00 -0.000E+00  0.000E+00
 -2.0430250E+04 -0.000E+00 -0.000E+00  0.000E+00
 -2.0429750E+04 -0.000E+00 -0.000E+00  0.000E+00
 -2.0429250E+04 -0.000E+00 -0.000E+00  0.000E+00
 -2.0428750E+04 -0.000E+00 -0.000E+00  0.000E+00
 -2.0428250E+04 -0.000E+00 -0.000E+00  0.000E+00
 -2.0427750E+04 -0.000E+00 -0.000E+00  0.000E+00
 -2.0427250E+04 -0.000E+00 -0.000E+00  0.000E+00
 -2.0426750E+04 -0.000E+00 -0.000E+00  0.000E+00
 -2.0426250E+04 -0.000E+00 -0.000E+00  0.000E+00
 -2.0425750E+04 -0.000E+00 -0.000E+00  0.000E+00
 -2.0425250E+04 -0.000E+00 -0.000E+00  0.000E+00
 -2.0424750E+04 -0.000E+00 -0.000E+00  0.000E+00
 -2.0424250E+04 -0.000E+00 -0.000E+00  0.000E+00
 -2.0423750E+04 -0.000E+00 -0.000E+00  0.000E+00
 -2.0423250E+04 -0.000E+00 -0.000E+00  0.000E+00
 -2.0422750E+04 -0.000E+00 -0.000E+00  0.000E+00
 -2.0422250E+04  9.351E-09  1.147E-09 -3.241E-08
 -2.0421750E+04 -1.526E-08 -1.871E-09  5.291E-08
 -2.0421250E+04  5.662E-09  6.938E-10 -1.958E-08
 -2.0420750E+04 -2.037E-09 -2.457E-10  6.949E-09
 -2.0420250E+04  1.787E-09  2.177E-10 -6.114E-09
 -2.0419750E+04 -9.636E-09 -1.175E-09  3.321E-08
 -2.0419250E+04  1.501E-08  1.892E-09 -5.187E-08
 -2.0418750E+04  1.094E-08  2.258E-09 -3.765E-08
 -2.0418250E+04 -1.160E-08  2.793E-09  3.979E-08
 -2.0417750E+04  2.444E-08  1.289E-08 -8.453E-08
 -2.0417250E+04 -9.959E-08 -2.857E-09  3.422E-07
 -2.0416750E+04  4.858E-08  1.580E-08 -1.679E-07
 -2.0416250E+04  6.733E-09 -1.385E-07 -1.608E-08
 -2.0415750E+04  3.763E-06  3.962E-07 -1.292E-05
 -2.0415250E+04 -7.746E-06 -8.755E-07  2.658E-05
 -2.0414750E+04 -1.275E-05 -1.247E-06  4.370E-05
 -2.0414250E+04 -2.611E-06 -9.316E-08  8.895E-06
 -2.0413750E+04 -8.449E-07  1.481E-07  2.836E-06
 -2.0413250E+04  1.166E-07  1.828E-07 -4.572E-07
 -2.0412750E+04  4.622E-06 -6.836E-07 -1.579E-05
 -2.0412250E+04  5.218E-05  5.779E-06 -1.783E-04
 -2.0411750E+04  8.716E-06  1.666E-05 -3.044E-05
 -2.0411250E+04 -1.722E-05  4.384E-06  5.855E-05
 -2.0410750E+04  1.074E-05  7.142E-08 -3.647E-05
 -2.0410250E+04  8.144E-06  1.903E-05 -2.852E-05
 -2.0409750E+04 -5.686E-06  2.951E-05  1.799E-05
 -2.0409250E+04 -4.229E-05 -1.009E-05  1.443E-04
 -2.0408750E+04 -8.090E-06  1.023E-05  2.699E-05
 -2.0408250E+04  8.850E-06  9.720E-06 -3.052E-05
 -2.0407750E+04 -4.588E-06  1.662E-05  1.477E-05
 -2.0407250E+04 -1.269E-04  6.572E-05  4.265E-04
 -2.0406750E+04  8.870E-05  2.645E-05 -3.018E-04
 -2.0406250E+04  7.518E-05  2.391E-04 -2.659E-04
 -2.0405750E+04 -2.787E-05  8.096E-04  5.500E-05
 -2.0405250E+04  5.072E-05  4.881E-04 -1.950E-04
 -2.0404750E+04  2.424E-04  1.425E-03 -8.867E-04
 -2.0404250E+04 -4.501E-04  9.622E-04  1.472E-03
 -2.0403750E+04 -1.571E-03  1.054E-02  4.782E-03
 -2.0403250E+04 -1.587E-04  1.382E-02 -1.415E-04
 -2.0402750E+04 -4.490E-03  9.731E-03  1.464E-02
 -2.0402250E+04  4.850E-04  1.625E-03 -1.725E-03
 -2.0401750E+04  7.599E-04 -4.849E-05 -2.562E-03
 -2.0401250E+04  2.109E-03  1.822E-03 -7.179E-03
 -2.0400750E+04  5.101E-04  8.303E-04 -1.758E-03
 -2.0400250E+04  8.128E-04 -5.683E-04 -2.707E-03
 -2.0399750E+04 -1.933E-03  5.677E-03  6.213E-03
 -2.0399250E+04  2.426E-03  7.234E-03 -8.484E-03
 -2.0398750E+04 -1.437E-03 -3.783E-04  4.837E-03
 -2.0398250E+04  2.405E-03  2.487E-02 -9.238E-03
 -2.0397750E+04 -1.390E-03  2.422E-02  3.491E-03
 -2.0397250E+04 -2.452E-03  7.208E-03  7.824E-03
 -2.0396750E+04  6.826E-04  1.118E-02 -2.824E-03
 -2.0396250E+04  2.622E-03  1.052E-02 -9.260E-03
 -2.0395750E+04  5.276E-04  2.042E-02 -2.734E-03
 -2.0395250E+04  1.293E-03  1.679E-02 -5.095E-03
 -2.0394750E+04  2.979E-03  3.543E-02 -1.159E-02
 -2.0394250E+04 -1.885E-03  2.701E-02  5.022E-03
 -2.0393750E+04  5.486E-03  2.627E-02 -1.945E-02
 -2.0393250E+04  5.941E-03  3.211E-02 -2.122E-02
 -2.0392750E+04 -3.842E-03  6.765E-02  9.581E-03
 -2.0392250E+04 -6.330E-03  5.679E-02  1.837E-02
 -2.0391750E+04 -1.522E-03  6.099E-02  2.207E-03
 -2.0391250E+04 -1.138E-03  6.265E-02  7.973E-04
 -2.0390750E+04  4.267E-03  7.601E-02 -1.769E-02
 -2.0390250E+04  2.384E-03  1.049E-01 -1.278E-02
 -2.0389750E+04  6.808E-03  9.750E-02 -2.704E-02
 -2.0389250E+04  1.095E-03  9.101E-02 -7.796E-03
 -2.0388750E+04 -1.095E-02  8.724E-02  3.217E-02
 -2.0388250E+04 -4.617E-03  9.092E-02  1.108E-02
 -2.0387750E+04 -2.161E-03  1.842E-01 -1.396E-03
 -2.0387250E+04 -1.444E-02  1.430E-01  4.099E-02
 -2.0386750E+04 -2.528E-02  1.980E-01  7.406E-02
 -2.0386250E+04  3.301E-03  2.128E-01 -2.072E-02
 -2.0385750E+04  1.098E-02  2.033E-01 -4.561E-02
 -2.0385250E+04  2.757E-03  1.988E-01 -1.823E-02
 -2.0384750E+04 -4.327E-02  2.958E-01  1.284E-01
 -2.0384250E+04 -1.224E-02  3.772E-01  2.245E-02
 -2.0383750E+04 -2.028E-02  3.514E-01  5.026E-02
 -2.0383250E+04 -1.048E-02  4.066E-01  1.551E-02
 -2.0382750E+04 -4.727E-03  4.017E-01 -3.215E-03
 -2.0382250E+04  1.636E-02  5.146E-01 -7.735E-02
 -2.0381750E+04 -1.976E-02  5.683E-01  3.872E-02
 -2.0381250E+04 -1.263E-02  5.597E-01  1.535E-02
 -2.0380750E+04 -3.459E-02  5.798E-01  8.628E-02
 -2.0380250E+04 -5.996E-02  6.635E-01  1.652E-01
 -2.0379750E+04 -2.345E-02  7.113E-01  4.372E-02
 -2.0379250E+04 -2.427E-02  8.357E-01  4.033E-02
 -2.0378750E+04 -1.236E-02  1.078E+00 -9.304E-03
 -2.0378250E+04 -2.640E-02  9.984E-01  3.945E-02
 -2.0377750E+04 -3.512E-03  1.122E+00 -3.975E-02
 -2.0377250E+04 -1.595E-02  1.107E+00  1.207E-03
 -2.0376750E+04 -6.901E-02  1.149E+00  1.713E-01
 -2.0376250E+04 -3.576E-02  1.377E+00  5.298E-02
 -2.0375750E+04 -3.355E-02  1.512E+00  4.035E-02
 -2.0375250E+04  5.966E-03  1.406E+00 -8.339E-02
 -2.0374750E+04 -7.535E-02  1.573E+00  1.720E-01
 -2.0374250E+04 -5.581E-02  1.893E+00  9.455E-02
 -2.0373750E+04 -7.487E-02  2.138E+00  1.442E-01
 -2.0373250E+04 -8.814E-02  2.153E+00  1.867E-01
 -2.0372750E+04  2.028E-02  2.409E+00 -1.758E-01
 -2.0372250E+04 -8.390E-02  2.378E+00  1.624E-01
 -2.0371750E+04 -8.409E-02  2.688E+00  1.489E-01
 -2.0371250E+04 -1.033E-01  2.654E+00  2.132E-01
 -2.0370750E+04 -2.093E-02  2.903E+00 -6.450E-02
 -2.0370250E+04 -1.401E-01  2.858E+00  3.210E-01
 -2.0369750E+04 -9.078E-02  3.201E+00  1.478E-01
 -2.0369250E+04 -1.820E-03  3.339E+00 -1.450E-01
 -2.0368750E+04 -1.246E-01  3.699E+00  2.340E-01
 -2.0368250E+04 -1.995E-01  3.449E+00  4.835E-01
 -2.0367750E+04 -8.601E-02  4.220E+00  8.519E-02
 -2.0367250E+04 -3.164E-02  4.100E+00 -8.312E-02
 -2.0366750E+04 -4.413E-01  4.356E+00  1.218E+00
 -2.0366250E+04 -5.171E-02  4.811E+00 -5.215E-02
 -2.0365750E+04 -1.077E-01  5.253E+00  1.089E-01
 -2.0365250E+04 -2.354E-01  5.456E+00  5.076E-01
 -2.0364750E+04 -2.662E-01  5.271E+00  6.144E-01
 -2.0364250E+04 -1.328E-01  5.682E+00  1.686E-01
 -2.0363750E+04 -2.822E-01  5.951E+00  6.337E-01
 -2.0363250E+04 -1.764E-01  6.702E+00  2.651E-01
 -2.0362750E+04 -1.885E-01  6.284E+00  3.180E-01
 -2.0362250E+04 -8.560E-02  6.921E+00 -3.940E-02
 -2.0361750E+04 -2.704E-01  7.234E+00  5.368E-01
 -2.0361250E+04 -2.543E-01  7.640E+00  4.665E-01
 -2.0360750E+04 -1.454E-01  7.660E+00  1.182E-01
 -2.0360250E+04 -3.381E-01  8.250E+00  7.064E-01
 -2.0359750E+04 -5.593E-01  8.041E+00  1.415E+00
 -2.0359250E+04 -1.899E-01  8.801E+00  2.060E-01
 -2.0358750E+04 -2.159E-01  9.528E+00  2.610E-01
 -2.0358250E+04 -3.109E-01  8.872E+00  5.878E-01
 -2.0357750E+04 -3.767E-01  9.765E+00  7.614E-01
 -2.0357250E+04 -4.799E-01  9.798E+00  1.081E+00
 -2.0356750E+04 -3.993E-01  1.073E+01  7.824E-01
 -2.0356250E+04 -3.510E-01  1.112E+01  6.144E-01
 -2.0355750E+04 -5.495E-01  1.170E+01  1.221E+00
 -2.0355250E+04 -5.778E-01  1.140E+01  1.316E+00
 -2.0354750E+04 -2.070E-01  1.100E+01  1.625E-01
 -2.0354250E+04 -3.528E-01  1.195E+01  5.843E-01
 -2.0353750E+04 -4.009E-01  1.227E+01  7.164E-01
 -2.0353250E+04 -5.143E-01  1.281E+01  1.051E+00
 -2.0352750E+04 -4.784E-01  1.203E+01  9.705E-01
 -2.0352250E+04 -3.941E-01  1.224E+01  6.968E-01
 -2.0351750E+04 -4.780E-01  1.306E+01  9.195E-01
 -2.0351250E+04 -4.524E-01  1.373E+01  8.107E-01
 -2.0350750E+04 -3.582E-01  1.458E+01  4.812E-01
 -2.0350250E+04 -4.751E-01  1.419E+01  8.616E-01
 -2.0349750E+04 -3.487E-01  1.460E+01  4.415E-01
 -2.0349250E+04 -2.478E-01  1.486E+01  1.173E-01
 -2.0348750E+04 -6.920E-01  1.489E+01  1.513E+00
 -2.0348250E+04 -5.300E-01  1.569E+01  9.613E-01
 -2.0347750E+04 -5.977E-01  1.490E+01  1.211E+00
 -2.0347250E+04 -7.915E-01  1.541E+01  1.796E+00
 -2.0346750E+04 -6.878E-01  1.648E+01  1.428E+00
 -2.0346250E+04 -9.118E-01  1.670E+01  2.111E+00
 -2.0345750E+04 -6.202E-01  1.650E+01  1.212E+00
 -2.0345250E+04 -8.212E-01  1.621E+01  1.845E+00
 -2.0344750E+04 -6.219E-01  1.657E+01  1.209E+00
 -2.0344250E+04 -4.416E-01  1.750E+01  6.005E-01
 -2.0343750E+04 -4.098E-01  1.782E+01  4.833E-01
 -2.0343250E+04 -8.019E-01  1.713E+01  1.739E+00
 -2.0342750E+04 -5.255E-01  1.721E+01  8.763E-01
 -2.0342250E+04 -7.208E-01  1.769E+01  1.463E+00
 -2.0341750E+04 -6.571E-01  1.825E+01  1.237E+00
 -2.0341250E+04 -7.230E-01  1.729E+01  1.477E+00
 -2.0340750E+04 -1.039E+00  1.824E+01  2.418E+00
 -2.0340250E+04 -6.958E-01  1.924E+01  1.312E+00
 -2.0339750E+04 -6.673E-01  1.843E+01  1.245E+00
 -2.0339250E+04 -1.013E+00  1.876E+01  2.312E+00
 -2.0338750E+04 -7.741E-01  1.995E+01  1.521E+00
 -2.0338250E+04 -9.688E-01  1.786E+01  2.207E+00
 -2.0337750E+04 -7.359E-01  1.786E+01  1.490E+00
 -2.0337250E+04 -9.613E-01  1.880E+01  2.137E+00
 -2.0336750E+04 -9.555E-01  1.869E+01  2.122E+00
 -2.0336250E+04 -1.121E+00  1.925E+01  2.625E+00
 -2.0335750E+04 -3.851E-01  1.838E+01  3.773E-01
 -2.0335250E+04 -8.006E-01  1.879E+01  1.640E+00
 -2.0334750E+04 -6.258E-01  1.872E+01  1.101E+00
 -2.0334250E+04 -5.551E-01  1.870E+01  8.767E-01
 -2.0333750E+04 -1.021E+00  1.945E+01  2.282E+00
 -2.0333250E+04 -9.454E-01  1.871E+01  2.085E+00
 -2.0332750E+04 -7.164E-01  1.844E+01  1.385E+00
 -2.0332250E+04 -9.467E-01  1.937E+01  2.048E+00
 -2.0331750E+04 -9.630E-01  1.831E+01  2.134E+00
 -2.0331250E+04 -1.055E+00  1.939E+01  2.383E+00
 -2.0330750E+04 -6.266E-01  1.830E+01  1.106E+00
 -2.0330250E+04 -8.398E-01  1.749E+01  1.798E+00
 -2.0329750E+04 -9.810E-01  1.854E+01  2.184E+00
 -2.0329250E+04 -1.062E+00  1.871E+01  2.413E+00
 -2.0328750E+04 -5.317E-01  1.709E+01  8.619E-01
 -2.0328250E+04 -8.559E-01  1.744E+01  1.837E+00
 -2.0327750E+04 -1.256E+00  1.803E+01  3.040E+00
 -2.0327250E+04 -1.012E+00  1.740E+01  2.323E+00
 -2.0326750E+04 -6.489E-01  1.741E+01  1.191E+00
 -2.0326250E+04 -7.246E-01  1.772E+01  1.410E+00
 -2.0325750E+04 -9.115E-01  1.727E+01  2.009E+00
 -2.0325250E+04 -4.471E-01  1.666E+01  6.170E-01
 -2.0324750E+04 -8.025E-01  1.584E+01  1.720E+00
 -2.0324250E+04 -9.644E-01  1.687E+01  2.175E+00
 -2.0323750E+04 -8.170E-01  1.676E+01  1.728E+00
 -2.0323250E+04 -5.339E-01  1.538E+01  9.243E-01
 -2.0322750E+04 -8.801E-01  1.521E+01  1.975E+00
 -2.0322250E+04 -8.146E-01  1.556E+01  1.787E+00
 -2.0321750E+04 -1.152E+00  1.615E+01  2.776E+00
 -2.0321250E+04 -6.262E-01  1.438E+01  1.237E+00
 -2.0320750E+04 -8.071E-01  1.653E+01  1.701E+00
 -2.0320250E+04 -6.579E-01  1.529E+01  1.302E+00
 -2.0319750E+04 -1.109E+00  1.307E+01  2.758E+00
 -2.0319250E+04 -7.686E-01  1.421E+01  1.664E+00
 -2.0318750E+04 -6.883E-01  1.385E+01  1.456E+00
 -2.0318250E+04 -4.619E-01  1.397E+01  7.498E-01
 -2.0317750E+04 -4.304E-01  1.213E+01  7.507E-01
 -2.0317250E+04 -7.556E-01  1.207E+01  1.725E+00
 -2.0316750E+04 -7.883E-01  1.351E+01  1.754E+00
 -2.0316250E+04 -2.146E-01  1.330E+01  2.373E-02
 -2.0315750E+04 -6.679E-01  1.273E+01  1.408E+00
 -2.0315250E+04 -5.768E-01  1.181E+01  1.188E+00
 -2.0314750E+04 -9.265E-01  1.142E+01  2.266E+00
 -2.0314250E+04 -8.329E-01  1.109E+01  1.974E+00
 -2.0313750E+04 -3.700E-01  1.058E+01  5.906E-01
 -2.0313250E+04 -5.881E-01  1.033E+01  1.258E+00
 -2.0312750E+04 -4.243E-01  1.095E+01  7.402E-01
 -2.0312250E+04 -7.178E-01  1.095E+01  1.628E+00
 -2.0311750E+04 -7.266E-01  1.047E+01  1.688E+00
 -2.0311250E+04 -5.461E-01  1.010E+01  1.148E+00
 -2.0310750E+04 -5.292E-01  1.048E+01  1.078E+00
 -2.0310250E+04 -7.619E-01  9.245E+00  1.836E+00
 -2.0309750E+04 -3.871E-01  9.457E+00  7.131E-01
 -2.0309250E+04  4.069E-02  8.767E+00 -5.543E-01
 -2.0308750E+04 -4.117E-01  8.968E+00  7.924E-01
 -2.0308250E+04 -1.753E-03  8.772E+00 -4.179E-01
 -2.0307750E+04 -2.917E-01  7.103E+00  5.041E-01
 -2.0307250E+04 -4.135E-01  7.548E+00  8.564E-01
 -2.0306750E+04 -8.483E-01  7.853E+00  2.126E+00
 -2.0306250E+04 -8.953E-01  7.874E+00  2.273E+00
 -2.0305750E+04 -4.202E-01  6.047E+00  9.349E-01
 -2.0305250E+04 -4.717E-01  6.817E+00  1.047E+00
 -2.0304750E+04 -6.496E-01  7.611E+00  1.555E+00
 -2.0304250E+04 -3.733E-01  5.033E+00  8.483E-01
 -2.0303750E+04 -2.303E-01  5.765E+00  3.797E-01
 -2.0303250E+04 -4.405E-01  5.615E+00  1.003E+00
 -2.0302750E+04 -7.134E-01  5.065E+00  1.828E+00
 -2.0302250E+04 -2.567E-01  5.394E+00  4.654E-01
 -2.0301750E+04 -1.324E-01  5.256E+00  1.004E-01
 -2.0301250E+04 -4.943E-01  4.785E+00  1.209E+00
 -2.0300750E+04 -2.555E-01  5.498E+00  4.571E-01
 -2.0300250E+04 -3.019E-01  4.307E+00  6.363E-01
 -2.0299750E+04 -3.895E-01  4.135E+00  9.056E-01
 -2.0299250E+04 -2.838E-01  5.510E+00  5.290E-01
 -2.0298750E+04 -2.413E-01  4.056E+00  4.791E-01
 -2.0298250E+04 -1.170E-01  3.082E+00  1.308E-01
 -2.0297750E+04 -3.922E-01  2.187E+00  9.784E-01
 -2.0297250E+04 -9.666E-02  3.061E+00  8.898E-02
 -2.0296750E+04 -5.067E-01  1.941E+00  1.346E+00
 -2.0296250E+04 -3.029E-01  3.228E+00  6.788E-01
 -2.0295750E+04  4.789E-01  1.821E+00 -1.588E+00
 -2.0295250E+04  1.117E-01  2.420E+00 -5.065E-01
 -2.0294750E+04 -3.369E-01  2.386E+00  8.226E-01
 -2.0294250E+04 -2.120E-01  1.561E+00  4.827E-01
 -2.0293750E+04 -5.029E-01  1.897E+00  1.320E+00
 -2.0293250E+04 -1.309E-01  7.991E-01  2.694E-01
 -2.0292750E+04  1.770E-01  1.391E+00 -6.851E-01
 -2.0292250E+04 -3.442E-01  7.203E-01  8.859E-01
 -2.0291750E+04 -2.528E-01  3.456E-01  6.421E-01
 -2.0291250E+04 -2.738E-02  1.546E-02 -1.481E-03
 -2.0290750E+04 -3.055E-01  1.240E+00  7.746E-01
 -2.0290250E+04  1.233E-01  7.395E-01 -4.661E-01
 -2.0289750E+04  2.160E-01 -5.364E-01 -6.924E-01
 -2.0289250E+04  5.102E-02 -3.639E-01 -2.426E-01
 -2.0288750E+04 -3.452E-01 -7.062E-01  9.424E-01
 -2.0288250E+04 -8.251E-02 -1.313E+00  2.033E-01
 -2.0287750E+04  1.344E-01 -2.766E-01 -4.872E-01
 -2.0287250E+04 -1.898E-01 -8.176E-01  5.077E-01
 -2.0286750E+04 -1.413E-01 -1.117E-01  3.550E-01
 -2.0286250E+04  3.903E-01 -1.369E+00 -1.169E+00
 -2.0285750E+04  1.652E-02 -1.007E+00 -8.116E-02
 -2.0285250E+04 -7.464E-02 -1.904E+00  1.945E-01
 -2.0284750E+04  1.472E-01 -2.283E+00 -4.172E-01
 -2.0284250E+04  8.818E-02 -1.578E+00 -2.845E-01
 -2.0283750E+04 -2.254E-01 -1.351E+00  6.237E-01
 -2.0283250E+04  8.538E-02 -1.407E+00 -2.490E-01
 -2.0282750E+04 -2.491E-01 -2.475E+00  7.700E-01
 -2.0282250E+04  3.171E-02 -2.443E+00 -8.466E-02
 -2.0281750E+04 -7.062E-02 -2.618E+00  2.255E-01
 -2.0281250E+04 -8.427E-02 -1.006E+00  2.270E-01
 -2.0280750E+04 -1.113E-01 -2.458E+00  3.681E-01
 -2.0280250E+04  2.617E-01 -1.318E+00 -7.746E-01
 -2.0279750E+04 -1.175E-02 -3.112E+00  8.435E-02
 -2.0279250E+04 -1.969E-01 -2.730E+00  5.864E-01
 -2.0278750E+04  3.651E-01 -3.704E+00 -9.871E-01
 -2.0278250E+04  2.476E-01 -3.063E+00 -6.945E-01
 -2.0277750E+04  4.396E-01 -3.186E+00 -1.229E+00
 -2.0277250E+04  1.440E-01 -2.768E+00 -3.856E-01
 -2.0276750E+04  1.373E-02 -3.039E+00  5.820E-03
 -2.0276250E+04 -4.273E-01 -2.797E+00  1.278E+00
 -2.0275750E+04  1.884E-01 -3.391E+00 -4.842E-01
 -2.0275250E+04  1.935E-01 -3.026E+00 -5.204E-01
 -2.0274750E+04  3.704E-01 -4.571E+00 -9.903E-01
 -2.0274250E+04  4.892E-02 -4.556E+00 -2.152E-02
 -2.0273750E+04  7.393E-02 -5.421E+00 -8.900E-02
 -2.0273250E+04  2.077E-01 -3.577E+00 -5.592E-01
 -2.0272750E+04  1.722E-01 -3.580E+00 -4.292E-01
 -2.0272250E+04  2.937E-01 -4.802E+00 -7.436E-01
 -2.0271750E+04  5.000E-02 -3.600E+00 -6.373E-02
 -2.0271250E+04 -5.121E-02 -4.884E+00  2.805E-01
 -2.0270750E+04  5.492E-01 -5.063E+00 -1.461E+00
 -2.0270250E+04  1.349E-01 -4.604E+00 -2.669E-01
 -2.0269750E+04  5.628E-02 -3.741E+00 -8.704E-02
 -2.0269250E+04  5.253E-01 -3.493E+00 -1.458E+00
 -2.0268750E+04  2.970E-01 -5.061E+00 -7.600E-01
 -2.0268250E+04  4.179E-01 -5.208E+00 -1.105E+00
 -2.0267750E+04 -1.797E-01 -3.968E+00  6.228E-01
 -2.0267250E+04  1.642E-01 -4.569E+00 -3.486E-01
 -2.0266750E+04  5.927E-02 -4.298E+00 -5.668E-02
 -2.0266250E+04  5.679E-01 -5.693E+00 -1.502E+00
 -2.0265750E+04  1.619E-01 -4.296E+00 -3.516E-01
 -2.0265250E+04  2.093E-01 -4.154E+00 -4.827E-01
 -2.0264750E+04  3.096E-01 -4.462E+00 -7.838E-01
 -2.0264250E+04  1.700E-01 -5.341E+00 -3.507E-01
 -2.0263750E+04  2.203E-01 -5.313E+00 -4.809E-01
 -2.0263250E+04  4.470E-01 -5.020E+00 -1.129E+00
 -2.0262750E+04  1.904E-01 -4.733E+00 -4.380E-01
 -2.0262250E+04  1.401E-01 -4.843E+00 -2.774E-01
 -2.0261750E+04 -6.522E-04 -5.504E+00  1.607E-01
 -2.0261250E+04  3.168E-01 -6.197E+00 -7.441E-01
 -2.0260750E+04  1.843E-01 -4.790E+00 -3.916E-01
 -2.0260250E+04  4.077E-02 -4.511E+00 -4.349E-03
 -2.0259750E+04  2.367E-01 -5.419E+00 -5.285E-01
 -2.0259250E+04  3.599E-01 -5.550E+00 -8.802E-01
 -2.0258750E+04  2.529E-01 -5.403E+00 -5.917E-01
 -2.0258250E+04  1.769E-01 -6.044E+00 -3.203E-01
 -2.0257750E+04  2.231E-01 -5.005E+00 -5.088E-01
 -2.0257250E+04  4.618E-01 -4.928E+00 -1.204E+00
 -2.0256750E+04  2.909E-01 -5.904E+00 -6.495E-01
 -2.0256250E+04  7.399E-02 -5.163E+00 -3.435E-02
 -2.0255750E+04  1.147E-01 -5.561E+00 -1.561E-01
 -2.0255250E+04  1.855E-01 -5.765E+00 -3.727E-01
 -2.0254750E+04  1.095E-02 -4.819E+00  1.147E-01
 -2.0254250E+04  2.881E-01 -5.387E+00 -6.764E-01
 -2.0253750E+04  2.486E-01 -5.814E+00 -5.532E-01
 -2.0253250E+04  3.599E-01 -5.304E+00 -8.821E-01
 -2.0252750E+04  2.735E-01 -5.567E+00 -6.492E-01
 -2.0252250E+04  3.516E-01 -5.495E+00 -8.855E-01
 -2.0251750E+04  3.629E-01 -5.475E+00 -8.662E-01
 -2.0251250E+04  3.388E-01 -5.545E+00 -7.832E-01
 -2.0250750E+04  4.345E-01 -5.852E+00 -1.052E+00
 -2.0250250E+04  2.600E-02 -6.025E+00  1.010E-01
 -2.0249750E+04  5.109E-02 -5.104E+00  7.304E-03
 -2.0249250E+04  3.683E-01 -5.854E+00 -8.704E-01
 -2.0248750E+04  1.235E-01 -5.891E+00 -1.658E-01
 -2.0248250E+04  4.968E-01 -5.167E+00 -1.270E+00
 -2.0247750E+04  3.810E-01 -5.739E+00 -9.231E-01
 -2.0247250E+04  9.129E-02 -5.228E+00 -1.141E-01
 -2.0246750E+04  2.001E-01 -5.132E+00 -4.091E-01
 -2.0246250E+04  3.431E-01 -5.973E+00 -7.810E-01
 -2.0245750E+04  2.881E-01 -5.878E+00 -6.590E-01
 -2.0245250E+04  1.643E-01 -4.959E+00 -3.383E-01
 -2.0244750E+04  1.759E-01 -6.266E+00 -3.120E-01
 -2.0244250E+04  1.865E-01 -5.051E+00 -4.022E-01
 -2.0243750E+04  1.617E-01 -5.441E+00 -2.909E-01
 -2.0243250E+04  2.003E-01 -6.172E+00 -3.745E-01
 -2.0242750E+04  2.882E-01 -6.072E+00 -6.113E-01
 -2.0242250E+04  3.788E-01 -5.745E+00 -9.056E-01
 -2.0241750E+04  2.926E-01 -5.835E+00 -6.846E-01
 -2.0241250E+04  2.646E-01 -5.737E+00 -5.642E-01
 -2.0240750E+04 -5.929E-02 -5.459E+00  3.281E-01
 -2.0240250E+04  3.404E-01 -5.211E+00 -8.116E-01
 -2.0239750E+04  3.224E-01 -5.330E+00 -7.391E-01
 -2.0239250E+04  1.390E-01 -5.730E+00 -2.083E-01
 -2.0238750E+04  1.389E-01 -5.772E+00 -1.928E-01
 -2.0238250E+04  4.984E-01 -5.838E+00 -1.219E+00
 -2.0237750E+04  1.520E-01 -5.554E+00 -3.013E-01
 -2.0237250E+04  1.389E-01 -5.782E+00 -2.424E-01
 -2.0236750E+04  4.638E-01 -6.040E+00 -1.127E+00
 -2.0236250E+04  3.676E-01 -4.843E+00 -8.808E-01
 -2.0235750E+04  3.607E-01 -5.133E+00 -8.724E-01
 -2.0235250E+04  1.490E-01 -5.832E+00 -2.221E-01
 -2.0234750E+04  3.061E-01 -5.932E+00 -6.820E-01
 -2.0234250E+04  2.632E-01 -5.513E+00 -5.721E-01
 -2.0233750E+04  3.271E-01 -5.095E+00 -7.613E-01
 -2.0233250E+04  2.184E-01 -5.277E+00 -4.417E-01
 -2.0232750E+04  3.863E-01 -5.276E+00 -9.627E-01
 -2.0232250E+04  2.280E-01 -5.395E+00 -4.680E-01
 -2.0231750E+04  3.206E-01 -5.714E+00 -7.445E-01
 -2.0231250E+04  2.368E-01 -4.612E+00 -5.440E-01
 -2.0230750E+04  4.618E-01 -4.680E+00 -1.164E+00
 -2.0230250E+04  3.066E-01 -5.226E+00 -6.954E-01
 -2.0229750E+04  1.136E-01 -5.495E+00 -1.509E-01
 -2.0229250E+04  2.798E-01 -5.632E+00 -6.087E-01
 -2.0228750E+04  2.575E-01 -5.382E+00 -5.429E-01
 -2.0228250E+04  2.426E-01 -4.975E+00 -5.046E-01
 -2.0227750E+04 -1.250E-02 -4.806E+00  1.703E-01
 -2.0227250E+04  2.208E-01 -5.056E+00 -4.691E-01
 -2.0226750E+04  3.207E-01 -6.068E+00 -6.828E-01
 -2.0226250E+04  1.650E-01 -5.135E+00 -3.084E-01
 -2.0225750E+04  1.775E-01 -5.153E+00 -3.742E-01
 -2.0225250E+04  2.255E-01 -5.642E+00 -4.526E-01
 -2.0224750E+04  3.110E-01 -5.032E+00 -7.030E-01
 -2.0224250E+04  2.157E-01 -4.846E+00 -4.385E-01
 -2.0223750E+04  1.885E-01 -5.390E+00 -3.765E-01
 -2.0223250E+04  2.136E-01 -5.089E+00 -4.505E-01
 -2.0222750E+04  3.239E-01 -4.879E+00 -7.392E-01
 -2.0222250E+04  3.778E-01 -5.502E+00 -8.841E-01
 -2.0221750E+04  1.863E-01 -4.859E+00 -3.924E-01
 -2.0221250E+04  2.441E-01 -4.958E+00 -5.245E-01
 -2.0220750E+04  3.422E-01 -5.361E+00 -7.931E-01
 -2.0220250E+04  3.702E-02 -5.109E+00  4.304E-02
 -2.0219750E+04  1.492E-01 -4.773E+00 -2.746E-01
 -2.0219250E+04  2.520E-01 -5.293E+00 -5.364E-01
 -2.0218750E+04  2.927E-01 -4.821E+00 -6.569E-01
 -2.0218250E+04  1.960E-01 -5.159E+00 -3.782E-01
 -2.0217750E+04  1.947E-01 -4.928E+00 -3.972E-01
 -2.0217250E+04  2.295E-01 -4.971E+00 -4.803E-01
 -2.0216750E+04  2.218E-01 -4.922E+00 -4.608E-01
 -2.0216250E+04  1.309E-01 -5.252E+00 -2.102E-01
 -2.0215750E+04  2.185E-01 -5.486E+00 -4.407E-01
 -2.0215250E+04  3.516E-01 -4.910E+00 -8.159E-01
 -2.0214750E+04  1.344E-01 -4.762E+00 -2.199E-01
 -2.0214250E+04  2.412E-01 -5.077E+00 -5.125E-01
 -2.0213750E+04 -1.938E-03 -4.684E+00  1.567E-01
 -2.0213250E+04  1.843E-01 -4.458E+00 -4.072E-01
 -2.0212750E+04  2.048E-01 -4.899E+00 -4.214E-01
 -2.0212250E+04  2.651E-01 -4.481E+00 -5.892E-01
 -2.0211750E+04  3.464E-01 -4.499E+00 -8.249E-01
 -2.0211250E+04  2.536E-01 -5.038E+00 -5.500E-01
 -2.0210750E+04  3.106E-01 -3.954E+00 -7.682E-01
 -2.0210250E+04  2.092E-01 -4.377E+00 -4.516E-01
 -2.0209750E+04  1.147E-01 -4.396E+00 -1.855E-01
 -2.0209250E+04  3.106E-01 -4.818E+00 -7.351E-01
 -2.0208750E+04  3.392E-01 -4.848E+00 -7.865E-01
 -2.0208250E+04  2.039E-01 -5.021E+00 -4.056E-01
 -2.0207750E+04  1.687E-01 -4.044E+00 -3.271E-01
 -2.0207250E+04  1.792E-01 -4.918E+00 -3.113E-01
 -2.0206750E+04  3.169E-01 -4.884E+00 -7.139E-01
 -2.0206250E+04  2.099E-01 -4.051E+00 -4.456E-01
 -2.0205750E+04  1.976E-01 -4.437E+00 -4.018E-01
 -2.0205250E+04  2.219E-01 -3.945E+00 -4.798E-01
 -2.0204750E+04  1.225E-01 -4.305E+00 -2.076E-01
 -2.0204250E+04  1.600E-01 -4.835E+00 -2.715E-01
 -2.0203750E+04  2.149E-01 -4.764E+00 -4.289E-01
 -2.0203250E+04  2.656E-01 -4.726E+00 -5.868E-01
 -2.0202750E+04  9.116E-02 -4.199E+00 -1.235E-01
 -2.0202250E+04  4.704E-02 -4.400E+00  2.969E-02
 -2.0201750E+04  1.229E-01 -4.129E+00 -1.833E-01
 -2.0201250E+04  2.027E-01 -4.011E+00 -4.166E-01
 -2.0200750E+04  3.122E-01 -4.251E+00 -7.157E-01
 -2.0200250E+04  2.598E-01 -4.220E+00 -6.012E-01
 -2.0199750E+04  2.262E-02 -3.756E+00  6.162E-02
 -2.0199250E+04  1.375E-01 -4.290E+00 -2.292E-01
 -2.0198750E+04  2.504E-01 -4.456E+00 -5.215E-01
 -2.0198250E+04  2.633E-01 -4.544E+00 -5.813E-01
 -2.0197750E+04  2.806E-01 -4.048E+00 -6.456E-01
 -2.0197250E+04  1.335E-01 -4.172E+00 -2.545E-01
 -2.0196750E+04  1.357E-01 -3.957E+00 -2.295E-01
 -2.0196250E+04  2.048E-01 -4.376E+00 -4.191E-01
 -2.0195750E+04  3.056E-01 -3.875E+00 -7.406E-01
 -2.0195250E+04  2.152E-01 -4.117E+00 -4.708E-01
 -2.0194750E+04  1.237E-01 -4.033E+00 -1.904E-01
 -2.0194250E+04  2.740E-01 -4.665E+00 -6.125E-01
 -2.0193750E+04  1.876E-01 -3.590E+00 -4.095E-01
 -2.0193250E+04  6.832E-02 -3.915E+00 -6.969E-02
 -2.0192750E+04  3.007E-01 -4.052E+00 -7.201E-01
 -2.0192250E+04  1.775E-01 -3.955E+00 -3.496E-01
 -2.0191750E+04  2.722E-02 -3.859E+00  7.674E-02
 -2.0191250E+04  2.486E-01 -3.713E+00 -5.576E-01
 -2.0190750E+04  2.911E-01 -4.422E+00 -6.837E-01
 -2.0190250E+04  1.351E-01 -4.215E+00 -2.317E-01
 -2.0189750E+04  9.315E-02 -4.161E+00 -1.151E-01
 -2.0189250E+04  1.081E-01 -3.781E+00 -1.849E-01
 -2.0188750E+04  2.463E-01 -3.936E+00 -5.531E-01
 -2.0188250E+04  2.538E-01 -4.164E+00 -5.814E-01
 -2.0187750E+04  3.340E-02 -3.836E+00  5.276E-02
 -2.0187250E+04  1.112E-01 -3.356E+00 -1.729E-01
 -2.0186750E+04  1.647E-01 -3.682E+00 -3.567E-01
 -2.0186250E+04  1.548E-01 -3.688E+00 -3.003E-01
 -2.0185750E+04  1.339E-01 -3.735E+00 -2.567E-01
 -2.0185250E+04  2.219E-01 -4.019E+00 -4.746E-01
 -2.0184750E+04  1.196E-01 -3.804E+00 -2.228E-01
 -2.0184250E+04  1.583E-01 -3.699E+00 -3.286E-01
 -2.0183750E+04  5.720E-02 -3.622E+00 -3.892E-02
 -2.0183250E+04  2.056E-01 -3.372E+00 -4.834E-01
 -2.0182750E+04  1.561E-01 -3.883E+00 -2.838E-01
 -2.0182250E+04  2.540E-02 -3.748E+00  7.996E-02
 -2.0181750E+04  2.764E-01 -3.422E+00 -6.619E-01
 -2.0181250E+04  1.742E-01 -3.686E+00 -3.687E-01
 -2.0180750E+04  2.150E-01 -3.908E+00 -4.618E-01
 -2.0180250E+04  2.397E-01 -4.005E+00 -5.102E-01
 -2.0179750E+04  2.235E-01 -3.305E+00 -5.148E-01
 -2.0179250E+04  1.898E-01 -3.044E+00 -4.278E-01
 -2.0178750E+04  2.504E-01 -3.593E+00 -5.841E-01
 -2.0178250E+04  1.508E-01 -3.286E+00 -3.142E-01
 -2.0177750E+04  1.763E-01 -3.511E+00 -3.633E-01
 -2.0177250E+04  1.252E-01 -3.628E+00 -2.191E-01
 -2.0176750E+04  1.045E-01 -3.629E+00 -1.824E-01
 -2.0176250E+04  1.998E-01 -3.366E+00 -4.491E-01
 -2.0175750E+04  2.442E-01 -3.091E+00 -5.620E-01
 -2.0175250E+04  1.869E-01 -3.529E+00 -4.016E-01
 -2.0174750E+04  1.377E-01 -3.722E+00 -2.454E-01
 -2.0174250E+04  8.971E-02 -3.607E+00 -1.294E-01
 -2.0173750E+04  9.411E-02 -3.435E+00 -1.426E-01
 -2.0173250E+04  2.633E-01 -3.674E+00 -6.069E-01
 -2.0172750E+04  1.680E-01 -3.250E+00 -3.854E-01
 -2.0172250E+04  1.867E-01 -3.300E+00 -4.032E-01
 -2.0171750E+04  2.049E-02 -3.344E+00  4.734E-02
 -2.0171250E+04  2.508E-01 -3.654E+00 -5.606E-01
 -2.0170750E+04  1.271E-01 -3.226E+00 -2.257E-01
 -2.0170250E+04  1.940E-01 -3.217E+00 -4.127E-01
 -2.0169750E+04  1.845E-01 -3.118E+00 -4.198E-01
 -2.0169250E+04  2.084E-01 -3.055E+00 -4.698E-01
 -2.0168750E+04  1.267E-01 -3.211E+00 -2.333E-01
 -2.0168250E+04  1.657E-01 -3.332E+00 -3.554E-01
 -2.0167750E+04  1.095E-01 -3.578E+00 -1.719E-01
 -2.0167250E+04  1.064E-01 -3.222E+00 -1.782E-01
 -2.0166750E+04  1.519E-01 -3.183E+00 -3.189E-01
 -2.0166250E+04  7.876E-02 -2.863E+00 -1.340E-01
 -2.0165750E+04  2.420E-02 -2.884E+00  5.495E-02
 -2.0165250E+04  9.759E-02 -3.231E+00 -1.636E-01
 -2.0164750E+04  1.416E-01 -3.146E+00 -2.723E-01
 -2.0164250E+04  1.806E-01 -3.027E+00 -4.005E-01
 -2.0163750E+04  1.471E-01 -3.302E+00 -2.711E-01
 -2.0163250E+04  2.468E-01 -3.072E+00 -5.901E-01
 -2.0162750E+04  1.614E-01 -2.982E+00 -3.608E-01
 -2.0162250E+04  1.931E-01 -2.812E+00 -4.210E-01
 -2.0161750E+04  1.486E-01 -2.951E+00 -3.060E-01
 -2.0161250E+04  1.483E-02 -2.724E+00  6.608E-02
 -2.0160750E+04  6.405E-02 -2.774E+00 -7.616E-02
 -2.0160250E+04  1.229E-01 -2.944E+00 -2.424E-01
 -2.0159750E+04  2.807E-01 -2.773E+00 -6.664E-01
 -2.0159250E+04  2.550E-01 -2.811E+00 -5.961E-01
 -2.0158750E+04  1.173E-01 -3.244E+00 -2.142E-01
 -2.0158250E+04  1.629E-01 -2.963E+00 -3.636E-01
 -2.0157750E+04  1.899E-01 -3.038E+00 -4.382E-01
 -2.0157250E+04  2.225E-01 -3.119E+00 -5.018E-01
 -2.0156750E+04  1.145E-01 -2.712E+00 -1.894E-01
 -2.0156250E+04  1.193E-01 -3.130E+00 -2.598E-01
 -2.0155750E+04  1.403E-01 -2.870E+00 -3.105E-01
 -2.0155250E+04  8.942E-02 -2.466E+00 -1.673E-01
 -2.0154750E+04  2.037E-02 -2.627E+00  4.190E-02
 -2.0154250E+04  1.311E-01 -2.763E+00 -2.507E-01
 -2.0153750E+04  2.020E-01 -3.026E+00 -4.728E-01
 -2.0153250E+04  1.652E-01 -2.921E+00 -3.429E-01
 -2.0152750E+04  5.755E-02 -2.681E+00 -6.632E-02
 -2.0152250E+04  1.372E-01 -2.953E+00 -2.596E-01
 -2.0151750E+04  7.531E-02 -2.726E+00 -1.001E-01
 -2.0151250E+04  1.384E-01 -2.595E+00 -3.014E-01
 -2.0150750E+04  9.072E-02 -2.721E+00 -1.720E-01
 -2.0150250E+04  1.648E-01 -2.487E+00 -3.647E-01
 -2.0149750E+04  1.522E-01 -2.446E+00 -3.317E-01
 -2.0149250E+04  1.458E-01 -2.758E+00 -3.110E-01
 -2.0148750E+04  1.801E-01 -2.624E+00 -4.172E-01
 -2.0148250E+04  6.198E-02 -2.500E+00 -7.590E-02
 -2.0147750E+04  5.104E-02 -2.849E+00 -3.808E-02
 -2.0147250E+04  7.478E-02 -2.863E+00 -7.877E-02
 -2.0146750E+04  2.378E-02 -2.810E+00  4.273E-02
 -2.0146250E+04  6.353E-02 -2.753E+00 -9.173E-02
 -2.0145750E+04  8.726E-02 -2.529E+00 -1.239E-01
 -2.0145250E+04  6.355E-02 -2.483E+00 -9.712E-02
 -2.0144750E+04  2.358E-01 -2.545E+00 -5.496E-01
 -2.0144250E+04  1.562E-01 -2.447E+00 -3.242E-01
 -2.0143750E+04  1.385E-01 -2.695E+00 -3.069E-01
 -2.0143250E+04  9.491E-02 -2.706E+00 -1.590E-01
 -2.0142750E+04  5.612E-02 -2.428E+00 -6.891E-02
 -2.0142250E+04  1.817E-01 -2.780E+00 -4.104E-01
 -2.0141750E+04  4.095E-02 -2.629E+00 -2.733E-02
 -2.0141250E+04  1.183E-01 -2.642E+00 -2.292E-01
 -2.0140750E+04  1.470E-01 -2.490E+00 -3.355E-01
 -2.0140250E+04  1.287E-01 -2.417E+00 -2.541E-01
 -2.0139750E+04  1.445E-01 -2.464E+00 -3.149E-01
 -2.0139250E+04  1.438E-01 -2.563E+00 -2.850E-01
 -2.0138750E+04  7.407E-02 -2.149E+00 -1.311E-01
 -2.0138250E+04  7.501E-02 -2.521E+00 -1.345E-01
 -2.0137750E+04  1.516E-01 -2.616E+00 -3.358E-01
 -2.0137250E+04  1.487E-01 -2.200E+00 -3.355E-01
 -2.0136750E+04  8.369E-02 -2.550E+00 -1.654E-01
 -2.0136250E+04  5.988E-02 -2.282E+00 -9.288E-02
 -2.0135750E+04  1.159E-01 -2.804E+00 -2.100E-01
 -2.0135250E+04  4.990E-02 -2.043E+00 -5.631E-02
 -2.0134750E+04  5.818E-02 -2.094E+00 -9.047E-02
 -2.0134250E+04  8.445E-02 -2.120E+00 -1.502E-01
 -2.0133750E+04  8.654E-02 -2.168E+00 -1.575E-01
 -2.0133250E+04  7.177E-02 -2.451E+00 -9.621E-02
 -2.0132750E+04  1.130E-01 -2.118E+00 -2.330E-01
 -2.0132250E+04  1.007E-01 -2.418E+00 -2.114E-01
 -2.0131750E+04  1.105E-01 -2.148E+00 -2.188E-01
 -2.0131250E+04  1.439E-01 -2.373E+00 -2.992E-01
 -2.0130750E+04  1.672E-01 -2.175E+00 -4.002E-01
 -2.0130250E+04  8.780E-02 -2.263E+00 -1.557E-01
 -2.0129750E+04  3.316E-02 -2.224E+00 -1.503E-02
 -2.0129250E+04  9.648E-02 -2.391E+00 -1.910E-01
 -2.0128750E+04  2.624E-02 -2.193E+00  1.575E-02
 -2.0128250E+04  1.895E-01 -1.948E+00 -4.741E-01
 -2.0127750E+04  6.993E-02 -1.958E+00 -1.337E-01
 -2.0127250E+04  8.426E-02 -2.173E+00 -1.660E-01
 -2.0126750E+04  5.612E-02 -2.247E+00 -5.705E-02
 -2.0126250E+04  4.340E-02 -2.113E+00 -3.896E-02
 -2.0125750E+04  1.237E-01 -2.090E+00 -2.585E-01
 -2.0125250E+04  1.552E-01 -1.966E+00 -3.504E-01
 -2.0124750E+04  2.115E-02 -2.334E+00  1.505E-02
 -2.0124250E+04  6.764E-02 -2.202E+00 -9.345E-02
 -2.0123750E+04  1.038E-01 -2.169E+00 -1.987E-01
 -2.0123250E+04  3.120E-02 -1.944E+00 -1.707E-02
 -2.0122750E+04  1.243E-01 -2.226E+00 -2.607E-01
 -2.0122250E+04  1.396E-01 -2.044E+00 -2.958E-01
 -2.0121750E+04  1.075E-01 -2.103E+00 -2.286E-01
 -2.0121250E+04  9.441E-02 -2.080E+00 -1.979E-01
 -2.0120750E+04  1.391E-01 -1.997E+00 -3.156E-01
 -2.0120250E+04  9.670E-02 -1.914E+00 -1.791E-01
 -2.0119750E+04  7.124E-02 -2.201E+00 -1.113E-01
 -2.0119250E+04  7.017E-02 -2.125E+00 -1.127E-01
 -2.0118750E+04  6.475E-02 -1.739E+00 -1.141E-01
 -2.0118250E+04  2.672E-02 -1.800E+00 -1.843E-02
 -2.0117750E+04  7.479E-02 -2.255E+00 -1.046E-01
 -2.0117250E+04 -2.605E-03 -2.172E+00  9.666E-02
 -2.0116750E+04  1.216E-01 -1.856E+00 -2.535E-01
 -2.0116250E+04  1.368E-01 -1.928E+00 -3.223E-01
 -2.0115750E+04  1.446E-01 -2.218E+00 -3.122E-01
 -2.0115250E+04  1.103E-01 -2.064E+00 -2.238E-01
 -2.0114750E+04  5.686E-02 -1.801E+00 -8.656E-02
 -2.0114250E+04  5.062E-02 -1.915E+00 -4.686E-02
 -2.0113750E+04  4.458E-02 -1.841E+00 -6.498E-02
 -2.0113250E+04  1.042E-01 -1.938E+00 -2.429E-01
 -2.0112750E+04  8.756E-02 -2.027E+00 -1.652E-01
 -2.0112250E+04  1.728E-01 -1.874E+00 -4.093E-01
 -2.0111750E+04  1.226E-01 -1.838E+00 -2.742E-01
 -2.0111250E+04  6.340E-02 -1.572E+00 -1.173E-01
 -2.0110750E+04  2.397E-02 -1.961E+00  1.174E-02
 -2.0110250E+04  4.961E-02 -1.714E+00 -8.631E-02
 -2.0109750E+04  7.914E-02 -1.832E+00 -1.608E-01
 -2.0109250E+04  6.925E-02 -1.688E+00 -1.386E-01
 -2.0108750E+04  1.051E-01 -1.907E+00 -2.208E-01
 -2.0108250E+04  1.344E-01 -1.891E+00 -3.212E-01
 -2.0107750E+04  1.160E-01 -1.937E+00 -2.572E-01
 -2.0107250E+04  4.279E-02 -1.823E+00 -4.188E-02
 -2.0106750E+04  1.161E-01 -1.907E+00 -2.534E-01
 -2.0106250E+04  1.448E-01 -1.873E+00 -3.556E-01
 -2.0105750E+04  5.713E-02 -1.859E+00 -1.006E-01
 -2.0105250E+04  1.317E-01 -1.757E+00 -3.042E-01
 -2.0104750E+04  1.302E-01 -1.852E+00 -2.810E-01
 -2.0104250E+04  4.795E-02 -1.948E+00 -7.573E-02
 -2.0103750E+04  2.271E-02 -1.651E+00  1.104E-02
 -2.0103250E+04  3.199E-02 -1.484E+00 -3.150E-02
 -2.0102750E+04  1.054E-01 -1.666E+00 -2.247E-01
 -2.0102250E+04  9.795E-02 -1.694E+00 -2.057E-01
 -2.0101750E+04  2.034E-02 -1.733E+00  1.069E-03
 -2.0101250E+04  3.514E-02 -1.750E+00 -1.804E-02
 -2.0100750E+04  1.652E-01 -1.685E+00 -4.098E-01
 -2.0100250E+04  1.647E-01 -1.625E+00 -4.076E-01
 -2.0099750E+04 -8.810E-03 -1.715E+00  1.036E-01
 -2.0099250E+04  3.766E-02 -2.011E+00 -4.412E-02
 -2.0098750E+04  1.051E-01 -1.723E+00 -2.286E-01
 -2.0098250E+04  8.109E-02 -1.623E+00 -1.788E-01
 -2.0097750E+04  5.776E-02 -1.574E+00 -9.929E-02
 -2.0097250E+04  1.052E-01 -1.678E+00 -2.107E-01
 -2.0096750E+04  1.103E-01 -1.651E+00 -2.393E-01
 -2.0096250E+04  6.159E-02 -1.652E+00 -1.134E-01
 -2.0095750E+04  8.348E-02 -1.534E+00 -1.590E-01
 -2.0095250E+04  5.805E-02 -1.625E+00 -8.716E-02
 -2.0094750E+04  9.763E-02 -1.552E+00 -2.064E-01
 -2.0094250E+04  8.354E-02 -1.608E+00 -1.382E-01
 -2.0093750E+04  3.642E-02 -1.480E+00 -3.947E-02
 -2.0093250E+04  7.198E-02 -1.750E+00 -1.453E-01
 -2.0092750E+04  8.537E-02 -1.736E+00 -1.790E-01
 -2.0092250E+04 -3.558E-02 -1.696E+00  1.635E-01
 -2.0091750E+04  2.576E-02 -1.537E+00 -9.097E-03
 -2.0091250E+04  1.679E-02 -1.563E+00  1.336E-02
 -2.0090750E+04  5.410E-02 -1.511E+00 -1.136E-01
 -2.0090250E+04  4.948E-02 -1.443E+00 -9.463E-02
 -2.0089750E+04  9.508E-02 -1.497E+00 -1.910E-01
 -2.0089250E+04  9.773E-02 -1.436E+00 -2.096E-01
 -2.0088750E+04  6.703E-02 -1.454E+00 -1.451E-01
 -2.0088250E+04  7.680E-02 -1.538E+00 -1.656E-01
 -2.0087750E+04  1.048E-01 -1.737E+00 -2.306E-01
 -2.0087250E+04  1.304E-01 -1.432E+00 -2.976E-01
 -2.0086750E+04  2.717E-02 -1.324E+00 -2.553E-02
 -2.0086250E+04 -5.381E-03 -1.276E+00  7.113E-02
 -2.0085750E+04  8.118E-02 -1.741E+00 -1.465E-01
 -2.0085250E+04  1.682E-02 -1.401E+00  5.562E-03
 -2.0084750E+04 -1.921E-02 -1.421E+00  1.186E-01
 -2.0084250E+04  6.103E-02 -1.511E+00 -1.260E-01
 -2.0083750E+04  9.150E-02 -1.598E+00 -2.019E-01
 -2.0083250E+04  1.100E-01 -1.519E+00 -2.339E-01
 -2.0082750E+04  8.036E-02 -1.547E+00 -1.461E-01
 -2.0082250E+04  1.021E-01 -1.291E+00 -2.327E-01
 -2.0081750E+04  3.005E-02 -1.382E+00 -1.201E-02
 -2.0081250E+04  3.721E-02 -1.467E+00 -5.287E-02
 -2.0080750E+04  3.398E-02 -1.521E+00 -3.982E-02
 -2.0080250E+04  1.273E-01 -1.323E+00 -3.065E-01
 -2.0079750E+04  1.424E-01 -1.554E+00 -3.346E-01
 -2.0079250E+04  4.408E-03 -1.167E+00  2.114E-02
 -2.0078750E+04  6.092E-02 -1.382E+00 -1.221E-01
 -2.0078250E+04  2.550E-02 -1.597E+00 -5.831E-04
 -2.0077750E+04  5.409E-02 -1.588E+00 -1.035E-01
 -2.0077250E+04  1.138E-01 -1.441E+00 -2.656E-01
 -2.0076750E+04  1.076E-01 -1.334E+00 -2.350E-01
 -2.0076250E+04 -1.470E-02 -1.321E+00  1.158E-01
 -2.0075750E+04  9.146E-02 -1.169E+00 -1.962E-01
 -2.0075250E+04  5.065E-02 -1.307E+00 -8.591E-02
 -2.0074750E+04  7.196E-02 -1.399E+00 -1.435E-01
 -2.0074250E+04  1.049E-01 -1.489E+00 -2.460E-01
 -2.0073750E+04  2.094E-02 -1.370E+00 -3.784E-03
 -2.0073250E+04  4.942E-02 -1.540E+00 -7.170E-02
 -2.0072750E+04  1.463E-01 -1.575E+00 -3.527E-01
 -2.0072250E+04  6.885E-02 -1.169E+00 -1.520E-01
 -2.0071750E+04  1.120E-02 -1.228E+00 -4.981E-03
 -2.0071250E+04 -3.865E-03 -1.497E+00  5.338E-02
 -2.0070750E+04  6.705E-02 -1.197E+00 -1.551E-01
 -2.0070250E+04  9.232E-02 -1.025E+00 -2.146E-01
 -2.0069750E+04  8.062E-02 -1.181E+00 -1.718E-01
 -2.0069250E+04  8.110E-02 -1.288E+00 -1.855E-01
 -2.0068750E+04 -8.646E-03 -1.364E+00  1.091E-01
 -2.0068250E+04  8.804E-02 -1.471E+00 -1.761E-01
 -2.0067750E+04 -1.063E-03 -1.265E+00  4.410E-02
 -2.0067250E+04  8.982E-02 -1.056E+00 -2.061E-01
 -2.0066750E+04  4.351E-02 -1.243E+00 -5.582E-02
 -2.0066250E+04  2.750E-02 -1.165E+00 -3.290E-02
 -2.0065750E+04  4.979E-02 -1.234E+00 -1.113E-01
 -2.0065250E+04  8.908E-02 -1.439E+00 -1.887E-01
 -2.0064750E+04 -3.223E-02 -1.283E+00  1.272E-01
 -2.0064250E+04  1.088E-01 -1.204E+00 -2.583E-01
 -2.0063750E+04  1.058E-01 -1.307E+00 -2.260E-01
 -2.0063250E+04  1.041E-02 -1.378E+00  2.300E-02
 -2.0062750E+04  8.857E-03 -1.254E+00  1.399E-02
 -2.0062250E+04  6.515E-02 -1.217E+00 -1.284E-01
 -2.0061750E+04  6.352E-02 -1.310E+00 -1.288E-01
 -2.0061250E+04  9.561E-02 -1.255E+00 -2.252E-01
 -2.0060750E+04  1.331E-02 -1.318E+00  1.234E-02
 -2.0060250E+04  4.694E-02 -1.195E+00 -7.055E-02
 -2.0059750E+04  7.538E-02 -1.142E+00 -1.680E-01
 -2.0059250E+04  4.405E-02 -1.079E+00 -8.260E-02
 -2.0058750E+04  6.149E-02 -1.290E+00 -1.117E-01
 -2.0058250E+04  8.101E-02 -1.258E+00 -1.783E-01
 -2.0057750E+04  3.970E-02 -1.134E+00 -6.351E-02
 -2.0057250E+04  3.745E-03 -1.259E+00  4.796E-02
 -2.0056750E+04  9.128E-02 -1.195E+00 -1.990E-01
 -2.0056250E+04  9.248E-02 -1.113E+00 -2.198E-01
 -2.0055750E+04  3.738E-02 -1.292E+00 -6.510E-02
 -2.0055250E+04  3.115E-02 -1.310E+00 -2.794E-02
 -2.0054750E+04  3.151E-02 -1.028E+00 -5.053E-02
 -2.0054250E+04  9.256E-02 -1.236E+00 -2.140E-01
 -2.0053750E+04  1.773E-02 -1.123E+00 -3.399E-03
 -2.0053250E+04  3.160E-02 -8.888E-01 -4.403E-02
 -2.0052750E+04  3.195E-02 -1.071E+00 -5.471E-02
 -2.0052250E+04  3.783E-02 -1.113E+00 -6.915E-02
 -2.0051750E+04  2.892E-02 -1.181E+00 -3.570E-02
 -2.0051250E+04  1.824E-02 -1.110E+00 -4.224E-03
 -2.0050750E+04  3.700E-02 -9.932E-01 -6.072E-02
 -2.0050250E+04  7.155E-02 -1.045E+00 -1.712E-01
 -2.0049750E+04  9.119E-02 -1.216E+00 -2.022E-01
 -2.0049250E+04  8.723E-02 -1.137E+00 -1.994E-01
 -2.0048750E+04  2.637E-02 -8.929E-01 -4.596E-02
 -2.0048250E+04  8.125E-02 -1.167E+00 -1.907E-01
 -2.0047750E+04  4.054E-02 -1.169E+00 -7.041E-02
 -2.0047250E+04  2.837E-02 -9.645E-01 -3.107E-02
 -2.0046750E+04  5.271E-02 -1.027E+00 -1.033E-01
 -2.0046250E+04  4.906E-02 -9.190E-01 -1.004E-01
 -2.0045750E+04  2.171E-02 -1.120E+00 -2.363E-02
 -2.0045250E+04  1.207E-01 -1.153E+00 -2.908E-01
 -2.0044750E+04  1.170E-01 -1.007E+00 -2.764E-01
 -2.0044250E+04  1.147E-02 -1.056E+00  3.247E-03
 -2.0043750E+04  3.356E-02 -1.102E+00 -5.170E-02
 -2.0043250E+04  2.930E-02 -1.103E+00 -2.783E-02
 -2.0042750E+04  8.489E-02 -9.684E-01 -1.916E-01
 -2.0042250E+04  7.116E-02 -1.080E+00 -1.562E-01
 -2.0041750E+04  7.099E-02 -9.353E-01 -1.590E-01
 -2.0041250E+04  2.936E-02 -7.711E-01 -5.045E-02
 -2.0040750E+04  5.146E-02 -9.910E-01 -1.008E-01
 -2.0040250E+04 -1.973E-04 -9.974E-01  4.272E-02
 -2.0039750E+04  7.148E-02 -1.012E+00 -1.634E-01
 -2.0039250E+04  1.605E-02 -9.305E-01 -5.617E-04
 -2.0038750E+04  4.665E-02 -1.028E+00 -8.869E-02
 -2.0038250E+04  3.614E-02 -1.027E+00 -6.277E-02
 -2.0037750E+04  7.839E-02 -8.601E-01 -1.849E-01
 -2.0037250E+04 -6.130E-03 -1.116E+00  5.487E-02
 -2.0036750E+04  3.738E-03 -1.146E+00  2.477E-02
 -2.0036250E+04  7.892E-02 -9.742E-01 -1.716E-01
 -2.0035750E+04  3.155E-02 -1.008E+00 -5.671E-02
 -2.0035250E+04  6.236E-02 -8.990E-01 -1.206E-01
 -2.0034750E+04  4.017E-02 -7.801E-01 -7.491E-02
 -2.0034250E+04 -1.512E-02 -1.035E+00  8.687E-02
 -2.0033750E+04 -1.790E-02 -1.012E+00  7.768E-02
 -2.0033250E+04  7.325E-02 -1.074E+00 -1.676E-01
 -2.0032750E+04  8.087E-02 -8.473E-01 -1.798E-01
 -2.0032250E+04  5.721E-02 -9.665E-01 -1.253E-01
 -2.0031750E+04  9.158E-02 -8.472E-01 -2.298E-01
 -2.0031250E+04  6.775E-02 -8.054E-01 -1.414E-01
 -2.0030750E+04  2.957E-02 -9.120E-01 -5.126E-02
 -2.0030250E+04  7.084E-02 -1.012E+00 -1.722E-01
 -2.0029750E+04  5.549E-02 -8.977E-01 -1.105E-01
 -2.0029250E+04  5.110E-02 -1.073E+00 -1.029E-01
 -2.0028750E+04  3.976E-02 -8.924E-01 -6.679E-02
 -2.0028250E+04  1.410E-02 -8.741E-01  6.804E-04
 -2.0027750E+04  6.352E-02 -8.770E-01 -1.469E-01
 -2.0027250E+04 -8.652E-04 -9.187E-01  3.359E-02
 -2.0026750E+04  9.188E-02 -9.267E-01 -2.233E-01
 -2.0026250E+04  2.588E-02 -9.721E-01 -2.768E-02
 -2.0025750E+04  1.302E-02 -8.738E-01  1.073E-02
 -2.0025250E+04  1.232E-02 -1.016E+00  6.239E-04
 -2.0024750E+04  6.179E-02 -8.412E-01 -1.289E-01
 -2.0024250E+04  5.760E-02 -8.432E-01 -1.278E-01
 -2.0023750E+04 -3.114E-02 -9.524E-01  1.320E-01
 -2.0023250E+04  1.931E-02 -9.271E-01 -1.725E-02
 -2.0022750E+04  1.387E-02 -8.782E-01  9.340E-03
 -2.0022250E+04  4.557E-02 -8.971E-01 -1.047E-01
 -2.0021750E+04  1.036E-02 -8.968E-01  5.669E-03
 -2.0021250E+04  3.813E-02 -7.075E-01 -7.142E-02
 -2.0020750E+04  9.183E-02 -7.526E-01 -2.293E-01
 -2.0020250E+04  7.314E-02 -8.043E-01 -1.564E-01
 -2.0019750E+04  1.312E-02 -8.580E-01  2.402E-03
 -2.0019250E+04  2.299E-02 -8.851E-01 -3.784E-02
 -2.0018750E+04  5.698E-02 -9.535E-01 -1.239E-01
 -2.0018250E+04  6.117E-02 -8.614E-01 -1.429E-01
 -2.0017750E+04  6.043E-02 -8.740E-01 -1.272E-01
 -2.0017250E+04  5.339E-02 -7.903E-01 -1.168E-01
 -2.0016750E+04  2.395E-02 -8.314E-01 -1.681E-02
 -2.0016250E+04  1.541E-02 -1.146E+00  5.851E-03
 -2.0015750E+04  5.644E-02 -8.311E-01 -1.250E-01
 -2.0015250E+04  3.257E-02 -7.801E-01 -6.885E-02
 -2.0014750E+04  5.997E-02 -7.377E-01 -1.385E-01
 -2.0014250E+04  4.155E-02 -7.922E-01 -7.919E-02
 -2.0013750E+04  1.373E-02 -8.097E-01 -3.973E-03
 -2.0013250E+04  6.027E-02 -8.740E-01 -1.423E-01
 -2.0012750E+04  2.957E-02 -8.229E-01 -4.001E-02
 -2.0012250E+04  1.223E-02 -8.781E-01  5.679E-03
 -2.0011750E+04 -8.198E-03 -6.726E-01  4.788E-02
 -2.0011250E+04  4.099E-02 -5.915E-01 -7.250E-02
 -2.0010750E+04  6.872E-02 -8.340E-01 -1.658E-01
 -2.0010250E+04  7.690E-02 -9.597E-01 -1.786E-01
 -2.0009750E+04  2.325E-02 -8.126E-01 -1.662E-02
 -2.0009250E+04 -8.538E-03 -7.357E-01  6.659E-02
 -2.0008750E+04  1.799E-02 -7.788E-01 -2.679E-02
 -2.0008250E+04  6.847E-02 -6.856E-01 -1.801E-01
 -2.0007750E+04  1.108E-01 -8.204E-01 -2.788E-01
 -2.0007250E+04 -6.914E-03 -8.451E-01  7.404E-02
 -2.0006750E+04 -1.104E-02 -7.515E-01  6.072E-02
 -2.0006250E+04  3.302E-02 -7.385E-01 -5.951E-02
 -2.0005750E+04  1.449E-02 -7.498E-01  8.618E-03
 -2.0005250E+04  4.261E-02 -9.555E-01 -9.406E-02
 -2.0004750E+04  2.369E-02 -7.878E-01 -4.735E-02
 -2.0004250E+04  1.008E-01 -6.389E-01 -2.561E-01
 -2.0003750E+04  6.720E-03 -5.159E-01  4.715E-03
 -2.0003250E+04 -2.819E-03 -8.028E-01  5.113E-02
 -2.0002750E+04  3.732E-02 -8.502E-01 -5.778E-02
 -2.0002250E+04  5.825E-02 -7.763E-01 -1.245E-01
 -2.0001750E+04  5.568E-02 -7.452E-01 -1.106E-01
 -2.0001250E+04 -1.105E-02 -6.340E-01  4.370E-02
 -2.0000750E+04  2.702E-02 -7.337E-01 -5.373E-02
 -2.0000250E+04  3.818E-02 -8.820E-01 -7.121E-02
 -1.9999750E+04  2.558E-02 -7.595E-01 -4.286E-02
 -1.9999250E+04  4.784E-02 -7.755E-01 -1.059E-01
 -1.9998750E+04  6.664E-02 -7.078E-01 -1.750E-01
 -1.9998250E+04  6.398E-02 -8.788E-01 -1.562E-01
 -1.9997750E+04  5.147E-02 -8.131E-01 -1.001E-01
 -1.9997250E+04 -8.065E-03 -5.926E-01  6.268E-02
 -1.9996750E+04 -2.720E-02 -6.503E-01  1.013E-01
 -1.9996250E+04  1.031E-01 -6.519E-01 -2.590E-01
 -1.9995750E+04  3.993E-02 -7.296E-01 -8.535E-02
 -1.9995250E+04  5.223E-02 -6.350E-01 -1.292E-01
 -1.9994750E+04  1.847E-02 -7.006E-01 -1.689E-02
 -1.9994250E+04 -1.190E-04 -6.749E-01  2.619E-02
 -1.9993750E+04  1.673E-02 -7.669E-01 -4.639E-03
 -1.9993250E+04  7.439E-02 -7.327E-01 -1.729E-01
 -1.9992750E+04 -3.498E-02 -7.116E-01  1.363E-01
 -1.9992250E+04  2.260E-02 -7.642E-01 -3.082E-02
 -1.9991750E+04  4.359E-02 -7.731E-01 -9.498E-02
 -1.9991250E+04  5.122E-02 -7.601E-01 -1.072E-01
 -1.9990750E+04  2.966E-03 -6.571E-01  7.640E-03
 -1.9990250E+04  2.837E-02 -5.533E-01 -5.764E-02
 -1.9989750E+04  5.488E-02 -5.096E-01 -1.258E-01
 -1.9989250E+04  1.720E-02 -7.149E-01 -5.862E-03
 -1.9988750E+04  6.955E-02 -6.873E-01 -1.734E-01
 -1.9988250E+04  5.851E-02 -6.477E-01 -1.452E-01
 -1.9987750E+04 -7.253E-04 -6.359E-01  3.220E-02
 -1.9987250E+04  2.707E-02 -6.372E-01 -5.805E-02
 -1.9986750E+04  4.968E-02 -7.369E-01 -1.079E-01
 -1.9986250E+04  5.239E-02 -7.189E-01 -1.115E-01
 -1.9985750E+04  4.600E-02 -6.776E-01 -9.624E-02
 -1.9985250E+04  3.737E-02 -5.834E-01 -9.559E-02
 -1.9984750E+04 -1.901E-02 -6.433E-01  8.070E-02
 -1.9984250E+04  2.186E-02 -6.288E-01 -4.379E-02
 -1.9983750E+04  4.044E-02 -6.501E-01 -7.615E-02
 -1.9983250E+04  3.809E-02 -5.828E-01 -8.258E-02
 -1.9982750E+04  6.254E-03 -6.511E-01  1.780E-03
 -1.9982250E+04  2.923E-02 -6.225E-01 -4.606E-02
 -1.9981750E+04  4.495E-02 -6.113E-01 -1.069E-01
 -1.9981250E+04  4.080E-02 -6.615E-01 -7.841E-02
 -1.9980750E+04  5.228E-02 -6.133E-01 -1.169E-01
 -1.9980250E+04  4.211E-02 -5.958E-01 -1.080E-01
 -1.9979750E+04  6.210E-02 -5.674E-01 -1.610E-01
 -1.9979250E+04  1.531E-02 -6.651E-01 -1.884E-02
 -1.9978750E+04 -6.546E-03 -6.302E-01  5.474E-02
 -1.9978250E+04  2.563E-02 -6.959E-01 -4.611E-02
 -1.9977750E+04  2.228E-03 -7.269E-01  2.426E-02
 -1.9977250E+04  2.566E-02 -7.442E-01 -3.215E-02
 -1.9976750E+04  4.645E-02 -5.153E-01 -9.321E-02
 -1.9976250E+04  3.166E-02 -4.754E-01 -6.475E-02
 -1.9975750E+04  2.460E-02 -5.722E-01 -4.641E-02
 -1.9975250E+04  2.415E-02 -5.595E-01 -4.570E-02
 -1.9974750E+04  3.739E-02 -5.688E-01 -7.826E-02
 -1.9974250E+04  7.758E-02 -5.104E-01 -1.929E-01
 -1.9973750E+04  1.834E-02 -5.272E-01 -4.570E-02
 -1.9973250E+04 -2.062E-03 -6.288E-01  2.176E-02
 -1.9972750E+04 -1.176E-03 -4.944E-01  1.876E-02
 -1.9972250E+04  3.127E-02 -6.596E-01 -6.187E-02
 -1.9971750E+04  6.266E-02 -6.089E-01 -1.523E-01
 -1.9971250E+04  4.495E-02 -4.574E-01 -1.033E-01
 -1.9970750E+04  2.690E-02 -5.412E-01 -4.288E-02
 -1.9970250E+04  4.096E-02 -5.628E-01 -9.635E-02
 -1.9969750E+04  2.823E-02 -7.459E-01 -5.737E-02
 -1.9969250E+04  6.234E-02 -5.004E-01 -1.541E-01
 -1.9968750E+04  4.058E-02 -6.261E-01 -9.218E-02
 -1.9968250E+04 -4.087E-04 -5.875E-01  2.833E-02
 -1.9967750E+04  1.743E-02 -5.773E-01 -1.400E-02
 -1.9967250E+04  1.281E-02 -4.911E-01 -9.856E-03
 -1.9966750E+04  5.753E-03 -4.252E-01  1.663E-02
 -1.9966250E+04  4.544E-02 -6.208E-01 -9.767E-02
 -1.9965750E+04  4.459E-02 -6.597E-01 -1.054E-01
 -1.9965250E+04  9.749E-03 -6.827E-01  1.289E-03
 -1.9964750E+04 -1.219E-02 -5.948E-01  6.339E-02
 -1.9964250E+04  2.887E-02 -6.209E-01 -4.981E-02
 -1.9963750E+04  1.529E-02 -5.527E-01 -1.613E-02
 -1.9963250E+04  4.827E-03 -4.505E-01  1.075E-02
 -1.9962750E+04  8.949E-03 -5.555E-01 -1.067E-02
 -1.9962250E+04  3.445E-02 -5.855E-01 -8.622E-02
 -1.9961750E+04  2.532E-02 -5.210E-01 -3.535E-02
 -1.9961250E+04  1.572E-02 -4.033E-01 -2.376E-02
 -1.9960750E+04  5.070E-02 -4.881E-01 -1.325E-01
 -1.9960250E+04  2.030E-02 -5.950E-01 -4.988E-02
 -1.9959750E+04  1.129E-02 -5.911E-01  3.860E-03
 -1.9959250E+04  7.306E-02 -5.625E-01 -1.699E-01
 -1.9958750E+04  1.207E-02 -4.519E-01 -8.987E-04
 -1.9958250E+04  2.907E-02 -4.856E-01 -6.929E-02
 -1.9957750E+04  2.853E-02 -5.680E-01 -5.590E-02
 -1.9957250E+04 -2.959E-02 -5.069E-01  1.084E-01
 -1.9956750E+04  3.613E-02 -4.663E-01 -7.279E-02
 -1.9956250E+04  5.884E-02 -5.135E-01 -1.498E-01
 -1.9955750E+04 -3.772E-02 -5.778E-01  1.372E-01
 -1.9955250E+04  1.375E-02 -6.685E-01 -1.794E-02
 -1.9954750E+04  4.951E-02 -4.813E-01 -1.166E-01
 -1.9954250E+04  1.630E-02 -4.475E-01 -2.367E-02
 -1.9953750E+04  3.038E-02 -6.604E-01 -7.153E-02
 -1.9953250E+04  3.151E-02 -5.418E-01 -5.430E-02
 -1.9952750E+04  4.198E-02 -5.144E-01 -1.006E-01
 -1.9952250E+04  4.805E-02 -4.900E-01 -1.136E-01
 -1.9951750E+04  2.739E-02 -4.646E-01 -5.743E-02
 -1.9951250E+04  2.273E-02 -4.572E-01 -3.906E-02
 -1.9950750E+04  2.268E-02 -4.801E-01 -4.441E-02
 -1.9950250E+04  3.034E-02 -5.231E-01 -6.641E-02
 -1.9949750E+04  1.600E-03 -3.915E-01  1.627E-02
 -1.9949250E+04  3.628E-03 -4.390E-01 -4.023E-03
 -1.9948750E+04  1.279E-02 -4.271E-01 -5.537E-03
 -1.9948250E+04  4.238E-02 -5.905E-01 -8.531E-02
 -1.9947750E+04  3.489E-02 -5.718E-01 -7.347E-02
 -1.9947250E+04  6.020E-03 -4.769E-01  4.319E-03
 -1.9946750E+04  2.797E-02 -6.146E-01 -5.376E-02
 -1.9946250E+04  5.174E-02 -4.397E-01 -1.187E-01
 -1.9945750E+04  2.094E-02 -4.317E-01 -5.108E-02
 -1.9945250E+04  5.197E-02 -5.045E-01 -1.335E-01
 -1.9944750E+04  1.107E-02 -3.922E-01 -2.469E-02
 -1.9944250E+04 -4.619E-03 -5.806E-01  3.590E-02
 -1.9943750E+04  2.999E-02 -5.717E-01 -5.512E-02
 -1.9943250E+04  4.955E-02 -4.386E-01 -1.154E-01
 -1.9942750E+04  6.484E-03 -4.531E-01  5.285E-03
 -1.9942250E+04  1.886E-03 -4.629E-01  1.336E-02
 -1.9941750E+04  3.004E-02 -4.517E-01 -7.294E-02
 -1.9941250E+04  3.777E-02 -3.317E-01 -9.288E-02
 -1.9940750E+04  6.465E-02 -4.658E-01 -1.591E-01
 -1.9940250E+04  2.598E-02 -6.299E-01 -4.180E-02
 -1.9939750E+04  2.594E-02 -4.178E-01 -6.947E-02
 -1.9939250E+04  3.103E-02 -4.248E-01 -6.735E-02
 -1.9938750E+04  2.302E-02 -4.141E-01 -5.169E-02
 -1.9938250E+04  6.271E-02 -4.933E-01 -1.605E-01
 -1.9937750E+04  5.330E-03 -3.676E-01 -1.197E-02
 -1.9937250E+04  7.502E-03 -6.025E-01  1.617E-02
 -1.9936750E+04 -1.482E-02 -4.149E-01  7.373E-02
 -1.9936250E+04  3.029E-02 -4.361E-01 -6.568E-02
 -1.9935750E+04  1.100E-02 -4.719E-01 -1.085E-02
 -1.9935250E+04  3.907E-02 -4.131E-01 -9.498E-02
 -1.9934750E+04  6.301E-02 -4.858E-01 -1.573E-01
 -1.9934250E+04 -4.479E-03 -4.791E-01  3.610E-02
 -1.9933750E+04 -5.505E-03 -4.129E-01  4.189E-02
 -1.9933250E+04  2.334E-02 -4.137E-01 -4.683E-02
