  1.5752500E+03 -0.000E+00 -0.000E+00  0.000E+00
  1.5757500E+03 -0.000E+00 -0.000E+00  0.000E+00
  1.5762500E+03 -0.000E+00 -0.000E+00  0.000E+00
  1.5767500E+03 -0.000E+00 -0.000E+00  0.000E+00
  1.5772500E+03 -0.000E+00 -0.000E+00  0.000E+00
  1.5777500E+03 -0.000E+00 -0.000E+00  0.000E+00
  1.5782500E+03 -0.000E+00 -0.000E+00  0.000E+00
  1.5787500E+03 -0.000E+00 -0.000E+00  0.000E+00
  1.5792500E+03 -0.000E+00 -0.000E+00  0.000E+00
  1.5797500E+03 -0.000E+00 -0.000E+00  0.000E+00
  1.5802500E+03 -0.000E+00 -0.000E+00  0.000E+00
  1.5807500E+03 -0.000E+00 -0.000E+00  0.000E+00
  1.5812500E+03 -0.000E+00 -0.000E+00  0.000E+00
  1.5817500E+03 -0.000E+00 -0.000E+00  0.000E+00
  1.5822500E+03 -0.000E+00 -0.000E+00  0.000E+00
  1.5827500E+03 -0.000E+00 -0.000E+00  0.000E+00
  1.5832500E+03 -0.000E+00 -0.000E+00  0.000E+00
  1.5837500E+03 -0.000E+00 -0.000E+00  0.000E+00
  1.5842500E+03 -0.000E+00 -0.000E+00  0.000E+00
  1.5847500E+03 -0.000E+00 -0.000E+00  0.000E+00
  1.5852500E+03 -0.000E+00 -0.000E+00  0.000E+00
  1.5857500E+03 -0.000E+00 -0.000E+00  0.000E+00
  1.5862500E+03 -0.000E+00 -0.000E+00  0.000E+00
  1.5867500E+03 -0.000E+00 -0.000E+00  0.000E+00
  1.5872500E+03 -0.000E+00 -0.000E+00  0.000E+00
  1.5877500E+03 -0.000E+00 -0.000E+00  0.000E+00
  1.5882500E+03 -0.000E+00 -0.000E+00  0.000E+00
  1.5887500E+03 -0.000E+00 -0.000E+00  0.000E+00
  1.5892500E+03 -0.000E+00 -0.000E+00  0.000E+00
  1.5897500E+03 -0.000E+00 -0.000E+00  0.000E+00
  1.5902500E+03 -0.000E+00 -0.000E+00  0.000E+00
  1.5907500E+03 -0.000E+00 -0.000E+00  0.000E+00
  1.5912500E+03 -0.000E+00 -0.000E+00  0.000E+00
  1.5917500E+03 -0.000E+00 -0.000E+00  0.000E+00
  1.5922500E+03 -0.000E+00 -0.000E+00  0.000E+00
  1.5927500E+03 -0.000E+00 -0.000E+00  0.000E+00
  1.5932500E+03 -0.000E+00 -0.000E+00  0.000E+00
  1.5937500E+03 -0.000E+00 -0.000E+00  0.000E+00
  1.5942500E+03 -0.000E+00 -0.000E+00  0.000E+00
  1.5947500E+03 -0.000E+00 -0.000E+00  0.000E+00
  1.5952500E+03 -0.000E+00 -0.000E+00  0.000E+00
  1.5957500E+03 -0.000E+00 -0.000E+00  0.000E+00
  1.5962500E+03 -0.000E+00 -0.000E+00  0.000E+00
  1.5967500E+03 -0.000E+00 -0.000E+00  0.000E+00
  1.5972500E+03 -0.000E+00 -0.000E+00  0.000E+00
  1.5977500E+03 -0.000E+00 -0.000E+00  0.000E+00
  1.5982500E+03 -0.000E+00 -0.000E+00  0.000E+00
  1.5987500E+03 -0.000E+00 -0.000E+00  0.000E+00
  1.5992500E+03 -0.000E+00 -0.000E+00  0.000E+00
  1.5997500E+03 -0.000E+00 -0.000E+00  0.000E+00
  1.6002500E+03 -0.000E+00 -0.000E+00  0.000E+00
  1.6007500E+03 -0.000E+00 -0.000E+00  0.000E+00
  1.6012500E+03 -0.000E+00 -0.000E+00  0.000E+00
  1.6017500E+03 -0.000E+00 -0.000E+00  0.000E+00
  1.6022500E+03 -0.000E+00 -0.000E+00  0.000E+00
  1.6027500E+03 -0.000E+00 -0.000E+00  0.000E+00
  1.6032500E+03 -0.000E+00 -0.000E+00  0.000E+00
  1.6037500E+03 -0.000E+00 -0.000E+00  0.000E+00
  1.6042500E+03 -0.000E+00 -0.000E+00  0.000E+00
  1.6047500E+03 -0.000E+00 -0.000E+00  0.000E+00
  1.6052500E+03 -0.000E+00 -0.000E+00  0.000E+00
  1.6057500E+03 -0.000E+00 -0.000E+00  0.000E+00
  1.6062500E+03 -0.000E+00 -0.000E+00  0.000E+00
  1.6067500E+03 -0.000E+00 -0.000E+00  0.000E+00
  1.6072500E+03 -0.000E+00 -0.000E+00  0.000E+00
  1.6077500E+03 -0.000E+00 -0.000E+00  0.000E+00
  1.6082500E+03 -0.000E+00 -0.000E+00  0.000E+00
  1.6087500E+03 -0.000E+00 -0.000E+00  0.000E+00
  1.6092500E+03 -0.000E+00 -0.000E+00  0.000E+00
  1.6097500E+03 -0.000E+00 -0.000E+00  0.000E+00
  1.6102500E+03 -0.000E+00 -0.000E+00  0.000E+00
  1.6107500E+03 -0.000E+00 -0.000E+00  0.000E+00
  1.6112500E+03 -0.000E+00 -0.000E+00  0.000E+00
  1.6117500E+03 -0.000E+00 -0.000E+00  0.000E+00
  1.6122500E+03 -0.000E+00 -0.000E+00  0.000E+00
  1.6127500E+03 -0.000E+00 -0.000E+00  0.000E+00
  1.6132500E+03 -0.000E+00 -0.000E+00  0.000E+00
  1.6137500E+03 -0.000E+00 -0.000E+00  0.000E+00
  1.6142500E+03 -0.000E+00 -0.000E+00  0.000E+00
  1.6147500E+03 -0.000E+00 -0.000E+00  0.000E+00
  1.6152500E+03 -0.000E+00 -0.000E+00  0.000E+00
  1.6157500E+03 -0.000E+00 -0.000E+00  0.000E+00
  1.6162500E+03 -0.000E+00 -0.000E+00  0.000E+00
  1.6167500E+03 -0.000E+00 -0.000E+00  0.000E+00
  1.6172500E+03 -0.000E+00 -0.000E+00  0.000E+00
  1.6177500E+03 -0.000E+00 -0.000E+00  0.000E+00
  1.6182500E+03 -0.000E+00 -0.000E+00  0.000E+00
  1.6187500E+03 -0.000E+00 -0.000E+00  0.000E+00
  1.6192500E+03 -0.000E+00 -0.000E+00  0.000E+00
  1.6197500E+03 -0.000E+00 -0.000E+00  0.000E+00
  1.6202500E+03 -0.000E+00 -0.000E+00  0.000E+00
  1.6207500E+03 -0.000E+00 -0.000E+00  0.000E+00
  1.6212500E+03 -0.000E+00 -0.000E+00  0.000E+00
  1.6217500E+03 -0.000E+00 -0.000E+00  0.000E+00
  1.6222500E+03 -0.000E+00 -0.000E+00  0.000E+00
  1.6227500E+03 -0.000E+00 -0.000E+00  0.000E+00
  1.6232500E+03 -0.000E+00 -0.000E+00  0.000E+00
  1.6237500E+03 -0.000E+00 -0.000E+00  0.000E+00
  1.6242500E+03 -0.000E+00 -0.000E+00  0.000E+00
  1.6247500E+03 -0.000E+00 -0.000E+00  0.000E+00
  1.6252500E+03 -0.000E+00 -0.000E+00  0.000E+00
  1.6257500E+03 -0.000E+00 -0.000E+00  0.000E+00
  1.6262500E+03 -0.000E+00 -0.000E+00  0.000E+00
  1.6267500E+03 -0.000E+00 -0.000E+00  0.000E+00
  1.6272500E+03 -0.000E+00 -0.000E+00  0.000E+00
  1.6277500E+03 -0.000E+00 -0.000E+00  0.000E+00
  1.6282500E+03 -0.000E+00 -0.000E+00  0.000E+00
  1.6287500E+03 -0.000E+00 -0.000E+00  0.000E+00
  1.6292500E+03 -0.000E+00 -0.000E+00  0.000E+00
  1.6297500E+03 -0.000E+00 -0.000E+00  0.000E+00
  1.6302500E+03 -0.000E+00 -0.000E+00  0.000E+00
  1.6307500E+03 -0.000E+00 -0.000E+00  0.000E+00
  1.6312500E+03 -0.000E+00 -0.000E+00  0.000E+00
  1.6317500E+03 -0.000E+00 -0.000E+00  0.000E+00
  1.6322500E+03 -0.000E+00 -0.000E+00  0.000E+00
  1.6327500E+03 -0.000E+00 -0.000E+00  0.000E+00
  1.6332500E+03 -0.000E+00 -0.000E+00  0.000E+00
  1.6337500E+03 -0.000E+00 -0.000E+00  0.000E+00
  1.6342500E+03 -0.000E+00 -0.000E+00  0.000E+00
  1.6347500E+03 -0.000E+00 -0.000E+00  0.000E+00
  1.6352500E+03 -0.000E+00 -0.000E+00  0.000E+00
  1.6357500E+03 -0.000E+00 -0.000E+00  0.000E+00
  1.6362500E+03 -0.000E+00 -0.000E+00  0.000E+00
  1.6367500E+03 -0.000E+00 -0.000E+00  0.000E+00
  1.6372500E+03 -0.000E+00 -0.000E+00  0.000E+00
  1.6377500E+03 -0.000E+00 -0.000E+00  0.000E+00
  1.6382500E+03 -0.000E+00 -0.000E+00  0.000E+00
  1.6387500E+03 -0.000E+00 -0.000E+00  0.000E+00
  1.6392500E+03 -0.000E+00 -0.000E+00  0.000E+00
  1.6397500E+03 -0.000E+00 -0.000E+00  0.000E+00
  1.6402500E+03 -0.000E+00 -0.000E+00  0.000E+00
  1.6407500E+03 -0.000E+00 -0.000E+00  0.000E+00
  1.6412500E+03 -0.000E+00 -0.000E+00  0.000E+00
  1.6417500E+03 -0.000E+00 -0.000E+00  0.000E+00
  1.6422500E+03 -0.000E+00 -0.000E+00  0.000E+00
  1.6427500E+03 -0.000E+00 -0.000E+00  0.000E+00
  1.6432500E+03 -0.000E+00 -0.000E+00  0.000E+00
  1.6437500E+03 -0.000E+00 -0.000E+00  0.000E+00
  1.6442500E+03 -0.000E+00 -0.000E+00  0.000E+00
  1.6447500E+03 -0.000E+00 -0.000E+00  0.000E+00
  1.6452500E+03 -0.000E+00 -0.000E+00  0.000E+00
  1.6457500E+03 -0.000E+00 -0.000E+00  0.000E+00
  1.6462500E+03 -0.000E+00 -0.000E+00  0.000E+00
  1.6467500E+03 -0.000E+00 -0.000E+00  0.000E+00
  1.6472500E+03 -0.000E+00 -0.000E+00  0.000E+00
  1.6477500E+03 -0.000E+00 -0.000E+00  0.000E+00
  1.6482500E+03 -0.000E+00 -0.000E+00  0.000E+00
  1.6487500E+03 -0.000E+00 -0.000E+00  0.000E+00
  1.6492500E+03 -0.000E+00 -0.000E+00  0.000E+00
  1.6497500E+03 -0.000E+00 -0.000E+00  0.000E+00
  1.6502500E+03 -0.000E+00 -0.000E+00  0.000E+00
  1.6507500E+03 -0.000E+00 -0.000E+00  0.000E+00
  1.6512500E+03 -0.000E+00 -0.000E+00  0.000E+00
  1.6517500E+03 -0.000E+00 -0.000E+00  0.000E+00
  1.6522500E+03 -0.000E+00 -0.000E+00  0.000E+00
  1.6527500E+03 -0.000E+00 -0.000E+00  0.000E+00
  1.6532500E+03 -0.000E+00 -0.000E+00  0.000E+00
  1.6537500E+03 -0.000E+00 -0.000E+00  0.000E+00
  1.6542500E+03 -0.000E+00 -0.000E+00  0.000E+00
  1.6547500E+03 -0.000E+00 -0.000E+00  0.000E+00
  1.6552500E+03 -0.000E+00 -0.000E+00  0.000E+00
  1.6557500E+03 -0.000E+00 -0.000E+00  0.000E+00
  1.6562500E+03 -0.000E+00 -0.000E+00  0.000E+00
  1.6567500E+03 -0.000E+00 -0.000E+00  0.000E+00
  1.6572500E+03 -0.000E+00 -0.000E+00  0.000E+00
  1.6577500E+03 -0.000E+00 -0.000E+00  0.000E+00
  1.6582500E+03 -0.000E+00 -0.000E+00  0.000E+00
  1.6587500E+03 -0.000E+00 -0.000E+00  0.000E+00
  1.6592500E+03 -0.000E+00 -0.000E+00  0.000E+00
  1.6597500E+03 -0.000E+00 -0.000E+00  0.000E+00
  1.6602500E+03 -0.000E+00 -0.000E+00  0.000E+00
  1.6607500E+03 -0.000E+00 -0.000E+00  0.000E+00
  1.6612500E+03 -0.000E+00 -0.000E+00  0.000E+00
  1.6617500E+03 -0.000E+00 -0.000E+00  0.000E+00
  1.6622500E+03 -0.000E+00 -0.000E+00  0.000E+00
  1.6627500E+03 -0.000E+00 -0.000E+00  0.000E+00
  1.6632500E+03 -0.000E+00 -0.000E+00  0.000E+00
  1.6637500E+03 -0.000E+00 -0.000E+00  0.000E+00
  1.6642500E+03 -0.000E+00 -0.000E+00  0.000E+00
  1.6647500E+03 -0.000E+00 -0.000E+00  0.000E+00
  1.6652500E+03 -0.000E+00 -0.000E+00  0.000E+00
  1.6657500E+03 -0.000E+00 -0.000E+00  0.000E+00
  1.6662500E+03 -0.000E+00 -0.000E+00  0.000E+00
  1.6667500E+03 -0.000E+00 -0.000E+00  0.000E+00
  1.6672500E+03 -0.000E+00 -0.000E+00  0.000E+00
  1.6677500E+03 -0.000E+00 -0.000E+00  0.000E+00
  1.6682500E+03 -0.000E+00 -0.000E+00  0.000E+00
  1.6687500E+03 -0.000E+00 -0.000E+00  0.000E+00
  1.6692500E+03 -0.000E+00 -0.000E+00  0.000E+00
  1.6697500E+03 -0.000E+00 -0.000E+00  0.000E+00
  1.6702500E+03 -0.000E+00 -0.000E+00  0.000E+00
  1.6707500E+03 -0.000E+00 -0.000E+00  0.000E+00
  1.6712500E+03 -0.000E+00 -0.000E+00  0.000E+00
  1.6717500E+03 -0.000E+00 -0.000E+00  0.000E+00
  1.6722500E+03 -0.000E+00 -0.000E+00  0.000E+00
  1.6727500E+03 -0.000E+00 -0.000E+00  0.000E+00
  1.6732500E+03 -0.000E+00 -0.000E+00  0.000E+00
  1.6737500E+03 -0.000E+00 -0.000E+00  0.000E+00
  1.6742500E+03 -0.000E+00 -0.000E+00  0.000E+00
  1.6747500E+03 -0.000E+00 -0.000E+00  0.000E+00
  1.6752500E+03 -0.000E+00 -0.000E+00  0.000E+00
  1.6757500E+03 -0.000E+00 -0.000E+00  0.000E+00
  1.6762500E+03 -0.000E+00 -0.000E+00  0.000E+00
  1.6767500E+03 -0.000E+00 -0.000E+00  0.000E+00
  1.6772500E+03 -0.000E+00 -0.000E+00  0.000E+00
  1.6777500E+03 -0.000E+00 -0.000E+00  0.000E+00
  1.6782500E+03 -0.000E+00 -0.000E+00  0.000E+00
  1.6787500E+03 -0.000E+00 -0.000E+00  0.000E+00
  1.6792500E+03 -0.000E+00 -0.000E+00  0.000E+00
  1.6797500E+03 -0.000E+00 -0.000E+00  0.000E+00
  1.6802500E+03 -0.000E+00 -0.000E+00  0.000E+00
  1.6807500E+03 -0.000E+00 -0.000E+00  0.000E+00
  1.6812500E+03 -0.000E+00 -0.000E+00  0.000E+00
  1.6817500E+03 -0.000E+00 -0.000E+00  0.000E+00
  1.6822500E+03 -0.000E+00 -0.000E+00  0.000E+00
  1.6827500E+03 -0.000E+00 -0.000E+00  0.000E+00
  1.6832500E+03 -0.000E+00 -0.000E+00  0.000E+00
  1.6837500E+03 -0.000E+00 -0.000E+00  0.000E+00
  1.6842500E+03 -0.000E+00 -0.000E+00  0.000E+00
  1.6847500E+03 -0.000E+00 -0.000E+00  0.000E+00
  1.6852500E+03 -0.000E+00 -0.000E+00  0.000E+00
  1.6857500E+03 -0.000E+00 -0.000E+00  0.000E+00
  1.6862500E+03 -0.000E+00 -0.000E+00  0.000E+00
  1.6867500E+03 -0.000E+00 -0.000E+00  0.000E+00
  1.6872500E+03 -0.000E+00 -0.000E+00  0.000E+00
  1.6877500E+03 -0.000E+00 -0.000E+00  0.000E+00
  1.6882500E+03 -0.000E+00 -0.000E+00  0.000E+00
  1.6887500E+03 -0.000E+00 -0.000E+00  0.000E+00
  1.6892500E+03 -0.000E+00 -0.000E+00  0.000E+00
  1.6897500E+03 -0.000E+00 -0.000E+00  0.000E+00
  1.6902500E+03 -0.000E+00 -0.000E+00  0.000E+00
  1.6907500E+03 -0.000E+00 -0.000E+00  0.000E+00
  1.6912500E+03 -0.000E+00 -0.000E+00  0.000E+00
  1.6917500E+03 -0.000E+00 -0.000E+00  0.000E+00
  1.6922500E+03 -0.000E+00 -0.000E+00  0.000E+00
  1.6927500E+03 -0.000E+00 -0.000E+00  0.000E+00
  1.6932500E+03 -0.000E+00 -0.000E+00  0.000E+00
  1.6937500E+03 -0.000E+00 -0.000E+00  0.000E+00
  1.6942500E+03 -0.000E+00 -0.000E+00  0.000E+00
  1.6947500E+03 -0.000E+00 -0.000E+00  0.000E+00
  1.6952500E+03 -0.000E+00 -0.000E+00  0.000E+00
  1.6957500E+03 -0.000E+00 -0.000E+00  0.000E+00
  1.6962500E+03 -0.000E+00 -0.000E+00  0.000E+00
  1.6967500E+03 -0.000E+00 -0.000E+00  0.000E+00
  1.6972500E+03 -0.000E+00 -0.000E+00  0.000E+00
  1.6977500E+03 -0.000E+00 -0.000E+00  0.000E+00
  1.6982500E+03 -0.000E+00 -0.000E+00  0.000E+00
  1.6987500E+03 -0.000E+00 -0.000E+00  0.000E+00
  1.6992500E+03 -0.000E+00 -0.000E+00  0.000E+00
  1.6997500E+03 -0.000E+00 -0.000E+00  0.000E+00
  1.7002500E+03 -0.000E+00 -0.000E+00  0.000E+00
  1.7007500E+03 -0.000E+00 -0.000E+00  0.000E+00
  1.7012500E+03 -0.000E+00 -0.000E+00  0.000E+00
  1.7017500E+03 -0.000E+00 -0.000E+00  0.000E+00
  1.7022500E+03 -0.000E+00 -0.000E+00  0.000E+00
  1.7027500E+03 -0.000E+00 -0.000E+00  0.000E+00
  1.7032500E+03 -0.000E+00 -0.000E+00  0.000E+00
  1.7037500E+03 -0.000E+00 -0.000E+00  0.000E+00
  1.7042500E+03 -0.000E+00 -0.000E+00  0.000E+00
  1.7047500E+03 -0.000E+00 -0.000E+00  0.000E+00
  1.7052500E+03 -0.000E+00 -0.000E+00  0.000E+00
  1.7057500E+03 -0.000E+00 -0.000E+00  0.000E+00
  1.7062500E+03 -0.000E+00 -0.000E+00  0.000E+00
  1.7067500E+03 -0.000E+00 -0.000E+00  0.000E+00
  1.7072500E+03 -0.000E+00 -0.000E+00  0.000E+00
  1.7077500E+03 -0.000E+00 -0.000E+00  0.000E+00
  1.7082500E+03 -0.000E+00 -0.000E+00  0.000E+00
  1.7087500E+03 -0.000E+00 -0.000E+00  0.000E+00
  1.7092500E+03 -0.000E+00 -0.000E+00  0.000E+00
  1.7097500E+03 -0.000E+00 -0.000E+00  0.000E+00
  1.7102500E+03 -0.000E+00 -0.000E+00  0.000E+00
  1.7107500E+03 -0.000E+00 -0.000E+00  0.000E+00
  1.7112500E+03 -0.000E+00 -0.000E+00  0.000E+00
  1.7117500E+03 -0.000E+00 -0.000E+00  0.000E+00
  1.7122500E+03 -0.000E+00 -0.000E+00  0.000E+00
  1.7127500E+03 -0.000E+00 -0.000E+00  0.000E+00
  1.7132500E+03 -0.000E+00 -0.000E+00  0.000E+00
  1.7137500E+03 -0.000E+00 -0.000E+00  0.000E+00
  1.7142500E+03 -0.000E+00 -0.000E+00  0.000E+00
  1.7147500E+03 -0.000E+00 -0.000E+00  0.000E+00
  1.7152500E+03 -0.000E+00 -0.000E+00  0.000E+00
  1.7157500E+03 -0.000E+00 -0.000E+00  0.000E+00
  1.7162500E+03 -0.000E+00 -0.000E+00  0.000E+00
  1.7167500E+03 -0.000E+00 -0.000E+00  0.000E+00
  1.7172500E+03 -0.000E+00 -0.000E+00  0.000E+00
  1.7177500E+03 -0.000E+00 -0.000E+00  0.000E+00
  1.7182500E+03 -0.000E+00 -0.000E+00  0.000E+00
  1.7187500E+03 -0.000E+00 -0.000E+00  0.000E+00
  1.7192500E+03 -0.000E+00 -0.000E+00  0.000E+00
  1.7197500E+03 -0.000E+00 -0.000E+00  0.000E+00
  1.7202500E+03 -0.000E+00 -0.000E+00  0.000E+00
  1.7207500E+03 -0.000E+00 -0.000E+00  0.000E+00
  1.7212500E+03 -0.000E+00 -0.000E+00  0.000E+00
  1.7217500E+03 -0.000E+00 -0.000E+00  0.000E+00
  1.7222500E+03 -0.000E+00 -0.000E+00  0.000E+00
  1.7227500E+03 -0.000E+00 -0.000E+00  0.000E+00
  1.7232500E+03 -0.000E+00 -0.000E+00  0.000E+00
  1.7237500E+03 -0.000E+00 -0.000E+00  0.000E+00
  1.7242500E+03 -0.000E+00 -0.000E+00  0.000E+00
  1.7247500E+03 -0.000E+00 -0.000E+00  0.000E+00
  1.7252500E+03 -0.000E+00 -0.000E+00  0.000E+00
  1.7257500E+03 -0.000E+00 -0.000E+00  0.000E+00
  1.7262500E+03 -0.000E+00 -0.000E+00  0.000E+00
  1.7267500E+03 -0.000E+00 -0.000E+00  0.000E+00
  1.7272500E+03 -0.000E+00 -0.000E+00  0.000E+00
  1.7277500E+03 -0.000E+00 -0.000E+00  0.000E+00
  1.7282500E+03 -0.000E+00 -0.000E+00  0.000E+00
  1.7287500E+03 -0.000E+00 -0.000E+00  0.000E+00
  1.7292500E+03 -0.000E+00 -0.000E+00  0.000E+00
  1.7297500E+03 -0.000E+00 -0.000E+00  0.000E+00
  1.7302500E+03 -0.000E+00 -0.000E+00  0.000E+00
  1.7307500E+03 -0.000E+00 -0.000E+00  0.000E+00
  1.7312500E+03 -0.000E+00 -0.000E+00  0.000E+00
  1.7317500E+03 -0.000E+00 -0.000E+00  0.000E+00
  1.7322500E+03 -9.173E-11  2.322E-09  3.057E-10
  1.7327500E+03  4.946E-10 -1.238E-08 -1.629E-09
  1.7332500E+03 -9.913E-10  2.468E-08  3.244E-09
  1.7337500E+03  9.717E-10 -2.194E-08 -3.208E-09
  1.7342500E+03  2.916E-09 -4.784E-08 -1.013E-08
  1.7347500E+03 -1.821E-07  4.175E-06  6.183E-07
  1.7352500E+03  2.139E-06 -5.647E-05 -7.221E-06
  1.7357500E+03  2.474E-06 -6.400E-05 -8.474E-06
  1.7362500E+03  3.059E-05  3.198E-04 -1.046E-04
  1.7367500E+03  2.044E-04  3.506E-04 -7.086E-04
  1.7372500E+03 -3.914E-04 -1.596E-03  1.287E-03
  1.7377500E+03 -4.250E-05  4.776E-04  8.272E-05
  1.7382500E+03 -8.842E-05  9.740E-04  2.078E-04
  1.7387500E+03  2.036E-03  1.282E-02 -7.753E-03
  1.7392500E+03  4.449E-03  6.069E-02 -1.681E-02
  1.7397500E+03 -5.862E-03  8.042E-03  2.211E-02
  1.7402500E+03  1.930E-03  4.968E-02 -7.111E-03
  1.7407500E+03 -6.533E-03  8.462E-02  2.344E-02
  1.7412500E+03  1.205E-03  8.253E-02 -2.901E-03
  1.7417500E+03 -2.555E-03  1.214E-01  1.007E-02
  1.7422500E+03  5.374E-03  2.052E-01 -1.860E-02
  1.7427500E+03  1.124E-02  2.145E-01 -3.863E-02
  1.7432500E+03  2.324E-02  3.949E-01 -8.330E-02
  1.7437500E+03  1.408E-04  5.021E-01  3.364E-03
  1.7442500E+03 -6.038E-03  7.270E-01  3.005E-02
  1.7447500E+03  3.605E-02  1.012E+00 -1.216E-01
  1.7452500E+03  1.798E-02  1.216E+00 -5.091E-02
  1.7457500E+03  4.965E-02  1.895E+00 -1.573E-01
  1.7462500E+03  5.319E-02  2.496E+00 -1.597E-01
  1.7467500E+03  2.706E-02  3.150E+00 -4.831E-02
  1.7472500E+03  9.427E-02  4.344E+00 -2.735E-01
  1.7477500E+03 -6.261E-02  5.321E+00  3.318E-01
  1.7482500E+03  5.927E-02  6.712E+00 -8.532E-02
  1.7487500E+03  1.333E-01  8.542E+00 -3.130E-01
  1.7492500E+03  1.155E-01  9.946E+00 -2.074E-01
  1.7497500E+03  2.456E-01  1.219E+01 -6.236E-01
  1.7502500E+03  5.869E-02  1.444E+01  1.405E-01
  1.7507500E+03  1.600E-01  1.601E+01 -1.778E-01
  1.7512500E+03  4.105E-01  2.012E+01 -9.760E-01
  1.7517500E+03 -5.214E-02  2.282E+01  8.472E-01
  1.7522500E+03  4.164E-01  2.633E+01 -7.617E-01
  1.7527500E+03  5.771E-01  3.031E+01 -1.211E+00
  1.7532500E+03  2.536E-01  3.167E+01  8.003E-02
  1.7537500E+03  5.390E-01  3.653E+01 -7.784E-01
  1.7542500E+03  3.544E-01  4.033E+01  8.473E-02
  1.7547500E+03  5.882E-01  4.388E+01 -6.180E-01
  1.7552500E+03  7.103E-01  4.730E+01 -8.841E-01
  1.7557500E+03  7.622E-01  4.871E+01 -9.591E-01
  1.7562500E+03  8.797E-01  5.287E+01 -1.176E+00
  1.7567500E+03  8.095E-01  5.560E+01 -7.455E-01
  1.7572500E+03  4.665E-01  5.661E+01  6.499E-01
  1.7577500E+03  9.434E-01  5.844E+01 -9.664E-01
  1.7582500E+03  1.084E+00  6.091E+01 -1.328E+00
  1.7587500E+03  7.690E-01  6.591E+01  1.423E-01
  1.7592500E+03  9.119E-01  6.390E+01 -3.731E-01
  1.7597500E+03  7.170E-01  6.600E+01  5.252E-01
  1.7602500E+03  1.312E+00  6.389E+01 -1.708E+00
  1.7607500E+03  4.723E-01  6.607E+01  1.605E+00
  1.7612500E+03  1.022E+00  6.394E+01 -4.690E-01
  1.7617500E+03  9.727E-01  6.318E+01 -2.493E-01
  1.7622500E+03  1.516E+00  5.954E+01 -2.380E+00
  1.7627500E+03  1.416E+00  5.913E+01 -1.945E+00
  1.7632500E+03  8.553E-01  5.974E+01  2.335E-01
  1.7637500E+03  8.539E-01  5.833E+01  2.266E-01
  1.7642500E+03  6.934E-01  5.276E+01  5.898E-01
  1.7647500E+03  3.174E-01  4.966E+01  1.883E+00
  1.7652500E+03  4.282E-01  5.093E+01  1.586E+00
  1.7657500E+03  9.862E-01  4.717E+01 -6.336E-01
  1.7662500E+03  6.663E-01  4.410E+01  4.011E-01
  1.7667500E+03  3.849E-01  4.161E+01  1.365E+00
  1.7672500E+03  6.904E-01  3.690E+01  1.318E-02
  1.7677500E+03  7.243E-01  3.589E+01 -1.662E-01
  1.7682500E+03  9.780E-02  3.318E+01  2.069E+00
  1.7687500E+03  5.534E-01  3.101E+01  2.598E-01
  1.7692500E+03  6.103E-01  2.998E+01 -2.325E-02
  1.7697500E+03  3.240E-01  2.487E+01  7.377E-01
  1.7702500E+03  6.504E-01  2.177E+01 -6.448E-01
  1.7707500E+03  4.051E-01  2.011E+01  2.038E-01
  1.7712500E+03 -2.031E-01  1.807E+01  2.330E+00
  1.7717500E+03  8.743E-02  1.567E+01  1.089E+00
  1.7722500E+03  6.920E-01  1.467E+01 -1.195E+00
  1.7727500E+03  1.944E-01  1.074E+01  3.541E-01
  1.7732500E+03  4.738E-01  1.222E+01 -5.632E-01
  1.7737500E+03  1.479E-02  9.648E+00  9.848E-01
  1.7742500E+03  8.797E-01  8.684E+00 -2.290E+00
  1.7747500E+03 -3.777E-02  6.931E+00  9.963E-01
  1.7752500E+03  1.957E-01  3.191E+00 -1.594E-01
  1.7757500E+03  1.179E-01  3.107E+00  1.400E-01
  1.7762500E+03  7.458E-03  3.823E+00  5.859E-01
  1.7767500E+03 -7.904E-02  7.550E-01  6.795E-01
  1.7772500E+03  6.488E-01  6.316E-01 -2.007E+00
  1.7777500E+03  1.960E-01 -8.603E-02 -3.839E-01
  1.7782500E+03 -2.227E-01 -1.358E+00  1.098E+00
  1.7787500E+03 -2.102E-01 -1.443E+00  1.015E+00
  1.7792500E+03  1.100E-01 -4.417E+00 -4.287E-01
  1.7797500E+03 -1.832E-01 -2.749E+00  7.796E-01
  1.7802500E+03  5.922E-02 -3.818E+00 -2.073E-01
  1.7807500E+03 -5.538E-02 -5.621E+00  9.931E-02
  1.7812500E+03 -3.508E-01 -5.876E+00  1.190E+00
  1.7817500E+03 -2.675E-02 -5.138E+00  1.250E-02
  1.7822500E+03 -1.442E-01 -7.170E+00  3.090E-01
  1.7827500E+03 -2.658E-01 -6.601E+00  7.871E-01
  1.7832500E+03  2.508E-01 -6.058E+00 -1.132E+00
  1.7837500E+03 -1.271E-01 -9.199E+00  4.297E-02
  1.7842500E+03 -1.097E-01 -6.733E+00  1.702E-01
  1.7847500E+03  8.042E-02 -7.862E+00 -6.395E-01
  1.7852500E+03 -1.478E-01 -8.087E+00  1.925E-01
  1.7857500E+03 -1.533E-01 -8.280E+00  1.542E-01
  1.7862500E+03 -2.992E-01 -7.623E+00  7.898E-01
  1.7867500E+03  1.548E-01 -8.650E+00 -9.808E-01
  1.7872500E+03 -5.380E-02 -7.252E+00 -8.769E-02
  1.7877500E+03 -4.620E-01 -8.844E+00  1.276E+00
  1.7882500E+03 -1.587E-01 -9.577E+00  9.087E-02
  1.7887500E+03 -2.805E-01 -9.872E+00  5.357E-01
  1.7892500E+03 -6.875E-02 -1.008E+01 -3.055E-01
  1.7897500E+03 -4.500E-01 -8.823E+00  1.230E+00
  1.7902500E+03 -3.578E-01 -8.835E+00  8.663E-01
  1.7907500E+03 -2.659E-01 -8.836E+00  5.344E-01
  1.7912500E+03 -4.806E-02 -7.923E+00 -1.960E-01
  1.7917500E+03  5.966E-02 -9.254E+00 -7.093E-01
  1.7922500E+03 -1.358E-01 -9.706E+00 -5.195E-02
  1.7927500E+03 -1.596E-01 -9.143E+00  9.521E-02
  1.7932500E+03 -9.475E-02 -9.099E+00 -1.597E-01
  1.7937500E+03 -2.696E-01 -9.447E+00  4.851E-01
  1.7942500E+03 -3.202E-01 -9.333E+00  6.543E-01
  1.7947500E+03 -8.056E-02 -9.792E+00 -2.954E-01
  1.7952500E+03 -1.458E-01 -9.397E+00 -2.489E-02
  1.7957500E+03 -1.407E-01 -8.777E+00  2.305E-02
  1.7962500E+03 -2.095E-01 -9.481E+00  2.168E-01
  1.7967500E+03 -2.025E-01 -8.226E+00  2.616E-01
  1.7972500E+03 -1.011E-01 -9.367E+00 -1.869E-01
  1.7977500E+03 -1.732E-01 -8.888E+00  1.813E-01
  1.7982500E+03 -2.482E-01 -8.902E+00  4.248E-01
  1.7987500E+03 -2.907E-01 -7.924E+00  6.570E-01
  1.7992500E+03 -2.447E-02 -8.502E+00 -4.026E-01
  1.7997500E+03 -3.604E-01 -9.409E+00  7.905E-01
  1.8002500E+03 -2.158E-01 -8.696E+00  3.053E-01
  1.8007500E+03 -9.355E-02 -8.475E+00 -1.729E-01
  1.8012500E+03 -2.120E-01 -8.956E+00  2.613E-01
  1.8017500E+03 -1.743E-02 -8.976E+00 -4.529E-01
  1.8022500E+03 -9.044E-03 -8.914E+00 -5.015E-01
  1.8027500E+03 -3.533E-01 -8.517E+00  8.265E-01
  1.8032500E+03 -3.929E-01 -8.983E+00  9.092E-01
  1.8037500E+03 -3.275E-02 -8.570E+00 -3.865E-01
  1.8042500E+03 -8.444E-02 -8.567E+00 -1.889E-01
  1.8047500E+03 -2.115E-01 -8.183E+00  3.049E-01
  1.8052500E+03 -1.412E-01 -8.836E+00 -3.716E-02
  1.8057500E+03 -4.240E-01 -8.922E+00  1.042E+00
  1.8062500E+03 -1.897E-01 -7.636E+00  2.456E-01
  1.8067500E+03 -2.647E-01 -7.970E+00  5.255E-01
  1.8072500E+03 -2.310E-01 -7.980E+00  4.145E-01
  1.8077500E+03 -1.508E-01 -8.208E+00  7.266E-02
  1.8082500E+03 -8.634E-02 -8.665E+00 -1.876E-01
  1.8087500E+03  6.437E-02 -7.921E+00 -7.282E-01
  1.8092500E+03 -2.256E-01 -8.093E+00  3.541E-01
  1.8097500E+03 -2.308E-01 -8.023E+00  3.681E-01
  1.8102500E+03  1.519E-03 -8.469E+00 -5.345E-01
  1.8107500E+03  1.506E-02 -8.064E+00 -5.456E-01
  1.8112500E+03 -2.893E-01 -7.331E+00  6.516E-01
  1.8117500E+03 -7.982E-02 -7.954E+00 -1.930E-01
  1.8122500E+03 -1.599E-01 -7.435E+00  1.313E-01
  1.8127500E+03 -1.312E-01 -7.798E+00  1.414E-02
  1.8132500E+03 -1.616E-01 -6.854E+00  2.015E-01
  1.8137500E+03 -2.141E-01 -7.004E+00  3.923E-01
  1.8142500E+03 -3.368E-02 -7.492E+00 -3.455E-01
  1.8147500E+03  3.720E-02 -7.916E+00 -6.072E-01
  1.8152500E+03 -2.219E-01 -7.815E+00  3.559E-01
  1.8157500E+03 -2.411E-01 -7.792E+00  4.059E-01
  1.8162500E+03 -5.054E-02 -7.300E+00 -2.445E-01
  1.8167500E+03 -1.242E-01 -7.252E+00  2.536E-02
  1.8172500E+03 -6.340E-02 -6.666E+00 -1.606E-01
  1.8177500E+03 -3.565E-02 -7.027E+00 -2.975E-01
  1.8182500E+03 -7.756E-02 -6.930E+00 -1.411E-01
  1.8187500E+03 -1.416E-01 -7.270E+00  8.551E-02
  1.8192500E+03 -1.707E-01 -7.023E+00  1.991E-01
  1.8197500E+03 -1.807E-01 -7.274E+00  2.621E-01
  1.8202500E+03 -1.422E-01 -7.169E+00  1.012E-01
  1.8207500E+03 -1.520E-01 -7.310E+00  9.955E-02
  1.8212500E+03 -7.478E-02 -6.808E+00 -1.282E-01
  1.8217500E+03 -6.085E-02 -6.484E+00 -2.066E-01
  1.8222500E+03 -1.287E-01 -6.907E+00  4.786E-02
  1.8227500E+03 -1.566E-01 -6.386E+00  1.926E-01
  1.8232500E+03 -1.033E-01 -6.555E+00 -1.311E-02
  1.8237500E+03 -1.058E-01 -6.652E+00 -1.480E-02
  1.8242500E+03  2.033E-03 -6.303E+00 -3.817E-01
  1.8247500E+03 -9.926E-02 -6.872E+00 -5.060E-02
  1.8252500E+03 -2.391E-01 -6.539E+00  4.888E-01
  1.8257500E+03 -5.554E-02 -6.559E+00 -1.962E-01
  1.8262500E+03 -1.520E-02 -6.916E+00 -3.553E-01
  1.8267500E+03 -4.476E-02 -6.222E+00 -1.968E-01
  1.8272500E+03 -2.462E-01 -6.682E+00  5.212E-01
  1.8277500E+03 -1.858E-01 -5.769E+00  3.510E-01
  1.8282500E+03 -9.240E-02 -6.734E+00 -5.514E-02
  1.8287500E+03 -5.795E-02 -5.985E+00 -1.437E-01
  1.8292500E+03 -9.609E-02 -6.295E+00 -1.498E-02
  1.8297500E+03 -1.193E-01 -6.650E+00  1.829E-02
  1.8302500E+03 -9.902E-02 -6.314E+00 -1.748E-02
  1.8307500E+03 -2.568E-01 -5.930E+00  6.007E-01
  1.8312500E+03 -1.820E-01 -6.294E+00  2.649E-01
  1.8317500E+03 -1.602E-01 -6.207E+00  1.858E-01
  1.8322500E+03  1.194E-02 -5.731E+00 -3.938E-01
  1.8327500E+03 -4.477E-02 -5.621E+00 -1.287E-01
  1.8332500E+03 -1.192E-01 -5.565E+00  1.145E-01
  1.8337500E+03 -1.906E-01 -5.455E+00  3.803E-01
  1.8342500E+03 -9.873E-02 -6.472E+00 -2.276E-02
  1.8347500E+03 -1.244E-01 -5.928E+00  1.191E-01
  1.8352500E+03 -7.178E-02 -5.668E+00 -7.200E-02
  1.8357500E+03  1.603E-02 -6.029E+00 -4.183E-01
  1.8362500E+03 -6.109E-02 -5.878E+00 -1.312E-01
  1.8367500E+03 -1.240E-01 -5.951E+00  9.475E-02
  1.8372500E+03 -2.253E-01 -5.694E+00  5.017E-01
  1.8377500E+03 -1.042E-01 -5.632E+00  5.397E-02
  1.8382500E+03 -3.314E-02 -5.775E+00 -2.410E-01
  1.8387500E+03 -1.016E-01 -5.371E+00  4.007E-02
  1.8392500E+03 -1.231E-01 -5.646E+00  1.461E-01
  1.8397500E+03 -6.890E-02 -5.434E+00 -1.118E-01
  1.8402500E+03 -4.261E-02 -5.306E+00 -1.126E-01
  1.8407500E+03 -1.256E-01 -5.628E+00  1.494E-01
  1.8412500E+03 -1.206E-01 -5.066E+00  1.620E-01
  1.8417500E+03 -1.078E-01 -5.485E+00  2.183E-02
  1.8422500E+03 -1.359E-01 -4.864E+00  1.929E-01
  1.8427500E+03 -3.314E-02 -4.852E+00 -1.829E-01
  1.8432500E+03 -3.655E-02 -5.232E+00 -1.675E-01
  1.8437500E+03 -1.182E-01 -5.164E+00  1.437E-01
  1.8442500E+03 -9.530E-02 -5.352E+00  5.055E-02
  1.8447500E+03 -7.714E-02 -5.149E+00 -6.769E-02
  1.8452500E+03 -1.404E-01 -5.100E+00  1.976E-01
  1.8457500E+03 -6.797E-02 -5.173E+00 -5.043E-02
  1.8462500E+03 -3.043E-02 -5.017E+00 -1.786E-01
  1.8467500E+03 -9.987E-02 -4.973E+00  8.875E-02
  1.8472500E+03 -1.728E-01 -5.270E+00  3.228E-01
  1.8477500E+03  4.718E-02 -4.894E+00 -4.585E-01
  1.8482500E+03 -8.176E-02 -5.036E+00 -1.045E-03
  1.8487500E+03 -8.933E-02 -5.099E+00  3.364E-02
  1.8492500E+03 -3.116E-02 -4.800E+00 -1.701E-01
  1.8497500E+03 -5.799E-02 -4.935E+00 -7.793E-02
  1.8502500E+03 -1.072E-01 -4.663E+00  1.310E-01
  1.8507500E+03 -1.085E-01 -5.014E+00  9.894E-02
  1.8512500E+03 -4.712E-02 -4.295E+00 -9.662E-02
  1.8517500E+03 -1.434E-01 -4.512E+00  2.769E-01
  1.8522500E+03 -1.623E-01 -4.317E+00  4.013E-01
  1.8527500E+03 -7.202E-02 -4.467E+00  2.007E-02
  1.8532500E+03 -4.929E-02 -4.719E+00 -9.859E-02
  1.8537500E+03 -9.047E-02 -4.465E+00  7.073E-02
  1.8542500E+03 -1.087E-01 -4.663E+00  1.365E-01
  1.8547500E+03 -1.038E-01 -4.601E+00  1.775E-01
  1.8552500E+03 -9.853E-02 -4.692E+00  8.236E-02
  1.8557500E+03 -7.630E-02 -4.392E+00  2.235E-02
  1.8562500E+03 -9.373E-03 -4.600E+00 -2.605E-01
  1.8567500E+03 -8.525E-02 -4.636E+00  5.137E-02
  1.8572500E+03 -1.880E-01 -4.608E+00  4.224E-01
  1.8577500E+03 -1.060E-01 -4.655E+00  1.080E-01
  1.8582500E+03 -9.449E-02 -4.659E+00  5.832E-02
  1.8587500E+03 -3.046E-02 -4.475E+00 -1.544E-01
  1.8592500E+03 -1.200E-02 -4.605E+00 -2.228E-01
  1.8597500E+03  4.756E-03 -4.549E+00 -2.919E-01
  1.8602500E+03 -3.456E-02 -4.232E+00 -1.156E-01
  1.8607500E+03 -1.984E-02 -3.847E+00 -1.386E-01
  1.8612500E+03 -6.606E-02 -4.183E+00 -1.778E-02
  1.8617500E+03 -1.069E-01 -4.041E+00  1.735E-01
  1.8622500E+03 -1.431E-01 -4.292E+00  2.778E-01
  1.8627500E+03 -5.648E-02 -4.177E+00 -1.383E-02
  1.8632500E+03  1.627E-02 -4.443E+00 -3.271E-01
  1.8637500E+03 -8.805E-02 -3.961E+00  9.799E-02
  1.8642500E+03 -8.171E-02 -3.860E+00  6.974E-02
  1.8647500E+03 -5.760E-02 -3.908E+00 -1.945E-02
  1.8652500E+03 -6.127E-02 -4.187E+00 -1.658E-02
  1.8657500E+03  2.301E-02 -4.245E+00 -3.541E-01
  1.8662500E+03 -7.174E-02 -3.896E+00  5.251E-02
  1.8667500E+03 -5.708E-02 -4.026E+00 -6.291E-03
  1.8672500E+03 -3.341E-02 -4.026E+00 -1.064E-01
  1.8677500E+03 -3.979E-02 -3.659E+00 -5.549E-02
  1.8682500E+03 -2.985E-02 -3.873E+00 -1.270E-01
  1.8687500E+03 -6.463E-02 -4.258E+00 -2.155E-02
  1.8692500E+03 -5.390E-02 -3.697E+00 -2.612E-02
  1.8697500E+03  6.983E-02 -3.834E+00 -4.839E-01
  1.8702500E+03  1.337E-02 -3.923E+00 -2.822E-01
  1.8707500E+03 -6.092E-02 -3.757E+00  1.671E-02
  1.8712500E+03 -1.253E-01 -3.844E+00  2.414E-01
  1.8717500E+03 -8.802E-02 -3.713E+00  9.918E-02
  1.8722500E+03 -6.596E-02 -3.661E+00  3.240E-02
  1.8727500E+03  4.562E-03 -3.696E+00 -2.205E-01
  1.8732500E+03 -6.118E-02 -3.630E+00  3.009E-02
  1.8737500E+03 -8.389E-02 -3.812E+00  9.320E-02
  1.8742500E+03 -8.160E-02 -3.961E+00  6.687E-02
  1.8747500E+03 -3.442E-02 -3.681E+00 -9.184E-02
  1.8752500E+03 -7.259E-02 -3.347E+00  8.211E-02
  1.8757500E+03 -6.808E-02 -3.556E+00  3.941E-02
  1.8762500E+03 -2.534E-02 -3.424E+00 -8.736E-02
  1.8767500E+03 -4.802E-02 -3.622E+00 -3.291E-02
  1.8772500E+03 -4.152E-02 -3.803E+00 -7.388E-02
  1.8777500E+03 -6.673E-02 -3.507E+00  3.723E-02
  1.8782500E+03 -6.747E-02 -3.472E+00  5.413E-02
  1.8787500E+03 -1.384E-01 -3.080E+00  3.547E-01
  1.8792500E+03 -2.005E-02 -3.527E+00 -1.180E-01
  1.8797500E+03 -7.120E-02 -3.788E+00  1.243E-02
  1.8802500E+03 -7.275E-02 -3.508E+00  4.142E-02
  1.8807500E+03  2.321E-02 -3.466E+00 -2.389E-01
  1.8812500E+03 -5.208E-02 -3.607E+00 -2.623E-02
  1.8817500E+03  6.093E-03 -3.346E+00 -2.328E-01
  1.8822500E+03 -1.381E-02 -3.417E+00 -1.624E-01
  1.8827500E+03 -3.303E-02 -3.566E+00 -8.419E-02
  1.8832500E+03 -4.616E-02 -3.379E+00 -3.077E-02
  1.8837500E+03 -1.448E-01 -3.195E+00  3.285E-01
  1.8842500E+03 -1.132E-01 -3.174E+00  2.406E-01
  1.8847500E+03 -1.261E-01 -3.451E+00  2.874E-01
  1.8852500E+03 -5.544E-02 -3.310E+00  1.485E-02
  1.8857500E+03 -5.411E-03 -2.868E+00 -1.260E-01
  1.8862500E+03 -9.470E-02 -3.262E+00  1.653E-01
  1.8867500E+03 -1.002E-02 -3.237E+00 -1.581E-01
  1.8872500E+03 -6.218E-02 -3.285E+00  1.547E-02
  1.8877500E+03 -3.755E-02 -3.299E+00 -4.430E-02
  1.8882500E+03 -9.265E-02 -3.306E+00  1.597E-01
  1.8887500E+03  2.241E-02 -3.078E+00 -2.636E-01
  1.8892500E+03 -3.108E-02 -2.919E+00 -4.523E-02
  1.8897500E+03 -1.151E-01 -2.964E+00  2.566E-01
  1.8902500E+03 -6.128E-02 -3.026E+00  5.362E-02
  1.8907500E+03  7.385E-02 -3.004E+00 -4.397E-01
  1.8912500E+03 -5.609E-02 -3.292E+00  1.412E-02
  1.8917500E+03 -3.394E-02 -2.886E+00 -4.157E-02
  1.8922500E+03 -2.209E-02 -2.889E+00 -8.154E-02
  1.8927500E+03 -6.768E-02 -2.848E+00  9.287E-02
  1.8932500E+03 -4.989E-02 -2.856E+00  3.109E-02
  1.8937500E+03 -8.775E-02 -2.758E+00  1.890E-01
  1.8942500E+03  3.538E-03 -3.062E+00 -1.995E-01
  1.8947500E+03 -6.382E-02 -3.109E+00  4.300E-02
  1.8952500E+03 -2.222E-02 -2.990E+00 -9.014E-02
  1.8957500E+03 -5.881E-02 -2.949E+00  6.669E-02
  1.8962500E+03 -8.313E-02 -2.965E+00  1.462E-01
  1.8967500E+03 -1.776E-02 -2.560E+00 -8.747E-02
  1.8972500E+03 -1.330E-02 -2.441E+00 -5.884E-02
  1.8977500E+03 -6.914E-02 -2.836E+00  9.036E-02
  1.8982500E+03 -8.313E-02 -2.990E+00  1.423E-01
  1.8987500E+03 -5.845E-02 -2.679E+00  5.402E-02
  1.8992500E+03 -5.167E-02 -2.868E+00  3.212E-02
  1.8997500E+03 -3.707E-02 -2.832E+00 -2.559E-02
  1.9002500E+03  1.567E-02 -2.895E+00 -2.256E-01
  1.9007500E+03 -8.192E-02 -3.097E+00  1.203E-01
  1.9012500E+03 -3.489E-02 -2.875E+00 -2.782E-02
  1.9017500E+03 -2.924E-02 -2.594E+00 -1.388E-02
  1.9022500E+03 -6.483E-02 -2.605E+00  9.917E-02
  1.9027500E+03 -4.707E-02 -2.564E+00  2.783E-02
  1.9032500E+03 -5.837E-02 -2.483E+00  7.801E-02
  1.9037500E+03  2.710E-02 -2.392E+00 -2.293E-01
  1.9042500E+03 -5.558E-02 -2.632E+00  4.761E-02
  1.9047500E+03 -7.772E-02 -2.586E+00  1.445E-01
  1.9052500E+03  6.314E-04 -2.543E+00 -1.571E-01
  1.9057500E+03 -6.878E-02 -2.806E+00  9.932E-02
  1.9062500E+03 -2.405E-02 -2.641E+00 -5.772E-02
  1.9067500E+03 -1.031E-02 -2.652E+00 -1.134E-01
  1.9072500E+03 -5.877E-02 -2.732E+00  5.981E-02
  1.9077500E+03 -7.712E-02 -2.658E+00  1.341E-01
  1.9082500E+03 -2.959E-02 -2.704E+00 -5.507E-02
  1.9087500E+03 -4.238E-02 -2.751E+00 -8.514E-04
  1.9092500E+03 -3.211E-03 -2.217E+00 -8.436E-02
  1.9097500E+03 -5.135E-02 -2.224E+00  7.154E-02
  1.9102500E+03 -4.964E-02 -2.433E+00  5.196E-02
  1.9107500E+03  1.946E-02 -2.478E+00 -2.136E-01
  1.9112500E+03 -2.863E-02 -2.610E+00 -7.988E-02
  1.9117500E+03 -6.490E-02 -2.351E+00  7.632E-02
  1.9122500E+03 -7.393E-04 -2.602E+00 -1.069E-01
  1.9127500E+03 -1.007E-02 -2.388E+00 -7.664E-02
  1.9132500E+03 -8.324E-02 -2.433E+00  1.537E-01
  1.9137500E+03 -3.806E-02 -2.485E+00 -5.075E-03
  1.9142500E+03 -3.463E-02 -2.526E+00 -1.723E-02
  1.9147500E+03 -5.637E-02 -2.344E+00  7.015E-02
  1.9152500E+03 -3.430E-02 -2.284E+00 -3.217E-03
  1.9157500E+03 -3.812E-02 -2.285E+00  2.995E-02
  1.9162500E+03 -4.491E-02 -2.432E+00  4.254E-02
  1.9167500E+03 -3.256E-02 -2.364E+00 -9.580E-03
  1.9172500E+03 -2.806E-02 -2.337E+00 -2.752E-02
  1.9177500E+03 -3.854E-02 -2.359E+00  1.238E-02
  1.9182500E+03 -1.482E-02 -2.238E+00 -8.606E-02
  1.9187500E+03  2.400E-02 -2.519E+00 -2.550E-01
  1.9192500E+03 -5.999E-02 -2.398E+00  8.112E-02
  1.9197500E+03 -1.269E-01 -2.194E+00  3.624E-01
  1.9202500E+03 -6.314E-02 -2.128E+00  1.233E-01
  1.9207500E+03  7.089E-02 -2.203E+00 -3.618E-01
  1.9212500E+03 -3.645E-02 -2.249E+00  1.787E-03
  1.9217500E+03 -4.257E-02 -2.031E+00  3.739E-02
  1.9222500E+03 -7.213E-02 -2.002E+00  1.555E-01
  1.9227500E+03 -2.057E-02 -2.208E+00 -6.661E-02
  1.9232500E+03 -4.580E-02 -2.131E+00  4.750E-02
  1.9237500E+03  8.599E-03 -2.228E+00 -1.542E-01
  1.9242500E+03 -5.949E-02 -2.247E+00  8.791E-02
  1.9247500E+03  5.198E-02 -2.281E+00 -3.369E-01
  1.9252500E+03 -1.939E-02 -2.220E+00 -5.218E-02
  1.9257500E+03 -3.662E-02 -2.319E+00  1.725E-02
  1.9262500E+03 -5.627E-02 -2.115E+00  9.306E-02
  1.9267500E+03 -2.120E-02 -2.029E+00 -6.853E-04
  1.9272500E+03 -2.116E-02 -1.965E+00 -1.988E-02
  1.9277500E+03 -6.209E-02 -2.139E+00  1.250E-01
  1.9282500E+03  2.074E-03 -2.074E+00 -1.298E-01
  1.9287500E+03 -2.558E-02 -2.073E+00 -4.410E-02
  1.9292500E+03 -7.321E-02 -2.250E+00  1.282E-01
  1.9297500E+03 -1.727E-02 -2.027E+00 -3.384E-02
  1.9302500E+03  1.667E-02 -1.962E+00 -1.656E-01
  1.9307500E+03 -5.270E-02 -1.907E+00  8.953E-02
  1.9312500E+03 -2.158E-02 -2.175E+00 -4.024E-02
  1.9317500E+03 -3.415E-02 -1.932E+00  3.265E-02
  1.9322500E+03 -9.051E-03 -2.009E+00 -8.095E-02
  1.9327500E+03 -3.086E-02 -2.081E+00 -1.577E-03
  1.9332500E+03 -1.650E-02 -2.060E+00 -3.315E-02
  1.9337500E+03  3.873E-02 -2.075E+00 -2.745E-01
  1.9342500E+03 -3.753E-02 -1.969E+00  1.660E-02
  1.9347500E+03 -3.135E-02 -1.824E+00  1.927E-02
  1.9352500E+03 -6.982E-02 -1.994E+00  1.722E-01
  1.9357500E+03 -2.300E-02 -2.068E+00 -1.955E-02
  1.9362500E+03 -4.219E-02 -1.977E+00  3.217E-02
  1.9367500E+03 -4.414E-02 -1.957E+00  4.750E-02
  1.9372500E+03  7.356E-03 -1.689E+00 -1.493E-01
  1.9377500E+03 -2.436E-02 -1.812E+00 -1.134E-02
  1.9382500E+03  9.284E-03 -2.016E+00 -1.327E-01
  1.9387500E+03  3.143E-02 -2.027E+00 -2.147E-01
  1.9392500E+03 -3.121E-02 -1.817E+00  2.583E-02
  1.9397500E+03 -4.972E-02 -1.737E+00  1.053E-01
  1.9402500E+03 -4.354E-02 -1.798E+00  7.712E-02
  1.9407500E+03 -4.137E-02 -1.884E+00  5.357E-02
  1.9412500E+03 -4.926E-02 -1.857E+00  1.047E-01
  1.9417500E+03 -4.297E-02 -2.011E+00  3.383E-02
  1.9422500E+03 -3.440E-02 -1.979E+00  1.521E-02
  1.9427500E+03 -7.991E-02 -1.766E+00  2.025E-01
  1.9432500E+03 -1.272E-02 -1.850E+00 -5.329E-02
  1.9437500E+03 -7.411E-03 -1.973E+00 -6.625E-02
  1.9442500E+03 -1.857E-02 -1.932E+00 -6.476E-02
  1.9447500E+03  1.386E-03 -1.601E+00 -8.227E-02
  1.9452500E+03 -3.274E-02 -1.877E+00  4.161E-03
  1.9457500E+03 -3.029E-02 -1.776E+00  2.686E-02
  1.9462500E+03 -3.426E-02 -1.721E+00  3.151E-03
  1.9467500E+03  1.663E-02 -1.759E+00 -2.050E-01
  1.9472500E+03 -2.062E-02 -1.811E+00 -1.360E-02
  1.9477500E+03 -3.453E-02 -1.792E+00  4.122E-02
  1.9482500E+03 -3.009E-02 -1.650E+00  3.941E-02
  1.9487500E+03 -6.217E-03 -1.796E+00 -7.300E-02
  1.9492500E+03 -2.957E-03 -1.634E+00 -8.400E-02
  1.9497500E+03  2.945E-03 -1.632E+00 -8.553E-02
  1.9502500E+03 -8.817E-03 -1.555E+00 -5.050E-02
  1.9507500E+03 -2.259E-02 -1.728E+00 -5.441E-03
  1.9512500E+03 -3.400E-02 -1.617E+00  4.328E-02
  1.9517500E+03 -1.172E-03 -1.715E+00 -8.911E-02
  1.9522500E+03 -2.848E-02 -1.653E+00  1.403E-03
  1.9527500E+03 -3.379E-02 -1.554E+00  3.865E-02
  1.9532500E+03 -3.578E-02 -1.639E+00  5.511E-02
  1.9537500E+03 -4.346E-02 -1.714E+00  5.389E-02
  1.9542500E+03 -1.867E-02 -1.622E+00 -2.154E-02
  1.9547500E+03 -2.479E-02 -1.609E+00 -1.125E-02
  1.9552500E+03 -1.341E-02 -1.520E+00 -2.349E-02
  1.9557500E+03 -2.904E-02 -1.511E+00  3.552E-02
  1.9562500E+03 -1.509E-03 -1.476E+00 -6.085E-02
  1.9567500E+03 -4.493E-02 -1.641E+00  6.620E-02
  1.9572500E+03  1.780E-03 -1.649E+00 -8.883E-02
  1.9577500E+03  9.602E-03 -1.475E+00 -1.146E-01
  1.9582500E+03  1.747E-02 -1.781E+00 -1.713E-01
  1.9587500E+03 -5.671E-03 -1.586E+00 -6.103E-02
  1.9592500E+03 -2.059E-02 -1.693E+00 -4.332E-03
  1.9597500E+03 -2.854E-02 -1.507E+00  2.853E-02
  1.9602500E+03 -3.153E-03 -1.532E+00 -6.311E-02
  1.9607500E+03 -6.205E-03 -1.615E+00 -6.871E-02
  1.9612500E+03 -6.168E-02 -1.714E+00  1.132E-01
  1.9617500E+03 -3.040E-02 -1.523E+00  5.461E-02
  1.9622500E+03 -1.623E-02 -1.646E+00 -6.260E-02
  1.9627500E+03  3.346E-02 -1.533E+00 -2.173E-01
  1.9632500E+03 -3.599E-02 -1.305E+00  8.161E-02
  1.9637500E+03 -3.913E-02 -1.445E+00  6.835E-02
  1.9642500E+03 -1.888E-02 -1.537E+00 -7.923E-03
  1.9647500E+03 -6.817E-02 -1.578E+00  1.673E-01
  1.9652500E+03  3.303E-02 -1.346E+00 -1.864E-01
  1.9657500E+03 -6.435E-03 -1.271E+00 -2.250E-02
  1.9662500E+03 -3.779E-02 -1.472E+00  4.958E-02
  1.9667500E+03  1.105E-03 -1.310E+00 -4.951E-02
  1.9672500E+03 -5.297E-02 -1.402E+00  1.277E-01
  1.9677500E+03 -3.301E-02 -1.472E+00  3.519E-02
  1.9682500E+03 -3.333E-02 -1.331E+00  4.393E-02
  1.9687500E+03 -3.778E-02 -1.632E+00  6.457E-02
  1.9692500E+03 -4.096E-02 -1.477E+00  7.735E-02
  1.9697500E+03 -3.905E-02 -1.313E+00  9.160E-02
  1.9702500E+03  1.384E-03 -1.397E+00 -8.469E-02
  1.9707500E+03 -4.168E-02 -1.500E+00  5.491E-02
  1.9712500E+03 -3.297E-02 -1.515E+00  3.841E-02
  1.9717500E+03  1.721E-02 -1.329E+00 -1.148E-01
  1.9722500E+03  8.636E-03 -1.413E+00 -1.093E-01
  1.9727500E+03 -2.531E-02 -1.321E+00  2.508E-02
  1.9732500E+03 -3.571E-02 -1.518E+00  4.818E-02
  1.9737500E+03 -5.129E-02 -1.286E+00  1.055E-01
  1.9742500E+03 -2.694E-02 -1.371E+00  3.174E-02
  1.9747500E+03 -2.943E-02 -1.631E+00  2.241E-02
  1.9752500E+03  2.982E-02 -1.474E+00 -1.928E-01
  1.9757500E+03 -1.594E-02 -1.107E+00  1.172E-02
  1.9762500E+03 -2.398E-02 -1.339E+00  1.972E-02
  1.9767500E+03  1.789E-02 -1.346E+00 -1.327E-01
  1.9772500E+03 -1.927E-02 -1.218E+00  2.146E-02
  1.9777500E+03 -2.447E-02 -1.407E+00  1.183E-02
  1.9782500E+03 -1.524E-02 -1.311E+00 -1.240E-02
  1.9787500E+03 -1.513E-02 -1.289E+00 -5.005E-02
  1.9792500E+03 -9.417E-03 -1.248E+00 -3.614E-02
  1.9797500E+03  5.600E-04 -1.469E+00 -9.627E-02
  1.9802500E+03  2.997E-02 -1.126E+00 -1.660E-01
  1.9807500E+03 -7.071E-02 -1.219E+00  1.975E-01
  1.9812500E+03  1.359E-02 -1.207E+00 -1.145E-01
  1.9817500E+03 -1.851E-02 -1.152E+00  6.275E-03
  1.9822500E+03 -3.266E-02 -1.304E+00  5.400E-02
  1.9827500E+03 -1.960E-02 -1.329E+00  3.665E-03
  1.9832500E+03 -3.140E-02 -1.380E+00  3.727E-02
  1.9837500E+03 -1.614E-02 -1.424E+00 -1.169E-02
  1.9842500E+03 -2.152E-02 -1.316E+00  1.249E-02
  1.9847500E+03 -2.534E-02 -1.364E+00  4.041E-02
  1.9852500E+03 -1.891E-02 -1.289E+00  5.741E-05
  1.9857500E+03 -3.696E-02 -1.317E+00  6.024E-02
  1.9862500E+03 -2.850E-02 -1.186E+00  3.963E-02
  1.9867500E+03  1.198E-02 -1.071E+00 -1.094E-01
  1.9872500E+03  9.828E-03 -1.133E+00 -1.048E-01
  1.9877500E+03  7.979E-03 -1.194E+00 -8.871E-02
  1.9882500E+03  4.226E-02 -1.108E+00 -2.174E-01
  1.9887500E+03 -7.790E-03 -1.229E+00 -4.738E-02
  1.9892500E+03 -6.928E-03 -1.109E+00 -2.263E-02
  1.9897500E+03  7.988E-03 -1.194E+00 -9.280E-02
  1.9902500E+03 -4.797E-02 -1.038E+00  1.386E-01
  1.9907500E+03 -5.128E-02 -1.253E+00  1.183E-01
  1.9912500E+03 -1.083E-02 -1.214E+00 -5.147E-02
  1.9917500E+03 -6.937E-03 -1.073E+00 -4.536E-02
  1.9922500E+03 -7.184E-03 -1.150E+00 -2.254E-02
  1.9927500E+03 -6.659E-03 -1.166E+00 -4.448E-03
  1.9932500E+03 -7.732E-03 -1.221E+00 -4.391E-02
  1.9937500E+03 -4.600E-02 -1.182E+00  1.208E-01
  1.9942500E+03 -1.782E-03 -1.263E+00 -6.561E-02
  1.9947500E+03 -1.211E-02 -1.216E+00 -3.828E-02
  1.9952500E+03  4.924E-04 -1.134E+00 -5.382E-02
  1.9957500E+03 -2.356E-02 -1.089E+00  2.882E-02
  1.9962500E+03 -3.452E-02 -1.099E+00  8.747E-02
  1.9967500E+03  1.079E-02 -1.116E+00 -9.515E-02
  1.9972500E+03 -2.010E-03 -1.029E+00 -4.575E-02
  1.9977500E+03  2.309E-02 -1.156E+00 -1.405E-01
  1.9982500E+03 -3.782E-02 -9.687E-01  8.028E-02
  1.9987500E+03 -1.958E-02 -1.033E+00  2.032E-02
  1.9992500E+03 -5.820E-03 -1.008E+00 -2.793E-02
  1.9997500E+03 -5.250E-02 -9.897E-01  1.359E-01
  2.0002500E+03  1.344E-02 -1.238E+00 -1.235E-01
  2.0007500E+03  1.975E-02 -1.125E+00 -1.214E-01
  2.0012500E+03 -3.669E-02 -9.901E-01  7.834E-02
  2.0017500E+03 -2.958E-03 -9.639E-01 -4.740E-02
  2.0022500E+03 -3.347E-02 -1.096E+00  6.050E-02
  2.0027500E+03 -1.525E-02 -1.011E+00  1.945E-02
  2.0032500E+03 -1.688E-02 -1.102E+00  3.760E-03
  2.0037500E+03 -5.596E-03 -1.065E+00 -3.219E-02
  2.0042500E+03 -4.103E-02 -1.083E+00  9.734E-02
  2.0047500E+03 -5.831E-03 -1.009E+00 -3.890E-02
  2.0052500E+03 -1.757E-02 -1.027E+00 -1.828E-03
  2.0057500E+03 -5.500E-02 -1.075E+00  1.435E-01
  2.0062500E+03  1.684E-02 -1.076E+00 -1.354E-01
  2.0067500E+03 -5.522E-03 -1.146E+00 -4.766E-02
  2.0072500E+03 -1.908E-02 -9.816E-01  9.255E-03
  2.0077500E+03 -1.009E-02 -1.013E+00 -1.587E-02
  2.0082500E+03  1.662E-03 -1.051E+00 -6.010E-02
  2.0087500E+03 -6.149E-03 -9.734E-01 -2.096E-02
  2.0092500E+03 -1.571E-02 -8.792E-01  1.101E-02
  2.0097500E+03  2.924E-02 -9.121E-01 -1.597E-01
  2.0102500E+03 -1.802E-02 -1.094E+00  1.183E-02
  2.0107500E+03 -2.632E-02 -1.031E+00  1.584E-03
  2.0112500E+03 -3.895E-02 -1.018E+00  8.499E-02
  2.0117500E+03 -2.054E-02 -8.858E-01  2.321E-02
  2.0122500E+03 -3.330E-03 -8.985E-01 -4.865E-02
  2.0127500E+03 -2.190E-02 -1.058E+00  2.746E-02
  2.0132500E+03 -1.659E-02 -1.172E+00  8.730E-03
  2.0137500E+03 -3.375E-03 -9.868E-01 -2.191E-02
  2.0142500E+03  2.596E-02 -9.194E-01 -1.301E-01
  2.0147500E+03  1.632E-02 -1.046E+00 -1.212E-01
  2.0152500E+03 -1.034E-03 -9.528E-01 -2.583E-02
  2.0157500E+03 -5.868E-02 -9.624E-01  1.738E-01
  2.0162500E+03 -1.597E-02 -9.072E-01  3.884E-02
  2.0167500E+03  2.859E-03 -9.164E-01 -6.410E-02
  2.0172500E+03 -2.424E-02 -9.740E-01  3.957E-02
  2.0177500E+03  1.702E-02 -8.518E-01 -1.109E-01
  2.0182500E+03 -1.267E-02 -9.635E-01  5.180E-02
  2.0187500E+03 -1.517E-02 -9.677E-01  9.610E-03
  2.0192500E+03 -1.005E-02 -9.256E-01 -9.223E-03
  2.0197500E+03 -2.016E-03 -9.974E-01 -4.504E-02
  2.0202500E+03 -1.020E-02 -9.358E-01 -4.226E-02
  2.0207500E+03 -3.193E-03 -9.116E-01 -3.363E-02
  2.0212500E+03  3.117E-02 -9.168E-01 -1.592E-01
  2.0217500E+03  1.904E-04 -9.883E-01 -3.108E-02
  2.0222500E+03 -3.424E-03 -1.041E+00 -3.233E-02
  2.0227500E+03 -2.720E-02 -1.029E+00  4.672E-02
  2.0232500E+03 -2.163E-02 -8.925E-01  3.590E-02
  2.0237500E+03 -1.512E-02 -7.991E-01  1.900E-02
  2.0242500E+03 -1.475E-02 -1.090E+00  9.152E-04
  2.0247500E+03 -2.256E-02 -8.927E-01  8.954E-03
  2.0252500E+03 -8.154E-03 -7.393E-01 -2.357E-02
  2.0257500E+03 -4.363E-03 -8.052E-01 -3.377E-02
  2.0262500E+03 -1.428E-02 -8.998E-01  9.976E-03
  2.0267500E+03 -4.496E-02 -9.870E-01  1.005E-01
  2.0272500E+03  2.879E-02 -7.686E-01 -1.302E-01
  2.0277500E+03 -6.510E-03 -8.305E-01 -2.580E-02
  2.0282500E+03 -3.743E-02 -8.356E-01  1.018E-01
  2.0287500E+03 -2.705E-02 -8.434E-01  6.056E-02
  2.0292500E+03 -1.586E-02 -7.860E-01  2.228E-02
  2.0297500E+03 -1.221E-02 -8.395E-01 -8.292E-05
  2.0302500E+03  1.311E-02 -8.065E-01 -9.250E-02
  2.0307500E+03 -2.179E-02 -8.043E-01  2.890E-02
  2.0312500E+03 -2.010E-02 -8.045E-01  3.691E-02
  2.0317500E+03 -1.390E-02 -7.774E-01  1.140E-02
  2.0322500E+03 -2.140E-02 -8.458E-01  2.673E-02
  2.0327500E+03  4.311E-02 -7.470E-01 -2.134E-01
  2.0332500E+03  2.923E-03 -7.223E-01 -3.834E-02
  2.0337500E+03 -3.152E-02 -8.608E-01  8.453E-02
  2.0342500E+03 -2.948E-02 -8.304E-01  6.277E-02
  2.0347500E+03  1.663E-02 -7.979E-01 -9.987E-02
  2.0352500E+03 -9.612E-03 -7.331E-01  2.388E-03
  2.0357500E+03 -2.062E-02 -7.928E-01  3.255E-02
  2.0362500E+03 -7.816E-03 -7.702E-01 -4.283E-03
  2.0367500E+03 -2.517E-02 -9.247E-01  4.695E-02
  2.0372500E+03  1.614E-02 -7.580E-01 -8.902E-02
  2.0377500E+03 -4.888E-03 -8.140E-01 -1.441E-02
  2.0382500E+03 -2.704E-02 -7.595E-01  6.547E-02
  2.0387500E+03 -3.717E-02 -8.253E-01  1.048E-01
  2.0392500E+03 -1.368E-02 -7.899E-01  1.231E-02
  2.0397500E+03 -1.353E-02 -7.516E-01  1.595E-02
  2.0402500E+03  9.571E-03 -7.491E-01 -7.551E-02
  2.0407500E+03 -2.126E-02 -7.398E-01  2.966E-02
  2.0412500E+03  5.686E-03 -9.321E-01 -8.017E-02
  2.0417500E+03  1.695E-02 -8.561E-01 -8.729E-02
  2.0422500E+03 -1.839E-02 -8.240E-01  3.776E-02
  2.0427500E+03 -2.784E-02 -7.273E-01  6.211E-02
  2.0432500E+03 -1.368E-02 -7.221E-01  9.989E-03
  2.0437500E+03 -3.373E-02 -8.443E-01  8.619E-02
  2.0442500E+03  6.268E-03 -8.432E-01 -7.201E-02
  2.0447500E+03 -3.287E-02 -7.567E-01  8.006E-02
  2.0452500E+03 -1.299E-02 -6.869E-01  5.622E-03
  2.0457500E+03 -1.182E-02 -5.542E-01  2.504E-02
  2.0462500E+03 -2.015E-02 -7.239E-01  4.248E-02
  2.0467500E+03 -3.177E-02 -6.945E-01  8.720E-02
  2.0472500E+03 -1.219E-02 -6.653E-01  7.459E-03
  2.0477500E+03  2.952E-03 -7.419E-01 -5.259E-02
  2.0482500E+03 -2.822E-02 -8.271E-01  5.551E-02
  2.0487500E+03  1.170E-02 -8.630E-01 -9.508E-02
  2.0492500E+03 -2.428E-02 -6.846E-01  5.627E-02
  2.0497500E+03 -1.742E-02 -6.708E-01  3.719E-02
  2.0502500E+03  1.046E-02 -5.260E-01 -5.801E-02
  2.0507500E+03 -1.687E-02 -7.720E-01  2.208E-02
  2.0512500E+03 -7.485E-03 -6.857E-01 -2.068E-03
  2.0517500E+03 -3.009E-02 -6.508E-01  8.541E-02
  2.0522500E+03  1.306E-02 -5.703E-01 -7.251E-02
  2.0527500E+03 -9.095E-03 -8.147E-01 -2.079E-02
  2.0532500E+03  2.120E-02 -6.315E-01 -1.110E-01
  2.0537500E+03  3.507E-03 -7.670E-01 -4.974E-02
  2.0542500E+03 -7.473E-03 -6.062E-01 -4.604E-04
  2.0547500E+03  2.199E-02 -6.690E-01 -1.259E-01
  2.0552500E+03 -2.217E-02 -5.977E-01  6.002E-02
  2.0557500E+03 -2.181E-02 -6.981E-01  4.862E-02
  2.0562500E+03  1.381E-03 -6.524E-01 -4.221E-02
  2.0567500E+03  6.928E-03 -7.008E-01 -6.771E-02
  2.0572500E+03  4.320E-03 -6.254E-01 -4.059E-02
  2.0577500E+03 -2.634E-02 -7.337E-01  5.527E-02
  2.0582500E+03 -3.663E-02 -7.423E-01  9.030E-02
  2.0587500E+03 -3.804E-02 -5.384E-01  1.330E-01
  2.0592500E+03  2.511E-02 -6.612E-01 -1.291E-01
  2.0597500E+03  2.707E-02 -6.659E-01 -1.235E-01
  2.0602500E+03 -3.065E-02 -8.280E-01  6.139E-02
  2.0607500E+03 -2.796E-02 -6.494E-01  6.094E-02
  2.0612500E+03 -2.857E-02 -6.482E-01  8.064E-02
  2.0617500E+03  3.076E-03 -6.890E-01 -4.628E-02
  2.0622500E+03  1.180E-02 -7.519E-01 -1.005E-01
  2.0627500E+03 -5.137E-04 -6.723E-01 -2.372E-02
  2.0632500E+03 -1.023E-02 -6.932E-01  4.889E-03
  2.0637500E+03  2.564E-03 -6.927E-01 -4.892E-02
  2.0642500E+03  1.134E-02 -6.427E-01 -8.007E-02
  2.0647500E+03 -3.768E-02 -5.875E-01  1.069E-01
  2.0652500E+03  2.191E-02 -6.825E-01 -1.174E-01
  2.0657500E+03  9.545E-03 -7.564E-01 -7.779E-02
  2.0662500E+03 -2.662E-02 -5.749E-01  6.639E-02
  2.0667500E+03  4.306E-03 -6.553E-01 -4.241E-02
  2.0672500E+03 -1.704E-02 -5.459E-01  3.947E-02
  2.0677500E+03 -4.112E-03 -5.798E-01 -1.821E-02
  2.0682500E+03 -9.127E-03 -6.719E-01 -9.759E-03
  2.0687500E+03 -1.168E-02 -6.072E-01  1.466E-02
  2.0692500E+03  8.767E-03 -6.093E-01 -5.639E-02
  2.0697500E+03 -4.377E-03 -5.833E-01 -6.670E-03
  2.0702500E+03  6.584E-03 -6.363E-01 -5.156E-02
  2.0707500E+03 -3.440E-02 -5.880E-01  1.100E-01
  2.0712500E+03 -1.111E-02 -5.528E-01  9.466E-03
  2.0717500E+03  1.486E-02 -5.994E-01 -7.817E-02
  2.0722500E+03  1.073E-03 -5.680E-01 -3.092E-02
  2.0727500E+03  1.033E-02 -4.627E-01 -5.708E-02
  2.0732500E+03 -1.458E-02 -5.900E-01  3.113E-02
  2.0737500E+03  4.399E-03 -5.817E-01 -4.431E-02
  2.0742500E+03 -5.371E-04 -5.876E-01 -3.998E-02
  2.0747500E+03 -1.665E-02 -6.413E-01  2.958E-02
  2.0752500E+03 -6.029E-03 -6.124E-01 -1.179E-03
  2.0757500E+03 -2.709E-02 -6.089E-01  8.515E-02
  2.0762500E+03  1.816E-04 -5.679E-01 -2.907E-02
  2.0767500E+03 -1.342E-03 -6.609E-01 -3.805E-02
  2.0772500E+03 -6.222E-03 -5.146E-01  1.088E-02
  2.0777500E+03 -7.210E-03 -5.496E-01 -6.578E-04
  2.0782500E+03  1.018E-02 -6.440E-01 -5.967E-02
  2.0787500E+03 -1.322E-02 -6.123E-01  2.340E-02
  2.0792500E+03 -1.318E-02 -5.884E-01  2.418E-02
  2.0797500E+03 -1.228E-02 -4.827E-01  1.583E-02
  2.0802500E+03 -1.359E-03 -5.576E-01 -1.507E-02
  2.0807500E+03 -1.840E-02 -5.186E-01  4.319E-02
  2.0812500E+03  1.126E-02 -5.120E-01 -6.427E-02
  2.0817500E+03 -2.138E-02 -6.467E-01  3.934E-02
  2.0822500E+03 -9.481E-03 -5.140E-01  2.246E-02
  2.0827500E+03 -5.752E-03 -5.156E-01 -6.861E-03
  2.0832500E+03  1.121E-02 -5.329E-01 -8.458E-02
  2.0837500E+03 -8.299E-03 -7.130E-01 -7.506E-03
  2.0842500E+03 -2.465E-03 -6.105E-01 -1.466E-02
  2.0847500E+03 -4.500E-03 -4.516E-01  3.747E-04
  2.0852500E+03  3.316E-03 -4.911E-01 -5.584E-02
  2.0857500E+03  1.388E-02 -4.357E-01 -7.052E-02
  2.0862500E+03  9.260E-03 -5.902E-01 -5.287E-02
  2.0867500E+03 -3.553E-03 -5.817E-01 -1.064E-02
  2.0872500E+03 -1.924E-02 -6.358E-01  3.589E-02
  2.0877500E+03 -1.621E-02 -4.963E-01  4.662E-02
  2.0882500E+03 -2.054E-02 -5.482E-01  4.672E-02
  2.0887500E+03  2.713E-03 -6.278E-01 -5.634E-02
  2.0892500E+03 -6.765E-03 -5.106E-01  1.569E-03
  2.0897500E+03  1.575E-02 -5.069E-01 -8.723E-02
  2.0902500E+03 -9.034E-03 -5.762E-01 -5.980E-03
  2.0907500E+03 -9.370E-03 -5.364E-01  2.110E-02
  2.0912500E+03  5.704E-03 -5.535E-01 -3.815E-02
  2.0917500E+03 -3.730E-03 -6.470E-01 -2.469E-02
  2.0922500E+03 -1.541E-02 -5.204E-01  2.724E-02
  2.0927500E+03 -7.773E-03 -4.077E-01  1.831E-02
  2.0932500E+03 -1.202E-02 -5.308E-01  2.711E-02
  2.0937500E+03 -1.678E-03 -4.452E-01 -1.932E-02
  2.0942500E+03 -2.668E-02 -4.944E-01  7.489E-02
  2.0947500E+03 -1.223E-02 -4.033E-01  1.932E-02
  2.0952500E+03 -9.404E-03 -5.305E-01  1.886E-02
  2.0957500E+03  1.320E-02 -5.340E-01 -6.643E-02
  2.0962500E+03  1.115E-02 -3.994E-01 -7.367E-02
  2.0967500E+03  2.108E-02 -4.896E-01 -1.096E-01
  2.0972500E+03  9.425E-03 -4.591E-01 -6.324E-02
  2.0977500E+03  1.179E-02 -5.499E-01 -6.727E-02
  2.0982500E+03 -1.783E-02 -5.331E-01  4.329E-02
  2.0987500E+03 -3.262E-02 -5.709E-01  8.638E-02
  2.0992500E+03 -7.974E-03 -4.961E-01 -2.609E-03
  2.0997500E+03  1.751E-02 -4.108E-01 -7.866E-02
  2.1002500E+03  6.989E-03 -4.389E-01 -3.815E-02
  2.1007500E+03 -9.923E-03 -4.605E-01  2.748E-02
  2.1012500E+03  1.070E-04 -4.117E-01 -2.105E-02
  2.1017500E+03  4.724E-03 -4.415E-01 -3.269E-02
  2.1022500E+03 -1.364E-02 -5.513E-01  1.227E-02
  2.1027500E+03 -5.349E-03 -4.585E-01  8.209E-04
  2.1032500E+03 -1.138E-02 -5.053E-01  3.222E-02
  2.1037500E+03 -5.371E-03 -4.956E-01 -1.366E-03
  2.1042500E+03 -9.996E-03 -5.314E-01  1.613E-02
  2.1047500E+03  2.942E-03 -4.245E-01 -2.640E-02
  2.1052500E+03 -4.718E-03 -4.446E-01  3.171E-03
  2.1057500E+03 -3.358E-04 -4.546E-01 -1.911E-02
  2.1062500E+03 -2.107E-02 -4.668E-01  6.255E-02
  2.1067500E+03 -3.192E-02 -5.423E-01  8.074E-02
  2.1072500E+03 -1.224E-02 -5.288E-01  7.476E-03
  2.1077500E+03 -5.019E-03 -4.262E-01 -2.471E-03
  2.1082500E+03 -1.027E-02 -3.852E-01  1.159E-02
  2.1087500E+03  3.345E-02 -4.637E-01 -1.379E-01
  2.1092500E+03  2.375E-02 -4.784E-01 -1.110E-01
  2.1097500E+03 -7.932E-03 -5.061E-01 -3.825E-03
  2.1102500E+03 -1.037E-02 -4.751E-01  1.345E-02
  2.1107500E+03 -2.437E-02 -4.066E-01  8.196E-02
  2.1112500E+03  1.735E-03 -3.865E-01 -1.964E-02
  2.1117500E+03  2.364E-02 -4.239E-01 -9.614E-02
  2.1122500E+03 -3.256E-02 -3.901E-01  1.037E-01
  2.1127500E+03 -1.139E-02 -5.117E-01  8.110E-03
  2.1132500E+03 -4.594E-03 -4.194E-01 -1.003E-02
  2.1137500E+03  1.368E-02 -4.030E-01 -6.898E-02
  2.1142500E+03  1.750E-02 -3.720E-01 -7.604E-02
  2.1147500E+03  1.777E-02 -3.981E-01 -7.206E-02
  2.1152500E+03  2.385E-03 -4.697E-01 -2.348E-02
  2.1157500E+03 -4.713E-03 -5.088E-01 -6.837E-03
  2.1162500E+03  1.061E-02 -4.216E-01 -5.949E-02
  2.1167500E+03 -3.200E-02 -4.144E-01  9.675E-02
  2.1172500E+03 -6.533E-03 -5.066E-01 -1.939E-03
  2.1177500E+03 -6.313E-05 -5.407E-01 -2.625E-02
  2.1182500E+03 -1.343E-02 -4.051E-01  3.855E-02
  2.1187500E+03  1.918E-02 -3.661E-01 -7.583E-02
  2.1192500E+03 -8.594E-03 -4.097E-01  9.245E-03
  2.1197500E+03 -3.184E-02 -5.248E-01  8.605E-02
  2.1202500E+03 -1.470E-02 -3.900E-01  3.263E-02
  2.1207500E+03 -2.118E-02 -3.905E-01  4.856E-02
  2.1212500E+03  4.200E-04 -3.782E-01 -2.103E-02
  2.1217500E+03  3.886E-03 -3.492E-01 -2.549E-02
  2.1222500E+03 -9.261E-03 -4.531E-01  2.206E-02
  2.1227500E+03  2.309E-03 -3.645E-01 -3.085E-02
  2.1232500E+03  7.812E-03 -3.599E-01 -3.452E-02
  2.1237500E+03 -3.366E-03 -4.527E-01 -2.045E-02
  2.1242500E+03 -2.011E-02 -4.398E-01  4.799E-02
  2.1247500E+03  7.905E-03 -3.923E-01 -3.362E-02
  2.1252500E+03 -2.984E-03 -4.473E-01 -2.561E-03
  2.1257500E+03  1.079E-02 -3.693E-01 -6.443E-02
  2.1262500E+03 -1.047E-02 -4.894E-01  1.228E-02
  2.1267500E+03 -4.814E-03 -4.975E-01 -9.166E-03
  2.1272500E+03 -5.218E-03 -4.191E-01  8.953E-05
  2.1277500E+03  5.018E-03 -3.215E-01 -2.380E-02
  2.1282500E+03 -1.696E-02 -4.294E-01  3.162E-02
  2.1287500E+03 -5.349E-02 -3.778E-01  1.742E-01
  2.1292500E+03 -1.808E-02 -4.059E-01  4.539E-02
  2.1297500E+03  1.852E-02 -3.524E-01 -9.299E-02
  2.1302500E+03 -6.479E-03 -2.745E-01  5.923E-03
  2.1307500E+03  1.238E-02 -3.314E-01 -6.686E-02
  2.1312500E+03 -1.550E-02 -4.775E-01  4.169E-02
  2.1317500E+03 -1.775E-02 -4.476E-01  4.746E-02
  2.1322500E+03 -1.717E-03 -3.328E-01 -6.194E-03
  2.1327500E+03 -2.898E-02 -3.026E-01  9.549E-02
  2.1332500E+03 -5.942E-03 -4.049E-01  7.507E-04
  2.1337500E+03  8.377E-03 -3.266E-01 -4.364E-02
  2.1342500E+03  1.671E-03 -3.466E-01 -2.650E-02
  2.1347500E+03  1.281E-02 -4.032E-01 -7.817E-02
  2.1352500E+03 -2.958E-03 -3.874E-01 -7.316E-03
  2.1357500E+03  1.535E-02 -4.101E-01 -7.390E-02
  2.1362500E+03 -2.296E-02 -3.534E-01  7.441E-02
  2.1367500E+03 -1.940E-02 -2.935E-01  5.365E-02
  2.1372500E+03 -9.081E-03 -4.097E-01  1.520E-02
  2.1377500E+03 -3.572E-03 -4.170E-01 -8.077E-03
  2.1382500E+03  5.992E-03 -3.961E-01 -3.302E-02
  2.1387500E+03  9.593E-03 -4.026E-01 -5.068E-02
  2.1392500E+03  2.892E-03 -3.085E-01 -3.620E-02
  2.1397500E+03  4.540E-04 -3.636E-01 -1.288E-02
  2.1402500E+03  1.032E-02 -3.949E-01 -5.173E-02
  2.1407500E+03 -2.460E-02 -4.533E-01  6.357E-02
  2.1412500E+03 -2.972E-03 -3.432E-01 -1.045E-02
  2.1417500E+03  7.769E-03 -3.541E-01 -5.008E-02
  2.1422500E+03 -1.406E-02 -3.796E-01  1.640E-02
  2.1427500E+03 -1.305E-02 -4.439E-01  2.788E-02
  2.1432500E+03  1.135E-02 -3.469E-01 -4.983E-02
  2.1437500E+03  1.398E-03 -3.096E-01 -2.111E-02
  2.1442500E+03 -1.028E-02 -1.847E-01  3.590E-02
  2.1447500E+03  3.969E-03 -3.221E-01 -3.681E-02
  2.1452500E+03 -1.921E-03 -3.094E-01 -2.411E-04
  2.1457500E+03  7.901E-03 -3.691E-01 -3.623E-02
  2.1462500E+03 -1.254E-02 -3.959E-01  2.654E-02
  2.1467500E+03 -1.653E-02 -3.735E-01  4.468E-02
  2.1472500E+03 -1.084E-02 -3.477E-01  2.630E-02
  2.1477500E+03 -1.434E-02 -3.603E-01  2.989E-02
  2.1482500E+03 -2.279E-02 -4.083E-01  5.832E-02
  2.1487500E+03 -2.596E-02 -3.783E-01  6.668E-02
  2.1492500E+03 -1.042E-03 -4.246E-01 -1.910E-02
  2.1497500E+03  8.057E-03 -3.586E-01 -4.561E-02
  2.1502500E+03 -4.678E-03 -3.719E-01  4.646E-03
  2.1507500E+03 -6.347E-05 -3.300E-01 -1.366E-02
  2.1512500E+03  1.514E-03 -2.713E-01 -1.801E-02
  2.1517500E+03 -6.546E-03 -2.529E-01  1.415E-02
  2.1522500E+03 -1.916E-02 -2.496E-01  6.789E-02
