  3.7112500E+03 -0.000E+00 -0.000E+00  0.000E+00
  3.7117500E+03 -0.000E+00 -0.000E+00  0.000E+00
  3.7122500E+03 -0.000E+00 -0.000E+00  0.000E+00
  3.7127500E+03 -0.000E+00 -0.000E+00  0.000E+00
  3.7132500E+03 -0.000E+00 -0.000E+00  0.000E+00
  3.7137500E+03 -0.000E+00 -0.000E+00  0.000E+00
  3.7142500E+03 -0.000E+00 -0.000E+00  0.000E+00
  3.7147500E+03 -0.000E+00 -0.000E+00  0.000E+00
  3.7152500E+03 -0.000E+00 -0.000E+00  0.000E+00
  3.7157500E+03 -0.000E+00 -0.000E+00  0.000E+00
  3.7162500E+03 -0.000E+00 -0.000E+00  0.000E+00
  3.7167500E+03 -0.000E+00 -0.000E+00  0.000E+00
  3.7172500E+03 -0.000E+00 -0.000E+00  0.000E+00
  3.7177500E+03 -0.000E+00 -0.000E+00  0.000E+00
  3.7182500E+03 -0.000E+00 -0.000E+00  0.000E+00
  3.7187500E+03 -0.000E+00 -0.000E+00  0.000E+00
  3.7192500E+03 -0.000E+00 -0.000E+00  0.000E+00
  3.7197500E+03 -0.000E+00 -0.000E+00  0.000E+00
  3.7202500E+03 -0.000E+00 -0.000E+00  0.000E+00
  3.7207500E+03 -0.000E+00 -0.000E+00  0.000E+00
  3.7212500E+03 -0.000E+00 -0.000E+00  0.000E+00
  3.7217500E+03 -0.000E+00 -0.000E+00  0.000E+00
  3.7222500E+03 -0.000E+00 -0.000E+00  0.000E+00
  3.7227500E+03 -0.000E+00 -0.000E+00  0.000E+00
  3.7232500E+03 -0.000E+00 -0.000E+00  0.000E+00
  3.7237500E+03 -0.000E+00 -0.000E+00  0.000E+00
  3.7242500E+03 -0.000E+00 -0.000E+00  0.000E+00
  3.7247500E+03 -0.000E+00 -0.000E+00  0.000E+00
  3.7252500E+03 -0.000E+00 -0.000E+00  0.000E+00
  3.7257500E+03 -0.000E+00 -0.000E+00  0.000E+00
  3.7262500E+03 -0.000E+00 -0.000E+00  0.000E+00
  3.7267500E+03 -0.000E+00 -0.000E+00  0.000E+00
  3.7272500E+03 -0.000E+00 -0.000E+00  0.000E+00
  3.7277500E+03 -0.000E+00 -0.000E+00  0.000E+00
  3.7282500E+03 -0.000E+00 -0.000E+00  0.000E+00
  3.7287500E+03 -0.000E+00 -0.000E+00  0.000E+00
  3.7292500E+03 -0.000E+00 -0.000E+00  0.000E+00
  3.7297500E+03 -0.000E+00 -0.000E+00  0.000E+00
  3.7302500E+03 -0.000E+00 -0.000E+00  0.000E+00
  3.7307500E+03 -0.000E+00 -0.000E+00  0.000E+00
  3.7312500E+03 -0.000E+00 -0.000E+00  0.000E+00
  3.7317500E+03 -0.000E+00 -0.000E+00  0.000E+00
  3.7322500E+03 -0.000E+00 -0.000E+00  0.000E+00
  3.7327500E+03 -0.000E+00 -0.000E+00  0.000E+00
  3.7332500E+03 -0.000E+00 -0.000E+00  0.000E+00
  3.7337500E+03 -0.000E+00 -0.000E+00  0.000E+00
  3.7342500E+03 -0.000E+00 -0.000E+00  0.000E+00
  3.7347500E+03 -0.000E+00 -0.000E+00  0.000E+00
  3.7352500E+03 -0.000E+00 -0.000E+00  0.000E+00
  3.7357500E+03 -0.000E+00 -0.000E+00  0.000E+00
  3.7362500E+03 -0.000E+00 -0.000E+00  0.000E+00
  3.7367500E+03 -0.000E+00 -0.000E+00  0.000E+00
  3.7372500E+03 -0.000E+00 -0.000E+00  0.000E+00
  3.7377500E+03 -0.000E+00 -0.000E+00  0.000E+00
  3.7382500E+03 -0.000E+00 -0.000E+00  0.000E+00
  3.7387500E+03 -0.000E+00 -0.000E+00  0.000E+00
  3.7392500E+03 -0.000E+00 -0.000E+00  0.000E+00
  3.7397500E+03 -0.000E+00 -0.000E+00  0.000E+00
  3.7402500E+03 -0.000E+00 -0.000E+00  0.000E+00
  3.7407500E+03 -0.000E+00 -0.000E+00  0.000E+00
  3.7412500E+03 -0.000E+00 -0.000E+00  0.000E+00
  3.7417500E+03 -0.000E+00 -0.000E+00  0.000E+00
  3.7422500E+03 -0.000E+00 -0.000E+00  0.000E+00
  3.7427500E+03 -0.000E+00 -0.000E+00  0.000E+00
  3.7432500E+03 -0.000E+00 -0.000E+00  0.000E+00
  3.7437500E+03 -0.000E+00 -0.000E+00  0.000E+00
  3.7442500E+03 -0.000E+00 -0.000E+00  0.000E+00
  3.7447500E+03 -0.000E+00 -0.000E+00  0.000E+00
  3.7452500E+03 -0.000E+00 -0.000E+00  0.000E+00
  3.7457500E+03 -0.000E+00 -0.000E+00  0.000E+00
  3.7462500E+03 -0.000E+00 -0.000E+00  0.000E+00
  3.7467500E+03 -0.000E+00 -0.000E+00  0.000E+00
  3.7472500E+03 -0.000E+00 -0.000E+00  0.000E+00
  3.7477500E+03 -0.000E+00 -0.000E+00  0.000E+00
  3.7482500E+03 -0.000E+00 -0.000E+00  0.000E+00
  3.7487500E+03 -0.000E+00 -0.000E+00  0.000E+00
  3.7492500E+03 -0.000E+00 -0.000E+00  0.000E+00
  3.7497500E+03 -0.000E+00 -0.000E+00  0.000E+00
  3.7502500E+03 -0.000E+00 -0.000E+00  0.000E+00
  3.7507500E+03 -0.000E+00 -0.000E+00  0.000E+00
  3.7512500E+03 -0.000E+00 -0.000E+00  0.000E+00
  3.7517500E+03 -0.000E+00 -0.000E+00  0.000E+00
  3.7522500E+03 -0.000E+00 -0.000E+00  0.000E+00
  3.7527500E+03 -0.000E+00 -0.000E+00  0.000E+00
  3.7532500E+03 -0.000E+00 -0.000E+00  0.000E+00
  3.7537500E+03 -0.000E+00 -0.000E+00  0.000E+00
  3.7542500E+03 -0.000E+00 -0.000E+00  0.000E+00
  3.7547500E+03 -0.000E+00 -0.000E+00  0.000E+00
  3.7552500E+03 -0.000E+00 -0.000E+00  0.000E+00
  3.7557500E+03 -0.000E+00 -0.000E+00  0.000E+00
  3.7562500E+03 -0.000E+00 -0.000E+00  0.000E+00
  3.7567500E+03 -0.000E+00 -0.000E+00  0.000E+00
  3.7572500E+03 -0.000E+00 -0.000E+00  0.000E+00
  3.7577500E+03 -0.000E+00 -0.000E+00  0.000E+00
  3.7582500E+03 -0.000E+00 -0.000E+00  0.000E+00
  3.7587500E+03 -0.000E+00 -0.000E+00  0.000E+00
  3.7592500E+03 -0.000E+00 -0.000E+00  0.000E+00
  3.7597500E+03 -0.000E+00 -0.000E+00  0.000E+00
  3.7602500E+03 -0.000E+00 -0.000E+00  0.000E+00
  3.7607500E+03 -0.000E+00 -0.000E+00  0.000E+00
  3.7612500E+03 -0.000E+00 -0.000E+00  0.000E+00
  3.7617500E+03 -0.000E+00 -0.000E+00  0.000E+00
  3.7622500E+03 -0.000E+00 -0.000E+00  0.000E+00
  3.7627500E+03 -0.000E+00 -0.000E+00  0.000E+00
  3.7632500E+03 -0.000E+00 -0.000E+00  0.000E+00
  3.7637500E+03 -0.000E+00 -0.000E+00  0.000E+00
  3.7642500E+03 -0.000E+00 -0.000E+00  0.000E+00
  3.7647500E+03 -0.000E+00 -0.000E+00  0.000E+00
  3.7652500E+03 -0.000E+00 -0.000E+00  0.000E+00
  3.7657500E+03 -0.000E+00 -0.000E+00  0.000E+00
  3.7662500E+03 -0.000E+00 -0.000E+00  0.000E+00
  3.7667500E+03 -0.000E+00 -0.000E+00  0.000E+00
  3.7672500E+03 -0.000E+00 -0.000E+00  0.000E+00
  3.7677500E+03 -0.000E+00 -0.000E+00  0.000E+00
  3.7682500E+03 -0.000E+00 -0.000E+00  0.000E+00
  3.7687500E+03 -0.000E+00 -0.000E+00  0.000E+00
  3.7692500E+03 -0.000E+00 -0.000E+00  0.000E+00
  3.7697500E+03 -0.000E+00 -0.000E+00  0.000E+00
  3.7702500E+03 -0.000E+00 -0.000E+00  0.000E+00
  3.7707500E+03 -0.000E+00 -0.000E+00  0.000E+00
  3.7712500E+03 -0.000E+00 -0.000E+00  0.000E+00
  3.7717500E+03 -0.000E+00 -0.000E+00  0.000E+00
  3.7722500E+03 -0.000E+00 -0.000E+00  0.000E+00
  3.7727500E+03 -0.000E+00 -0.000E+00  0.000E+00
  3.7732500E+03 -0.000E+00 -0.000E+00  0.000E+00
  3.7737500E+03 -0.000E+00 -0.000E+00  0.000E+00
  3.7742500E+03 -0.000E+00 -0.000E+00  0.000E+00
  3.7747500E+03 -0.000E+00 -0.000E+00  0.000E+00
  3.7752500E+03 -0.000E+00 -0.000E+00  0.000E+00
  3.7757500E+03 -0.000E+00 -0.000E+00  0.000E+00
  3.7762500E+03 -0.000E+00 -0.000E+00  0.000E+00
  3.7767500E+03 -0.000E+00 -0.000E+00  0.000E+00
  3.7772500E+03 -0.000E+00 -0.000E+00  0.000E+00
  3.7777500E+03 -0.000E+00 -0.000E+00  0.000E+00
  3.7782500E+03 -0.000E+00 -0.000E+00  0.000E+00
  3.7787500E+03 -0.000E+00 -0.000E+00  0.000E+00
  3.7792500E+03 -0.000E+00 -0.000E+00  0.000E+00
  3.7797500E+03 -0.000E+00 -0.000E+00  0.000E+00
  3.7802500E+03 -0.000E+00 -0.000E+00  0.000E+00
  3.7807500E+03 -0.000E+00 -0.000E+00  0.000E+00
  3.7812500E+03 -0.000E+00 -0.000E+00  0.000E+00
  3.7817500E+03 -0.000E+00 -0.000E+00  0.000E+00
  3.7822500E+03 -0.000E+00 -0.000E+00  0.000E+00
  3.7827500E+03 -0.000E+00 -0.000E+00  0.000E+00
  3.7832500E+03 -0.000E+00 -0.000E+00  0.000E+00
  3.7837500E+03 -0.000E+00 -0.000E+00  0.000E+00
  3.7842500E+03 -0.000E+00 -0.000E+00  0.000E+00
  3.7847500E+03 -0.000E+00 -0.000E+00  0.000E+00
  3.7852500E+03 -0.000E+00 -0.000E+00  0.000E+00
  3.7857500E+03 -0.000E+00 -0.000E+00  0.000E+00
  3.7862500E+03 -0.000E+00 -0.000E+00  0.000E+00
  3.7867500E+03 -0.000E+00 -0.000E+00  0.000E+00
  3.7872500E+03 -0.000E+00 -0.000E+00  0.000E+00
  3.7877500E+03 -0.000E+00 -0.000E+00  0.000E+00
  3.7882500E+03 -0.000E+00 -0.000E+00  0.000E+00
  3.7887500E+03 -0.000E+00 -0.000E+00  0.000E+00
  3.7892500E+03 -0.000E+00 -0.000E+00  0.000E+00
  3.7897500E+03 -0.000E+00 -0.000E+00  0.000E+00
  3.7902500E+03 -0.000E+00 -0.000E+00  0.000E+00
  3.7907500E+03 -0.000E+00 -0.000E+00  0.000E+00
  3.7912500E+03 -0.000E+00 -0.000E+00  0.000E+00
  3.7917500E+03 -0.000E+00 -0.000E+00  0.000E+00
  3.7922500E+03 -0.000E+00 -0.000E+00  0.000E+00
  3.7927500E+03 -0.000E+00 -0.000E+00  0.000E+00
  3.7932500E+03 -0.000E+00 -0.000E+00  0.000E+00
  3.7937500E+03 -0.000E+00 -0.000E+00  0.000E+00
  3.7942500E+03 -0.000E+00 -0.000E+00  0.000E+00
  3.7947500E+03 -0.000E+00 -0.000E+00  0.000E+00
  3.7952500E+03 -0.000E+00 -0.000E+00  0.000E+00
  3.7957500E+03 -0.000E+00 -0.000E+00  0.000E+00
  3.7962500E+03 -0.000E+00 -0.000E+00  0.000E+00
  3.7967500E+03 -0.000E+00 -0.000E+00  0.000E+00
  3.7972500E+03 -0.000E+00 -0.000E+00  0.000E+00
  3.7977500E+03 -0.000E+00 -0.000E+00  0.000E+00
  3.7982500E+03 -0.000E+00 -0.000E+00  0.000E+00
  3.7987500E+03 -0.000E+00 -0.000E+00  0.000E+00
  3.7992500E+03 -0.000E+00 -0.000E+00  0.000E+00
  3.7997500E+03 -0.000E+00 -0.000E+00  0.000E+00
  3.8002500E+03 -0.000E+00 -0.000E+00  0.000E+00
  3.8007500E+03 -0.000E+00 -0.000E+00  0.000E+00
  3.8012500E+03 -0.000E+00 -0.000E+00  0.000E+00
  3.8017500E+03 -0.000E+00 -0.000E+00  0.000E+00
  3.8022500E+03 -0.000E+00 -0.000E+00  0.000E+00
  3.8027500E+03 -0.000E+00 -0.000E+00  0.000E+00
  3.8032500E+03 -0.000E+00 -0.000E+00  0.000E+00
  3.8037500E+03 -0.000E+00 -0.000E+00  0.000E+00
  3.8042500E+03 -0.000E+00 -0.000E+00  0.000E+00
  3.8047500E+03 -0.000E+00 -0.000E+00  0.000E+00
  3.8052500E+03 -0.000E+00 -0.000E+00  0.000E+00
  3.8057500E+03 -0.000E+00 -0.000E+00  0.000E+00
  3.8062500E+03 -0.000E+00 -0.000E+00  0.000E+00
  3.8067500E+03 -0.000E+00 -0.000E+00  0.000E+00
  3.8072500E+03 -0.000E+00 -0.000E+00  0.000E+00
  3.8077500E+03 -0.000E+00 -0.000E+00  0.000E+00
  3.8082500E+03 -0.000E+00 -0.000E+00  0.000E+00
  3.8087500E+03 -0.000E+00 -0.000E+00  0.000E+00
  3.8092500E+03 -0.000E+00 -0.000E+00  0.000E+00
  3.8097500E+03 -0.000E+00 -0.000E+00  0.000E+00
  3.8102500E+03 -0.000E+00 -0.000E+00  0.000E+00
  3.8107500E+03 -0.000E+00 -0.000E+00  0.000E+00
  3.8112500E+03 -0.000E+00 -0.000E+00  0.000E+00
  3.8117500E+03 -0.000E+00 -0.000E+00  0.000E+00
  3.8122500E+03 -0.000E+00 -0.000E+00  0.000E+00
  3.8127500E+03 -0.000E+00 -0.000E+00  0.000E+00
  3.8132500E+03 -0.000E+00 -0.000E+00  0.000E+00
  3.8137500E+03 -0.000E+00 -0.000E+00  0.000E+00
  3.8142500E+03 -0.000E+00 -0.000E+00  0.000E+00
  3.8147500E+03 -0.000E+00 -0.000E+00  0.000E+00
  3.8152500E+03 -0.000E+00 -0.000E+00  0.000E+00
  3.8157500E+03 -0.000E+00 -0.000E+00  0.000E+00
  3.8162500E+03 -0.000E+00 -0.000E+00  0.000E+00
  3.8167500E+03 -0.000E+00 -0.000E+00  0.000E+00
  3.8172500E+03 -0.000E+00 -0.000E+00  0.000E+00
  3.8177500E+03 -0.000E+00 -0.000E+00  0.000E+00
  3.8182500E+03 -0.000E+00 -0.000E+00  0.000E+00
  3.8187500E+03 -0.000E+00 -0.000E+00  0.000E+00
  3.8192500E+03 -0.000E+00 -0.000E+00  0.000E+00
  3.8197500E+03 -0.000E+00 -0.000E+00  0.000E+00
  3.8202500E+03 -0.000E+00 -0.000E+00  0.000E+00
  3.8207500E+03 -0.000E+00 -0.000E+00  0.000E+00
  3.8212500E+03 -0.000E+00 -0.000E+00  0.000E+00
  3.8217500E+03 -0.000E+00 -0.000E+00  0.000E+00
  3.8222500E+03 -0.000E+00 -0.000E+00  0.000E+00
  3.8227500E+03 -0.000E+00 -0.000E+00  0.000E+00
  3.8232500E+03 -0.000E+00 -0.000E+00  0.000E+00
  3.8237500E+03 -0.000E+00 -0.000E+00  0.000E+00
  3.8242500E+03 -0.000E+00 -0.000E+00  0.000E+00
  3.8247500E+03 -0.000E+00 -0.000E+00  0.000E+00
  3.8252500E+03 -0.000E+00 -0.000E+00  0.000E+00
  3.8257500E+03 -0.000E+00 -0.000E+00  0.000E+00
  3.8262500E+03 -0.000E+00 -0.000E+00  0.000E+00
  3.8267500E+03 -0.000E+00 -0.000E+00  0.000E+00
  3.8272500E+03 -0.000E+00 -0.000E+00  0.000E+00
  3.8277500E+03 -0.000E+00 -0.000E+00  0.000E+00
  3.8282500E+03 -0.000E+00 -0.000E+00  0.000E+00
  3.8287500E+03 -0.000E+00 -0.000E+00  0.000E+00
  3.8292500E+03 -0.000E+00 -0.000E+00  0.000E+00
  3.8297500E+03 -0.000E+00 -0.000E+00  0.000E+00
  3.8302500E+03 -0.000E+00 -0.000E+00  0.000E+00
  3.8307500E+03 -0.000E+00 -0.000E+00  0.000E+00
  3.8312500E+03 -0.000E+00 -0.000E+00  0.000E+00
  3.8317500E+03 -0.000E+00 -0.000E+00  0.000E+00
  3.8322500E+03 -0.000E+00 -0.000E+00  0.000E+00
  3.8327500E+03 -0.000E+00 -0.000E+00  0.000E+00
  3.8332500E+03 -0.000E+00 -0.000E+00  0.000E+00
  3.8337500E+03 -0.000E+00 -0.000E+00  0.000E+00
  3.8342500E+03 -0.000E+00 -0.000E+00  0.000E+00
  3.8347500E+03 -0.000E+00 -0.000E+00  0.000E+00
  3.8352500E+03 -0.000E+00 -0.000E+00  0.000E+00
  3.8357500E+03 -0.000E+00 -0.000E+00  0.000E+00
  3.8362500E+03 -0.000E+00 -0.000E+00  0.000E+00
  3.8367500E+03 -0.000E+00 -0.000E+00  0.000E+00
  3.8372500E+03 -0.000E+00 -0.000E+00  0.000E+00
  3.8377500E+03 -0.000E+00 -0.000E+00  0.000E+00
  3.8382500E+03 -0.000E+00 -0.000E+00  0.000E+00
  3.8387500E+03 -0.000E+00 -0.000E+00  0.000E+00
  3.8392500E+03 -0.000E+00 -0.000E+00  0.000E+00
  3.8397500E+03 -0.000E+00 -0.000E+00  0.000E+00
  3.8402500E+03 -0.000E+00 -0.000E+00  0.000E+00
  3.8407500E+03 -0.000E+00 -0.000E+00  0.000E+00
  3.8412500E+03 -0.000E+00 -0.000E+00  0.000E+00
  3.8417500E+03 -0.000E+00 -0.000E+00  0.000E+00
  3.8422500E+03 -0.000E+00 -0.000E+00  0.000E+00
  3.8427500E+03 -0.000E+00 -0.000E+00  0.000E+00
  3.8432500E+03 -0.000E+00 -0.000E+00  0.000E+00
  3.8437500E+03 -0.000E+00 -0.000E+00  0.000E+00
  3.8442500E+03 -0.000E+00 -0.000E+00  0.000E+00
  3.8447500E+03 -0.000E+00 -0.000E+00  0.000E+00
  3.8452500E+03 -0.000E+00 -0.000E+00  0.000E+00
  3.8457500E+03 -0.000E+00 -0.000E+00  0.000E+00
  3.8462500E+03 -0.000E+00 -0.000E+00  0.000E+00
  3.8467500E+03 -0.000E+00 -0.000E+00  0.000E+00
  3.8472500E+03 -0.000E+00 -0.000E+00  0.000E+00
  3.8477500E+03 -0.000E+00 -0.000E+00  0.000E+00
  3.8482500E+03 -0.000E+00 -0.000E+00  0.000E+00
  3.8487500E+03 -0.000E+00 -0.000E+00  0.000E+00
  3.8492500E+03 -0.000E+00 -0.000E+00  0.000E+00
  3.8497500E+03 -0.000E+00 -0.000E+00  0.000E+00
  3.8502500E+03 -0.000E+00 -0.000E+00  0.000E+00
  3.8507500E+03 -0.000E+00 -0.000E+00  0.000E+00
  3.8512500E+03 -0.000E+00 -0.000E+00  0.000E+00
  3.8517500E+03 -0.000E+00 -0.000E+00  0.000E+00
  3.8522500E+03 -8.217E-05 -1.569E-05 -1.428E-04
  3.8527500E+03 -1.676E-04 -7.251E-05 -1.660E-04
  3.8532500E+03 -6.376E-05 -6.226E-06 -1.295E-04
  3.8537500E+03 -1.761E-05 -1.322E-05 -5.193E-06
  3.8542500E+03 -7.803E-04 -1.988E-04 -1.173E-03
  3.8547500E+03 -1.633E-03  7.073E-04 -5.752E-03
  3.8552500E+03 -1.635E-03 -2.296E-03  3.062E-03
  3.8557500E+03 -9.324E-04 -3.353E-04 -1.098E-03
  3.8562500E+03  8.578E-04  4.329E-04  6.824E-04
  3.8567500E+03 -3.416E-03 -1.581E-03 -3.030E-03
  3.8572500E+03 -5.847E-03 -4.933E-03  1.339E-03
  3.8577500E+03 -7.569E-04  3.404E-04 -2.732E-03
  3.8582500E+03 -2.497E-03 -1.255E-03 -1.838E-03
  3.8587500E+03 -3.660E-03 -1.677E-03 -3.419E-03
  3.8592500E+03 -1.324E-02 -5.216E-03 -1.431E-02
  3.8597500E+03 -8.564E-03 -6.380E-03 -4.694E-04
  3.8602500E+03 -1.621E-02 -9.104E-03 -9.619E-03
  3.8607500E+03 -8.761E-03 -4.834E-03 -5.384E-03
  3.8612500E+03 -2.620E-02 -1.142E-02 -2.518E-02
  3.8617500E+03 -4.768E-02 -2.757E-02 -2.551E-02
  3.8622500E+03 -5.792E-02 -2.735E-02 -4.925E-02
  3.8627500E+03 -4.297E-02 -2.449E-02 -2.410E-02
  3.8632500E+03 -7.040E-02 -2.727E-02 -7.751E-02
  3.8637500E+03 -1.228E-01 -7.163E-02 -6.382E-02
  3.8642500E+03 -1.224E-01 -7.373E-02 -5.650E-02
  3.8647500E+03 -1.036E-01 -5.046E-02 -8.277E-02
  3.8652500E+03 -1.455E-01 -7.481E-02 -1.050E-01
  3.8657500E+03 -1.521E-01 -7.636E-02 -1.149E-01
  3.8662500E+03 -2.137E-01 -9.769E-02 -1.897E-01
  3.8667500E+03 -2.838E-01 -1.610E-01 -1.591E-01
  3.8672500E+03 -2.625E-01 -1.221E-01 -2.266E-01
  3.8677500E+03 -3.335E-01 -1.563E-01 -2.837E-01
  3.8682500E+03 -4.106E-01 -2.002E-01 -3.260E-01
  3.8687500E+03 -5.082E-01 -2.765E-01 -3.188E-01
  3.8692500E+03 -4.900E-01 -2.637E-01 -3.149E-01
  3.8697500E+03 -6.125E-01 -3.064E-01 -4.621E-01
  3.8702500E+03 -8.213E-01 -4.339E-01 -5.505E-01
  3.8707500E+03 -9.026E-01 -4.947E-01 -5.519E-01
  3.8712500E+03 -9.092E-01 -4.809E-01 -6.064E-01
  3.8717500E+03 -1.052E+00 -5.504E-01 -7.198E-01
  3.8722500E+03 -1.188E+00 -6.178E-01 -8.206E-01
  3.8727500E+03 -1.364E+00 -7.441E-01 -8.382E-01
  3.8732500E+03 -1.358E+00 -6.817E-01 -1.008E+00
  3.8737500E+03 -1.698E+00 -9.045E-01 -1.104E+00
  3.8742500E+03 -1.924E+00 -1.054E+00 -1.164E+00
  3.8747500E+03 -2.214E+00 -1.195E+00 -1.390E+00
  3.8752500E+03 -2.240E+00 -1.212E+00 -1.396E+00
  3.8757500E+03 -2.405E+00 -1.306E+00 -1.482E+00
  3.8762500E+03 -2.607E+00 -1.380E+00 -1.711E+00
  3.8767500E+03 -2.712E+00 -1.476E+00 -1.657E+00
  3.8772500E+03 -3.129E+00 -1.703E+00 -1.907E+00
  3.8777500E+03 -3.182E+00 -1.738E+00 -1.918E+00
  3.8782500E+03 -3.265E+00 -1.712E+00 -2.177E+00
  3.8787500E+03 -3.868E+00 -2.017E+00 -2.609E+00
  3.8792500E+03 -4.060E+00 -2.184E+00 -2.535E+00
  3.8797500E+03 -3.961E+00 -2.121E+00 -2.502E+00
  3.8802500E+03 -4.355E+00 -2.358E+00 -2.667E+00
  3.8807500E+03 -4.726E+00 -2.547E+00 -2.926E+00
  3.8812500E+03 -4.915E+00 -2.618E+00 -3.128E+00
  3.8817500E+03 -5.262E+00 -2.882E+00 -3.107E+00
  3.8822500E+03 -5.446E+00 -3.033E+00 -3.064E+00
  3.8827500E+03 -5.602E+00 -2.904E+00 -3.790E+00
  3.8832500E+03 -6.237E+00 -3.438E+00 -3.599E+00
  3.8837500E+03 -5.918E+00 -3.146E+00 -3.756E+00
  3.8842500E+03 -5.535E+00 -2.905E+00 -3.617E+00
  3.8847500E+03 -6.264E+00 -3.336E+00 -3.944E+00
  3.8852500E+03 -6.324E+00 -3.411E+00 -3.853E+00
  3.8857500E+03 -6.960E+00 -3.688E+00 -4.427E+00
  3.8862500E+03 -6.935E+00 -3.771E+00 -4.118E+00
  3.8867500E+03 -6.802E+00 -3.714E+00 -3.985E+00
  3.8872500E+03 -6.957E+00 -3.747E+00 -4.223E+00
  3.8877500E+03 -7.329E+00 -3.931E+00 -4.489E+00
  3.8882500E+03 -7.067E+00 -3.785E+00 -4.343E+00
  3.8887500E+03 -7.360E+00 -3.996E+00 -4.354E+00
  3.8892500E+03 -7.427E+00 -3.798E+00 -5.086E+00
  3.8897500E+03 -7.459E+00 -4.089E+00 -4.278E+00
  3.8902500E+03 -7.740E+00 -4.185E+00 -4.608E+00
  3.8907500E+03 -7.591E+00 -4.154E+00 -4.362E+00
  3.8912500E+03 -7.768E+00 -4.357E+00 -4.135E+00
  3.8917500E+03 -7.509E+00 -4.168E+00 -4.120E+00
  3.8922500E+03 -7.488E+00 -4.096E+00 -4.281E+00
  3.8927500E+03 -7.511E+00 -3.969E+00 -4.711E+00
  3.8932500E+03 -7.200E+00 -3.762E+00 -4.630E+00
  3.8937500E+03 -7.788E+00 -4.063E+00 -5.027E+00
  3.8942500E+03 -7.407E+00 -3.912E+00 -4.625E+00
  3.8947500E+03 -7.267E+00 -3.708E+00 -4.923E+00
  3.8952500E+03 -7.055E+00 -3.659E+00 -4.589E+00
  3.8957500E+03 -7.409E+00 -3.998E+00 -4.352E+00
  3.8962500E+03 -6.908E+00 -3.559E+00 -4.556E+00
  3.8967500E+03 -6.845E+00 -3.492E+00 -4.614E+00
  3.8972500E+03 -6.995E+00 -3.969E+00 -3.500E+00
  3.8977500E+03 -6.606E+00 -3.561E+00 -3.865E+00
  3.8982500E+03 -6.881E+00 -3.568E+00 -4.444E+00
  3.8987500E+03 -6.639E+00 -3.676E+00 -3.571E+00
  3.8992500E+03 -6.293E+00 -3.280E+00 -3.996E+00
  3.8997500E+03 -6.049E+00 -3.299E+00 -3.389E+00
  3.9002500E+03 -5.805E+00 -3.093E+00 -3.471E+00
  3.9007500E+03 -5.652E+00 -3.028E+00 -3.317E+00
  3.9012500E+03 -5.655E+00 -3.018E+00 -3.350E+00
  3.9017500E+03 -5.220E+00 -2.794E+00 -3.060E+00
  3.9022500E+03 -5.667E+00 -2.973E+00 -3.504E+00
  3.9027500E+03 -4.687E+00 -2.489E+00 -2.799E+00
  3.9032500E+03 -5.316E+00 -2.934E+00 -2.837E+00
  3.9037500E+03 -4.572E+00 -2.326E+00 -3.029E+00
  3.9042500E+03 -4.593E+00 -2.265E+00 -3.257E+00
  3.9047500E+03 -4.619E+00 -2.398E+00 -2.898E+00
  3.9052500E+03 -4.476E+00 -2.498E+00 -2.280E+00
  3.9057500E+03 -4.067E+00 -2.290E+00 -2.014E+00
  3.9062500E+03 -3.029E+00 -1.483E+00 -2.146E+00
  3.9067500E+03 -3.635E+00 -1.946E+00 -2.074E+00
  3.9072500E+03 -3.468E+00 -1.817E+00 -2.096E+00
  3.9077500E+03 -3.456E+00 -1.837E+00 -2.018E+00
  3.9082500E+03 -2.885E+00 -1.539E+00 -1.651E+00
  3.9087500E+03 -3.110E+00 -1.656E+00 -1.797E+00
  3.9092500E+03 -3.000E+00 -1.703E+00 -1.399E+00
  3.9097500E+03 -2.260E+00 -1.036E+00 -1.784E+00
  3.9102500E+03 -2.510E+00 -1.292E+00 -1.561E+00
  3.9107500E+03 -2.313E+00 -1.145E+00 -1.563E+00
  3.9112500E+03 -1.899E+00 -9.594E-01 -1.213E+00
  3.9117500E+03 -2.043E+00 -1.054E+00 -1.248E+00
  3.9122500E+03 -1.943E+00 -8.451E-01 -1.667E+00
  3.9127500E+03 -1.577E+00 -7.521E-01 -1.129E+00
  3.9132500E+03 -1.304E+00 -7.810E-01 -4.451E-01
  3.9137500E+03 -1.617E+00 -9.466E-01 -6.271E-01
  3.9142500E+03 -7.210E-01 -3.481E-01 -4.692E-01
  3.9147500E+03 -9.558E-01 -4.906E-01 -5.573E-01
  3.9152500E+03 -1.214E+00 -6.934E-01 -5.044E-01
  3.9157500E+03 -1.003E+00 -4.811E-01 -6.829E-01
  3.9162500E+03 -6.989E-01 -4.433E-01 -1.314E-01
  3.9167500E+03 -6.283E-01 -3.458E-01 -2.657E-01
  3.9172500E+03 -3.446E-01  3.294E-03 -7.063E-01
  3.9177500E+03 -5.517E-01 -3.555E-01 -6.797E-02
  3.9182500E+03 -5.003E-01 -2.825E-01 -1.864E-01
  3.9187500E+03 -3.766E-01 -2.190E-01 -1.042E-01
  3.9192500E+03 -9.618E-02  9.634E-02 -4.369E-01
  3.9197500E+03  9.491E-02  3.652E-02  1.625E-01
  3.9202500E+03  2.194E-01  7.337E-02  3.244E-01
  3.9207500E+03  2.027E-01  9.834E-02  2.164E-01
  3.9212500E+03  2.042E-01  1.231E-01  1.324E-01
  3.9217500E+03  4.412E-01  3.451E-01 -2.559E-02
  3.9222500E+03  7.242E-01  3.255E-01  6.703E-01
  3.9227500E+03  5.417E-01  2.287E-01  5.610E-01
  3.9232500E+03  6.058E-01  2.364E-01  6.883E-01
  3.9237500E+03  5.977E-01  3.149E-01  4.235E-01
  3.9242500E+03  7.300E-01  4.115E-01  4.104E-01
  3.9247500E+03  9.893E-01  6.080E-01  3.901E-01
  3.9252500E+03  8.054E-01  4.755E-01  3.875E-01
  3.9257500E+03  9.887E-01  6.456E-01  2.850E-01
  3.9262500E+03  9.174E-01  5.005E-01  5.562E-01
  3.9267500E+03  6.725E-01  3.474E-01  4.774E-01
  3.9272500E+03  8.765E-01  4.251E-01  7.004E-01
  3.9277500E+03  1.038E+00  5.679E-01  6.093E-01
  3.9282500E+03  9.541E-01  5.051E-01  6.229E-01
  3.9287500E+03  1.169E+00  6.352E-01  6.977E-01
  3.9292500E+03  1.090E+00  5.263E-01  8.534E-01
  3.9297500E+03  1.084E+00  5.173E-01  8.710E-01
  3.9302500E+03  1.178E+00  5.931E-01  8.466E-01
  3.9307500E+03  1.256E+00  7.426E-01  5.569E-01
  3.9312500E+03  1.227E+00  6.585E-01  7.487E-01
  3.9317500E+03  1.336E+00  7.232E-01  8.045E-01
  3.9322500E+03  1.301E+00  8.398E-01  3.711E-01
  3.9327500E+03  1.317E+00  6.606E-01  9.329E-01
  3.9332500E+03  1.233E+00  5.764E-01  1.003E+00
  3.9337500E+03  1.229E+00  5.813E-01  9.981E-01
  3.9342500E+03  1.263E+00  7.212E-01  6.423E-01
  3.9347500E+03  1.305E+00  7.035E-01  7.731E-01
  3.9352500E+03  1.359E+00  7.612E-01  7.248E-01
  3.9357500E+03  1.452E+00  7.362E-01  9.990E-01
  3.9362500E+03  1.688E+00  8.782E-01  1.085E+00
  3.9367500E+03  1.348E+00  8.096E-01  5.615E-01
  3.9372500E+03  1.313E+00  7.583E-01  6.253E-01
  3.9377500E+03  1.586E+00  9.035E-01  7.791E-01
  3.9382500E+03  1.365E+00  6.691E-01  1.013E+00
  3.9387500E+03  1.615E+00  8.941E-01  8.809E-01
  3.9392500E+03  1.663E+00  8.648E-01  1.063E+00
  3.9397500E+03  1.487E+00  7.354E-01  1.079E+00
  3.9402500E+03  1.374E+00  8.114E-01  6.027E-01
  3.9407500E+03  1.455E+00  8.067E-01  7.900E-01
  3.9412500E+03  1.646E+00  9.724E-01  7.097E-01
  3.9417500E+03  1.123E+00  5.212E-01  9.282E-01
  3.9422500E+03  1.682E+00  9.565E-01  8.189E-01
  3.9427500E+03  1.486E+00  7.891E-01  9.040E-01
  3.9432500E+03  1.401E+00  7.495E-01  8.296E-01
  3.9437500E+03  1.485E+00  7.926E-01  8.980E-01
  3.9442500E+03  1.669E+00  8.191E-01  1.214E+00
  3.9447500E+03  1.606E+00  7.599E-01  1.267E+00
  3.9452500E+03  1.351E+00  7.219E-01  8.221E-01
  3.9457500E+03  1.295E+00  6.749E-01  8.444E-01
  3.9462500E+03  1.626E+00  8.939E-01  9.041E-01
  3.9467500E+03  1.680E+00  8.962E-01  1.002E+00
  3.9472500E+03  1.273E+00  6.316E-01  9.077E-01
  3.9477500E+03  1.401E+00  7.514E-01  8.457E-01
  3.9482500E+03  1.735E+00  1.001E+00  8.071E-01
  3.9487500E+03  1.452E+00  6.568E-01  1.233E+00
  3.9492500E+03  1.426E+00  6.955E-01  1.044E+00
  3.9497500E+03  1.599E+00  9.318E-01  7.206E-01
  3.9502500E+03  1.527E+00  7.393E-01  1.153E+00
  3.9507500E+03  1.492E+00  8.300E-01  7.821E-01
  3.9512500E+03  1.432E+00  7.672E-01  8.418E-01
  3.9517500E+03  1.248E+00  6.875E-01  6.925E-01
  3.9522500E+03  1.319E+00  7.341E-01  7.130E-01
  3.9527500E+03  1.299E+00  6.624E-01  8.853E-01
  3.9532500E+03  1.486E+00  7.453E-01  1.034E+00
  3.9537500E+03  1.453E+00  7.281E-01  1.006E+00
  3.9542500E+03  1.316E+00  6.632E-01  9.239E-01
  3.9547500E+03  1.550E+00  8.305E-01  9.060E-01
  3.9552500E+03  1.450E+00  8.123E-01  7.488E-01
  3.9557500E+03  1.351E+00  6.962E-01  8.809E-01
  3.9562500E+03  1.362E+00  6.588E-01  1.012E+00
  3.9567500E+03  1.444E+00  7.205E-01  1.016E+00
  3.9572500E+03  1.238E+00  6.603E-01  7.590E-01
  3.9577500E+03  1.326E+00  7.377E-01  7.056E-01
  3.9582500E+03  1.482E+00  8.417E-01  7.306E-01
  3.9587500E+03  1.531E+00  8.378E-01  8.449E-01
  3.9592500E+03  1.453E+00  7.715E-01  8.809E-01
  3.9597500E+03  1.275E+00  6.580E-01  8.237E-01
  3.9602500E+03  1.257E+00  7.277E-01  5.793E-01
  3.9607500E+03  1.459E+00  7.092E-01  1.078E+00
  3.9612500E+03  1.385E+00  7.629E-01  7.472E-01
  3.9617500E+03  1.129E+00  5.548E-01  8.195E-01
  3.9622500E+03  1.396E+00  7.647E-01  7.658E-01
  3.9627500E+03  1.578E+00  8.977E-01  7.585E-01
  3.9632500E+03  1.430E+00  7.809E-01  8.074E-01
  3.9637500E+03  1.153E+00  5.640E-01  8.470E-01
  3.9642500E+03  1.186E+00  5.966E-01  8.247E-01
  3.9647500E+03  1.353E+00  7.679E-01  6.611E-01
  3.9652500E+03  1.430E+00  7.832E-01  7.864E-01
  3.9657500E+03  1.320E+00  7.048E-01  7.844E-01
  3.9662500E+03  1.289E+00  6.541E-01  8.792E-01
  3.9667500E+03  1.321E+00  6.993E-01  8.144E-01
  3.9672500E+03  1.363E+00  7.249E-01  8.207E-01
  3.9677500E+03  1.387E+00  7.451E-01  8.100E-01
  3.9682500E+03  1.021E+00  4.970E-01  7.635E-01
  3.9687500E+03  1.194E+00  6.692E-01  6.092E-01
  3.9692500E+03  1.367E+00  7.612E-01  7.201E-01
  3.9697500E+03  1.286E+00  6.912E-01  7.634E-01
  3.9702500E+03  1.125E+00  6.130E-01  6.464E-01
  3.9707500E+03  1.339E+00  6.904E-01  8.636E-01
  3.9712500E+03  1.220E+00  6.547E-01  7.236E-01
  3.9717500E+03  1.141E+00  5.851E-01  7.579E-01
  3.9722500E+03  1.271E+00  6.426E-01  8.638E-01
  3.9727500E+03  1.305E+00  6.742E-01  8.515E-01
  3.9732500E+03  1.177E+00  6.054E-01  7.646E-01
  3.9737500E+03  1.262E+00  6.664E-01  7.746E-01
  3.9742500E+03  1.228E+00  6.275E-01  8.273E-01
  3.9747500E+03  1.219E+00  6.209E-01  8.206E-01
  3.9752500E+03  1.175E+00  6.791E-01  5.427E-01
  3.9757500E+03  1.058E+00  5.109E-01  8.024E-01
  3.9762500E+03  1.033E+00  5.173E-01  7.314E-01
  3.9767500E+03  1.175E+00  6.454E-01  6.462E-01
  3.9772500E+03  1.182E+00  6.120E-01  7.598E-01
  3.9777500E+03  1.149E+00  5.987E-01  7.290E-01
  3.9782500E+03  1.168E+00  6.413E-01  6.377E-01
  3.9787500E+03  1.263E+00  7.054E-01  6.436E-01
  3.9792500E+03  1.152E+00  6.434E-01  6.012E-01
  3.9797500E+03  1.115E+00  5.274E-01  8.683E-01
  3.9802500E+03  1.138E+00  5.932E-01  7.288E-01
  3.9807500E+03  1.064E+00  5.822E-01  5.944E-01
  3.9812500E+03  1.105E+00  5.287E-01  8.499E-01
  3.9817500E+03  1.211E+00  6.643E-01  6.539E-01
  3.9822500E+03  1.082E+00  6.289E-01  4.923E-01
  3.9827500E+03  1.014E+00  5.480E-01  5.905E-01
  3.9832500E+03  1.010E+00  5.588E-01  5.447E-01
  3.9837500E+03  1.073E+00  5.456E-01  7.172E-01
  3.9842500E+03  9.774E-01  4.728E-01  7.224E-01
  3.9847500E+03  1.117E+00  5.890E-01  6.937E-01
  3.9852500E+03  1.093E+00  5.958E-01  6.210E-01
  3.9857500E+03  1.044E+00  5.468E-01  6.542E-01
  3.9862500E+03  1.129E+00  5.735E-01  7.591E-01
  3.9867500E+03  9.732E-01  4.753E-01  7.232E-01
  3.9872500E+03  1.070E+00  5.984E-01  5.570E-01
  3.9877500E+03  9.742E-01  5.383E-01  5.252E-01
  3.9882500E+03  1.035E+00  5.222E-01  7.020E-01
  3.9887500E+03  1.075E+00  5.874E-01  5.987E-01
  3.9892500E+03  1.110E+00  6.195E-01  5.732E-01
  3.9897500E+03  1.023E+00  5.579E-01  5.732E-01
  3.9902500E+03  1.014E+00  5.667E-01  5.232E-01
  3.9907500E+03  1.063E+00  5.420E-01  7.131E-01
  3.9912500E+03  1.054E+00  5.685E-01  6.064E-01
  3.9917500E+03  9.515E-01  5.256E-01  5.230E-01
  3.9922500E+03  9.736E-01  5.443E-01  5.097E-01
  3.9927500E+03  1.039E+00  5.884E-01  5.172E-01
  3.9932500E+03  9.683E-01  4.850E-01  6.815E-01
  3.9937500E+03  9.603E-01  5.121E-01  5.749E-01
  3.9942500E+03  9.817E-01  5.480E-01  5.148E-01
  3.9947500E+03  9.002E-01  4.539E-01  6.221E-01
  3.9952500E+03  1.006E+00  5.491E-01  5.594E-01
  3.9957500E+03  9.671E-01  5.235E-01  5.449E-01
  3.9962500E+03  9.704E-01  5.320E-01  5.331E-01
  3.9967500E+03  9.528E-01  4.647E-01  7.018E-01
  3.9972500E+03  9.861E-01  5.066E-01  6.559E-01
  3.9977500E+03  8.803E-01  4.418E-01  6.147E-01
  3.9982500E+03  9.377E-01  5.034E-01  5.556E-01
  3.9987500E+03  8.102E-01  4.447E-01  4.569E-01
  3.9992500E+03  1.009E+00  5.651E-01  5.219E-01
  3.9997500E+03  8.645E-01  4.321E-01  6.040E-01
  4.0002500E+03  1.052E+00  5.509E-01  6.478E-01
  4.0007500E+03  9.047E-01  4.669E-01  5.914E-01
  4.0012500E+03  9.638E-01  5.051E-01  6.076E-01
  4.0017500E+03  9.280E-01  4.966E-01  5.456E-01
  4.0022500E+03  9.557E-01  5.252E-01  5.264E-01
  4.0027500E+03  8.525E-01  4.336E-01  5.753E-01
  4.0032500E+03  9.776E-01  5.321E-01  5.505E-01
  4.0037500E+03  9.937E-01  5.648E-01  4.918E-01
  4.0042500E+03  9.022E-01  4.887E-01  5.176E-01
  4.0047500E+03  8.817E-01  4.848E-01  4.853E-01
  4.0052500E+03  8.377E-01  4.314E-01  5.586E-01
  4.0057500E+03  8.160E-01  4.459E-01  4.568E-01
  4.0062500E+03  8.371E-01  4.073E-01  6.128E-01
  4.0067500E+03  9.277E-01  4.918E-01  5.656E-01
  4.0072500E+03  8.839E-01  4.587E-01  5.558E-01
  4.0077500E+03  8.651E-01  4.461E-01  5.703E-01
  4.0082500E+03  8.749E-01  5.021E-01  4.170E-01
  4.0087500E+03  8.375E-01  4.458E-01  5.163E-01
  4.0092500E+03  8.786E-01  5.043E-01  4.107E-01
  4.0097500E+03  7.939E-01  4.003E-01  5.558E-01
  4.0102500E+03  7.719E-01  3.854E-01  5.536E-01
  4.0107500E+03  7.787E-01  3.944E-01  5.250E-01
  4.0112500E+03  8.488E-01  4.368E-01  5.509E-01
  4.0117500E+03  8.323E-01  4.553E-01  4.651E-01
  4.0122500E+03  8.424E-01  4.594E-01  4.698E-01
  4.0127500E+03  7.940E-01  4.062E-01  5.293E-01
  4.0132500E+03  8.368E-01  4.542E-01  4.715E-01
  4.0137500E+03  8.323E-01  4.611E-01  4.416E-01
  4.0142500E+03  7.561E-01  3.905E-01  5.015E-01
  4.0147500E+03  7.415E-01  3.601E-01  5.596E-01
  4.0152500E+03  7.788E-01  4.084E-01  4.885E-01
  4.0157500E+03  7.767E-01  4.576E-01  3.312E-01
  4.0162500E+03  7.614E-01  4.238E-01  4.021E-01
  4.0167500E+03  8.674E-01  4.734E-01  4.899E-01
  4.0172500E+03  8.079E-01  4.192E-01  5.235E-01
  4.0177500E+03  7.425E-01  3.905E-01  4.653E-01
  4.0182500E+03  7.594E-01  4.024E-01  4.679E-01
  4.0187500E+03  7.615E-01  4.139E-01  4.302E-01
  4.0192500E+03  8.265E-01  4.471E-01  4.801E-01
  4.0197500E+03  7.317E-01  4.115E-01  3.707E-01
  4.0202500E+03  7.227E-01  3.883E-01  4.161E-01
  4.0207500E+03  7.090E-01  3.433E-01  5.261E-01
  4.0212500E+03  7.607E-01  4.146E-01  4.262E-01
  4.0217500E+03  7.391E-01  3.765E-01  5.090E-01
  4.0222500E+03  7.389E-01  3.868E-01  4.616E-01
  4.0227500E+03  7.870E-01  4.660E-01  3.297E-01
  4.0232500E+03  6.768E-01  3.466E-01  4.612E-01
  4.0237500E+03  6.850E-01  3.691E-01  3.932E-01
  4.0242500E+03  7.106E-01  3.792E-01  4.285E-01
  4.0247500E+03  7.552E-01  4.129E-01  4.249E-01
  4.0252500E+03  7.132E-01  3.530E-01  5.202E-01
  4.0257500E+03  7.114E-01  3.854E-01  4.043E-01
  4.0262500E+03  6.865E-01  3.357E-01  4.998E-01
  4.0267500E+03  7.665E-01  4.017E-01  4.781E-01
  4.0272500E+03  6.904E-01  3.733E-01  3.985E-01
  4.0277500E+03  6.930E-01  3.482E-01  4.738E-01
  4.0282500E+03  6.712E-01  3.556E-01  4.083E-01
  4.0287500E+03  7.054E-01  3.817E-01  4.127E-01
  4.0292500E+03  6.887E-01  3.757E-01  4.025E-01
  4.0297500E+03  6.703E-01  3.683E-01  3.652E-01
  4.0302500E+03  6.136E-01  3.311E-01  3.625E-01
  4.0307500E+03  7.040E-01  3.710E-01  4.415E-01
  4.0312500E+03  6.506E-01  3.473E-01  3.823E-01
  4.0317500E+03  7.321E-01  4.058E-01  3.915E-01
  4.0322500E+03  6.886E-01  3.577E-01  4.423E-01
  4.0327500E+03  5.956E-01  2.955E-01  4.285E-01
  4.0332500E+03  7.159E-01  3.957E-01  3.765E-01
  4.0337500E+03  6.696E-01  3.484E-01  4.294E-01
  4.0342500E+03  6.719E-01  3.418E-01  4.460E-01
  4.0347500E+03  6.240E-01  2.962E-01  4.969E-01
  4.0352500E+03  5.881E-01  2.987E-01  4.171E-01
  4.0357500E+03  7.091E-01  4.369E-01  2.314E-01
  4.0362500E+03  5.871E-01  3.427E-01  2.602E-01
  4.0367500E+03  6.856E-01  3.982E-01  3.164E-01
  4.0372500E+03  6.315E-01  3.165E-01  4.457E-01
  4.0377500E+03  6.985E-01  3.467E-01  5.003E-01
  4.0382500E+03  7.376E-01  3.781E-01  4.932E-01
  4.0387500E+03  5.585E-01  2.732E-01  4.202E-01
  4.0392500E+03  6.382E-01  3.364E-01  3.988E-01
  4.0397500E+03  6.139E-01  3.559E-01  2.774E-01
  4.0402500E+03  6.049E-01  3.055E-01  4.188E-01
  4.0407500E+03  6.011E-01  3.191E-01  3.622E-01
  4.0412500E+03  6.012E-01  3.177E-01  3.656E-01
  4.0417500E+03  7.378E-01  3.911E-01  4.552E-01
  4.0422500E+03  5.862E-01  3.105E-01  3.609E-01
  4.0427500E+03  6.160E-01  3.437E-01  3.213E-01
  4.0432500E+03  7.282E-01  4.252E-01  3.238E-01
  4.0437500E+03  6.226E-01  3.092E-01  4.488E-01
  4.0442500E+03  5.561E-01  2.967E-01  3.432E-01
  4.0447500E+03  6.211E-01  3.315E-01  3.686E-01
  4.0452500E+03  6.148E-01  3.102E-01  4.284E-01
  4.0457500E+03  5.494E-01  2.730E-01  3.932E-01
  4.0462500E+03  5.911E-01  3.009E-01  3.896E-01
  4.0467500E+03  6.001E-01  3.138E-01  3.766E-01
  4.0472500E+03  5.488E-01  2.799E-01  3.718E-01
  4.0477500E+03  5.822E-01  3.141E-01  3.301E-01
  4.0482500E+03  5.299E-01  3.093E-01  2.385E-01
  4.0487500E+03  5.464E-01  2.990E-01  3.203E-01
  4.0492500E+03  6.217E-01  3.153E-01  4.170E-01
  4.0497500E+03  5.931E-01  3.157E-01  3.559E-01
  4.0502500E+03  5.072E-01  2.507E-01  3.554E-01
  4.0507500E+03  5.970E-01  3.093E-01  3.621E-01
  4.0512500E+03  5.186E-01  2.979E-01  2.486E-01
  4.0517500E+03  5.428E-01  2.781E-01  3.787E-01
  4.0522500E+03  5.213E-01  2.864E-01  3.158E-01
  4.0527500E+03  5.116E-01  2.724E-01  3.031E-01
  4.0532500E+03  4.674E-01  2.254E-01  3.697E-01
  4.0537500E+03  5.649E-01  3.346E-01  2.339E-01
  4.0542500E+03  5.566E-01  2.943E-01  3.435E-01
  4.0547500E+03  5.708E-01  2.795E-01  4.173E-01
  4.0552500E+03  4.991E-01  2.673E-01  3.070E-01
  4.0557500E+03  5.343E-01  2.855E-01  3.133E-01
  4.0562500E+03  5.376E-01  2.746E-01  3.464E-01
  4.0567500E+03  5.053E-01  2.804E-01  2.657E-01
  4.0572500E+03  5.172E-01  2.786E-01  3.132E-01
  4.0577500E+03  5.749E-01  3.056E-01  3.482E-01
  4.0582500E+03  5.723E-01  3.013E-01  3.594E-01
  4.0587500E+03  6.058E-01  3.148E-01  3.936E-01
  4.0592500E+03  5.476E-01  3.134E-01  2.449E-01
  4.0597500E+03  5.054E-01  2.658E-01  3.244E-01
  4.0602500E+03  6.077E-01  3.415E-01  3.097E-01
  4.0607500E+03  5.304E-01  2.988E-01  2.893E-01
  4.0612500E+03  5.368E-01  2.781E-01  3.370E-01
  4.0617500E+03  5.071E-01  2.602E-01  3.326E-01
  4.0622500E+03  4.897E-01  2.479E-01  3.345E-01
  4.0627500E+03  5.353E-01  3.084E-01  2.732E-01
  4.0632500E+03  3.637E-01  1.493E-01  3.613E-01
  4.0637500E+03  5.010E-01  2.598E-01  3.228E-01
  4.0642500E+03  4.540E-01  2.325E-01  3.082E-01
  4.0647500E+03  4.532E-01  2.237E-01  3.252E-01
  4.0652500E+03  5.884E-01  3.370E-01  2.649E-01
  4.0657500E+03  4.230E-01  2.073E-01  3.179E-01
  4.0662500E+03  5.274E-01  2.815E-01  3.183E-01
  4.0667500E+03  5.066E-01  2.390E-01  3.947E-01
  4.0672500E+03  5.039E-01  2.718E-01  3.027E-01
  4.0677500E+03  4.434E-01  2.416E-01  2.463E-01
  4.0682500E+03  4.634E-01  2.711E-01  2.079E-01
  4.0687500E+03  4.879E-01  2.941E-01  2.097E-01
  4.0692500E+03  5.013E-01  2.830E-01  2.509E-01
  4.0697500E+03  4.981E-01  2.669E-01  2.835E-01
  4.0702500E+03  4.825E-01  2.557E-01  2.931E-01
  4.0707500E+03  4.373E-01  2.363E-01  2.676E-01
  4.0712500E+03  3.968E-01  1.870E-01  3.066E-01
  4.0717500E+03  4.857E-01  2.705E-01  2.559E-01
  4.0722500E+03  5.545E-01  2.914E-01  3.483E-01
  4.0727500E+03  4.779E-01  2.504E-01  3.056E-01
  4.0732500E+03  5.135E-01  2.807E-01  2.843E-01
  4.0737500E+03  5.260E-01  2.832E-01  3.021E-01
  4.0742500E+03  4.132E-01  2.047E-01  2.966E-01
  4.0747500E+03  4.477E-01  2.398E-01  2.753E-01
  4.0752500E+03  4.218E-01  2.351E-01  2.107E-01
  4.0757500E+03  4.048E-01  2.055E-01  2.786E-01
  4.0762500E+03  5.434E-01  3.016E-01  2.811E-01
  4.0767500E+03  5.293E-01  2.842E-01  3.048E-01
  4.0772500E+03  4.444E-01  2.421E-01  2.513E-01
  4.0777500E+03  4.976E-01  2.366E-01  3.896E-01
  4.0782500E+03  4.482E-01  2.150E-01  3.436E-01
  4.0787500E+03  4.269E-01  2.519E-01  1.940E-01
  4.0792500E+03  4.340E-01  2.289E-01  2.784E-01
  4.0797500E+03  4.567E-01  2.406E-01  2.706E-01
  4.0802500E+03  4.648E-01  2.619E-01  2.601E-01
  4.0807500E+03  4.753E-01  2.674E-01  2.356E-01
  4.0812500E+03  4.039E-01  1.995E-01  2.863E-01
  4.0817500E+03  3.829E-01  2.000E-01  2.473E-01
  4.0822500E+03  4.100E-01  2.144E-01  2.770E-01
  4.0827500E+03  3.787E-01  1.968E-01  2.414E-01
  4.0832500E+03  4.162E-01  2.340E-01  2.153E-01
  4.0837500E+03  4.812E-01  2.597E-01  2.752E-01
  4.0842500E+03  4.264E-01  2.230E-01  2.619E-01
  4.0847500E+03  3.808E-01  2.050E-01  2.264E-01
  4.0852500E+03  4.063E-01  2.141E-01  2.550E-01
  4.0857500E+03  3.244E-01  1.543E-01  2.658E-01
  4.0862500E+03  4.252E-01  2.237E-01  2.773E-01
  4.0867500E+03  4.154E-01  2.284E-01  2.384E-01
  4.0872500E+03  4.246E-01  2.426E-01  1.925E-01
  4.0877500E+03  3.988E-01  2.113E-01  2.306E-01
  4.0882500E+03  3.766E-01  1.965E-01  2.518E-01
  4.0887500E+03  4.259E-01  2.265E-01  2.668E-01
  4.0892500E+03  4.901E-01  2.652E-01  2.788E-01
  4.0897500E+03  3.938E-01  1.913E-01  2.865E-01
  4.0902500E+03  3.779E-01  1.874E-01  2.725E-01
  4.0907500E+03  4.254E-01  2.376E-01  2.129E-01
  4.0912500E+03  3.321E-01  1.732E-01  2.240E-01
  4.0917500E+03  3.530E-01  1.711E-01  2.619E-01
  4.0922500E+03  4.082E-01  2.258E-01  2.127E-01
  4.0927500E+03  3.330E-01  1.958E-01  1.543E-01
  4.0932500E+03  3.956E-01  2.019E-01  2.672E-01
  4.0937500E+03  4.111E-01  2.050E-01  2.856E-01
  4.0942500E+03  3.787E-01  2.257E-01  1.911E-01
  4.0947500E+03  3.491E-01  1.885E-01  2.094E-01
  4.0952500E+03  3.976E-01  1.921E-01  2.809E-01
  4.0957500E+03  4.053E-01  2.228E-01  2.251E-01
  4.0962500E+03  3.934E-01  2.100E-01  2.339E-01
  4.0967500E+03  3.824E-01  1.827E-01  2.974E-01
  4.0972500E+03  3.363E-01  1.564E-01  2.848E-01
  4.0977500E+03  3.900E-01  2.073E-01  2.328E-01
  4.0982500E+03  3.219E-01  1.906E-01  1.419E-01
  4.0987500E+03  3.588E-01  1.999E-01  1.865E-01
  4.0992500E+03  3.444E-01  1.915E-01  1.828E-01
  4.0997500E+03  3.623E-01  1.915E-01  2.215E-01
  4.1002500E+03  3.503E-01  1.707E-01  2.493E-01
  4.1007500E+03  3.517E-01  1.681E-01  2.634E-01
  4.1012500E+03  3.683E-01  1.867E-01  2.455E-01
  4.1017500E+03  3.826E-01  2.105E-01  2.159E-01
  4.1022500E+03  3.392E-01  1.703E-01  2.412E-01
  4.1027500E+03  3.959E-01  2.005E-01  2.645E-01
  4.1032500E+03  3.561E-01  2.108E-01  1.589E-01
  4.1037500E+03  3.615E-01  1.887E-01  2.350E-01
  4.1042500E+03  3.695E-01  2.049E-01  1.996E-01
  4.1047500E+03  3.471E-01  1.799E-01  2.249E-01
  4.1052500E+03  3.137E-01  1.550E-01  2.320E-01
  4.1057500E+03  2.788E-01  1.486E-01  1.682E-01
  4.1062500E+03  3.519E-01  1.977E-01  1.892E-01
  4.1067500E+03  3.794E-01  1.941E-01  2.545E-01
  4.1072500E+03  3.578E-01  1.903E-01  2.174E-01
  4.1077500E+03  4.359E-01  2.296E-01  2.702E-01
  4.1082500E+03  3.766E-01  1.968E-01  2.376E-01
  4.1087500E+03  3.204E-01  1.994E-01  1.157E-01
  4.1092500E+03  2.725E-01  1.403E-01  1.912E-01
  4.1097500E+03  3.520E-01  1.932E-01  2.046E-01
  4.1102500E+03  3.698E-01  2.056E-01  1.889E-01
  4.1107500E+03  3.304E-01  1.948E-01  1.500E-01
  4.1112500E+03  3.310E-01  1.772E-01  1.982E-01
  4.1117500E+03  2.780E-01  1.487E-01  1.672E-01
  4.1122500E+03  3.946E-01  2.215E-01  1.976E-01
  4.1127500E+03  3.210E-01  1.638E-01  2.075E-01
  4.1132500E+03  3.019E-01  1.388E-01  2.556E-01
  4.1137500E+03  3.609E-01  1.802E-01  2.480E-01
  4.1142500E+03  3.486E-01  2.022E-01  1.611E-01
  4.1147500E+03  3.379E-01  1.703E-01  2.246E-01
  4.1152500E+03  3.272E-01  1.612E-01  2.487E-01
  4.1157500E+03  3.114E-01  1.600E-01  2.129E-01
  4.1162500E+03  3.092E-01  1.575E-01  2.102E-01
  4.1167500E+03  2.969E-01  1.640E-01  1.590E-01
  4.1172500E+03  3.581E-01  2.024E-01  1.871E-01
  4.1177500E+03  3.262E-01  1.764E-01  1.946E-01
  4.1182500E+03  3.288E-01  1.794E-01  1.730E-01
  4.1187500E+03  3.271E-01  1.793E-01  1.734E-01
  4.1192500E+03  2.682E-01  1.341E-01  2.019E-01
  4.1197500E+03  2.759E-01  1.411E-01  1.869E-01
  4.1202500E+03  2.715E-01  1.191E-01  2.422E-01
  4.1207500E+03  3.515E-01  1.802E-01  2.337E-01
  4.1212500E+03  3.475E-01  1.892E-01  2.074E-01
  4.1217500E+03  2.980E-01  1.552E-01  1.902E-01
  4.1222500E+03  3.285E-01  1.831E-01  1.803E-01
  4.1227500E+03  3.108E-01  1.669E-01  1.945E-01
  4.1232500E+03  3.120E-01  1.660E-01  1.877E-01
  4.1237500E+03  2.863E-01  1.590E-01  1.503E-01
  4.1242500E+03  3.325E-01  1.601E-01  2.622E-01
  4.1247500E+03  2.932E-01  1.546E-01  1.861E-01
  4.1252500E+03  3.125E-01  1.720E-01  1.647E-01
  4.1257500E+03  3.292E-01  1.800E-01  1.824E-01
  4.1262500E+03  2.953E-01  1.533E-01  1.922E-01
  4.1267500E+03  3.315E-01  1.975E-01  1.378E-01
  4.1272500E+03  3.071E-01  1.893E-01  1.031E-01
  4.1277500E+03  2.879E-01  1.605E-01  1.517E-01
  4.1282500E+03  2.639E-01  1.266E-01  2.084E-01
  4.1287500E+03  3.006E-01  1.487E-01  2.210E-01
  4.1292500E+03  3.077E-01  1.674E-01  1.556E-01
  4.1297500E+03  2.865E-01  1.454E-01  1.942E-01
  4.1302500E+03  3.042E-01  1.556E-01  2.059E-01
  4.1307500E+03  3.264E-01  1.893E-01  1.427E-01
  4.1312500E+03  2.880E-01  1.550E-01  1.732E-01
  4.1317500E+03  2.754E-01  1.523E-01  1.552E-01
  4.1322500E+03  2.807E-01  1.443E-01  1.817E-01
  4.1327500E+03  2.331E-01  1.088E-01  1.840E-01
  4.1332500E+03  3.241E-01  1.765E-01  1.728E-01
  4.1337500E+03  2.524E-01  1.234E-01  1.994E-01
  4.1342500E+03  2.977E-01  1.769E-01  1.320E-01
  4.1347500E+03  2.921E-01  1.467E-01  1.948E-01
  4.1352500E+03  2.833E-01  1.351E-01  2.190E-01
  4.1357500E+03  2.525E-01  1.214E-01  1.952E-01
  4.1362500E+03  2.455E-01  1.441E-01  1.161E-01
  4.1367500E+03  2.395E-01  1.436E-01  1.067E-01
  4.1372500E+03  2.751E-01  1.570E-01  1.367E-01
  4.1377500E+03  2.761E-01  1.426E-01  1.803E-01
  4.1382500E+03  2.823E-01  1.394E-01  1.999E-01
  4.1387500E+03  2.330E-01  9.657E-02  2.323E-01
  4.1392500E+03  2.605E-01  1.410E-01  1.676E-01
  4.1397500E+03  2.448E-01  1.105E-01  2.113E-01
  4.1402500E+03  2.743E-01  1.585E-01  1.290E-01
  4.1407500E+03  2.893E-01  1.634E-01  1.459E-01
  4.1412500E+03  3.008E-01  1.700E-01  1.508E-01
  4.1417500E+03  2.609E-01  1.216E-01  2.040E-01
  4.1422500E+03  2.350E-01  1.344E-01  1.098E-01
  4.1427500E+03  2.612E-01  1.598E-01  1.001E-01
  4.1432500E+03  2.511E-01  1.280E-01  1.904E-01
  4.1437500E+03  2.638E-01  1.295E-01  1.956E-01
  4.1442500E+03  2.016E-01  9.036E-02  1.680E-01
  4.1447500E+03  2.909E-01  1.435E-01  2.008E-01
  4.1452500E+03  2.764E-01  1.334E-01  2.022E-01
  4.1457500E+03  2.310E-01  1.055E-01  1.982E-01
  4.1462500E+03  1.939E-01  1.101E-01  9.337E-02
  4.1467500E+03  2.408E-01  1.224E-01  1.936E-01
  4.1472500E+03  2.875E-01  1.672E-01  1.305E-01
  4.1477500E+03  2.506E-01  1.397E-01  1.313E-01
  4.1482500E+03  2.475E-01  1.263E-01  1.615E-01
  4.1487500E+03  2.376E-01  1.213E-01  1.646E-01
  4.1492500E+03  2.442E-01  1.381E-01  1.367E-01
  4.1497500E+03  2.190E-01  1.232E-01  1.119E-01
  4.1502500E+03  2.265E-01  1.398E-01  8.218E-02
  4.1507500E+03  2.709E-01  1.425E-01  1.729E-01
  4.1512500E+03  2.950E-01  1.677E-01  1.464E-01
  4.1517500E+03  2.652E-01  1.310E-01  1.977E-01
  4.1522500E+03  2.756E-01  1.668E-01  1.017E-01
  4.1527500E+03  2.385E-01  1.077E-01  2.048E-01
  4.1532500E+03  2.174E-01  1.235E-01  1.167E-01
  4.1537500E+03  2.272E-01  1.182E-01  1.404E-01
  4.1542500E+03  2.052E-01  1.148E-01  8.974E-02
  4.1547500E+03  2.450E-01  1.350E-01  1.306E-01
  4.1552500E+03  2.335E-01  1.221E-01  1.532E-01
  4.1557500E+03  2.356E-01  1.153E-01  1.826E-01
  4.1562500E+03  2.213E-01  1.070E-01  1.717E-01
  4.1567500E+03  2.275E-01  1.246E-01  1.300E-01
  4.1572500E+03  2.222E-01  1.305E-01  1.080E-01
  4.1577500E+03  1.889E-01  8.050E-02  1.832E-01
  4.1582500E+03  2.665E-01  1.423E-01  1.570E-01
  4.1587500E+03  2.370E-01  1.162E-01  1.801E-01
  4.1592500E+03  2.662E-01  1.557E-01  1.118E-01
  4.1597500E+03  2.462E-01  1.410E-01  1.143E-01
  4.1602500E+03  2.291E-01  1.239E-01  1.339E-01
  4.1607500E+03  2.323E-01  1.297E-01  1.263E-01
  4.1612500E+03  2.308E-01  1.360E-01  1.022E-01
  4.1617500E+03  2.215E-01  1.196E-01  1.314E-01
  4.1622500E+03  1.893E-01  1.089E-01  9.515E-02
  4.1627500E+03  2.610E-01  1.386E-01  1.592E-01
  4.1632500E+03  2.157E-01  1.178E-01  1.224E-01
  4.1637500E+03  1.881E-01  9.678E-02  1.250E-01
  4.1642500E+03  2.268E-01  1.254E-01  1.249E-01
  4.1647500E+03  2.549E-01  1.213E-01  1.955E-01
  4.1652500E+03  2.145E-01  1.088E-01  1.450E-01
  4.1657500E+03  2.422E-01  1.169E-01  1.697E-01
  4.1662500E+03  1.881E-01  1.015E-01  1.165E-01
  4.1667500E+03  2.065E-01  1.095E-01  1.400E-01
  4.1672500E+03  2.505E-01  1.293E-01  1.656E-01
  4.1677500E+03  2.061E-01  1.181E-01  1.020E-01
  4.1682500E+03  2.293E-01  1.116E-01  1.695E-01
  4.1687500E+03  2.047E-01  1.136E-01  1.108E-01
  4.1692500E+03  2.348E-01  1.596E-01  3.896E-02
  4.1697500E+03  2.066E-01  1.080E-01  1.327E-01
  4.1702500E+03  2.073E-01  1.163E-01  1.104E-01
  4.1707500E+03  2.104E-01  1.117E-01  1.376E-01
  4.1712500E+03  2.041E-01  1.011E-01  1.399E-01
  4.1717500E+03  2.290E-01  1.219E-01  1.417E-01
  4.1722500E+03  1.991E-01  1.069E-01  1.191E-01
  4.1727500E+03  1.907E-01  1.010E-01  1.233E-01
  4.1732500E+03  1.858E-01  8.980E-02  1.411E-01
  4.1737500E+03  1.794E-01  8.559E-02  1.413E-01
  4.1742500E+03  2.125E-01  1.235E-01  9.130E-02
  4.1747500E+03  2.280E-01  1.222E-01  1.328E-01
  4.1752500E+03  1.837E-01  9.259E-02  1.247E-01
  4.1757500E+03  1.839E-01  1.040E-01  1.083E-01
  4.1762500E+03  1.995E-01  1.042E-01  1.397E-01
  4.1767500E+03  2.380E-01  1.345E-01  1.040E-01
  4.1772500E+03  1.970E-01  9.875E-02  1.401E-01
  4.1777500E+03  1.609E-01  8.988E-02  1.063E-01
  4.1782500E+03  2.258E-01  1.164E-01  1.488E-01
  4.1787500E+03  1.872E-01  8.970E-02  1.217E-01
  4.1792500E+03  2.243E-01  1.305E-01  9.091E-02
  4.1797500E+03  1.620E-01  8.008E-02  1.254E-01
  4.1802500E+03  1.841E-01  1.085E-01  9.208E-02
  4.1807500E+03  1.766E-01  1.006E-01  1.059E-01
  4.1812500E+03  1.985E-01  9.824E-02  1.519E-01
  4.1817500E+03  1.870E-01  9.238E-02  1.440E-01
  4.1822500E+03  2.108E-01  1.022E-01  1.586E-01
  4.1827500E+03  2.180E-01  1.176E-01  1.187E-01
  4.1832500E+03  1.711E-01  9.097E-02  9.820E-02
  4.1837500E+03  1.474E-01  6.752E-02  1.213E-01
  4.1842500E+03  1.848E-01  8.885E-02  1.503E-01
  4.1847500E+03  2.127E-01  1.177E-01  1.063E-01
  4.1852500E+03  2.242E-01  1.285E-01  1.002E-01
  4.1857500E+03  1.924E-01  9.774E-02  1.364E-01
  4.1862500E+03  1.847E-01  9.499E-02  1.132E-01
  4.1867500E+03  1.709E-01  8.788E-02  1.126E-01
  4.1872500E+03  2.183E-01  1.157E-01  1.463E-01
  4.1877500E+03  2.019E-01  1.066E-01  1.267E-01
  4.1882500E+03  1.707E-01  9.522E-02  8.583E-02
  4.1887500E+03  1.529E-01  7.372E-02  1.165E-01
  4.1892500E+03  1.957E-01  1.202E-01  7.505E-02
  4.1897500E+03  1.468E-01  7.379E-02  1.119E-01
  4.1902500E+03  1.901E-01  9.637E-02  1.288E-01
  4.1907500E+03  1.842E-01  7.825E-02  1.519E-01
  4.1912500E+03  1.784E-01  9.021E-02  1.206E-01
  4.1917500E+03  1.884E-01  1.080E-01  1.031E-01
  4.1922500E+03  1.764E-01  1.137E-01  5.150E-02
  4.1927500E+03  1.894E-01  9.282E-02  1.325E-01
  4.1932500E+03  2.168E-01  1.382E-01  6.034E-02
  4.1937500E+03  1.954E-01  1.027E-01  1.329E-01
  4.1942500E+03  1.519E-01  7.899E-02  1.085E-01
  4.1947500E+03  2.076E-01  1.072E-01  1.328E-01
  4.1952500E+03  1.951E-01  1.015E-01  1.308E-01
  4.1957500E+03  1.682E-01  9.871E-02  7.390E-02
  4.1962500E+03  1.434E-01  6.960E-02  1.117E-01
  4.1967500E+03  1.548E-01  9.074E-02  7.333E-02
  4.1972500E+03  2.004E-01  9.685E-02  1.463E-01
  4.1977500E+03  1.572E-01  7.339E-02  1.279E-01
  4.1982500E+03  1.325E-01  7.318E-02  8.816E-02
  4.1987500E+03  1.793E-01  7.849E-02  1.502E-01
  4.1992500E+03  1.463E-01  7.185E-02  1.024E-01
  4.1997500E+03  2.097E-01  1.128E-01  1.313E-01
  4.2002500E+03  1.929E-01  1.207E-01  6.947E-02
  4.2007500E+03  1.982E-01  1.115E-01  9.030E-02
  4.2012500E+03  1.997E-01  1.165E-01  8.076E-02
  4.2017500E+03  1.634E-01  9.020E-02  8.330E-02
  4.2022500E+03  1.493E-01  5.950E-02  1.631E-01
  4.2027500E+03  1.756E-01  8.946E-02  1.133E-01
  4.2032500E+03  1.892E-01  8.907E-02  1.407E-01
  4.2037500E+03  2.093E-01  1.236E-01  7.634E-02
  4.2042500E+03  1.428E-01  8.976E-02  6.377E-02
  4.2047500E+03  1.281E-01  6.862E-02  7.362E-02
  4.2052500E+03  1.930E-01  9.983E-02  1.310E-01
  4.2057500E+03  1.374E-01  7.535E-02  8.425E-02
  4.2062500E+03  1.617E-01  8.395E-02  1.099E-01
  4.2067500E+03  1.295E-01  5.757E-02  1.106E-01
  4.2072500E+03  1.942E-01  1.043E-01  1.090E-01
  4.2077500E+03  1.707E-01  9.733E-02  7.938E-02
  4.2082500E+03  1.409E-01  7.331E-02  1.057E-01
  4.2087500E+03  1.546E-01  9.773E-02  8.059E-02
  4.2092500E+03  1.619E-01  8.089E-02  9.923E-02
  4.2097500E+03  1.521E-01  7.909E-02  1.063E-01
  4.2102500E+03  1.476E-01  6.312E-02  1.458E-01
  4.2107500E+03  1.784E-01  8.545E-02  1.326E-01
  4.2112500E+03  1.888E-01  1.263E-01  3.889E-02
  4.2117500E+03  1.796E-01  9.734E-02  9.834E-02
  4.2122500E+03  1.618E-01  8.939E-02  8.393E-02
  4.2127500E+03  1.589E-01  8.896E-02  8.064E-02
  4.2132500E+03  1.735E-01  9.910E-02  8.866E-02
  4.2137500E+03  1.107E-01  5.578E-02  9.274E-02
  4.2142500E+03  1.362E-01  7.658E-02  6.305E-02
  4.2147500E+03  1.661E-01  1.031E-01  4.925E-02
  4.2152500E+03  1.577E-01  8.368E-02  8.463E-02
  4.2157500E+03  1.603E-01  9.586E-02  6.554E-02
  4.2162500E+03  1.597E-01  8.382E-02  9.975E-02
  4.2167500E+03  1.893E-01  1.100E-01  8.076E-02
  4.2172500E+03  1.734E-01  8.792E-02  1.451E-01
  4.2177500E+03  1.629E-01  6.840E-02  1.566E-01
  4.2182500E+03  1.108E-01  5.422E-02  8.062E-02
  4.2187500E+03  1.386E-01  7.817E-02  7.747E-02
  4.2192500E+03  1.794E-01  1.154E-01  4.291E-02
  4.2197500E+03  1.652E-01  9.886E-02  7.738E-02
  4.2202500E+03  1.136E-01  5.306E-02  1.060E-01
  4.2207500E+03  1.259E-01  6.195E-02  8.698E-02
  4.2212500E+03  1.670E-01  7.908E-02  1.128E-01
  4.2217500E+03  1.598E-01  9.148E-02  7.892E-02
  4.2222500E+03  1.153E-01  6.131E-02  8.354E-02
  4.2227500E+03  1.306E-01  6.493E-02  9.360E-02
  4.2232500E+03  1.551E-01  7.976E-02  9.623E-02
  4.2237500E+03  1.676E-01  9.034E-02  9.618E-02
  4.2242500E+03  1.008E-01  5.293E-02  6.639E-02
  4.2247500E+03  1.138E-01  4.876E-02  9.826E-02
  4.2252500E+03  1.459E-01  7.799E-02  7.822E-02
  4.2257500E+03  1.566E-01  7.692E-02  1.028E-01
  4.2262500E+03  1.362E-01  7.561E-02  8.173E-02
  4.2267500E+03  1.357E-01  7.163E-02  9.574E-02
  4.2272500E+03  1.005E-01  3.928E-02  1.073E-01
  4.2277500E+03  1.594E-01  9.380E-02  6.379E-02
  4.2282500E+03  1.963E-01  1.101E-01  9.142E-02
  4.2287500E+03  1.148E-01  6.917E-02  6.714E-02
  4.2292500E+03  1.560E-01  8.057E-02  9.346E-02
  4.2297500E+03  1.727E-01  9.084E-02  9.839E-02
  4.2302500E+03  1.527E-01  8.529E-02  8.182E-02
  4.2307500E+03  1.478E-01  8.002E-02  9.369E-02
  4.2312500E+03  1.816E-01  1.055E-01  9.004E-02
  4.2317500E+03  1.512E-01  8.168E-02  8.056E-02
  4.2322500E+03  1.258E-01  6.805E-02  6.666E-02
  4.2327500E+03  9.474E-02  5.374E-02  6.336E-02
  4.2332500E+03  1.151E-01  6.417E-02  6.760E-02
  4.2337500E+03  9.974E-02  4.703E-02  8.331E-02
  4.2342500E+03  1.746E-01  7.692E-02  1.386E-01
  4.2347500E+03  1.452E-01  8.550E-02  8.552E-02
  4.2352500E+03  1.334E-01  8.018E-02  5.493E-02
  4.2357500E+03  1.534E-01  9.381E-02  5.586E-02
  4.2362500E+03  1.248E-01  7.412E-02  6.442E-02
  4.2367500E+03  1.656E-01  8.981E-02  1.029E-01
  4.2372500E+03  1.057E-01  5.174E-02  7.528E-02
  4.2377500E+03  1.379E-01  7.627E-02  8.154E-02
  4.2382500E+03  1.450E-01  8.079E-02  7.013E-02
  4.2387500E+03  1.121E-01  5.306E-02  9.211E-02
  4.2392500E+03  1.228E-01  7.629E-02  5.905E-02
  4.2397500E+03  1.409E-01  7.931E-02  7.869E-02
  4.2402500E+03  1.121E-01  4.769E-02  1.084E-01
  4.2407500E+03  1.152E-01  5.240E-02  9.830E-02
  4.2412500E+03  1.185E-01  5.564E-02  8.932E-02
  4.2417500E+03  1.617E-01  8.737E-02  9.252E-02
  4.2422500E+03  1.438E-01  9.362E-02  3.578E-02
  4.2427500E+03  1.605E-01  9.243E-02  6.434E-02
  4.2432500E+03  9.998E-02  4.390E-02  8.818E-02
  4.2437500E+03  1.106E-01  4.270E-02  1.089E-01
  4.2442500E+03  7.381E-02  1.861E-02  1.163E-01
  4.2447500E+03  1.106E-01  4.657E-02  1.027E-01
  4.2452500E+03  1.339E-01  6.227E-02  9.949E-02
  4.2457500E+03  1.148E-01  7.791E-02  4.534E-02
  4.2462500E+03  1.138E-01  6.367E-02  6.270E-02
  4.2467500E+03  1.013E-01  5.148E-02  7.323E-02
  4.2472500E+03  1.358E-01  6.433E-02  1.067E-01
  4.2477500E+03  1.196E-01  7.296E-02  5.145E-02
  4.2482500E+03  1.341E-01  7.336E-02  7.985E-02
  4.2487500E+03  1.374E-01  7.275E-02  7.481E-02
  4.2492500E+03  1.230E-01  7.733E-02  3.748E-02
  4.2497500E+03  9.619E-02  5.155E-02  6.699E-02
  4.2502500E+03  7.874E-02  4.098E-02  5.726E-02
  4.2507500E+03  1.713E-01  1.061E-01  4.164E-02
  4.2512500E+03  1.522E-01  6.723E-02  1.353E-01
  4.2517500E+03  1.296E-01  6.804E-02  9.662E-02
  4.2522500E+03  1.135E-01  6.047E-02  6.237E-02
  4.2527500E+03  1.306E-01  9.409E-02  6.308E-03
  4.2532500E+03  1.320E-01  7.054E-02  8.375E-02
  4.2537500E+03  1.218E-01  6.741E-02  6.916E-02
  4.2542500E+03  1.272E-01  6.352E-02  7.709E-02
  4.2547500E+03  1.686E-01  9.689E-02  9.326E-02
  4.2552500E+03  8.714E-02  3.137E-02  1.199E-01
  4.2557500E+03  1.167E-01  6.769E-02  4.826E-02
  4.2562500E+03  1.190E-01  6.221E-02  7.144E-02
  4.2567500E+03  1.265E-01  6.596E-02  6.426E-02
  4.2572500E+03  1.346E-01  8.448E-02  3.010E-02
  4.2577500E+03  8.304E-02  4.277E-02  4.429E-02
  4.2582500E+03  1.562E-01  8.141E-02  1.100E-01
  4.2587500E+03  8.935E-02  3.610E-02  9.108E-02
  4.2592500E+03  9.878E-02  4.648E-02  7.880E-02
  4.2597500E+03  1.058E-01  7.100E-02  1.739E-02
  4.2602500E+03  1.244E-01  7.626E-02  3.642E-02
  4.2607500E+03  1.650E-01  8.671E-02  7.465E-02
  4.2612500E+03  1.161E-01  6.563E-02  8.502E-02
  4.2617500E+03  5.911E-02  3.891E-02  4.416E-02
  4.2622500E+03  1.155E-01  7.354E-02  3.991E-02
  4.2627500E+03  8.602E-02  5.835E-02  3.342E-02
  4.2632500E+03  1.352E-01  7.137E-02  6.799E-02
  4.2637500E+03  8.802E-02  3.232E-02  1.029E-01
  4.2642500E+03  1.199E-01  6.086E-02  7.942E-02
  4.2647500E+03  1.306E-01  6.533E-02  8.644E-02
  4.2652500E+03  1.506E-01  7.315E-02  1.101E-01
  4.2657500E+03  1.063E-01  6.483E-02  4.301E-02
  4.2662500E+03  1.200E-01  6.715E-02  6.850E-02
  4.2667500E+03  1.009E-01  5.562E-02  5.163E-02
  4.2672500E+03  1.313E-01  6.651E-02  8.364E-02
  4.2677500E+03  1.131E-01  6.162E-02  8.148E-02
  4.2682500E+03  1.173E-01  6.384E-02  6.907E-02
  4.2687500E+03  8.893E-02  4.583E-02  5.675E-02
  4.2692500E+03  1.012E-01  5.609E-02  4.926E-02
  4.2697500E+03  7.674E-02  4.903E-02  3.014E-02
  4.2702500E+03  8.542E-02  5.001E-02  4.418E-02
  4.2707500E+03  1.133E-01  6.827E-02  2.893E-02
  4.2712500E+03  7.480E-02  3.279E-02  7.515E-02
  4.2717500E+03  1.058E-01  4.907E-02  8.682E-02
  4.2722500E+03  9.254E-02  5.049E-02  4.501E-02
  4.2727500E+03  8.879E-02  4.851E-02  6.656E-02
  4.2732500E+03  7.776E-02  3.335E-02  6.740E-02
  4.2737500E+03  8.016E-02  2.692E-02  1.043E-01
  4.2742500E+03  1.172E-01  5.868E-02  8.989E-02
  4.2747500E+03  1.251E-01  8.081E-02  5.409E-02
  4.2752500E+03  1.365E-01  6.605E-02  9.056E-02
  4.2757500E+03  8.840E-02  4.417E-02  5.465E-02
  4.2762500E+03  9.456E-02  5.141E-02  6.700E-02
  4.2767500E+03  8.495E-02  4.352E-02  7.339E-02
  4.2772500E+03  1.017E-01  5.634E-02  5.888E-02
  4.2777500E+03  1.317E-01  7.693E-02  4.897E-02
  4.2782500E+03  1.091E-01  6.793E-02  3.521E-02
  4.2787500E+03  1.253E-01  7.913E-02  4.060E-02
  4.2792500E+03  9.621E-02  4.192E-02  9.718E-02
