  1.1467500E+03 -0.000E+00 -0.000E+00  0.000E+00
  1.1472500E+03 -0.000E+00 -0.000E+00  0.000E+00
  1.1477500E+03 -0.000E+00 -0.000E+00  0.000E+00
  1.1482500E+03 -0.000E+00 -0.000E+00  0.000E+00
  1.1487500E+03 -0.000E+00 -0.000E+00  0.000E+00
  1.1492500E+03 -0.000E+00 -0.000E+00  0.000E+00
  1.1497500E+03 -0.000E+00 -0.000E+00  0.000E+00
  1.1502500E+03 -0.000E+00 -0.000E+00  0.000E+00
  1.1507500E+03 -0.000E+00 -0.000E+00  0.000E+00
  1.1512500E+03 -0.000E+00 -0.000E+00  0.000E+00
  1.1517500E+03 -0.000E+00 -0.000E+00  0.000E+00
  1.1522500E+03 -0.000E+00 -0.000E+00  0.000E+00
  1.1527500E+03 -0.000E+00 -0.000E+00  0.000E+00
  1.1532500E+03 -0.000E+00 -0.000E+00  0.000E+00
  1.1537500E+03 -0.000E+00 -0.000E+00  0.000E+00
  1.1542500E+03 -0.000E+00 -0.000E+00  0.000E+00
  1.1547500E+03 -0.000E+00 -0.000E+00  0.000E+00
  1.1552500E+03 -0.000E+00 -0.000E+00  0.000E+00
  1.1557500E+03 -0.000E+00 -0.000E+00  0.000E+00
  1.1562500E+03 -0.000E+00 -0.000E+00  0.000E+00
  1.1567500E+03 -0.000E+00 -0.000E+00  0.000E+00
  1.1572500E+03 -0.000E+00 -0.000E+00  0.000E+00
  1.1577500E+03 -0.000E+00 -0.000E+00  0.000E+00
  1.1582500E+03 -0.000E+00 -0.000E+00  0.000E+00
  1.1587500E+03 -0.000E+00 -0.000E+00  0.000E+00
  1.1592500E+03 -0.000E+00 -0.000E+00  0.000E+00
  1.1597500E+03 -0.000E+00 -0.000E+00  0.000E+00
  1.1602500E+03 -0.000E+00 -0.000E+00  0.000E+00
  1.1607500E+03 -0.000E+00 -0.000E+00  0.000E+00
  1.1612500E+03 -0.000E+00 -0.000E+00  0.000E+00
  1.1617500E+03 -0.000E+00 -0.000E+00  0.000E+00
  1.1622500E+03 -0.000E+00 -0.000E+00  0.000E+00
  1.1627500E+03 -0.000E+00 -0.000E+00  0.000E+00
  1.1632500E+03 -0.000E+00 -0.000E+00  0.000E+00
  1.1637500E+03 -0.000E+00 -0.000E+00  0.000E+00
  1.1642500E+03 -0.000E+00 -0.000E+00  0.000E+00
  1.1647500E+03 -0.000E+00 -0.000E+00  0.000E+00
  1.1652500E+03 -0.000E+00 -0.000E+00  0.000E+00
  1.1657500E+03 -0.000E+00 -0.000E+00  0.000E+00
  1.1662500E+03 -0.000E+00 -0.000E+00  0.000E+00
  1.1667500E+03 -0.000E+00 -0.000E+00  0.000E+00
  1.1672500E+03 -0.000E+00 -0.000E+00  0.000E+00
  1.1677500E+03 -0.000E+00 -0.000E+00  0.000E+00
  1.1682500E+03 -0.000E+00 -0.000E+00  0.000E+00
  1.1687500E+03 -0.000E+00 -0.000E+00  0.000E+00
  1.1692500E+03 -0.000E+00 -0.000E+00  0.000E+00
  1.1697500E+03 -0.000E+00 -0.000E+00  0.000E+00
  1.1702500E+03 -0.000E+00 -0.000E+00  0.000E+00
  1.1707500E+03 -0.000E+00 -0.000E+00  0.000E+00
  1.1712500E+03 -0.000E+00 -0.000E+00  0.000E+00
  1.1717500E+03 -0.000E+00 -0.000E+00  0.000E+00
  1.1722500E+03 -0.000E+00 -0.000E+00  0.000E+00
  1.1727500E+03 -0.000E+00 -0.000E+00  0.000E+00
  1.1732500E+03 -0.000E+00 -0.000E+00  0.000E+00
  1.1737500E+03 -0.000E+00 -0.000E+00  0.000E+00
  1.1742500E+03 -0.000E+00 -0.000E+00  0.000E+00
  1.1747500E+03 -0.000E+00 -0.000E+00  0.000E+00
  1.1752500E+03 -0.000E+00 -0.000E+00  0.000E+00
  1.1757500E+03 -0.000E+00 -0.000E+00  0.000E+00
  1.1762500E+03 -0.000E+00 -0.000E+00  0.000E+00
  1.1767500E+03 -0.000E+00 -0.000E+00  0.000E+00
  1.1772500E+03 -0.000E+00 -0.000E+00  0.000E+00
  1.1777500E+03 -0.000E+00 -0.000E+00  0.000E+00
  1.1782500E+03 -0.000E+00 -0.000E+00  0.000E+00
  1.1787500E+03 -0.000E+00 -0.000E+00  0.000E+00
  1.1792500E+03 -0.000E+00 -0.000E+00  0.000E+00
  1.1797500E+03 -0.000E+00 -0.000E+00  0.000E+00
  1.1802500E+03 -0.000E+00 -0.000E+00  0.000E+00
  1.1807500E+03 -0.000E+00 -0.000E+00  0.000E+00
  1.1812500E+03 -0.000E+00 -0.000E+00  0.000E+00
  1.1817500E+03 -0.000E+00 -0.000E+00  0.000E+00
  1.1822500E+03 -0.000E+00 -0.000E+00  0.000E+00
  1.1827500E+03 -0.000E+00 -0.000E+00  0.000E+00
  1.1832500E+03 -0.000E+00 -0.000E+00  0.000E+00
  1.1837500E+03 -0.000E+00 -0.000E+00  0.000E+00
  1.1842500E+03 -0.000E+00 -0.000E+00  0.000E+00
  1.1847500E+03 -0.000E+00 -0.000E+00  0.000E+00
  1.1852500E+03 -0.000E+00 -0.000E+00  0.000E+00
  1.1857500E+03 -0.000E+00 -0.000E+00  0.000E+00
  1.1862500E+03 -0.000E+00 -0.000E+00  0.000E+00
  1.1867500E+03 -0.000E+00 -0.000E+00  0.000E+00
  1.1872500E+03 -0.000E+00 -0.000E+00  0.000E+00
  1.1877500E+03 -0.000E+00 -0.000E+00  0.000E+00
  1.1882500E+03 -0.000E+00 -0.000E+00  0.000E+00
  1.1887500E+03 -0.000E+00 -0.000E+00  0.000E+00
  1.1892500E+03 -0.000E+00 -0.000E+00  0.000E+00
  1.1897500E+03 -0.000E+00 -0.000E+00  0.000E+00
  1.1902500E+03 -0.000E+00 -0.000E+00  0.000E+00
  1.1907500E+03 -0.000E+00 -0.000E+00  0.000E+00
  1.1912500E+03 -0.000E+00 -0.000E+00  0.000E+00
  1.1917500E+03 -0.000E+00 -0.000E+00  0.000E+00
  1.1922500E+03 -0.000E+00 -0.000E+00  0.000E+00
  1.1927500E+03 -0.000E+00 -0.000E+00  0.000E+00
  1.1932500E+03 -0.000E+00 -0.000E+00  0.000E+00
  1.1937500E+03 -0.000E+00 -0.000E+00  0.000E+00
  1.1942500E+03 -0.000E+00 -0.000E+00  0.000E+00
  1.1947500E+03 -0.000E+00 -0.000E+00  0.000E+00
  1.1952500E+03 -0.000E+00 -0.000E+00  0.000E+00
  1.1957500E+03 -0.000E+00 -0.000E+00  0.000E+00
  1.1962500E+03 -0.000E+00 -0.000E+00  0.000E+00
  1.1967500E+03 -0.000E+00 -0.000E+00  0.000E+00
  1.1972500E+03 -0.000E+00 -0.000E+00  0.000E+00
  1.1977500E+03 -0.000E+00 -0.000E+00  0.000E+00
  1.1982500E+03 -0.000E+00 -0.000E+00  0.000E+00
  1.1987500E+03 -0.000E+00 -0.000E+00  0.000E+00
  1.1992500E+03 -0.000E+00 -0.000E+00  0.000E+00
  1.1997500E+03 -0.000E+00 -0.000E+00  0.000E+00
  1.2002500E+03 -0.000E+00 -0.000E+00  0.000E+00
  1.2007500E+03 -0.000E+00 -0.000E+00  0.000E+00
  1.2012500E+03 -0.000E+00 -0.000E+00  0.000E+00
  1.2017500E+03 -0.000E+00 -0.000E+00  0.000E+00
  1.2022500E+03 -0.000E+00 -0.000E+00  0.000E+00
  1.2027500E+03 -0.000E+00 -0.000E+00  0.000E+00
  1.2032500E+03 -0.000E+00 -0.000E+00  0.000E+00
  1.2037500E+03 -0.000E+00 -0.000E+00  0.000E+00
  1.2042500E+03 -0.000E+00 -0.000E+00  0.000E+00
  1.2047500E+03 -0.000E+00 -0.000E+00  0.000E+00
  1.2052500E+03 -0.000E+00 -0.000E+00  0.000E+00
  1.2057500E+03 -0.000E+00 -0.000E+00  0.000E+00
  1.2062500E+03 -0.000E+00 -0.000E+00  0.000E+00
  1.2067500E+03 -0.000E+00 -0.000E+00  0.000E+00
  1.2072500E+03 -0.000E+00 -0.000E+00  0.000E+00
  1.2077500E+03 -0.000E+00 -0.000E+00  0.000E+00
  1.2082500E+03 -0.000E+00 -0.000E+00  0.000E+00
  1.2087500E+03 -0.000E+00 -0.000E+00  0.000E+00
  1.2092500E+03 -0.000E+00 -0.000E+00  0.000E+00
  1.2097500E+03 -0.000E+00 -0.000E+00  0.000E+00
  1.2102500E+03 -0.000E+00 -0.000E+00  0.000E+00
  1.2107500E+03 -0.000E+00 -0.000E+00  0.000E+00
  1.2112500E+03 -0.000E+00 -0.000E+00  0.000E+00
  1.2117500E+03 -0.000E+00 -0.000E+00  0.000E+00
  1.2122500E+03 -0.000E+00 -0.000E+00  0.000E+00
  1.2127500E+03 -0.000E+00 -0.000E+00  0.000E+00
  1.2132500E+03 -0.000E+00 -0.000E+00  0.000E+00
  1.2137500E+03 -0.000E+00 -0.000E+00  0.000E+00
  1.2142500E+03 -0.000E+00 -0.000E+00  0.000E+00
  1.2147500E+03 -0.000E+00 -0.000E+00  0.000E+00
  1.2152500E+03 -0.000E+00 -0.000E+00  0.000E+00
  1.2157500E+03 -0.000E+00 -0.000E+00  0.000E+00
  1.2162500E+03 -0.000E+00 -0.000E+00  0.000E+00
  1.2167500E+03 -0.000E+00 -0.000E+00  0.000E+00
  1.2172500E+03 -0.000E+00 -0.000E+00  0.000E+00
  1.2177500E+03 -0.000E+00 -0.000E+00  0.000E+00
  1.2182500E+03 -0.000E+00 -0.000E+00  0.000E+00
  1.2187500E+03 -0.000E+00 -0.000E+00  0.000E+00
  1.2192500E+03 -0.000E+00 -0.000E+00  0.000E+00
  1.2197500E+03 -0.000E+00 -0.000E+00  0.000E+00
  1.2202500E+03 -0.000E+00 -0.000E+00  0.000E+00
  1.2207500E+03 -0.000E+00 -0.000E+00  0.000E+00
  1.2212500E+03 -0.000E+00 -0.000E+00  0.000E+00
  1.2217500E+03 -0.000E+00 -0.000E+00  0.000E+00
  1.2222500E+03 -0.000E+00 -0.000E+00  0.000E+00
  1.2227500E+03 -0.000E+00 -0.000E+00  0.000E+00
  1.2232500E+03 -0.000E+00 -0.000E+00  0.000E+00
  1.2237500E+03 -0.000E+00 -0.000E+00  0.000E+00
  1.2242500E+03 -0.000E+00 -0.000E+00  0.000E+00
  1.2247500E+03 -0.000E+00 -0.000E+00  0.000E+00
  1.2252500E+03 -0.000E+00 -0.000E+00  0.000E+00
  1.2257500E+03 -0.000E+00 -0.000E+00  0.000E+00
  1.2262500E+03 -0.000E+00 -0.000E+00  0.000E+00
  1.2267500E+03 -0.000E+00 -0.000E+00  0.000E+00
  1.2272500E+03 -0.000E+00 -0.000E+00  0.000E+00
  1.2277500E+03 -0.000E+00 -0.000E+00  0.000E+00
  1.2282500E+03 -0.000E+00 -0.000E+00  0.000E+00
  1.2287500E+03 -0.000E+00 -0.000E+00  0.000E+00
  1.2292500E+03 -0.000E+00 -0.000E+00  0.000E+00
  1.2297500E+03 -0.000E+00 -0.000E+00  0.000E+00
  1.2302500E+03 -0.000E+00 -0.000E+00  0.000E+00
  1.2307500E+03 -0.000E+00 -0.000E+00  0.000E+00
  1.2312500E+03 -0.000E+00 -0.000E+00  0.000E+00
  1.2317500E+03 -0.000E+00 -0.000E+00  0.000E+00
  1.2322500E+03 -0.000E+00 -0.000E+00  0.000E+00
  1.2327500E+03 -0.000E+00 -0.000E+00  0.000E+00
  1.2332500E+03 -0.000E+00 -0.000E+00  0.000E+00
  1.2337500E+03 -0.000E+00 -0.000E+00  0.000E+00
  1.2342500E+03 -0.000E+00 -0.000E+00  0.000E+00
  1.2347500E+03 -0.000E+00 -0.000E+00  0.000E+00
  1.2352500E+03 -0.000E+00 -0.000E+00  0.000E+00
  1.2357500E+03 -0.000E+00 -0.000E+00  0.000E+00
  1.2362500E+03 -0.000E+00 -0.000E+00  0.000E+00
  1.2367500E+03 -0.000E+00 -0.000E+00  0.000E+00
  1.2372500E+03 -0.000E+00 -0.000E+00  0.000E+00
  1.2377500E+03 -0.000E+00 -0.000E+00  0.000E+00
  1.2382500E+03 -0.000E+00 -0.000E+00  0.000E+00
  1.2387500E+03 -0.000E+00 -0.000E+00  0.000E+00
  1.2392500E+03 -0.000E+00 -0.000E+00  0.000E+00
  1.2397500E+03 -0.000E+00 -0.000E+00  0.000E+00
  1.2402500E+03 -0.000E+00 -0.000E+00  0.000E+00
  1.2407500E+03 -0.000E+00 -0.000E+00  0.000E+00
  1.2412500E+03 -0.000E+00 -0.000E+00  0.000E+00
  1.2417500E+03 -0.000E+00 -0.000E+00  0.000E+00
  1.2422500E+03 -0.000E+00 -0.000E+00  0.000E+00
  1.2427500E+03 -0.000E+00 -0.000E+00  0.000E+00
  1.2432500E+03 -0.000E+00 -0.000E+00  0.000E+00
  1.2437500E+03 -0.000E+00 -0.000E+00  0.000E+00
  1.2442500E+03 -0.000E+00 -0.000E+00  0.000E+00
  1.2447500E+03 -0.000E+00 -0.000E+00  0.000E+00
  1.2452500E+03 -0.000E+00 -0.000E+00  0.000E+00
  1.2457500E+03 -0.000E+00 -0.000E+00  0.000E+00
  1.2462500E+03 -0.000E+00 -0.000E+00  0.000E+00
  1.2467500E+03 -0.000E+00 -0.000E+00  0.000E+00
  1.2472500E+03 -0.000E+00 -0.000E+00  0.000E+00
  1.2477500E+03 -0.000E+00 -0.000E+00  0.000E+00
  1.2482500E+03 -0.000E+00 -0.000E+00  0.000E+00
  1.2487500E+03 -0.000E+00 -0.000E+00  0.000E+00
  1.2492500E+03 -0.000E+00 -0.000E+00  0.000E+00
  1.2497500E+03 -0.000E+00 -0.000E+00  0.000E+00
  1.2502500E+03 -0.000E+00 -0.000E+00  0.000E+00
  1.2507500E+03 -0.000E+00 -0.000E+00  0.000E+00
  1.2512500E+03 -0.000E+00 -0.000E+00  0.000E+00
  1.2517500E+03 -0.000E+00 -0.000E+00  0.000E+00
  1.2522500E+03 -0.000E+00 -0.000E+00  0.000E+00
  1.2527500E+03 -0.000E+00 -0.000E+00  0.000E+00
  1.2532500E+03 -0.000E+00 -0.000E+00  0.000E+00
  1.2537500E+03 -0.000E+00 -0.000E+00  0.000E+00
  1.2542500E+03 -0.000E+00 -0.000E+00  0.000E+00
  1.2547500E+03 -0.000E+00 -0.000E+00  0.000E+00
  1.2552500E+03 -0.000E+00 -0.000E+00  0.000E+00
  1.2557500E+03 -0.000E+00 -0.000E+00  0.000E+00
  1.2562500E+03 -0.000E+00 -0.000E+00  0.000E+00
  1.2567500E+03 -0.000E+00 -0.000E+00  0.000E+00
  1.2572500E+03 -0.000E+00 -0.000E+00  0.000E+00
  1.2577500E+03 -0.000E+00 -0.000E+00  0.000E+00
  1.2582500E+03 -0.000E+00 -0.000E+00  0.000E+00
  1.2587500E+03 -0.000E+00 -0.000E+00  0.000E+00
  1.2592500E+03 -0.000E+00 -0.000E+00  0.000E+00
  1.2597500E+03 -0.000E+00 -0.000E+00  0.000E+00
  1.2602500E+03 -0.000E+00 -0.000E+00  0.000E+00
  1.2607500E+03 -0.000E+00 -0.000E+00  0.000E+00
  1.2612500E+03 -0.000E+00 -0.000E+00  0.000E+00
  1.2617500E+03 -0.000E+00 -0.000E+00  0.000E+00
  1.2622500E+03 -0.000E+00 -0.000E+00  0.000E+00
  1.2627500E+03 -0.000E+00 -0.000E+00  0.000E+00
  1.2632500E+03 -0.000E+00 -0.000E+00  0.000E+00
  1.2637500E+03 -0.000E+00 -0.000E+00  0.000E+00
  1.2642500E+03 -0.000E+00 -0.000E+00  0.000E+00
  1.2647500E+03 -0.000E+00 -0.000E+00  0.000E+00
  1.2652500E+03 -0.000E+00 -0.000E+00  0.000E+00
  1.2657500E+03 -0.000E+00 -0.000E+00  0.000E+00
  1.2662500E+03 -0.000E+00 -0.000E+00  0.000E+00
  1.2667500E+03 -0.000E+00 -0.000E+00  0.000E+00
  1.2672500E+03 -0.000E+00 -0.000E+00  0.000E+00
  1.2677500E+03 -0.000E+00 -0.000E+00  0.000E+00
  1.2682500E+03 -0.000E+00 -0.000E+00  0.000E+00
  1.2687500E+03 -0.000E+00 -0.000E+00  0.000E+00
  1.2692500E+03 -0.000E+00 -0.000E+00  0.000E+00
  1.2697500E+03 -0.000E+00 -0.000E+00  0.000E+00
  1.2702500E+03 -0.000E+00 -0.000E+00  0.000E+00
  1.2707500E+03 -0.000E+00 -0.000E+00  0.000E+00
  1.2712500E+03 -0.000E+00 -0.000E+00  0.000E+00
  1.2717500E+03 -0.000E+00 -0.000E+00  0.000E+00
  1.2722500E+03 -0.000E+00 -0.000E+00  0.000E+00
  1.2727500E+03 -0.000E+00 -0.000E+00  0.000E+00
  1.2732500E+03 -0.000E+00 -0.000E+00  0.000E+00
  1.2737500E+03 -0.000E+00 -0.000E+00  0.000E+00
  1.2742500E+03 -0.000E+00 -0.000E+00  0.000E+00
  1.2747500E+03 -0.000E+00 -0.000E+00  0.000E+00
  1.2752500E+03 -0.000E+00 -0.000E+00  0.000E+00
  1.2757500E+03 -0.000E+00 -0.000E+00  0.000E+00
  1.2762500E+03 -0.000E+00 -0.000E+00  0.000E+00
  1.2767500E+03 -0.000E+00 -0.000E+00  0.000E+00
  1.2772500E+03 -0.000E+00 -0.000E+00  0.000E+00
  1.2777500E+03 -0.000E+00 -0.000E+00  0.000E+00
  1.2782500E+03 -0.000E+00 -0.000E+00  0.000E+00
  1.2787500E+03 -0.000E+00 -0.000E+00  0.000E+00
  1.2792500E+03 -0.000E+00 -0.000E+00  0.000E+00
  1.2797500E+03 -0.000E+00 -0.000E+00  0.000E+00
  1.2802500E+03 -0.000E+00 -0.000E+00  0.000E+00
  1.2807500E+03 -0.000E+00 -0.000E+00  0.000E+00
  1.2812500E+03 -0.000E+00 -0.000E+00  0.000E+00
  1.2817500E+03 -0.000E+00 -0.000E+00  0.000E+00
  1.2822500E+03 -0.000E+00 -0.000E+00  0.000E+00
  1.2827500E+03 -0.000E+00 -0.000E+00  0.000E+00
  1.2832500E+03 -0.000E+00 -0.000E+00  0.000E+00
  1.2837500E+03 -0.000E+00 -0.000E+00  0.000E+00
  1.2842500E+03 -0.000E+00 -0.000E+00  0.000E+00
  1.2847500E+03 -0.000E+00 -0.000E+00  0.000E+00
  1.2852500E+03 -0.000E+00 -0.000E+00  0.000E+00
  1.2857500E+03 -0.000E+00 -0.000E+00  0.000E+00
  1.2862500E+03 -0.000E+00 -0.000E+00  0.000E+00
  1.2867500E+03 -0.000E+00 -0.000E+00  0.000E+00
  1.2872500E+03 -0.000E+00 -0.000E+00  0.000E+00
  1.2877500E+03 -0.000E+00 -0.000E+00  0.000E+00
  1.2882500E+03 -0.000E+00 -0.000E+00  0.000E+00
  1.2887500E+03 -0.000E+00 -0.000E+00  0.000E+00
  1.2892500E+03 -0.000E+00 -0.000E+00  0.000E+00
  1.2897500E+03 -0.000E+00 -0.000E+00  0.000E+00
  1.2902500E+03 -0.000E+00 -0.000E+00  0.000E+00
  1.2907500E+03 -0.000E+00 -0.000E+00  0.000E+00
  1.2912500E+03 -0.000E+00 -0.000E+00  0.000E+00
  1.2917500E+03 -0.000E+00 -0.000E+00  0.000E+00
  1.2922500E+03 -0.000E+00 -0.000E+00  0.000E+00
  1.2927500E+03 -0.000E+00 -0.000E+00  0.000E+00
  1.2932500E+03 -0.000E+00 -0.000E+00  0.000E+00
  1.2937500E+03 -0.000E+00 -0.000E+00  0.000E+00
  1.2942500E+03 -0.000E+00 -0.000E+00  0.000E+00
  1.2947500E+03 -0.000E+00 -0.000E+00  0.000E+00
  1.2952500E+03 -0.000E+00 -0.000E+00  0.000E+00
  1.2957500E+03 -0.000E+00 -0.000E+00  0.000E+00
  1.2962500E+03 -0.000E+00 -0.000E+00  0.000E+00
  1.2967500E+03 -0.000E+00 -0.000E+00  0.000E+00
  1.2972500E+03 -0.000E+00 -0.000E+00  0.000E+00
  1.2977500E+03 -0.000E+00 -0.000E+00  0.000E+00
  1.2982500E+03 -0.000E+00 -0.000E+00  0.000E+00
  1.2987500E+03 -0.000E+00 -0.000E+00  0.000E+00
  1.2992500E+03 -0.000E+00 -0.000E+00  0.000E+00
  1.2997500E+03 -0.000E+00 -0.000E+00  0.000E+00
  1.3002500E+03 -0.000E+00 -0.000E+00  0.000E+00
  1.3007500E+03  3.477E-04  1.659E-04  2.582E-04
  1.3012500E+03  2.354E-04  9.753E-06  4.497E-04
  1.3017500E+03 -1.221E-04 -1.013E-04  1.044E-05
  1.3022500E+03  2.681E-04  3.917E-04 -4.853E-04
  1.3027500E+03  7.802E-04  5.979E-04 -2.620E-06
  1.3032500E+03 -1.330E-04 -4.223E-05 -1.620E-04
  1.3037500E+03 -1.592E-04 -8.838E-05 -8.190E-05
  1.3042500E+03  4.247E-05  1.245E-04 -2.518E-04
  1.3047500E+03  1.164E-05 -3.017E-05  1.028E-04
  1.3052500E+03 -1.050E-04 -2.373E-04  3.908E-04
  1.3057500E+03 -4.789E-04 -1.333E-05 -8.922E-04
  1.3062500E+03  8.320E-05  4.306E-04 -9.528E-04
  1.3067500E+03  3.612E-04 -1.436E-04  1.013E-03
  1.3072500E+03 -1.125E-03 -1.906E-03  2.826E-03
  1.3077500E+03  1.935E-03  1.280E-03  2.613E-04
  1.3082500E+03  3.876E-03  7.663E-04  5.861E-03
  1.3087500E+03  9.526E-04  2.221E-03 -4.332E-03
  1.3092500E+03  1.066E-03  1.561E-03 -2.111E-03
  1.3097500E+03 -5.339E-03 -6.199E-03  6.327E-03
  1.3102500E+03  2.727E-03  5.206E-03 -8.374E-03
  1.3107500E+03 -9.777E-03 -4.341E-03 -8.304E-03
  1.3112500E+03 -9.340E-05 -1.299E-03  3.202E-03
  1.3117500E+03 -1.813E-05  1.563E-03 -4.713E-03
  1.3122500E+03  3.753E-03  3.539E-03 -2.424E-03
  1.3127500E+03 -3.413E-03 -3.657E-03  3.227E-03
  1.3132500E+03 -1.027E-02 -9.250E-03  4.258E-03
  1.3137500E+03 -4.496E-03 -4.636E-03  2.780E-03
  1.3142500E+03  7.699E-03  5.759E-03 -6.101E-04
  1.3147500E+03 -5.018E-03 -8.523E-03  1.423E-02
  1.3152500E+03 -1.808E-02 -6.684E-03 -2.134E-02
  1.3157500E+03  7.513E-03  5.990E-03 -1.521E-05
  1.3162500E+03 -1.018E-02 -3.450E-04 -2.111E-02
  1.3167500E+03 -1.974E-03 -6.038E-03  1.241E-02
  1.3172500E+03  7.683E-03  1.874E-03  1.171E-02
  1.3177500E+03 -5.318E-03 -1.137E-03 -7.789E-03
  1.3182500E+03 -6.293E-03 -5.547E-03  2.006E-04
  1.3187500E+03 -1.882E-02 -1.733E-02  7.448E-03
  1.3192500E+03 -2.615E-02 -1.876E-02 -2.672E-03
  1.3197500E+03 -1.299E-02 -1.887E-03 -2.440E-02
  1.3202500E+03  2.853E-02  1.364E-02  2.127E-02
  1.3207500E+03 -2.270E-02 -1.175E-02 -1.810E-02
  1.3212500E+03 -2.982E-02 -2.080E-02 -4.047E-03
  1.3217500E+03 -8.628E-02 -5.368E-02 -3.582E-02
  1.3222500E+03 -1.196E-01 -7.226E-02 -5.698E-02
  1.3227500E+03 -8.420E-02 -1.412E-02 -1.534E-01
  1.3232500E+03 -2.820E-01 -1.548E-01 -1.803E-01
  1.3237500E+03 -5.592E-01 -3.027E-01 -3.732E-01
  1.3242500E+03 -1.039E+00 -5.817E-01 -6.319E-01
  1.3247500E+03 -2.062E+00 -1.124E+00 -1.336E+00
  1.3252500E+03 -3.898E+00 -2.044E+00 -2.762E+00
  1.3257500E+03 -6.936E+00 -3.843E+00 -4.297E+00
  1.3262500E+03 -1.027E+01 -5.566E+00 -6.695E+00
  1.3267500E+03 -1.487E+01 -8.288E+00 -8.991E+00
  1.3272500E+03 -2.039E+01 -1.107E+01 -1.315E+01
  1.3277500E+03 -2.565E+01 -1.423E+01 -1.557E+01
  1.3282500E+03 -3.106E+01 -1.751E+01 -1.796E+01
  1.3287500E+03 -3.383E+01 -1.883E+01 -2.018E+01
  1.3292500E+03 -3.700E+01 -2.044E+01 -2.244E+01
  1.3297500E+03 -3.851E+01 -2.158E+01 -2.233E+01
  1.3302500E+03 -3.833E+01 -2.127E+01 -2.274E+01
  1.3307500E+03 -3.894E+01 -2.215E+01 -2.142E+01
  1.3312500E+03 -3.529E+01 -1.998E+01 -1.958E+01
  1.3317500E+03 -3.311E+01 -1.854E+01 -1.889E+01
  1.3322500E+03 -3.036E+01 -1.755E+01 -1.563E+01
  1.3327500E+03 -2.709E+01 -1.521E+01 -1.519E+01
  1.3332500E+03 -2.260E+01 -1.256E+01 -1.295E+01
  1.3337500E+03 -1.955E+01 -1.114E+01 -1.035E+01
  1.3342500E+03 -1.660E+01 -9.053E+00 -9.932E+00
  1.3347500E+03 -1.431E+01 -7.824E+00 -8.496E+00
  1.3352500E+03 -1.031E+01 -5.685E+00 -5.911E+00
  1.3357500E+03 -8.774E+00 -4.976E+00 -4.600E+00
  1.3362500E+03 -6.622E+00 -3.485E+00 -4.248E+00
  1.3367500E+03 -5.686E+00 -3.267E+00 -2.811E+00
  1.3372500E+03 -3.643E+00 -2.040E+00 -1.906E+00
  1.3377500E+03 -2.589E+00 -1.341E+00 -1.649E+00
  1.3382500E+03 -1.280E+00 -7.353E-01 -5.700E-01
  1.3387500E+03 -1.192E+00 -6.379E-01 -6.450E-01
  1.3392500E+03 -2.051E-02  4.508E-02 -8.086E-02
  1.3397500E+03  1.237E-01  2.034E-02  2.947E-01
  1.3402500E+03  4.715E-01  2.076E-01  5.168E-01
  1.3407500E+03  8.648E-01  7.234E-01 -1.334E-01
  1.3412500E+03  1.160E+00  7.214E-01  5.055E-01
  1.3417500E+03  2.068E+00  1.023E+00  1.608E+00
  1.3422500E+03  1.903E+00  1.265E+00  5.302E-01
  1.3427500E+03  1.621E+00  8.912E-01  1.006E+00
  1.3432500E+03  2.271E+00  1.313E+00  1.203E+00
  1.3437500E+03  2.036E+00  1.060E+00  1.418E+00
  1.3442500E+03  2.327E+00  1.420E+00  9.957E-01
  1.3447500E+03  2.628E+00  1.544E+00  1.286E+00
  1.3452500E+03  1.899E+00  1.048E+00  1.142E+00
  1.3457500E+03  2.481E+00  1.395E+00  1.401E+00
  1.3462500E+03  2.325E+00  1.155E+00  1.766E+00
  1.3467500E+03  2.308E+00  1.274E+00  1.381E+00
  1.3472500E+03  2.815E+00  1.547E+00  1.690E+00
  1.3477500E+03  2.616E+00  1.247E+00  2.123E+00
  1.3482500E+03  2.620E+00  1.522E+00  1.333E+00
  1.3487500E+03  2.897E+00  1.594E+00  1.721E+00
  1.3492500E+03  2.429E+00  1.365E+00  1.370E+00
  1.3497500E+03  2.770E+00  1.548E+00  1.586E+00
  1.3502500E+03  2.416E+00  1.234E+00  1.722E+00
  1.3507500E+03  2.495E+00  1.453E+00  1.247E+00
  1.3512500E+03  2.434E+00  1.431E+00  1.168E+00
  1.3517500E+03  2.549E+00  1.459E+00  1.353E+00
  1.3522500E+03  2.507E+00  1.370E+00  1.508E+00
  1.3527500E+03  2.431E+00  1.385E+00  1.310E+00
  1.3532500E+03  2.521E+00  1.484E+00  1.221E+00
  1.3537500E+03  2.640E+00  1.491E+00  1.455E+00
  1.3542500E+03  2.718E+00  1.553E+00  1.448E+00
  1.3547500E+03  2.407E+00  1.364E+00  1.319E+00
  1.3552500E+03  2.171E+00  1.126E+00  1.505E+00
  1.3557500E+03  2.166E+00  1.206E+00  1.245E+00
  1.3562500E+03  2.481E+00  1.427E+00  1.293E+00
  1.3567500E+03  2.619E+00  1.488E+00  1.409E+00
  1.3572500E+03  1.972E+00  1.109E+00  1.110E+00
  1.3577500E+03  2.298E+00  1.280E+00  1.322E+00
  1.3582500E+03  2.206E+00  1.155E+00  1.488E+00
  1.3587500E+03  2.219E+00  1.216E+00  1.330E+00
  1.3592500E+03  2.537E+00  1.476E+00  1.287E+00
  1.3597500E+03  2.449E+00  1.410E+00  1.273E+00
  1.3602500E+03  2.253E+00  1.199E+00  1.461E+00
  1.3607500E+03  2.078E+00  1.188E+00  1.096E+00
  1.3612500E+03  2.009E+00  1.134E+00  1.120E+00
  1.3617500E+03  2.007E+00  1.111E+00  1.173E+00
  1.3622500E+03  2.271E+00  1.236E+00  1.380E+00
  1.3627500E+03  2.339E+00  1.386E+00  1.095E+00
  1.3632500E+03  2.117E+00  1.204E+00  1.160E+00
  1.3637500E+03  2.227E+00  1.224E+00  1.331E+00
  1.3642500E+03  2.040E+00  1.160E+00  1.106E+00
  1.3647500E+03  2.118E+00  1.124E+00  1.376E+00
  1.3652500E+03  2.125E+00  1.093E+00  1.487E+00
  1.3657500E+03  2.212E+00  1.291E+00  1.108E+00
  1.3662500E+03  2.269E+00  1.195E+00  1.511E+00
  1.3667500E+03  2.198E+00  1.320E+00  9.838E-01
  1.3672500E+03  2.117E+00  1.223E+00  1.083E+00
  1.3677500E+03  2.058E+00  1.187E+00  1.069E+00
  1.3682500E+03  2.025E+00  1.165E+00  1.048E+00
  1.3687500E+03  1.888E+00  1.079E+00  1.007E+00
  1.3692500E+03  2.072E+00  1.170E+00  1.145E+00
  1.3697500E+03  1.844E+00  1.011E+00  1.091E+00
  1.3702500E+03  1.958E+00  1.116E+00  1.046E+00
  1.3707500E+03  2.106E+00  1.215E+00  1.087E+00
  1.3712500E+03  2.039E+00  1.220E+00  9.382E-01
  1.3717500E+03  2.011E+00  1.130E+00  1.105E+00
  1.3722500E+03  1.812E+00  9.855E-01  1.113E+00
  1.3727500E+03  1.880E+00  9.776E-01  1.272E+00
  1.3732500E+03  1.987E+00  1.052E+00  1.309E+00
  1.3737500E+03  1.913E+00  1.066E+00  1.090E+00
  1.3742500E+03  1.757E+00  9.486E-01  1.089E+00
  1.3747500E+03  1.932E+00  1.092E+00  1.063E+00
  1.3752500E+03  1.901E+00  1.062E+00  1.079E+00
  1.3757500E+03  1.915E+00  1.178E+00  7.861E-01
  1.3762500E+03  2.083E+00  1.257E+00  9.018E-01
  1.3767500E+03  1.712E+00  9.035E-01  1.131E+00
  1.3772500E+03  1.795E+00  1.002E+00  1.036E+00
  1.3777500E+03  1.813E+00  9.749E-01  1.149E+00
  1.3782500E+03  1.942E+00  1.104E+00  1.048E+00
  1.3787500E+03  1.686E+00  9.230E-01  1.012E+00
  1.3792500E+03  1.502E+00  7.750E-01  1.049E+00
  1.3797500E+03  1.689E+00  9.402E-01  9.891E-01
  1.3802500E+03  1.852E+00  1.053E+00  9.921E-01
  1.3807500E+03  1.693E+00  9.293E-01  1.010E+00
  1.3812500E+03  1.706E+00  9.305E-01  1.042E+00
  1.3817500E+03  1.660E+00  9.722E-01  8.096E-01
  1.3822500E+03  1.749E+00  1.046E+00  7.830E-01
  1.3827500E+03  1.669E+00  9.115E-01  1.008E+00
  1.3832500E+03  1.514E+00  8.020E-01  9.268E-01
  1.3837500E+03  1.529E+00  8.184E-01  1.071E+00
  1.3842500E+03  1.554E+00  8.352E-01  9.949E-01
  1.3847500E+03  1.760E+00  1.052E+00  7.925E-01
  1.3852500E+03  1.538E+00  8.551E-01  8.883E-01
  1.3857500E+03  1.663E+00  8.997E-01  1.031E+00
  1.3862500E+03  1.684E+00  9.435E-01  9.436E-01
  1.3867500E+03  1.521E+00  8.067E-01  9.893E-01
  1.3872500E+03  1.628E+00  9.296E-01  8.361E-01
  1.3877500E+03  1.418E+00  8.177E-01  7.704E-01
  1.3882500E+03  1.597E+00  8.959E-01  9.042E-01
  1.3887500E+03  1.571E+00  8.703E-01  8.991E-01
  1.3892500E+03  1.529E+00  8.802E-01  8.012E-01
  1.3897500E+03  1.617E+00  9.357E-01  8.255E-01
  1.3902500E+03  1.463E+00  8.387E-01  7.761E-01
  1.3907500E+03  1.614E+00  8.794E-01  9.829E-01
  1.3912500E+03  1.481E+00  7.876E-01  9.677E-01
  1.3917500E+03  1.305E+00  6.998E-01  8.473E-01
  1.3922500E+03  1.451E+00  8.208E-01  7.871E-01
  1.3927500E+03  1.606E+00  8.785E-01  9.699E-01
  1.3932500E+03  1.556E+00  9.014E-01  7.913E-01
  1.3937500E+03  1.477E+00  7.851E-01  9.509E-01
  1.3942500E+03  1.379E+00  7.665E-01  8.102E-01
  1.3947500E+03  1.316E+00  7.337E-01  7.529E-01
  1.3952500E+03  1.426E+00  7.924E-01  8.519E-01
  1.3957500E+03  1.429E+00  7.439E-01  9.979E-01
  1.3962500E+03  1.530E+00  8.237E-01  9.533E-01
  1.3967500E+03  1.230E+00  6.855E-01  6.926E-01
  1.3972500E+03  1.319E+00  7.818E-01  6.255E-01
  1.3977500E+03  1.314E+00  7.537E-01  7.008E-01
  1.3982500E+03  1.400E+00  8.150E-01  6.998E-01
  1.3987500E+03  1.351E+00  7.278E-01  8.478E-01
  1.3992500E+03  1.223E+00  6.426E-01  8.136E-01
  1.3997500E+03  1.334E+00  7.408E-01  7.604E-01
  1.4002500E+03  1.346E+00  7.828E-01  6.973E-01
  1.4007500E+03  1.426E+00  8.329E-01  7.179E-01
  1.4012500E+03  1.099E+00  5.903E-01  7.012E-01
  1.4017500E+03  1.363E+00  7.252E-01  8.854E-01
  1.4022500E+03  1.317E+00  6.848E-01  9.150E-01
  1.4027500E+03  1.326E+00  7.866E-01  6.295E-01
  1.4032500E+03  1.276E+00  7.398E-01  6.485E-01
  1.4037500E+03  1.413E+00  7.898E-01  8.024E-01
  1.4042500E+03  1.401E+00  7.962E-01  7.433E-01
  1.4047500E+03  1.241E+00  7.046E-01  6.734E-01
  1.4052500E+03  1.375E+00  7.614E-01  7.927E-01
  1.4057500E+03  1.238E+00  7.002E-01  6.820E-01
  1.4062500E+03  1.205E+00  6.771E-01  6.915E-01
  1.4067500E+03  1.242E+00  7.120E-01  6.718E-01
  1.4072500E+03  1.311E+00  7.782E-01  6.182E-01
  1.4077500E+03  1.369E+00  7.655E-01  7.729E-01
  1.4082500E+03  1.158E+00  5.863E-01  8.478E-01
  1.4087500E+03  1.188E+00  6.960E-01  5.822E-01
  1.4092500E+03  1.242E+00  7.076E-01  6.680E-01
  1.4097500E+03  1.212E+00  6.897E-01  6.547E-01
  1.4102500E+03  1.174E+00  6.772E-01  6.294E-01
  1.4107500E+03  1.068E+00  5.228E-01  8.552E-01
  1.4112500E+03  1.129E+00  6.227E-01  6.831E-01
  1.4117500E+03  1.222E+00  7.213E-01  5.826E-01
  1.4122500E+03  1.222E+00  6.527E-01  7.977E-01
  1.4127500E+03  1.036E+00  6.004E-01  5.382E-01
  1.4132500E+03  1.022E+00  5.327E-01  6.844E-01
  1.4137500E+03  1.117E+00  5.584E-01  8.361E-01
  1.4142500E+03  1.228E+00  6.588E-01  7.793E-01
  1.4147500E+03  1.069E+00  5.918E-01  6.152E-01
  1.4152500E+03  1.211E+00  6.657E-01  7.295E-01
  1.4157500E+03  1.174E+00  6.486E-01  6.392E-01
  1.4162500E+03  1.211E+00  6.648E-01  7.183E-01
  1.4167500E+03  1.075E+00  6.176E-01  5.861E-01
  1.4172500E+03  1.049E+00  5.553E-01  6.943E-01
  1.4177500E+03  1.039E+00  5.838E-01  5.449E-01
  1.4182500E+03  1.155E+00  7.150E-01  4.935E-01
  1.4187500E+03  1.142E+00  6.034E-01  6.892E-01
  1.4192500E+03  1.159E+00  7.164E-01  4.958E-01
  1.4197500E+03  1.020E+00  5.832E-01  6.061E-01
  1.4202500E+03  1.229E+00  7.004E-01  6.739E-01
  1.4207500E+03  9.957E-01  5.795E-01  5.038E-01
  1.4212500E+03  1.016E+00  5.289E-01  6.910E-01
  1.4217500E+03  9.819E-01  5.589E-01  5.504E-01
  1.4222500E+03  1.057E+00  6.161E-01  5.320E-01
  1.4227500E+03  1.021E+00  5.487E-01  6.410E-01
  1.4232500E+03  1.003E+00  5.778E-01  5.423E-01
  1.4237500E+03  1.007E+00  5.460E-01  6.240E-01
  1.4242500E+03  1.025E+00  5.727E-01  5.948E-01
  1.4247500E+03  1.108E+00  6.500E-01  5.284E-01
  1.4252500E+03  1.094E+00  6.263E-01  5.715E-01
  1.4257500E+03  1.015E+00  5.714E-01  5.674E-01
  1.4262500E+03  9.949E-01  5.187E-01  6.739E-01
  1.4267500E+03  9.471E-01  5.072E-01  6.291E-01
  1.4272500E+03  1.056E+00  6.203E-01  4.878E-01
  1.4277500E+03  9.238E-01  5.335E-01  4.800E-01
  1.4282500E+03  8.634E-01  4.713E-01  5.267E-01
  1.4287500E+03  1.023E+00  5.777E-01  5.673E-01
  1.4292500E+03  1.006E+00  5.529E-01  6.027E-01
  1.4297500E+03  9.618E-01  5.112E-01  6.292E-01
  1.4302500E+03  9.718E-01  5.651E-01  4.883E-01
  1.4307500E+03  9.857E-01  5.512E-01  5.676E-01
  1.4312500E+03  9.195E-01  5.458E-01  4.536E-01
  1.4317500E+03  8.773E-01  4.917E-01  4.977E-01
  1.4322500E+03  9.963E-01  5.260E-01  6.681E-01
  1.4327500E+03  1.006E+00  5.383E-01  6.587E-01
  1.4332500E+03  9.709E-01  5.593E-01  5.185E-01
  1.4337500E+03  9.178E-01  4.938E-01  5.838E-01
  1.4342500E+03  9.170E-01  4.947E-01  5.793E-01
  1.4347500E+03  8.301E-01  4.903E-01  3.939E-01
  1.4352500E+03  8.939E-01  4.937E-01  5.215E-01
  1.4357500E+03  9.853E-01  5.408E-01  5.782E-01
  1.4362500E+03  9.227E-01  5.272E-01  4.918E-01
  1.4367500E+03  7.782E-01  4.295E-01  4.816E-01
  1.4372500E+03  9.292E-01  5.219E-01  5.195E-01
  1.4377500E+03  8.084E-01  4.514E-01  4.647E-01
  1.4382500E+03  8.814E-01  4.931E-01  4.943E-01
  1.4387500E+03  8.567E-01  4.762E-01  4.946E-01
  1.4392500E+03  8.930E-01  5.139E-01  4.730E-01
  1.4397500E+03  8.973E-01  5.448E-01  4.062E-01
  1.4402500E+03  9.103E-01  4.976E-01  5.743E-01
  1.4407500E+03  8.717E-01  4.764E-01  5.383E-01
  1.4412500E+03  8.730E-01  4.776E-01  5.247E-01
  1.4417500E+03  8.438E-01  5.043E-01  3.927E-01
  1.4422500E+03  8.367E-01  4.689E-01  4.808E-01
  1.4427500E+03  8.233E-01  4.220E-01  5.834E-01
  1.4432500E+03  8.724E-01  4.766E-01  5.297E-01
  1.4437500E+03  7.972E-01  4.485E-01  4.452E-01
  1.4442500E+03  8.245E-01  4.842E-01  4.097E-01
  1.4447500E+03  8.071E-01  4.302E-01  4.965E-01
  1.4452500E+03  7.990E-01  4.582E-01  4.278E-01
  1.4457500E+03  8.868E-01  5.229E-01  4.549E-01
  1.4462500E+03  8.098E-01  4.708E-01  4.619E-01
  1.4467500E+03  8.031E-01  4.597E-01  3.922E-01
  1.4472500E+03  7.704E-01  4.484E-01  4.252E-01
  1.4477500E+03  8.262E-01  4.420E-01  5.350E-01
  1.4482500E+03  8.866E-01  5.194E-01  4.330E-01
  1.4487500E+03  7.753E-01  4.473E-01  4.161E-01
  1.4492500E+03  7.413E-01  4.047E-01  4.512E-01
  1.4497500E+03  7.404E-01  3.768E-01  5.376E-01
  1.4502500E+03  7.371E-01  4.113E-01  4.206E-01
  1.4507500E+03  7.511E-01  4.146E-01  4.446E-01
  1.4512500E+03  7.707E-01  4.003E-01  5.297E-01
  1.4517500E+03  8.118E-01  4.445E-01  5.074E-01
  1.4522500E+03  8.413E-01  4.633E-01  4.906E-01
  1.4527500E+03  8.117E-01  4.634E-01  4.102E-01
  1.4532500E+03  8.039E-01  4.897E-01  3.348E-01
  1.4537500E+03  7.015E-01  3.800E-01  4.581E-01
  1.4542500E+03  7.437E-01  3.903E-01  5.166E-01
  1.4547500E+03  8.358E-01  4.576E-01  4.949E-01
  1.4552500E+03  7.594E-01  4.175E-01  4.598E-01
  1.4557500E+03  7.024E-01  3.879E-01  4.176E-01
  1.4562500E+03  7.067E-01  3.786E-01  4.474E-01
  1.4567500E+03  7.917E-01  4.376E-01  4.495E-01
  1.4572500E+03  7.540E-01  4.222E-01  4.342E-01
  1.4577500E+03  7.099E-01  3.799E-01  4.614E-01
  1.4582500E+03  7.024E-01  3.905E-01  4.155E-01
  1.4587500E+03  7.141E-01  4.060E-01  3.831E-01
  1.4592500E+03  7.028E-01  3.834E-01  4.318E-01
  1.4597500E+03  7.508E-01  4.445E-01  3.478E-01
  1.4602500E+03  7.545E-01  4.151E-01  4.603E-01
  1.4607500E+03  7.285E-01  3.873E-01  4.817E-01
  1.4612500E+03  7.113E-01  3.796E-01  4.712E-01
  1.4617500E+03  7.108E-01  4.152E-01  3.619E-01
  1.4622500E+03  6.617E-01  3.625E-01  4.041E-01
  1.4627500E+03  6.340E-01  3.437E-01  4.112E-01
  1.4632500E+03  6.876E-01  3.807E-01  4.123E-01
  1.4637500E+03  6.498E-01  3.386E-01  4.425E-01
  1.4642500E+03  6.247E-01  3.303E-01  4.322E-01
  1.4647500E+03  6.315E-01  3.423E-01  3.929E-01
  1.4652500E+03  6.564E-01  3.716E-01  3.585E-01
  1.4657500E+03  6.180E-01  3.435E-01  3.484E-01
  1.4662500E+03  6.943E-01  3.815E-01  4.182E-01
  1.4667500E+03  6.848E-01  3.891E-01  3.809E-01
  1.4672500E+03  6.909E-01  4.064E-01  3.389E-01
  1.4677500E+03  6.241E-01  3.576E-01  3.326E-01
  1.4682500E+03  6.465E-01  3.182E-01  5.103E-01
  1.4687500E+03  6.984E-01  4.015E-01  3.765E-01
  1.4692500E+03  6.990E-01  4.091E-01  3.485E-01
  1.4697500E+03  6.114E-01  3.506E-01  3.396E-01
  1.4702500E+03  6.176E-01  3.628E-01  3.178E-01
  1.4707500E+03  6.596E-01  3.755E-01  3.522E-01
  1.4712500E+03  6.481E-01  3.674E-01  3.690E-01
  1.4717500E+03  6.507E-01  3.672E-01  3.563E-01
  1.4722500E+03  6.982E-01  3.974E-01  3.742E-01
  1.4727500E+03  6.490E-01  3.568E-01  3.859E-01
  1.4732500E+03  6.474E-01  3.550E-01  3.821E-01
  1.4737500E+03  6.015E-01  3.226E-01  3.999E-01
  1.4742500E+03  6.199E-01  3.322E-01  3.966E-01
  1.4747500E+03  6.737E-01  3.625E-01  4.309E-01
  1.4752500E+03  6.239E-01  3.408E-01  3.649E-01
  1.4757500E+03  5.904E-01  3.301E-01  3.302E-01
  1.4762500E+03  5.905E-01  3.345E-01  3.152E-01
  1.4767500E+03  6.118E-01  3.331E-01  3.745E-01
  1.4772500E+03  5.841E-01  2.955E-01  4.330E-01
  1.4777500E+03  5.711E-01  3.271E-01  3.194E-01
  1.4782500E+03  5.944E-01  3.395E-01  3.350E-01
  1.4787500E+03  6.374E-01  3.536E-01  3.678E-01
  1.4792500E+03  6.607E-01  3.853E-01  3.144E-01
  1.4797500E+03  5.885E-01  3.299E-01  3.431E-01
  1.4802500E+03  5.602E-01  2.957E-01  3.655E-01
  1.4807500E+03  5.240E-01  3.022E-01  2.888E-01
  1.4812500E+03  5.973E-01  3.381E-01  3.479E-01
  1.4817500E+03  6.384E-01  3.541E-01  3.826E-01
  1.4822500E+03  5.994E-01  3.466E-01  3.082E-01
  1.4827500E+03  5.920E-01  3.129E-01  3.915E-01
  1.4832500E+03  5.730E-01  3.086E-01  3.566E-01
  1.4837500E+03  5.138E-01  2.659E-01  3.697E-01
  1.4842500E+03  5.427E-01  2.938E-01  3.392E-01
  1.4847500E+03  6.023E-01  3.302E-01  3.639E-01
  1.4852500E+03  5.216E-01  3.088E-01  2.708E-01
  1.4857500E+03  5.002E-01  2.842E-01  2.649E-01
  1.4862500E+03  5.633E-01  3.159E-01  3.066E-01
  1.4867500E+03  5.456E-01  3.024E-01  3.472E-01
  1.4872500E+03  5.776E-01  3.076E-01  3.769E-01
  1.4877500E+03  6.101E-01  3.326E-01  3.678E-01
  1.4882500E+03  5.532E-01  2.859E-01  3.742E-01
  1.4887500E+03  4.951E-01  2.791E-01  2.897E-01
  1.4892500E+03  5.332E-01  2.834E-01  3.531E-01
  1.4897500E+03  5.956E-01  3.397E-01  3.340E-01
  1.4902500E+03  5.897E-01  3.488E-01  2.744E-01
  1.4907500E+03  5.595E-01  3.251E-01  2.842E-01
  1.4912500E+03  5.617E-01  3.264E-01  2.934E-01
  1.4917500E+03  5.927E-01  3.327E-01  3.385E-01
  1.4922500E+03  4.532E-01  2.253E-01  3.400E-01
  1.4927500E+03  5.145E-01  2.851E-01  3.100E-01
  1.4932500E+03  5.347E-01  3.112E-01  2.757E-01
  1.4937500E+03  4.416E-01  2.607E-01  2.106E-01
  1.4942500E+03  5.234E-01  2.956E-01  2.912E-01
  1.4947500E+03  4.628E-01  2.378E-01  3.245E-01
  1.4952500E+03  4.699E-01  2.466E-01  3.211E-01
  1.4957500E+03  5.162E-01  2.775E-01  3.268E-01
  1.4962500E+03  5.953E-01  3.249E-01  3.483E-01
  1.4967500E+03  5.605E-01  3.090E-01  3.261E-01
  1.4972500E+03  5.451E-01  3.453E-01  1.893E-01
  1.4977500E+03  4.505E-01  2.309E-01  3.211E-01
  1.4982500E+03  4.646E-01  2.731E-01  2.199E-01
  1.4987500E+03  4.838E-01  2.664E-01  2.904E-01
  1.4992500E+03  5.053E-01  2.736E-01  3.221E-01
  1.4997500E+03  5.623E-01  2.901E-01  3.961E-01
  1.5002500E+03  5.296E-01  2.943E-01  3.120E-01
  1.5007500E+03  4.776E-01  2.790E-01  2.532E-01
  1.5012500E+03  5.153E-01  2.667E-01  3.478E-01
  1.5017500E+03  4.913E-01  2.559E-01  3.407E-01
  1.5022500E+03  4.171E-01  2.430E-01  2.232E-01
  1.5027500E+03  4.562E-01  2.581E-01  2.347E-01
  1.5032500E+03  4.298E-01  2.110E-01  3.419E-01
  1.5037500E+03  4.945E-01  2.703E-01  3.145E-01
  1.5042500E+03  4.960E-01  2.967E-01  2.127E-01
  1.5047500E+03  4.781E-01  2.776E-01  2.439E-01
  1.5052500E+03  4.611E-01  2.619E-01  2.565E-01
  1.5057500E+03  4.772E-01  2.796E-01  2.342E-01
  1.5062500E+03  4.144E-01  2.229E-01  2.620E-01
  1.5067500E+03  4.336E-01  2.601E-01  1.945E-01
  1.5072500E+03  4.717E-01  2.290E-01  3.721E-01
  1.5077500E+03  5.054E-01  2.895E-01  2.658E-01
  1.5082500E+03  4.978E-01  2.749E-01  2.799E-01
  1.5087500E+03  4.656E-01  2.580E-01  2.743E-01
  1.5092500E+03  4.991E-01  2.877E-01  2.656E-01
  1.5097500E+03  4.709E-01  2.709E-01  2.646E-01
  1.5102500E+03  4.274E-01  2.065E-01  3.409E-01
  1.5107500E+03  3.979E-01  2.113E-01  2.710E-01
  1.5112500E+03  4.075E-01  2.297E-01  2.387E-01
  1.5117500E+03  4.096E-01  2.478E-01  1.801E-01
  1.5122500E+03  4.366E-01  2.578E-01  2.141E-01
  1.5127500E+03  5.046E-01  2.854E-01  2.702E-01
  1.5132500E+03  4.296E-01  2.304E-01  2.881E-01
  1.5137500E+03  4.253E-01  2.451E-01  2.245E-01
  1.5142500E+03  4.563E-01  2.539E-01  2.711E-01
  1.5147500E+03  3.864E-01  1.951E-01  2.860E-01
  1.5152500E+03  4.151E-01  2.157E-01  2.826E-01
  1.5157500E+03  3.999E-01  2.240E-01  2.347E-01
  1.5162500E+03  4.159E-01  2.609E-01  1.599E-01
  1.5167500E+03  4.553E-01  2.715E-01  2.142E-01
  1.5172500E+03  4.646E-01  2.698E-01  2.514E-01
  1.5177500E+03  4.759E-01  2.864E-01  2.141E-01
  1.5182500E+03  4.368E-01  2.208E-01  3.265E-01
  1.5187500E+03  3.802E-01  2.078E-01  2.378E-01
  1.5192500E+03  4.039E-01  2.204E-01  2.397E-01
  1.5197500E+03  3.797E-01  2.108E-01  2.189E-01
  1.5202500E+03  3.564E-01  1.986E-01  2.002E-01
  1.5207500E+03  4.795E-01  2.554E-01  3.153E-01
  1.5212500E+03  4.340E-01  2.344E-01  2.757E-01
  1.5217500E+03  4.162E-01  2.373E-01  2.400E-01
  1.5222500E+03  3.682E-01  2.139E-01  1.909E-01
  1.5227500E+03  4.412E-01  2.439E-01  2.648E-01
  1.5232500E+03  3.970E-01  2.006E-01  3.103E-01
  1.5237500E+03  3.902E-01  2.137E-01  2.470E-01
  1.5242500E+03  3.845E-01  2.023E-01  2.567E-01
  1.5247500E+03  4.203E-01  2.257E-01  2.546E-01
  1.5252500E+03  4.398E-01  2.694E-01  1.801E-01
  1.5257500E+03  4.110E-01  2.066E-01  2.902E-01
  1.5262500E+03  4.217E-01  2.638E-01  1.745E-01
  1.5267500E+03  3.682E-01  2.270E-01  1.465E-01
  1.5272500E+03  3.494E-01  1.909E-01  2.325E-01
  1.5277500E+03  3.830E-01  2.024E-01  2.613E-01
  1.5282500E+03  4.038E-01  1.943E-01  3.252E-01
  1.5287500E+03  4.105E-01  2.294E-01  2.456E-01
  1.5292500E+03  3.669E-01  2.165E-01  1.930E-01
  1.5297500E+03  3.831E-01  2.139E-01  2.207E-01
  1.5302500E+03  3.887E-01  2.118E-01  2.436E-01
  1.5307500E+03  3.810E-01  2.074E-01  2.370E-01
  1.5312500E+03  3.525E-01  2.060E-01  1.784E-01
  1.5317500E+03  3.471E-01  2.054E-01  1.639E-01
  1.5322500E+03  3.295E-01  1.571E-01  2.836E-01
  1.5327500E+03  3.769E-01  2.096E-01  2.074E-01
  1.5332500E+03  4.170E-01  2.349E-01  2.398E-01
  1.5337500E+03  3.863E-01  2.098E-01  2.544E-01
  1.5342500E+03  3.593E-01  1.901E-01  2.502E-01
  1.5347500E+03  4.118E-01  2.307E-01  2.352E-01
  1.5352500E+03  3.062E-01  1.579E-01  2.177E-01
  1.5357500E+03  3.079E-01  1.860E-01  1.300E-01
  1.5362500E+03  3.801E-01  2.158E-01  1.902E-01
  1.5367500E+03  3.732E-01  1.947E-01  2.418E-01
  1.5372500E+03  3.828E-01  2.272E-01  1.931E-01
  1.5377500E+03  3.602E-01  2.073E-01  1.885E-01
  1.5382500E+03  3.714E-01  2.129E-01  2.177E-01
  1.5387500E+03  3.561E-01  1.802E-01  2.496E-01
  1.5392500E+03  3.616E-01  2.142E-01  1.598E-01
  1.5397500E+03  3.028E-01  1.406E-01  2.441E-01
  1.5402500E+03  3.560E-01  1.849E-01  2.415E-01
  1.5407500E+03  3.519E-01  1.898E-01  2.322E-01
  1.5412500E+03  3.157E-01  1.760E-01  1.873E-01
  1.5417500E+03  3.831E-01  2.193E-01  2.097E-01
  1.5422500E+03  3.628E-01  1.935E-01  2.388E-01
  1.5427500E+03  2.924E-01  1.513E-01  2.069E-01
  1.5432500E+03  3.272E-01  1.869E-01  1.814E-01
  1.5437500E+03  3.166E-01  1.897E-01  1.654E-01
  1.5442500E+03  3.560E-01  1.840E-01  2.402E-01
  1.5447500E+03  3.080E-01  1.677E-01  1.793E-01
  1.5452500E+03  3.424E-01  2.112E-01  1.343E-01
  1.5457500E+03  3.171E-01  1.702E-01  2.115E-01
  1.5462500E+03  3.613E-01  1.829E-01  2.563E-01
  1.5467500E+03  3.979E-01  2.142E-01  2.327E-01
  1.5472500E+03  3.728E-01  2.437E-01  1.181E-01
  1.5477500E+03  3.046E-01  1.739E-01  1.707E-01
  1.5482500E+03  3.317E-01  1.709E-01  2.491E-01
  1.5487500E+03  2.901E-01  1.610E-01  1.824E-01
  1.5492500E+03  2.929E-01  1.465E-01  2.175E-01
  1.5497500E+03  3.120E-01  1.741E-01  1.836E-01
  1.5502500E+03  2.709E-01  1.682E-01  1.217E-01
  1.5507500E+03  2.905E-01  1.774E-01  1.495E-01
  1.5512500E+03  3.956E-01  2.161E-01  2.319E-01
  1.5517500E+03  3.674E-01  1.981E-01  2.190E-01
  1.5522500E+03  3.437E-01  1.972E-01  1.913E-01
  1.5527500E+03  3.455E-01  1.932E-01  1.892E-01
  1.5532500E+03  3.687E-01  2.100E-01  1.930E-01
  1.5537500E+03  2.654E-01  1.249E-01  2.198E-01
  1.5542500E+03  2.679E-01  1.323E-01  2.154E-01
  1.5547500E+03  3.563E-01  2.099E-01  1.913E-01
  1.5552500E+03  2.971E-01  1.672E-01  1.732E-01
  1.5557500E+03  3.306E-01  2.067E-01  1.231E-01
  1.5562500E+03  2.836E-01  1.645E-01  1.701E-01
  1.5567500E+03  2.538E-01  1.659E-01  1.088E-01
  1.5572500E+03  2.982E-01  1.845E-01  1.135E-01
  1.5577500E+03  2.871E-01  1.475E-01  1.897E-01
  1.5582500E+03  3.007E-01  1.385E-01  2.436E-01
  1.5587500E+03  2.837E-01  1.471E-01  2.007E-01
  1.5592500E+03  2.662E-01  1.510E-01  1.533E-01
  1.5597500E+03  3.363E-01  1.861E-01  1.879E-01
  1.5602500E+03  3.004E-01  1.754E-01  1.445E-01
  1.5607500E+03  2.766E-01  1.641E-01  1.263E-01
  1.5612500E+03  2.759E-01  1.483E-01  1.788E-01
  1.5617500E+03  3.066E-01  1.579E-01  2.264E-01
  1.5622500E+03  2.914E-01  1.664E-01  1.470E-01
  1.5627500E+03  3.109E-01  1.677E-01  1.684E-01
  1.5632500E+03  2.862E-01  1.632E-01  1.687E-01
  1.5637500E+03  3.623E-01  2.168E-01  1.687E-01
  1.5642500E+03  3.139E-01  1.535E-01  2.462E-01
  1.5647500E+03  3.192E-01  1.612E-01  2.252E-01
  1.5652500E+03  2.931E-01  1.737E-01  1.388E-01
  1.5657500E+03  2.777E-01  1.438E-01  1.824E-01
  1.5662500E+03  3.241E-01  1.648E-01  2.367E-01
  1.5667500E+03  2.707E-01  1.580E-01  1.207E-01
  1.5672500E+03  2.751E-01  1.648E-01  1.340E-01
  1.5677500E+03  2.730E-01  1.368E-01  2.070E-01
  1.5682500E+03  2.873E-01  1.485E-01  2.153E-01
  1.5687500E+03  2.716E-01  1.683E-01  1.256E-01
  1.5692500E+03  2.551E-01  1.485E-01  1.330E-01
  1.5697500E+03  2.566E-01  1.365E-01  1.677E-01
  1.5702500E+03  3.084E-01  1.659E-01  1.992E-01
  1.5707500E+03  2.569E-01  1.559E-01  1.373E-01
  1.5712500E+03  2.835E-01  1.605E-01  1.598E-01
  1.5717500E+03  2.239E-01  1.188E-01  1.430E-01
  1.5722500E+03  2.998E-01  1.565E-01  1.874E-01
  1.5727500E+03  2.651E-01  1.348E-01  1.951E-01
  1.5732500E+03  2.598E-01  1.411E-01  1.485E-01
  1.5737500E+03  3.294E-01  1.971E-01  1.497E-01
  1.5742500E+03  2.997E-01  1.600E-01  1.772E-01
  1.5747500E+03  2.879E-01  1.555E-01  1.925E-01
  1.5752500E+03  2.730E-01  1.465E-01  1.625E-01
  1.5757500E+03  2.366E-01  1.297E-01  1.390E-01
  1.5762500E+03  2.236E-01  1.223E-01  1.435E-01
  1.5767500E+03  2.422E-01  1.414E-01  1.316E-01
  1.5772500E+03  2.836E-01  1.594E-01  1.587E-01
  1.5777500E+03  2.363E-01  1.145E-01  1.898E-01
  1.5782500E+03  2.589E-01  1.282E-01  2.110E-01
  1.5787500E+03  2.483E-01  1.334E-01  1.642E-01
  1.5792500E+03  2.296E-01  1.014E-01  2.192E-01
  1.5797500E+03  2.397E-01  1.224E-01  1.757E-01
  1.5802500E+03  2.336E-01  1.413E-01  1.070E-01
  1.5807500E+03  2.564E-01  1.367E-01  1.681E-01
  1.5812500E+03  2.809E-01  1.615E-01  1.659E-01
  1.5817500E+03  2.739E-01  1.358E-01  2.203E-01
  1.5822500E+03  2.575E-01  1.337E-01  1.744E-01
  1.5827500E+03  2.768E-01  1.501E-01  1.785E-01
  1.5832500E+03  2.466E-01  1.325E-01  1.408E-01
  1.5837500E+03  2.450E-01  1.370E-01  1.491E-01
  1.5842500E+03  2.464E-01  1.583E-01  7.849E-02
  1.5847500E+03  2.530E-01  1.450E-01  1.302E-01
  1.5852500E+03  2.431E-01  1.483E-01  1.109E-01
  1.5857500E+03  2.270E-01  1.199E-01  1.702E-01
  1.5862500E+03  2.496E-01  1.410E-01  1.349E-01
  1.5867500E+03  2.865E-01  1.580E-01  1.496E-01
  1.5872500E+03  2.335E-01  1.331E-01  1.145E-01
  1.5877500E+03  2.731E-01  1.499E-01  1.686E-01
  1.5882500E+03  2.818E-01  1.679E-01  1.347E-01
  1.5887500E+03  2.614E-01  1.379E-01  1.701E-01
  1.5892500E+03  2.884E-01  1.659E-01  1.538E-01
  1.5897500E+03  1.917E-01  1.152E-01  1.155E-01
  1.5902500E+03  2.759E-01  1.735E-01  1.113E-01
  1.5907500E+03  2.127E-01  1.071E-01  1.546E-01
  1.5912500E+03  2.321E-01  8.954E-02  2.021E-01
  1.5917500E+03  2.881E-01  1.619E-01  1.523E-01
  1.5922500E+03  2.302E-01  1.212E-01  1.320E-01
  1.5927500E+03  2.356E-01  1.275E-01  1.739E-01
  1.5932500E+03  2.436E-01  1.165E-01  1.880E-01
  1.5937500E+03  2.220E-01  1.205E-01  1.408E-01
  1.5942500E+03  2.146E-01  1.171E-01  1.429E-01
  1.5947500E+03  2.286E-01  1.423E-01  9.305E-02
  1.5952500E+03  2.387E-01  1.497E-01  1.182E-01
  1.5957500E+03  2.300E-01  1.280E-01  1.665E-01
  1.5962500E+03  2.286E-01  1.247E-01  1.246E-01
  1.5967500E+03  2.061E-01  1.156E-01  1.211E-01
  1.5972500E+03  2.077E-01  1.173E-01  1.102E-01
  1.5977500E+03  2.521E-01  1.447E-01  1.144E-01
  1.5982500E+03  2.341E-01  1.315E-01  1.498E-01
  1.5987500E+03  2.088E-01  1.258E-01  1.322E-01
  1.5992500E+03  1.647E-01  8.176E-02  1.302E-01
  1.5997500E+03  2.397E-01  1.259E-01  1.506E-01
  1.6002500E+03  2.057E-01  1.120E-01  1.503E-01
  1.6007500E+03  2.288E-01  1.384E-01  1.077E-01
  1.6012500E+03  2.605E-01  1.418E-01  1.657E-01
  1.6017500E+03  2.213E-01  1.233E-01  1.293E-01
  1.6022500E+03  2.529E-01  1.431E-01  1.376E-01
  1.6027500E+03  2.211E-01  1.191E-01  1.365E-01
  1.6032500E+03  2.171E-01  1.300E-01  7.903E-02
  1.6037500E+03  2.054E-01  1.175E-01  1.287E-01
  1.6042500E+03  2.693E-01  1.489E-01  1.528E-01
  1.6047500E+03  2.332E-01  1.379E-01  1.010E-01
  1.6052500E+03  1.936E-01  1.017E-01  1.441E-01
  1.6057500E+03  1.552E-01  6.300E-02  1.774E-01
  1.6062500E+03  2.042E-01  1.028E-01  1.345E-01
  1.6067500E+03  1.704E-01  9.743E-02  1.229E-01
  1.6072500E+03  2.160E-01  1.377E-01  8.717E-02
  1.6077500E+03  1.682E-01  1.040E-01  7.683E-02
  1.6082500E+03  2.685E-01  1.424E-01  1.434E-01
  1.6087500E+03  2.444E-01  1.522E-01  7.668E-02
  1.6092500E+03  2.267E-01  1.270E-01  1.246E-01
  1.6097500E+03  1.906E-01  9.583E-02  1.384E-01
  1.6102500E+03  1.791E-01  1.134E-01  7.348E-02
  1.6107500E+03  2.252E-01  1.319E-01  1.191E-01
  1.6112500E+03  2.351E-01  1.151E-01  1.498E-01
  1.6117500E+03  1.870E-01  9.037E-02  1.685E-01
  1.6122500E+03  1.530E-01  7.073E-02  1.285E-01
  1.6127500E+03  1.983E-01  1.272E-01  1.035E-01
  1.6132500E+03  2.343E-01  1.321E-01  1.383E-01
  1.6137500E+03  1.694E-01  8.927E-02  9.578E-02
  1.6142500E+03  1.971E-01  1.090E-01  1.155E-01
  1.6147500E+03  1.992E-01  1.133E-01  1.092E-01
  1.6152500E+03  1.955E-01  9.580E-02  1.478E-01
  1.6157500E+03  2.497E-01  1.324E-01  1.233E-01
  1.6162500E+03  2.026E-01  1.210E-01  1.009E-01
  1.6167500E+03  2.234E-01  1.214E-01  1.342E-01
  1.6172500E+03  1.543E-01  8.846E-02  9.529E-02
  1.6177500E+03  1.805E-01  1.072E-01  8.982E-02
  1.6182500E+03  2.417E-01  1.277E-01  1.456E-01
  1.6187500E+03  2.345E-01  1.164E-01  1.745E-01
  1.6192500E+03  1.492E-01  8.563E-02  9.978E-02
  1.6197500E+03  1.988E-01  1.196E-01  9.836E-02
  1.6202500E+03  1.638E-01  9.401E-02  5.417E-02
  1.6207500E+03  1.294E-01  8.327E-02  6.976E-02
  1.6212500E+03  2.077E-01  1.144E-01  1.283E-01
  1.6217500E+03  1.951E-01  8.413E-02  1.754E-01
  1.6222500E+03  2.345E-01  1.081E-01  2.241E-01
  1.6227500E+03  2.131E-01  1.221E-01  8.842E-02
  1.6232500E+03  1.663E-01  8.522E-02  9.884E-02
  1.6237500E+03  1.422E-01  9.544E-02  4.527E-02
  1.6242500E+03  1.452E-01  9.158E-02  8.082E-02
  1.6247500E+03  1.728E-01  9.100E-02  1.399E-01
  1.6252500E+03  1.814E-01  9.226E-02  1.383E-01
  1.6257500E+03  2.610E-01  1.567E-01  9.981E-02
  1.6262500E+03  1.830E-01  9.202E-02  1.374E-01
  1.6267500E+03  1.780E-01  7.278E-02  1.815E-01
  1.6272500E+03  1.683E-01  8.374E-02  1.205E-01
  1.6277500E+03  1.836E-01  9.608E-02  1.143E-01
  1.6282500E+03  1.373E-01  7.420E-02  1.001E-01
  1.6287500E+03  1.670E-01  9.160E-02  1.149E-01
  1.6292500E+03  1.997E-01  1.113E-01  1.166E-01
  1.6297500E+03  1.818E-01  1.078E-01  9.612E-02
  1.6302500E+03  1.897E-01  1.129E-01  1.002E-01
  1.6307500E+03  1.716E-01  8.405E-02  1.364E-01
  1.6312500E+03  1.482E-01  7.557E-02  9.556E-02
  1.6317500E+03  1.876E-01  1.194E-01  6.227E-02
  1.6322500E+03  1.482E-01  8.081E-02  8.770E-02
  1.6327500E+03  1.717E-01  9.089E-02  7.345E-02
  1.6332500E+03  1.857E-01  1.001E-01  1.024E-01
  1.6337500E+03  2.001E-01  1.227E-01  9.587E-02
  1.6342500E+03  1.315E-01  8.038E-02  9.004E-02
  1.6347500E+03  1.345E-01  7.331E-02  1.046E-01
  1.6352500E+03  1.923E-01  1.041E-01  1.216E-01
  1.6357500E+03  1.507E-01  8.763E-02  7.006E-02
  1.6362500E+03  1.587E-01  9.669E-02  7.254E-02
  1.6367500E+03  1.520E-01  8.297E-02  1.055E-01
  1.6372500E+03  1.829E-01  1.155E-01  7.845E-02
  1.6377500E+03  2.190E-01  1.172E-01  1.142E-01
  1.6382500E+03  1.521E-01  9.576E-02  5.832E-02
  1.6387500E+03  1.427E-01  6.953E-02  1.136E-01
  1.6392500E+03  1.847E-01  1.077E-01  1.026E-01
  1.6397500E+03  1.645E-01  8.681E-02  9.948E-02
  1.6402500E+03  1.395E-01  7.886E-02  8.814E-02
  1.6407500E+03  1.953E-01  1.111E-01  9.651E-02
  1.6412500E+03  1.524E-01  8.299E-02  8.110E-02
  1.6417500E+03  1.810E-01  1.117E-01  8.731E-02
  1.6422500E+03  1.721E-01  1.063E-01  1.037E-01
  1.6427500E+03  1.305E-01  6.809E-02  1.042E-01
  1.6432500E+03  2.001E-01  9.783E-02  1.604E-01
  1.6437500E+03  1.761E-01  1.022E-01  8.065E-02
  1.6442500E+03  1.401E-01  8.121E-02  8.319E-02
  1.6447500E+03  1.594E-01  8.764E-02  9.725E-02
  1.6452500E+03  1.744E-01  9.249E-02  1.125E-01
  1.6457500E+03  1.595E-01  1.077E-01  6.265E-02
  1.6462500E+03  1.627E-01  9.866E-02  9.646E-02
  1.6467500E+03  1.957E-01  1.045E-01  1.354E-01
  1.6472500E+03  1.762E-01  9.670E-02  1.087E-01
  1.6477500E+03  1.179E-01  5.619E-02  8.665E-02
  1.6482500E+03  1.541E-01  8.031E-02  1.061E-01
  1.6487500E+03  1.765E-01  9.541E-02  8.957E-02
  1.6492500E+03  1.435E-01  8.178E-02  8.759E-02
  1.6497500E+03  1.572E-01  7.856E-02  1.085E-01
  1.6502500E+03  1.535E-01  8.534E-02  6.961E-02
  1.6507500E+03  1.244E-01  6.519E-02  7.260E-02
  1.6512500E+03  1.695E-01  8.772E-02  1.141E-01
  1.6517500E+03  1.577E-01  1.001E-01  7.219E-02
  1.6522500E+03  1.874E-01  1.141E-01  9.060E-02
  1.6527500E+03  1.604E-01  8.012E-02  1.162E-01
  1.6532500E+03  1.503E-01  8.415E-02  9.346E-02
  1.6537500E+03  1.669E-01  8.900E-02  1.097E-01
  1.6542500E+03  1.462E-01  9.027E-02  6.692E-02
  1.6547500E+03  1.925E-01  1.131E-01  8.955E-02
  1.6552500E+03  1.389E-01  7.969E-02  8.508E-02
  1.6557500E+03  1.124E-01  6.331E-02  7.978E-02
  1.6562500E+03  1.513E-01  9.284E-02  5.907E-02
  1.6567500E+03  1.804E-01  9.015E-02  1.177E-01
  1.6572500E+03  1.350E-01  5.948E-02  1.338E-01
  1.6577500E+03  1.349E-01  8.408E-02  6.091E-02
  1.6582500E+03  1.211E-01  6.939E-02  7.791E-02
  1.6587500E+03  1.714E-01  8.343E-02  1.335E-01
  1.6592500E+03  1.899E-01  9.072E-02  1.263E-01
  1.6597500E+03  1.310E-01  8.716E-02  5.937E-02
  1.6602500E+03  1.929E-01  1.118E-01  1.051E-01
  1.6607500E+03  1.680E-01  9.728E-02  8.808E-02
  1.6612500E+03  1.493E-01  6.933E-02  1.138E-01
  1.6617500E+03  1.703E-01  1.081E-01  5.696E-02
  1.6622500E+03  1.231E-01  6.892E-02  5.789E-02
  1.6627500E+03  1.488E-01  9.106E-02  5.672E-02
  1.6632500E+03  1.627E-01  8.908E-02  8.406E-02
  1.6637500E+03  1.428E-01  8.093E-02  6.753E-02
  1.6642500E+03  1.489E-01  8.886E-02  6.809E-02
  1.6647500E+03  1.519E-01  9.025E-02  8.900E-02
  1.6652500E+03  1.396E-01  6.367E-02  1.200E-01
  1.6657500E+03  1.558E-01  7.202E-02  1.048E-01
  1.6662500E+03  1.439E-01  8.053E-02  8.602E-02
  1.6667500E+03  1.437E-01  8.716E-02  6.646E-02
  1.6672500E+03  1.396E-01  8.264E-02  7.365E-02
  1.6677500E+03  1.340E-01  6.486E-02  1.038E-01
  1.6682500E+03  1.432E-01  8.711E-02  3.145E-02
  1.6687500E+03  9.765E-02  2.907E-02  1.581E-01
  1.6692500E+03  8.843E-02  5.510E-02  5.784E-02
  1.6697500E+03  1.139E-01  7.658E-02  4.242E-02
  1.6702500E+03  1.371E-01  7.322E-02  8.292E-02
  1.6707500E+03  1.430E-01  7.821E-02  8.737E-02
  1.6712500E+03  1.128E-01  5.998E-02  7.580E-02
  1.6717500E+03  1.145E-01  5.866E-02  1.079E-01
  1.6722500E+03  1.679E-01  1.008E-01  7.782E-02
  1.6727500E+03  1.271E-01  4.956E-02  1.151E-01
  1.6732500E+03  1.828E-01  1.050E-01  8.392E-02
  1.6737500E+03  1.537E-01  9.429E-02  6.975E-02
  1.6742500E+03  1.079E-01  5.771E-02  7.081E-02
  1.6747500E+03  1.124E-01  5.729E-02  7.659E-02
  1.6752500E+03  1.265E-01  6.554E-02  8.494E-02
  1.6757500E+03  1.363E-01  8.082E-02  6.354E-02
  1.6762500E+03  9.497E-02  5.547E-02  5.076E-02
  1.6767500E+03  1.139E-01  6.219E-02  8.123E-02
  1.6772500E+03  1.277E-01  7.118E-02  8.555E-02
  1.6777500E+03  1.017E-01  6.512E-02  2.871E-02
  1.6782500E+03  1.510E-01  9.098E-02  4.465E-02
  1.6787500E+03  1.569E-01  7.273E-02  1.067E-01
  1.6792500E+03  1.191E-01  6.909E-02  6.114E-02
  1.6797500E+03  1.152E-01  6.316E-02  9.063E-02
  1.6802500E+03  1.158E-01  6.708E-02  6.219E-02
  1.6807500E+03  1.558E-01  8.263E-02  8.341E-02
  1.6812500E+03  1.247E-01  5.838E-02  9.785E-02
  1.6817500E+03  1.033E-01  4.942E-02  8.007E-02
  1.6822500E+03  1.505E-01  9.751E-02  4.261E-02
  1.6827500E+03  1.378E-01  8.321E-02  5.754E-02
  1.6832500E+03  1.350E-01  8.660E-02  6.209E-02
  1.6837500E+03  8.044E-02  4.685E-02  6.285E-02
  1.6842500E+03  1.240E-01  8.882E-02  5.307E-02
  1.6847500E+03  1.036E-01  5.236E-02  9.419E-02
  1.6852500E+03  9.077E-02  4.800E-02  6.063E-02
  1.6857500E+03  1.282E-01  6.113E-02  8.279E-02
  1.6862500E+03  1.915E-01  1.235E-01  4.634E-02
  1.6867500E+03  1.429E-01  8.086E-02  6.267E-02
  1.6872500E+03  1.438E-01  6.364E-02  1.014E-01
  1.6877500E+03  1.051E-01  5.876E-02  7.086E-02
  1.6882500E+03  1.324E-01  6.866E-02  7.103E-02
  1.6887500E+03  1.507E-01  7.742E-02  9.446E-02
  1.6892500E+03  1.091E-01  5.756E-02  6.938E-02
  1.6897500E+03  6.532E-02  2.937E-02  9.082E-02
  1.6902500E+03  8.499E-02  3.050E-02  9.880E-02
  1.6907500E+03  1.424E-01  7.008E-02  1.222E-01
  1.6912500E+03  1.528E-01  8.399E-02  9.984E-02
  1.6917500E+03  1.450E-01  9.128E-02  4.274E-02
  1.6922500E+03  1.196E-01  6.884E-02  6.964E-02
  1.6927500E+03  1.046E-01  6.023E-02  5.655E-02
  1.6932500E+03  9.314E-02  4.650E-02  6.632E-02
  1.6937500E+03  9.114E-02  5.401E-02  3.790E-02
  1.6942500E+03  1.437E-01  7.796E-02  9.655E-02
  1.6947500E+03  1.067E-01  6.275E-02  6.207E-02
  1.6952500E+03  1.157E-01  5.891E-02  8.863E-02
  1.6957500E+03  1.162E-01  5.106E-02  9.223E-02
  1.6962500E+03  9.956E-02  5.009E-02  8.448E-02
  1.6967500E+03  1.121E-01  6.967E-02  7.078E-02
  1.6972500E+03  1.208E-01  6.524E-02  7.428E-02
  1.6977500E+03  1.145E-01  6.019E-02  7.909E-02
  1.6982500E+03  1.058E-01  5.786E-02  4.796E-02
  1.6987500E+03  9.923E-02  5.111E-02  6.614E-02
  1.6992500E+03  1.537E-01  7.926E-02  7.784E-02
  1.6997500E+03  9.399E-02  6.860E-02  2.924E-02
  1.7002500E+03  1.091E-01  6.735E-02  6.775E-02
  1.7007500E+03  9.152E-02  5.565E-02  4.733E-02
  1.7012500E+03  1.059E-01  5.570E-02  7.713E-02
  1.7017500E+03  1.260E-01  7.026E-02  8.580E-02
  1.7022500E+03  1.117E-01  6.038E-02  7.388E-02
  1.7027500E+03  1.227E-01  7.597E-02  6.200E-02
  1.7032500E+03  1.160E-01  6.642E-02  7.404E-02
  1.7037500E+03  1.179E-01  6.845E-02  5.944E-02
  1.7042500E+03  1.057E-01  5.043E-02  9.779E-02
  1.7047500E+03  1.043E-01  5.351E-02  6.723E-02
  1.7052500E+03  1.091E-01  5.259E-02  9.035E-02
  1.7057500E+03  8.269E-02  3.528E-02  8.664E-02
  1.7062500E+03  9.751E-02  6.410E-02  1.959E-02
  1.7067500E+03  9.678E-02  6.164E-02  1.975E-02
  1.7072500E+03  7.396E-02  4.593E-02  3.650E-02
  1.7077500E+03  7.764E-02  4.841E-02  5.240E-02
  1.7082500E+03  1.283E-01  8.147E-02  3.626E-02
  1.7087500E+03  1.504E-01  8.609E-02  7.980E-02
  1.7092500E+03  1.145E-01  6.177E-02  8.555E-02
  1.7097500E+03  1.212E-01  6.244E-02  6.600E-02
  1.7102500E+03  1.151E-01  8.752E-02  2.058E-02
  1.7107500E+03  1.097E-01  6.713E-02  4.180E-02
  1.7112500E+03  1.038E-01  6.077E-02  5.331E-02
  1.7117500E+03  9.258E-02  4.513E-02  7.600E-02
  1.7122500E+03  1.007E-01  5.202E-02  8.163E-02
  1.7127500E+03  8.750E-02  3.992E-02  7.367E-02
  1.7132500E+03  1.264E-01  6.489E-02  7.995E-02
  1.7137500E+03  1.034E-01  6.490E-02  4.679E-02
  1.7142500E+03  9.814E-02  5.964E-02  4.765E-02
  1.7147500E+03  5.203E-02  2.355E-02  6.465E-02
