 -1.2861250E+04 -0.000E+00 -0.000E+00  0.000E+00
 -1.2860750E+04 -0.000E+00 -0.000E+00  0.000E+00
 -1.2860250E+04 -0.000E+00 -0.000E+00  0.000E+00
 -1.2859750E+04 -0.000E+00 -0.000E+00  0.000E+00
 -1.2859250E+04 -0.000E+00 -0.000E+00  0.000E+00
 -1.2858750E+04 -0.000E+00 -0.000E+00  0.000E+00
 -1.2858250E+04 -0.000E+00 -0.000E+00  0.000E+00
 -1.2857750E+04 -0.000E+00 -0.000E+00  0.000E+00
 -1.2857250E+04 -0.000E+00 -0.000E+00  0.000E+00
 -1.2856750E+04 -0.000E+00 -0.000E+00  0.000E+00
 -1.2856250E+04 -0.000E+00 -0.000E+00  0.000E+00
 -1.2855750E+04 -0.000E+00 -0.000E+00  0.000E+00
 -1.2855250E+04 -0.000E+00 -0.000E+00  0.000E+00
 -1.2854750E+04 -0.000E+00 -0.000E+00  0.000E+00
 -1.2854250E+04 -0.000E+00 -0.000E+00  0.000E+00
 -1.2853750E+04 -0.000E+00 -0.000E+00  0.000E+00
 -1.2853250E+04 -0.000E+00 -0.000E+00  0.000E+00
 -1.2852750E+04 -0.000E+00 -0.000E+00  0.000E+00
 -1.2852250E+04 -0.000E+00 -0.000E+00  0.000E+00
 -1.2851750E+04 -0.000E+00 -0.000E+00  0.000E+00
 -1.2851250E+04 -0.000E+00 -0.000E+00  0.000E+00
 -1.2850750E+04 -0.000E+00 -0.000E+00  0.000E+00
 -1.2850250E+04 -0.000E+00 -0.000E+00  0.000E+00
 -1.2849750E+04 -0.000E+00 -0.000E+00  0.000E+00
 -1.2849250E+04 -0.000E+00 -0.000E+00  0.000E+00
 -1.2848750E+04 -0.000E+00 -0.000E+00  0.000E+00
 -1.2848250E+04 -0.000E+00 -0.000E+00  0.000E+00
 -1.2847750E+04 -0.000E+00 -0.000E+00  0.000E+00
 -1.2847250E+04 -0.000E+00 -0.000E+00  0.000E+00
 -1.2846750E+04 -0.000E+00 -0.000E+00  0.000E+00
 -1.2846250E+04 -0.000E+00 -0.000E+00  0.000E+00
 -1.2845750E+04 -0.000E+00 -0.000E+00  0.000E+00
 -1.2845250E+04 -0.000E+00 -0.000E+00  0.000E+00
 -1.2844750E+04 -0.000E+00 -0.000E+00  0.000E+00
 -1.2844250E+04 -0.000E+00 -0.000E+00  0.000E+00
 -1.2843750E+04 -0.000E+00 -0.000E+00  0.000E+00
 -1.2843250E+04 -0.000E+00 -0.000E+00  0.000E+00
 -1.2842750E+04 -0.000E+00 -0.000E+00  0.000E+00
 -1.2842250E+04 -0.000E+00 -0.000E+00  0.000E+00
 -1.2841750E+04 -0.000E+00 -0.000E+00  0.000E+00
 -1.2841250E+04 -0.000E+00 -0.000E+00  0.000E+00
 -1.2840750E+04 -0.000E+00 -0.000E+00  0.000E+00
 -1.2840250E+04 -0.000E+00 -0.000E+00  0.000E+00
 -1.2839750E+04 -0.000E+00 -0.000E+00  0.000E+00
 -1.2839250E+04 -0.000E+00 -0.000E+00  0.000E+00
 -1.2838750E+04 -0.000E+00 -0.000E+00  0.000E+00
 -1.2838250E+04 -0.000E+00 -0.000E+00  0.000E+00
 -1.2837750E+04 -0.000E+00 -0.000E+00  0.000E+00
 -1.2837250E+04 -0.000E+00 -0.000E+00  0.000E+00
 -1.2836750E+04 -0.000E+00 -0.000E+00  0.000E+00
 -1.2836250E+04 -0.000E+00 -0.000E+00  0.000E+00
 -1.2835750E+04 -0.000E+00 -0.000E+00  0.000E+00
 -1.2835250E+04 -0.000E+00 -0.000E+00  0.000E+00
 -1.2834750E+04 -0.000E+00 -0.000E+00  0.000E+00
 -1.2834250E+04 -0.000E+00 -0.000E+00  0.000E+00
 -1.2833750E+04 -0.000E+00 -0.000E+00  0.000E+00
 -1.2833250E+04 -0.000E+00 -0.000E+00  0.000E+00
 -1.2832750E+04 -0.000E+00 -0.000E+00  0.000E+00
 -1.2832250E+04 -0.000E+00 -0.000E+00  0.000E+00
 -1.2831750E+04 -0.000E+00 -0.000E+00  0.000E+00
 -1.2831250E+04 -0.000E+00 -0.000E+00  0.000E+00
 -1.2830750E+04 -0.000E+00 -0.000E+00  0.000E+00
 -1.2830250E+04 -0.000E+00 -0.000E+00  0.000E+00
 -1.2829750E+04 -0.000E+00 -0.000E+00  0.000E+00
 -1.2829250E+04 -0.000E+00 -0.000E+00  0.000E+00
 -1.2828750E+04 -0.000E+00 -0.000E+00  0.000E+00
 -1.2828250E+04 -0.000E+00 -0.000E+00  0.000E+00
 -1.2827750E+04 -0.000E+00 -0.000E+00  0.000E+00
 -1.2827250E+04 -0.000E+00 -0.000E+00  0.000E+00
 -1.2826750E+04 -0.000E+00 -0.000E+00  0.000E+00
 -1.2826250E+04 -0.000E+00 -0.000E+00  0.000E+00
 -1.2825750E+04 -0.000E+00 -0.000E+00  0.000E+00
 -1.2825250E+04 -0.000E+00 -0.000E+00  0.000E+00
 -1.2824750E+04 -0.000E+00 -0.000E+00  0.000E+00
 -1.2824250E+04 -0.000E+00 -0.000E+00  0.000E+00
 -1.2823750E+04 -0.000E+00 -0.000E+00  0.000E+00
 -1.2823250E+04 -0.000E+00 -0.000E+00  0.000E+00
 -1.2822750E+04 -0.000E+00 -0.000E+00  0.000E+00
 -1.2822250E+04 -0.000E+00 -0.000E+00  0.000E+00
 -1.2821750E+04 -0.000E+00 -0.000E+00  0.000E+00
 -1.2821250E+04 -0.000E+00 -0.000E+00  0.000E+00
 -1.2820750E+04 -0.000E+00 -0.000E+00  0.000E+00
 -1.2820250E+04 -0.000E+00 -0.000E+00  0.000E+00
 -1.2819750E+04 -0.000E+00 -0.000E+00  0.000E+00
 -1.2819250E+04 -0.000E+00 -0.000E+00  0.000E+00
 -1.2818750E+04 -0.000E+00 -0.000E+00  0.000E+00
 -1.2818250E+04 -0.000E+00 -0.000E+00  0.000E+00
 -1.2817750E+04 -0.000E+00 -0.000E+00  0.000E+00
 -1.2817250E+04 -0.000E+00 -0.000E+00  0.000E+00
 -1.2816750E+04 -0.000E+00 -0.000E+00  0.000E+00
 -1.2816250E+04 -0.000E+00 -0.000E+00  0.000E+00
 -1.2815750E+04 -0.000E+00 -0.000E+00  0.000E+00
 -1.2815250E+04 -0.000E+00 -0.000E+00  0.000E+00
 -1.2814750E+04 -0.000E+00 -0.000E+00  0.000E+00
 -1.2814250E+04 -0.000E+00 -0.000E+00  0.000E+00
 -1.2813750E+04 -0.000E+00 -0.000E+00  0.000E+00
 -1.2813250E+04 -0.000E+00 -0.000E+00  0.000E+00
 -1.2812750E+04 -0.000E+00 -0.000E+00  0.000E+00
 -1.2812250E+04 -0.000E+00 -0.000E+00  0.000E+00
 -1.2811750E+04 -0.000E+00 -0.000E+00  0.000E+00
 -1.2811250E+04 -0.000E+00 -0.000E+00  0.000E+00
 -1.2810750E+04 -0.000E+00 -0.000E+00  0.000E+00
 -1.2810250E+04 -0.000E+00 -0.000E+00  0.000E+00
 -1.2809750E+04 -0.000E+00 -0.000E+00  0.000E+00
 -1.2809250E+04 -0.000E+00 -0.000E+00  0.000E+00
 -1.2808750E+04 -0.000E+00 -0.000E+00  0.000E+00
 -1.2808250E+04 -0.000E+00 -0.000E+00  0.000E+00
 -1.2807750E+04 -0.000E+00 -0.000E+00  0.000E+00
 -1.2807250E+04 -0.000E+00 -0.000E+00  0.000E+00
 -1.2806750E+04 -0.000E+00 -0.000E+00  0.000E+00
 -1.2806250E+04 -0.000E+00 -0.000E+00  0.000E+00
 -1.2805750E+04 -0.000E+00 -0.000E+00  0.000E+00
 -1.2805250E+04 -0.000E+00 -0.000E+00  0.000E+00
 -1.2804750E+04 -0.000E+00 -0.000E+00  0.000E+00
 -1.2804250E+04 -0.000E+00 -0.000E+00  0.000E+00
 -1.2803750E+04 -0.000E+00 -0.000E+00  0.000E+00
 -1.2803250E+04 -0.000E+00 -0.000E+00  0.000E+00
 -1.2802750E+04 -0.000E+00 -0.000E+00  0.000E+00
 -1.2802250E+04 -0.000E+00 -0.000E+00  0.000E+00
 -1.2801750E+04 -0.000E+00 -0.000E+00  0.000E+00
 -1.2801250E+04 -0.000E+00 -0.000E+00  0.000E+00
 -1.2800750E+04 -0.000E+00 -0.000E+00  0.000E+00
 -1.2800250E+04 -0.000E+00 -0.000E+00  0.000E+00
 -1.2799750E+04 -0.000E+00 -0.000E+00  0.000E+00
 -1.2799250E+04 -0.000E+00 -0.000E+00  0.000E+00
 -1.2798750E+04 -0.000E+00 -0.000E+00  0.000E+00
 -1.2798250E+04 -0.000E+00 -0.000E+00  0.000E+00
 -1.2797750E+04 -0.000E+00 -0.000E+00  0.000E+00
 -1.2797250E+04 -0.000E+00 -0.000E+00  0.000E+00
 -1.2796750E+04 -0.000E+00 -0.000E+00  0.000E+00
 -1.2796250E+04 -0.000E+00 -0.000E+00  0.000E+00
 -1.2795750E+04 -0.000E+00 -0.000E+00  0.000E+00
 -1.2795250E+04 -0.000E+00 -0.000E+00  0.000E+00
 -1.2794750E+04 -0.000E+00 -0.000E+00  0.000E+00
 -1.2794250E+04 -0.000E+00 -0.000E+00  0.000E+00
 -1.2793750E+04 -0.000E+00 -0.000E+00  0.000E+00
 -1.2793250E+04 -0.000E+00 -0.000E+00  0.000E+00
 -1.2792750E+04 -0.000E+00 -0.000E+00  0.000E+00
 -1.2792250E+04 -0.000E+00 -0.000E+00  0.000E+00
 -1.2791750E+04 -0.000E+00 -0.000E+00  0.000E+00
 -1.2791250E+04 -0.000E+00 -0.000E+00  0.000E+00
 -1.2790750E+04 -0.000E+00 -0.000E+00  0.000E+00
 -1.2790250E+04 -0.000E+00 -0.000E+00  0.000E+00
 -1.2789750E+04 -0.000E+00 -0.000E+00  0.000E+00
 -1.2789250E+04 -0.000E+00 -0.000E+00  0.000E+00
 -1.2788750E+04 -0.000E+00 -0.000E+00  0.000E+00
 -1.2788250E+04 -0.000E+00 -0.000E+00  0.000E+00
 -1.2787750E+04 -0.000E+00 -0.000E+00  0.000E+00
 -1.2787250E+04 -0.000E+00 -0.000E+00  0.000E+00
 -1.2786750E+04 -0.000E+00 -0.000E+00  0.000E+00
 -1.2786250E+04 -0.000E+00 -0.000E+00  0.000E+00
 -1.2785750E+04 -0.000E+00 -0.000E+00  0.000E+00
 -1.2785250E+04 -0.000E+00 -0.000E+00  0.000E+00
 -1.2784750E+04 -0.000E+00 -0.000E+00  0.000E+00
 -1.2784250E+04 -0.000E+00 -0.000E+00  0.000E+00
 -1.2783750E+04 -0.000E+00 -0.000E+00  0.000E+00
 -1.2783250E+04 -0.000E+00 -0.000E+00  0.000E+00
 -1.2782750E+04 -0.000E+00 -0.000E+00  0.000E+00
 -1.2782250E+04 -0.000E+00 -0.000E+00  0.000E+00
 -1.2781750E+04 -0.000E+00 -0.000E+00  0.000E+00
 -1.2781250E+04 -0.000E+00 -0.000E+00  0.000E+00
 -1.2780750E+04 -0.000E+00 -0.000E+00  0.000E+00
 -1.2780250E+04 -0.000E+00 -0.000E+00  0.000E+00
 -1.2779750E+04 -0.000E+00 -0.000E+00  0.000E+00
 -1.2779250E+04 -0.000E+00 -0.000E+00  0.000E+00
 -1.2778750E+04 -0.000E+00 -0.000E+00  0.000E+00
 -1.2778250E+04 -0.000E+00 -0.000E+00  0.000E+00
 -1.2777750E+04 -0.000E+00 -0.000E+00  0.000E+00
 -1.2777250E+04 -0.000E+00 -0.000E+00  0.000E+00
 -1.2776750E+04 -0.000E+00 -0.000E+00  0.000E+00
 -1.2776250E+04 -0.000E+00 -0.000E+00  0.000E+00
 -1.2775750E+04 -0.000E+00 -0.000E+00  0.000E+00
 -1.2775250E+04 -0.000E+00 -0.000E+00  0.000E+00
 -1.2774750E+04 -0.000E+00 -0.000E+00  0.000E+00
 -1.2774250E+04 -0.000E+00 -0.000E+00  0.000E+00
 -1.2773750E+04 -0.000E+00 -0.000E+00  0.000E+00
 -1.2773250E+04 -0.000E+00 -0.000E+00  0.000E+00
 -1.2772750E+04 -0.000E+00 -0.000E+00  0.000E+00
 -1.2772250E+04 -0.000E+00 -0.000E+00  0.000E+00
 -1.2771750E+04 -0.000E+00 -0.000E+00  0.000E+00
 -1.2771250E+04 -0.000E+00 -0.000E+00  0.000E+00
 -1.2770750E+04 -0.000E+00 -0.000E+00  0.000E+00
 -1.2770250E+04 -0.000E+00 -0.000E+00  0.000E+00
 -1.2769750E+04 -0.000E+00 -0.000E+00  0.000E+00
 -1.2769250E+04 -0.000E+00 -0.000E+00  0.000E+00
 -1.2768750E+04 -0.000E+00 -0.000E+00  0.000E+00
 -1.2768250E+04 -0.000E+00 -0.000E+00  0.000E+00
 -1.2767750E+04 -0.000E+00 -0.000E+00  0.000E+00
 -1.2767250E+04 -0.000E+00 -0.000E+00  0.000E+00
 -1.2766750E+04 -0.000E+00 -0.000E+00  0.000E+00
 -1.2766250E+04 -0.000E+00 -0.000E+00  0.000E+00
 -1.2765750E+04 -0.000E+00 -0.000E+00  0.000E+00
 -1.2765250E+04 -0.000E+00 -0.000E+00  0.000E+00
 -1.2764750E+04 -0.000E+00 -0.000E+00  0.000E+00
 -1.2764250E+04 -0.000E+00 -0.000E+00  0.000E+00
 -1.2763750E+04 -0.000E+00 -0.000E+00  0.000E+00
 -1.2763250E+04 -0.000E+00 -0.000E+00  0.000E+00
 -1.2762750E+04 -0.000E+00 -0.000E+00  0.000E+00
 -1.2762250E+04 -0.000E+00 -0.000E+00  0.000E+00
 -1.2761750E+04 -0.000E+00 -0.000E+00  0.000E+00
 -1.2761250E+04 -0.000E+00 -0.000E+00  0.000E+00
 -1.2760750E+04 -0.000E+00 -0.000E+00  0.000E+00
 -1.2760250E+04 -0.000E+00 -0.000E+00  0.000E+00
 -1.2759750E+04 -0.000E+00 -0.000E+00  0.000E+00
 -1.2759250E+04 -0.000E+00 -0.000E+00  0.000E+00
 -1.2758750E+04 -0.000E+00 -0.000E+00  0.000E+00
 -1.2758250E+04 -0.000E+00 -0.000E+00  0.000E+00
 -1.2757750E+04 -0.000E+00 -0.000E+00  0.000E+00
 -1.2757250E+04 -0.000E+00 -0.000E+00  0.000E+00
 -1.2756750E+04 -0.000E+00 -0.000E+00  0.000E+00
 -1.2756250E+04 -0.000E+00 -0.000E+00  0.000E+00
 -1.2755750E+04 -0.000E+00 -0.000E+00  0.000E+00
 -1.2755250E+04 -0.000E+00 -0.000E+00  0.000E+00
 -1.2754750E+04 -0.000E+00 -0.000E+00  0.000E+00
 -1.2754250E+04 -0.000E+00 -0.000E+00  0.000E+00
 -1.2753750E+04 -0.000E+00 -0.000E+00  0.000E+00
 -1.2753250E+04 -0.000E+00 -0.000E+00  0.000E+00
 -1.2752750E+04 -0.000E+00 -0.000E+00  0.000E+00
 -1.2752250E+04 -0.000E+00 -0.000E+00  0.000E+00
 -1.2751750E+04 -0.000E+00 -0.000E+00  0.000E+00
 -1.2751250E+04 -0.000E+00 -0.000E+00  0.000E+00
 -1.2750750E+04 -0.000E+00 -0.000E+00  0.000E+00
 -1.2750250E+04 -0.000E+00 -0.000E+00  0.000E+00
 -1.2749750E+04 -0.000E+00 -0.000E+00  0.000E+00
 -1.2749250E+04 -0.000E+00 -0.000E+00  0.000E+00
 -1.2748750E+04 -0.000E+00 -0.000E+00  0.000E+00
 -1.2748250E+04 -0.000E+00 -0.000E+00  0.000E+00
 -1.2747750E+04 -0.000E+00 -0.000E+00  0.000E+00
 -1.2747250E+04 -0.000E+00 -0.000E+00  0.000E+00
 -1.2746750E+04 -0.000E+00 -0.000E+00  0.000E+00
 -1.2746250E+04 -0.000E+00 -0.000E+00  0.000E+00
 -1.2745750E+04 -0.000E+00 -0.000E+00  0.000E+00
 -1.2745250E+04 -0.000E+00 -0.000E+00  0.000E+00
 -1.2744750E+04 -0.000E+00 -0.000E+00  0.000E+00
 -1.2744250E+04 -0.000E+00 -0.000E+00  0.000E+00
 -1.2743750E+04 -0.000E+00 -0.000E+00  0.000E+00
 -1.2743250E+04 -0.000E+00 -0.000E+00  0.000E+00
 -1.2742750E+04 -0.000E+00 -0.000E+00  0.000E+00
 -1.2742250E+04 -0.000E+00 -0.000E+00  0.000E+00
 -1.2741750E+04 -0.000E+00 -0.000E+00  0.000E+00
 -1.2741250E+04 -0.000E+00 -0.000E+00  0.000E+00
 -1.2740750E+04 -0.000E+00 -0.000E+00  0.000E+00
 -1.2740250E+04 -0.000E+00 -0.000E+00  0.000E+00
 -1.2739750E+04 -0.000E+00 -0.000E+00  0.000E+00
 -1.2739250E+04 -0.000E+00 -0.000E+00  0.000E+00
 -1.2738750E+04 -0.000E+00 -0.000E+00  0.000E+00
 -1.2738250E+04 -0.000E+00 -0.000E+00  0.000E+00
 -1.2737750E+04 -0.000E+00 -0.000E+00  0.000E+00
 -1.2737250E+04 -0.000E+00 -0.000E+00  0.000E+00
 -1.2736750E+04 -0.000E+00 -0.000E+00  0.000E+00
 -1.2736250E+04 -0.000E+00 -0.000E+00  0.000E+00
 -1.2735750E+04 -0.000E+00 -0.000E+00  0.000E+00
 -1.2735250E+04 -0.000E+00 -0.000E+00  0.000E+00
 -1.2734750E+04 -0.000E+00 -0.000E+00  0.000E+00
 -1.2734250E+04 -0.000E+00 -0.000E+00  0.000E+00
 -1.2733750E+04 -0.000E+00 -0.000E+00  0.000E+00
 -1.2733250E+04 -0.000E+00 -0.000E+00  0.000E+00
 -1.2732750E+04 -0.000E+00 -0.000E+00  0.000E+00
 -1.2732250E+04 -0.000E+00 -0.000E+00  0.000E+00
 -1.2731750E+04 -0.000E+00 -0.000E+00  0.000E+00
 -1.2731250E+04 -0.000E+00 -0.000E+00  0.000E+00
 -1.2730750E+04 -0.000E+00 -0.000E+00  0.000E+00
 -1.2730250E+04 -0.000E+00 -0.000E+00  0.000E+00
 -1.2729750E+04 -0.000E+00 -0.000E+00  0.000E+00
 -1.2729250E+04 -0.000E+00 -0.000E+00  0.000E+00
 -1.2728750E+04 -0.000E+00 -0.000E+00  0.000E+00
 -1.2728250E+04 -0.000E+00 -0.000E+00  0.000E+00
 -1.2727750E+04 -0.000E+00 -0.000E+00  0.000E+00
 -1.2727250E+04 -0.000E+00 -0.000E+00  0.000E+00
 -1.2726750E+04 -0.000E+00 -0.000E+00  0.000E+00
 -1.2726250E+04 -0.000E+00 -0.000E+00  0.000E+00
 -1.2725750E+04 -0.000E+00 -0.000E+00  0.000E+00
 -1.2725250E+04 -0.000E+00 -0.000E+00  0.000E+00
 -1.2724750E+04 -0.000E+00 -0.000E+00  0.000E+00
 -1.2724250E+04 -0.000E+00 -0.000E+00  0.000E+00
 -1.2723750E+04 -0.000E+00 -0.000E+00  0.000E+00
 -1.2723250E+04 -0.000E+00 -0.000E+00  0.000E+00
 -1.2722750E+04 -0.000E+00 -0.000E+00  0.000E+00
 -1.2722250E+04 -0.000E+00 -0.000E+00  0.000E+00
 -1.2721750E+04 -0.000E+00 -0.000E+00  0.000E+00
 -1.2721250E+04 -0.000E+00 -0.000E+00  0.000E+00
 -1.2720750E+04 -0.000E+00 -0.000E+00  0.000E+00
 -1.2720250E+04 -0.000E+00 -0.000E+00  0.000E+00
 -1.2719750E+04 -0.000E+00 -0.000E+00  0.000E+00
 -1.2719250E+04 -0.000E+00 -0.000E+00  0.000E+00
 -1.2718750E+04 -0.000E+00 -0.000E+00  0.000E+00
 -1.2718250E+04 -0.000E+00 -0.000E+00  0.000E+00
 -1.2717750E+04 -1.433E-05 -3.621E-06 -2.091E-05
 -1.2717250E+04 -6.501E-05 -1.674E-05 -9.390E-05
 -1.2716750E+04  1.222E-05 -3.635E-06  3.665E-05
 -1.2716250E+04 -5.344E-04 -3.631E-04 -1.462E-04
 -1.2715750E+04  8.069E-04  2.410E-04  1.078E-03
 -1.2715250E+04 -4.797E-03 -4.793E-03  3.029E-03
 -1.2714750E+04 -7.721E-03 -5.676E-03 -8.144E-04
 -1.2714250E+04 -2.117E-02 -1.171E-02 -1.294E-02
 -1.2713750E+04 -2.292E-02 -1.293E-02 -1.320E-02
 -1.2713250E+04 -2.839E-02 -1.759E-02 -1.214E-02
 -1.2712750E+04 -3.449E-02 -1.476E-02 -3.287E-02
 -1.2712250E+04 -9.096E-03 -5.446E-03 -4.314E-03
 -1.2711750E+04 -3.243E-02 -2.436E-02 -1.922E-03
 -1.2711250E+04 -3.187E-02 -2.432E-02 -1.012E-03
 -1.2710750E+04 -9.374E-02 -5.278E-02 -5.425E-02
 -1.2710250E+04 -5.854E-02 -3.391E-02 -3.097E-02
 -1.2709750E+04 -7.619E-02 -4.978E-02 -2.510E-02
 -1.2709250E+04 -9.344E-02 -5.898E-02 -3.638E-02
 -1.2708750E+04 -9.366E-02 -5.207E-02 -5.575E-02
 -1.2708250E+04 -1.771E-01 -1.120E-01 -6.808E-02
 -1.2707750E+04 -1.840E-01 -1.141E-01 -7.700E-02
 -1.2707250E+04 -1.691E-01 -1.127E-01 -4.908E-02
 -1.2706750E+04 -2.220E-01 -1.388E-01 -8.935E-02
 -1.2706250E+04 -3.051E-01 -2.014E-01 -9.321E-02
 -1.2705750E+04 -3.757E-01 -2.185E-01 -1.954E-01
 -1.2705250E+04 -4.539E-01 -2.914E-01 -1.606E-01
 -1.2704750E+04 -5.460E-01 -3.238E-01 -2.656E-01
 -1.2704250E+04 -5.852E-01 -3.815E-01 -1.900E-01
 -1.2703750E+04 -7.101E-01 -4.283E-01 -3.240E-01
 -1.2703250E+04 -9.359E-01 -5.718E-01 -4.067E-01
 -1.2702750E+04 -1.040E+00 -6.573E-01 -3.912E-01
 -1.2702250E+04 -1.104E+00 -6.403E-01 -5.703E-01
 -1.2701750E+04 -1.217E+00 -7.267E-01 -5.717E-01
 -1.2701250E+04 -1.320E+00 -7.793E-01 -6.424E-01
 -1.2700750E+04 -1.466E+00 -8.569E-01 -7.359E-01
 -1.2700250E+04 -1.679E+00 -1.016E+00 -7.458E-01
 -1.2699750E+04 -1.734E+00 -1.084E+00 -6.742E-01
 -1.2699250E+04 -2.158E+00 -1.306E+00 -9.558E-01
 -1.2698750E+04 -2.438E+00 -1.474E+00 -1.077E+00
 -1.2698250E+04 -2.485E+00 -1.406E+00 -1.360E+00
 -1.2697750E+04 -2.681E+00 -1.482E+00 -1.556E+00
 -1.2697250E+04 -2.816E+00 -1.672E+00 -1.321E+00
 -1.2696750E+04 -3.270E+00 -2.009E+00 -1.351E+00
 -1.2696250E+04 -3.552E+00 -2.126E+00 -1.614E+00
 -1.2695750E+04 -3.844E+00 -2.181E+00 -2.066E+00
 -1.2695250E+04 -3.583E+00 -2.116E+00 -1.699E+00
 -1.2694750E+04 -4.551E+00 -2.811E+00 -1.823E+00
 -1.2694250E+04 -4.517E+00 -2.614E+00 -2.275E+00
 -1.2693750E+04 -4.557E+00 -2.650E+00 -2.261E+00
 -1.2693250E+04 -5.052E+00 -3.017E+00 -2.283E+00
 -1.2692750E+04 -5.339E+00 -3.101E+00 -2.643E+00
 -1.2692250E+04 -5.548E+00 -3.214E+00 -2.764E+00
 -1.2691750E+04 -5.944E+00 -3.354E+00 -3.194E+00
 -1.2691250E+04 -6.408E+00 -3.739E+00 -3.111E+00
 -1.2690750E+04 -5.915E+00 -3.455E+00 -2.856E+00
 -1.2690250E+04 -6.593E+00 -3.810E+00 -3.285E+00
 -1.2689750E+04 -6.566E+00 -3.837E+00 -3.152E+00
 -1.2689250E+04 -6.872E+00 -3.896E+00 -3.612E+00
 -1.2688750E+04 -6.873E+00 -3.969E+00 -3.410E+00
 -1.2688250E+04 -6.874E+00 -4.034E+00 -3.232E+00
 -1.2687750E+04 -7.288E+00 -4.187E+00 -3.660E+00
 -1.2687250E+04 -7.740E+00 -4.656E+00 -3.325E+00
 -1.2686750E+04 -7.323E+00 -3.996E+00 -4.223E+00
 -1.2686250E+04 -8.130E+00 -4.529E+00 -4.441E+00
 -1.2685750E+04 -7.940E+00 -4.752E+00 -3.449E+00
 -1.2685250E+04 -7.840E+00 -4.479E+00 -3.963E+00
 -1.2684750E+04 -8.069E+00 -4.569E+00 -4.183E+00
 -1.2684250E+04 -8.009E+00 -4.539E+00 -4.132E+00
 -1.2683750E+04 -8.217E+00 -4.532E+00 -4.569E+00
 -1.2683250E+04 -7.844E+00 -4.537E+00 -3.793E+00
 -1.2682750E+04 -8.465E+00 -4.972E+00 -3.883E+00
 -1.2682250E+04 -8.682E+00 -4.956E+00 -4.353E+00
 -1.2681750E+04 -8.228E+00 -4.716E+00 -4.065E+00
 -1.2681250E+04 -8.309E+00 -4.686E+00 -4.300E+00
 -1.2680750E+04 -8.141E+00 -4.495E+00 -4.453E+00
 -1.2680250E+04 -8.243E+00 -4.883E+00 -3.629E+00
 -1.2679750E+04 -7.490E+00 -4.351E+00 -3.514E+00
 -1.2679250E+04 -8.061E+00 -4.457E+00 -4.371E+00
 -1.2678750E+04 -7.841E+00 -4.472E+00 -3.884E+00
 -1.2678250E+04 -7.720E+00 -4.262E+00 -4.191E+00
 -1.2677750E+04 -7.743E+00 -4.391E+00 -3.888E+00
 -1.2677250E+04 -7.598E+00 -4.204E+00 -4.084E+00
 -1.2676750E+04 -7.662E+00 -4.301E+00 -3.948E+00
 -1.2676250E+04 -7.110E+00 -4.065E+00 -3.459E+00
 -1.2675750E+04 -7.112E+00 -4.107E+00 -3.344E+00
 -1.2675250E+04 -6.951E+00 -3.863E+00 -3.660E+00
 -1.2674750E+04 -7.205E+00 -4.023E+00 -3.742E+00
 -1.2674250E+04 -7.134E+00 -3.938E+00 -3.812E+00
 -1.2673750E+04 -6.734E+00 -3.847E+00 -3.252E+00
 -1.2673250E+04 -6.478E+00 -3.669E+00 -3.199E+00
 -1.2672750E+04 -6.095E+00 -3.345E+00 -3.283E+00
 -1.2672250E+04 -6.128E+00 -3.486E+00 -2.976E+00
 -1.2671750E+04 -6.233E+00 -3.485E+00 -3.181E+00
 -1.2671250E+04 -5.569E+00 -3.046E+00 -3.006E+00
 -1.2670750E+04 -5.584E+00 -3.069E+00 -2.972E+00
 -1.2670250E+04 -5.608E+00 -3.009E+00 -3.176E+00
 -1.2669750E+04 -5.470E+00 -2.944E+00 -3.055E+00
 -1.2669250E+04 -5.195E+00 -2.952E+00 -2.494E+00
 -1.2668750E+04 -4.695E+00 -2.739E+00 -2.054E+00
 -1.2668250E+04 -4.505E+00 -2.583E+00 -2.084E+00
 -1.2667750E+04 -4.454E+00 -2.426E+00 -2.381E+00
 -1.2667250E+04 -4.391E+00 -2.433E+00 -2.250E+00
 -1.2666750E+04 -3.944E+00 -2.111E+00 -2.197E+00
 -1.2666250E+04 -4.147E+00 -2.449E+00 -1.711E+00
 -1.2665750E+04 -3.822E+00 -2.150E+00 -1.852E+00
 -1.2665250E+04 -3.506E+00 -2.050E+00 -1.490E+00
 -1.2664750E+04 -3.196E+00 -1.687E+00 -1.830E+00
 -1.2664250E+04 -3.527E+00 -1.964E+00 -1.753E+00
 -1.2663750E+04 -3.022E+00 -1.568E+00 -1.785E+00
 -1.2663250E+04 -3.319E+00 -1.901E+00 -1.500E+00
 -1.2662750E+04 -2.745E+00 -1.454E+00 -1.532E+00
 -1.2662250E+04 -2.050E+00 -9.508E-01 -1.470E+00
 -1.2661750E+04 -2.098E+00 -1.025E+00 -1.373E+00
 -1.2661250E+04 -2.203E+00 -1.152E+00 -1.253E+00
 -1.2660750E+04 -1.965E+00 -1.354E+00 -2.639E-01
 -1.2660250E+04 -1.935E+00 -9.486E-01 -1.235E+00
 -1.2659750E+04 -1.842E+00 -7.612E-01 -1.552E+00
 -1.2659250E+04 -1.578E+00 -7.679E-01 -1.016E+00
 -1.2658750E+04 -2.045E+00 -1.178E+00 -8.580E-01
 -1.2658250E+04 -2.134E+00 -1.289E+00 -7.472E-01
 -1.2657750E+04 -1.122E+00 -5.302E-01 -7.490E-01
 -1.2657250E+04 -8.312E-01 -2.044E-01 -1.016E+00
 -1.2656750E+04 -7.846E-01 -5.488E-01 -3.041E-02
 -1.2656250E+04 -9.317E-01 -6.383E-01 -8.708E-02
 -1.2655750E+04 -6.444E-01 -3.512E-01 -2.723E-01
 -1.2655250E+04 -1.083E+00 -4.860E-01 -7.788E-01
 -1.2654750E+04 -8.129E-01 -8.138E-02 -1.291E+00
 -1.2654250E+04 -6.462E-01 -2.737E-01 -4.741E-01
 -1.2653750E+04 -2.642E-01  3.806E-02 -5.412E-01
 -1.2653250E+04 -8.833E-02 -7.886E-02  9.735E-02
 -1.2652750E+04  7.486E-02  2.454E-03  2.162E-01
 -1.2652250E+04 -2.447E-01 -2.579E-02 -3.369E-01
 -1.2651750E+04  2.186E-01  1.918E-01  6.509E-03
 -1.2651250E+04  1.918E-01  2.174E-01 -1.144E-01
 -1.2650750E+04  4.160E-02 -1.079E-02  1.889E-01
 -1.2650250E+04  2.352E-01  8.059E-02  3.238E-01
 -1.2649750E+04  7.225E-01  4.391E-01  3.384E-01
 -1.2649250E+04  6.660E-01  2.528E-01  7.100E-01
 -1.2648750E+04  6.038E-01  5.324E-01 -1.311E-01
 -1.2648250E+04  3.241E-01  2.485E-01  6.132E-02
 -1.2647750E+04  4.874E-01  2.365E-01  4.020E-01
 -1.2647250E+04  5.470E-01  3.823E-01  1.389E-01
 -1.2646750E+04  6.869E-01  5.165E-01  7.299E-02
 -1.2646250E+04  8.562E-01  4.581E-01  5.476E-01
 -1.2645750E+04  1.218E+00  7.532E-01  4.816E-01
 -1.2645250E+04  9.374E-01  4.490E-01  7.173E-01
 -1.2644750E+04  1.151E+00  8.162E-01  2.047E-01
 -1.2644250E+04  8.265E-01  4.969E-01  3.959E-01
 -1.2643750E+04  1.028E+00  5.954E-01  5.158E-01
 -1.2643250E+04  8.548E-01  6.183E-01  1.195E-01
 -1.2642750E+04  1.140E+00  6.282E-01  6.509E-01
 -1.2642250E+04  1.147E+00  7.581E-01  3.348E-01
 -1.2641750E+04  1.239E+00  7.443E-01  5.420E-01
 -1.2641250E+04  1.332E+00  8.871E-01  3.573E-01
 -1.2640750E+04  1.309E+00  8.743E-01  3.461E-01
 -1.2640250E+04  1.069E+00  6.959E-01  3.383E-01
 -1.2639750E+04  1.478E+00  1.058E+00  2.059E-01
 -1.2639250E+04  1.418E+00  8.801E-01  5.401E-01
 -1.2638750E+04  1.464E+00  7.776E-01  8.862E-01
 -1.2638250E+04  1.268E+00  6.212E-01  8.964E-01
 -1.2637750E+04  1.202E+00  7.098E-01  5.537E-01
 -1.2637250E+04  1.100E+00  6.008E-01  6.448E-01
 -1.2636750E+04  1.454E+00  7.750E-01  8.636E-01
 -1.2636250E+04  1.483E+00  9.902E-01  3.782E-01
 -1.2635750E+04  1.458E+00  8.472E-01  6.883E-01
 -1.2635250E+04  1.267E+00  7.252E-01  6.455E-01
 -1.2634750E+04  1.575E+00  1.087E+00  3.130E-01
 -1.2634250E+04  1.532E+00  9.482E-01  5.777E-01
 -1.2633750E+04  1.634E+00  9.324E-01  8.187E-01
 -1.2633250E+04  1.783E+00  1.057E+00  7.753E-01
 -1.2632750E+04  1.372E+00  7.635E-01  7.390E-01
 -1.2632250E+04  1.467E+00  9.142E-01  5.336E-01
 -1.2631750E+04  1.649E+00  9.269E-01  8.500E-01
 -1.2631250E+04  1.640E+00  9.104E-01  8.640E-01
 -1.2630750E+04  1.453E+00  8.875E-01  5.824E-01
 -1.2630250E+04  1.508E+00  7.621E-01  9.935E-01
 -1.2629750E+04  1.642E+00  9.403E-01  7.904E-01
 -1.2629250E+04  1.554E+00  9.795E-01  5.307E-01
 -1.2628750E+04  1.544E+00  9.765E-01  5.295E-01
 -1.2628250E+04  1.483E+00  8.307E-01  7.754E-01
 -1.2627750E+04  1.552E+00  8.853E-01  7.645E-01
 -1.2627250E+04  1.565E+00  8.415E-01  9.068E-01
 -1.2626750E+04  1.518E+00  8.797E-01  7.017E-01
 -1.2626250E+04  1.598E+00  8.904E-01  8.439E-01
 -1.2625750E+04  1.552E+00  9.019E-01  7.258E-01
 -1.2625250E+04  1.422E+00  8.357E-01  6.482E-01
 -1.2624750E+04  1.695E+00  1.035E+00  6.603E-01
 -1.2624250E+04  1.654E+00  1.022E+00  6.112E-01
 -1.2623750E+04  1.768E+00  1.045E+00  7.589E-01
 -1.2623250E+04  1.556E+00  8.634E-01  8.250E-01
 -1.2622750E+04  1.524E+00  8.348E-01  8.465E-01
 -1.2622250E+04  1.608E+00  9.106E-01  7.859E-01
 -1.2621750E+04  1.683E+00  9.879E-01  7.510E-01
 -1.2621250E+04  1.511E+00  9.490E-01  5.144E-01
 -1.2620750E+04  1.562E+00  8.987E-01  7.373E-01
 -1.2620250E+04  1.719E+00  9.572E-01  9.076E-01
 -1.2619750E+04  1.713E+00  8.879E-01  1.054E+00
 -1.2619250E+04  1.571E+00  9.787E-01  5.630E-01
 -1.2618750E+04  1.572E+00  9.339E-01  6.789E-01
 -1.2618250E+04  1.603E+00  8.962E-01  8.277E-01
 -1.2617750E+04  1.634E+00  9.903E-01  6.515E-01
 -1.2617250E+04  1.437E+00  7.217E-01  9.392E-01
 -1.2616750E+04  1.858E+00  1.069E+00  8.694E-01
 -1.2616250E+04  1.396E+00  7.472E-01  8.214E-01
 -1.2615750E+04  1.750E+00  1.077E+00  6.342E-01
 -1.2615250E+04  1.378E+00  7.620E-01  7.258E-01
 -1.2614750E+04  1.495E+00  7.896E-01  8.914E-01
 -1.2614250E+04  1.572E+00  1.024E+00  4.440E-01
 -1.2613750E+04  1.450E+00  8.411E-01  6.740E-01
 -1.2613250E+04  1.500E+00  8.143E-01  8.427E-01
 -1.2612750E+04  1.465E+00  7.905E-01  8.363E-01
 -1.2612250E+04  1.430E+00  7.402E-01  8.960E-01
 -1.2611750E+04  1.483E+00  9.988E-01  3.363E-01
 -1.2611250E+04  1.828E+00  1.052E+00  8.536E-01
 -1.2610750E+04  1.408E+00  6.816E-01  1.001E+00
 -1.2610250E+04  1.423E+00  7.589E-01  8.136E-01
 -1.2609750E+04  1.499E+00  8.717E-01  6.819E-01
 -1.2609250E+04  1.576E+00  9.516E-01  6.347E-01
 -1.2608750E+04  1.564E+00  8.956E-01  7.608E-01
 -1.2608250E+04  1.548E+00  8.695E-01  7.859E-01
 -1.2607750E+04  1.512E+00  9.585E-01  4.968E-01
 -1.2607250E+04  1.298E+00  6.958E-01  7.400E-01
 -1.2606750E+04  1.560E+00  8.710E-01  7.805E-01
 -1.2606250E+04  1.401E+00  8.363E-01  5.872E-01
 -1.2605750E+04  1.269E+00  7.429E-01  5.866E-01
 -1.2605250E+04  1.398E+00  7.964E-01  6.919E-01
 -1.2604750E+04  1.570E+00  8.517E-01  8.667E-01
 -1.2604250E+04  1.519E+00  8.162E-01  8.585E-01
 -1.2603750E+04  1.268E+00  7.701E-01  4.964E-01
 -1.2603250E+04  1.371E+00  8.216E-01  5.515E-01
 -1.2602750E+04  1.386E+00  7.343E-01  8.043E-01
 -1.2602250E+04  1.429E+00  8.572E-01  5.794E-01
 -1.2601750E+04  1.491E+00  8.221E-01  7.857E-01
 -1.2601250E+04  1.589E+00  9.667E-01  6.218E-01
 -1.2600750E+04  1.253E+00  7.358E-01  5.657E-01
 -1.2600250E+04  1.181E+00  6.317E-01  6.853E-01
 -1.2599750E+04  1.380E+00  7.487E-01  7.742E-01
 -1.2599250E+04  1.424E+00  7.763E-01  7.720E-01
 -1.2598750E+04  1.610E+00  9.728E-01  6.228E-01
 -1.2598250E+04  1.364E+00  8.093E-01  5.629E-01
 -1.2597750E+04  1.259E+00  6.602E-01  7.618E-01
 -1.2597250E+04  1.224E+00  6.628E-01  6.968E-01
 -1.2596750E+04  1.357E+00  7.265E-01  7.730E-01
 -1.2596250E+04  1.452E+00  7.815E-01  8.152E-01
 -1.2595750E+04  1.472E+00  8.624E-01  6.477E-01
 -1.2595250E+04  1.245E+00  6.216E-01  8.262E-01
 -1.2594750E+04  1.176E+00  6.848E-01  5.399E-01
 -1.2594250E+04  1.345E+00  7.654E-01  6.586E-01
 -1.2593750E+04  1.459E+00  8.370E-01  6.932E-01
 -1.2593250E+04  1.431E+00  8.337E-01  6.259E-01
 -1.2592750E+04  1.329E+00  8.513E-01  4.054E-01
 -1.2592250E+04  1.212E+00  6.654E-01  6.530E-01
 -1.2591750E+04  1.190E+00  6.621E-01  6.199E-01
 -1.2591250E+04  1.342E+00  7.289E-01  7.343E-01
 -1.2590750E+04  1.318E+00  7.836E-01  5.752E-01
 -1.2590250E+04  1.298E+00  7.583E-01  5.751E-01
 -1.2589750E+04  1.104E+00  6.269E-01  5.399E-01
 -1.2589250E+04  1.303E+00  6.971E-01  7.550E-01
 -1.2588750E+04  1.243E+00  6.929E-01  6.437E-01
 -1.2588250E+04  1.292E+00  6.777E-01  7.690E-01
 -1.2587750E+04  1.302E+00  7.299E-01  6.567E-01
 -1.2587250E+04  1.335E+00  8.484E-01  4.132E-01
 -1.2586750E+04  1.210E+00  6.354E-01  7.189E-01
 -1.2586250E+04  1.163E+00  6.987E-01  4.736E-01
 -1.2585750E+04  1.090E+00  5.971E-01  6.096E-01
 -1.2585250E+04  1.148E+00  5.978E-01  7.069E-01
 -1.2584750E+04  1.268E+00  7.363E-01  5.676E-01
 -1.2584250E+04  1.199E+00  6.465E-01  6.793E-01
 -1.2583750E+04  1.252E+00  7.113E-01  6.040E-01
 -1.2583250E+04  1.224E+00  6.996E-01  5.874E-01
 -1.2582750E+04  1.076E+00  5.616E-01  6.558E-01
 -1.2582250E+04  1.188E+00  6.826E-01  5.662E-01
 -1.2581750E+04  1.174E+00  6.560E-01  6.140E-01
 -1.2581250E+04  1.137E+00  6.587E-01  5.229E-01
 -1.2580750E+04  1.186E+00  6.478E-01  6.427E-01
 -1.2580250E+04  1.187E+00  6.981E-01  5.173E-01
 -1.2579750E+04  1.136E+00  6.149E-01  6.387E-01
 -1.2579250E+04  1.220E+00  6.909E-01  5.894E-01
 -1.2578750E+04  1.146E+00  6.601E-01  5.322E-01
 -1.2578250E+04  1.146E+00  7.158E-01  4.053E-01
 -1.2577750E+04  1.221E+00  7.341E-01  5.055E-01
 -1.2577250E+04  1.202E+00  6.313E-01  7.152E-01
 -1.2576750E+04  1.141E+00  5.966E-01  6.817E-01
 -1.2576250E+04  9.220E-01  5.108E-01  5.009E-01
 -1.2575750E+04  1.074E+00  5.865E-01  5.956E-01
 -1.2575250E+04  1.018E+00  5.817E-01  4.870E-01
 -1.2574750E+04  1.097E+00  6.673E-01  4.316E-01
 -1.2574250E+04  9.464E-01  5.110E-01  5.381E-01
 -1.2573750E+04  1.118E+00  5.841E-01  6.820E-01
 -1.2573250E+04  1.093E+00  5.915E-01  5.921E-01
 -1.2572750E+04  9.563E-01  5.227E-01  5.290E-01
 -1.2572250E+04  1.052E+00  6.218E-01  4.599E-01
 -1.2571750E+04  1.035E+00  5.992E-01  4.692E-01
 -1.2571250E+04  1.097E+00  5.918E-01  5.948E-01
 -1.2570750E+04  1.007E+00  5.543E-01  5.532E-01
 -1.2570250E+04  1.068E+00  6.173E-01  4.943E-01
 -1.2569750E+04  1.003E+00  5.539E-01  5.342E-01
 -1.2569250E+04  1.108E+00  5.828E-01  6.556E-01
 -1.2568750E+04  9.274E-01  5.420E-01  4.186E-01
 -1.2568250E+04  1.115E+00  6.661E-01  4.631E-01
 -1.2567750E+04  8.820E-01  4.855E-01  4.576E-01
 -1.2567250E+04  1.098E+00  5.978E-01  6.023E-01
 -1.2566750E+04  9.866E-01  5.236E-01  5.833E-01
 -1.2566250E+04  9.494E-01  5.772E-01  3.815E-01
 -1.2565750E+04  1.070E+00  5.928E-01  5.572E-01
 -1.2565250E+04  1.057E+00  5.893E-01  5.462E-01
 -1.2564750E+04  9.455E-01  5.567E-01  4.181E-01
 -1.2564250E+04  8.893E-01  4.702E-01  5.271E-01
 -1.2563750E+04  9.701E-01  5.256E-01  5.439E-01
 -1.2563250E+04  1.000E+00  6.598E-01  2.652E-01
 -1.2562750E+04  1.054E+00  6.153E-01  4.752E-01
 -1.2562250E+04  9.614E-01  5.487E-01  4.652E-01
 -1.2561750E+04  9.342E-01  5.285E-01  4.661E-01
 -1.2561250E+04  9.350E-01  5.207E-01  4.802E-01
 -1.2560750E+04  8.710E-01  5.008E-01  4.149E-01
 -1.2560250E+04  9.103E-01  4.452E-01  6.248E-01
 -1.2559750E+04  1.001E+00  5.643E-01  4.978E-01
 -1.2559250E+04  1.006E+00  5.680E-01  5.032E-01
 -1.2558750E+04  9.965E-01  5.505E-01  5.208E-01
 -1.2558250E+04  9.688E-01  5.870E-01  4.006E-01
 -1.2557750E+04  9.031E-01  4.740E-01  5.482E-01
 -1.2557250E+04  9.587E-01  5.622E-01  4.242E-01
 -1.2556750E+04  9.004E-01  5.201E-01  4.225E-01
 -1.2556250E+04  9.372E-01  5.627E-01  3.837E-01
 -1.2555750E+04  9.242E-01  4.961E-01  5.267E-01
 -1.2555250E+04  8.457E-01  4.961E-01  3.731E-01
 -1.2554750E+04  7.727E-01  3.597E-01  5.756E-01
 -1.2554250E+04  8.437E-01  4.634E-01  4.548E-01
 -1.2553750E+04  9.186E-01  5.002E-01  4.974E-01
 -1.2553250E+04  8.170E-01  4.430E-01  4.590E-01
 -1.2552750E+04  8.757E-01  4.705E-01  4.870E-01
 -1.2552250E+04  8.852E-01  5.325E-01  3.587E-01
 -1.2551750E+04  8.226E-01  4.736E-01  3.959E-01
 -1.2551250E+04  8.926E-01  5.194E-01  4.061E-01
 -1.2550750E+04  9.167E-01  5.663E-01  3.209E-01
 -1.2550250E+04  8.069E-01  4.561E-01  4.059E-01
 -1.2549750E+04  8.034E-01  3.845E-01  5.723E-01
 -1.2549250E+04  9.329E-01  4.972E-01  5.305E-01
 -1.2548750E+04  9.147E-01  5.265E-01  4.256E-01
 -1.2548250E+04  7.799E-01  4.799E-01  3.004E-01
 -1.2547750E+04  9.678E-01  5.720E-01  4.086E-01
 -1.2547250E+04  7.250E-01  3.926E-01  4.196E-01
 -1.2546750E+04  7.486E-01  4.459E-01  3.191E-01
 -1.2546250E+04  8.274E-01  4.693E-01  4.138E-01
 -1.2545750E+04  8.576E-01  4.438E-01  5.202E-01
 -1.2545250E+04  8.278E-01  4.880E-01  3.795E-01
 -1.2544750E+04  7.762E-01  4.213E-01  4.284E-01
 -1.2544250E+04  8.744E-01  4.291E-01  5.909E-01
 -1.2543750E+04  8.806E-01  4.516E-01  5.388E-01
 -1.2543250E+04  8.849E-01  5.109E-01  4.094E-01
 -1.2542750E+04  8.391E-01  4.436E-01  5.011E-01
 -1.2542250E+04  7.588E-01  4.600E-01  3.138E-01
 -1.2541750E+04  8.371E-01  4.888E-01  3.904E-01
 -1.2541250E+04  7.110E-01  3.852E-01  3.943E-01
 -1.2540750E+04  7.434E-01  4.059E-01  4.062E-01
 -1.2540250E+04  6.950E-01  3.804E-01  3.835E-01
 -1.2539750E+04  8.088E-01  4.585E-01  3.896E-01
 -1.2539250E+04  8.010E-01  4.759E-01  3.402E-01
 -1.2538750E+04  6.992E-01  3.895E-01  3.647E-01
 -1.2538250E+04  7.263E-01  4.173E-01  3.489E-01
 -1.2537750E+04  8.367E-01  4.960E-01  3.565E-01
 -1.2537250E+04  7.339E-01  4.317E-01  3.341E-01
 -1.2536750E+04  7.194E-01  3.762E-01  4.343E-01
 -1.2536250E+04  6.437E-01  3.261E-01  4.216E-01
 -1.2535750E+04  7.536E-01  4.309E-01  3.665E-01
 -1.2535250E+04  8.122E-01  4.902E-01  3.244E-01
 -1.2534750E+04  7.825E-01  4.611E-01  3.418E-01
 -1.2534250E+04  7.794E-01  4.270E-01  4.167E-01
 -1.2533750E+04  6.955E-01  3.481E-01  4.519E-01
 -1.2533250E+04  7.083E-01  3.924E-01  3.752E-01
 -1.2532750E+04  5.851E-01  3.335E-01  3.018E-01
 -1.2532250E+04  7.044E-01  4.282E-01  2.794E-01
 -1.2531750E+04  7.693E-01  4.704E-01  2.924E-01
 -1.2531250E+04  7.525E-01  3.975E-01  4.384E-01
 -1.2530750E+04  6.891E-01  3.523E-01  4.444E-01
 -1.2530250E+04  7.715E-01  4.235E-01  4.179E-01
 -1.2529750E+04  7.489E-01  4.125E-01  3.976E-01
 -1.2529250E+04  6.596E-01  3.688E-01  3.408E-01
 -1.2528750E+04  6.508E-01  3.409E-01  3.941E-01
 -1.2528250E+04  6.749E-01  3.730E-01  3.714E-01
 -1.2527750E+04  6.573E-01  3.723E-01  3.253E-01
 -1.2527250E+04  6.532E-01  3.613E-01  3.446E-01
 -1.2526750E+04  7.211E-01  4.137E-01  3.440E-01
 -1.2526250E+04  6.708E-01  4.003E-01  2.864E-01
 -1.2525750E+04  6.897E-01  3.537E-01  4.302E-01
 -1.2525250E+04  7.035E-01  3.665E-01  4.305E-01
 -1.2524750E+04  6.668E-01  3.878E-01  3.168E-01
 -1.2524250E+04  6.755E-01  3.865E-01  3.429E-01
 -1.2523750E+04  5.897E-01  3.323E-01  3.183E-01
 -1.2523250E+04  7.137E-01  4.093E-01  3.190E-01
 -1.2522750E+04  7.547E-01  3.975E-01  4.344E-01
 -1.2522250E+04  6.223E-01  3.581E-01  2.979E-01
 -1.2521750E+04  6.056E-01  3.280E-01  3.290E-01
 -1.2521250E+04  6.768E-01  3.641E-01  3.939E-01
 -1.2520750E+04  6.452E-01  3.604E-01  3.389E-01
 -1.2520250E+04  6.717E-01  3.459E-01  4.141E-01
 -1.2519750E+04  6.128E-01  3.297E-01  3.536E-01
 -1.2519250E+04  6.588E-01  3.741E-01  3.256E-01
 -1.2518750E+04  7.133E-01  3.600E-01  4.583E-01
 -1.2518250E+04  6.451E-01  3.401E-01  3.906E-01
 -1.2517750E+04  5.982E-01  2.878E-01  4.143E-01
 -1.2517250E+04  5.225E-01  3.091E-01  2.287E-01
 -1.2516750E+04  5.834E-01  3.513E-01  2.371E-01
 -1.2516250E+04  5.844E-01  3.186E-01  3.481E-01
 -1.2515750E+04  6.275E-01  3.336E-01  3.720E-01
 -1.2515250E+04  6.257E-01  3.983E-01  2.030E-01
 -1.2514750E+04  6.740E-01  3.829E-01  3.271E-01
 -1.2514250E+04  6.535E-01  3.847E-01  2.860E-01
 -1.2513750E+04  5.997E-01  3.169E-01  3.523E-01
 -1.2513250E+04  5.782E-01  3.120E-01  3.249E-01
 -1.2512750E+04  6.422E-01  3.694E-01  3.061E-01
 -1.2512250E+04  5.865E-01  3.438E-01  2.630E-01
 -1.2511750E+04  6.696E-01  3.418E-01  4.210E-01
 -1.2511250E+04  6.215E-01  3.587E-01  2.911E-01
 -1.2510750E+04  6.012E-01  3.426E-01  2.970E-01
 -1.2510250E+04  6.227E-01  3.043E-01  4.292E-01
 -1.2509750E+04  4.474E-01  2.404E-01  2.623E-01
 -1.2509250E+04  6.231E-01  3.667E-01  2.718E-01
 -1.2508750E+04  5.955E-01  3.525E-01  2.545E-01
 -1.2508250E+04  5.690E-01  3.152E-01  3.038E-01
 -1.2507750E+04  6.382E-01  3.507E-01  3.572E-01
 -1.2507250E+04  5.722E-01  2.731E-01  4.130E-01
 -1.2506750E+04  4.422E-01  2.304E-01  2.620E-01
 -1.2506250E+04  5.765E-01  3.615E-01  1.919E-01
 -1.2505750E+04  5.673E-01  3.339E-01  2.524E-01
 -1.2505250E+04  5.001E-01  2.616E-01  3.129E-01
 -1.2504750E+04  5.990E-01  3.462E-01  2.877E-01
 -1.2504250E+04  6.362E-01  3.976E-01  2.306E-01
 -1.2503750E+04  6.376E-01  3.339E-01  3.648E-01
 -1.2503250E+04  5.270E-01  2.641E-01  3.455E-01
 -1.2502750E+04  4.928E-01  3.027E-01  2.009E-01
 -1.2502250E+04  5.527E-01  3.348E-01  2.252E-01
 -1.2501750E+04  5.530E-01  3.288E-01  2.418E-01
 -1.2501250E+04  5.381E-01  2.982E-01  2.926E-01
 -1.2500750E+04  5.863E-01  3.020E-01  3.581E-01
 -1.2500250E+04  5.457E-01  3.124E-01  2.554E-01
 -1.2499750E+04  4.863E-01  2.793E-01  2.366E-01
 -1.2499250E+04  5.379E-01  2.672E-01  3.572E-01
 -1.2498750E+04  5.556E-01  3.086E-01  2.875E-01
 -1.2498250E+04  4.785E-01  2.616E-01  2.536E-01
 -1.2497750E+04  5.516E-01  3.046E-01  2.903E-01
 -1.2497250E+04  5.461E-01  3.041E-01  2.869E-01
 -1.2496750E+04  5.876E-01  2.923E-01  3.933E-01
 -1.2496250E+04  4.334E-01  2.240E-01  2.753E-01
 -1.2495750E+04  5.389E-01  3.187E-01  2.289E-01
 -1.2495250E+04  5.284E-01  2.862E-01  2.862E-01
 -1.2494750E+04  5.140E-01  2.904E-01  2.558E-01
 -1.2494250E+04  4.951E-01  2.965E-01  2.139E-01
 -1.2493750E+04  5.582E-01  3.032E-01  3.001E-01
 -1.2493250E+04  5.731E-01  3.148E-01  3.135E-01
 -1.2492750E+04  4.268E-01  2.297E-01  2.558E-01
 -1.2492250E+04  4.388E-01  2.101E-01  3.063E-01
 -1.2491750E+04  5.342E-01  2.826E-01  3.112E-01
 -1.2491250E+04  4.868E-01  2.905E-01  2.060E-01
 -1.2490750E+04  4.858E-01  2.930E-01  2.061E-01
 -1.2490250E+04  4.789E-01  2.860E-01  1.969E-01
 -1.2489750E+04  4.822E-01  2.348E-01  3.317E-01
 -1.2489250E+04  4.264E-01  2.070E-01  3.081E-01
 -1.2488750E+04  5.066E-01  2.788E-01  2.704E-01
 -1.2488250E+04  4.464E-01  2.750E-01  1.711E-01
 -1.2487750E+04  4.245E-01  2.489E-01  1.996E-01
 -1.2487250E+04  5.347E-01  2.810E-01  3.243E-01
 -1.2486750E+04  4.932E-01  2.201E-01  4.017E-01
 -1.2486250E+04  5.503E-01  3.075E-01  2.815E-01
 -1.2485750E+04  4.273E-01  2.268E-01  2.606E-01
 -1.2485250E+04  4.303E-01  2.456E-01  2.192E-01
 -1.2484750E+04  5.033E-01  2.744E-01  2.761E-01
 -1.2484250E+04  4.604E-01  2.234E-01  3.154E-01
 -1.2483750E+04  5.198E-01  3.290E-01  1.782E-01
 -1.2483250E+04  4.092E-01  2.515E-01  1.731E-01
 -1.2482750E+04  4.795E-01  2.940E-01  1.791E-01
 -1.2482250E+04  4.332E-01  2.479E-01  2.095E-01
 -1.2481750E+04  4.776E-01  2.516E-01  2.858E-01
 -1.2481250E+04  4.951E-01  2.885E-01  2.327E-01
 -1.2480750E+04  4.639E-01  2.520E-01  2.568E-01
 -1.2480250E+04  4.279E-01  2.510E-01  1.953E-01
 -1.2479750E+04  4.275E-01  2.222E-01  2.606E-01
 -1.2479250E+04  4.523E-01  2.633E-01  2.147E-01
 -1.2478750E+04  4.177E-01  2.238E-01  2.407E-01
 -1.2478250E+04  4.651E-01  2.618E-01  2.383E-01
 -1.2477750E+04  4.276E-01  2.444E-01  2.102E-01
 -1.2477250E+04  4.627E-01  2.632E-01  2.238E-01
 -1.2476750E+04  4.499E-01  2.632E-01  2.026E-01
 -1.2476250E+04  4.121E-01  2.400E-01  1.987E-01
 -1.2475750E+04  4.404E-01  2.453E-01  2.335E-01
 -1.2475250E+04  3.550E-01  1.674E-01  2.692E-01
 -1.2474750E+04  4.880E-01  2.491E-01  3.077E-01
 -1.2474250E+04  4.589E-01  2.470E-01  2.603E-01
 -1.2473750E+04  4.463E-01  2.426E-01  2.465E-01
 -1.2473250E+04  3.989E-01  2.374E-01  1.794E-01
 -1.2472750E+04  4.383E-01  2.739E-01  1.599E-01
 -1.2472250E+04  4.526E-01  2.583E-01  2.162E-01
 -1.2471750E+04  3.982E-01  1.958E-01  2.729E-01
 -1.2471250E+04  4.036E-01  2.109E-01  2.503E-01
 -1.2470750E+04  4.085E-01  1.948E-01  2.897E-01
 -1.2470250E+04  4.151E-01  2.301E-01  2.220E-01
 -1.2469750E+04  4.052E-01  2.250E-01  2.008E-01
 -1.2469250E+04  4.303E-01  2.449E-01  2.045E-01
 -1.2468750E+04  3.447E-01  2.027E-01  1.623E-01
 -1.2468250E+04  4.349E-01  2.703E-01  1.544E-01
 -1.2467750E+04  4.831E-01  2.657E-01  2.554E-01
 -1.2467250E+04  4.151E-01  2.230E-01  2.301E-01
 -1.2466750E+04  3.838E-01  2.158E-01  1.992E-01
 -1.2466250E+04  3.900E-01  2.246E-01  1.928E-01
 -1.2465750E+04  4.212E-01  2.488E-01  1.891E-01
 -1.2465250E+04  3.286E-01  1.953E-01  1.542E-01
 -1.2464750E+04  3.891E-01  2.075E-01  2.274E-01
 -1.2464250E+04  3.973E-01  2.317E-01  1.837E-01
 -1.2463750E+04  4.814E-01  2.896E-01  2.085E-01
 -1.2463250E+04  3.610E-01  1.615E-01  2.906E-01
 -1.2462750E+04  3.685E-01  2.217E-01  1.545E-01
 -1.2462250E+04  4.054E-01  2.234E-01  2.151E-01
 -1.2461750E+04  4.233E-01  2.467E-01  2.012E-01
 -1.2461250E+04  4.049E-01  2.077E-01  2.469E-01
 -1.2460750E+04  3.341E-01  1.908E-01  1.644E-01
 -1.2460250E+04  2.936E-01  1.578E-01  1.881E-01
 -1.2459750E+04  3.263E-01  1.759E-01  1.984E-01
 -1.2459250E+04  4.408E-01  2.428E-01  2.291E-01
 -1.2458750E+04  3.736E-01  2.123E-01  1.742E-01
 -1.2458250E+04  3.718E-01  1.977E-01  2.218E-01
 -1.2457750E+04  3.741E-01  2.058E-01  2.113E-01
 -1.2457250E+04  4.193E-01  2.627E-01  1.528E-01
 -1.2456750E+04  3.840E-01  2.214E-01  1.853E-01
 -1.2456250E+04  3.610E-01  1.925E-01  2.190E-01
 -1.2455750E+04  3.692E-01  2.000E-01  1.959E-01
 -1.2455250E+04  3.673E-01  1.946E-01  2.111E-01
 -1.2454750E+04  4.004E-01  2.026E-01  2.543E-01
 -1.2454250E+04  3.175E-01  1.766E-01  1.673E-01
 -1.2453750E+04  3.497E-01  1.832E-01  1.995E-01
 -1.2453250E+04  3.336E-01  1.911E-01  1.711E-01
 -1.2452750E+04  3.751E-01  1.953E-01  2.383E-01
 -1.2452250E+04  3.801E-01  1.992E-01  2.261E-01
 -1.2451750E+04  3.929E-01  2.158E-01  2.033E-01
 -1.2451250E+04  3.753E-01  2.362E-01  1.283E-01
 -1.2450750E+04  3.368E-01  2.012E-01  1.501E-01
 -1.2450250E+04  3.435E-01  1.764E-01  2.219E-01
 -1.2449750E+04  3.532E-01  1.904E-01  1.899E-01
 -1.2449250E+04  3.427E-01  1.820E-01  2.127E-01
 -1.2448750E+04  2.942E-01  1.424E-01  2.119E-01
 -1.2448250E+04  3.751E-01  2.181E-01  1.630E-01
 -1.2447750E+04  4.122E-01  2.355E-01  1.971E-01
 -1.2447250E+04  3.894E-01  1.705E-01  3.187E-01
 -1.2446750E+04  3.412E-01  1.897E-01  1.784E-01
 -1.2446250E+04  3.600E-01  1.994E-01  1.968E-01
 -1.2445750E+04  3.303E-01  1.933E-01  1.487E-01
 -1.2445250E+04  2.798E-01  1.424E-01  1.879E-01
 -1.2444750E+04  3.141E-01  1.498E-01  2.309E-01
 -1.2444250E+04  3.401E-01  2.040E-01  1.387E-01
 -1.2443750E+04  3.447E-01  2.109E-01  1.309E-01
 -1.2443250E+04  3.263E-01  1.599E-01  2.406E-01
 -1.2442750E+04  3.279E-01  1.500E-01  2.574E-01
 -1.2442250E+04  3.292E-01  1.629E-01  2.157E-01
 -1.2441750E+04  3.766E-01  2.006E-01  2.141E-01
 -1.2441250E+04  3.401E-01  1.927E-01  1.826E-01
 -1.2440750E+04  3.146E-01  1.784E-01  1.588E-01
 -1.2440250E+04  3.514E-01  1.925E-01  1.823E-01
 -1.2439750E+04  2.729E-01  1.464E-01  1.709E-01
 -1.2439250E+04  3.362E-01  1.740E-01  2.053E-01
 -1.2438750E+04  2.763E-01  1.641E-01  1.325E-01
 -1.2438250E+04  3.381E-01  1.895E-01  1.711E-01
 -1.2437750E+04  3.209E-01  1.760E-01  1.867E-01
 -1.2437250E+04  2.668E-01  1.261E-01  1.914E-01
 -1.2436750E+04  3.412E-01  1.982E-01  1.520E-01
 -1.2436250E+04  3.471E-01  2.112E-01  1.340E-01
 -1.2435750E+04  2.873E-01  1.667E-01  1.314E-01
 -1.2435250E+04  3.971E-01  2.361E-01  1.571E-01
 -1.2434750E+04  3.005E-01  1.805E-01  1.310E-01
 -1.2434250E+04  3.186E-01  1.786E-01  1.647E-01
 -1.2433750E+04  3.105E-01  1.664E-01  1.786E-01
 -1.2433250E+04  2.810E-01  1.561E-01  1.498E-01
 -1.2432750E+04  3.187E-01  1.924E-01  1.400E-01
 -1.2432250E+04  2.865E-01  1.460E-01  1.866E-01
 -1.2431750E+04  2.536E-01  1.130E-01  2.105E-01
 -1.2431250E+04  3.052E-01  1.873E-01  1.087E-01
 -1.2430750E+04  3.025E-01  1.646E-01  1.614E-01
 -1.2430250E+04  3.509E-01  2.131E-01  1.398E-01
 -1.2429750E+04  2.787E-01  1.490E-01  1.671E-01
 -1.2429250E+04  3.122E-01  1.439E-01  2.483E-01
 -1.2428750E+04  2.552E-01  1.493E-01  1.251E-01
 -1.2428250E+04  3.153E-01  1.763E-01  1.713E-01
 -1.2427750E+04  3.139E-01  1.767E-01  1.782E-01
 -1.2427250E+04  3.345E-01  2.048E-01  1.186E-01
 -1.2426750E+04  3.341E-01  1.859E-01  1.664E-01
 -1.2426250E+04  2.911E-01  1.647E-01  1.525E-01
 -1.2425750E+04  2.250E-01  1.383E-01  1.046E-01
 -1.2425250E+04  2.902E-01  1.629E-01  1.584E-01
 -1.2424750E+04  2.857E-01  1.619E-01  1.346E-01
 -1.2424250E+04  2.576E-01  1.442E-01  1.452E-01
 -1.2423750E+04  3.055E-01  1.713E-01  1.529E-01
 -1.2423250E+04  3.136E-01  1.849E-01  1.367E-01
 -1.2422750E+04  2.880E-01  1.428E-01  1.952E-01
 -1.2422250E+04  2.831E-01  1.399E-01  1.903E-01
 -1.2421750E+04  2.766E-01  1.475E-01  1.690E-01
 -1.2421250E+04  2.746E-01  1.364E-01  1.839E-01
 -1.2420750E+04  3.026E-01  1.845E-01  1.198E-01
 -1.2420250E+04  2.859E-01  1.762E-01  1.070E-01
 -1.2419750E+04  2.575E-01  1.424E-01  1.377E-01
 -1.2419250E+04  2.993E-01  1.671E-01  1.581E-01
 -1.2418750E+04  2.635E-01  1.390E-01  1.653E-01
 -1.2418250E+04  2.387E-01  1.332E-01  1.275E-01
 -1.2417750E+04  2.624E-01  1.090E-01  2.152E-01
 -1.2417250E+04  2.764E-01  1.618E-01  1.174E-01
 -1.2416750E+04  3.475E-01  1.968E-01  1.727E-01
 -1.2416250E+04  2.693E-01  1.511E-01  1.334E-01
 -1.2415750E+04  2.451E-01  1.364E-01  1.295E-01
 -1.2415250E+04  2.720E-01  1.443E-01  1.648E-01
 -1.2414750E+04  2.492E-01  1.277E-01  1.610E-01
 -1.2414250E+04  2.515E-01  1.044E-01  2.241E-01
 -1.2413750E+04  2.849E-01  1.597E-01  1.527E-01
 -1.2413250E+04  2.337E-01  1.179E-01  1.576E-01
 -1.2412750E+04  2.664E-01  1.657E-01  9.581E-02
 -1.2412250E+04  2.433E-01  1.303E-01  1.461E-01
 -1.2411750E+04  2.636E-01  1.568E-01  1.229E-01
 -1.2411250E+04  2.677E-01  1.739E-01  8.510E-02
 -1.2410750E+04  2.602E-01  1.485E-01  1.238E-01
 -1.2410250E+04  3.243E-01  1.780E-01  1.705E-01
 -1.2409750E+04  2.780E-01  1.506E-01  1.557E-01
 -1.2409250E+04  2.522E-01  1.613E-01  9.025E-02
 -1.2408750E+04  2.880E-01  1.434E-01  1.880E-01
 -1.2408250E+04  2.634E-01  1.413E-01  1.457E-01
 -1.2407750E+04  2.499E-01  1.474E-01  1.084E-01
 -1.2407250E+04  1.891E-01  1.117E-01  9.730E-02
 -1.2406750E+04  2.044E-01  1.043E-01  1.410E-01
 -1.2406250E+04  2.532E-01  1.165E-01  1.907E-01
 -1.2405750E+04  2.544E-01  1.687E-01  6.749E-02
 -1.2405250E+04  2.729E-01  1.567E-01  1.278E-01
 -1.2404750E+04  3.198E-01  1.776E-01  1.602E-01
 -1.2404250E+04  2.765E-01  1.426E-01  1.678E-01
 -1.2403750E+04  1.824E-01  7.922E-02  1.526E-01
 -1.2403250E+04  2.647E-01  1.244E-01  1.985E-01
 -1.2402750E+04  2.862E-01  1.475E-01  1.735E-01
 -1.2402250E+04  2.040E-01  1.252E-01  9.186E-02
 -1.2401750E+04  2.471E-01  1.425E-01  1.204E-01
 -1.2401250E+04  2.321E-01  1.318E-01  1.062E-01
 -1.2400750E+04  2.260E-01  1.325E-01  1.074E-01
 -1.2400250E+04  2.362E-01  1.379E-01  1.096E-01
 -1.2399750E+04  2.573E-01  1.277E-01  1.758E-01
 -1.2399250E+04  2.823E-01  1.314E-01  2.033E-01
 -1.2398750E+04  1.896E-01  9.575E-02  1.216E-01
 -1.2398250E+04  2.681E-01  1.572E-01  1.093E-01
 -1.2397750E+04  1.896E-01  1.206E-01  7.762E-02
 -1.2397250E+04  2.211E-01  1.235E-01  1.180E-01
 -1.2396750E+04  2.357E-01  1.258E-01  1.413E-01
 -1.2396250E+04  2.724E-01  1.584E-01  1.188E-01
 -1.2395750E+04  1.974E-01  1.157E-01  8.622E-02
 -1.2395250E+04  1.945E-01  1.095E-01  1.051E-01
 -1.2394750E+04  2.534E-01  1.457E-01  1.113E-01
 -1.2394250E+04  1.928E-01  1.219E-01  7.762E-02
 -1.2393750E+04  2.164E-01  1.090E-01  1.445E-01
 -1.2393250E+04  2.852E-01  1.418E-01  1.843E-01
 -1.2392750E+04  1.815E-01  1.063E-01  8.406E-02
 -1.2392250E+04  1.766E-01  1.127E-01  6.488E-02
 -1.2391750E+04  1.967E-01  9.380E-02  1.521E-01
 -1.2391250E+04  2.121E-01  1.045E-01  1.331E-01
 -1.2390750E+04  2.514E-01  1.185E-01  1.833E-01
 -1.2390250E+04  2.302E-01  1.312E-01  1.244E-01
 -1.2389750E+04  1.921E-01  1.193E-01  7.285E-02
 -1.2389250E+04  2.321E-01  1.084E-01  1.284E-01
 -1.2388750E+04  2.768E-01  1.322E-01  1.562E-01
 -1.2388250E+04  2.221E-01  1.212E-01  1.344E-01
 -1.2387750E+04  1.441E-01  8.913E-02  1.301E-01
 -1.2387250E+04  2.688E-01  1.459E-01  1.301E-01
 -1.2386750E+04  2.032E-01  1.085E-01  1.197E-01
 -1.2386250E+04  2.339E-01  1.238E-01  1.421E-01
 -1.2385750E+04  2.246E-01  1.395E-01  8.666E-02
 -1.2385250E+04  2.120E-01  1.044E-01  1.469E-01
 -1.2384750E+04  2.259E-01  1.399E-01  9.089E-02
 -1.2384250E+04  2.247E-01  1.295E-01  1.011E-01
 -1.2383750E+04  2.037E-01  1.105E-01  1.094E-01
 -1.2383250E+04  2.099E-01  1.142E-01  1.195E-01
 -1.2382750E+04  1.799E-01  8.797E-02  1.338E-01
 -1.2382250E+04  2.554E-01  1.527E-01  1.048E-01
 -1.2381750E+04  2.294E-01  1.150E-01  1.193E-01
 -1.2381250E+04  2.387E-01  1.427E-01  8.308E-02
 -1.2380750E+04  2.048E-01  1.232E-01  9.300E-02
 -1.2380250E+04  2.068E-01  1.132E-01  1.134E-01
 -1.2379750E+04  1.400E-01  8.448E-02  9.635E-02
 -1.2379250E+04  1.814E-01  1.170E-01  8.088E-02
 -1.2378750E+04  1.563E-01  7.218E-02  1.239E-01
 -1.2378250E+04  2.231E-01  1.114E-01  1.441E-01
 -1.2377750E+04  2.299E-01  1.226E-01  1.314E-01
 -1.2377250E+04  2.717E-01  1.649E-01  1.064E-01
 -1.2376750E+04  2.055E-01  1.172E-01  8.926E-02
 -1.2376250E+04  2.269E-01  1.076E-01  1.559E-01
 -1.2375750E+04  1.910E-01  1.197E-01  5.825E-02
 -1.2375250E+04  1.897E-01  1.091E-01  8.922E-02
 -1.2374750E+04  2.329E-01  1.186E-01  1.518E-01
 -1.2374250E+04  1.880E-01  9.144E-02  1.284E-01
 -1.2373750E+04  1.775E-01  9.585E-02  1.024E-01
 -1.2373250E+04  1.883E-01  1.008E-01  1.168E-01
 -1.2372750E+04  1.938E-01  1.223E-01  7.607E-02
 -1.2372250E+04  1.954E-01  1.141E-01  9.558E-02
 -1.2371750E+04  1.821E-01  8.780E-02  1.233E-01
 -1.2371250E+04  2.170E-01  1.281E-01  9.084E-02
 -1.2370750E+04  1.441E-01  7.604E-02  9.018E-02
 -1.2370250E+04  1.843E-01  8.888E-02  1.395E-01
 -1.2369750E+04  1.910E-01  1.140E-01  8.510E-02
 -1.2369250E+04  2.001E-01  1.277E-01  6.442E-02
 -1.2368750E+04  1.669E-01  7.100E-02  1.503E-01
 -1.2368250E+04  1.629E-01  7.837E-02  1.194E-01
 -1.2367750E+04  1.799E-01  1.152E-01  6.292E-02
 -1.2367250E+04  2.003E-01  1.080E-01  1.125E-01
 -1.2366750E+04  2.022E-01  1.293E-01  7.971E-02
 -1.2366250E+04  2.170E-01  1.333E-01  8.551E-02
 -1.2365750E+04  1.506E-01  7.560E-02  1.120E-01
 -1.2365250E+04  1.399E-01  9.681E-02  3.563E-02
 -1.2364750E+04  1.999E-01  1.240E-01  7.880E-02
 -1.2364250E+04  1.711E-01  1.015E-01  7.214E-02
 -1.2363750E+04  1.996E-01  1.079E-01  1.100E-01
 -1.2363250E+04  2.189E-01  1.225E-01  1.143E-01
 -1.2362750E+04  1.764E-01  7.535E-02  1.269E-01
 -1.2362250E+04  1.991E-01  1.129E-01  8.828E-02
 -1.2361750E+04  1.958E-01  1.204E-01  7.176E-02
 -1.2361250E+04  1.743E-01  8.706E-02  1.026E-01
 -1.2360750E+04  1.589E-01  7.268E-02  1.400E-01
 -1.2360250E+04  1.994E-01  1.233E-01  7.819E-02
 -1.2359750E+04  1.537E-01  6.570E-02  1.329E-01
 -1.2359250E+04  1.879E-01  9.114E-02  1.377E-01
 -1.2358750E+04  2.144E-01  1.293E-01  8.020E-02
 -1.2358250E+04  2.068E-01  1.309E-01  6.721E-02
 -1.2357750E+04  1.926E-01  1.140E-01  8.598E-02
 -1.2357250E+04  1.618E-01  1.001E-01  6.560E-02
 -1.2356750E+04  1.846E-01  8.704E-02  1.400E-01
 -1.2356250E+04  1.967E-01  9.569E-02  1.303E-01
 -1.2355750E+04  1.722E-01  7.635E-02  1.347E-01
 -1.2355250E+04  1.563E-01  9.347E-02  6.933E-02
 -1.2354750E+04  1.351E-01  6.963E-02  9.324E-02
 -1.2354250E+04  1.858E-01  1.165E-01  6.709E-02
 -1.2353750E+04  1.624E-01  8.070E-02  9.954E-02
 -1.2353250E+04  1.461E-01  8.583E-02  9.224E-02
 -1.2352750E+04  1.751E-01  9.733E-02  7.148E-02
 -1.2352250E+04  1.815E-01  9.684E-02  1.097E-01
 -1.2351750E+04  1.967E-01  8.642E-02  1.619E-01
 -1.2351250E+04  1.970E-01  1.214E-01  8.328E-02
 -1.2350750E+04  1.159E-01  5.681E-02  8.970E-02
 -1.2350250E+04  1.905E-01  1.152E-01  6.429E-02
 -1.2349750E+04  1.445E-01  7.201E-02  8.531E-02
 -1.2349250E+04  1.332E-01  7.752E-02  7.539E-02
 -1.2348750E+04  1.767E-01  9.682E-02  1.004E-01
 -1.2348250E+04  1.363E-01  5.393E-02  1.239E-01
 -1.2347750E+04  1.505E-01  9.825E-02  7.968E-02
 -1.2347250E+04  1.986E-01  1.451E-01  4.159E-02
 -1.2346750E+04  1.533E-01  9.707E-02  5.550E-02
 -1.2346250E+04  1.640E-01  9.086E-02  8.421E-02
 -1.2345750E+04  1.595E-01  1.016E-01  5.280E-02
 -1.2345250E+04  1.843E-01  1.092E-01  7.207E-02
 -1.2344750E+04  1.500E-01  8.140E-02  8.844E-02
 -1.2344250E+04  1.432E-01  7.849E-02  8.154E-02
 -1.2343750E+04  1.661E-01  6.620E-02  1.281E-01
 -1.2343250E+04  1.647E-01  7.985E-02  1.156E-01
 -1.2342750E+04  1.673E-01  1.055E-01  6.725E-02
 -1.2342250E+04  1.252E-01  5.959E-02  1.021E-01
 -1.2341750E+04  1.738E-01  9.889E-02  8.943E-02
 -1.2341250E+04  1.566E-01  8.433E-02  9.426E-02
 -1.2340750E+04  1.848E-01  1.088E-01  8.448E-02
 -1.2340250E+04  1.524E-01  7.599E-02  1.061E-01
 -1.2339750E+04  1.871E-01  1.040E-01  8.711E-02
 -1.2339250E+04  1.515E-01  8.949E-02  6.709E-02
 -1.2338750E+04  1.258E-01  8.069E-02  4.107E-02
 -1.2338250E+04  1.648E-01  7.131E-02  1.390E-01
 -1.2337750E+04  1.366E-01  8.685E-02  5.553E-02
 -1.2337250E+04  1.516E-01  9.332E-02  5.989E-02
 -1.2336750E+04  1.681E-01  9.755E-02  8.520E-02
 -1.2336250E+04  1.837E-01  1.142E-01  7.456E-02
 -1.2335750E+04  1.435E-01  9.192E-02  4.900E-02
 -1.2335250E+04  1.198E-01  6.252E-02  9.053E-02
 -1.2334750E+04  1.617E-01  1.009E-01  5.272E-02
 -1.2334250E+04  1.486E-01  6.239E-02  1.012E-01
 -1.2333750E+04  1.730E-01  9.758E-02  6.066E-02
 -1.2333250E+04  1.711E-01  7.352E-02  1.298E-01
 -1.2332750E+04  1.371E-01  8.107E-02  7.662E-02
 -1.2332250E+04  1.150E-01  5.386E-02  1.008E-01
 -1.2331750E+04  1.453E-01  8.277E-02  7.527E-02
 -1.2331250E+04  1.513E-01  9.718E-02  5.127E-02
 -1.2330750E+04  1.411E-01  6.752E-02  9.833E-02
 -1.2330250E+04  1.456E-01  6.647E-02  1.111E-01
 -1.2329750E+04  1.376E-01  8.183E-02  6.840E-02
 -1.2329250E+04  1.161E-01  7.396E-02  7.911E-02
 -1.2328750E+04  1.809E-01  9.106E-02  8.721E-02
 -1.2328250E+04  1.777E-01  9.964E-02  9.416E-02
 -1.2327750E+04  1.810E-01  1.111E-01  7.165E-02
 -1.2327250E+04  1.440E-01  1.060E-01  4.769E-02
 -1.2326750E+04  1.317E-01  4.722E-02  9.863E-02
 -1.2326250E+04  1.769E-01  7.169E-02  1.499E-01
 -1.2325750E+04  1.744E-01  9.113E-02  9.050E-02
 -1.2325250E+04  8.911E-02  5.690E-02  3.573E-02
 -1.2324750E+04  1.306E-01  7.871E-02  5.665E-02
 -1.2324250E+04  1.572E-01  9.748E-02  5.871E-02
 -1.2323750E+04  1.471E-01  8.846E-02  6.906E-02
 -1.2323250E+04  1.401E-01  8.168E-02  6.634E-02
 -1.2322750E+04  1.646E-01  9.436E-02  7.346E-02
 -1.2322250E+04  1.603E-01  8.392E-02  7.908E-02
 -1.2321750E+04  1.328E-01  6.306E-02  9.572E-02
 -1.2321250E+04  1.481E-01  7.288E-02  9.886E-02
 -1.2320750E+04  1.407E-01  7.889E-02  8.266E-02
 -1.2320250E+04  1.294E-01  7.307E-02  6.580E-02
 -1.2319750E+04  1.571E-01  8.370E-02  8.599E-02
 -1.2319250E+04  1.158E-01  5.864E-02  9.246E-02
 -1.2318750E+04  1.266E-01  5.964E-02  9.977E-02
 -1.2318250E+04  1.350E-01  5.131E-02  1.215E-01
 -1.2317750E+04  1.247E-01  6.242E-02  8.875E-02
 -1.2317250E+04  1.908E-01  1.216E-01  5.682E-02
 -1.2316750E+04  1.699E-01  8.267E-02  1.011E-01
 -1.2316250E+04  1.178E-01  7.015E-02  5.932E-02
 -1.2315750E+04  1.069E-01  5.316E-02  7.645E-02
 -1.2315250E+04  1.469E-01  8.780E-02  6.326E-02
 -1.2314750E+04  1.473E-01  9.252E-02  4.944E-02
 -1.2314250E+04  1.392E-01  6.563E-02  9.770E-02
 -1.2313750E+04  1.247E-01  6.742E-02  6.352E-02
 -1.2313250E+04  1.137E-01  4.717E-02  1.077E-01
 -1.2312750E+04  1.461E-01  8.631E-02  5.685E-02
 -1.2312250E+04  7.292E-02  2.713E-02  7.154E-02
 -1.2311750E+04  1.272E-01  8.194E-02  4.878E-02
 -1.2311250E+04  1.430E-01  8.933E-02  5.429E-02
 -1.2310750E+04  1.189E-01  6.140E-02  6.448E-02
 -1.2310250E+04  1.196E-01  5.109E-02  1.011E-01
 -1.2309750E+04  1.540E-01  6.780E-02  1.157E-01
 -1.2309250E+04  1.580E-01  9.624E-02  5.806E-02
 -1.2308750E+04  1.065E-01  5.116E-02  8.109E-02
 -1.2308250E+04  1.085E-01  6.655E-02  4.852E-02
 -1.2307750E+04  1.118E-01  7.988E-02  2.655E-02
 -1.2307250E+04  1.487E-01  6.906E-02  1.113E-01
 -1.2306750E+04  1.620E-01  8.668E-02  8.417E-02
 -1.2306250E+04  1.084E-01  6.879E-02  3.232E-02
 -1.2305750E+04  1.126E-01  7.868E-02  3.575E-02
 -1.2305250E+04  1.500E-01  9.913E-02  3.485E-02
 -1.2304750E+04  2.842E-02  1.336E-02  4.727E-02
 -1.2304250E+04  1.381E-01  8.189E-02  5.413E-02
 -1.2303750E+04  1.711E-01  1.105E-01  4.026E-02
 -1.2303250E+04  1.169E-01  6.514E-02  6.551E-02
 -1.2302750E+04  1.137E-01  5.623E-02  7.523E-02
 -1.2302250E+04  1.628E-01  9.359E-02  8.983E-02
 -1.2301750E+04  1.022E-01  4.974E-02  7.396E-02
 -1.2301250E+04  9.752E-02  4.833E-02  7.460E-02
 -1.2300750E+04  1.373E-01  7.193E-02  7.235E-02
 -1.2300250E+04  1.063E-01  7.236E-02  1.925E-02
 -1.2299750E+04  1.656E-01  9.376E-02  7.870E-02
 -1.2299250E+04  1.142E-01  7.390E-02  4.243E-02
 -1.2298750E+04  8.234E-02  4.197E-02  5.314E-02
 -1.2298250E+04  1.347E-01  5.616E-02  1.063E-01
 -1.2297750E+04  1.515E-01  9.562E-02  5.867E-02
 -1.2297250E+04  1.159E-01  8.021E-02  3.499E-02
 -1.2296750E+04  1.131E-01  6.986E-02  4.563E-02
 -1.2296250E+04  1.435E-01  9.065E-02  5.480E-02
 -1.2295750E+04  1.530E-01  6.719E-02  1.255E-01
 -1.2295250E+04  9.355E-02  5.415E-02  4.144E-02
 -1.2294750E+04  1.185E-01  6.521E-02  6.876E-02
 -1.2294250E+04  8.808E-02  4.665E-02  7.002E-02
 -1.2293750E+04  1.128E-01  6.854E-02  4.009E-02
 -1.2293250E+04  7.862E-02  3.418E-02  5.843E-02
