 -9.4442500E+03 -0.000E+00 -0.000E+00  0.000E+00
 -9.4437500E+03 -0.000E+00 -0.000E+00  0.000E+00
 -9.4432500E+03 -0.000E+00 -0.000E+00  0.000E+00
 -9.4427500E+03 -0.000E+00 -0.000E+00  0.000E+00
 -9.4422500E+03 -0.000E+00 -0.000E+00  0.000E+00
 -9.4417500E+03 -0.000E+00 -0.000E+00  0.000E+00
 -9.4412500E+03 -0.000E+00 -0.000E+00  0.000E+00
 -9.4407500E+03 -0.000E+00 -0.000E+00  0.000E+00
 -9.4402500E+03 -0.000E+00 -0.000E+00  0.000E+00
 -9.4397500E+03 -0.000E+00 -0.000E+00  0.000E+00
 -9.4392500E+03 -0.000E+00 -0.000E+00  0.000E+00
 -9.4387500E+03 -0.000E+00 -0.000E+00  0.000E+00
 -9.4382500E+03 -0.000E+00 -0.000E+00  0.000E+00
 -9.4377500E+03 -0.000E+00 -0.000E+00  0.000E+00
 -9.4372500E+03 -0.000E+00 -0.000E+00  0.000E+00
 -9.4367500E+03 -0.000E+00 -0.000E+00  0.000E+00
 -9.4362500E+03 -0.000E+00 -0.000E+00  0.000E+00
 -9.4357500E+03 -0.000E+00 -0.000E+00  0.000E+00
 -9.4352500E+03 -0.000E+00 -0.000E+00  0.000E+00
 -9.4347500E+03 -0.000E+00 -0.000E+00  0.000E+00
 -9.4342500E+03 -0.000E+00 -0.000E+00  0.000E+00
 -9.4337500E+03 -0.000E+00 -0.000E+00  0.000E+00
 -9.4332500E+03 -0.000E+00 -0.000E+00  0.000E+00
 -9.4327500E+03 -0.000E+00 -0.000E+00  0.000E+00
 -9.4322500E+03 -0.000E+00 -0.000E+00  0.000E+00
 -9.4317500E+03 -0.000E+00 -0.000E+00  0.000E+00
 -9.4312500E+03 -0.000E+00 -0.000E+00  0.000E+00
 -9.4307500E+03 -0.000E+00 -0.000E+00  0.000E+00
 -9.4302500E+03 -0.000E+00 -0.000E+00  0.000E+00
 -9.4297500E+03 -0.000E+00 -0.000E+00  0.000E+00
 -9.4292500E+03 -0.000E+00 -0.000E+00  0.000E+00
 -9.4287500E+03 -0.000E+00 -0.000E+00  0.000E+00
 -9.4282500E+03 -0.000E+00 -0.000E+00  0.000E+00
 -9.4277500E+03 -0.000E+00 -0.000E+00  0.000E+00
 -9.4272500E+03 -0.000E+00 -0.000E+00  0.000E+00
 -9.4267500E+03 -0.000E+00 -0.000E+00  0.000E+00
 -9.4262500E+03 -0.000E+00 -0.000E+00  0.000E+00
 -9.4257500E+03 -0.000E+00 -0.000E+00  0.000E+00
 -9.4252500E+03 -0.000E+00 -0.000E+00  0.000E+00
 -9.4247500E+03 -0.000E+00 -0.000E+00  0.000E+00
 -9.4242500E+03 -0.000E+00 -0.000E+00  0.000E+00
 -9.4237500E+03 -0.000E+00 -0.000E+00  0.000E+00
 -9.4232500E+03 -0.000E+00 -0.000E+00  0.000E+00
 -9.4227500E+03 -0.000E+00 -0.000E+00  0.000E+00
 -9.4222500E+03 -0.000E+00 -0.000E+00  0.000E+00
 -9.4217500E+03 -0.000E+00 -0.000E+00  0.000E+00
 -9.4212500E+03 -0.000E+00 -0.000E+00  0.000E+00
 -9.4207500E+03 -0.000E+00 -0.000E+00  0.000E+00
 -9.4202500E+03 -0.000E+00 -0.000E+00  0.000E+00
 -9.4197500E+03 -0.000E+00 -0.000E+00  0.000E+00
 -9.4192500E+03 -0.000E+00 -0.000E+00  0.000E+00
 -9.4187500E+03 -0.000E+00 -0.000E+00  0.000E+00
 -9.4182500E+03 -0.000E+00 -0.000E+00  0.000E+00
 -9.4177500E+03 -0.000E+00 -0.000E+00  0.000E+00
 -9.4172500E+03 -0.000E+00 -0.000E+00  0.000E+00
 -9.4167500E+03 -0.000E+00 -0.000E+00  0.000E+00
 -9.4162500E+03 -0.000E+00 -0.000E+00  0.000E+00
 -9.4157500E+03 -0.000E+00 -0.000E+00  0.000E+00
 -9.4152500E+03 -0.000E+00 -0.000E+00  0.000E+00
 -9.4147500E+03 -0.000E+00 -0.000E+00  0.000E+00
 -9.4142500E+03 -0.000E+00 -0.000E+00  0.000E+00
 -9.4137500E+03 -0.000E+00 -0.000E+00  0.000E+00
 -9.4132500E+03 -0.000E+00 -0.000E+00  0.000E+00
 -9.4127500E+03 -0.000E+00 -0.000E+00  0.000E+00
 -9.4122500E+03 -0.000E+00 -0.000E+00  0.000E+00
 -9.4117500E+03 -0.000E+00 -0.000E+00  0.000E+00
 -9.4112500E+03 -0.000E+00 -0.000E+00  0.000E+00
 -9.4107500E+03 -0.000E+00 -0.000E+00  0.000E+00
 -9.4102500E+03 -0.000E+00 -0.000E+00  0.000E+00
 -9.4097500E+03 -0.000E+00 -0.000E+00  0.000E+00
 -9.4092500E+03 -0.000E+00 -0.000E+00  0.000E+00
 -9.4087500E+03 -0.000E+00 -0.000E+00  0.000E+00
 -9.4082500E+03 -0.000E+00 -0.000E+00  0.000E+00
 -9.4077500E+03 -0.000E+00 -0.000E+00  0.000E+00
 -9.4072500E+03 -0.000E+00 -0.000E+00  0.000E+00
 -9.4067500E+03 -0.000E+00 -0.000E+00  0.000E+00
 -9.4062500E+03 -0.000E+00 -0.000E+00  0.000E+00
 -9.4057500E+03 -0.000E+00 -0.000E+00  0.000E+00
 -9.4052500E+03 -0.000E+00 -0.000E+00  0.000E+00
 -9.4047500E+03 -0.000E+00 -0.000E+00  0.000E+00
 -9.4042500E+03 -0.000E+00 -0.000E+00  0.000E+00
 -9.4037500E+03 -0.000E+00 -0.000E+00  0.000E+00
 -9.4032500E+03 -0.000E+00 -0.000E+00  0.000E+00
 -9.4027500E+03 -0.000E+00 -0.000E+00  0.000E+00
 -9.4022500E+03 -0.000E+00 -0.000E+00  0.000E+00
 -9.4017500E+03 -0.000E+00 -0.000E+00  0.000E+00
 -9.4012500E+03 -0.000E+00 -0.000E+00  0.000E+00
 -9.4007500E+03 -0.000E+00 -0.000E+00  0.000E+00
 -9.4002500E+03 -0.000E+00 -0.000E+00  0.000E+00
 -9.3997500E+03 -0.000E+00 -0.000E+00  0.000E+00
 -9.3992500E+03 -0.000E+00 -0.000E+00  0.000E+00
 -9.3987500E+03 -0.000E+00 -0.000E+00  0.000E+00
 -9.3982500E+03 -0.000E+00 -0.000E+00  0.000E+00
 -9.3977500E+03 -0.000E+00 -0.000E+00  0.000E+00
 -9.3972500E+03 -0.000E+00 -0.000E+00  0.000E+00
 -9.3967500E+03 -0.000E+00 -0.000E+00  0.000E+00
 -9.3962500E+03 -0.000E+00 -0.000E+00  0.000E+00
 -9.3957500E+03 -0.000E+00 -0.000E+00  0.000E+00
 -9.3952500E+03 -0.000E+00 -0.000E+00  0.000E+00
 -9.3947500E+03 -0.000E+00 -0.000E+00  0.000E+00
 -9.3942500E+03 -0.000E+00 -0.000E+00  0.000E+00
 -9.3937500E+03 -0.000E+00 -0.000E+00  0.000E+00
 -9.3932500E+03 -0.000E+00 -0.000E+00  0.000E+00
 -9.3927500E+03 -0.000E+00 -0.000E+00  0.000E+00
 -9.3922500E+03 -0.000E+00 -0.000E+00  0.000E+00
 -9.3917500E+03 -0.000E+00 -0.000E+00  0.000E+00
 -9.3912500E+03 -0.000E+00 -0.000E+00  0.000E+00
 -9.3907500E+03 -0.000E+00 -0.000E+00  0.000E+00
 -9.3902500E+03 -0.000E+00 -0.000E+00  0.000E+00
 -9.3897500E+03 -0.000E+00 -0.000E+00  0.000E+00
 -9.3892500E+03 -0.000E+00 -0.000E+00  0.000E+00
 -9.3887500E+03 -0.000E+00 -0.000E+00  0.000E+00
 -9.3882500E+03 -0.000E+00 -0.000E+00  0.000E+00
 -9.3877500E+03 -0.000E+00 -0.000E+00  0.000E+00
 -9.3872500E+03 -0.000E+00 -0.000E+00  0.000E+00
 -9.3867500E+03 -0.000E+00 -0.000E+00  0.000E+00
 -9.3862500E+03 -0.000E+00 -0.000E+00  0.000E+00
 -9.3857500E+03 -0.000E+00 -0.000E+00  0.000E+00
 -9.3852500E+03 -0.000E+00 -0.000E+00  0.000E+00
 -9.3847500E+03 -0.000E+00 -0.000E+00  0.000E+00
 -9.3842500E+03 -0.000E+00 -0.000E+00  0.000E+00
 -9.3837500E+03 -0.000E+00 -0.000E+00  0.000E+00
 -9.3832500E+03 -0.000E+00 -0.000E+00  0.000E+00
 -9.3827500E+03 -0.000E+00 -0.000E+00  0.000E+00
 -9.3822500E+03 -0.000E+00 -0.000E+00  0.000E+00
 -9.3817500E+03 -0.000E+00 -0.000E+00  0.000E+00
 -9.3812500E+03 -0.000E+00 -0.000E+00  0.000E+00
 -9.3807500E+03 -0.000E+00 -0.000E+00  0.000E+00
 -9.3802500E+03 -0.000E+00 -0.000E+00  0.000E+00
 -9.3797500E+03 -0.000E+00 -0.000E+00  0.000E+00
 -9.3792500E+03 -0.000E+00 -0.000E+00  0.000E+00
 -9.3787500E+03 -0.000E+00 -0.000E+00  0.000E+00
 -9.3782500E+03 -0.000E+00 -0.000E+00  0.000E+00
 -9.3777500E+03 -0.000E+00 -0.000E+00  0.000E+00
 -9.3772500E+03 -0.000E+00 -0.000E+00  0.000E+00
 -9.3767500E+03 -0.000E+00 -0.000E+00  0.000E+00
 -9.3762500E+03 -0.000E+00 -0.000E+00  0.000E+00
 -9.3757500E+03 -0.000E+00 -0.000E+00  0.000E+00
 -9.3752500E+03 -0.000E+00 -0.000E+00  0.000E+00
 -9.3747500E+03 -0.000E+00 -0.000E+00  0.000E+00
 -9.3742500E+03 -0.000E+00 -0.000E+00  0.000E+00
 -9.3737500E+03 -0.000E+00 -0.000E+00  0.000E+00
 -9.3732500E+03 -0.000E+00 -0.000E+00  0.000E+00
 -9.3727500E+03 -0.000E+00 -0.000E+00  0.000E+00
 -9.3722500E+03 -0.000E+00 -0.000E+00  0.000E+00
 -9.3717500E+03 -0.000E+00 -0.000E+00  0.000E+00
 -9.3712500E+03 -0.000E+00 -0.000E+00  0.000E+00
 -9.3707500E+03 -0.000E+00 -0.000E+00  0.000E+00
 -9.3702500E+03 -0.000E+00 -0.000E+00  0.000E+00
 -9.3697500E+03 -0.000E+00 -0.000E+00  0.000E+00
 -9.3692500E+03 -0.000E+00 -0.000E+00  0.000E+00
 -9.3687500E+03 -0.000E+00 -0.000E+00  0.000E+00
 -9.3682500E+03 -0.000E+00 -0.000E+00  0.000E+00
 -9.3677500E+03 -0.000E+00 -0.000E+00  0.000E+00
 -9.3672500E+03 -0.000E+00 -0.000E+00  0.000E+00
 -9.3667500E+03 -0.000E+00 -0.000E+00  0.000E+00
 -9.3662500E+03 -0.000E+00 -0.000E+00  0.000E+00
 -9.3657500E+03 -0.000E+00 -0.000E+00  0.000E+00
 -9.3652500E+03 -0.000E+00 -0.000E+00  0.000E+00
 -9.3647500E+03 -0.000E+00 -0.000E+00  0.000E+00
 -9.3642500E+03 -0.000E+00 -0.000E+00  0.000E+00
 -9.3637500E+03 -0.000E+00 -0.000E+00  0.000E+00
 -9.3632500E+03 -0.000E+00 -0.000E+00  0.000E+00
 -9.3627500E+03 -0.000E+00 -0.000E+00  0.000E+00
 -9.3622500E+03 -0.000E+00 -0.000E+00  0.000E+00
 -9.3617500E+03 -0.000E+00 -0.000E+00  0.000E+00
 -9.3612500E+03 -0.000E+00 -0.000E+00  0.000E+00
 -9.3607500E+03 -0.000E+00 -0.000E+00  0.000E+00
 -9.3602500E+03 -0.000E+00 -0.000E+00  0.000E+00
 -9.3597500E+03 -0.000E+00 -0.000E+00  0.000E+00
 -9.3592500E+03 -0.000E+00 -0.000E+00  0.000E+00
 -9.3587500E+03 -0.000E+00 -0.000E+00  0.000E+00
 -9.3582500E+03 -0.000E+00 -0.000E+00  0.000E+00
 -9.3577500E+03 -0.000E+00 -0.000E+00  0.000E+00
 -9.3572500E+03 -0.000E+00 -0.000E+00  0.000E+00
 -9.3567500E+03 -0.000E+00 -0.000E+00  0.000E+00
 -9.3562500E+03 -0.000E+00 -0.000E+00  0.000E+00
 -9.3557500E+03 -0.000E+00 -0.000E+00  0.000E+00
 -9.3552500E+03 -0.000E+00 -0.000E+00  0.000E+00
 -9.3547500E+03 -0.000E+00 -0.000E+00  0.000E+00
 -9.3542500E+03 -0.000E+00 -0.000E+00  0.000E+00
 -9.3537500E+03 -0.000E+00 -0.000E+00  0.000E+00
 -9.3532500E+03 -0.000E+00 -0.000E+00  0.000E+00
 -9.3527500E+03 -0.000E+00 -0.000E+00  0.000E+00
 -9.3522500E+03 -0.000E+00 -0.000E+00  0.000E+00
 -9.3517500E+03 -0.000E+00 -0.000E+00  0.000E+00
 -9.3512500E+03 -0.000E+00 -0.000E+00  0.000E+00
 -9.3507500E+03 -0.000E+00 -0.000E+00  0.000E+00
 -9.3502500E+03 -0.000E+00 -0.000E+00  0.000E+00
 -9.3497500E+03 -0.000E+00 -0.000E+00  0.000E+00
 -9.3492500E+03 -0.000E+00 -0.000E+00  0.000E+00
 -9.3487500E+03 -0.000E+00 -0.000E+00  0.000E+00
 -9.3482500E+03 -0.000E+00 -0.000E+00  0.000E+00
 -9.3477500E+03 -0.000E+00 -0.000E+00  0.000E+00
 -9.3472500E+03 -0.000E+00 -0.000E+00  0.000E+00
 -9.3467500E+03 -0.000E+00 -0.000E+00  0.000E+00
 -9.3462500E+03 -0.000E+00 -0.000E+00  0.000E+00
 -9.3457500E+03 -0.000E+00 -0.000E+00  0.000E+00
 -9.3452500E+03 -0.000E+00 -0.000E+00  0.000E+00
 -9.3447500E+03 -0.000E+00 -0.000E+00  0.000E+00
 -9.3442500E+03 -0.000E+00 -0.000E+00  0.000E+00
 -9.3437500E+03 -0.000E+00 -0.000E+00  0.000E+00
 -9.3432500E+03 -0.000E+00 -0.000E+00  0.000E+00
 -9.3427500E+03 -0.000E+00 -0.000E+00  0.000E+00
 -9.3422500E+03 -0.000E+00 -0.000E+00  0.000E+00
 -9.3417500E+03 -0.000E+00 -0.000E+00  0.000E+00
 -9.3412500E+03 -0.000E+00 -0.000E+00  0.000E+00
 -9.3407500E+03 -0.000E+00 -0.000E+00  0.000E+00
 -9.3402500E+03 -0.000E+00 -0.000E+00  0.000E+00
 -9.3397500E+03 -0.000E+00 -0.000E+00  0.000E+00
 -9.3392500E+03 -0.000E+00 -0.000E+00  0.000E+00
 -9.3387500E+03 -0.000E+00 -0.000E+00  0.000E+00
 -9.3382500E+03 -0.000E+00 -0.000E+00  0.000E+00
 -9.3377500E+03 -0.000E+00 -0.000E+00  0.000E+00
 -9.3372500E+03 -0.000E+00 -0.000E+00  0.000E+00
 -9.3367500E+03 -0.000E+00 -0.000E+00  0.000E+00
 -9.3362500E+03 -0.000E+00 -0.000E+00  0.000E+00
 -9.3357500E+03 -0.000E+00 -0.000E+00  0.000E+00
 -9.3352500E+03 -0.000E+00 -0.000E+00  0.000E+00
 -9.3347500E+03 -0.000E+00 -0.000E+00  0.000E+00
 -9.3342500E+03 -0.000E+00 -0.000E+00  0.000E+00
 -9.3337500E+03 -0.000E+00 -0.000E+00  0.000E+00
 -9.3332500E+03 -0.000E+00 -0.000E+00  0.000E+00
 -9.3327500E+03 -0.000E+00 -0.000E+00  0.000E+00
 -9.3322500E+03 -0.000E+00 -0.000E+00  0.000E+00
 -9.3317500E+03 -0.000E+00 -0.000E+00  0.000E+00
 -9.3312500E+03 -0.000E+00 -0.000E+00  0.000E+00
 -9.3307500E+03 -0.000E+00 -0.000E+00  0.000E+00
 -9.3302500E+03 -0.000E+00 -0.000E+00  0.000E+00
 -9.3297500E+03 -0.000E+00 -0.000E+00  0.000E+00
 -9.3292500E+03 -0.000E+00 -0.000E+00  0.000E+00
 -9.3287500E+03 -0.000E+00 -0.000E+00  0.000E+00
 -9.3282500E+03 -0.000E+00 -0.000E+00  0.000E+00
 -9.3277500E+03 -0.000E+00 -0.000E+00  0.000E+00
 -9.3272500E+03 -0.000E+00 -0.000E+00  0.000E+00
 -9.3267500E+03 -0.000E+00 -0.000E+00  0.000E+00
 -9.3262500E+03 -0.000E+00 -0.000E+00  0.000E+00
 -9.3257500E+03 -0.000E+00 -0.000E+00  0.000E+00
 -9.3252500E+03 -0.000E+00 -0.000E+00  0.000E+00
 -9.3247500E+03 -0.000E+00 -0.000E+00  0.000E+00
 -9.3242500E+03 -0.000E+00 -0.000E+00  0.000E+00
 -9.3237500E+03 -0.000E+00 -0.000E+00  0.000E+00
 -9.3232500E+03 -0.000E+00 -0.000E+00  0.000E+00
 -9.3227500E+03 -0.000E+00 -0.000E+00  0.000E+00
 -9.3222500E+03 -0.000E+00 -0.000E+00  0.000E+00
 -9.3217500E+03 -0.000E+00 -0.000E+00  0.000E+00
 -9.3212500E+03 -0.000E+00 -0.000E+00  0.000E+00
 -9.3207500E+03 -0.000E+00 -0.000E+00  0.000E+00
 -9.3202500E+03 -0.000E+00 -0.000E+00  0.000E+00
 -9.3197500E+03 -0.000E+00 -0.000E+00  0.000E+00
 -9.3192500E+03 -0.000E+00 -0.000E+00  0.000E+00
 -9.3187500E+03 -0.000E+00 -0.000E+00  0.000E+00
 -9.3182500E+03 -0.000E+00 -0.000E+00  0.000E+00
 -9.3177500E+03 -0.000E+00 -0.000E+00  0.000E+00
 -9.3172500E+03 -0.000E+00 -0.000E+00  0.000E+00
 -9.3167500E+03 -0.000E+00 -0.000E+00  0.000E+00
 -9.3162500E+03 -0.000E+00 -0.000E+00  0.000E+00
 -9.3157500E+03 -0.000E+00 -0.000E+00  0.000E+00
 -9.3152500E+03 -0.000E+00 -0.000E+00  0.000E+00
 -9.3147500E+03 -0.000E+00 -0.000E+00  0.000E+00
 -9.3142500E+03 -0.000E+00 -0.000E+00  0.000E+00
 -9.3137500E+03 -0.000E+00 -0.000E+00  0.000E+00
 -9.3132500E+03 -0.000E+00 -0.000E+00  0.000E+00
 -9.3127500E+03 -0.000E+00 -0.000E+00  0.000E+00
 -9.3122500E+03 -0.000E+00 -0.000E+00  0.000E+00
 -9.3117500E+03 -0.000E+00 -0.000E+00  0.000E+00
 -9.3112500E+03 -0.000E+00 -0.000E+00  0.000E+00
 -9.3107500E+03 -0.000E+00 -0.000E+00  0.000E+00
 -9.3102500E+03 -0.000E+00 -0.000E+00  0.000E+00
 -9.3097500E+03 -0.000E+00 -0.000E+00  0.000E+00
 -9.3092500E+03 -0.000E+00 -0.000E+00  0.000E+00
 -9.3087500E+03 -0.000E+00 -0.000E+00  0.000E+00
 -9.3082500E+03 -0.000E+00 -0.000E+00  0.000E+00
 -9.3077500E+03 -0.000E+00 -0.000E+00  0.000E+00
 -9.3072500E+03 -0.000E+00 -0.000E+00  0.000E+00
 -9.3067500E+03 -0.000E+00 -0.000E+00  0.000E+00
 -9.3062500E+03 -0.000E+00 -0.000E+00  0.000E+00
 -9.3057500E+03 -0.000E+00 -0.000E+00  0.000E+00
 -9.3052500E+03 -0.000E+00 -0.000E+00  0.000E+00
 -9.3047500E+03 -0.000E+00 -0.000E+00  0.000E+00
 -9.3042500E+03 -0.000E+00 -0.000E+00  0.000E+00
 -9.3037500E+03 -0.000E+00 -0.000E+00  0.000E+00
 -9.3032500E+03 -0.000E+00 -0.000E+00  0.000E+00
 -9.3027500E+03 -0.000E+00 -0.000E+00  0.000E+00
 -9.3022500E+03 -0.000E+00 -0.000E+00  0.000E+00
 -9.3017500E+03 -0.000E+00 -0.000E+00  0.000E+00
 -9.3012500E+03 -0.000E+00 -0.000E+00  0.000E+00
 -9.3007500E+03 -0.000E+00 -0.000E+00  0.000E+00
 -9.3002500E+03 -0.000E+00 -0.000E+00  0.000E+00
 -9.2997500E+03 -0.000E+00 -0.000E+00  0.000E+00
 -9.2992500E+03 -0.000E+00 -0.000E+00  0.000E+00
 -9.2987500E+03 -0.000E+00 -0.000E+00  0.000E+00
 -9.2982500E+03 -0.000E+00 -0.000E+00  0.000E+00
 -9.2977500E+03 -0.000E+00 -0.000E+00  0.000E+00
 -9.2972500E+03 -0.000E+00 -0.000E+00  0.000E+00
 -9.2967500E+03 -0.000E+00 -0.000E+00  0.000E+00
 -9.2962500E+03 -0.000E+00 -0.000E+00  0.000E+00
 -9.2957500E+03 -0.000E+00 -0.000E+00  0.000E+00
 -9.2952500E+03 -0.000E+00 -0.000E+00  0.000E+00
 -9.2947500E+03 -0.000E+00 -0.000E+00  0.000E+00
 -9.2942500E+03 -0.000E+00 -0.000E+00  0.000E+00
 -9.2937500E+03 -0.000E+00 -0.000E+00  0.000E+00
 -9.2932500E+03 -0.000E+00 -0.000E+00  0.000E+00
 -9.2927500E+03 -0.000E+00 -0.000E+00  0.000E+00
 -9.2922500E+03 -0.000E+00 -0.000E+00  0.000E+00
 -9.2917500E+03 -0.000E+00 -0.000E+00  0.000E+00
 -9.2912500E+03 -0.000E+00 -0.000E+00  0.000E+00
 -9.2907500E+03 -0.000E+00 -0.000E+00  0.000E+00
 -9.2902500E+03 -0.000E+00 -0.000E+00  0.000E+00
 -9.2897500E+03  1.392E-04 -1.063E-04  5.948E-04
 -9.2892500E+03  3.265E-04 -4.943E-06  7.029E-04
 -9.2887500E+03 -2.521E-04 -3.685E-05 -4.453E-04
 -9.2882500E+03 -1.045E-03 -4.275E-04 -1.073E-03
 -9.2877500E+03  1.336E-03  4.711E-04  1.569E-03
 -9.2872500E+03  1.108E-04  2.563E-04 -4.593E-04
 -9.2867500E+03 -1.695E-04 -1.123E-05 -3.485E-04
 -9.2862500E+03 -6.330E-04 -2.643E-04 -6.839E-04
 -9.2857500E+03  7.911E-05 -9.381E-05  3.904E-04
 -9.2852500E+03 -6.600E-04 -4.317E-04 -1.158E-04
 -9.2847500E+03 -1.987E-04  9.797E-05 -6.686E-04
 -9.2842500E+03 -2.845E-04 -2.235E-04 -2.795E-05
 -9.2837500E+03  1.236E-03  8.468E-04  3.449E-04
 -9.2832500E+03 -1.140E-03 -6.531E-04 -7.422E-04
 -9.2827500E+03 -3.462E-03 -3.114E-03  9.763E-04
 -9.2822500E+03 -5.392E-03 -3.159E-03 -3.216E-03
 -9.2817500E+03 -2.263E-02 -1.423E-02 -1.067E-02
 -9.2812500E+03 -4.726E-02 -2.847E-02 -2.645E-02
 -9.2807500E+03 -5.875E-02 -3.859E-02 -2.374E-02
 -9.2802500E+03 -5.655E-02 -2.490E-02 -5.602E-02
 -9.2797500E+03 -1.029E-01 -6.883E-02 -3.744E-02
 -9.2792500E+03 -1.063E-01 -6.370E-02 -5.904E-02
 -9.2787500E+03 -1.459E-01 -6.941E-02 -1.308E-01
 -9.2782500E+03 -1.784E-01 -9.251E-02 -1.385E-01
 -9.2777500E+03 -2.880E-01 -1.718E-01 -1.620E-01
 -9.2772500E+03 -3.974E-01 -2.480E-01 -1.947E-01
 -9.2767500E+03 -4.850E-01 -2.842E-01 -2.880E-01
 -9.2762500E+03 -7.350E-01 -4.144E-01 -4.808E-01
 -9.2757500E+03 -8.852E-01 -5.383E-01 -4.726E-01
 -9.2752500E+03 -1.288E+00 -7.491E-01 -7.811E-01
 -9.2747500E+03 -1.466E+00 -8.797E-01 -8.169E-01
 -9.2742500E+03 -2.010E+00 -1.201E+00 -1.134E+00
 -9.2737500E+03 -2.397E+00 -1.489E+00 -1.197E+00
 -9.2732500E+03 -2.998E+00 -1.790E+00 -1.694E+00
 -9.2727500E+03 -3.546E+00 -2.147E+00 -1.925E+00
 -9.2722500E+03 -4.339E+00 -2.616E+00 -2.388E+00
 -9.2717500E+03 -4.480E+00 -2.612E+00 -2.710E+00
 -9.2712500E+03 -5.677E+00 -3.446E+00 -3.067E+00
 -9.2707500E+03 -6.442E+00 -3.915E+00 -3.467E+00
 -9.2702500E+03 -7.601E+00 -4.519E+00 -4.367E+00
 -9.2697500E+03 -8.044E+00 -4.899E+00 -4.312E+00
 -9.2692500E+03 -9.188E+00 -5.709E+00 -4.626E+00
 -9.2687500E+03 -9.744E+00 -5.891E+00 -5.349E+00
 -9.2682500E+03 -1.116E+01 -6.741E+00 -6.133E+00
 -9.2677500E+03 -1.174E+01 -6.986E+00 -6.762E+00
 -9.2672500E+03 -1.176E+01 -7.103E+00 -6.479E+00
 -9.2667500E+03 -1.287E+01 -7.821E+00 -6.977E+00
 -9.2662500E+03 -1.370E+01 -8.681E+00 -6.484E+00
 -9.2657500E+03 -1.390E+01 -8.655E+00 -6.991E+00
 -9.2652500E+03 -1.497E+01 -9.224E+00 -7.805E+00
 -9.2647500E+03 -1.502E+01 -9.572E+00 -6.996E+00
 -9.2642500E+03 -1.497E+01 -9.399E+00 -7.335E+00
 -9.2637500E+03 -1.548E+01 -9.801E+00 -7.388E+00
 -9.2632500E+03 -1.529E+01 -9.409E+00 -8.023E+00
 -9.2627500E+03 -1.483E+01 -9.078E+00 -7.917E+00
 -9.2622500E+03 -1.557E+01 -9.736E+00 -7.785E+00
 -9.2617500E+03 -1.556E+01 -9.858E+00 -7.435E+00
 -9.2612500E+03 -1.532E+01 -9.591E+00 -7.650E+00
 -9.2607500E+03 -1.528E+01 -9.568E+00 -7.622E+00
 -9.2602500E+03 -1.468E+01 -9.288E+00 -7.093E+00
 -9.2597500E+03 -1.423E+01 -8.984E+00 -6.934E+00
 -9.2592500E+03 -1.441E+01 -9.032E+00 -7.194E+00
 -9.2587500E+03 -1.368E+01 -8.844E+00 -6.122E+00
 -9.2582500E+03 -1.336E+01 -8.566E+00 -6.174E+00
 -9.2577500E+03 -1.259E+01 -8.229E+00 -5.419E+00
 -9.2572500E+03 -1.249E+01 -7.852E+00 -6.203E+00
 -9.2567500E+03 -1.243E+01 -8.138E+00 -5.339E+00
 -9.2562500E+03 -1.140E+01 -7.246E+00 -5.466E+00
 -9.2557500E+03 -1.051E+01 -6.783E+00 -4.780E+00
 -9.2552500E+03 -9.736E+00 -6.138E+00 -4.823E+00
 -9.2547500E+03 -9.532E+00 -6.101E+00 -4.490E+00
 -9.2542500E+03 -8.921E+00 -5.596E+00 -4.509E+00
 -9.2537500E+03 -8.737E+00 -5.463E+00 -4.467E+00
 -9.2532500E+03 -7.838E+00 -5.119E+00 -3.454E+00
 -9.2527500E+03 -7.336E+00 -4.859E+00 -3.075E+00
 -9.2522500E+03 -6.553E+00 -4.331E+00 -2.779E+00
 -9.2517500E+03 -6.494E+00 -4.211E+00 -2.951E+00
 -9.2512500E+03 -5.684E+00 -3.761E+00 -2.410E+00
 -9.2507500E+03 -5.491E+00 -3.591E+00 -2.454E+00
 -9.2502500E+03 -4.341E+00 -2.986E+00 -1.564E+00
 -9.2497500E+03 -5.009E+00 -3.152E+00 -2.561E+00
 -9.2492500E+03 -3.978E+00 -2.618E+00 -1.752E+00
 -9.2487500E+03 -3.596E+00 -2.546E+00 -1.131E+00
 -9.2482500E+03 -3.126E+00 -2.082E+00 -1.334E+00
 -9.2477500E+03 -3.018E+00 -2.034E+00 -1.228E+00
 -9.2472500E+03 -2.388E+00 -1.478E+00 -1.326E+00
 -9.2467500E+03 -1.884E+00 -1.192E+00 -9.975E-01
 -9.2462500E+03 -1.674E+00 -1.025E+00 -9.817E-01
 -9.2457500E+03 -1.081E+00 -4.633E-01 -1.172E+00
 -9.2452500E+03 -1.120E+00 -7.893E-01 -4.150E-01
 -9.2447500E+03 -9.090E-01 -5.148E-01 -6.694E-01
 -9.2442500E+03 -7.439E-01 -6.018E-01 -1.117E-01
 -9.2437500E+03 -6.276E-01 -6.166E-01  1.819E-01
 -9.2432500E+03  2.501E-02 -3.437E-02  6.714E-02
 -9.2427500E+03 -4.841E-02 -1.096E-01  1.018E-01
 -9.2422500E+03  5.133E-02 -6.903E-02  2.046E-01
 -9.2417500E+03  3.245E-01  3.307E-02  5.454E-01
 -9.2412500E+03  1.001E+00  6.441E-01  3.800E-01
 -9.2407500E+03  3.857E-01  1.507E-01  3.595E-01
 -9.2402500E+03  1.039E+00  5.079E-01  8.277E-01
 -9.2397500E+03  1.579E+00  1.185E+00  2.275E-01
 -9.2392500E+03  9.793E-01  6.790E-01  2.577E-01
 -9.2387500E+03  1.155E+00  7.412E-01  4.630E-01
 -9.2382500E+03  1.111E+00  6.855E-01  5.184E-01
 -9.2377500E+03  1.185E+00  7.230E-01  5.774E-01
 -9.2372500E+03  1.558E+00  1.139E+00  3.104E-01
 -9.2367500E+03  1.435E+00  7.836E-01  9.770E-01
 -9.2362500E+03  1.295E+00  8.027E-01  6.053E-01
 -9.2357500E+03  1.933E+00  1.278E+00  7.526E-01
 -9.2352500E+03  1.681E+00  1.136E+00  5.827E-01
 -9.2347500E+03  1.809E+00  1.317E+00  3.955E-01
 -9.2342500E+03  1.892E+00  1.222E+00  8.053E-01
 -9.2337500E+03  1.671E+00  1.200E+00  3.931E-01
 -9.2332500E+03  1.941E+00  1.263E+00  8.115E-01
 -9.2327500E+03  1.665E+00  9.744E-01  9.589E-01
 -9.2322500E+03  2.401E+00  1.553E+00  1.035E+00
 -9.2317500E+03  1.950E+00  1.165E+00  1.083E+00
 -9.2312500E+03  1.943E+00  1.236E+00  8.970E-01
 -9.2307500E+03  2.057E+00  1.277E+00  1.011E+00
 -9.2302500E+03  2.280E+00  1.618E+00  6.148E-01
 -9.2297500E+03  1.952E+00  1.360E+00  5.878E-01
 -9.2292500E+03  2.072E+00  1.337E+00  9.025E-01
 -9.2287500E+03  1.676E+00  1.160E+00  5.241E-01
 -9.2282500E+03  2.131E+00  1.461E+00  7.062E-01
 -9.2277500E+03  2.064E+00  1.362E+00  8.289E-01
 -9.2272500E+03  2.130E+00  1.313E+00  1.097E+00
 -9.2267500E+03  2.080E+00  1.452E+00  6.300E-01
 -9.2262500E+03  2.015E+00  1.346E+00  7.562E-01
 -9.2257500E+03  1.820E+00  1.078E+00  1.045E+00
 -9.2252500E+03  2.264E+00  1.525E+00  8.446E-01
 -9.2247500E+03  2.194E+00  1.410E+00  9.790E-01
 -9.2242500E+03  2.245E+00  1.363E+00  1.192E+00
 -9.2237500E+03  2.082E+00  1.312E+00  9.975E-01
 -9.2232500E+03  2.214E+00  1.440E+00  9.604E-01
 -9.2227500E+03  2.127E+00  1.365E+00  9.564E-01
 -9.2222500E+03  2.151E+00  1.466E+00  7.506E-01
 -9.2217500E+03  2.227E+00  1.582E+00  6.248E-01
 -9.2212500E+03  2.179E+00  1.335E+00  1.159E+00
 -9.2207500E+03  2.048E+00  1.303E+00  9.489E-01
 -9.2202500E+03  1.977E+00  1.290E+00  8.318E-01
 -9.2197500E+03  2.334E+00  1.530E+00  9.800E-01
 -9.2192500E+03  2.072E+00  1.312E+00  9.911E-01
 -9.2187500E+03  1.859E+00  1.249E+00  6.948E-01
 -9.2182500E+03  2.187E+00  1.477E+00  7.992E-01
 -9.2177500E+03  1.925E+00  1.186E+00  9.903E-01
 -9.2172500E+03  2.194E+00  1.415E+00  9.790E-01
 -9.2167500E+03  2.195E+00  1.519E+00  7.232E-01
 -9.2162500E+03  2.025E+00  1.316E+00  8.756E-01
 -9.2157500E+03  1.982E+00  1.254E+00  9.405E-01
 -9.2152500E+03  1.941E+00  1.223E+00  9.446E-01
 -9.2147500E+03  1.858E+00  1.179E+00  8.832E-01
 -9.2142500E+03  2.067E+00  1.344E+00  8.874E-01
 -9.2137500E+03  1.970E+00  1.284E+00  8.406E-01
 -9.2132500E+03  1.999E+00  1.188E+00  1.149E+00
 -9.2127500E+03  2.180E+00  1.409E+00  9.735E-01
 -9.2122500E+03  1.791E+00  1.129E+00  8.610E-01
 -9.2117500E+03  1.695E+00  1.076E+00  8.059E-01
 -9.2112500E+03  1.909E+00  1.206E+00  9.251E-01
 -9.2107500E+03  1.887E+00  1.237E+00  8.054E-01
 -9.2102500E+03  2.159E+00  1.373E+00  1.023E+00
 -9.2097500E+03  1.791E+00  1.155E+00  8.004E-01
 -9.2092500E+03  1.931E+00  1.229E+00  8.916E-01
 -9.2087500E+03  1.979E+00  1.308E+00  8.018E-01
 -9.2082500E+03  1.719E+00  1.142E+00  6.877E-01
 -9.2077500E+03  1.726E+00  1.108E+00  7.923E-01
 -9.2072500E+03  1.959E+00  1.237E+00  9.415E-01
 -9.2067500E+03  2.182E+00  1.476E+00  8.040E-01
 -9.2062500E+03  1.897E+00  1.287E+00  6.848E-01
 -9.2057500E+03  1.807E+00  1.227E+00  6.593E-01
 -9.2052500E+03  1.791E+00  1.159E+00  7.977E-01
 -9.2047500E+03  1.766E+00  1.070E+00  9.667E-01
 -9.2042500E+03  1.726E+00  1.138E+00  7.056E-01
 -9.2037500E+03  1.817E+00  1.141E+00  9.050E-01
 -9.2032500E+03  1.758E+00  1.123E+00  8.127E-01
 -9.2027500E+03  1.721E+00  1.011E+00  1.031E+00
 -9.2022500E+03  1.714E+00  1.083E+00  8.259E-01
 -9.2017500E+03  1.774E+00  1.181E+00  7.016E-01
 -9.2012500E+03  1.704E+00  1.147E+00  6.512E-01
 -9.2007500E+03  1.771E+00  1.089E+00  9.415E-01
 -9.2002500E+03  1.750E+00  1.097E+00  8.646E-01
 -9.1997500E+03  1.524E+00  8.892E-01  9.070E-01
 -9.1992500E+03  1.595E+00  1.061E+00  6.273E-01
 -9.1987500E+03  1.986E+00  1.305E+00  8.395E-01
 -9.1982500E+03  1.861E+00  1.229E+00  7.714E-01
 -9.1977500E+03  1.605E+00  1.020E+00  7.673E-01
 -9.1972500E+03  1.834E+00  1.152E+00  8.956E-01
 -9.1967500E+03  1.592E+00  9.857E-01  8.197E-01
 -9.1962500E+03  1.613E+00  9.698E-01  9.063E-01
 -9.1957500E+03  1.548E+00  9.686E-01  7.810E-01
 -9.1952500E+03  1.675E+00  1.213E+00  4.248E-01
 -9.1947500E+03  1.719E+00  1.100E+00  7.993E-01
 -9.1942500E+03  1.620E+00  1.058E+00  6.967E-01
 -9.1937500E+03  1.552E+00  1.012E+00  6.683E-01
 -9.1932500E+03  1.546E+00  9.912E-01  7.028E-01
 -9.1927500E+03  1.624E+00  9.721E-01  9.232E-01
 -9.1922500E+03  1.778E+00  1.180E+00  7.251E-01
 -9.1917500E+03  1.500E+00  9.783E-01  6.576E-01
 -9.1912500E+03  1.457E+00  8.949E-01  7.738E-01
 -9.1907500E+03  1.363E+00  8.639E-01  6.660E-01
 -9.1902500E+03  1.488E+00  8.861E-01  8.531E-01
 -9.1897500E+03  1.595E+00  1.073E+00  5.996E-01
 -9.1892500E+03  1.716E+00  1.106E+00  7.701E-01
 -9.1887500E+03  1.507E+00  9.064E-01  8.485E-01
 -9.1882500E+03  1.355E+00  8.701E-01  6.280E-01
 -9.1877500E+03  1.399E+00  9.068E-01  6.165E-01
 -9.1872500E+03  1.572E+00  9.672E-01  8.356E-01
 -9.1867500E+03  1.505E+00  9.712E-01  6.777E-01
 -9.1862500E+03  1.633E+00  1.038E+00  7.824E-01
 -9.1857500E+03  1.498E+00  8.735E-01  9.008E-01
 -9.1852500E+03  1.344E+00  7.985E-01  7.896E-01
 -9.1847500E+03  1.433E+00  9.100E-01  6.926E-01
 -9.1842500E+03  1.450E+00  9.329E-01  6.775E-01
 -9.1837500E+03  1.358E+00  9.012E-01  5.345E-01
 -9.1832500E+03  1.336E+00  8.189E-01  6.987E-01
 -9.1827500E+03  1.429E+00  8.198E-01  9.126E-01
 -9.1822500E+03  1.422E+00  8.496E-01  8.147E-01
 -9.1817500E+03  1.317E+00  7.972E-01  7.377E-01
 -9.1812500E+03  1.381E+00  8.976E-01  6.132E-01
 -9.1807500E+03  1.406E+00  8.698E-01  7.368E-01
 -9.1802500E+03  1.355E+00  8.750E-01  6.073E-01
 -9.1797500E+03  1.467E+00  9.533E-01  6.398E-01
 -9.1792500E+03  1.357E+00  8.710E-01  6.263E-01
 -9.1787500E+03  1.320E+00  8.405E-01  6.241E-01
 -9.1782500E+03  1.322E+00  8.559E-01  5.942E-01
 -9.1777500E+03  1.394E+00  9.431E-01  5.240E-01
 -9.1772500E+03  1.307E+00  8.318E-01  6.216E-01
 -9.1767500E+03  1.276E+00  8.149E-01  6.044E-01
 -9.1762500E+03  1.244E+00  7.719E-01  6.428E-01
 -9.1757500E+03  1.324E+00  8.370E-01  6.365E-01
 -9.1752500E+03  1.108E+00  6.958E-01  5.389E-01
 -9.1747500E+03  1.361E+00  8.130E-01  7.826E-01
 -9.1742500E+03  1.341E+00  8.696E-01  6.082E-01
 -9.1737500E+03  1.356E+00  8.639E-01  6.378E-01
 -9.1732500E+03  1.257E+00  7.976E-01  6.087E-01
 -9.1727500E+03  1.324E+00  7.457E-01  8.871E-01
 -9.1722500E+03  1.193E+00  7.291E-01  6.358E-01
 -9.1717500E+03  1.248E+00  7.868E-01  6.114E-01
 -9.1712500E+03  1.225E+00  8.154E-01  4.930E-01
 -9.1707500E+03  1.368E+00  9.149E-01  5.449E-01
 -9.1702500E+03  1.268E+00  7.910E-01  6.362E-01
 -9.1697500E+03  1.159E+00  7.282E-01  5.734E-01
 -9.1692500E+03  1.156E+00  7.122E-01  6.213E-01
 -9.1687500E+03  1.163E+00  6.575E-01  7.624E-01
 -9.1682500E+03  1.220E+00  7.128E-01  7.395E-01
 -9.1677500E+03  1.257E+00  8.121E-01  5.565E-01
 -9.1672500E+03  1.254E+00  8.072E-01  5.752E-01
 -9.1667500E+03  1.210E+00  7.393E-01  6.516E-01
 -9.1662500E+03  1.148E+00  7.354E-01  5.354E-01
 -9.1657500E+03  1.026E+00  6.120E-01  5.963E-01
 -9.1652500E+03  1.110E+00  7.323E-01  4.648E-01
 -9.1647500E+03  1.257E+00  7.853E-01  6.340E-01
 -9.1642500E+03  1.171E+00  7.034E-01  6.620E-01
 -9.1637500E+03  1.162E+00  7.411E-01  5.510E-01
 -9.1632500E+03  1.090E+00  7.259E-01  4.433E-01
 -9.1627500E+03  1.249E+00  8.566E-01  4.330E-01
 -9.1622500E+03  9.720E-01  6.219E-01  4.422E-01
 -9.1617500E+03  1.143E+00  7.173E-01  5.802E-01
 -9.1612500E+03  1.108E+00  6.935E-01  5.613E-01
 -9.1607500E+03  1.112E+00  6.819E-01  5.835E-01
 -9.1602500E+03  9.251E-01  5.962E-01  4.206E-01
 -9.1597500E+03  1.112E+00  7.188E-01  5.050E-01
 -9.1592500E+03  1.155E+00  7.020E-01  6.262E-01
 -9.1587500E+03  1.094E+00  6.872E-01  5.397E-01
 -9.1582500E+03  1.123E+00  7.082E-01  5.665E-01
 -9.1577500E+03  1.094E+00  7.446E-01  3.995E-01
 -9.1572500E+03  1.102E+00  7.515E-01  3.942E-01
 -9.1567500E+03  1.069E+00  6.273E-01  6.360E-01
 -9.1562500E+03  1.041E+00  5.917E-01  6.784E-01
 -9.1557500E+03  1.033E+00  6.055E-01  6.238E-01
 -9.1552500E+03  1.066E+00  6.725E-01  5.200E-01
 -9.1547500E+03  9.811E-01  6.758E-01  3.318E-01
 -9.1542500E+03  1.035E+00  6.718E-01  4.599E-01
 -9.1537500E+03  1.012E+00  6.099E-01  5.716E-01
 -9.1532500E+03  1.046E+00  6.636E-01  4.992E-01
 -9.1527500E+03  1.006E+00  6.354E-01  4.897E-01
 -9.1522500E+03  9.368E-01  6.169E-01  3.972E-01
 -9.1517500E+03  1.105E+00  7.335E-01  4.571E-01
 -9.1512500E+03  9.846E-01  5.812E-01  5.801E-01
 -9.1507500E+03  9.850E-01  6.144E-01  4.952E-01
 -9.1502500E+03  1.000E+00  6.636E-01  4.077E-01
 -9.1497500E+03  9.900E-01  6.108E-01  5.253E-01
 -9.1492500E+03  8.976E-01  5.394E-01  5.146E-01
 -9.1487500E+03  8.811E-01  5.320E-01  4.850E-01
 -9.1482500E+03  9.940E-01  6.336E-01  4.667E-01
 -9.1477500E+03  1.042E+00  5.953E-01  6.707E-01
 -9.1472500E+03  8.256E-01  5.048E-01  4.474E-01
 -9.1467500E+03  8.879E-01  5.356E-01  4.984E-01
 -9.1462500E+03  1.073E+00  6.953E-01  4.784E-01
 -9.1457500E+03  9.251E-01  5.751E-01  4.857E-01
 -9.1452500E+03  1.059E+00  6.682E-01  5.196E-01
 -9.1447500E+03  1.008E+00  6.019E-01  5.742E-01
 -9.1442500E+03  8.715E-01  5.566E-01  4.047E-01
 -9.1437500E+03  9.083E-01  6.151E-01  3.451E-01
 -9.1432500E+03  9.695E-01  6.005E-01  5.002E-01
 -9.1427500E+03  9.684E-01  5.947E-01  5.194E-01
 -9.1422500E+03  8.911E-01  5.457E-01  4.807E-01
 -9.1417500E+03  8.944E-01  5.793E-01  3.998E-01
 -9.1412500E+03  8.937E-01  5.480E-01  4.844E-01
 -9.1407500E+03  8.602E-01  5.325E-01  4.506E-01
 -9.1402500E+03  9.698E-01  5.984E-01  5.136E-01
 -9.1397500E+03  9.797E-01  6.273E-01  4.596E-01
 -9.1392500E+03  8.418E-01  5.123E-01  4.586E-01
 -9.1387500E+03  8.683E-01  5.361E-01  4.606E-01
 -9.1382500E+03  8.416E-01  5.298E-01  4.237E-01
 -9.1377500E+03  8.635E-01  5.330E-01  4.593E-01
 -9.1372500E+03  9.662E-01  6.275E-01  4.295E-01
 -9.1367500E+03  7.796E-01  4.978E-01  3.653E-01
 -9.1362500E+03  8.568E-01  5.344E-01  4.411E-01
 -9.1357500E+03  7.814E-01  4.927E-01  3.853E-01
 -9.1352500E+03  7.578E-01  4.376E-01  4.772E-01
 -9.1347500E+03  9.966E-01  6.541E-01  4.322E-01
 -9.1342500E+03  8.617E-01  5.595E-01  3.787E-01
 -9.1337500E+03  7.537E-01  5.078E-01  2.898E-01
 -9.1332500E+03  8.624E-01  5.704E-01  3.579E-01
 -9.1327500E+03  8.556E-01  5.224E-01  4.616E-01
 -9.1322500E+03  8.456E-01  4.952E-01  5.140E-01
 -9.1317500E+03  7.419E-01  4.592E-01  3.787E-01
 -9.1312500E+03  8.387E-01  4.982E-01  4.972E-01
 -9.1307500E+03  8.082E-01  4.660E-01  5.158E-01
 -9.1302500E+03  7.793E-01  5.023E-01  3.507E-01
 -9.1297500E+03  8.743E-01  5.640E-01  3.920E-01
 -9.1292500E+03  8.212E-01  4.967E-01  4.490E-01
 -9.1287500E+03  8.044E-01  4.734E-01  4.795E-01
 -9.1282500E+03  7.399E-01  4.655E-01  3.690E-01
 -9.1277500E+03  8.423E-01  5.801E-01  3.106E-01
 -9.1272500E+03  7.973E-01  5.011E-01  3.920E-01
 -9.1267500E+03  8.737E-01  5.787E-01  3.612E-01
 -9.1262500E+03  8.000E-01  5.179E-01  3.685E-01
 -9.1257500E+03  7.286E-01  4.642E-01  3.520E-01
 -9.1252500E+03  8.034E-01  4.705E-01  4.925E-01
 -9.1247500E+03  7.334E-01  4.295E-01  4.371E-01
 -9.1242500E+03  7.646E-01  4.581E-01  4.266E-01
 -9.1237500E+03  7.591E-01  4.789E-01  3.740E-01
 -9.1232500E+03  7.030E-01  4.061E-01  4.369E-01
 -9.1227500E+03  7.881E-01  4.875E-01  4.211E-01
 -9.1222500E+03  7.175E-01  4.474E-01  3.809E-01
 -9.1217500E+03  7.856E-01  5.307E-01  3.001E-01
 -9.1212500E+03  8.099E-01  4.843E-01  4.601E-01
 -9.1207500E+03  6.969E-01  4.284E-01  3.626E-01
 -9.1202500E+03  6.015E-01  3.712E-01  3.108E-01
 -9.1197500E+03  7.166E-01  4.297E-01  4.197E-01
 -9.1192500E+03  7.087E-01  4.378E-01  3.769E-01
 -9.1187500E+03  7.404E-01  4.526E-01  4.055E-01
 -9.1182500E+03  7.202E-01  4.299E-01  4.147E-01
 -9.1177500E+03  6.774E-01  4.044E-01  3.854E-01
 -9.1172500E+03  7.815E-01  4.874E-01  3.905E-01
 -9.1167500E+03  7.838E-01  4.742E-01  4.325E-01
 -9.1162500E+03  6.733E-01  4.285E-01  3.250E-01
 -9.1157500E+03  7.303E-01  4.338E-01  4.343E-01
 -9.1152500E+03  7.404E-01  5.173E-01  2.412E-01
 -9.1147500E+03  6.240E-01  3.997E-01  2.986E-01
 -9.1142500E+03  6.833E-01  4.724E-01  2.360E-01
 -9.1137500E+03  7.244E-01  4.510E-01  3.645E-01
 -9.1132500E+03  7.428E-01  4.082E-01  5.193E-01
 -9.1127500E+03  6.792E-01  4.114E-01  3.846E-01
 -9.1122500E+03  6.913E-01  4.247E-01  3.641E-01
 -9.1117500E+03  7.730E-01  4.788E-01  4.041E-01
 -9.1112500E+03  6.698E-01  4.432E-01  2.694E-01
 -9.1107500E+03  6.540E-01  3.835E-01  3.895E-01
 -9.1102500E+03  5.989E-01  3.218E-01  4.400E-01
 -9.1097500E+03  6.137E-01  3.699E-01  3.458E-01
 -9.1092500E+03  6.815E-01  4.558E-01  2.832E-01
 -9.1087500E+03  7.499E-01  4.803E-01  3.511E-01
 -9.1082500E+03  6.701E-01  4.358E-01  3.058E-01
 -9.1077500E+03  6.719E-01  3.971E-01  4.120E-01
 -9.1072500E+03  6.659E-01  4.067E-01  3.611E-01
 -9.1067500E+03  5.734E-01  3.452E-01  3.124E-01
 -9.1062500E+03  7.197E-01  4.461E-01  3.767E-01
 -9.1057500E+03  6.864E-01  4.853E-01  2.186E-01
 -9.1052500E+03  6.246E-01  4.439E-01  1.823E-01
 -9.1047500E+03  6.906E-01  4.178E-01  3.895E-01
 -9.1042500E+03  6.453E-01  3.541E-01  4.419E-01
 -9.1037500E+03  6.241E-01  3.624E-01  3.736E-01
 -9.1032500E+03  6.748E-01  4.276E-01  3.247E-01
 -9.1027500E+03  6.497E-01  4.171E-01  3.007E-01
 -9.1022500E+03  5.978E-01  3.950E-01  2.523E-01
 -9.1017500E+03  6.516E-01  4.236E-01  3.041E-01
 -9.1012500E+03  6.257E-01  3.980E-01  2.960E-01
 -9.1007500E+03  6.647E-01  3.892E-01  4.066E-01
 -9.1002500E+03  6.943E-01  4.188E-01  3.947E-01
 -9.0997500E+03  5.735E-01  3.070E-01  4.196E-01
 -9.0992500E+03  5.904E-01  3.767E-01  2.857E-01
 -9.0987500E+03  5.856E-01  4.011E-01  2.088E-01
 -9.0982500E+03  5.402E-01  3.725E-01  1.831E-01
 -9.0977500E+03  5.990E-01  3.498E-01  3.680E-01
 -9.0972500E+03  5.955E-01  3.673E-01  3.129E-01
 -9.0967500E+03  6.236E-01  3.865E-01  3.144E-01
 -9.0962500E+03  5.878E-01  3.558E-01  3.290E-01
 -9.0957500E+03  6.300E-01  3.567E-01  4.078E-01
 -9.0952500E+03  5.669E-01  3.518E-01  2.968E-01
 -9.0947500E+03  6.078E-01  3.828E-01  3.080E-01
 -9.0942500E+03  5.797E-01  3.804E-01  2.495E-01
 -9.0937500E+03  5.838E-01  3.467E-01  3.534E-01
 -9.0932500E+03  5.627E-01  3.513E-01  2.773E-01
 -9.0927500E+03  6.008E-01  3.683E-01  3.371E-01
 -9.0922500E+03  5.291E-01  2.945E-01  3.563E-01
 -9.0917500E+03  5.522E-01  3.726E-01  2.109E-01
 -9.0912500E+03  5.679E-01  3.733E-01  2.441E-01
 -9.0907500E+03  5.336E-01  3.102E-01  3.342E-01
 -9.0902500E+03  5.896E-01  3.443E-01  3.585E-01
 -9.0897500E+03  5.684E-01  3.433E-01  3.098E-01
 -9.0892500E+03  6.384E-01  4.425E-01  2.249E-01
 -9.0887500E+03  5.372E-01  3.224E-01  3.078E-01
 -9.0882500E+03  4.956E-01  2.878E-01  3.094E-01
 -9.0877500E+03  4.504E-01  2.505E-01  3.039E-01
 -9.0872500E+03  5.384E-01  3.565E-01  2.271E-01
 -9.0867500E+03  5.627E-01  3.431E-01  3.219E-01
 -9.0862500E+03  5.292E-01  3.480E-01  2.247E-01
 -9.0857500E+03  4.903E-01  2.831E-01  3.055E-01
 -9.0852500E+03  5.125E-01  3.068E-01  3.028E-01
 -9.0847500E+03  6.086E-01  3.788E-01  3.200E-01
 -9.0842500E+03  5.069E-01  3.051E-01  2.962E-01
 -9.0837500E+03  5.090E-01  3.185E-01  2.505E-01
 -9.0832500E+03  4.878E-01  2.776E-01  3.200E-01
 -9.0827500E+03  5.092E-01  2.819E-01  3.533E-01
 -9.0822500E+03  4.948E-01  2.858E-01  3.107E-01
 -9.0817500E+03  4.762E-01  3.069E-01  2.190E-01
 -9.0812500E+03  5.377E-01  3.544E-01  2.274E-01
 -9.0807500E+03  5.874E-01  3.568E-01  3.265E-01
 -9.0802500E+03  4.976E-01  3.141E-01  2.419E-01
 -9.0797500E+03  4.844E-01  3.107E-01  2.335E-01
 -9.0792500E+03  4.509E-01  3.088E-01  1.702E-01
 -9.0787500E+03  4.694E-01  2.992E-01  2.213E-01
 -9.0782500E+03  4.816E-01  3.010E-01  2.390E-01
 -9.0777500E+03  5.499E-01  3.395E-01  2.877E-01
 -9.0772500E+03  5.653E-01  3.550E-01  2.750E-01
 -9.0767500E+03  5.056E-01  3.385E-01  2.051E-01
 -9.0762500E+03  4.974E-01  2.724E-01  3.408E-01
 -9.0757500E+03  5.169E-01  3.337E-01  2.404E-01
 -9.0752500E+03  4.913E-01  3.181E-01  2.203E-01
 -9.0747500E+03  5.255E-01  3.165E-01  2.925E-01
 -9.0742500E+03  4.749E-01  3.113E-01  2.069E-01
 -9.0737500E+03  5.027E-01  2.924E-01  3.174E-01
 -9.0732500E+03  4.960E-01  2.955E-01  2.894E-01
 -9.0727500E+03  4.467E-01  2.576E-01  2.750E-01
 -9.0722500E+03  4.673E-01  2.925E-01  2.422E-01
 -9.0717500E+03  4.446E-01  2.809E-01  2.245E-01
 -9.0712500E+03  4.767E-01  3.074E-01  2.165E-01
 -9.0707500E+03  4.800E-01  2.950E-01  2.516E-01
 -9.0702500E+03  4.164E-01  2.385E-01  2.652E-01
 -9.0697500E+03  5.085E-01  3.202E-01  2.596E-01
 -9.0692500E+03  4.968E-01  3.159E-01  2.329E-01
 -9.0687500E+03  4.708E-01  2.804E-01  2.840E-01
 -9.0682500E+03  4.888E-01  3.356E-01  1.644E-01
 -9.0677500E+03  4.770E-01  3.276E-01  1.648E-01
 -9.0672500E+03  4.532E-01  2.719E-01  2.557E-01
 -9.0667500E+03  4.142E-01  2.440E-01  2.516E-01
 -9.0662500E+03  4.444E-01  2.864E-01  2.103E-01
 -9.0657500E+03  4.484E-01  2.707E-01  2.621E-01
 -9.0652500E+03  4.298E-01  2.769E-01  2.012E-01
 -9.0647500E+03  5.245E-01  3.140E-01  2.973E-01
 -9.0642500E+03  4.772E-01  2.942E-01  2.472E-01
 -9.0637500E+03  4.464E-01  2.795E-01  2.287E-01
 -9.0632500E+03  4.233E-01  2.433E-01  2.655E-01
 -9.0627500E+03  4.825E-01  2.891E-01  2.854E-01
 -9.0622500E+03  4.315E-01  2.659E-01  2.314E-01
 -9.0617500E+03  4.213E-01  2.394E-01  2.672E-01
 -9.0612500E+03  4.766E-01  3.054E-01  2.209E-01
 -9.0607500E+03  4.556E-01  2.802E-01  2.473E-01
 -9.0602500E+03  3.711E-01  2.112E-01  2.395E-01
 -9.0597500E+03  3.879E-01  2.309E-01  2.290E-01
 -9.0592500E+03  4.972E-01  2.989E-01  2.878E-01
 -9.0587500E+03  3.797E-01  2.555E-01  1.478E-01
 -9.0582500E+03  4.634E-01  2.953E-01  2.377E-01
 -9.0577500E+03  4.871E-01  3.211E-01  2.144E-01
 -9.0572500E+03  4.028E-01  2.709E-01  1.575E-01
 -9.0567500E+03  3.839E-01  1.986E-01  2.901E-01
 -9.0562500E+03  4.170E-01  2.633E-01  2.028E-01
 -9.0557500E+03  3.599E-01  2.274E-01  1.792E-01
 -9.0552500E+03  3.518E-01  1.804E-01  2.829E-01
 -9.0547500E+03  3.959E-01  2.281E-01  2.509E-01
 -9.0542500E+03  4.234E-01  2.483E-01  2.550E-01
 -9.0537500E+03  3.697E-01  2.230E-01  2.065E-01
 -9.0532500E+03  3.909E-01  2.446E-01  1.850E-01
 -9.0527500E+03  3.977E-01  2.389E-01  2.133E-01
 -9.0522500E+03  3.757E-01  2.421E-01  1.618E-01
 -9.0517500E+03  3.797E-01  2.410E-01  1.883E-01
 -9.0512500E+03  4.185E-01  2.587E-01  2.120E-01
 -9.0507500E+03  4.141E-01  2.595E-01  2.150E-01
 -9.0502500E+03  4.250E-01  2.705E-01  2.098E-01
 -9.0497500E+03  4.323E-01  2.706E-01  2.241E-01
 -9.0492500E+03  4.493E-01  2.631E-01  2.781E-01
 -9.0487500E+03  4.254E-01  2.485E-01  2.585E-01
 -9.0482500E+03  4.021E-01  2.342E-01  2.395E-01
 -9.0477500E+03  3.630E-01  2.177E-01  2.265E-01
 -9.0472500E+03  4.073E-01  2.615E-01  1.861E-01
 -9.0467500E+03  3.756E-01  2.325E-01  1.906E-01
 -9.0462500E+03  4.262E-01  2.499E-01  2.465E-01
 -9.0457500E+03  3.953E-01  2.125E-01  2.887E-01
 -9.0452500E+03  3.204E-01  1.977E-01  1.723E-01
 -9.0447500E+03  3.617E-01  2.179E-01  2.048E-01
 -9.0442500E+03  3.907E-01  2.394E-01  2.174E-01
 -9.0437500E+03  4.144E-01  2.672E-01  1.934E-01
 -9.0432500E+03  3.699E-01  2.190E-01  2.204E-01
 -9.0427500E+03  4.127E-01  2.593E-01  2.082E-01
 -9.0422500E+03  4.303E-01  2.800E-01  1.810E-01
 -9.0417500E+03  3.956E-01  2.580E-01  1.804E-01
 -9.0412500E+03  3.917E-01  2.454E-01  2.050E-01
 -9.0407500E+03  3.457E-01  2.123E-01  1.965E-01
 -9.0402500E+03  3.211E-01  2.107E-01  1.435E-01
 -9.0397500E+03  3.324E-01  1.819E-01  2.313E-01
 -9.0392500E+03  3.716E-01  2.172E-01  2.279E-01
 -9.0387500E+03  4.213E-01  2.611E-01  2.203E-01
 -9.0382500E+03  3.778E-01  2.134E-01  2.424E-01
 -9.0377500E+03  3.453E-01  1.918E-01  2.306E-01
 -9.0372500E+03  3.542E-01  2.379E-01  1.377E-01
 -9.0367500E+03  3.875E-01  2.553E-01  1.602E-01
 -9.0362500E+03  3.157E-01  1.679E-01  2.252E-01
 -9.0357500E+03  3.337E-01  1.668E-01  2.666E-01
 -9.0352500E+03  3.707E-01  1.990E-01  2.548E-01
 -9.0347500E+03  3.402E-01  2.168E-01  1.648E-01
 -9.0342500E+03  3.567E-01  2.316E-01  1.641E-01
 -9.0337500E+03  3.779E-01  2.461E-01  1.729E-01
 -9.0332500E+03  3.661E-01  2.136E-01  2.277E-01
 -9.0327500E+03  3.369E-01  2.371E-01  1.087E-01
 -9.0322500E+03  3.382E-01  2.251E-01  1.409E-01
 -9.0317500E+03  2.934E-01  1.745E-01  1.710E-01
 -9.0312500E+03  3.432E-01  2.163E-01  1.652E-01
 -9.0307500E+03  3.224E-01  1.787E-01  2.270E-01
 -9.0302500E+03  2.998E-01  1.958E-01  1.336E-01
 -9.0297500E+03  3.056E-01  1.814E-01  1.742E-01
 -9.0292500E+03  3.762E-01  2.273E-01  2.111E-01
 -9.0287500E+03  3.040E-01  1.749E-01  1.961E-01
 -9.0282500E+03  3.302E-01  2.059E-01  1.628E-01
 -9.0277500E+03  3.213E-01  2.174E-01  1.257E-01
 -9.0272500E+03  3.223E-01  1.967E-01  1.762E-01
 -9.0267500E+03  3.482E-01  2.336E-01  1.446E-01
 -9.0262500E+03  3.658E-01  2.147E-01  2.094E-01
 -9.0257500E+03  3.175E-01  1.859E-01  1.961E-01
 -9.0252500E+03  2.796E-01  1.379E-01  2.148E-01
 -9.0247500E+03  2.601E-01  1.500E-01  1.693E-01
 -9.0242500E+03  3.616E-01  2.098E-01  2.187E-01
 -9.0237500E+03  3.190E-01  2.188E-01  9.977E-02
 -9.0232500E+03  3.707E-01  2.273E-01  2.007E-01
 -9.0227500E+03  3.372E-01  2.261E-01  1.443E-01
 -9.0222500E+03  3.263E-01  2.037E-01  1.810E-01
 -9.0217500E+03  2.572E-01  1.598E-01  1.522E-01
 -9.0212500E+03  3.116E-01  1.876E-01  1.755E-01
 -9.0207500E+03  2.994E-01  1.663E-01  2.032E-01
 -9.0202500E+03  2.866E-01  1.689E-01  1.732E-01
 -9.0197500E+03  3.610E-01  2.337E-01  1.742E-01
 -9.0192500E+03  3.186E-01  2.061E-01  1.445E-01
 -9.0187500E+03  2.754E-01  1.686E-01  1.629E-01
 -9.0182500E+03  3.320E-01  2.061E-01  1.740E-01
 -9.0177500E+03  3.351E-01  2.020E-01  1.898E-01
 -9.0172500E+03  2.865E-01  1.866E-01  1.298E-01
 -9.0167500E+03  3.143E-01  2.047E-01  1.345E-01
 -9.0162500E+03  2.985E-01  1.826E-01  1.538E-01
 -9.0157500E+03  2.596E-01  1.367E-01  1.902E-01
 -9.0152500E+03  3.215E-01  1.999E-01  1.707E-01
 -9.0147500E+03  2.327E-01  1.405E-01  1.374E-01
 -9.0142500E+03  3.672E-01  2.539E-01  1.396E-01
 -9.0137500E+03  3.339E-01  2.110E-01  1.614E-01
 -9.0132500E+03  2.864E-01  1.472E-01  2.116E-01
 -9.0127500E+03  2.501E-01  1.580E-01  1.155E-01
 -9.0122500E+03  2.619E-01  1.990E-01  5.537E-02
 -9.0117500E+03  3.327E-01  2.295E-01  1.345E-01
 -9.0112500E+03  3.500E-01  2.238E-01  1.605E-01
 -9.0107500E+03  2.722E-01  1.677E-01  1.393E-01
 -9.0102500E+03  3.030E-01  1.573E-01  2.289E-01
 -9.0097500E+03  2.814E-01  1.702E-01  1.634E-01
 -9.0092500E+03  3.109E-01  1.868E-01  1.735E-01
 -9.0087500E+03  2.883E-01  1.556E-01  2.028E-01
 -9.0082500E+03  2.424E-01  1.606E-01  1.076E-01
 -9.0077500E+03  2.889E-01  1.939E-01  1.222E-01
 -9.0072500E+03  3.095E-01  1.778E-01  1.939E-01
 -9.0067500E+03  2.953E-01  1.877E-01  1.365E-01
 -9.0062500E+03  3.001E-01  2.247E-01  6.493E-02
 -9.0057500E+03  2.601E-01  1.706E-01  1.186E-01
 -9.0052500E+03  2.532E-01  1.325E-01  1.914E-01
 -9.0047500E+03  2.578E-01  1.523E-01  1.555E-01
 -9.0042500E+03  3.083E-01  1.736E-01  1.982E-01
 -9.0037500E+03  2.668E-01  1.621E-01  1.448E-01
 -9.0032500E+03  2.816E-01  1.677E-01  1.769E-01
 -9.0027500E+03  2.393E-01  1.185E-01  1.981E-01
 -9.0022500E+03  2.698E-01  1.562E-01  1.700E-01
 -9.0017500E+03  2.508E-01  1.546E-01  1.305E-01
 -9.0012500E+03  2.614E-01  1.708E-01  1.073E-01
 -9.0007500E+03  2.556E-01  1.808E-01  8.339E-02
 -9.0002500E+03  2.482E-01  1.699E-01  9.860E-02
 -8.9997500E+03  2.926E-01  2.060E-01  1.091E-01
 -8.9992500E+03  2.670E-01  1.457E-01  1.883E-01
 -8.9987500E+03  2.839E-01  1.459E-01  2.112E-01
 -8.9982500E+03  2.935E-01  1.619E-01  1.903E-01
 -8.9977500E+03  2.899E-01  1.845E-01  1.424E-01
 -8.9972500E+03  2.862E-01  1.625E-01  1.715E-01
 -8.9967500E+03  2.679E-01  1.631E-01  1.495E-01
 -8.9962500E+03  2.387E-01  1.122E-01  2.181E-01
 -8.9957500E+03  2.590E-01  1.497E-01  1.633E-01
 -8.9952500E+03  2.209E-01  1.449E-01  1.037E-01
 -8.9947500E+03  2.660E-01  1.562E-01  1.469E-01
 -8.9942500E+03  2.571E-01  1.761E-01  1.059E-01
 -8.9937500E+03  2.668E-01  1.526E-01  1.669E-01
 -8.9932500E+03  2.513E-01  1.675E-01  1.080E-01
 -8.9927500E+03  2.328E-01  1.604E-01  9.179E-02
 -8.9922500E+03  2.425E-01  1.397E-01  1.529E-01
 -8.9917500E+03  2.658E-01  1.828E-01  1.110E-01
 -8.9912500E+03  2.472E-01  1.259E-01  1.907E-01
 -8.9907500E+03  2.189E-01  1.356E-01  1.120E-01
 -8.9902500E+03  2.340E-01  1.515E-01  9.959E-02
 -8.9897500E+03  2.392E-01  1.374E-01  1.450E-01
 -8.9892500E+03  2.584E-01  1.414E-01  1.645E-01
 -8.9887500E+03  2.517E-01  1.576E-01  1.358E-01
 -8.9882500E+03  2.444E-01  1.581E-01  1.005E-01
 -8.9877500E+03  2.695E-01  1.777E-01  1.303E-01
 -8.9872500E+03  2.891E-01  1.675E-01  1.728E-01
 -8.9867500E+03  2.476E-01  1.446E-01  1.447E-01
 -8.9862500E+03  2.544E-01  1.563E-01  1.349E-01
 -8.9857500E+03  2.394E-01  1.392E-01  1.485E-01
 -8.9852500E+03  1.865E-01  1.001E-01  1.301E-01
 -8.9847500E+03  2.009E-01  1.432E-01  7.421E-02
 -8.9842500E+03  2.371E-01  1.547E-01  1.145E-01
 -8.9837500E+03  2.194E-01  1.174E-01  1.549E-01
 -8.9832500E+03  2.369E-01  1.292E-01  1.733E-01
 -8.9827500E+03  2.251E-01  1.375E-01  1.235E-01
 -8.9822500E+03  2.286E-01  1.351E-01  1.404E-01
 -8.9817500E+03  2.265E-01  1.265E-01  1.503E-01
 -8.9812500E+03  2.154E-01  1.260E-01  1.345E-01
 -8.9807500E+03  1.919E-01  1.343E-01  7.364E-02
 -8.9802500E+03  2.486E-01  1.709E-01  8.941E-02
 -8.9797500E+03  2.592E-01  1.549E-01  1.472E-01
 -8.9792500E+03  2.696E-01  1.926E-01  7.296E-02
 -8.9787500E+03  2.288E-01  1.568E-01  8.895E-02
 -8.9782500E+03  2.220E-01  1.261E-01  1.460E-01
 -8.9777500E+03  1.894E-01  1.146E-01  1.175E-01
 -8.9772500E+03  2.175E-01  1.402E-01  9.744E-02
 -8.9767500E+03  2.435E-01  1.445E-01  1.368E-01
 -8.9762500E+03  2.244E-01  1.053E-01  1.990E-01
 -8.9757500E+03  2.203E-01  1.466E-01  1.029E-01
 -8.9752500E+03  2.105E-01  1.155E-01  1.379E-01
 -8.9747500E+03  2.464E-01  1.690E-01  8.730E-02
 -8.9742500E+03  2.192E-01  1.262E-01  1.287E-01
 -8.9737500E+03  2.144E-01  1.390E-01  8.962E-02
 -8.9732500E+03  2.539E-01  1.440E-01  1.749E-01
 -8.9727500E+03  2.320E-01  1.369E-01  1.501E-01
 -8.9722500E+03  2.819E-01  1.627E-01  1.749E-01
 -8.9717500E+03  1.834E-01  1.071E-01  1.159E-01
 -8.9712500E+03  1.740E-01  1.009E-01  9.863E-02
 -8.9707500E+03  1.894E-01  1.223E-01  8.245E-02
 -8.9702500E+03  2.210E-01  1.304E-01  1.330E-01
 -8.9697500E+03  2.415E-01  1.303E-01  1.675E-01
 -8.9692500E+03  2.332E-01  1.422E-01  1.244E-01
 -8.9687500E+03  2.338E-01  1.521E-01  1.137E-01
 -8.9682500E+03  2.058E-01  1.375E-01  9.961E-02
 -8.9677500E+03  2.239E-01  1.594E-01  8.063E-02
 -8.9672500E+03  2.295E-01  1.379E-01  1.290E-01
 -8.9667500E+03  2.359E-01  1.294E-01  1.451E-01
 -8.9662500E+03  2.324E-01  1.654E-01  7.107E-02
 -8.9657500E+03  1.804E-01  9.791E-02  1.203E-01
 -8.9652500E+03  1.654E-01  1.086E-01  1.060E-01
 -8.9647500E+03  2.091E-01  1.192E-01  1.370E-01
 -8.9642500E+03  1.932E-01  1.074E-01  1.329E-01
 -8.9637500E+03  1.930E-01  1.157E-01  1.051E-01
 -8.9632500E+03  2.308E-01  1.271E-01  1.514E-01
 -8.9627500E+03  1.775E-01  1.203E-01  6.357E-02
 -8.9622500E+03  2.123E-01  1.478E-01  6.907E-02
 -8.9617500E+03  1.953E-01  1.148E-01  1.028E-01
 -8.9612500E+03  2.146E-01  1.337E-01  1.024E-01
 -8.9607500E+03  1.873E-01  1.121E-01  1.100E-01
 -8.9602500E+03  1.762E-01  1.079E-01  8.864E-02
 -8.9597500E+03  1.968E-01  1.196E-01  1.036E-01
 -8.9592500E+03  1.731E-01  9.249E-02  1.344E-01
 -8.9587500E+03  1.946E-01  1.202E-01  1.124E-01
 -8.9582500E+03  2.495E-01  1.445E-01  1.473E-01
 -8.9577500E+03  2.506E-01  1.359E-01  1.686E-01
 -8.9572500E+03  1.837E-01  1.130E-01  1.017E-01
 -8.9567500E+03  1.648E-01  1.043E-01  7.879E-02
 -8.9562500E+03  1.928E-01  1.138E-01  1.186E-01
 -8.9557500E+03  1.914E-01  1.096E-01  1.236E-01
 -8.9552500E+03  2.131E-01  1.429E-01  8.228E-02
 -8.9547500E+03  1.770E-01  1.190E-01  7.183E-02
 -8.9542500E+03  2.066E-01  1.228E-01  1.205E-01
 -8.9537500E+03  1.730E-01  1.030E-01  1.141E-01
 -8.9532500E+03  2.262E-01  1.506E-01  9.532E-02
 -8.9527500E+03  1.779E-01  1.057E-01  8.698E-02
 -8.9522500E+03  2.246E-01  1.448E-01  9.613E-02
 -8.9517500E+03  2.234E-01  1.450E-01  1.039E-01
 -8.9512500E+03  1.637E-01  8.750E-02  1.153E-01
 -8.9507500E+03  1.840E-01  1.044E-01  1.270E-01
 -8.9502500E+03  1.675E-01  8.932E-02  1.307E-01
 -8.9497500E+03  1.559E-01  7.709E-02  1.094E-01
 -8.9492500E+03  2.172E-01  1.257E-01  1.313E-01
 -8.9487500E+03  1.710E-01  1.319E-01  4.582E-02
 -8.9482500E+03  1.962E-01  1.349E-01  7.461E-02
 -8.9477500E+03  1.974E-01  1.344E-01  7.562E-02
 -8.9472500E+03  1.966E-01  1.058E-01  1.280E-01
 -8.9467500E+03  1.702E-01  1.178E-01  6.504E-02
 -8.9462500E+03  1.843E-01  9.410E-02  1.519E-01
 -8.9457500E+03  1.383E-01  7.403E-02  9.524E-02
 -8.9452500E+03  1.763E-01  1.194E-01  8.080E-02
 -8.9447500E+03  1.649E-01  1.007E-01  9.834E-02
 -8.9442500E+03  1.879E-01  1.065E-01  1.196E-01
 -8.9437500E+03  1.960E-01  1.032E-01  1.399E-01
 -8.9432500E+03  1.927E-01  1.180E-01  1.175E-01
 -8.9427500E+03  1.739E-01  1.297E-01  4.026E-02
 -8.9422500E+03  1.754E-01  1.395E-01  3.776E-02
 -8.9417500E+03  1.893E-01  1.309E-01  6.721E-02
 -8.9412500E+03  1.705E-01  1.024E-01  1.062E-01
 -8.9407500E+03  1.731E-01  1.025E-01  1.025E-01
 -8.9402500E+03  1.405E-01  6.299E-02  1.239E-01
 -8.9397500E+03  1.860E-01  1.119E-01  9.854E-02
 -8.9392500E+03  1.454E-01  1.034E-01  6.591E-02
 -8.9387500E+03  1.710E-01  1.052E-01  9.701E-02
 -8.9382500E+03  1.745E-01  8.983E-02  1.266E-01
 -8.9377500E+03  1.837E-01  1.177E-01  9.710E-02
 -8.9372500E+03  1.770E-01  9.431E-02  1.336E-01
 -8.9367500E+03  1.868E-01  1.036E-01  1.232E-01
 -8.9362500E+03  1.591E-01  1.078E-01  5.931E-02
 -8.9357500E+03  1.619E-01  1.141E-01  4.887E-02
 -8.9352500E+03  1.304E-01  7.901E-02  6.288E-02
 -8.9347500E+03  1.304E-01  7.538E-02  8.119E-02
 -8.9342500E+03  1.738E-01  1.036E-01  9.403E-02
 -8.9337500E+03  2.038E-01  1.484E-01  5.431E-02
 -8.9332500E+03  1.803E-01  1.079E-01  1.092E-01
 -8.9327500E+03  1.555E-01  8.912E-02  1.037E-01
 -8.9322500E+03  1.773E-01  1.121E-01  8.468E-02
 -8.9317500E+03  2.044E-01  1.182E-01  1.050E-01
 -8.9312500E+03  2.044E-01  1.164E-01  1.285E-01
 -8.9307500E+03  1.268E-01  8.692E-02  7.439E-02
 -8.9302500E+03  1.386E-01  7.685E-02  9.385E-02
 -8.9297500E+03  1.421E-01  6.803E-02  1.311E-01
 -8.9292500E+03  1.707E-01  7.101E-02  1.651E-01
 -8.9287500E+03  1.931E-01  1.315E-01  7.622E-02
 -8.9282500E+03  1.520E-01  9.849E-02  6.508E-02
 -8.9277500E+03  1.365E-01  6.273E-02  1.216E-01
 -8.9272500E+03  1.786E-01  1.048E-01  1.046E-01
 -8.9267500E+03  1.529E-01  8.588E-02  1.058E-01
 -8.9262500E+03  1.513E-01  8.273E-02  1.060E-01
 -8.9257500E+03  1.572E-01  8.967E-02  1.025E-01
 -8.9252500E+03  1.509E-01  9.036E-02  8.405E-02
 -8.9247500E+03  1.194E-01  7.981E-02  5.618E-02
 -8.9242500E+03  1.401E-01  7.991E-02  8.609E-02
 -8.9237500E+03  1.639E-01  1.140E-01  5.679E-02
 -8.9232500E+03  1.324E-01  7.874E-02  6.660E-02
 -8.9227500E+03  1.459E-01  7.555E-02  1.088E-01
 -8.9222500E+03  1.528E-01  9.242E-02  8.578E-02
 -8.9217500E+03  1.950E-01  1.281E-01  8.046E-02
 -8.9212500E+03  1.556E-01  1.011E-01  6.938E-02
 -8.9207500E+03  1.162E-01  6.151E-02  9.794E-02
 -8.9202500E+03  1.678E-01  1.074E-01  8.125E-02
 -8.9197500E+03  1.814E-01  9.867E-02  1.182E-01
 -8.9192500E+03  1.529E-01  1.063E-01  4.258E-02
 -8.9187500E+03  1.546E-01  1.153E-01  3.676E-02
 -8.9182500E+03  1.418E-01  7.554E-02  1.047E-01
 -8.9177500E+03  1.065E-01  6.743E-02  5.619E-02
 -8.9172500E+03  1.228E-01  5.578E-02  9.553E-02
 -8.9167500E+03  1.487E-01  9.591E-02  7.537E-02
 -8.9162500E+03  1.503E-01  1.061E-01  6.356E-02
 -8.9157500E+03  1.649E-01  1.121E-01  7.595E-02
 -8.9152500E+03  1.778E-01  1.091E-01  9.317E-02
 -8.9147500E+03  1.742E-01  9.708E-02  1.169E-01
 -8.9142500E+03  1.172E-01  7.793E-02  6.191E-02
 -8.9137500E+03  1.714E-01  1.236E-01  4.596E-02
 -8.9132500E+03  1.396E-01  5.765E-02  1.340E-01
 -8.9127500E+03  1.441E-01  7.075E-02  1.066E-01
 -8.9122500E+03  1.701E-01  1.317E-01  3.624E-02
 -8.9117500E+03  1.322E-01  6.795E-02  9.318E-02
 -8.9112500E+03  1.600E-01  9.701E-02  9.328E-02
 -8.9107500E+03  1.484E-01  8.928E-02  8.517E-02
 -8.9102500E+03  1.054E-01  5.500E-02  7.616E-02
 -8.9097500E+03  1.736E-01  9.430E-02  1.293E-01
 -8.9092500E+03  1.608E-01  1.029E-01  6.331E-02
 -8.9087500E+03  1.806E-01  1.216E-01  7.313E-02
 -8.9082500E+03  1.819E-01  1.129E-01  9.347E-02
 -8.9077500E+03  1.414E-01  7.160E-02  1.169E-01
 -8.9072500E+03  1.599E-01  1.026E-01  7.321E-02
 -8.9067500E+03  1.377E-01  6.941E-02  1.160E-01
 -8.9062500E+03  1.132E-01  7.184E-02  6.830E-02
 -8.9057500E+03  1.226E-01  7.328E-02  6.835E-02
 -8.9052500E+03  1.644E-01  9.270E-02  9.973E-02
 -8.9047500E+03  1.523E-01  9.450E-02  8.475E-02
 -8.9042500E+03  1.315E-01  9.063E-02  5.406E-02
 -8.9037500E+03  1.516E-01  1.084E-01  4.804E-02
 -8.9032500E+03  1.383E-01  8.400E-02  7.385E-02
 -8.9027500E+03  1.469E-01  1.045E-01  4.699E-02
 -8.9022500E+03  9.963E-02  7.695E-02  1.178E-02
 -8.9017500E+03  1.191E-01  6.518E-02  7.342E-02
 -8.9012500E+03  1.570E-01  7.850E-02  1.259E-01
 -8.9007500E+03  1.343E-01  8.245E-02  8.230E-02
 -8.9002500E+03  1.017E-01  7.111E-02  4.224E-02
 -8.8997500E+03  1.096E-01  6.155E-02  8.997E-02
 -8.8992500E+03  1.545E-01  1.027E-01  7.128E-02
 -8.8987500E+03  1.649E-01  1.134E-01  7.063E-02
 -8.8982500E+03  1.233E-01  8.437E-02  4.381E-02
 -8.8977500E+03  1.241E-01  7.464E-02  5.024E-02
 -8.8972500E+03  1.525E-01  1.029E-01  4.770E-02
 -8.8967500E+03  1.384E-01  8.875E-02  6.184E-02
 -8.8962500E+03  1.520E-01  8.874E-02  9.543E-02
 -8.8957500E+03  1.336E-01  8.027E-02  8.029E-02
 -8.8952500E+03  1.126E-01  5.775E-02  7.680E-02
 -8.8947500E+03  1.231E-01  6.161E-02  9.924E-02
 -8.8942500E+03  1.398E-01  5.628E-02  1.385E-01
 -8.8937500E+03  1.406E-01  7.935E-02  1.026E-01
 -8.8932500E+03  1.662E-01  1.130E-01  6.950E-02
 -8.8927500E+03  1.248E-01  8.312E-02  6.398E-02
 -8.8922500E+03  1.030E-01  8.504E-02  1.388E-02
 -8.8917500E+03  8.897E-02  5.032E-02  5.000E-02
 -8.8912500E+03  1.069E-01  6.523E-02  7.586E-02
 -8.8907500E+03  1.095E-01  5.386E-02  9.015E-02
 -8.8902500E+03  1.506E-01  1.052E-01  4.759E-02
 -8.8897500E+03  1.477E-01  8.984E-02  7.846E-02
 -8.8892500E+03  1.317E-01  8.411E-02  7.364E-02
 -8.8887500E+03  1.577E-01  1.055E-01  6.764E-02
 -8.8882500E+03  1.467E-01  9.511E-02  5.112E-02
 -8.8877500E+03  1.214E-01  6.641E-02  7.327E-02
 -8.8872500E+03  9.738E-02  6.228E-02  5.540E-02
 -8.8867500E+03  9.197E-02  5.613E-02  5.086E-02
 -8.8862500E+03  1.495E-01  1.013E-01  6.000E-02
 -8.8857500E+03  9.007E-02  4.091E-02  7.793E-02
 -8.8852500E+03  1.088E-01  5.914E-02  7.986E-02
 -8.8847500E+03  1.264E-01  7.672E-02  6.919E-02
 -8.8842500E+03  1.229E-01  7.950E-02  6.893E-02
 -8.8837500E+03  1.694E-01  1.174E-01  5.870E-02
 -8.8832500E+03  1.337E-01  8.784E-02  5.539E-02
 -8.8827500E+03  1.073E-01  4.848E-02  1.056E-01
 -8.8822500E+03  1.264E-01  7.699E-02  7.253E-02
 -8.8817500E+03  1.193E-01  5.627E-02  9.106E-02
 -8.8812500E+03  1.205E-01  8.687E-02  4.011E-02
 -8.8807500E+03  9.270E-02  5.983E-02  5.779E-02
 -8.8802500E+03  1.017E-01  5.296E-02  6.134E-02
 -8.8797500E+03  1.213E-01  5.529E-02  1.176E-01
 -8.8792500E+03  1.426E-01  8.361E-02  9.832E-02
 -8.8787500E+03  1.247E-01  6.719E-02  8.096E-02
 -8.8782500E+03  9.539E-02  6.721E-02  2.928E-02
 -8.8777500E+03  1.026E-01  4.997E-02  8.941E-02
 -8.8772500E+03  9.292E-02  5.838E-02  5.024E-02
 -8.8767500E+03  9.021E-02  6.305E-02  3.065E-02
 -8.8762500E+03  1.238E-01  8.882E-02  4.314E-02
