 -1.5413750E+04 -0.000E+00 -0.000E+00  0.000E+00
 -1.5413250E+04 -0.000E+00 -0.000E+00  0.000E+00
 -1.5412750E+04 -0.000E+00 -0.000E+00  0.000E+00
 -1.5412250E+04 -0.000E+00 -0.000E+00  0.000E+00
 -1.5411750E+04 -0.000E+00 -0.000E+00  0.000E+00
 -1.5411250E+04 -0.000E+00 -0.000E+00  0.000E+00
 -1.5410750E+04 -0.000E+00 -0.000E+00  0.000E+00
 -1.5410250E+04 -0.000E+00 -0.000E+00  0.000E+00
 -1.5409750E+04 -0.000E+00 -0.000E+00  0.000E+00
 -1.5409250E+04 -0.000E+00 -0.000E+00  0.000E+00
 -1.5408750E+04 -0.000E+00 -0.000E+00  0.000E+00
 -1.5408250E+04 -0.000E+00 -0.000E+00  0.000E+00
 -1.5407750E+04 -0.000E+00 -0.000E+00  0.000E+00
 -1.5407250E+04 -0.000E+00 -0.000E+00  0.000E+00
 -1.5406750E+04 -0.000E+00 -0.000E+00  0.000E+00
 -1.5406250E+04 -0.000E+00 -0.000E+00  0.000E+00
 -1.5405750E+04 -0.000E+00 -0.000E+00  0.000E+00
 -1.5405250E+04 -0.000E+00 -0.000E+00  0.000E+00
 -1.5404750E+04 -0.000E+00 -0.000E+00  0.000E+00
 -1.5404250E+04 -0.000E+00 -0.000E+00  0.000E+00
 -1.5403750E+04 -0.000E+00 -0.000E+00  0.000E+00
 -1.5403250E+04 -0.000E+00 -0.000E+00  0.000E+00
 -1.5402750E+04 -0.000E+00 -0.000E+00  0.000E+00
 -1.5402250E+04 -0.000E+00 -0.000E+00  0.000E+00
 -1.5401750E+04 -0.000E+00 -0.000E+00  0.000E+00
 -1.5401250E+04 -0.000E+00 -0.000E+00  0.000E+00
 -1.5400750E+04 -0.000E+00 -0.000E+00  0.000E+00
 -1.5400250E+04 -0.000E+00 -0.000E+00  0.000E+00
 -1.5399750E+04 -0.000E+00 -0.000E+00  0.000E+00
 -1.5399250E+04 -0.000E+00 -0.000E+00  0.000E+00
 -1.5398750E+04 -0.000E+00 -0.000E+00  0.000E+00
 -1.5398250E+04 -0.000E+00 -0.000E+00  0.000E+00
 -1.5397750E+04 -0.000E+00 -0.000E+00  0.000E+00
 -1.5397250E+04 -0.000E+00 -0.000E+00  0.000E+00
 -1.5396750E+04 -0.000E+00 -0.000E+00  0.000E+00
 -1.5396250E+04 -0.000E+00 -0.000E+00  0.000E+00
 -1.5395750E+04 -0.000E+00 -0.000E+00  0.000E+00
 -1.5395250E+04 -0.000E+00 -0.000E+00  0.000E+00
 -1.5394750E+04 -0.000E+00 -0.000E+00  0.000E+00
 -1.5394250E+04 -0.000E+00 -0.000E+00  0.000E+00
 -1.5393750E+04 -0.000E+00 -0.000E+00  0.000E+00
 -1.5393250E+04 -0.000E+00 -0.000E+00  0.000E+00
 -1.5392750E+04 -0.000E+00 -0.000E+00  0.000E+00
 -1.5392250E+04 -0.000E+00 -0.000E+00  0.000E+00
 -1.5391750E+04 -0.000E+00 -0.000E+00  0.000E+00
 -1.5391250E+04 -0.000E+00 -0.000E+00  0.000E+00
 -1.5390750E+04 -0.000E+00 -0.000E+00  0.000E+00
 -1.5390250E+04 -0.000E+00 -0.000E+00  0.000E+00
 -1.5389750E+04 -0.000E+00 -0.000E+00  0.000E+00
 -1.5389250E+04 -0.000E+00 -0.000E+00  0.000E+00
 -1.5388750E+04 -0.000E+00 -0.000E+00  0.000E+00
 -1.5388250E+04 -0.000E+00 -0.000E+00  0.000E+00
 -1.5387750E+04 -0.000E+00 -0.000E+00  0.000E+00
 -1.5387250E+04 -0.000E+00 -0.000E+00  0.000E+00
 -1.5386750E+04 -0.000E+00 -0.000E+00  0.000E+00
 -1.5386250E+04 -0.000E+00 -0.000E+00  0.000E+00
 -1.5385750E+04 -0.000E+00 -0.000E+00  0.000E+00
 -1.5385250E+04 -0.000E+00 -0.000E+00  0.000E+00
 -1.5384750E+04 -0.000E+00 -0.000E+00  0.000E+00
 -1.5384250E+04 -0.000E+00 -0.000E+00  0.000E+00
 -1.5383750E+04 -0.000E+00 -0.000E+00  0.000E+00
 -1.5383250E+04 -0.000E+00 -0.000E+00  0.000E+00
 -1.5382750E+04 -0.000E+00 -0.000E+00  0.000E+00
 -1.5382250E+04 -0.000E+00 -0.000E+00  0.000E+00
 -1.5381750E+04 -0.000E+00 -0.000E+00  0.000E+00
 -1.5381250E+04 -0.000E+00 -0.000E+00  0.000E+00
 -1.5380750E+04 -0.000E+00 -0.000E+00  0.000E+00
 -1.5380250E+04 -0.000E+00 -0.000E+00  0.000E+00
 -1.5379750E+04 -0.000E+00 -0.000E+00  0.000E+00
 -1.5379250E+04 -0.000E+00 -0.000E+00  0.000E+00
 -1.5378750E+04 -0.000E+00 -0.000E+00  0.000E+00
 -1.5378250E+04 -0.000E+00 -0.000E+00  0.000E+00
 -1.5377750E+04 -0.000E+00 -0.000E+00  0.000E+00
 -1.5377250E+04 -0.000E+00 -0.000E+00  0.000E+00
 -1.5376750E+04 -0.000E+00 -0.000E+00  0.000E+00
 -1.5376250E+04 -0.000E+00 -0.000E+00  0.000E+00
 -1.5375750E+04 -0.000E+00 -0.000E+00  0.000E+00
 -1.5375250E+04 -0.000E+00 -0.000E+00  0.000E+00
 -1.5374750E+04 -0.000E+00 -0.000E+00  0.000E+00
 -1.5374250E+04 -0.000E+00 -0.000E+00  0.000E+00
 -1.5373750E+04 -0.000E+00 -0.000E+00  0.000E+00
 -1.5373250E+04 -0.000E+00 -0.000E+00  0.000E+00
 -1.5372750E+04 -0.000E+00 -0.000E+00  0.000E+00
 -1.5372250E+04 -0.000E+00 -0.000E+00  0.000E+00
 -1.5371750E+04 -0.000E+00 -0.000E+00  0.000E+00
 -1.5371250E+04 -0.000E+00 -0.000E+00  0.000E+00
 -1.5370750E+04 -0.000E+00 -0.000E+00  0.000E+00
 -1.5370250E+04 -0.000E+00 -0.000E+00  0.000E+00
 -1.5369750E+04 -0.000E+00 -0.000E+00  0.000E+00
 -1.5369250E+04 -0.000E+00 -0.000E+00  0.000E+00
 -1.5368750E+04 -0.000E+00 -0.000E+00  0.000E+00
 -1.5368250E+04 -0.000E+00 -0.000E+00  0.000E+00
 -1.5367750E+04 -0.000E+00 -0.000E+00  0.000E+00
 -1.5367250E+04 -0.000E+00 -0.000E+00  0.000E+00
 -1.5366750E+04 -0.000E+00 -0.000E+00  0.000E+00
 -1.5366250E+04 -0.000E+00 -0.000E+00  0.000E+00
 -1.5365750E+04 -0.000E+00 -0.000E+00  0.000E+00
 -1.5365250E+04 -0.000E+00 -0.000E+00  0.000E+00
 -1.5364750E+04 -0.000E+00 -0.000E+00  0.000E+00
 -1.5364250E+04 -0.000E+00 -0.000E+00  0.000E+00
 -1.5363750E+04 -0.000E+00 -0.000E+00  0.000E+00
 -1.5363250E+04 -0.000E+00 -0.000E+00  0.000E+00
 -1.5362750E+04 -0.000E+00 -0.000E+00  0.000E+00
 -1.5362250E+04 -0.000E+00 -0.000E+00  0.000E+00
 -1.5361750E+04 -0.000E+00 -0.000E+00  0.000E+00
 -1.5361250E+04 -0.000E+00 -0.000E+00  0.000E+00
 -1.5360750E+04 -0.000E+00 -0.000E+00  0.000E+00
 -1.5360250E+04 -0.000E+00 -0.000E+00  0.000E+00
 -1.5359750E+04 -0.000E+00 -0.000E+00  0.000E+00
 -1.5359250E+04 -0.000E+00 -0.000E+00  0.000E+00
 -1.5358750E+04 -0.000E+00 -0.000E+00  0.000E+00
 -1.5358250E+04 -0.000E+00 -0.000E+00  0.000E+00
 -1.5357750E+04 -0.000E+00 -0.000E+00  0.000E+00
 -1.5357250E+04 -0.000E+00 -0.000E+00  0.000E+00
 -1.5356750E+04 -0.000E+00 -0.000E+00  0.000E+00
 -1.5356250E+04 -0.000E+00 -0.000E+00  0.000E+00
 -1.5355750E+04 -0.000E+00 -0.000E+00  0.000E+00
 -1.5355250E+04 -0.000E+00 -0.000E+00  0.000E+00
 -1.5354750E+04 -0.000E+00 -0.000E+00  0.000E+00
 -1.5354250E+04 -0.000E+00 -0.000E+00  0.000E+00
 -1.5353750E+04 -0.000E+00 -0.000E+00  0.000E+00
 -1.5353250E+04 -0.000E+00 -0.000E+00  0.000E+00
 -1.5352750E+04 -0.000E+00 -0.000E+00  0.000E+00
 -1.5352250E+04 -0.000E+00 -0.000E+00  0.000E+00
 -1.5351750E+04 -0.000E+00 -0.000E+00  0.000E+00
 -1.5351250E+04 -0.000E+00 -0.000E+00  0.000E+00
 -1.5350750E+04 -0.000E+00 -0.000E+00  0.000E+00
 -1.5350250E+04 -0.000E+00 -0.000E+00  0.000E+00
 -1.5349750E+04 -0.000E+00 -0.000E+00  0.000E+00
 -1.5349250E+04 -0.000E+00 -0.000E+00  0.000E+00
 -1.5348750E+04 -0.000E+00 -0.000E+00  0.000E+00
 -1.5348250E+04 -0.000E+00 -0.000E+00  0.000E+00
 -1.5347750E+04 -0.000E+00 -0.000E+00  0.000E+00
 -1.5347250E+04 -0.000E+00 -0.000E+00  0.000E+00
 -1.5346750E+04 -0.000E+00 -0.000E+00  0.000E+00
 -1.5346250E+04 -0.000E+00 -0.000E+00  0.000E+00
 -1.5345750E+04 -0.000E+00 -0.000E+00  0.000E+00
 -1.5345250E+04 -0.000E+00 -0.000E+00  0.000E+00
 -1.5344750E+04 -0.000E+00 -0.000E+00  0.000E+00
 -1.5344250E+04 -0.000E+00 -0.000E+00  0.000E+00
 -1.5343750E+04 -0.000E+00 -0.000E+00  0.000E+00
 -1.5343250E+04 -0.000E+00 -0.000E+00  0.000E+00
 -1.5342750E+04 -0.000E+00 -0.000E+00  0.000E+00
 -1.5342250E+04 -0.000E+00 -0.000E+00  0.000E+00
 -1.5341750E+04 -0.000E+00 -0.000E+00  0.000E+00
 -1.5341250E+04 -0.000E+00 -0.000E+00  0.000E+00
 -1.5340750E+04 -0.000E+00 -0.000E+00  0.000E+00
 -1.5340250E+04 -0.000E+00 -0.000E+00  0.000E+00
 -1.5339750E+04 -0.000E+00 -0.000E+00  0.000E+00
 -1.5339250E+04 -0.000E+00 -0.000E+00  0.000E+00
 -1.5338750E+04 -0.000E+00 -0.000E+00  0.000E+00
 -1.5338250E+04 -0.000E+00 -0.000E+00  0.000E+00
 -1.5337750E+04 -0.000E+00 -0.000E+00  0.000E+00
 -1.5337250E+04 -0.000E+00 -0.000E+00  0.000E+00
 -1.5336750E+04 -0.000E+00 -0.000E+00  0.000E+00
 -1.5336250E+04 -0.000E+00 -0.000E+00  0.000E+00
 -1.5335750E+04 -0.000E+00 -0.000E+00  0.000E+00
 -1.5335250E+04 -0.000E+00 -0.000E+00  0.000E+00
 -1.5334750E+04 -0.000E+00 -0.000E+00  0.000E+00
 -1.5334250E+04 -0.000E+00 -0.000E+00  0.000E+00
 -1.5333750E+04 -0.000E+00 -0.000E+00  0.000E+00
 -1.5333250E+04 -0.000E+00 -0.000E+00  0.000E+00
 -1.5332750E+04 -0.000E+00 -0.000E+00  0.000E+00
 -1.5332250E+04 -0.000E+00 -0.000E+00  0.000E+00
 -1.5331750E+04 -0.000E+00 -0.000E+00  0.000E+00
 -1.5331250E+04 -0.000E+00 -0.000E+00  0.000E+00
 -1.5330750E+04 -0.000E+00 -0.000E+00  0.000E+00
 -1.5330250E+04 -0.000E+00 -0.000E+00  0.000E+00
 -1.5329750E+04 -0.000E+00 -0.000E+00  0.000E+00
 -1.5329250E+04 -0.000E+00 -0.000E+00  0.000E+00
 -1.5328750E+04 -0.000E+00 -0.000E+00  0.000E+00
 -1.5328250E+04 -0.000E+00 -0.000E+00  0.000E+00
 -1.5327750E+04 -0.000E+00 -0.000E+00  0.000E+00
 -1.5327250E+04 -0.000E+00 -0.000E+00  0.000E+00
 -1.5326750E+04 -0.000E+00 -0.000E+00  0.000E+00
 -1.5326250E+04 -0.000E+00 -0.000E+00  0.000E+00
 -1.5325750E+04 -0.000E+00 -0.000E+00  0.000E+00
 -1.5325250E+04 -0.000E+00 -0.000E+00  0.000E+00
 -1.5324750E+04 -0.000E+00 -0.000E+00  0.000E+00
 -1.5324250E+04 -0.000E+00 -0.000E+00  0.000E+00
 -1.5323750E+04 -0.000E+00 -0.000E+00  0.000E+00
 -1.5323250E+04 -0.000E+00 -0.000E+00  0.000E+00
 -1.5322750E+04 -0.000E+00 -0.000E+00  0.000E+00
 -1.5322250E+04 -0.000E+00 -0.000E+00  0.000E+00
 -1.5321750E+04 -0.000E+00 -0.000E+00  0.000E+00
 -1.5321250E+04 -0.000E+00 -0.000E+00  0.000E+00
 -1.5320750E+04 -0.000E+00 -0.000E+00  0.000E+00
 -1.5320250E+04 -0.000E+00 -0.000E+00  0.000E+00
 -1.5319750E+04 -0.000E+00 -0.000E+00  0.000E+00
 -1.5319250E+04 -0.000E+00 -0.000E+00  0.000E+00
 -1.5318750E+04 -0.000E+00 -0.000E+00  0.000E+00
 -1.5318250E+04 -0.000E+00 -0.000E+00  0.000E+00
 -1.5317750E+04 -0.000E+00 -0.000E+00  0.000E+00
 -1.5317250E+04 -0.000E+00 -0.000E+00  0.000E+00
 -1.5316750E+04 -0.000E+00 -0.000E+00  0.000E+00
 -1.5316250E+04 -0.000E+00 -0.000E+00  0.000E+00
 -1.5315750E+04 -0.000E+00 -0.000E+00  0.000E+00
 -1.5315250E+04 -0.000E+00 -0.000E+00  0.000E+00
 -1.5314750E+04 -0.000E+00 -0.000E+00  0.000E+00
 -1.5314250E+04 -0.000E+00 -0.000E+00  0.000E+00
 -1.5313750E+04 -0.000E+00 -0.000E+00  0.000E+00
 -1.5313250E+04 -0.000E+00 -0.000E+00  0.000E+00
 -1.5312750E+04 -0.000E+00 -0.000E+00  0.000E+00
 -1.5312250E+04 -0.000E+00 -0.000E+00  0.000E+00
 -1.5311750E+04 -0.000E+00 -0.000E+00  0.000E+00
 -1.5311250E+04 -0.000E+00 -0.000E+00  0.000E+00
 -1.5310750E+04 -0.000E+00 -0.000E+00  0.000E+00
 -1.5310250E+04 -0.000E+00 -0.000E+00  0.000E+00
 -1.5309750E+04 -0.000E+00 -0.000E+00  0.000E+00
 -1.5309250E+04 -0.000E+00 -0.000E+00  0.000E+00
 -1.5308750E+04 -0.000E+00 -0.000E+00  0.000E+00
 -1.5308250E+04 -0.000E+00 -0.000E+00  0.000E+00
 -1.5307750E+04 -0.000E+00 -0.000E+00  0.000E+00
 -1.5307250E+04 -0.000E+00 -0.000E+00  0.000E+00
 -1.5306750E+04 -0.000E+00 -0.000E+00  0.000E+00
 -1.5306250E+04 -0.000E+00 -0.000E+00  0.000E+00
 -1.5305750E+04 -0.000E+00 -0.000E+00  0.000E+00
 -1.5305250E+04 -0.000E+00 -0.000E+00  0.000E+00
 -1.5304750E+04 -0.000E+00 -0.000E+00  0.000E+00
 -1.5304250E+04 -0.000E+00 -0.000E+00  0.000E+00
 -1.5303750E+04 -0.000E+00 -0.000E+00  0.000E+00
 -1.5303250E+04 -0.000E+00 -0.000E+00  0.000E+00
 -1.5302750E+04 -0.000E+00 -0.000E+00  0.000E+00
 -1.5302250E+04 -0.000E+00 -0.000E+00  0.000E+00
 -1.5301750E+04 -0.000E+00 -0.000E+00  0.000E+00
 -1.5301250E+04 -0.000E+00 -0.000E+00  0.000E+00
 -1.5300750E+04 -0.000E+00 -0.000E+00  0.000E+00
 -1.5300250E+04 -0.000E+00 -0.000E+00  0.000E+00
 -1.5299750E+04 -0.000E+00 -0.000E+00  0.000E+00
 -1.5299250E+04 -0.000E+00 -0.000E+00  0.000E+00
 -1.5298750E+04 -0.000E+00 -0.000E+00  0.000E+00
 -1.5298250E+04 -0.000E+00 -0.000E+00  0.000E+00
 -1.5297750E+04 -0.000E+00 -0.000E+00  0.000E+00
 -1.5297250E+04 -0.000E+00 -0.000E+00  0.000E+00
 -1.5296750E+04 -0.000E+00 -0.000E+00  0.000E+00
 -1.5296250E+04 -0.000E+00 -0.000E+00  0.000E+00
 -1.5295750E+04 -0.000E+00 -0.000E+00  0.000E+00
 -1.5295250E+04 -0.000E+00 -0.000E+00  0.000E+00
 -1.5294750E+04 -0.000E+00 -0.000E+00  0.000E+00
 -1.5294250E+04 -0.000E+00 -0.000E+00  0.000E+00
 -1.5293750E+04 -0.000E+00 -0.000E+00  0.000E+00
 -1.5293250E+04 -0.000E+00 -0.000E+00  0.000E+00
 -1.5292750E+04 -0.000E+00 -0.000E+00  0.000E+00
 -1.5292250E+04 -0.000E+00 -0.000E+00  0.000E+00
 -1.5291750E+04 -0.000E+00 -0.000E+00  0.000E+00
 -1.5291250E+04 -0.000E+00 -0.000E+00  0.000E+00
 -1.5290750E+04 -0.000E+00 -0.000E+00  0.000E+00
 -1.5290250E+04 -0.000E+00 -0.000E+00  0.000E+00
 -1.5289750E+04 -0.000E+00 -0.000E+00  0.000E+00
 -1.5289250E+04 -0.000E+00 -0.000E+00  0.000E+00
 -1.5288750E+04 -0.000E+00 -0.000E+00  0.000E+00
 -1.5288250E+04 -0.000E+00 -0.000E+00  0.000E+00
 -1.5287750E+04 -0.000E+00 -0.000E+00  0.000E+00
 -1.5287250E+04 -0.000E+00 -0.000E+00  0.000E+00
 -1.5286750E+04 -0.000E+00 -0.000E+00  0.000E+00
 -1.5286250E+04 -0.000E+00 -0.000E+00  0.000E+00
 -1.5285750E+04 -0.000E+00 -0.000E+00  0.000E+00
 -1.5285250E+04 -0.000E+00 -0.000E+00  0.000E+00
 -1.5284750E+04 -0.000E+00 -0.000E+00  0.000E+00
 -1.5284250E+04 -0.000E+00 -0.000E+00  0.000E+00
 -1.5283750E+04 -0.000E+00 -0.000E+00  0.000E+00
 -1.5283250E+04 -0.000E+00 -0.000E+00  0.000E+00
 -1.5282750E+04 -0.000E+00 -0.000E+00  0.000E+00
 -1.5282250E+04 -0.000E+00 -0.000E+00  0.000E+00
 -1.5281750E+04 -0.000E+00 -0.000E+00  0.000E+00
 -1.5281250E+04 -0.000E+00 -0.000E+00  0.000E+00
 -1.5280750E+04 -0.000E+00 -0.000E+00  0.000E+00
 -1.5280250E+04 -0.000E+00 -0.000E+00  0.000E+00
 -1.5279750E+04 -0.000E+00 -0.000E+00  0.000E+00
 -1.5279250E+04 -0.000E+00 -0.000E+00  0.000E+00
 -1.5278750E+04 -0.000E+00 -0.000E+00  0.000E+00
 -1.5278250E+04 -0.000E+00 -0.000E+00  0.000E+00
 -1.5277750E+04 -0.000E+00 -0.000E+00  0.000E+00
 -1.5277250E+04 -0.000E+00 -0.000E+00  0.000E+00
 -1.5276750E+04 -0.000E+00 -0.000E+00  0.000E+00
 -1.5276250E+04 -0.000E+00 -0.000E+00  0.000E+00
 -1.5275750E+04 -0.000E+00 -0.000E+00  0.000E+00
 -1.5275250E+04 -0.000E+00 -0.000E+00  0.000E+00
 -1.5274750E+04 -0.000E+00 -0.000E+00  0.000E+00
 -1.5274250E+04 -0.000E+00 -0.000E+00  0.000E+00
 -1.5273750E+04 -0.000E+00 -0.000E+00  0.000E+00
 -1.5273250E+04 -0.000E+00 -0.000E+00  0.000E+00
 -1.5272750E+04 -0.000E+00 -0.000E+00  0.000E+00
 -1.5272250E+04 -0.000E+00 -0.000E+00  0.000E+00
 -1.5271750E+04 -0.000E+00 -0.000E+00  0.000E+00
 -1.5271250E+04 -0.000E+00 -0.000E+00  0.000E+00
 -1.5270750E+04 -9.459E-06  8.002E-06 -4.252E-05
 -1.5270250E+04 -3.384E-05  1.892E-05 -1.252E-04
 -1.5269750E+04  2.727E-04  3.716E-04 -4.454E-04
 -1.5269250E+04  2.439E-05  2.827E-04 -7.472E-04
 -1.5268750E+04  1.978E-04 -1.577E-03  4.807E-03
 -1.5268250E+04 -1.917E-03 -2.033E-03  1.422E-03
 -1.5267750E+04 -4.131E-03 -8.583E-04 -6.598E-03
 -1.5267250E+04 -1.086E-02 -7.241E-03 -3.510E-03
 -1.5266750E+04 -4.198E-02 -3.249E-02 -1.404E-03
 -1.5266250E+04 -3.213E-02 -1.293E-02 -3.339E-02
 -1.5265750E+04 -3.658E-02 -3.057E-02  4.869E-03
 -1.5265250E+04 -1.541E-02  5.954E-04 -3.462E-02
 -1.5264750E+04 -2.512E-02 -1.656E-02 -8.665E-03
 -1.5264250E+04 -4.357E-02 -2.966E-02 -1.238E-02
 -1.5263750E+04 -3.332E-02 -1.906E-02 -1.955E-02
 -1.5263250E+04 -3.240E-02 -1.432E-02 -3.027E-02
 -1.5262750E+04 -7.278E-02 -5.159E-02 -1.513E-02
 -1.5262250E+04 -1.170E-01 -8.534E-02 -1.817E-02
 -1.5261750E+04 -6.935E-02 -3.744E-02 -4.623E-02
 -1.5261250E+04 -1.229E-01 -6.833E-02 -7.609E-02
 -1.5260750E+04 -1.374E-01 -8.433E-02 -6.373E-02
 -1.5260250E+04 -1.517E-01 -9.117E-02 -7.510E-02
 -1.5259750E+04 -2.290E-01 -1.667E-01 -3.560E-02
 -1.5259250E+04 -2.524E-01 -1.692E-01 -7.885E-02
 -1.5258750E+04 -3.331E-01 -1.936E-01 -1.838E-01
 -1.5258250E+04 -3.389E-01 -2.149E-01 -1.384E-01
 -1.5257750E+04 -3.761E-01 -2.576E-01 -1.023E-01
 -1.5257250E+04 -5.200E-01 -3.221E-01 -2.319E-01
 -1.5256750E+04 -5.920E-01 -3.930E-01 -1.937E-01
 -1.5256250E+04 -8.470E-01 -5.517E-01 -3.048E-01
 -1.5255750E+04 -8.132E-01 -4.901E-01 -3.985E-01
 -1.5255250E+04 -8.833E-01 -5.338E-01 -4.294E-01
 -1.5254750E+04 -1.054E+00 -6.414E-01 -4.986E-01
 -1.5254250E+04 -1.252E+00 -7.915E-01 -5.129E-01
 -1.5253750E+04 -1.375E+00 -8.452E-01 -6.278E-01
 -1.5253250E+04 -1.433E+00 -9.044E-01 -5.903E-01
 -1.5252750E+04 -1.763E+00 -1.100E+00 -7.588E-01
 -1.5252250E+04 -1.827E+00 -1.163E+00 -7.232E-01
 -1.5251750E+04 -2.141E+00 -1.310E+00 -9.895E-01
 -1.5251250E+04 -2.550E+00 -1.500E+00 -1.334E+00
 -1.5250750E+04 -2.310E+00 -1.373E+00 -1.171E+00
 -1.5250250E+04 -2.623E+00 -1.570E+00 -1.298E+00
 -1.5249750E+04 -3.014E+00 -1.877E+00 -1.300E+00
 -1.5249250E+04 -3.259E+00 -2.010E+00 -1.453E+00
 -1.5248750E+04 -3.611E+00 -2.148E+00 -1.819E+00
 -1.5248250E+04 -3.777E+00 -2.269E+00 -1.839E+00
 -1.5247750E+04 -4.049E+00 -2.464E+00 -1.888E+00
 -1.5247250E+04 -4.436E+00 -2.719E+00 -2.014E+00
 -1.5246750E+04 -4.678E+00 -2.893E+00 -2.054E+00
 -1.5246250E+04 -4.674E+00 -2.906E+00 -2.011E+00
 -1.5245750E+04 -5.176E+00 -3.176E+00 -2.332E+00
 -1.5245250E+04 -5.537E+00 -3.296E+00 -2.757E+00
 -1.5244750E+04 -5.792E+00 -3.337E+00 -3.174E+00
 -1.5244250E+04 -6.087E+00 -3.695E+00 -2.839E+00
 -1.5243750E+04 -6.301E+00 -3.816E+00 -2.960E+00
 -1.5243250E+04 -6.677E+00 -3.978E+00 -3.302E+00
 -1.5242750E+04 -6.445E+00 -3.849E+00 -3.159E+00
 -1.5242250E+04 -6.987E+00 -4.225E+00 -3.287E+00
 -1.5241750E+04 -6.769E+00 -4.003E+00 -3.417E+00
 -1.5241250E+04 -6.747E+00 -4.014E+00 -3.339E+00
 -1.5240750E+04 -7.568E+00 -4.494E+00 -3.762E+00
 -1.5240250E+04 -7.403E+00 -4.517E+00 -3.364E+00
 -1.5239750E+04 -7.600E+00 -4.529E+00 -3.732E+00
 -1.5239250E+04 -7.900E+00 -4.717E+00 -3.850E+00
 -1.5238750E+04 -8.155E+00 -4.986E+00 -3.664E+00
 -1.5238250E+04 -8.386E+00 -5.064E+00 -3.932E+00
 -1.5237750E+04 -8.223E+00 -5.019E+00 -3.710E+00
 -1.5237250E+04 -8.508E+00 -4.955E+00 -4.451E+00
 -1.5236750E+04 -8.393E+00 -5.071E+00 -3.916E+00
 -1.5236250E+04 -8.159E+00 -4.917E+00 -3.829E+00
 -1.5235750E+04 -8.155E+00 -4.894E+00 -3.880E+00
 -1.5235250E+04 -8.723E+00 -5.207E+00 -4.220E+00
 -1.5234750E+04 -8.162E+00 -4.825E+00 -4.066E+00
 -1.5234250E+04 -8.469E+00 -5.070E+00 -4.046E+00
 -1.5233750E+04 -8.497E+00 -5.116E+00 -3.983E+00
 -1.5233250E+04 -8.587E+00 -4.965E+00 -4.545E+00
 -1.5232750E+04 -8.529E+00 -5.153E+00 -3.942E+00
 -1.5232250E+04 -8.303E+00 -4.967E+00 -3.962E+00
 -1.5231750E+04 -8.130E+00 -4.873E+00 -3.851E+00
 -1.5231250E+04 -8.248E+00 -4.975E+00 -3.819E+00
 -1.5230750E+04 -7.956E+00 -4.772E+00 -3.748E+00
 -1.5230250E+04 -7.901E+00 -4.714E+00 -3.789E+00
 -1.5229750E+04 -7.654E+00 -4.506E+00 -3.822E+00
 -1.5229250E+04 -7.438E+00 -4.455E+00 -3.511E+00
 -1.5228750E+04 -7.756E+00 -4.786E+00 -3.299E+00
 -1.5228250E+04 -7.556E+00 -4.368E+00 -3.961E+00
 -1.5227750E+04 -6.776E+00 -4.114E+00 -3.050E+00
 -1.5227250E+04 -7.440E+00 -4.588E+00 -3.161E+00
 -1.5226750E+04 -7.534E+00 -4.383E+00 -3.865E+00
 -1.5226250E+04 -7.020E+00 -4.087E+00 -3.597E+00
 -1.5225750E+04 -6.600E+00 -4.008E+00 -2.954E+00
 -1.5225250E+04 -6.492E+00 -3.873E+00 -3.077E+00
 -1.5224750E+04 -6.462E+00 -4.070E+00 -2.509E+00
 -1.5224250E+04 -6.124E+00 -3.471E+00 -3.354E+00
 -1.5223750E+04 -5.906E+00 -3.563E+00 -2.694E+00
 -1.5223250E+04 -5.802E+00 -3.601E+00 -2.387E+00
 -1.5222750E+04 -5.907E+00 -3.323E+00 -3.296E+00
 -1.5222250E+04 -5.777E+00 -3.224E+00 -3.288E+00
 -1.5221750E+04 -5.374E+00 -3.215E+00 -2.509E+00
 -1.5221250E+04 -4.792E+00 -2.833E+00 -2.313E+00
 -1.5220750E+04 -4.930E+00 -2.784E+00 -2.708E+00
 -1.5220250E+04 -4.723E+00 -2.975E+00 -1.818E+00
 -1.5219750E+04 -4.348E+00 -2.484E+00 -2.299E+00
 -1.5219250E+04 -4.236E+00 -2.603E+00 -1.790E+00
 -1.5218750E+04 -4.354E+00 -2.400E+00 -2.522E+00
 -1.5218250E+04 -3.961E+00 -2.218E+00 -2.198E+00
 -1.5217750E+04 -4.166E+00 -2.701E+00 -1.402E+00
 -1.5217250E+04 -3.494E+00 -2.109E+00 -1.565E+00
 -1.5216750E+04 -3.513E+00 -2.009E+00 -1.848E+00
 -1.5216250E+04 -3.118E+00 -2.028E+00 -1.032E+00
 -1.5215750E+04 -3.019E+00 -1.722E+00 -1.596E+00
 -1.5215250E+04 -2.702E+00 -1.641E+00 -1.177E+00
 -1.5214750E+04 -2.436E+00 -1.351E+00 -1.379E+00
 -1.5214250E+04 -2.941E+00 -1.704E+00 -1.487E+00
 -1.5213750E+04 -2.373E+00 -1.362E+00 -1.224E+00
 -1.5213250E+04 -2.536E+00 -1.632E+00 -8.704E-01
 -1.5212750E+04 -2.124E+00 -1.360E+00 -7.346E-01
 -1.5212250E+04 -2.179E+00 -1.346E+00 -8.706E-01
 -1.5211750E+04 -1.808E+00 -9.836E-01 -1.049E+00
 -1.5211250E+04 -2.173E+00 -1.105E+00 -1.458E+00
 -1.5210750E+04 -1.347E+00 -6.642E-01 -9.458E-01
 -1.5210250E+04 -1.449E+00 -8.178E-01 -7.681E-01
 -1.5209750E+04 -7.889E-01 -4.339E-01 -4.359E-01
 -1.5209250E+04 -8.177E-01 -4.110E-01 -5.365E-01
 -1.5208750E+04 -1.113E+00 -7.737E-01 -2.261E-01
 -1.5208250E+04 -9.829E-01 -6.346E-01 -3.176E-01
 -1.5207750E+04 -6.092E-01 -4.227E-01 -1.164E-01
 -1.5207250E+04 -1.059E+00 -5.553E-01 -6.493E-01
 -1.5206750E+04 -7.604E-01 -1.113E-01 -1.173E+00
 -1.5206250E+04  4.536E-02  2.201E-01 -4.302E-01
 -1.5205750E+04 -3.417E-01 -3.276E-01  1.748E-01
 -1.5205250E+04 -3.434E-01 -9.717E-02 -3.942E-01
 -1.5204750E+04  1.926E-02  2.461E-01 -5.428E-01
 -1.5204250E+04 -2.622E-01 -1.856E-01 -2.237E-02
 -1.5203750E+04 -2.834E-01 -2.638E-01  1.250E-01
 -1.5203250E+04  2.158E-01  2.400E-02  3.831E-01
 -1.5202750E+04  7.242E-01  3.341E-01  6.124E-01
 -1.5202250E+04  2.053E-01  2.009E-01 -5.219E-02
 -1.5201750E+04  1.228E-01  1.955E-01 -2.140E-01
 -1.5201250E+04  3.991E-01  2.272E-01  2.358E-01
 -1.5200750E+04  4.683E-01  4.069E-01 -7.661E-02
 -1.5200250E+04  9.585E-01  7.006E-01  1.296E-01
 -1.5199750E+04  7.604E-01  5.184E-01  2.086E-01
 -1.5199250E+04  9.245E-01  4.776E-01  6.421E-01
 -1.5198750E+04  8.957E-01  5.198E-01  4.791E-01
 -1.5198250E+04  7.801E-01  4.800E-01  3.521E-01
 -1.5197750E+04  3.055E-01  1.574E-01  2.218E-01
 -1.5197250E+04  1.014E+00  6.657E-01  3.467E-01
 -1.5196750E+04  6.771E-01  5.457E-01 -1.518E-03
 -1.5196250E+04  1.005E+00  6.599E-01  3.310E-01
 -1.5195750E+04  1.317E+00  1.067E+00 -4.855E-02
 -1.5195250E+04  9.354E-01  4.988E-01  6.081E-01
 -1.5194750E+04  9.673E-01  3.898E-01  9.157E-01
 -1.5194250E+04  1.205E+00  7.652E-01  4.685E-01
 -1.5193750E+04  1.181E+00  7.372E-01  4.992E-01
 -1.5193250E+04  1.572E+00  9.101E-01  8.200E-01
 -1.5192750E+04  1.452E+00  1.079E+00  1.707E-01
 -1.5192250E+04  1.181E+00  6.860E-01  6.147E-01
 -1.5191750E+04  1.448E+00  8.644E-01  7.079E-01
 -1.5191250E+04  1.287E+00  9.233E-01  2.536E-01
 -1.5190750E+04  1.142E+00  7.269E-01  4.434E-01
 -1.5190250E+04  1.947E+00  1.142E+00  9.567E-01
 -1.5189750E+04  1.312E+00  8.077E-01  5.619E-01
 -1.5189250E+04  1.494E+00  9.170E-01  6.527E-01
 -1.5188750E+04  1.298E+00  8.461E-01  4.597E-01
 -1.5188250E+04  1.258E+00  7.577E-01  5.889E-01
 -1.5187750E+04  1.635E+00  1.134E+00  3.878E-01
 -1.5187250E+04  1.125E+00  6.674E-01  5.638E-01
 -1.5186750E+04  1.937E+00  1.296E+00  5.797E-01
 -1.5186250E+04  1.392E+00  8.864E-01  5.322E-01
 -1.5185750E+04  1.723E+00  1.022E+00  8.299E-01
 -1.5185250E+04  1.618E+00  9.012E-01  9.182E-01
 -1.5184750E+04  1.519E+00  9.793E-01  5.407E-01
 -1.5184250E+04  1.497E+00  9.453E-01  5.844E-01
 -1.5183750E+04  1.545E+00  1.007E+00  5.322E-01
 -1.5183250E+04  1.813E+00  1.120E+00  7.758E-01
 -1.5182750E+04  1.372E+00  7.674E-01  7.806E-01
 -1.5182250E+04  1.542E+00  9.699E-01  6.092E-01
 -1.5181750E+04  1.691E+00  1.091E+00  5.984E-01
 -1.5181250E+04  1.624E+00  1.083E+00  4.862E-01
 -1.5180750E+04  1.528E+00  9.641E-01  5.994E-01
 -1.5180250E+04  1.584E+00  9.340E-01  7.693E-01
 -1.5179750E+04  1.606E+00  9.470E-01  7.900E-01
 -1.5179250E+04  1.904E+00  1.194E+00  7.630E-01
 -1.5178750E+04  1.652E+00  9.764E-01  7.971E-01
 -1.5178250E+04  1.444E+00  9.930E-01  3.662E-01
 -1.5177750E+04  1.720E+00  1.028E+00  8.077E-01
 -1.5177250E+04  1.801E+00  1.031E+00  9.584E-01
 -1.5176750E+04  1.458E+00  9.630E-01  4.753E-01
 -1.5176250E+04  1.737E+00  1.018E+00  8.619E-01
 -1.5175750E+04  1.410E+00  8.529E-01  6.273E-01
 -1.5175250E+04  1.683E+00  1.090E+00  5.995E-01
 -1.5174750E+04  1.779E+00  1.080E+00  7.977E-01
 -1.5174250E+04  1.615E+00  9.260E-01  8.450E-01
 -1.5173750E+04  1.777E+00  1.126E+00  6.785E-01
 -1.5173250E+04  1.861E+00  1.133E+00  8.172E-01
 -1.5172750E+04  1.436E+00  9.679E-01  4.189E-01
 -1.5172250E+04  1.469E+00  8.940E-01  6.496E-01
 -1.5171750E+04  1.562E+00  9.427E-01  7.158E-01
 -1.5171250E+04  1.927E+00  1.192E+00  7.934E-01
 -1.5170750E+04  1.463E+00  8.597E-01  7.138E-01
 -1.5170250E+04  1.575E+00  8.932E-01  8.662E-01
 -1.5169750E+04  1.663E+00  1.023E+00  7.223E-01
 -1.5169250E+04  1.452E+00  9.375E-01  5.056E-01
 -1.5168750E+04  1.593E+00  9.540E-01  7.405E-01
 -1.5168250E+04  1.583E+00  9.935E-01  6.249E-01
 -1.5167750E+04  1.629E+00  9.382E-01  8.461E-01
 -1.5167250E+04  1.644E+00  1.019E+00  6.916E-01
 -1.5166750E+04  1.579E+00  9.549E-01  7.133E-01
 -1.5166250E+04  1.788E+00  1.112E+00  7.573E-01
 -1.5165750E+04  1.674E+00  9.876E-01  8.186E-01
 -1.5165250E+04  1.680E+00  1.044E+00  6.941E-01
 -1.5164750E+04  1.382E+00  8.583E-01  5.673E-01
 -1.5164250E+04  1.381E+00  7.338E-01  8.634E-01
 -1.5163750E+04  1.560E+00  1.005E+00  5.587E-01
 -1.5163250E+04  1.736E+00  1.145E+00  5.587E-01
 -1.5162750E+04  1.739E+00  1.167E+00  4.975E-01
 -1.5162250E+04  1.608E+00  8.827E-01  9.262E-01
 -1.5161750E+04  1.404E+00  8.414E-01  6.598E-01
 -1.5161250E+04  1.477E+00  9.449E-01  5.571E-01
 -1.5160750E+04  1.676E+00  9.677E-01  8.613E-01
 -1.5160250E+04  1.448E+00  9.076E-01  5.721E-01
 -1.5159750E+04  1.489E+00  9.247E-01  6.170E-01
 -1.5159250E+04  1.629E+00  9.650E-01  7.789E-01
 -1.5158750E+04  1.447E+00  9.331E-01  5.165E-01
 -1.5158250E+04  1.345E+00  7.535E-01  7.608E-01
 -1.5157750E+04  1.652E+00  1.027E+00  6.742E-01
 -1.5157250E+04  1.545E+00  8.523E-01  8.877E-01
 -1.5156750E+04  1.349E+00  8.794E-01  4.636E-01
 -1.5156250E+04  1.454E+00  8.189E-01  8.127E-01
 -1.5155750E+04  1.527E+00  9.701E-01  5.832E-01
 -1.5155250E+04  1.475E+00  9.189E-01  5.994E-01
 -1.5154750E+04  1.545E+00  8.540E-01  8.812E-01
 -1.5154250E+04  1.512E+00  8.882E-01  7.438E-01
 -1.5153750E+04  1.534E+00  9.849E-01  5.552E-01
 -1.5153250E+04  1.309E+00  8.010E-01  5.729E-01
 -1.5152750E+04  1.421E+00  8.234E-01  7.154E-01
 -1.5152250E+04  1.587E+00  8.742E-01  9.219E-01
 -1.5151750E+04  1.408E+00  8.926E-01  5.450E-01
 -1.5151250E+04  1.375E+00  8.983E-01  4.591E-01
 -1.5150750E+04  1.577E+00  9.477E-01  7.154E-01
 -1.5150250E+04  1.333E+00  8.164E-01  5.793E-01
 -1.5149750E+04  1.506E+00  9.332E-01  6.313E-01
 -1.5149250E+04  1.445E+00  8.049E-01  8.228E-01
 -1.5148750E+04  1.257E+00  6.635E-01  8.040E-01
 -1.5148250E+04  1.388E+00  8.521E-01  5.998E-01
 -1.5147750E+04  1.370E+00  8.226E-01  6.396E-01
 -1.5147250E+04  1.454E+00  8.839E-01  6.444E-01
 -1.5146750E+04  1.140E+00  7.301E-01  4.302E-01
 -1.5146250E+04  1.420E+00  8.847E-01  5.744E-01
 -1.5145750E+04  1.429E+00  9.222E-01  5.118E-01
 -1.5145250E+04  1.439E+00  8.675E-01  6.507E-01
 -1.5144750E+04  1.404E+00  7.458E-01  8.838E-01
 -1.5144250E+04  1.491E+00  9.249E-01  6.266E-01
 -1.5143750E+04  1.323E+00  7.984E-01  6.004E-01
 -1.5143250E+04  1.239E+00  7.487E-01  5.660E-01
 -1.5142750E+04  1.269E+00  7.086E-01  7.085E-01
 -1.5142250E+04  1.361E+00  8.036E-01  6.614E-01
 -1.5141750E+04  1.234E+00  6.829E-01  7.199E-01
 -1.5141250E+04  1.295E+00  7.524E-01  6.507E-01
 -1.5140750E+04  1.339E+00  7.952E-01  6.448E-01
 -1.5140250E+04  1.296E+00  7.089E-01  7.641E-01
 -1.5139750E+04  1.316E+00  7.621E-01  6.809E-01
 -1.5139250E+04  1.341E+00  8.050E-01  6.127E-01
 -1.5138750E+04  1.175E+00  7.323E-01  4.773E-01
 -1.5138250E+04  1.222E+00  7.012E-01  6.353E-01
 -1.5137750E+04  1.299E+00  7.782E-01  5.954E-01
 -1.5137250E+04  1.178E+00  7.058E-01  5.450E-01
 -1.5136750E+04  1.406E+00  8.438E-01  6.505E-01
 -1.5136250E+04  1.308E+00  7.648E-01  6.540E-01
 -1.5135750E+04  1.403E+00  8.733E-01  5.727E-01
 -1.5135250E+04  1.221E+00  7.068E-01  6.488E-01
 -1.5134750E+04  1.170E+00  6.663E-01  6.392E-01
 -1.5134250E+04  1.123E+00  6.727E-01  5.297E-01
 -1.5133750E+04  1.147E+00  6.429E-01  6.344E-01
 -1.5133250E+04  1.226E+00  7.426E-01  5.538E-01
 -1.5132750E+04  1.213E+00  7.498E-01  5.132E-01
 -1.5132250E+04  1.200E+00  8.061E-01  3.620E-01
 -1.5131750E+04  1.152E+00  7.187E-01  4.587E-01
 -1.5131250E+04  1.082E+00  5.741E-01  6.914E-01
 -1.5130750E+04  1.109E+00  6.631E-01  5.194E-01
 -1.5130250E+04  1.266E+00  7.803E-01  5.268E-01
 -1.5129750E+04  1.302E+00  8.078E-01  5.268E-01
 -1.5129250E+04  1.060E+00  6.793E-01  3.895E-01
 -1.5128750E+04  1.278E+00  7.753E-01  5.732E-01
 -1.5128250E+04  1.362E+00  8.148E-01  6.450E-01
 -1.5127750E+04  9.742E-01  5.205E-01  6.022E-01
 -1.5127250E+04  9.563E-01  5.876E-01  4.154E-01
 -1.5126750E+04  1.080E+00  6.743E-01  4.403E-01
 -1.5126250E+04  1.118E+00  5.376E-01  8.379E-01
 -1.5125750E+04  1.160E+00  7.047E-01  5.261E-01
 -1.5125250E+04  1.146E+00  6.307E-01  6.617E-01
 -1.5124750E+04  1.104E+00  6.784E-01  4.720E-01
 -1.5124250E+04  1.069E+00  6.615E-01  4.546E-01
 -1.5123750E+04  1.101E+00  6.907E-01  4.432E-01
 -1.5123250E+04  1.004E+00  5.643E-01  5.589E-01
 -1.5122750E+04  1.043E+00  6.524E-01  4.171E-01
 -1.5122250E+04  1.242E+00  7.648E-01  5.179E-01
 -1.5121750E+04  1.034E+00  6.516E-01  4.084E-01
 -1.5121250E+04  1.091E+00  6.245E-01  6.002E-01
 -1.5120750E+04  1.059E+00  6.330E-01  4.962E-01
 -1.5120250E+04  1.040E+00  6.384E-01  4.342E-01
 -1.5119750E+04  1.034E+00  5.630E-01  6.227E-01
 -1.5119250E+04  1.113E+00  6.113E-01  6.439E-01
 -1.5118750E+04  1.092E+00  6.801E-01  4.410E-01
 -1.5118250E+04  1.012E+00  6.035E-01  4.949E-01
 -1.5117750E+04  8.825E-01  5.496E-01  3.709E-01
 -1.5117250E+04  1.157E+00  7.041E-01  5.123E-01
 -1.5116750E+04  1.085E+00  6.131E-01  5.994E-01
 -1.5116250E+04  1.017E+00  5.903E-01  5.218E-01
 -1.5115750E+04  1.013E+00  6.070E-01  4.793E-01
 -1.5115250E+04  9.473E-01  5.409E-01  4.914E-01
 -1.5114750E+04  1.092E+00  6.342E-01  5.601E-01
 -1.5114250E+04  1.048E+00  6.185E-01  5.149E-01
 -1.5113750E+04  1.034E+00  6.744E-01  3.515E-01
 -1.5113250E+04  9.400E-01  5.777E-01  3.997E-01
 -1.5112750E+04  8.847E-01  5.396E-01  4.025E-01
 -1.5112250E+04  1.042E+00  6.303E-01  4.772E-01
 -1.5111750E+04  9.286E-01  5.631E-01  4.103E-01
 -1.5111250E+04  9.676E-01  5.690E-01  4.793E-01
 -1.5110750E+04  9.324E-01  5.630E-01  4.341E-01
 -1.5110250E+04  1.056E+00  6.162E-01  5.425E-01
 -1.5109750E+04  9.324E-01  5.243E-01  5.119E-01
 -1.5109250E+04  1.030E+00  6.017E-01  5.055E-01
 -1.5108750E+04  9.931E-01  5.626E-01  5.381E-01
 -1.5108250E+04  9.021E-01  5.405E-01  4.361E-01
 -1.5107750E+04  8.368E-01  5.238E-01  3.626E-01
 -1.5107250E+04  8.805E-01  4.537E-01  6.070E-01
 -1.5106750E+04  8.713E-01  4.905E-01  4.851E-01
 -1.5106250E+04  1.007E+00  6.383E-01  3.934E-01
 -1.5105750E+04  9.400E-01  5.692E-01  4.208E-01
 -1.5105250E+04  8.816E-01  5.089E-01  4.564E-01
 -1.5104750E+04  9.076E-01  5.290E-01  4.609E-01
 -1.5104250E+04  9.706E-01  6.332E-01  3.319E-01
 -1.5103750E+04  1.002E+00  5.834E-01  5.029E-01
 -1.5103250E+04  7.933E-01  4.908E-01  3.325E-01
 -1.5102750E+04  9.092E-01  5.533E-01  4.059E-01
 -1.5102250E+04  7.353E-01  4.426E-01  3.441E-01
 -1.5101750E+04  9.174E-01  5.301E-01  4.707E-01
 -1.5101250E+04  8.961E-01  5.093E-01  4.918E-01
 -1.5100750E+04  7.567E-01  4.170E-01  4.405E-01
 -1.5100250E+04  8.494E-01  4.672E-01  5.027E-01
 -1.5099750E+04  9.127E-01  5.707E-01  3.630E-01
 -1.5099250E+04  8.905E-01  5.527E-01  3.726E-01
 -1.5098750E+04  8.413E-01  4.725E-01  4.613E-01
 -1.5098250E+04  8.881E-01  5.267E-01  4.330E-01
 -1.5097750E+04  8.239E-01  4.702E-01  4.485E-01
 -1.5097250E+04  8.665E-01  4.892E-01  4.716E-01
 -1.5096750E+04  8.461E-01  5.086E-01  3.856E-01
 -1.5096250E+04  7.598E-01  4.550E-01  3.576E-01
 -1.5095750E+04  7.772E-01  4.379E-01  4.354E-01
 -1.5095250E+04  8.833E-01  5.162E-01  4.403E-01
 -1.5094750E+04  8.787E-01  5.536E-01  3.513E-01
 -1.5094250E+04  9.188E-01  5.561E-01  4.157E-01
 -1.5093750E+04  7.901E-01  4.536E-01  4.100E-01
 -1.5093250E+04  8.010E-01  4.627E-01  4.186E-01
 -1.5092750E+04  8.473E-01  5.171E-01  3.681E-01
 -1.5092250E+04  7.544E-01  4.392E-01  3.964E-01
 -1.5091750E+04  7.606E-01  4.147E-01  4.578E-01
 -1.5091250E+04  7.717E-01  4.218E-01  4.584E-01
 -1.5090750E+04  7.815E-01  4.856E-01  3.184E-01
 -1.5090250E+04  6.761E-01  3.591E-01  4.379E-01
 -1.5089750E+04  7.602E-01  4.692E-01  3.277E-01
 -1.5089250E+04  8.478E-01  5.434E-01  3.208E-01
 -1.5088750E+04  8.789E-01  5.495E-01  3.600E-01
 -1.5088250E+04  7.537E-01  4.545E-01  3.438E-01
 -1.5087750E+04  7.472E-01  4.394E-01  3.810E-01
 -1.5087250E+04  7.299E-01  4.531E-01  3.067E-01
 -1.5086750E+04  8.310E-01  4.836E-01  4.194E-01
 -1.5086250E+04  8.231E-01  4.575E-01  4.610E-01
 -1.5085750E+04  8.193E-01  4.918E-01  3.811E-01
 -1.5085250E+04  7.768E-01  4.596E-01  3.761E-01
 -1.5084750E+04  7.342E-01  4.091E-01  4.095E-01
 -1.5084250E+04  6.722E-01  4.326E-01  2.423E-01
 -1.5083750E+04  6.912E-01  4.321E-01  2.855E-01
 -1.5083250E+04  7.699E-01  4.360E-01  4.263E-01
 -1.5082750E+04  7.244E-01  4.173E-01  3.815E-01
 -1.5082250E+04  7.376E-01  4.517E-01  3.274E-01
 -1.5081750E+04  8.430E-01  5.101E-01  3.656E-01
 -1.5081250E+04  6.911E-01  4.442E-01  2.560E-01
 -1.5080750E+04  6.971E-01  3.996E-01  3.800E-01
 -1.5080250E+04  7.550E-01  4.760E-01  3.008E-01
 -1.5079750E+04  7.463E-01  4.376E-01  3.838E-01
 -1.5079250E+04  7.245E-01  4.064E-01  4.056E-01
 -1.5078750E+04  7.541E-01  4.267E-01  4.046E-01
 -1.5078250E+04  7.201E-01  4.720E-01  2.324E-01
 -1.5077750E+04  6.678E-01  3.770E-01  3.896E-01
 -1.5077250E+04  6.353E-01  3.252E-01  4.373E-01
 -1.5076750E+04  6.562E-01  3.712E-01  3.671E-01
 -1.5076250E+04  7.190E-01  4.655E-01  2.652E-01
 -1.5075750E+04  6.678E-01  3.451E-01  4.486E-01
 -1.5075250E+04  6.890E-01  4.167E-01  3.116E-01
 -1.5074750E+04  7.715E-01  4.718E-01  3.266E-01
 -1.5074250E+04  7.311E-01  4.236E-01  3.804E-01
 -1.5073750E+04  6.159E-01  3.575E-01  3.161E-01
 -1.5073250E+04  6.812E-01  4.141E-01  3.118E-01
 -1.5072750E+04  7.095E-01  4.270E-01  3.393E-01
 -1.5072250E+04  6.092E-01  3.737E-01  2.686E-01
 -1.5071750E+04  5.730E-01  3.167E-01  3.299E-01
 -1.5071250E+04  6.405E-01  3.775E-01  3.230E-01
 -1.5070750E+04  7.790E-01  4.391E-01  4.340E-01
 -1.5070250E+04  7.706E-01  4.699E-01  3.367E-01
 -1.5069750E+04  6.001E-01  3.558E-01  2.966E-01
 -1.5069250E+04  5.701E-01  3.308E-01  2.916E-01
 -1.5068750E+04  6.954E-01  3.893E-01  3.890E-01
 -1.5068250E+04  6.599E-01  3.885E-01  3.226E-01
 -1.5067750E+04  6.410E-01  3.705E-01  3.360E-01
 -1.5067250E+04  6.603E-01  4.052E-01  2.874E-01
 -1.5066750E+04  6.998E-01  4.068E-01  3.537E-01
 -1.5066250E+04  7.020E-01  3.880E-01  4.083E-01
 -1.5065750E+04  5.850E-01  3.490E-01  2.936E-01
 -1.5065250E+04  5.955E-01  2.927E-01  4.362E-01
 -1.5064750E+04  6.260E-01  3.313E-01  3.931E-01
 -1.5064250E+04  5.602E-01  3.582E-01  2.049E-01
 -1.5063750E+04  6.512E-01  4.257E-01  2.323E-01
 -1.5063250E+04  5.923E-01  3.674E-01  2.464E-01
 -1.5062750E+04  6.305E-01  3.558E-01  3.503E-01
 -1.5062250E+04  6.556E-01  4.153E-01  2.538E-01
 -1.5061750E+04  5.613E-01  2.924E-01  3.836E-01
 -1.5061250E+04  5.789E-01  3.170E-01  3.447E-01
 -1.5060750E+04  6.648E-01  4.055E-01  2.793E-01
 -1.5060250E+04  6.511E-01  3.366E-01  4.271E-01
 -1.5059750E+04  7.113E-01  3.980E-01  4.019E-01
 -1.5059250E+04  5.679E-01  2.981E-01  3.627E-01
 -1.5058750E+04  5.007E-01  2.945E-01  2.549E-01
 -1.5058250E+04  6.493E-01  3.970E-01  2.840E-01
 -1.5057750E+04  5.655E-01  3.613E-01  2.147E-01
 -1.5057250E+04  5.775E-01  3.546E-01  2.559E-01
 -1.5056750E+04  6.207E-01  3.645E-01  3.139E-01
 -1.5056250E+04  5.516E-01  3.043E-01  3.273E-01
 -1.5055750E+04  5.818E-01  3.452E-01  2.921E-01
 -1.5055250E+04  5.476E-01  3.442E-01  2.284E-01
 -1.5054750E+04  5.333E-01  2.822E-01  3.333E-01
 -1.5054250E+04  5.702E-01  3.137E-01  3.272E-01
 -1.5053750E+04  6.135E-01  3.481E-01  3.312E-01
 -1.5053250E+04  5.608E-01  3.370E-01  2.653E-01
 -1.5052750E+04  5.894E-01  3.493E-01  2.956E-01
 -1.5052250E+04  6.673E-01  3.808E-01  3.515E-01
 -1.5051750E+04  5.218E-01  3.195E-01  2.335E-01
 -1.5051250E+04  5.248E-01  3.234E-01  2.210E-01
 -1.5050750E+04  5.587E-01  3.039E-01  3.326E-01
 -1.5050250E+04  5.357E-01  2.941E-01  3.144E-01
 -1.5049750E+04  5.042E-01  2.967E-01  2.606E-01
 -1.5049250E+04  5.051E-01  2.702E-01  3.209E-01
 -1.5048750E+04  5.786E-01  3.761E-01  1.994E-01
 -1.5048250E+04  6.021E-01  3.472E-01  3.186E-01
 -1.5047750E+04  5.421E-01  2.973E-01  3.158E-01
 -1.5047250E+04  5.122E-01  3.206E-01  2.048E-01
 -1.5046750E+04  4.853E-01  2.694E-01  2.812E-01
 -1.5046250E+04  4.413E-01  2.767E-01  1.931E-01
 -1.5045750E+04  5.224E-01  3.490E-01  1.615E-01
 -1.5045250E+04  5.823E-01  3.480E-01  2.695E-01
 -1.5044750E+04  4.923E-01  2.799E-01  2.771E-01
 -1.5044250E+04  5.104E-01  3.248E-01  2.064E-01
 -1.5043750E+04  5.124E-01  2.954E-01  2.624E-01
 -1.5043250E+04  5.765E-01  3.417E-01  2.735E-01
 -1.5042750E+04  4.723E-01  2.290E-01  3.495E-01
 -1.5042250E+04  5.307E-01  3.016E-01  2.955E-01
 -1.5041750E+04  5.395E-01  2.962E-01  3.128E-01
 -1.5041250E+04  4.379E-01  2.775E-01  1.686E-01
 -1.5040750E+04  4.825E-01  3.262E-01  1.517E-01
 -1.5040250E+04  4.982E-01  2.983E-01  2.441E-01
 -1.5039750E+04  4.689E-01  3.039E-01  1.751E-01
 -1.5039250E+04  4.873E-01  2.872E-01  2.404E-01
 -1.5038750E+04  5.474E-01  3.308E-01  2.500E-01
 -1.5038250E+04  4.202E-01  2.042E-01  3.127E-01
 -1.5037750E+04  5.000E-01  3.005E-01  2.320E-01
 -1.5037250E+04  5.102E-01  2.581E-01  3.670E-01
 -1.5036750E+04  4.955E-01  2.861E-01  2.646E-01
 -1.5036250E+04  4.565E-01  2.593E-01  2.409E-01
 -1.5035750E+04  4.823E-01  2.862E-01  2.361E-01
 -1.5035250E+04  5.075E-01  2.995E-01  2.494E-01
 -1.5034750E+04  4.885E-01  2.879E-01  2.224E-01
 -1.5034250E+04  4.904E-01  2.982E-01  2.274E-01
 -1.5033750E+04  4.912E-01  2.784E-01  2.747E-01
 -1.5033250E+04  6.094E-01  3.544E-01  3.083E-01
 -1.5032750E+04  4.673E-01  2.659E-01  2.567E-01
 -1.5032250E+04  4.491E-01  2.372E-01  2.883E-01
 -1.5031750E+04  4.841E-01  2.708E-01  2.779E-01
 -1.5031250E+04  4.646E-01  2.758E-01  2.200E-01
 -1.5030750E+04  4.188E-01  2.575E-01  1.777E-01
 -1.5030250E+04  4.368E-01  2.506E-01  2.353E-01
 -1.5029750E+04  3.958E-01  2.384E-01  1.831E-01
 -1.5029250E+04  4.247E-01  2.392E-01  2.493E-01
 -1.5028750E+04  5.016E-01  2.894E-01  2.511E-01
 -1.5028250E+04  4.900E-01  2.792E-01  2.673E-01
 -1.5027750E+04  3.916E-01  2.321E-01  1.856E-01
 -1.5027250E+04  4.160E-01  2.453E-01  2.166E-01
 -1.5026750E+04  4.270E-01  2.757E-01  1.627E-01
 -1.5026250E+04  4.502E-01  2.624E-01  2.315E-01
 -1.5025750E+04  4.419E-01  2.444E-01  2.585E-01
 -1.5025250E+04  4.842E-01  2.915E-01  2.258E-01
 -1.5024750E+04  4.356E-01  2.403E-01  2.546E-01
 -1.5024250E+04  4.554E-01  2.616E-01  2.321E-01
 -1.5023750E+04  3.949E-01  2.219E-01  2.317E-01
 -1.5023250E+04  4.715E-01  2.866E-01  2.094E-01
 -1.5022750E+04  4.441E-01  2.644E-01  2.083E-01
 -1.5022250E+04  4.689E-01  2.774E-01  2.334E-01
 -1.5021750E+04  4.423E-01  2.660E-01  2.022E-01
 -1.5021250E+04  3.975E-01  2.243E-01  2.242E-01
 -1.5020750E+04  4.036E-01  2.267E-01  2.400E-01
 -1.5020250E+04  3.868E-01  2.265E-01  2.024E-01
 -1.5019750E+04  4.355E-01  2.443E-01  2.388E-01
 -1.5019250E+04  4.561E-01  2.748E-01  2.053E-01
 -1.5018750E+04  3.806E-01  2.285E-01  1.865E-01
 -1.5018250E+04  4.071E-01  2.157E-01  2.448E-01
 -1.5017750E+04  4.205E-01  2.567E-01  1.816E-01
 -1.5017250E+04  4.403E-01  2.369E-01  2.850E-01
 -1.5016750E+04  3.796E-01  2.131E-01  2.110E-01
 -1.5016250E+04  4.014E-01  2.641E-01  1.293E-01
 -1.5015750E+04  4.156E-01  2.660E-01  1.621E-01
 -1.5015250E+04  3.809E-01  2.243E-01  1.968E-01
 -1.5014750E+04  4.174E-01  2.356E-01  2.428E-01
 -1.5014250E+04  4.185E-01  2.405E-01  2.207E-01
 -1.5013750E+04  4.628E-01  2.363E-01  3.088E-01
 -1.5013250E+04  4.701E-01  2.625E-01  2.616E-01
 -1.5012750E+04  3.969E-01  2.196E-01  2.274E-01
 -1.5012250E+04  3.724E-01  2.347E-01  1.522E-01
 -1.5011750E+04  3.856E-01  2.356E-01  1.589E-01
 -1.5011250E+04  4.207E-01  2.438E-01  2.204E-01
 -1.5010750E+04  3.500E-01  2.118E-01  1.756E-01
 -1.5010250E+04  3.897E-01  2.291E-01  2.032E-01
 -1.5009750E+04  3.831E-01  2.337E-01  1.741E-01
 -1.5009250E+04  3.641E-01  1.898E-01  2.609E-01
 -1.5008750E+04  3.520E-01  1.853E-01  2.281E-01
 -1.5008250E+04  3.583E-01  2.031E-01  2.000E-01
 -1.5007750E+04  3.933E-01  2.368E-01  1.840E-01
 -1.5007250E+04  4.116E-01  2.702E-01  1.401E-01
 -1.5006750E+04  3.191E-01  2.160E-01  9.260E-02
 -1.5006250E+04  3.433E-01  1.890E-01  2.060E-01
 -1.5005750E+04  4.038E-01  2.310E-01  2.211E-01
 -1.5005250E+04  3.861E-01  2.132E-01  2.276E-01
 -1.5004750E+04  3.605E-01  1.805E-01  2.514E-01
 -1.5004250E+04  3.377E-01  2.300E-01  9.090E-02
 -1.5003750E+04  3.585E-01  2.032E-01  1.978E-01
 -1.5003250E+04  3.091E-01  1.804E-01  1.519E-01
 -1.5002750E+04  4.020E-01  2.027E-01  2.728E-01
 -1.5002250E+04  3.627E-01  2.265E-01  1.520E-01
 -1.5001750E+04  3.814E-01  2.243E-01  2.029E-01
 -1.5001250E+04  4.193E-01  2.362E-01  2.252E-01
 -1.5000750E+04  3.663E-01  2.091E-01  1.995E-01
 -1.5000250E+04  3.672E-01  2.060E-01  2.021E-01
 -1.4999750E+04  3.912E-01  2.182E-01  2.271E-01
 -1.4999250E+04  4.032E-01  2.324E-01  2.219E-01
 -1.4998750E+04  3.879E-01  2.391E-01  1.639E-01
 -1.4998250E+04  3.544E-01  2.029E-01  1.951E-01
 -1.4997750E+04  3.493E-01  1.991E-01  2.000E-01
 -1.4997250E+04  3.294E-01  1.950E-01  1.561E-01
 -1.4996750E+04  3.454E-01  2.018E-01  1.754E-01
 -1.4996250E+04  3.194E-01  1.614E-01  2.234E-01
 -1.4995750E+04  3.415E-01  2.163E-01  1.458E-01
 -1.4995250E+04  3.132E-01  1.735E-01  1.830E-01
 -1.4994750E+04  3.010E-01  1.343E-01  2.589E-01
 -1.4994250E+04  3.866E-01  2.229E-01  2.104E-01
 -1.4993750E+04  3.389E-01  2.263E-01  1.074E-01
 -1.4993250E+04  3.403E-01  1.749E-01  2.260E-01
 -1.4992750E+04  3.254E-01  2.028E-01  1.435E-01
 -1.4992250E+04  3.124E-01  2.005E-01  1.123E-01
 -1.4991750E+04  3.856E-01  2.385E-01  1.588E-01
 -1.4991250E+04  3.551E-01  2.075E-01  1.828E-01
 -1.4990750E+04  2.961E-01  1.643E-01  1.692E-01
 -1.4990250E+04  3.016E-01  1.745E-01  1.649E-01
 -1.4989750E+04  3.548E-01  2.298E-01  1.204E-01
 -1.4989250E+04  3.145E-01  1.723E-01  1.872E-01
 -1.4988750E+04  3.734E-01  2.130E-01  2.048E-01
 -1.4988250E+04  3.255E-01  1.747E-01  2.000E-01
 -1.4987750E+04  3.277E-01  1.944E-01  1.655E-01
 -1.4987250E+04  3.684E-01  2.371E-01  1.417E-01
 -1.4986750E+04  3.468E-01  1.638E-01  2.756E-01
 -1.4986250E+04  3.225E-01  1.752E-01  1.947E-01
 -1.4985750E+04  3.062E-01  2.103E-01  7.863E-02
 -1.4985250E+04  3.435E-01  1.888E-01  2.045E-01
 -1.4984750E+04  3.247E-01  1.920E-01  1.633E-01
 -1.4984250E+04  3.127E-01  2.058E-01  1.074E-01
 -1.4983750E+04  3.058E-01  1.917E-01  1.236E-01
 -1.4983250E+04  3.196E-01  1.827E-01  1.676E-01
 -1.4982750E+04  3.286E-01  1.878E-01  1.653E-01
 -1.4982250E+04  3.120E-01  1.804E-01  1.636E-01
 -1.4981750E+04  2.773E-01  1.522E-01  1.655E-01
 -1.4981250E+04  2.789E-01  1.829E-01  9.762E-02
 -1.4980750E+04  3.785E-01  1.949E-01  2.567E-01
 -1.4980250E+04  2.658E-01  1.564E-01  1.336E-01
 -1.4979750E+04  2.740E-01  1.549E-01  1.526E-01
 -1.4979250E+04  3.116E-01  1.842E-01  1.496E-01
 -1.4978750E+04  3.131E-01  2.121E-01  9.612E-02
 -1.4978250E+04  2.804E-01  1.688E-01  1.291E-01
 -1.4977750E+04  3.282E-01  1.870E-01  1.754E-01
 -1.4977250E+04  2.657E-01  1.597E-01  1.277E-01
 -1.4976750E+04  2.978E-01  1.530E-01  1.993E-01
 -1.4976250E+04  3.411E-01  1.797E-01  2.136E-01
 -1.4975750E+04  2.798E-01  1.743E-01  1.190E-01
 -1.4975250E+04  3.033E-01  1.638E-01  1.821E-01
 -1.4974750E+04  2.656E-01  1.626E-01  1.259E-01
 -1.4974250E+04  3.044E-01  1.688E-01  1.768E-01
 -1.4973750E+04  3.010E-01  1.356E-01  2.424E-01
 -1.4973250E+04  3.181E-01  1.824E-01  1.691E-01
 -1.4972750E+04  2.693E-01  1.622E-01  1.286E-01
 -1.4972250E+04  2.979E-01  1.879E-01  1.281E-01
 -1.4971750E+04  2.694E-01  1.725E-01  1.100E-01
 -1.4971250E+04  2.402E-01  1.417E-01  1.169E-01
 -1.4970750E+04  2.706E-01  1.522E-01  1.504E-01
 -1.4970250E+04  2.938E-01  1.707E-01  1.554E-01
 -1.4969750E+04  2.646E-01  1.744E-01  9.893E-02
 -1.4969250E+04  2.794E-01  1.701E-01  1.319E-01
 -1.4968750E+04  2.758E-01  1.388E-01  1.885E-01
 -1.4968250E+04  2.990E-01  1.670E-01  1.755E-01
 -1.4967750E+04  2.445E-01  1.373E-01  1.399E-01
 -1.4967250E+04  2.897E-01  1.404E-01  2.164E-01
 -1.4966750E+04  2.954E-01  1.774E-01  1.323E-01
 -1.4966250E+04  2.767E-01  1.349E-01  1.916E-01
 -1.4965750E+04  2.674E-01  1.493E-01  1.552E-01
 -1.4965250E+04  2.412E-01  1.368E-01  1.379E-01
 -1.4964750E+04  3.020E-01  1.877E-01  1.274E-01
 -1.4964250E+04  2.891E-01  1.581E-01  1.718E-01
 -1.4963750E+04  3.062E-01  1.432E-01  2.317E-01
 -1.4963250E+04  3.129E-01  1.808E-01  1.393E-01
 -1.4962750E+04  2.671E-01  1.479E-01  1.529E-01
 -1.4962250E+04  2.879E-01  1.601E-01  1.688E-01
 -1.4961750E+04  2.606E-01  1.796E-01  6.604E-02
 -1.4961250E+04  2.387E-01  1.371E-01  1.207E-01
 -1.4960750E+04  2.749E-01  1.368E-01  1.804E-01
 -1.4960250E+04  2.566E-01  1.435E-01  1.669E-01
 -1.4959750E+04  2.424E-01  1.619E-01  9.057E-02
 -1.4959250E+04  2.608E-01  1.304E-01  1.714E-01
 -1.4958750E+04  2.716E-01  1.696E-01  1.341E-01
 -1.4958250E+04  2.800E-01  1.723E-01  1.276E-01
 -1.4957750E+04  2.893E-01  1.674E-01  1.279E-01
 -1.4957250E+04  2.299E-01  1.296E-01  1.323E-01
 -1.4956750E+04  2.513E-01  1.597E-01  1.212E-01
 -1.4956250E+04  1.936E-01  1.179E-01  1.070E-01
 -1.4955750E+04  1.998E-01  1.278E-01  1.155E-01
 -1.4955250E+04  2.444E-01  1.247E-01  1.615E-01
 -1.4954750E+04  2.512E-01  1.613E-01  9.952E-02
 -1.4954250E+04  2.975E-01  1.841E-01  1.281E-01
 -1.4953750E+04  2.733E-01  1.584E-01  1.332E-01
 -1.4953250E+04  2.699E-01  1.657E-01  1.175E-01
 -1.4952750E+04  2.141E-01  1.095E-01  1.505E-01
 -1.4952250E+04  2.726E-01  1.613E-01  1.340E-01
 -1.4951750E+04  2.656E-01  1.714E-01  9.917E-02
 -1.4951250E+04  2.709E-01  1.661E-01  1.141E-01
 -1.4950750E+04  2.882E-01  1.622E-01  1.431E-01
 -1.4950250E+04  2.176E-01  1.325E-01  9.783E-02
 -1.4949750E+04  2.084E-01  1.233E-01  1.024E-01
 -1.4949250E+04  2.188E-01  1.104E-01  1.562E-01
 -1.4948750E+04  2.093E-01  9.932E-02  1.520E-01
 -1.4948250E+04  2.196E-01  1.069E-01  1.633E-01
 -1.4947750E+04  2.172E-01  1.195E-01  1.337E-01
 -1.4947250E+04  2.131E-01  1.461E-01  6.247E-02
 -1.4946750E+04  2.734E-01  1.720E-01  1.085E-01
 -1.4946250E+04  2.639E-01  1.528E-01  1.254E-01
 -1.4945750E+04  2.830E-01  1.696E-01  1.319E-01
 -1.4945250E+04  2.729E-01  1.354E-01  2.023E-01
 -1.4944750E+04  2.350E-01  1.066E-01  1.864E-01
 -1.4944250E+04  1.942E-01  1.113E-01  1.024E-01
 -1.4943750E+04  2.530E-01  1.419E-01  1.427E-01
 -1.4943250E+04  2.433E-01  1.431E-01  1.141E-01
 -1.4942750E+04  2.551E-01  1.630E-01  8.984E-02
 -1.4942250E+04  1.987E-01  1.336E-01  6.833E-02
 -1.4941750E+04  2.432E-01  1.595E-01  8.501E-02
 -1.4941250E+04  2.741E-01  1.719E-01  1.203E-01
 -1.4940750E+04  2.220E-01  1.156E-01  1.518E-01
 -1.4940250E+04  2.203E-01  1.200E-01  1.332E-01
 -1.4939750E+04  2.581E-01  1.626E-01  9.524E-02
 -1.4939250E+04  2.022E-01  1.405E-01  5.555E-02
 -1.4938750E+04  2.386E-01  1.225E-01  1.562E-01
 -1.4938250E+04  2.335E-01  1.099E-01  1.724E-01
 -1.4937750E+04  1.816E-01  9.382E-02  1.030E-01
 -1.4937250E+04  2.054E-01  1.148E-01  1.284E-01
 -1.4936750E+04  2.522E-01  1.463E-01  1.359E-01
 -1.4936250E+04  1.998E-01  1.131E-01  1.392E-01
 -1.4935750E+04  2.052E-01  1.271E-01  9.349E-02
 -1.4935250E+04  2.479E-01  1.647E-01  8.353E-02
 -1.4934750E+04  2.522E-01  1.314E-01  1.654E-01
 -1.4934250E+04  2.231E-01  1.160E-01  1.467E-01
 -1.4933750E+04  1.717E-01  9.562E-02  1.081E-01
 -1.4933250E+04  2.275E-01  1.338E-01  1.122E-01
 -1.4932750E+04  2.263E-01  1.316E-01  1.358E-01
 -1.4932250E+04  1.834E-01  8.838E-02  1.439E-01
 -1.4931750E+04  2.233E-01  1.515E-01  5.330E-02
 -1.4931250E+04  2.638E-01  1.254E-01  1.908E-01
 -1.4930750E+04  1.955E-01  1.143E-01  1.007E-01
 -1.4930250E+04  2.211E-01  1.126E-01  1.550E-01
 -1.4929750E+04  1.693E-01  8.304E-02  1.150E-01
 -1.4929250E+04  1.597E-01  8.403E-02  1.086E-01
 -1.4928750E+04  1.862E-01  1.233E-01  7.243E-02
 -1.4928250E+04  1.894E-01  1.019E-01  1.096E-01
 -1.4927750E+04  2.440E-01  1.561E-01  1.065E-01
 -1.4927250E+04  2.131E-01  1.305E-01  9.428E-02
 -1.4926750E+04  2.349E-01  1.107E-01  1.815E-01
 -1.4926250E+04  2.376E-01  1.519E-01  8.166E-02
 -1.4925750E+04  2.089E-01  1.164E-01  1.137E-01
 -1.4925250E+04  2.024E-01  1.137E-01  1.125E-01
 -1.4924750E+04  1.876E-01  9.435E-02  1.165E-01
 -1.4924250E+04  1.603E-01  8.532E-02  1.149E-01
 -1.4923750E+04  2.149E-01  1.169E-01  1.254E-01
 -1.4923250E+04  2.342E-01  1.515E-01  8.608E-02
 -1.4922750E+04  2.068E-01  1.177E-01  1.272E-01
 -1.4922250E+04  1.551E-01  9.590E-02  7.257E-02
 -1.4921750E+04  2.033E-01  1.183E-01  9.649E-02
 -1.4921250E+04  2.675E-01  1.597E-01  1.266E-01
 -1.4920750E+04  2.044E-01  1.301E-01  7.155E-02
 -1.4920250E+04  1.413E-01  6.827E-02  1.108E-01
 -1.4919750E+04  2.123E-01  1.250E-01  1.230E-01
 -1.4919250E+04  2.264E-01  1.359E-01  1.053E-01
 -1.4918750E+04  2.336E-01  1.412E-01  1.081E-01
 -1.4918250E+04  1.811E-01  1.139E-01  8.440E-02
 -1.4917750E+04  1.945E-01  1.071E-01  1.061E-01
 -1.4917250E+04  1.677E-01  1.092E-01  6.198E-02
 -1.4916750E+04  1.798E-01  8.603E-02  1.281E-01
 -1.4916250E+04  2.266E-01  1.467E-01  8.713E-02
 -1.4915750E+04  1.721E-01  1.033E-01  7.459E-02
 -1.4915250E+04  1.910E-01  1.281E-01  5.719E-02
 -1.4914750E+04  1.342E-01  6.774E-02  1.059E-01
 -1.4914250E+04  1.270E-01  6.612E-02  9.131E-02
 -1.4913750E+04  2.108E-01  1.054E-01  1.444E-01
 -1.4913250E+04  2.351E-01  1.491E-01  9.165E-02
 -1.4912750E+04  2.169E-01  1.431E-01  8.306E-02
 -1.4912250E+04  1.305E-01  7.436E-02  8.685E-02
 -1.4911750E+04  1.532E-01  8.824E-02  9.354E-02
 -1.4911250E+04  1.721E-01  1.329E-01  1.005E-02
 -1.4910750E+04  1.743E-01  8.749E-02  1.070E-01
 -1.4910250E+04  1.638E-01  1.011E-01  8.779E-02
 -1.4909750E+04  1.687E-01  7.957E-02  1.263E-01
 -1.4909250E+04  1.879E-01  1.123E-01  8.120E-02
 -1.4908750E+04  2.081E-01  1.487E-01  6.747E-02
 -1.4908250E+04  1.970E-01  9.046E-02  1.432E-01
 -1.4907750E+04  1.555E-01  8.169E-02  9.265E-02
 -1.4907250E+04  1.704E-01  9.188E-02  1.015E-01
 -1.4906750E+04  1.740E-01  1.113E-01  9.468E-02
 -1.4906250E+04  1.755E-01  1.184E-01  8.459E-02
 -1.4905750E+04  2.013E-01  1.156E-01  1.018E-01
 -1.4905250E+04  1.836E-01  1.110E-01  8.551E-02
 -1.4904750E+04  1.844E-01  1.054E-01  9.604E-02
 -1.4904250E+04  1.977E-01  1.061E-01  1.208E-01
 -1.4903750E+04  1.891E-01  1.041E-01  9.970E-02
 -1.4903250E+04  1.793E-01  8.321E-02  1.511E-01
 -1.4902750E+04  1.966E-01  9.850E-02  1.298E-01
 -1.4902250E+04  1.547E-01  9.278E-02  6.153E-02
 -1.4901750E+04  1.687E-01  1.171E-01  4.279E-02
 -1.4901250E+04  2.222E-01  1.382E-01  5.882E-02
 -1.4900750E+04  1.360E-01  5.027E-02  1.269E-01
 -1.4900250E+04  1.682E-01  9.633E-02  9.274E-02
 -1.4899750E+04  1.481E-01  1.013E-01  6.575E-02
 -1.4899250E+04  1.476E-01  9.950E-02  6.357E-02
 -1.4898750E+04  1.573E-01  8.411E-02  7.945E-02
 -1.4898250E+04  1.910E-01  8.658E-02  1.451E-01
 -1.4897750E+04  1.277E-01  6.964E-02  7.791E-02
 -1.4897250E+04  1.671E-01  9.304E-02  9.934E-02
 -1.4896750E+04  1.570E-01  1.017E-01  5.818E-02
 -1.4896250E+04  1.542E-01  8.650E-02  8.572E-02
 -1.4895750E+04  1.889E-01  1.121E-01  1.005E-01
 -1.4895250E+04  2.161E-01  1.257E-01  1.007E-01
 -1.4894750E+04  1.774E-01  1.031E-01  8.867E-02
 -1.4894250E+04  1.619E-01  9.769E-02  8.542E-02
 -1.4893750E+04  1.686E-01  7.214E-02  1.404E-01
 -1.4893250E+04  2.255E-01  1.308E-01  1.086E-01
 -1.4892750E+04  1.846E-01  1.297E-01  6.051E-02
 -1.4892250E+04  1.181E-01  8.036E-02  4.366E-02
 -1.4891750E+04  1.133E-01  6.875E-02  4.850E-02
 -1.4891250E+04  1.454E-01  8.887E-02  7.044E-02
 -1.4890750E+04  1.489E-01  9.629E-02  6.004E-02
 -1.4890250E+04  1.458E-01  1.020E-01  5.094E-02
 -1.4889750E+04  1.467E-01  8.224E-02  7.984E-02
 -1.4889250E+04  1.616E-01  9.348E-02  7.500E-02
 -1.4888750E+04  1.529E-01  9.892E-02  6.176E-02
 -1.4888250E+04  2.061E-01  1.268E-01  8.202E-02
 -1.4887750E+04  1.651E-01  1.051E-01  6.162E-02
 -1.4887250E+04  1.404E-01  1.014E-01  3.881E-02
 -1.4886750E+04  1.581E-01  8.447E-02  1.052E-01
 -1.4886250E+04  1.126E-01  4.050E-02  1.205E-01
 -1.4885750E+04  1.600E-01  7.387E-02  1.217E-01
 -1.4885250E+04  1.634E-01  9.743E-02  7.171E-02
 -1.4884750E+04  1.320E-01  5.571E-02  1.173E-01
 -1.4884250E+04  1.203E-01  6.013E-02  9.963E-02
 -1.4883750E+04  1.583E-01  6.784E-02  1.341E-01
 -1.4883250E+04  1.602E-01  1.105E-01  5.454E-02
 -1.4882750E+04  1.736E-01  1.181E-01  5.915E-02
 -1.4882250E+04  1.578E-01  1.023E-01  6.099E-02
 -1.4881750E+04  1.150E-01  7.111E-02  6.136E-02
 -1.4881250E+04  1.116E-01  6.062E-02  7.748E-02
 -1.4880750E+04  1.796E-01  9.287E-02  1.239E-01
 -1.4880250E+04  1.926E-01  1.131E-01  9.770E-02
 -1.4879750E+04  1.942E-01  1.119E-01  1.009E-01
 -1.4879250E+04  1.218E-01  7.859E-02  5.733E-02
 -1.4878750E+04  1.116E-01  7.999E-02  2.718E-02
 -1.4878250E+04  1.214E-01  6.618E-02  7.064E-02
 -1.4877750E+04  1.452E-01  8.444E-02  6.944E-02
 -1.4877250E+04  1.838E-01  1.090E-01  8.652E-02
 -1.4876750E+04  1.809E-01  1.131E-01  8.486E-02
 -1.4876250E+04  1.406E-01  8.932E-02  4.999E-02
 -1.4875750E+04  1.519E-01  8.604E-02  8.128E-02
 -1.4875250E+04  1.568E-01  8.545E-02  8.811E-02
 -1.4874750E+04  1.143E-01  6.808E-02  4.754E-02
 -1.4874250E+04  1.370E-01  1.067E-01  6.481E-03
 -1.4873750E+04  1.281E-01  7.140E-02  7.861E-02
 -1.4873250E+04  1.425E-01  5.483E-02  1.184E-01
 -1.4872750E+04  1.320E-01  9.257E-02  5.824E-02
 -1.4872250E+04  1.453E-01  8.598E-02  9.090E-02
 -1.4871750E+04  1.587E-01  8.271E-02  1.011E-01
 -1.4871250E+04  2.118E-01  1.667E-01  2.892E-02
 -1.4870750E+04  1.608E-01  1.019E-01  7.336E-02
 -1.4870250E+04  1.227E-01  6.868E-02  6.852E-02
 -1.4869750E+04  1.524E-01  8.284E-02  7.912E-02
 -1.4869250E+04  1.331E-01  6.093E-02  1.050E-01
 -1.4868750E+04  1.322E-01  6.582E-02  9.844E-02
 -1.4868250E+04  1.222E-01  6.035E-02  1.013E-01
 -1.4867750E+04  1.655E-01  1.055E-01  5.635E-02
 -1.4867250E+04  1.201E-01  7.568E-02  4.674E-02
 -1.4866750E+04  1.404E-01  9.961E-02  2.743E-02
 -1.4866250E+04  1.482E-01  9.514E-02  5.521E-02
 -1.4865750E+04  1.187E-01  4.833E-02  1.135E-01
 -1.4865250E+04  1.324E-01  4.207E-02  1.407E-01
 -1.4864750E+04  1.135E-01  8.564E-02  2.167E-02
 -1.4864250E+04  1.267E-01  8.084E-02  4.094E-02
 -1.4863750E+04  1.420E-01  6.702E-02  8.505E-02
 -1.4863250E+04  1.539E-01  7.676E-02  1.056E-01
 -1.4862750E+04  1.392E-01  7.700E-02  9.845E-02
 -1.4862250E+04  1.197E-01  7.535E-02  5.490E-02
 -1.4861750E+04  1.302E-01  4.984E-02  1.343E-01
 -1.4861250E+04  1.720E-01  1.132E-01  6.959E-02
 -1.4860750E+04  1.579E-01  1.034E-01  6.023E-02
 -1.4860250E+04  1.058E-01  6.953E-02  3.831E-02
 -1.4859750E+04  1.270E-01  6.418E-02  7.349E-02
 -1.4859250E+04  1.493E-01  8.432E-02  5.970E-02
 -1.4858750E+04  1.660E-01  8.248E-02  1.071E-01
 -1.4858250E+04  1.787E-01  1.049E-01  8.886E-02
 -1.4857750E+04  1.413E-01  6.378E-02  1.109E-01
 -1.4857250E+04  1.104E-01  5.939E-02  5.786E-02
 -1.4856750E+04  1.258E-01  7.283E-02  6.777E-02
 -1.4856250E+04  1.213E-01  7.591E-02  6.695E-02
 -1.4855750E+04  1.213E-01  7.272E-02  7.239E-02
 -1.4855250E+04  1.091E-01  6.126E-02  7.892E-02
 -1.4854750E+04  1.101E-01  7.396E-02  3.645E-02
 -1.4854250E+04  1.143E-01  5.209E-02  7.518E-02
 -1.4853750E+04  1.448E-01  6.904E-02  1.054E-01
 -1.4853250E+04  1.644E-01  1.130E-01  6.126E-02
 -1.4852750E+04  1.033E-01  7.955E-02  3.622E-02
 -1.4852250E+04  1.017E-01  4.610E-02  6.286E-02
 -1.4851750E+04  1.024E-01  6.201E-02  6.008E-02
 -1.4851250E+04  1.366E-01  8.739E-02  6.400E-02
 -1.4850750E+04  1.359E-01  7.031E-02  8.779E-02
 -1.4850250E+04  9.684E-02  3.433E-02  9.411E-02
 -1.4849750E+04  1.250E-01  6.735E-02  8.195E-02
 -1.4849250E+04  1.254E-01  7.465E-02  6.037E-02
 -1.4848750E+04  1.476E-01  8.585E-02  6.229E-02
 -1.4848250E+04  1.408E-01  8.341E-02  8.217E-02
 -1.4847750E+04  1.323E-01  9.512E-02  2.749E-02
 -1.4847250E+04  1.214E-01  7.121E-02  5.855E-02
 -1.4846750E+04  1.381E-01  7.329E-02  7.846E-02
 -1.4846250E+04  9.173E-02  5.580E-02  3.903E-02
 -1.4845750E+04  7.790E-02  3.376E-02  6.896E-02
