 -1.1904750E+04 -0.000E+00 -0.000E+00  0.000E+00
 -1.1904250E+04 -0.000E+00 -0.000E+00  0.000E+00
 -1.1903750E+04 -0.000E+00 -0.000E+00  0.000E+00
 -1.1903250E+04 -0.000E+00 -0.000E+00  0.000E+00
 -1.1902750E+04 -0.000E+00 -0.000E+00  0.000E+00
 -1.1902250E+04 -0.000E+00 -0.000E+00  0.000E+00
 -1.1901750E+04 -0.000E+00 -0.000E+00  0.000E+00
 -1.1901250E+04 -0.000E+00 -0.000E+00  0.000E+00
 -1.1900750E+04 -0.000E+00 -0.000E+00  0.000E+00
 -1.1900250E+04 -0.000E+00 -0.000E+00  0.000E+00
 -1.1899750E+04 -0.000E+00 -0.000E+00  0.000E+00
 -1.1899250E+04 -0.000E+00 -0.000E+00  0.000E+00
 -1.1898750E+04 -0.000E+00 -0.000E+00  0.000E+00
 -1.1898250E+04 -0.000E+00 -0.000E+00  0.000E+00
 -1.1897750E+04 -0.000E+00 -0.000E+00  0.000E+00
 -1.1897250E+04 -0.000E+00 -0.000E+00  0.000E+00
 -1.1896750E+04 -0.000E+00 -0.000E+00  0.000E+00
 -1.1896250E+04 -0.000E+00 -0.000E+00  0.000E+00
 -1.1895750E+04 -0.000E+00 -0.000E+00  0.000E+00
 -1.1895250E+04 -0.000E+00 -0.000E+00  0.000E+00
 -1.1894750E+04 -0.000E+00 -0.000E+00  0.000E+00
 -1.1894250E+04 -0.000E+00 -0.000E+00  0.000E+00
 -1.1893750E+04 -0.000E+00 -0.000E+00  0.000E+00
 -1.1893250E+04 -0.000E+00 -0.000E+00  0.000E+00
 -1.1892750E+04 -0.000E+00 -0.000E+00  0.000E+00
 -1.1892250E+04 -0.000E+00 -0.000E+00  0.000E+00
 -1.1891750E+04 -0.000E+00 -0.000E+00  0.000E+00
 -1.1891250E+04 -0.000E+00 -0.000E+00  0.000E+00
 -1.1890750E+04 -0.000E+00 -0.000E+00  0.000E+00
 -1.1890250E+04 -0.000E+00 -0.000E+00  0.000E+00
 -1.1889750E+04 -0.000E+00 -0.000E+00  0.000E+00
 -1.1889250E+04 -0.000E+00 -0.000E+00  0.000E+00
 -1.1888750E+04 -0.000E+00 -0.000E+00  0.000E+00
 -1.1888250E+04 -0.000E+00 -0.000E+00  0.000E+00
 -1.1887750E+04 -0.000E+00 -0.000E+00  0.000E+00
 -1.1887250E+04 -0.000E+00 -0.000E+00  0.000E+00
 -1.1886750E+04 -0.000E+00 -0.000E+00  0.000E+00
 -1.1886250E+04 -0.000E+00 -0.000E+00  0.000E+00
 -1.1885750E+04 -0.000E+00 -0.000E+00  0.000E+00
 -1.1885250E+04 -0.000E+00 -0.000E+00  0.000E+00
 -1.1884750E+04 -0.000E+00 -0.000E+00  0.000E+00
 -1.1884250E+04 -0.000E+00 -0.000E+00  0.000E+00
 -1.1883750E+04 -0.000E+00 -0.000E+00  0.000E+00
 -1.1883250E+04 -0.000E+00 -0.000E+00  0.000E+00
 -1.1882750E+04 -0.000E+00 -0.000E+00  0.000E+00
 -1.1882250E+04 -0.000E+00 -0.000E+00  0.000E+00
 -1.1881750E+04 -0.000E+00 -0.000E+00  0.000E+00
 -1.1881250E+04 -0.000E+00 -0.000E+00  0.000E+00
 -1.1880750E+04 -0.000E+00 -0.000E+00  0.000E+00
 -1.1880250E+04 -0.000E+00 -0.000E+00  0.000E+00
 -1.1879750E+04 -0.000E+00 -0.000E+00  0.000E+00
 -1.1879250E+04 -0.000E+00 -0.000E+00  0.000E+00
 -1.1878750E+04 -0.000E+00 -0.000E+00  0.000E+00
 -1.1878250E+04 -0.000E+00 -0.000E+00  0.000E+00
 -1.1877750E+04 -0.000E+00 -0.000E+00  0.000E+00
 -1.1877250E+04 -0.000E+00 -0.000E+00  0.000E+00
 -1.1876750E+04 -0.000E+00 -0.000E+00  0.000E+00
 -1.1876250E+04 -0.000E+00 -0.000E+00  0.000E+00
 -1.1875750E+04 -0.000E+00 -0.000E+00  0.000E+00
 -1.1875250E+04 -0.000E+00 -0.000E+00  0.000E+00
 -1.1874750E+04 -0.000E+00 -0.000E+00  0.000E+00
 -1.1874250E+04 -0.000E+00 -0.000E+00  0.000E+00
 -1.1873750E+04 -0.000E+00 -0.000E+00  0.000E+00
 -1.1873250E+04 -0.000E+00 -0.000E+00  0.000E+00
 -1.1872750E+04 -0.000E+00 -0.000E+00  0.000E+00
 -1.1872250E+04 -0.000E+00 -0.000E+00  0.000E+00
 -1.1871750E+04 -0.000E+00 -0.000E+00  0.000E+00
 -1.1871250E+04 -0.000E+00 -0.000E+00  0.000E+00
 -1.1870750E+04 -0.000E+00 -0.000E+00  0.000E+00
 -1.1870250E+04 -0.000E+00 -0.000E+00  0.000E+00
 -1.1869750E+04 -0.000E+00 -0.000E+00  0.000E+00
 -1.1869250E+04 -0.000E+00 -0.000E+00  0.000E+00
 -1.1868750E+04 -0.000E+00 -0.000E+00  0.000E+00
 -1.1868250E+04 -0.000E+00 -0.000E+00  0.000E+00
 -1.1867750E+04 -0.000E+00 -0.000E+00  0.000E+00
 -1.1867250E+04 -0.000E+00 -0.000E+00  0.000E+00
 -1.1866750E+04 -0.000E+00 -0.000E+00  0.000E+00
 -1.1866250E+04 -0.000E+00 -0.000E+00  0.000E+00
 -1.1865750E+04 -0.000E+00 -0.000E+00  0.000E+00
 -1.1865250E+04 -0.000E+00 -0.000E+00  0.000E+00
 -1.1864750E+04 -0.000E+00 -0.000E+00  0.000E+00
 -1.1864250E+04 -0.000E+00 -0.000E+00  0.000E+00
 -1.1863750E+04 -0.000E+00 -0.000E+00  0.000E+00
 -1.1863250E+04 -0.000E+00 -0.000E+00  0.000E+00
 -1.1862750E+04 -0.000E+00 -0.000E+00  0.000E+00
 -1.1862250E+04 -0.000E+00 -0.000E+00  0.000E+00
 -1.1861750E+04 -0.000E+00 -0.000E+00  0.000E+00
 -1.1861250E+04 -0.000E+00 -0.000E+00  0.000E+00
 -1.1860750E+04 -0.000E+00 -0.000E+00  0.000E+00
 -1.1860250E+04 -0.000E+00 -0.000E+00  0.000E+00
 -1.1859750E+04 -0.000E+00 -0.000E+00  0.000E+00
 -1.1859250E+04 -0.000E+00 -0.000E+00  0.000E+00
 -1.1858750E+04 -0.000E+00 -0.000E+00  0.000E+00
 -1.1858250E+04 -0.000E+00 -0.000E+00  0.000E+00
 -1.1857750E+04 -0.000E+00 -0.000E+00  0.000E+00
 -1.1857250E+04 -0.000E+00 -0.000E+00  0.000E+00
 -1.1856750E+04 -0.000E+00 -0.000E+00  0.000E+00
 -1.1856250E+04 -0.000E+00 -0.000E+00  0.000E+00
 -1.1855750E+04 -0.000E+00 -0.000E+00  0.000E+00
 -1.1855250E+04 -0.000E+00 -0.000E+00  0.000E+00
 -1.1854750E+04 -0.000E+00 -0.000E+00  0.000E+00
 -1.1854250E+04 -0.000E+00 -0.000E+00  0.000E+00
 -1.1853750E+04 -0.000E+00 -0.000E+00  0.000E+00
 -1.1853250E+04 -0.000E+00 -0.000E+00  0.000E+00
 -1.1852750E+04 -0.000E+00 -0.000E+00  0.000E+00
 -1.1852250E+04 -0.000E+00 -0.000E+00  0.000E+00
 -1.1851750E+04 -0.000E+00 -0.000E+00  0.000E+00
 -1.1851250E+04 -0.000E+00 -0.000E+00  0.000E+00
 -1.1850750E+04 -0.000E+00 -0.000E+00  0.000E+00
 -1.1850250E+04 -0.000E+00 -0.000E+00  0.000E+00
 -1.1849750E+04 -0.000E+00 -0.000E+00  0.000E+00
 -1.1849250E+04 -0.000E+00 -0.000E+00  0.000E+00
 -1.1848750E+04 -0.000E+00 -0.000E+00  0.000E+00
 -1.1848250E+04 -0.000E+00 -0.000E+00  0.000E+00
 -1.1847750E+04 -0.000E+00 -0.000E+00  0.000E+00
 -1.1847250E+04 -0.000E+00 -0.000E+00  0.000E+00
 -1.1846750E+04 -0.000E+00 -0.000E+00  0.000E+00
 -1.1846250E+04 -0.000E+00 -0.000E+00  0.000E+00
 -1.1845750E+04 -0.000E+00 -0.000E+00  0.000E+00
 -1.1845250E+04 -0.000E+00 -0.000E+00  0.000E+00
 -1.1844750E+04 -0.000E+00 -0.000E+00  0.000E+00
 -1.1844250E+04 -0.000E+00 -0.000E+00  0.000E+00
 -1.1843750E+04 -0.000E+00 -0.000E+00  0.000E+00
 -1.1843250E+04 -0.000E+00 -0.000E+00  0.000E+00
 -1.1842750E+04 -0.000E+00 -0.000E+00  0.000E+00
 -1.1842250E+04 -0.000E+00 -0.000E+00  0.000E+00
 -1.1841750E+04 -0.000E+00 -0.000E+00  0.000E+00
 -1.1841250E+04 -0.000E+00 -0.000E+00  0.000E+00
 -1.1840750E+04 -0.000E+00 -0.000E+00  0.000E+00
 -1.1840250E+04 -0.000E+00 -0.000E+00  0.000E+00
 -1.1839750E+04 -0.000E+00 -0.000E+00  0.000E+00
 -1.1839250E+04 -0.000E+00 -0.000E+00  0.000E+00
 -1.1838750E+04 -0.000E+00 -0.000E+00  0.000E+00
 -1.1838250E+04 -0.000E+00 -0.000E+00  0.000E+00
 -1.1837750E+04 -0.000E+00 -0.000E+00  0.000E+00
 -1.1837250E+04 -0.000E+00 -0.000E+00  0.000E+00
 -1.1836750E+04 -0.000E+00 -0.000E+00  0.000E+00
 -1.1836250E+04 -0.000E+00 -0.000E+00  0.000E+00
 -1.1835750E+04 -0.000E+00 -0.000E+00  0.000E+00
 -1.1835250E+04 -0.000E+00 -0.000E+00  0.000E+00
 -1.1834750E+04 -0.000E+00 -0.000E+00  0.000E+00
 -1.1834250E+04 -0.000E+00 -0.000E+00  0.000E+00
 -1.1833750E+04 -0.000E+00 -0.000E+00  0.000E+00
 -1.1833250E+04 -0.000E+00 -0.000E+00  0.000E+00
 -1.1832750E+04 -0.000E+00 -0.000E+00  0.000E+00
 -1.1832250E+04 -0.000E+00 -0.000E+00  0.000E+00
 -1.1831750E+04 -0.000E+00 -0.000E+00  0.000E+00
 -1.1831250E+04 -0.000E+00 -0.000E+00  0.000E+00
 -1.1830750E+04 -0.000E+00 -0.000E+00  0.000E+00
 -1.1830250E+04 -0.000E+00 -0.000E+00  0.000E+00
 -1.1829750E+04 -0.000E+00 -0.000E+00  0.000E+00
 -1.1829250E+04 -0.000E+00 -0.000E+00  0.000E+00
 -1.1828750E+04 -0.000E+00 -0.000E+00  0.000E+00
 -1.1828250E+04 -0.000E+00 -0.000E+00  0.000E+00
 -1.1827750E+04 -0.000E+00 -0.000E+00  0.000E+00
 -1.1827250E+04 -0.000E+00 -0.000E+00  0.000E+00
 -1.1826750E+04 -0.000E+00 -0.000E+00  0.000E+00
 -1.1826250E+04 -0.000E+00 -0.000E+00  0.000E+00
 -1.1825750E+04 -0.000E+00 -0.000E+00  0.000E+00
 -1.1825250E+04 -0.000E+00 -0.000E+00  0.000E+00
 -1.1824750E+04 -0.000E+00 -0.000E+00  0.000E+00
 -1.1824250E+04 -0.000E+00 -0.000E+00  0.000E+00
 -1.1823750E+04 -0.000E+00 -0.000E+00  0.000E+00
 -1.1823250E+04 -0.000E+00 -0.000E+00  0.000E+00
 -1.1822750E+04 -0.000E+00 -0.000E+00  0.000E+00
 -1.1822250E+04 -0.000E+00 -0.000E+00  0.000E+00
 -1.1821750E+04 -0.000E+00 -0.000E+00  0.000E+00
 -1.1821250E+04 -0.000E+00 -0.000E+00  0.000E+00
 -1.1820750E+04 -0.000E+00 -0.000E+00  0.000E+00
 -1.1820250E+04 -0.000E+00 -0.000E+00  0.000E+00
 -1.1819750E+04 -0.000E+00 -0.000E+00  0.000E+00
 -1.1819250E+04 -0.000E+00 -0.000E+00  0.000E+00
 -1.1818750E+04 -0.000E+00 -0.000E+00  0.000E+00
 -1.1818250E+04 -0.000E+00 -0.000E+00  0.000E+00
 -1.1817750E+04 -0.000E+00 -0.000E+00  0.000E+00
 -1.1817250E+04 -0.000E+00 -0.000E+00  0.000E+00
 -1.1816750E+04 -0.000E+00 -0.000E+00  0.000E+00
 -1.1816250E+04 -0.000E+00 -0.000E+00  0.000E+00
 -1.1815750E+04 -0.000E+00 -0.000E+00  0.000E+00
 -1.1815250E+04 -0.000E+00 -0.000E+00  0.000E+00
 -1.1814750E+04 -0.000E+00 -0.000E+00  0.000E+00
 -1.1814250E+04 -0.000E+00 -0.000E+00  0.000E+00
 -1.1813750E+04 -0.000E+00 -0.000E+00  0.000E+00
 -1.1813250E+04 -0.000E+00 -0.000E+00  0.000E+00
 -1.1812750E+04 -0.000E+00 -0.000E+00  0.000E+00
 -1.1812250E+04 -0.000E+00 -0.000E+00  0.000E+00
 -1.1811750E+04 -0.000E+00 -0.000E+00  0.000E+00
 -1.1811250E+04 -0.000E+00 -0.000E+00  0.000E+00
 -1.1810750E+04 -0.000E+00 -0.000E+00  0.000E+00
 -1.1810250E+04 -0.000E+00 -0.000E+00  0.000E+00
 -1.1809750E+04 -0.000E+00 -0.000E+00  0.000E+00
 -1.1809250E+04 -0.000E+00 -0.000E+00  0.000E+00
 -1.1808750E+04 -0.000E+00 -0.000E+00  0.000E+00
 -1.1808250E+04 -0.000E+00 -0.000E+00  0.000E+00
 -1.1807750E+04 -0.000E+00 -0.000E+00  0.000E+00
 -1.1807250E+04 -0.000E+00 -0.000E+00  0.000E+00
 -1.1806750E+04 -0.000E+00 -0.000E+00  0.000E+00
 -1.1806250E+04 -0.000E+00 -0.000E+00  0.000E+00
 -1.1805750E+04 -0.000E+00 -0.000E+00  0.000E+00
 -1.1805250E+04 -0.000E+00 -0.000E+00  0.000E+00
 -1.1804750E+04 -0.000E+00 -0.000E+00  0.000E+00
 -1.1804250E+04 -0.000E+00 -0.000E+00  0.000E+00
 -1.1803750E+04 -0.000E+00 -0.000E+00  0.000E+00
 -1.1803250E+04 -0.000E+00 -0.000E+00  0.000E+00
 -1.1802750E+04 -0.000E+00 -0.000E+00  0.000E+00
 -1.1802250E+04 -0.000E+00 -0.000E+00  0.000E+00
 -1.1801750E+04 -0.000E+00 -0.000E+00  0.000E+00
 -1.1801250E+04 -0.000E+00 -0.000E+00  0.000E+00
 -1.1800750E+04 -0.000E+00 -0.000E+00  0.000E+00
 -1.1800250E+04 -0.000E+00 -0.000E+00  0.000E+00
 -1.1799750E+04 -0.000E+00 -0.000E+00  0.000E+00
 -1.1799250E+04 -0.000E+00 -0.000E+00  0.000E+00
 -1.1798750E+04 -0.000E+00 -0.000E+00  0.000E+00
 -1.1798250E+04 -0.000E+00 -0.000E+00  0.000E+00
 -1.1797750E+04 -0.000E+00 -0.000E+00  0.000E+00
 -1.1797250E+04 -0.000E+00 -0.000E+00  0.000E+00
 -1.1796750E+04 -0.000E+00 -0.000E+00  0.000E+00
 -1.1796250E+04 -0.000E+00 -0.000E+00  0.000E+00
 -1.1795750E+04 -0.000E+00 -0.000E+00  0.000E+00
 -1.1795250E+04 -0.000E+00 -0.000E+00  0.000E+00
 -1.1794750E+04 -0.000E+00 -0.000E+00  0.000E+00
 -1.1794250E+04 -0.000E+00 -0.000E+00  0.000E+00
 -1.1793750E+04 -0.000E+00 -0.000E+00  0.000E+00
 -1.1793250E+04 -0.000E+00 -0.000E+00  0.000E+00
 -1.1792750E+04 -0.000E+00 -0.000E+00  0.000E+00
 -1.1792250E+04 -0.000E+00 -0.000E+00  0.000E+00
 -1.1791750E+04 -0.000E+00 -0.000E+00  0.000E+00
 -1.1791250E+04 -0.000E+00 -0.000E+00  0.000E+00
 -1.1790750E+04 -0.000E+00 -0.000E+00  0.000E+00
 -1.1790250E+04 -0.000E+00 -0.000E+00  0.000E+00
 -1.1789750E+04 -0.000E+00 -0.000E+00  0.000E+00
 -1.1789250E+04 -0.000E+00 -0.000E+00  0.000E+00
 -1.1788750E+04  5.934E-06  7.273E-06 -6.838E-06
 -1.1788250E+04  1.546E-05  1.933E-05 -1.884E-05
 -1.1787750E+04  3.057E-05  3.798E-05 -3.652E-05
 -1.1787250E+04 -2.509E-05 -2.829E-05  2.209E-05
 -1.1786750E+04  8.625E-05  1.381E-04 -1.877E-04
 -1.1786250E+04  2.081E-04  3.399E-04 -4.711E-04
 -1.1785750E+04 -9.730E-05 -3.786E-05 -1.113E-04
 -1.1785250E+04 -4.189E-04 -4.107E-04  1.975E-04
 -1.1784750E+04 -9.079E-04 -7.703E-04  9.821E-05
 -1.1784250E+04 -1.356E-03 -1.068E-03 -8.036E-05
 -1.1783750E+04 -1.526E-03 -1.108E-03 -3.535E-04
 -1.1783250E+04  6.556E-05  4.951E-04 -1.209E-03
 -1.1782750E+04 -5.984E-04 -1.088E-04 -1.028E-03
 -1.1782250E+04 -1.511E-03 -1.237E-03  2.767E-05
 -1.1781750E+04 -4.944E-03 -2.021E-03 -5.409E-03
 -1.1781250E+04 -9.914E-04 -1.109E-03  8.308E-04
 -1.1780750E+04 -7.438E-03 -1.794E-03 -1.156E-02
 -1.1780250E+04 -7.553E-03 -6.186E-03  1.438E-04
 -1.1779750E+04 -1.263E-02 -8.504E-03 -4.816E-03
 -1.1779250E+04 -1.239E-02 -1.070E-02  1.716E-03
 -1.1778750E+04 -7.005E-03 -1.427E-03 -1.160E-02
 -1.1778250E+04 -2.094E-03  2.314E-03 -1.092E-02
 -1.1777750E+04 -1.850E-02 -1.008E-02 -1.350E-02
 -1.1777250E+04 -1.739E-02 -9.778E-03 -1.180E-02
 -1.1776750E+04 -1.222E-02 -1.012E-02  4.902E-04
 -1.1776250E+04 -2.523E-02 -1.267E-02 -2.131E-02
 -1.1775750E+04 -2.385E-02 -1.184E-02 -2.053E-02
 -1.1775250E+04 -3.309E-02 -2.246E-02 -1.216E-02
 -1.1774750E+04 -3.812E-02 -2.365E-02 -2.009E-02
 -1.1774250E+04 -5.811E-02 -3.105E-02 -4.401E-02
 -1.1773750E+04 -5.196E-02 -2.271E-02 -5.319E-02
 -1.1773250E+04 -4.456E-02 -2.840E-02 -2.136E-02
 -1.1772750E+04 -5.490E-02 -3.058E-02 -3.825E-02
 -1.1772250E+04 -6.176E-02 -3.558E-02 -3.991E-02
 -1.1771750E+04 -6.979E-02 -4.297E-02 -3.766E-02
 -1.1771250E+04 -7.986E-02 -4.576E-02 -5.218E-02
 -1.1770750E+04 -8.333E-02 -5.018E-02 -4.804E-02
 -1.1770250E+04 -9.784E-02 -5.477E-02 -6.759E-02
 -1.1769750E+04 -1.214E-01 -6.841E-02 -8.271E-02
 -1.1769250E+04 -1.065E-01 -5.816E-02 -7.755E-02
 -1.1768750E+04 -1.286E-01 -7.722E-02 -7.499E-02
 -1.1768250E+04 -1.334E-01 -8.027E-02 -7.730E-02
 -1.1767750E+04 -1.787E-01 -9.034E-02 -1.497E-01
 -1.1767250E+04 -1.852E-01 -1.146E-01 -9.907E-02
 -1.1766750E+04 -2.050E-01 -1.390E-01 -7.732E-02
 -1.1766250E+04 -2.232E-01 -1.334E-01 -1.323E-01
 -1.1765750E+04 -2.195E-01 -1.333E-01 -1.246E-01
 -1.1765250E+04 -2.738E-01 -1.526E-01 -1.915E-01
 -1.1764750E+04 -3.514E-01 -2.052E-01 -2.217E-01
 -1.1764250E+04 -3.550E-01 -2.156E-01 -2.014E-01
 -1.1763750E+04 -4.686E-01 -2.879E-01 -2.572E-01
 -1.1763250E+04 -2.802E-01 -1.414E-01 -2.365E-01
 -1.1762750E+04 -3.550E-01 -2.061E-01 -2.276E-01
 -1.1762250E+04 -4.655E-01 -2.810E-01 -2.697E-01
 -1.1761750E+04 -4.960E-01 -3.067E-01 -2.679E-01
 -1.1761250E+04 -5.737E-01 -3.630E-01 -2.881E-01
 -1.1760750E+04 -6.127E-01 -3.977E-01 -2.815E-01
 -1.1760250E+04 -6.352E-01 -3.807E-01 -3.766E-01
 -1.1759750E+04 -6.956E-01 -4.016E-01 -4.533E-01
 -1.1759250E+04 -8.155E-01 -4.994E-01 -4.555E-01
 -1.1758750E+04 -7.745E-01 -4.858E-01 -4.019E-01
 -1.1758250E+04 -9.084E-01 -5.575E-01 -5.057E-01
 -1.1757750E+04 -9.356E-01 -5.545E-01 -5.728E-01
 -1.1757250E+04 -9.829E-01 -6.236E-01 -4.927E-01
 -1.1756750E+04 -1.016E+00 -5.936E-01 -6.467E-01
 -1.1756250E+04 -1.205E+00 -7.541E-01 -6.325E-01
 -1.1755750E+04 -1.240E+00 -7.445E-01 -7.345E-01
 -1.1755250E+04 -1.207E+00 -7.454E-01 -6.618E-01
 -1.1754750E+04 -1.259E+00 -6.928E-01 -9.138E-01
 -1.1754250E+04 -1.344E+00 -7.949E-01 -8.305E-01
 -1.1753750E+04 -1.321E+00 -8.253E-01 -6.995E-01
 -1.1753250E+04 -1.516E+00 -9.226E-01 -8.687E-01
 -1.1752750E+04 -1.657E+00 -1.008E+00 -9.539E-01
 -1.1752250E+04 -1.983E+00 -1.256E+00 -1.007E+00
 -1.1751750E+04 -1.783E+00 -1.104E+00 -9.756E-01
 -1.1751250E+04 -1.859E+00 -1.124E+00 -1.089E+00
 -1.1750750E+04 -2.049E+00 -1.225E+00 -1.236E+00
 -1.1750250E+04 -2.202E+00 -1.296E+00 -1.383E+00
 -1.1749750E+04 -2.272E+00 -1.382E+00 -1.311E+00
 -1.1749250E+04 -2.377E+00 -1.512E+00 -1.200E+00
 -1.1748750E+04 -2.350E+00 -1.441E+00 -1.326E+00
 -1.1748250E+04 -2.322E+00 -1.462E+00 -1.214E+00
 -1.1747750E+04 -2.749E+00 -1.793E+00 -1.273E+00
 -1.1747250E+04 -2.842E+00 -1.797E+00 -1.465E+00
 -1.1746750E+04 -2.828E+00 -1.751E+00 -1.558E+00
 -1.1746250E+04 -2.818E+00 -1.838E+00 -1.310E+00
 -1.1745750E+04 -3.098E+00 -1.928E+00 -1.681E+00
 -1.1745250E+04 -3.089E+00 -1.886E+00 -1.775E+00
 -1.1744750E+04 -3.122E+00 -1.950E+00 -1.679E+00
 -1.1744250E+04 -3.271E+00 -2.048E+00 -1.749E+00
 -1.1743750E+04 -3.415E+00 -2.181E+00 -1.715E+00
 -1.1743250E+04 -3.688E+00 -2.280E+00 -2.055E+00
 -1.1742750E+04 -3.354E+00 -2.027E+00 -1.990E+00
 -1.1742250E+04 -3.702E+00 -2.249E+00 -2.167E+00
 -1.1741750E+04 -3.720E+00 -2.424E+00 -1.753E+00
 -1.1741250E+04 -3.742E+00 -2.484E+00 -1.644E+00
 -1.1740750E+04 -3.825E+00 -2.332E+00 -2.219E+00
 -1.1740250E+04 -3.994E+00 -2.537E+00 -2.057E+00
 -1.1739750E+04 -3.973E+00 -2.420E+00 -2.317E+00
 -1.1739250E+04 -3.978E+00 -2.587E+00 -1.896E+00
 -1.1738750E+04 -4.430E+00 -2.923E+00 -2.004E+00
 -1.1738250E+04 -4.274E+00 -2.752E+00 -2.113E+00
 -1.1737750E+04 -4.187E+00 -2.676E+00 -2.124E+00
 -1.1737250E+04 -4.344E+00 -2.740E+00 -2.303E+00
 -1.1736750E+04 -4.342E+00 -2.791E+00 -2.164E+00
 -1.1736250E+04 -4.383E+00 -2.746E+00 -2.373E+00
 -1.1735750E+04 -4.563E+00 -2.933E+00 -2.281E+00
 -1.1735250E+04 -4.484E+00 -2.881E+00 -2.250E+00
 -1.1734750E+04 -4.785E+00 -3.098E+00 -2.339E+00
 -1.1734250E+04 -4.786E+00 -3.160E+00 -2.183E+00
 -1.1733750E+04 -4.635E+00 -2.948E+00 -2.407E+00
 -1.1733250E+04 -4.718E+00 -3.065E+00 -2.284E+00
 -1.1732750E+04 -4.688E+00 -3.027E+00 -2.323E+00
 -1.1732250E+04 -4.665E+00 -3.047E+00 -2.227E+00
 -1.1731750E+04 -5.134E+00 -3.348E+00 -2.465E+00
 -1.1731250E+04 -4.519E+00 -3.009E+00 -2.014E+00
 -1.1730750E+04 -4.793E+00 -3.040E+00 -2.525E+00
 -1.1730250E+04 -4.785E+00 -3.070E+00 -2.435E+00
 -1.1729750E+04 -4.841E+00 -3.068E+00 -2.567E+00
 -1.1729250E+04 -5.117E+00 -3.349E+00 -2.437E+00
 -1.1728750E+04 -5.130E+00 -3.379E+00 -2.391E+00
 -1.1728250E+04 -4.650E+00 -2.982E+00 -2.383E+00
 -1.1727750E+04 -5.289E+00 -3.462E+00 -2.524E+00
 -1.1727250E+04 -5.144E+00 -3.582E+00 -1.906E+00
 -1.1726750E+04 -4.500E+00 -2.969E+00 -2.097E+00
 -1.1726250E+04 -4.936E+00 -3.142E+00 -2.598E+00
 -1.1725750E+04 -5.099E+00 -3.297E+00 -2.548E+00
 -1.1725250E+04 -4.412E+00 -2.883E+00 -2.137E+00
 -1.1724750E+04 -5.022E+00 -3.361E+00 -2.227E+00
 -1.1724250E+04 -4.915E+00 -3.318E+00 -2.108E+00
 -1.1723750E+04 -4.567E+00 -2.930E+00 -2.355E+00
 -1.1723250E+04 -4.612E+00 -2.896E+00 -2.547E+00
 -1.1722750E+04 -4.865E+00 -3.261E+00 -2.160E+00
 -1.1722250E+04 -4.483E+00 -2.899E+00 -2.265E+00
 -1.1721750E+04 -5.006E+00 -3.358E+00 -2.218E+00
 -1.1721250E+04 -4.766E+00 -3.222E+00 -2.051E+00
 -1.1720750E+04 -4.844E+00 -3.234E+00 -2.194E+00
 -1.1720250E+04 -4.591E+00 -3.195E+00 -1.755E+00
 -1.1719750E+04 -4.457E+00 -2.887E+00 -2.255E+00
 -1.1719250E+04 -4.513E+00 -2.850E+00 -2.472E+00
 -1.1718750E+04 -4.317E+00 -2.945E+00 -1.806E+00
 -1.1718250E+04 -4.098E+00 -2.538E+00 -2.382E+00
 -1.1717750E+04 -4.357E+00 -2.799E+00 -2.269E+00
 -1.1717250E+04 -4.265E+00 -2.853E+00 -1.938E+00
 -1.1716750E+04 -4.241E+00 -2.827E+00 -1.960E+00
 -1.1716250E+04 -3.883E+00 -2.612E+00 -1.736E+00
 -1.1715750E+04 -4.038E+00 -2.674E+00 -1.914E+00
 -1.1715250E+04 -3.817E+00 -2.581E+00 -1.678E+00
 -1.1714750E+04 -4.050E+00 -2.757E+00 -1.731E+00
 -1.1714250E+04 -3.899E+00 -2.543E+00 -1.947E+00
 -1.1713750E+04 -4.120E+00 -2.765E+00 -1.872E+00
 -1.1713250E+04 -3.936E+00 -2.647E+00 -1.781E+00
 -1.1712750E+04 -3.621E+00 -2.539E+00 -1.378E+00
 -1.1712250E+04 -3.989E+00 -2.788E+00 -1.534E+00
 -1.1711750E+04 -3.520E+00 -2.295E+00 -1.780E+00
 -1.1711250E+04 -3.405E+00 -2.359E+00 -1.370E+00
 -1.1710750E+04 -3.360E+00 -2.277E+00 -1.494E+00
 -1.1710250E+04 -3.567E+00 -2.525E+00 -1.314E+00
 -1.1709750E+04 -3.143E+00 -2.012E+00 -1.700E+00
 -1.1709250E+04 -3.046E+00 -2.108E+00 -1.248E+00
 -1.1708750E+04 -2.717E+00 -1.688E+00 -1.611E+00
 -1.1708250E+04 -2.964E+00 -1.922E+00 -1.557E+00
 -1.1707750E+04 -2.993E+00 -2.051E+00 -1.293E+00
 -1.1707250E+04 -2.779E+00 -1.895E+00 -1.229E+00
 -1.1706750E+04 -2.756E+00 -1.946E+00 -1.047E+00
 -1.1706250E+04 -2.910E+00 -2.136E+00 -8.941E-01
 -1.1705750E+04 -2.706E+00 -1.729E+00 -1.492E+00
 -1.1705250E+04 -2.509E+00 -1.544E+00 -1.538E+00
 -1.1704750E+04 -2.263E+00 -1.492E+00 -1.146E+00
 -1.1704250E+04 -2.364E+00 -1.608E+00 -1.062E+00
 -1.1703750E+04 -2.651E+00 -1.873E+00 -1.014E+00
 -1.1703250E+04 -2.290E+00 -1.515E+00 -1.149E+00
 -1.1702750E+04 -2.315E+00 -1.545E+00 -1.134E+00
 -1.1702250E+04 -2.297E+00 -1.530E+00 -1.124E+00
 -1.1701750E+04 -2.009E+00 -1.390E+00 -8.691E-01
 -1.1701250E+04 -1.986E+00 -1.303E+00 -1.036E+00
 -1.1700750E+04 -2.280E+00 -1.683E+00 -7.107E-01
 -1.1700250E+04 -1.483E+00 -9.427E-01 -8.671E-01
 -1.1699750E+04 -2.174E+00 -1.473E+00 -1.022E+00
 -1.1699250E+04 -1.581E+00 -1.245E+00 -3.233E-01
 -1.1698750E+04 -1.509E+00 -1.100E+00 -5.326E-01
 -1.1698250E+04 -1.677E+00 -1.255E+00 -5.009E-01
 -1.1697750E+04 -1.468E+00 -1.021E+00 -6.357E-01
 -1.1697250E+04 -1.618E+00 -1.167E+00 -6.022E-01
 -1.1696750E+04 -1.267E+00 -9.574E-01 -3.749E-01
 -1.1696250E+04 -1.359E+00 -1.027E+00 -4.007E-01
 -1.1695750E+04 -1.025E+00 -6.372E-01 -6.666E-01
 -1.1695250E+04 -1.222E+00 -7.994E-01 -6.875E-01
 -1.1694750E+04 -9.832E-01 -8.627E-01 -1.559E-02
 -1.1694250E+04 -1.219E+00 -9.016E-01 -4.097E-01
 -1.1693750E+04 -8.961E-01 -5.310E-01 -6.535E-01
 -1.1693250E+04 -5.075E-01 -4.150E-01 -1.227E-01
 -1.1692750E+04 -1.217E+00 -9.589E-01 -2.832E-01
 -1.1692250E+04 -5.515E-01 -1.926E-01 -7.614E-01
 -1.1691750E+04 -5.405E-01 -3.742E-01 -2.884E-01
 -1.1691250E+04 -5.847E-01 -4.318E-01 -2.412E-01
 -1.1690750E+04 -6.550E-01 -4.885E-01 -2.447E-01
 -1.1690250E+04 -4.836E-01 -4.984E-01  1.340E-01
 -1.1689750E+04 -2.888E-01 -2.406E-01 -9.498E-02
 -1.1689250E+04 -3.622E-01 -3.731E-01  8.146E-02
 -1.1688750E+04 -3.744E-01 -1.566E-01 -4.823E-01
 -1.1688250E+04 -1.430E-01 -2.172E-01  1.601E-01
 -1.1687750E+04 -1.068E-01 -1.492E-01  6.356E-02
 -1.1687250E+04 -2.802E-01 -2.685E-01 -9.100E-03
 -1.1686750E+04 -2.266E-01 -1.067E-01 -2.929E-01
 -1.1686250E+04 -1.335E-01  2.866E-02 -4.226E-01
 -1.1685750E+04  4.776E-02  2.252E-02 -2.650E-02
 -1.1685250E+04 -2.212E-01 -1.400E-01 -1.975E-01
 -1.1684750E+04  7.076E-02 -3.072E-02  1.498E-01
 -1.1684250E+04  1.107E-01  1.676E-02  1.090E-01
 -1.1683750E+04  2.250E-01  2.287E-01 -1.556E-01
 -1.1683250E+04  1.431E-01  1.553E-01 -1.466E-01
 -1.1682750E+04  8.677E-02 -6.524E-02  2.687E-01
 -1.1682250E+04  1.579E-01 -3.341E-02  3.468E-01
 -1.1681750E+04  1.222E-01  8.781E-02 -2.139E-02
 -1.1681250E+04  3.101E-01  2.163E-01  4.418E-02
 -1.1680750E+04  2.220E-01  1.966E-01 -9.208E-02
 -1.1680250E+04  4.250E-01  1.970E-01  3.417E-01
 -1.1679750E+04  3.432E-01  2.477E-01  4.368E-02
 -1.1679250E+04  3.426E-01  1.448E-01  2.940E-01
 -1.1678750E+04  4.555E-01  1.149E-01  5.910E-01
 -1.1678250E+04  9.430E-01  6.504E-01  3.255E-01
 -1.1677750E+04  7.200E-01  5.386E-01  1.179E-01
 -1.1677250E+04  4.381E-01  2.677E-01  1.936E-01
 -1.1676750E+04  6.459E-01  2.739E-01  6.284E-01
 -1.1676250E+04  4.698E-01  2.494E-01  3.084E-01
 -1.1675750E+04  7.132E-01  3.999E-01  4.601E-01
 -1.1675250E+04  6.213E-01  6.437E-01 -3.471E-01
 -1.1674750E+04  5.483E-01  3.490E-01  2.197E-01
 -1.1674250E+04  8.694E-01  5.316E-01  4.518E-01
 -1.1673750E+04  1.057E+00  6.862E-01  4.708E-01
 -1.1673250E+04  9.045E-01  6.400E-01  2.746E-01
 -1.1672750E+04  9.098E-01  5.778E-01  4.403E-01
 -1.1672250E+04  7.478E-01  4.656E-01  3.753E-01
 -1.1671750E+04  6.462E-01  4.681E-01  1.514E-01
 -1.1671250E+04  8.472E-01  6.244E-01  1.902E-01
 -1.1670750E+04  1.182E+00  7.151E-01  6.708E-01
 -1.1670250E+04  7.296E-01  3.912E-01  5.050E-01
 -1.1669750E+04  8.145E-01  5.082E-01  4.030E-01
 -1.1669250E+04  1.124E+00  7.235E-01  5.242E-01
 -1.1668750E+04  1.135E+00  7.403E-01  5.171E-01
 -1.1668250E+04  1.029E+00  6.128E-01  6.048E-01
 -1.1667750E+04  1.021E+00  7.942E-01  1.354E-01
 -1.1667250E+04  9.648E-01  6.230E-01  4.402E-01
 -1.1666750E+04  1.096E+00  7.077E-01  5.156E-01
 -1.1666250E+04  1.031E+00  6.543E-01  5.161E-01
 -1.1665750E+04  9.929E-01  7.014E-01  3.196E-01
 -1.1665250E+04  8.975E-01  5.390E-01  5.070E-01
 -1.1664750E+04  1.136E+00  8.016E-01  3.827E-01
 -1.1664250E+04  1.052E+00  5.139E-01  8.949E-01
 -1.1663750E+04  1.020E+00  7.639E-01  2.142E-01
 -1.1663250E+04  1.232E+00  7.994E-01  5.776E-01
 -1.1662750E+04  1.248E+00  8.337E-01  5.425E-01
 -1.1662250E+04  1.450E+00  9.821E-01  5.868E-01
 -1.1661750E+04  1.208E+00  8.229E-01  4.730E-01
 -1.1661250E+04  1.297E+00  8.783E-01  5.399E-01
 -1.1660750E+04  9.869E-01  6.516E-01  4.228E-01
 -1.1660250E+04  1.047E+00  6.248E-01  6.206E-01
 -1.1659750E+04  1.356E+00  9.010E-01  5.997E-01
 -1.1659250E+04  1.099E+00  7.914E-01  3.284E-01
 -1.1658750E+04  1.113E+00  7.913E-01  3.529E-01
 -1.1658250E+04  9.906E-01  5.767E-01  6.164E-01
 -1.1657750E+04  1.380E+00  9.570E-01  5.111E-01
 -1.1657250E+04  1.271E+00  8.601E-01  5.185E-01
 -1.1656750E+04  1.309E+00  8.822E-01  5.499E-01
 -1.1656250E+04  1.380E+00  9.830E-01  4.594E-01
 -1.1655750E+04  1.212E+00  8.449E-01  4.414E-01
 -1.1655250E+04  1.231E+00  7.995E-01  5.795E-01
 -1.1654750E+04  1.066E+00  6.991E-01  4.861E-01
 -1.1654250E+04  1.311E+00  8.977E-01  5.149E-01
 -1.1653750E+04  1.294E+00  8.717E-01  5.484E-01
 -1.1653250E+04  1.245E+00  7.249E-01  8.010E-01
 -1.1652750E+04  1.293E+00  9.285E-01  4.053E-01
 -1.1652250E+04  1.484E+00  1.026E+00  5.774E-01
 -1.1651750E+04  1.421E+00  9.655E-01  5.815E-01
 -1.1651250E+04  1.152E+00  7.393E-01  5.650E-01
 -1.1650750E+04  1.256E+00  8.444E-01  5.425E-01
 -1.1650250E+04  1.192E+00  7.178E-01  7.140E-01
 -1.1649750E+04  1.280E+00  9.021E-01  4.534E-01
 -1.1649250E+04  1.234E+00  7.877E-01  6.323E-01
 -1.1648750E+04  1.350E+00  9.282E-01  5.391E-01
 -1.1648250E+04  1.093E+00  7.577E-01  4.103E-01
 -1.1647750E+04  1.316E+00  8.371E-01  6.744E-01
 -1.1647250E+04  1.317E+00  8.520E-01  6.385E-01
 -1.1646750E+04  1.338E+00  9.580E-01  4.353E-01
 -1.1646250E+04  1.294E+00  9.563E-01  3.399E-01
 -1.1645750E+04  1.423E+00  9.334E-01  6.720E-01
 -1.1645250E+04  1.512E+00  9.461E-01  8.441E-01
 -1.1644750E+04  1.084E+00  7.409E-01  4.250E-01
 -1.1644250E+04  1.325E+00  9.449E-01  4.356E-01
 -1.1643750E+04  1.240E+00  8.245E-01  5.549E-01
 -1.1643250E+04  1.332E+00  8.439E-01  7.047E-01
 -1.1642750E+04  1.203E+00  7.159E-01  7.375E-01
 -1.1642250E+04  1.436E+00  1.015E+00  5.156E-01
 -1.1641750E+04  1.148E+00  8.263E-01  3.657E-01
 -1.1641250E+04  1.435E+00  9.671E-01  6.282E-01
 -1.1640750E+04  1.240E+00  7.669E-01  6.928E-01
 -1.1640250E+04  1.417E+00  8.884E-01  7.778E-01
 -1.1639750E+04  1.300E+00  8.162E-01  6.996E-01
 -1.1639250E+04  1.353E+00  8.348E-01  7.701E-01
 -1.1638750E+04  1.223E+00  7.519E-01  6.964E-01
 -1.1638250E+04  1.278E+00  7.886E-01  7.399E-01
 -1.1637750E+04  1.357E+00  8.290E-01  7.983E-01
 -1.1637250E+04  1.248E+00  8.787E-01  4.403E-01
 -1.1636750E+04  1.306E+00  9.345E-01  4.390E-01
 -1.1636250E+04  1.138E+00  8.379E-01  3.267E-01
 -1.1635750E+04  1.310E+00  9.132E-01  5.000E-01
 -1.1635250E+04  1.316E+00  8.357E-01  6.836E-01
 -1.1634750E+04  1.299E+00  8.446E-01  6.452E-01
 -1.1634250E+04  1.335E+00  8.669E-01  6.573E-01
 -1.1633750E+04  1.216E+00  7.411E-01  7.089E-01
 -1.1633250E+04  1.123E+00  7.629E-01  4.686E-01
 -1.1632750E+04  1.317E+00  1.013E+00  2.782E-01
 -1.1632250E+04  1.241E+00  8.318E-01  5.583E-01
 -1.1631750E+04  1.231E+00  7.384E-01  7.564E-01
 -1.1631250E+04  1.306E+00  9.346E-01  4.388E-01
 -1.1630750E+04  1.334E+00  9.399E-01  4.859E-01
 -1.1630250E+04  1.103E+00  6.128E-01  7.918E-01
 -1.1629750E+04  1.284E+00  8.758E-01  5.385E-01
 -1.1629250E+04  1.203E+00  8.097E-01  5.271E-01
 -1.1628750E+04  1.060E+00  6.900E-01  5.130E-01
 -1.1628250E+04  1.282E+00  8.893E-01  5.097E-01
 -1.1627750E+04  1.296E+00  9.281E-01  4.404E-01
 -1.1627250E+04  1.206E+00  8.760E-01  3.714E-01
 -1.1626750E+04  1.243E+00  8.591E-01  4.926E-01
 -1.1626250E+04  1.204E+00  7.777E-01  6.014E-01
 -1.1625750E+04  1.164E+00  7.335E-01  6.328E-01
 -1.1625250E+04  1.192E+00  7.556E-01  6.446E-01
 -1.1624750E+04  1.230E+00  8.141E-01  5.704E-01
 -1.1624250E+04  1.288E+00  8.803E-01  5.326E-01
 -1.1623750E+04  1.298E+00  8.018E-01  7.453E-01
 -1.1623250E+04  1.227E+00  7.667E-01  6.868E-01
 -1.1622750E+04  1.022E+00  6.868E-01  4.520E-01
 -1.1622250E+04  1.051E+00  6.860E-01  5.184E-01
 -1.1621750E+04  1.138E+00  7.869E-01  4.566E-01
 -1.1621250E+04  1.260E+00  9.130E-01  4.033E-01
 -1.1620750E+04  1.145E+00  7.499E-01  5.542E-01
 -1.1620250E+04  1.216E+00  8.218E-01  5.308E-01
 -1.1619750E+04  1.293E+00  9.009E-01  5.024E-01
 -1.1619250E+04  1.123E+00  6.974E-01  6.331E-01
 -1.1618750E+04  1.114E+00  7.182E-01  5.654E-01
 -1.1618250E+04  1.038E+00  6.826E-01  5.014E-01
 -1.1617750E+04  1.046E+00  7.110E-01  4.386E-01
 -1.1617250E+04  1.100E+00  7.143E-01  5.405E-01
 -1.1616750E+04  1.206E+00  7.719E-01  6.449E-01
 -1.1616250E+04  1.349E+00  9.467E-01  5.141E-01
 -1.1615750E+04  1.115E+00  7.126E-01  5.901E-01
 -1.1615250E+04  1.092E+00  7.443E-01  4.689E-01
 -1.1614750E+04  1.005E+00  6.482E-01  5.085E-01
 -1.1614250E+04  1.116E+00  7.485E-01  4.954E-01
 -1.1613750E+04  1.058E+00  8.064E-01  2.400E-01
 -1.1613250E+04  1.052E+00  7.148E-01  4.420E-01
 -1.1612750E+04  1.055E+00  6.695E-01  5.622E-01
 -1.1612250E+04  1.025E+00  6.341E-01  5.829E-01
 -1.1611750E+04  1.072E+00  6.817E-01  5.816E-01
 -1.1611250E+04  1.104E+00  7.656E-01  4.350E-01
 -1.1610750E+04  1.137E+00  7.915E-01  4.499E-01
 -1.1610250E+04  1.049E+00  7.246E-01  4.194E-01
 -1.1609750E+04  1.103E+00  7.085E-01  5.622E-01
 -1.1609250E+04  1.081E+00  6.836E-01  5.952E-01
 -1.1608750E+04  1.040E+00  7.081E-01  4.528E-01
 -1.1608250E+04  1.104E+00  7.304E-01  5.208E-01
 -1.1607750E+04  9.379E-01  6.315E-01  4.181E-01
 -1.1607250E+04  9.586E-01  6.358E-01  4.470E-01
 -1.1606750E+04  1.006E+00  6.694E-01  4.612E-01
 -1.1606250E+04  1.105E+00  7.508E-01  4.607E-01
 -1.1605750E+04  1.073E+00  7.434E-01  4.295E-01
 -1.1605250E+04  1.060E+00  7.420E-01  4.023E-01
 -1.1604750E+04  1.078E+00  7.120E-01  5.032E-01
 -1.1604250E+04  1.021E+00  6.373E-01  5.688E-01
 -1.1603750E+04  1.006E+00  7.101E-01  3.803E-01
 -1.1603250E+04  9.268E-01  6.182E-01  4.254E-01
 -1.1602750E+04  9.830E-01  7.097E-01  3.266E-01
 -1.1602250E+04  9.724E-01  6.909E-01  3.551E-01
 -1.1601750E+04  9.583E-01  5.792E-01  5.841E-01
 -1.1601250E+04  1.033E+00  6.003E-01  6.944E-01
 -1.1600750E+04  1.097E+00  6.951E-01  5.821E-01
 -1.1600250E+04  1.014E+00  6.912E-01  4.319E-01
 -1.1599750E+04  1.037E+00  6.742E-01  5.172E-01
 -1.1599250E+04  1.030E+00  6.878E-01  4.752E-01
 -1.1598750E+04  1.059E+00  6.963E-01  5.286E-01
 -1.1598250E+04  9.882E-01  6.171E-01  5.535E-01
 -1.1597750E+04  8.384E-01  4.914E-01  5.515E-01
 -1.1597250E+04  1.028E+00  6.835E-01  4.771E-01
 -1.1596750E+04  1.034E+00  7.359E-01  3.694E-01
 -1.1596250E+04  8.788E-01  6.032E-01  3.558E-01
 -1.1595750E+04  8.623E-01  5.856E-01  3.811E-01
 -1.1595250E+04  1.029E+00  7.664E-01  2.997E-01
 -1.1594750E+04  9.229E-01  5.426E-01  5.967E-01
 -1.1594250E+04  8.432E-01  5.099E-01  5.089E-01
 -1.1593750E+04  8.564E-01  5.418E-01  4.605E-01
 -1.1593250E+04  9.257E-01  5.877E-01  4.934E-01
 -1.1592750E+04  9.456E-01  6.760E-01  3.330E-01
 -1.1592250E+04  9.907E-01  7.158E-01  3.223E-01
 -1.1591750E+04  9.575E-01  6.553E-01  4.076E-01
 -1.1591250E+04  9.548E-01  5.952E-01  5.534E-01
 -1.1590750E+04  9.044E-01  6.096E-01  4.086E-01
 -1.1590250E+04  8.149E-01  5.961E-01  2.565E-01
 -1.1589750E+04  8.789E-01  5.590E-01  4.770E-01
 -1.1589250E+04  8.320E-01  4.991E-01  5.182E-01
 -1.1588750E+04  8.910E-01  5.654E-01  4.906E-01
 -1.1588250E+04  8.502E-01  5.294E-01  4.813E-01
 -1.1587750E+04  9.288E-01  5.550E-01  5.880E-01
 -1.1587250E+04  9.630E-01  6.676E-01  3.896E-01
 -1.1586750E+04  9.199E-01  6.621E-01  3.098E-01
 -1.1586250E+04  8.019E-01  5.061E-01  4.305E-01
 -1.1585750E+04  8.213E-01  5.379E-01  3.946E-01
 -1.1585250E+04  8.105E-01  5.280E-01  4.021E-01
 -1.1584750E+04  8.217E-01  5.400E-01  4.012E-01
 -1.1584250E+04  7.881E-01  5.198E-01  3.738E-01
 -1.1583750E+04  9.101E-01  6.077E-01  4.157E-01
 -1.1583250E+04  9.197E-01  6.098E-01  4.353E-01
 -1.1582750E+04  8.390E-01  5.601E-01  3.869E-01
 -1.1582250E+04  7.999E-01  5.571E-01  3.170E-01
 -1.1581750E+04  8.192E-01  5.297E-01  4.185E-01
 -1.1581250E+04  8.299E-01  4.888E-01  5.411E-01
 -1.1580750E+04  9.025E-01  5.594E-01  5.274E-01
 -1.1580250E+04  8.783E-01  5.786E-01  4.380E-01
 -1.1579750E+04  8.958E-01  6.942E-01  1.826E-01
 -1.1579250E+04  7.402E-01  4.947E-01  3.307E-01
 -1.1578750E+04  8.015E-01  5.713E-01  2.966E-01
 -1.1578250E+04  7.547E-01  4.422E-01  4.932E-01
 -1.1577750E+04  7.670E-01  4.457E-01  5.141E-01
 -1.1577250E+04  7.492E-01  5.159E-01  3.171E-01
 -1.1576750E+04  7.953E-01  5.332E-01  3.548E-01
 -1.1576250E+04  8.415E-01  5.805E-01  3.330E-01
 -1.1575750E+04  7.324E-01  5.127E-01  2.943E-01
 -1.1575250E+04  8.175E-01  4.891E-01  5.086E-01
 -1.1574750E+04  8.169E-01  5.279E-01  4.278E-01
 -1.1574250E+04  7.646E-01  5.082E-01  3.803E-01
 -1.1573750E+04  7.845E-01  5.484E-01  3.002E-01
 -1.1573250E+04  7.898E-01  5.283E-01  3.566E-01
 -1.1572750E+04  7.232E-01  4.586E-01  3.913E-01
 -1.1572250E+04  7.430E-01  4.905E-01  3.563E-01
 -1.1571750E+04  7.007E-01  4.616E-01  3.341E-01
 -1.1571250E+04  8.163E-01  5.476E-01  3.686E-01
 -1.1570750E+04  7.497E-01  4.587E-01  4.397E-01
 -1.1570250E+04  6.449E-01  3.862E-01  4.128E-01
 -1.1569750E+04  8.008E-01  5.256E-01  3.908E-01
 -1.1569250E+04  8.226E-01  5.454E-01  3.943E-01
 -1.1568750E+04  7.875E-01  5.183E-01  3.999E-01
 -1.1568250E+04  7.447E-01  4.847E-01  3.708E-01
 -1.1567750E+04  6.854E-01  4.405E-01  3.584E-01
 -1.1567250E+04  6.345E-01  4.198E-01  2.945E-01
 -1.1566750E+04  7.627E-01  5.092E-01  3.532E-01
 -1.1566250E+04  7.940E-01  4.837E-01  4.741E-01
 -1.1565750E+04  7.475E-01  5.143E-01  3.153E-01
 -1.1565250E+04  7.172E-01  5.043E-01  2.809E-01
 -1.1564750E+04  7.190E-01  5.043E-01  2.747E-01
 -1.1564250E+04  7.247E-01  4.332E-01  4.632E-01
 -1.1563750E+04  6.578E-01  4.202E-01  3.468E-01
 -1.1563250E+04  5.866E-01  3.559E-01  3.539E-01
 -1.1562750E+04  6.716E-01  4.228E-01  3.749E-01
 -1.1562250E+04  7.141E-01  4.538E-01  3.876E-01
 -1.1561750E+04  7.174E-01  4.691E-01  3.584E-01
 -1.1561250E+04  6.543E-01  4.341E-01  3.166E-01
 -1.1560750E+04  6.493E-01  4.041E-01  3.678E-01
 -1.1560250E+04  7.406E-01  5.157E-01  2.947E-01
 -1.1559750E+04  6.550E-01  4.580E-01  2.553E-01
 -1.1559250E+04  6.288E-01  3.659E-01  4.184E-01
 -1.1558750E+04  7.831E-01  5.461E-01  3.097E-01
 -1.1558250E+04  7.014E-01  4.838E-01  2.989E-01
 -1.1557750E+04  7.122E-01  4.471E-01  3.961E-01
 -1.1557250E+04  6.171E-01  4.138E-01  2.696E-01
 -1.1556750E+04  6.795E-01  4.521E-01  3.181E-01
 -1.1556250E+04  6.458E-01  4.277E-01  3.070E-01
 -1.1555750E+04  6.664E-01  4.155E-01  3.754E-01
 -1.1555250E+04  6.248E-01  4.441E-01  2.330E-01
 -1.1554750E+04  5.856E-01  3.479E-01  3.633E-01
 -1.1554250E+04  6.562E-01  4.140E-01  3.576E-01
 -1.1553750E+04  7.329E-01  4.455E-01  4.486E-01
 -1.1553250E+04  6.893E-01  4.649E-01  3.017E-01
 -1.1552750E+04  6.896E-01  4.560E-01  3.277E-01
 -1.1552250E+04  6.361E-01  4.274E-01  2.916E-01
 -1.1551750E+04  5.729E-01  3.795E-01  2.748E-01
 -1.1551250E+04  6.210E-01  3.895E-01  3.379E-01
 -1.1550750E+04  6.204E-01  4.071E-01  3.036E-01
 -1.1550250E+04  5.909E-01  3.810E-01  3.044E-01
 -1.1549750E+04  6.598E-01  4.668E-01  2.420E-01
 -1.1549250E+04  6.960E-01  4.620E-01  3.288E-01
 -1.1548750E+04  6.555E-01  4.151E-01  3.681E-01
 -1.1548250E+04  6.078E-01  4.016E-01  2.947E-01
 -1.1547750E+04  6.454E-01  4.253E-01  3.176E-01
 -1.1547250E+04  5.665E-01  3.596E-01  3.161E-01
 -1.1546750E+04  6.095E-01  3.737E-01  3.609E-01
 -1.1546250E+04  6.841E-01  4.854E-01  2.546E-01
 -1.1545750E+04  5.989E-01  4.098E-01  2.643E-01
 -1.1545250E+04  4.585E-01  2.698E-01  2.966E-01
 -1.1544750E+04  6.314E-01  3.787E-01  4.000E-01
 -1.1544250E+04  6.386E-01  4.376E-01  2.706E-01
 -1.1543750E+04  4.956E-01  3.122E-01  2.709E-01
 -1.1543250E+04  5.111E-01  3.320E-01  2.536E-01
 -1.1542750E+04  6.628E-01  4.605E-01  2.600E-01
 -1.1542250E+04  6.207E-01  4.311E-01  2.387E-01
 -1.1541750E+04  6.400E-01  4.058E-01  3.394E-01
 -1.1541250E+04  6.539E-01  4.369E-01  3.030E-01
 -1.1540750E+04  5.147E-01  3.177E-01  3.068E-01
 -1.1540250E+04  6.127E-01  4.014E-01  3.073E-01
 -1.1539750E+04  5.178E-01  3.079E-01  3.403E-01
 -1.1539250E+04  6.629E-01  4.570E-01  2.803E-01
 -1.1538750E+04  5.668E-01  3.600E-01  3.107E-01
 -1.1538250E+04  5.522E-01  3.196E-01  3.743E-01
 -1.1537750E+04  5.861E-01  3.991E-01  2.591E-01
 -1.1537250E+04  5.525E-01  3.584E-01  2.826E-01
 -1.1536750E+04  5.032E-01  3.168E-01  2.870E-01
 -1.1536250E+04  6.241E-01  4.265E-01  2.731E-01
 -1.1535750E+04  5.382E-01  3.589E-01  2.540E-01
 -1.1535250E+04  5.525E-01  3.610E-01  2.869E-01
 -1.1534750E+04  5.481E-01  3.801E-01  2.191E-01
 -1.1534250E+04  5.342E-01  3.222E-01  3.289E-01
 -1.1533750E+04  5.419E-01  3.790E-01  2.166E-01
 -1.1533250E+04  5.004E-01  3.302E-01  2.385E-01
 -1.1532750E+04  6.415E-01  4.415E-01  2.694E-01
 -1.1532250E+04  5.134E-01  3.484E-01  2.246E-01
 -1.1531750E+04  5.420E-01  3.364E-01  3.168E-01
 -1.1531250E+04  5.150E-01  3.647E-01  1.912E-01
 -1.1530750E+04  5.222E-01  3.475E-01  2.330E-01
 -1.1530250E+04  4.723E-01  2.702E-01  3.192E-01
 -1.1529750E+04  5.514E-01  3.653E-01  2.688E-01
 -1.1529250E+04  5.644E-01  3.584E-01  3.037E-01
 -1.1528750E+04  4.726E-01  3.022E-01  2.570E-01
 -1.1528250E+04  4.006E-01  2.249E-01  2.831E-01
 -1.1527750E+04  4.098E-01  3.002E-01  1.235E-01
 -1.1527250E+04  5.378E-01  3.469E-01  2.778E-01
 -1.1526750E+04  5.415E-01  3.351E-01  3.199E-01
 -1.1526250E+04  4.889E-01  2.839E-01  3.357E-01
 -1.1525750E+04  4.916E-01  3.200E-01  2.410E-01
 -1.1525250E+04  5.408E-01  3.382E-01  3.084E-01
 -1.1524750E+04  5.003E-01  3.299E-01  2.476E-01
 -1.1524250E+04  4.739E-01  3.470E-01  1.501E-01
 -1.1523750E+04  5.411E-01  3.398E-01  2.991E-01
 -1.1523250E+04  5.081E-01  3.604E-01  1.979E-01
 -1.1522750E+04  4.673E-01  2.980E-01  2.459E-01
 -1.1522250E+04  4.894E-01  2.927E-01  3.126E-01
 -1.1521750E+04  4.810E-01  3.362E-01  1.894E-01
 -1.1521250E+04  4.856E-01  3.170E-01  2.435E-01
 -1.1520750E+04  5.714E-01  4.212E-01  1.793E-01
 -1.1520250E+04  4.975E-01  3.200E-01  2.510E-01
 -1.1519750E+04  4.929E-01  3.297E-01  2.298E-01
 -1.1519250E+04  4.942E-01  2.946E-01  3.251E-01
 -1.1518750E+04  5.529E-01  3.577E-01  2.814E-01
 -1.1518250E+04  4.895E-01  3.345E-01  2.107E-01
 -1.1517750E+04  4.683E-01  2.690E-01  3.177E-01
 -1.1517250E+04  4.746E-01  2.825E-01  3.042E-01
 -1.1516750E+04  4.551E-01  2.942E-01  2.428E-01
 -1.1516250E+04  4.810E-01  3.429E-01  1.705E-01
 -1.1515750E+04  4.337E-01  2.834E-01  2.154E-01
 -1.1515250E+04  4.908E-01  3.084E-01  2.665E-01
 -1.1514750E+04  5.063E-01  3.393E-01  2.354E-01
 -1.1514250E+04  4.502E-01  3.016E-01  2.165E-01
 -1.1513750E+04  4.528E-01  3.146E-01  1.978E-01
 -1.1513250E+04  4.588E-01  3.340E-01  1.381E-01
 -1.1512750E+04  4.973E-01  3.292E-01  2.395E-01
 -1.1512250E+04  4.847E-01  3.164E-01  2.404E-01
 -1.1511750E+04  4.174E-01  2.483E-01  2.570E-01
 -1.1511250E+04  4.272E-01  2.409E-01  2.908E-01
 -1.1510750E+04  4.835E-01  3.241E-01  2.254E-01
 -1.1510250E+04  4.113E-01  2.477E-01  2.550E-01
 -1.1509750E+04  4.457E-01  3.064E-01  1.904E-01
 -1.1509250E+04  4.353E-01  2.946E-01  1.931E-01
 -1.1508750E+04  4.444E-01  2.695E-01  2.781E-01
 -1.1508250E+04  5.099E-01  3.443E-01  2.279E-01
 -1.1507750E+04  4.350E-01  2.807E-01  2.358E-01
 -1.1507250E+04  4.048E-01  2.752E-01  1.884E-01
 -1.1506750E+04  4.205E-01  3.085E-01  1.222E-01
 -1.1506250E+04  4.298E-01  2.749E-01  2.276E-01
 -1.1505750E+04  4.456E-01  2.705E-01  2.805E-01
 -1.1505250E+04  4.476E-01  2.925E-01  2.329E-01
 -1.1504750E+04  3.985E-01  2.671E-01  1.873E-01
 -1.1504250E+04  4.256E-01  2.636E-01  2.402E-01
 -1.1503750E+04  4.073E-01  2.719E-01  1.882E-01
 -1.1503250E+04  3.730E-01  2.372E-01  1.976E-01
 -1.1502750E+04  4.220E-01  2.755E-01  2.163E-01
 -1.1502250E+04  3.910E-01  2.577E-01  1.892E-01
 -1.1501750E+04  4.528E-01  2.984E-01  2.239E-01
 -1.1501250E+04  4.037E-01  2.586E-01  2.198E-01
 -1.1500750E+04  4.357E-01  2.985E-01  1.883E-01
 -1.1500250E+04  4.272E-01  2.835E-01  2.073E-01
 -1.1499750E+04  3.840E-01  2.459E-01  2.025E-01
 -1.1499250E+04  3.867E-01  2.448E-01  2.221E-01
 -1.1498750E+04  3.865E-01  2.699E-01  1.562E-01
 -1.1498250E+04  4.002E-01  2.665E-01  1.868E-01
 -1.1497750E+04  3.867E-01  2.297E-01  2.419E-01
 -1.1497250E+04  3.801E-01  2.487E-01  1.824E-01
 -1.1496750E+04  4.637E-01  3.026E-01  2.350E-01
 -1.1496250E+04  3.993E-01  2.572E-01  2.024E-01
 -1.1495750E+04  3.009E-01  1.961E-01  1.522E-01
 -1.1495250E+04  3.503E-01  2.124E-01  2.093E-01
 -1.1494750E+04  3.543E-01  2.023E-01  2.364E-01
 -1.1494250E+04  4.438E-01  2.979E-01  2.063E-01
 -1.1493750E+04  4.230E-01  2.781E-01  2.026E-01
 -1.1493250E+04  3.939E-01  2.526E-01  2.011E-01
 -1.1492750E+04  3.531E-01  2.180E-01  1.996E-01
 -1.1492250E+04  3.792E-01  2.285E-01  2.393E-01
 -1.1491750E+04  3.599E-01  2.341E-01  1.786E-01
 -1.1491250E+04  3.631E-01  2.269E-01  2.067E-01
 -1.1490750E+04  4.052E-01  2.634E-01  2.026E-01
 -1.1490250E+04  3.670E-01  2.260E-01  2.223E-01
 -1.1489750E+04  3.835E-01  2.555E-01  1.889E-01
 -1.1489250E+04  3.675E-01  2.426E-01  1.803E-01
 -1.1488750E+04  3.020E-01  2.002E-01  1.401E-01
 -1.1488250E+04  3.402E-01  2.200E-01  1.784E-01
 -1.1487750E+04  3.541E-01  2.445E-01  1.517E-01
 -1.1487250E+04  3.475E-01  2.432E-01  1.414E-01
 -1.1486750E+04  3.510E-01  2.145E-01  2.084E-01
 -1.1486250E+04  3.809E-01  2.353E-01  2.155E-01
 -1.1485750E+04  3.882E-01  2.337E-01  2.251E-01
 -1.1485250E+04  3.776E-01  2.423E-01  2.028E-01
 -1.1484750E+04  4.305E-01  3.087E-01  1.517E-01
 -1.1484250E+04  3.641E-01  2.501E-01  1.653E-01
 -1.1483750E+04  3.528E-01  2.089E-01  2.273E-01
 -1.1483250E+04  3.329E-01  1.919E-01  2.172E-01
 -1.1482750E+04  3.646E-01  2.380E-01  1.862E-01
 -1.1482250E+04  3.495E-01  2.179E-01  2.106E-01
 -1.1481750E+04  3.248E-01  2.260E-01  1.358E-01
 -1.1481250E+04  3.878E-01  2.309E-01  2.437E-01
 -1.1480750E+04  3.530E-01  2.299E-01  1.705E-01
 -1.1480250E+04  3.411E-01  2.237E-01  1.717E-01
 -1.1479750E+04  3.116E-01  1.970E-01  1.703E-01
 -1.1479250E+04  3.519E-01  2.493E-01  1.445E-01
 -1.1478750E+04  3.556E-01  2.193E-01  2.049E-01
 -1.1478250E+04  3.475E-01  2.067E-01  2.197E-01
 -1.1477750E+04  3.564E-01  2.121E-01  2.259E-01
 -1.1477250E+04  3.569E-01  2.363E-01  1.793E-01
 -1.1476750E+04  3.307E-01  2.017E-01  1.984E-01
 -1.1476250E+04  3.848E-01  2.696E-01  1.415E-01
 -1.1475750E+04  2.895E-01  2.034E-01  1.178E-01
 -1.1475250E+04  3.700E-01  2.444E-01  1.822E-01
 -1.1474750E+04  3.794E-01  2.532E-01  1.768E-01
 -1.1474250E+04  3.331E-01  1.973E-01  2.113E-01
 -1.1473750E+04  3.888E-01  2.346E-01  2.285E-01
 -1.1473250E+04  3.136E-01  1.960E-01  1.749E-01
 -1.1472750E+04  2.876E-01  1.855E-01  1.673E-01
 -1.1472250E+04  3.031E-01  1.794E-01  1.993E-01
 -1.1471750E+04  3.452E-01  2.414E-01  1.409E-01
 -1.1471250E+04  2.872E-01  1.613E-01  2.003E-01
 -1.1470750E+04  3.392E-01  2.523E-01  9.560E-02
 -1.1470250E+04  2.906E-01  1.729E-01  1.795E-01
 -1.1469750E+04  2.612E-01  1.454E-01  1.717E-01
 -1.1469250E+04  3.426E-01  2.080E-01  2.031E-01
 -1.1468750E+04  3.624E-01  2.505E-01  1.440E-01
 -1.1468250E+04  3.444E-01  2.062E-01  2.256E-01
 -1.1467750E+04  3.094E-01  1.963E-01  1.747E-01
 -1.1467250E+04  2.979E-01  1.997E-01  1.349E-01
 -1.1466750E+04  2.618E-01  1.770E-01  1.226E-01
 -1.1466250E+04  3.263E-01  1.915E-01  2.126E-01
 -1.1465750E+04  3.637E-01  2.150E-01  2.359E-01
 -1.1465250E+04  3.137E-01  2.405E-01  7.645E-02
 -1.1464750E+04  3.055E-01  2.238E-01  9.011E-02
 -1.1464250E+04  3.106E-01  1.965E-01  1.728E-01
 -1.1463750E+04  3.403E-01  2.281E-01  1.670E-01
 -1.1463250E+04  3.156E-01  1.989E-01  1.802E-01
 -1.1462750E+04  2.924E-01  1.829E-01  1.678E-01
 -1.1462250E+04  3.037E-01  2.136E-01  1.181E-01
 -1.1461750E+04  2.361E-01  1.410E-01  1.518E-01
 -1.1461250E+04  2.948E-01  1.942E-01  1.422E-01
 -1.1460750E+04  2.290E-01  1.386E-01  1.363E-01
 -1.1460250E+04  2.958E-01  1.894E-01  1.582E-01
 -1.1459750E+04  3.352E-01  2.133E-01  1.805E-01
 -1.1459250E+04  3.358E-01  2.279E-01  1.453E-01
 -1.1458750E+04  2.747E-01  1.894E-01  1.090E-01
 -1.1458250E+04  3.069E-01  2.076E-01  1.338E-01
 -1.1457750E+04  3.254E-01  2.111E-01  1.679E-01
 -1.1457250E+04  3.372E-01  2.186E-01  1.733E-01
 -1.1456750E+04  2.431E-01  1.439E-01  1.568E-01
 -1.1456250E+04  2.526E-01  1.546E-01  1.613E-01
 -1.1455750E+04  2.759E-01  1.631E-01  1.729E-01
 -1.1455250E+04  2.869E-01  1.686E-01  1.871E-01
 -1.1454750E+04  2.967E-01  1.735E-01  2.029E-01
 -1.1454250E+04  3.312E-01  2.201E-01  1.587E-01
 -1.1453750E+04  2.601E-01  1.609E-01  1.538E-01
 -1.1453250E+04  2.137E-01  1.243E-01  1.504E-01
 -1.1452750E+04  2.687E-01  1.551E-01  1.669E-01
 -1.1452250E+04  2.898E-01  1.904E-01  1.447E-01
 -1.1451750E+04  2.648E-01  1.708E-01  1.396E-01
 -1.1451250E+04  2.611E-01  1.635E-01  1.438E-01
 -1.1450750E+04  2.309E-01  1.323E-01  1.667E-01
 -1.1450250E+04  2.558E-01  1.631E-01  1.331E-01
 -1.1449750E+04  2.811E-01  1.735E-01  1.664E-01
 -1.1449250E+04  2.325E-01  1.710E-01  7.482E-02
 -1.1448750E+04  2.898E-01  1.872E-01  1.499E-01
 -1.1448250E+04  2.689E-01  1.584E-01  1.735E-01
 -1.1447750E+04  2.743E-01  1.755E-01  1.527E-01
 -1.1447250E+04  2.847E-01  1.915E-01  1.279E-01
 -1.1446750E+04  2.656E-01  1.772E-01  1.207E-01
 -1.1446250E+04  2.954E-01  1.909E-01  1.574E-01
 -1.1445750E+04  2.478E-01  1.692E-01  1.120E-01
 -1.1445250E+04  1.989E-01  1.112E-01  1.232E-01
 -1.1444750E+04  2.402E-01  1.218E-01  1.787E-01
 -1.1444250E+04  2.630E-01  1.568E-01  1.604E-01
 -1.1443750E+04  2.625E-01  1.753E-01  1.191E-01
 -1.1443250E+04  3.103E-01  2.196E-01  1.131E-01
 -1.1442750E+04  2.487E-01  1.584E-01  1.348E-01
 -1.1442250E+04  2.082E-01  1.431E-01  8.628E-02
 -1.1441750E+04  2.594E-01  1.770E-01  1.039E-01
 -1.1441250E+04  2.700E-01  1.797E-01  1.330E-01
 -1.1440750E+04  2.764E-01  1.986E-01  1.113E-01
 -1.1440250E+04  2.927E-01  1.793E-01  1.775E-01
 -1.1439750E+04  2.410E-01  1.622E-01  1.495E-01
 -1.1439250E+04  2.459E-01  1.474E-01  1.564E-01
 -1.1438750E+04  2.246E-01  1.556E-01  8.979E-02
 -1.1438250E+04  2.473E-01  1.556E-01  1.394E-01
 -1.1437750E+04  2.592E-01  1.544E-01  1.703E-01
 -1.1437250E+04  2.429E-01  1.281E-01  1.925E-01
 -1.1436750E+04  2.626E-01  1.827E-01  1.207E-01
 -1.1436250E+04  2.698E-01  1.857E-01  1.197E-01
 -1.1435750E+04  2.632E-01  1.601E-01  1.594E-01
 -1.1435250E+04  2.402E-01  1.627E-01  1.018E-01
 -1.1434750E+04  2.906E-01  1.846E-01  1.672E-01
 -1.1434250E+04  2.625E-01  1.518E-01  1.845E-01
 -1.1433750E+04  2.377E-01  1.533E-01  1.208E-01
 -1.1433250E+04  2.188E-01  1.475E-01  8.700E-02
 -1.1432750E+04  2.281E-01  1.616E-01  8.978E-02
 -1.1432250E+04  2.149E-01  1.633E-01  6.770E-02
 -1.1431750E+04  2.292E-01  1.614E-01  8.912E-02
 -1.1431250E+04  2.799E-01  1.881E-01  1.340E-01
 -1.1430750E+04  2.483E-01  1.547E-01  1.417E-01
 -1.1430250E+04  2.068E-01  1.323E-01  1.039E-01
 -1.1429750E+04  2.101E-01  1.374E-01  1.119E-01
 -1.1429250E+04  2.861E-01  1.799E-01  1.636E-01
 -1.1428750E+04  2.341E-01  1.531E-01  1.102E-01
 -1.1428250E+04  2.296E-01  1.073E-01  1.940E-01
 -1.1427750E+04  2.071E-01  1.387E-01  1.055E-01
 -1.1427250E+04  2.337E-01  1.490E-01  1.280E-01
 -1.1426750E+04  2.450E-01  1.635E-01  1.176E-01
 -1.1426250E+04  2.326E-01  1.704E-01  7.446E-02
 -1.1425750E+04  2.066E-01  1.256E-01  1.154E-01
 -1.1425250E+04  2.237E-01  1.511E-01  1.088E-01
 -1.1424750E+04  2.481E-01  1.688E-01  1.302E-01
 -1.1424250E+04  1.896E-01  1.091E-01  1.271E-01
 -1.1423750E+04  1.400E-01  8.615E-02  7.937E-02
 -1.1423250E+04  2.127E-01  1.307E-01  9.955E-02
 -1.1422750E+04  2.239E-01  1.432E-01  1.100E-01
 -1.1422250E+04  2.081E-01  1.455E-01  8.805E-02
 -1.1421750E+04  2.347E-01  1.306E-01  1.741E-01
 -1.1421250E+04  2.567E-01  1.645E-01  1.394E-01
 -1.1420750E+04  1.970E-01  1.212E-01  1.094E-01
 -1.1420250E+04  2.252E-01  1.383E-01  1.268E-01
 -1.1419750E+04  2.037E-01  1.261E-01  1.216E-01
 -1.1419250E+04  2.252E-01  1.578E-01  9.546E-02
 -1.1418750E+04  2.487E-01  1.557E-01  1.539E-01
 -1.1418250E+04  2.281E-01  1.598E-01  1.014E-01
 -1.1417750E+04  1.733E-01  9.741E-02  1.241E-01
 -1.1417250E+04  2.275E-01  1.670E-01  6.983E-02
 -1.1416750E+04  2.051E-01  1.618E-01  3.318E-02
 -1.1416250E+04  2.301E-01  1.643E-01  8.361E-02
 -1.1415750E+04  2.317E-01  1.534E-01  1.132E-01
 -1.1415250E+04  2.439E-01  1.567E-01  1.384E-01
 -1.1414750E+04  2.218E-01  1.342E-01  1.323E-01
 -1.1414250E+04  2.243E-01  1.542E-01  1.005E-01
 -1.1413750E+04  2.399E-01  1.688E-01  9.783E-02
 -1.1413250E+04  2.154E-01  1.394E-01  1.082E-01
 -1.1412750E+04  2.087E-01  1.303E-01  1.078E-01
 -1.1412250E+04  1.965E-01  1.035E-01  1.474E-01
 -1.1411750E+04  1.660E-01  9.969E-02  1.015E-01
 -1.1411250E+04  2.042E-01  1.197E-01  1.311E-01
 -1.1410750E+04  1.924E-01  1.262E-01  9.197E-02
 -1.1410250E+04  1.819E-01  1.077E-01  1.228E-01
 -1.1409750E+04  2.144E-01  1.340E-01  1.283E-01
 -1.1409250E+04  2.430E-01  1.672E-01  1.087E-01
 -1.1408750E+04  2.108E-01  1.277E-01  1.251E-01
 -1.1408250E+04  1.665E-01  1.133E-01  6.742E-02
 -1.1407750E+04  1.901E-01  1.276E-01  9.247E-02
 -1.1407250E+04  2.503E-01  1.712E-01  1.160E-01
 -1.1406750E+04  1.857E-01  1.071E-01  1.307E-01
 -1.1406250E+04  2.073E-01  1.278E-01  1.173E-01
 -1.1405750E+04  1.879E-01  1.492E-01  3.206E-02
 -1.1405250E+04  1.633E-01  9.727E-02  1.048E-01
 -1.1404750E+04  1.492E-01  8.492E-02  9.978E-02
 -1.1404250E+04  2.329E-01  1.365E-01  1.576E-01
 -1.1403750E+04  1.840E-01  1.265E-01  7.157E-02
 -1.1403250E+04  2.142E-01  1.461E-01  8.952E-02
 -1.1402750E+04  2.039E-01  1.292E-01  1.039E-01
 -1.1402250E+04  2.046E-01  1.425E-01  8.042E-02
 -1.1401750E+04  1.714E-01  1.217E-01  6.467E-02
 -1.1401250E+04  2.167E-01  1.325E-01  1.311E-01
 -1.1400750E+04  1.794E-01  1.176E-01  9.636E-02
 -1.1400250E+04  1.580E-01  1.005E-01  8.080E-02
 -1.1399750E+04  1.582E-01  9.587E-02  9.927E-02
 -1.1399250E+04  1.805E-01  1.199E-01  8.097E-02
 -1.1398750E+04  2.086E-01  1.155E-01  1.556E-01
 -1.1398250E+04  2.319E-01  1.453E-01  1.316E-01
 -1.1397750E+04  1.918E-01  1.071E-01  1.302E-01
 -1.1397250E+04  2.080E-01  1.292E-01  1.251E-01
 -1.1396750E+04  1.810E-01  1.222E-01  8.152E-02
 -1.1396250E+04  2.081E-01  1.472E-01  7.432E-02
 -1.1395750E+04  1.993E-01  1.192E-01  1.206E-01
 -1.1395250E+04  1.753E-01  8.219E-02  1.575E-01
 -1.1394750E+04  1.620E-01  9.488E-02  1.143E-01
 -1.1394250E+04  1.754E-01  1.296E-01  5.738E-02
 -1.1393750E+04  1.948E-01  1.190E-01  1.051E-01
 -1.1393250E+04  1.913E-01  1.284E-01  8.567E-02
 -1.1392750E+04  1.798E-01  1.373E-01  5.192E-02
 -1.1392250E+04  1.748E-01  1.178E-01  8.556E-02
 -1.1391750E+04  1.508E-01  9.028E-02  9.472E-02
 -1.1391250E+04  1.743E-01  1.240E-01  7.182E-02
 -1.1390750E+04  1.913E-01  1.100E-01  1.353E-01
 -1.1390250E+04  1.680E-01  9.487E-02  1.059E-01
 -1.1389750E+04  1.688E-01  1.060E-01  9.056E-02
 -1.1389250E+04  1.641E-01  1.026E-01  9.059E-02
 -1.1388750E+04  2.065E-01  1.545E-01  7.204E-02
 -1.1388250E+04  2.109E-01  1.385E-01  1.055E-01
 -1.1387750E+04  1.709E-01  1.177E-01  7.387E-02
 -1.1387250E+04  1.405E-01  9.225E-02  6.011E-02
 -1.1386750E+04  1.513E-01  7.175E-02  1.531E-01
 -1.1386250E+04  1.883E-01  1.132E-01  1.388E-01
 -1.1385750E+04  2.098E-01  1.291E-01  1.205E-01
 -1.1385250E+04  2.123E-01  1.395E-01  9.879E-02
 -1.1384750E+04  1.759E-01  1.031E-01  1.288E-01
 -1.1384250E+04  1.701E-01  1.191E-01  6.525E-02
 -1.1383750E+04  1.954E-01  1.233E-01  1.034E-01
 -1.1383250E+04  1.477E-01  8.835E-02  9.465E-02
 -1.1382750E+04  1.769E-01  1.065E-01  1.077E-01
 -1.1382250E+04  1.760E-01  1.221E-01  7.542E-02
 -1.1381750E+04  1.472E-01  1.105E-01  4.150E-02
 -1.1381250E+04  1.522E-01  8.959E-02  1.058E-01
 -1.1380750E+04  1.503E-01  8.317E-02  1.006E-01
 -1.1380250E+04  1.095E-01  6.888E-02  6.231E-02
 -1.1379750E+04  1.376E-01  1.045E-01  4.433E-02
 -1.1379250E+04  2.089E-01  1.499E-01  7.080E-02
 -1.1378750E+04  1.914E-01  1.405E-01  5.366E-02
 -1.1378250E+04  1.797E-01  1.226E-01  8.764E-02
 -1.1377750E+04  1.492E-01  8.798E-02  9.433E-02
 -1.1377250E+04  1.415E-01  9.010E-02  6.799E-02
 -1.1376750E+04  1.606E-01  1.048E-01  8.770E-02
 -1.1376250E+04  1.662E-01  1.038E-01  9.629E-02
 -1.1375750E+04  1.364E-01  6.377E-02  1.288E-01
 -1.1375250E+04  1.654E-01  8.677E-02  1.420E-01
 -1.1374750E+04  1.413E-01  9.467E-02  5.999E-02
 -1.1374250E+04  1.761E-01  1.204E-01  7.182E-02
 -1.1373750E+04  1.622E-01  1.109E-01  6.179E-02
 -1.1373250E+04  1.400E-01  8.513E-02  7.742E-02
 -1.1372750E+04  1.202E-01  7.901E-02  5.382E-02
 -1.1372250E+04  1.307E-01  9.249E-02  5.080E-02
 -1.1371750E+04  1.877E-01  1.267E-01  9.277E-02
 -1.1371250E+04  1.901E-01  1.259E-01  9.794E-02
 -1.1370750E+04  1.558E-01  1.007E-01  8.624E-02
 -1.1370250E+04  1.664E-01  1.055E-01  8.872E-02
 -1.1369750E+04  1.289E-01  9.159E-02  5.253E-02
 -1.1369250E+04  1.334E-01  8.858E-02  6.870E-02
 -1.1368750E+04  2.143E-01  1.452E-01  9.542E-02
 -1.1368250E+04  1.661E-01  9.269E-02  1.108E-01
 -1.1367750E+04  1.251E-01  6.875E-02  9.017E-02
 -1.1367250E+04  1.266E-01  8.587E-02  5.934E-02
 -1.1366750E+04  1.571E-01  7.999E-02  1.319E-01
 -1.1366250E+04  1.565E-01  9.687E-02  8.741E-02
 -1.1365750E+04  1.402E-01  9.963E-02  5.018E-02
 -1.1365250E+04  1.387E-01  9.015E-02  6.586E-02
 -1.1364750E+04  1.682E-01  1.056E-01  9.642E-02
 -1.1364250E+04  9.942E-02  5.582E-02  7.324E-02
 -1.1363750E+04  8.259E-02  4.990E-02  5.050E-02
 -1.1363250E+04  1.563E-01  1.049E-01  7.472E-02
 -1.1362750E+04  1.637E-01  9.138E-02  1.194E-01
 -1.1362250E+04  1.931E-01  1.358E-01  7.623E-02
 -1.1361750E+04  1.394E-01  8.964E-02  7.249E-02
 -1.1361250E+04  1.413E-01  8.619E-02  8.420E-02
 -1.1360750E+04  1.403E-01  9.870E-02  5.347E-02
 -1.1360250E+04  1.484E-01  9.521E-02  7.693E-02
 -1.1359750E+04  1.371E-01  8.905E-02  7.128E-02
 -1.1359250E+04  1.377E-01  7.732E-02  9.180E-02
 -1.1358750E+04  1.222E-01  7.380E-02  6.409E-02
 -1.1358250E+04  1.282E-01  9.504E-02  2.904E-02
 -1.1357750E+04  1.327E-01  9.016E-02  6.373E-02
 -1.1357250E+04  1.410E-01  9.360E-02  7.437E-02
 -1.1356750E+04  1.406E-01  7.894E-02  1.041E-01
 -1.1356250E+04  1.572E-01  8.405E-02  1.213E-01
 -1.1355750E+04  1.431E-01  8.891E-02  8.423E-02
 -1.1355250E+04  1.103E-01  8.623E-02  3.263E-02
 -1.1354750E+04  1.256E-01  8.736E-02  3.760E-02
 -1.1354250E+04  1.594E-01  9.090E-02  1.135E-01
 -1.1353750E+04  1.242E-01  6.796E-02  8.699E-02
 -1.1353250E+04  1.645E-01  9.570E-02  1.072E-01
 -1.1352750E+04  1.464E-01  1.032E-01  5.898E-02
 -1.1352250E+04  1.533E-01  9.923E-02  7.382E-02
 -1.1351750E+04  1.591E-01  1.086E-01  7.601E-02
 -1.1351250E+04  1.078E-01  7.998E-02  4.141E-02
 -1.1350750E+04  1.186E-01  6.216E-02  9.834E-02
 -1.1350250E+04  1.123E-01  5.917E-02  8.468E-02
 -1.1349750E+04  1.661E-01  9.456E-02  1.108E-01
 -1.1349250E+04  1.425E-01  1.071E-01  4.283E-02
 -1.1348750E+04  1.193E-01  7.188E-02  7.232E-02
 -1.1348250E+04  1.331E-01  8.460E-02  6.588E-02
 -1.1347750E+04  1.625E-01  1.073E-01  8.236E-02
 -1.1347250E+04  1.268E-01  7.025E-02  8.640E-02
 -1.1346750E+04  9.759E-02  6.492E-02  5.275E-02
 -1.1346250E+04  1.334E-01  1.008E-01  4.987E-02
 -1.1345750E+04  1.171E-01  6.046E-02  8.285E-02
 -1.1345250E+04  1.055E-01  6.556E-02  6.712E-02
 -1.1344750E+04  1.319E-01  7.174E-02  1.031E-01
 -1.1344250E+04  1.330E-01  7.810E-02  7.030E-02
 -1.1343750E+04  1.248E-01  9.265E-02  5.039E-02
 -1.1343250E+04  1.164E-01  7.643E-02  6.292E-02
 -1.1342750E+04  1.333E-01  8.738E-02  6.523E-02
 -1.1342250E+04  1.384E-01  7.436E-02  1.016E-01
 -1.1341750E+04  1.468E-01  9.485E-02  8.551E-02
 -1.1341250E+04  1.134E-01  8.814E-02  1.347E-02
 -1.1340750E+04  1.517E-01  1.123E-01  4.935E-02
 -1.1340250E+04  1.404E-01  8.974E-02  7.815E-02
 -1.1339750E+04  1.170E-01  6.832E-02  8.169E-02
 -1.1339250E+04  1.053E-01  7.357E-02  3.862E-02
 -1.1338750E+04  1.268E-01  7.888E-02  7.693E-02
 -1.1338250E+04  9.462E-02  4.145E-02  9.087E-02
 -1.1337750E+04  1.139E-01  6.414E-02  7.047E-02
 -1.1337250E+04  1.507E-01  1.043E-01  5.257E-02
 -1.1336750E+04  1.428E-01  9.949E-02  6.766E-02
