 -1.8360750E+04 -0.000E+00 -0.000E+00  0.000E+00
 -1.8360250E+04 -0.000E+00 -0.000E+00  0.000E+00
 -1.8359750E+04 -0.000E+00 -0.000E+00  0.000E+00
 -1.8359250E+04 -0.000E+00 -0.000E+00  0.000E+00
 -1.8358750E+04 -0.000E+00 -0.000E+00  0.000E+00
 -1.8358250E+04 -0.000E+00 -0.000E+00  0.000E+00
 -1.8357750E+04 -0.000E+00 -0.000E+00  0.000E+00
 -1.8357250E+04 -0.000E+00 -0.000E+00  0.000E+00
 -1.8356750E+04 -0.000E+00 -0.000E+00  0.000E+00
 -1.8356250E+04 -0.000E+00 -0.000E+00  0.000E+00
 -1.8355750E+04 -0.000E+00 -0.000E+00  0.000E+00
 -1.8355250E+04 -0.000E+00 -0.000E+00  0.000E+00
 -1.8354750E+04 -0.000E+00 -0.000E+00  0.000E+00
 -1.8354250E+04 -0.000E+00 -0.000E+00  0.000E+00
 -1.8353750E+04 -0.000E+00 -0.000E+00  0.000E+00
 -1.8353250E+04 -0.000E+00 -0.000E+00  0.000E+00
 -1.8352750E+04 -0.000E+00 -0.000E+00  0.000E+00
 -1.8352250E+04 -0.000E+00 -0.000E+00  0.000E+00
 -1.8351750E+04 -0.000E+00 -0.000E+00  0.000E+00
 -1.8351250E+04 -0.000E+00 -0.000E+00  0.000E+00
 -1.8350750E+04 -0.000E+00 -0.000E+00  0.000E+00
 -1.8350250E+04 -0.000E+00 -0.000E+00  0.000E+00
 -1.8349750E+04 -0.000E+00 -0.000E+00  0.000E+00
 -1.8349250E+04 -0.000E+00 -0.000E+00  0.000E+00
 -1.8348750E+04 -0.000E+00 -0.000E+00  0.000E+00
 -1.8348250E+04 -0.000E+00 -0.000E+00  0.000E+00
 -1.8347750E+04 -0.000E+00 -0.000E+00  0.000E+00
 -1.8347250E+04 -0.000E+00 -0.000E+00  0.000E+00
 -1.8346750E+04 -0.000E+00 -0.000E+00  0.000E+00
 -1.8346250E+04 -0.000E+00 -0.000E+00  0.000E+00
 -1.8345750E+04 -0.000E+00 -0.000E+00  0.000E+00
 -1.8345250E+04 -0.000E+00 -0.000E+00  0.000E+00
 -1.8344750E+04 -0.000E+00 -0.000E+00  0.000E+00
 -1.8344250E+04 -0.000E+00 -0.000E+00  0.000E+00
 -1.8343750E+04 -0.000E+00 -0.000E+00  0.000E+00
 -1.8343250E+04 -0.000E+00 -0.000E+00  0.000E+00
 -1.8342750E+04 -0.000E+00 -0.000E+00  0.000E+00
 -1.8342250E+04 -0.000E+00 -0.000E+00  0.000E+00
 -1.8341750E+04 -0.000E+00 -0.000E+00  0.000E+00
 -1.8341250E+04 -0.000E+00 -0.000E+00  0.000E+00
 -1.8340750E+04 -0.000E+00 -0.000E+00  0.000E+00
 -1.8340250E+04 -0.000E+00 -0.000E+00  0.000E+00
 -1.8339750E+04 -0.000E+00 -0.000E+00  0.000E+00
 -1.8339250E+04 -0.000E+00 -0.000E+00  0.000E+00
 -1.8338750E+04 -0.000E+00 -0.000E+00  0.000E+00
 -1.8338250E+04 -0.000E+00 -0.000E+00  0.000E+00
 -1.8337750E+04 -0.000E+00 -0.000E+00  0.000E+00
 -1.8337250E+04 -0.000E+00 -0.000E+00  0.000E+00
 -1.8336750E+04 -0.000E+00 -0.000E+00  0.000E+00
 -1.8336250E+04 -0.000E+00 -0.000E+00  0.000E+00
 -1.8335750E+04 -0.000E+00 -0.000E+00  0.000E+00
 -1.8335250E+04 -0.000E+00 -0.000E+00  0.000E+00
 -1.8334750E+04 -0.000E+00 -0.000E+00  0.000E+00
 -1.8334250E+04 -0.000E+00 -0.000E+00  0.000E+00
 -1.8333750E+04 -0.000E+00 -0.000E+00  0.000E+00
 -1.8333250E+04 -0.000E+00 -0.000E+00  0.000E+00
 -1.8332750E+04 -0.000E+00 -0.000E+00  0.000E+00
 -1.8332250E+04 -0.000E+00 -0.000E+00  0.000E+00
 -1.8331750E+04 -0.000E+00 -0.000E+00  0.000E+00
 -1.8331250E+04 -0.000E+00 -0.000E+00  0.000E+00
 -1.8330750E+04 -0.000E+00 -0.000E+00  0.000E+00
 -1.8330250E+04 -0.000E+00 -0.000E+00  0.000E+00
 -1.8329750E+04 -0.000E+00 -0.000E+00  0.000E+00
 -1.8329250E+04 -0.000E+00 -0.000E+00  0.000E+00
 -1.8328750E+04 -0.000E+00 -0.000E+00  0.000E+00
 -1.8328250E+04 -0.000E+00 -0.000E+00  0.000E+00
 -1.8327750E+04 -0.000E+00 -0.000E+00  0.000E+00
 -1.8327250E+04 -0.000E+00 -0.000E+00  0.000E+00
 -1.8326750E+04 -0.000E+00 -0.000E+00  0.000E+00
 -1.8326250E+04 -0.000E+00 -0.000E+00  0.000E+00
 -1.8325750E+04 -0.000E+00 -0.000E+00  0.000E+00
 -1.8325250E+04 -0.000E+00 -0.000E+00  0.000E+00
 -1.8324750E+04 -0.000E+00 -0.000E+00  0.000E+00
 -1.8324250E+04 -0.000E+00 -0.000E+00  0.000E+00
 -1.8323750E+04 -0.000E+00 -0.000E+00  0.000E+00
 -1.8323250E+04 -0.000E+00 -0.000E+00  0.000E+00
 -1.8322750E+04 -0.000E+00 -0.000E+00  0.000E+00
 -1.8322250E+04 -0.000E+00 -0.000E+00  0.000E+00
 -1.8321750E+04 -0.000E+00 -0.000E+00  0.000E+00
 -1.8321250E+04 -0.000E+00 -0.000E+00  0.000E+00
 -1.8320750E+04 -0.000E+00 -0.000E+00  0.000E+00
 -1.8320250E+04 -0.000E+00 -0.000E+00  0.000E+00
 -1.8319750E+04 -0.000E+00 -0.000E+00  0.000E+00
 -1.8319250E+04 -0.000E+00 -0.000E+00  0.000E+00
 -1.8318750E+04 -0.000E+00 -0.000E+00  0.000E+00
 -1.8318250E+04 -0.000E+00 -0.000E+00  0.000E+00
 -1.8317750E+04 -0.000E+00 -0.000E+00  0.000E+00
 -1.8317250E+04 -0.000E+00 -0.000E+00  0.000E+00
 -1.8316750E+04 -0.000E+00 -0.000E+00  0.000E+00
 -1.8316250E+04 -0.000E+00 -0.000E+00  0.000E+00
 -1.8315750E+04 -0.000E+00 -0.000E+00  0.000E+00
 -1.8315250E+04 -0.000E+00 -0.000E+00  0.000E+00
 -1.8314750E+04 -0.000E+00 -0.000E+00  0.000E+00
 -1.8314250E+04 -0.000E+00 -0.000E+00  0.000E+00
 -1.8313750E+04 -0.000E+00 -0.000E+00  0.000E+00
 -1.8313250E+04 -0.000E+00 -0.000E+00  0.000E+00
 -1.8312750E+04 -0.000E+00 -0.000E+00  0.000E+00
 -1.8312250E+04 -0.000E+00 -0.000E+00  0.000E+00
 -1.8311750E+04 -0.000E+00 -0.000E+00  0.000E+00
 -1.8311250E+04 -0.000E+00 -0.000E+00  0.000E+00
 -1.8310750E+04 -0.000E+00 -0.000E+00  0.000E+00
 -1.8310250E+04 -0.000E+00 -0.000E+00  0.000E+00
 -1.8309750E+04 -0.000E+00 -0.000E+00  0.000E+00
 -1.8309250E+04 -0.000E+00 -0.000E+00  0.000E+00
 -1.8308750E+04 -0.000E+00 -0.000E+00  0.000E+00
 -1.8308250E+04 -0.000E+00 -0.000E+00  0.000E+00
 -1.8307750E+04 -0.000E+00 -0.000E+00  0.000E+00
 -1.8307250E+04 -0.000E+00 -0.000E+00  0.000E+00
 -1.8306750E+04 -0.000E+00 -0.000E+00  0.000E+00
 -1.8306250E+04 -0.000E+00 -0.000E+00  0.000E+00
 -1.8305750E+04 -0.000E+00 -0.000E+00  0.000E+00
 -1.8305250E+04 -0.000E+00 -0.000E+00  0.000E+00
 -1.8304750E+04 -0.000E+00 -0.000E+00  0.000E+00
 -1.8304250E+04 -0.000E+00 -0.000E+00  0.000E+00
 -1.8303750E+04 -0.000E+00 -0.000E+00  0.000E+00
 -1.8303250E+04 -0.000E+00 -0.000E+00  0.000E+00
 -1.8302750E+04 -0.000E+00 -0.000E+00  0.000E+00
 -1.8302250E+04 -0.000E+00 -0.000E+00  0.000E+00
 -1.8301750E+04 -0.000E+00 -0.000E+00  0.000E+00
 -1.8301250E+04 -0.000E+00 -0.000E+00  0.000E+00
 -1.8300750E+04 -0.000E+00 -0.000E+00  0.000E+00
 -1.8300250E+04 -0.000E+00 -0.000E+00  0.000E+00
 -1.8299750E+04 -0.000E+00 -0.000E+00  0.000E+00
 -1.8299250E+04 -0.000E+00 -0.000E+00  0.000E+00
 -1.8298750E+04 -0.000E+00 -0.000E+00  0.000E+00
 -1.8298250E+04 -0.000E+00 -0.000E+00  0.000E+00
 -1.8297750E+04 -0.000E+00 -0.000E+00  0.000E+00
 -1.8297250E+04 -0.000E+00 -0.000E+00  0.000E+00
 -1.8296750E+04 -0.000E+00 -0.000E+00  0.000E+00
 -1.8296250E+04 -0.000E+00 -0.000E+00  0.000E+00
 -1.8295750E+04 -0.000E+00 -0.000E+00  0.000E+00
 -1.8295250E+04 -0.000E+00 -0.000E+00  0.000E+00
 -1.8294750E+04 -0.000E+00 -0.000E+00  0.000E+00
 -1.8294250E+04 -0.000E+00 -0.000E+00  0.000E+00
 -1.8293750E+04 -0.000E+00 -0.000E+00  0.000E+00
 -1.8293250E+04 -0.000E+00 -0.000E+00  0.000E+00
 -1.8292750E+04 -0.000E+00 -0.000E+00  0.000E+00
 -1.8292250E+04 -0.000E+00 -0.000E+00  0.000E+00
 -1.8291750E+04 -0.000E+00 -0.000E+00  0.000E+00
 -1.8291250E+04 -0.000E+00 -0.000E+00  0.000E+00
 -1.8290750E+04 -0.000E+00 -0.000E+00  0.000E+00
 -1.8290250E+04 -0.000E+00 -0.000E+00  0.000E+00
 -1.8289750E+04 -0.000E+00 -0.000E+00  0.000E+00
 -1.8289250E+04 -0.000E+00 -0.000E+00  0.000E+00
 -1.8288750E+04 -0.000E+00 -0.000E+00  0.000E+00
 -1.8288250E+04 -0.000E+00 -0.000E+00  0.000E+00
 -1.8287750E+04 -0.000E+00 -0.000E+00  0.000E+00
 -1.8287250E+04 -0.000E+00 -0.000E+00  0.000E+00
 -1.8286750E+04 -0.000E+00 -0.000E+00  0.000E+00
 -1.8286250E+04 -0.000E+00 -0.000E+00  0.000E+00
 -1.8285750E+04 -0.000E+00 -0.000E+00  0.000E+00
 -1.8285250E+04 -0.000E+00 -0.000E+00  0.000E+00
 -1.8284750E+04 -0.000E+00 -0.000E+00  0.000E+00
 -1.8284250E+04 -0.000E+00 -0.000E+00  0.000E+00
 -1.8283750E+04 -0.000E+00 -0.000E+00  0.000E+00
 -1.8283250E+04 -0.000E+00 -0.000E+00  0.000E+00
 -1.8282750E+04 -0.000E+00 -0.000E+00  0.000E+00
 -1.8282250E+04 -0.000E+00 -0.000E+00  0.000E+00
 -1.8281750E+04 -0.000E+00 -0.000E+00  0.000E+00
 -1.8281250E+04 -0.000E+00 -0.000E+00  0.000E+00
 -1.8280750E+04 -0.000E+00 -0.000E+00  0.000E+00
 -1.8280250E+04 -0.000E+00 -0.000E+00  0.000E+00
 -1.8279750E+04 -0.000E+00 -0.000E+00  0.000E+00
 -1.8279250E+04 -0.000E+00 -0.000E+00  0.000E+00
 -1.8278750E+04 -0.000E+00 -0.000E+00  0.000E+00
 -1.8278250E+04 -0.000E+00 -0.000E+00  0.000E+00
 -1.8277750E+04 -0.000E+00 -0.000E+00  0.000E+00
 -1.8277250E+04 -0.000E+00 -0.000E+00  0.000E+00
 -1.8276750E+04 -0.000E+00 -0.000E+00  0.000E+00
 -1.8276250E+04 -0.000E+00 -0.000E+00  0.000E+00
 -1.8275750E+04 -0.000E+00 -0.000E+00  0.000E+00
 -1.8275250E+04 -0.000E+00 -0.000E+00  0.000E+00
 -1.8274750E+04 -0.000E+00 -0.000E+00  0.000E+00
 -1.8274250E+04 -0.000E+00 -0.000E+00  0.000E+00
 -1.8273750E+04 -0.000E+00 -0.000E+00  0.000E+00
 -1.8273250E+04 -0.000E+00 -0.000E+00  0.000E+00
 -1.8272750E+04 -0.000E+00 -0.000E+00  0.000E+00
 -1.8272250E+04 -0.000E+00 -0.000E+00  0.000E+00
 -1.8271750E+04 -0.000E+00 -0.000E+00  0.000E+00
 -1.8271250E+04 -0.000E+00 -0.000E+00  0.000E+00
 -1.8270750E+04 -0.000E+00 -0.000E+00  0.000E+00
 -1.8270250E+04 -0.000E+00 -0.000E+00  0.000E+00
 -1.8269750E+04 -0.000E+00 -0.000E+00  0.000E+00
 -1.8269250E+04 -0.000E+00 -0.000E+00  0.000E+00
 -1.8268750E+04 -0.000E+00 -0.000E+00  0.000E+00
 -1.8268250E+04 -0.000E+00 -0.000E+00  0.000E+00
 -1.8267750E+04 -0.000E+00 -0.000E+00  0.000E+00
 -1.8267250E+04 -0.000E+00 -0.000E+00  0.000E+00
 -1.8266750E+04 -0.000E+00 -0.000E+00  0.000E+00
 -1.8266250E+04 -0.000E+00 -0.000E+00  0.000E+00
 -1.8265750E+04 -0.000E+00 -0.000E+00  0.000E+00
 -1.8265250E+04 -0.000E+00 -0.000E+00  0.000E+00
 -1.8264750E+04 -0.000E+00 -0.000E+00  0.000E+00
 -1.8264250E+04 -0.000E+00 -0.000E+00  0.000E+00
 -1.8263750E+04 -0.000E+00 -0.000E+00  0.000E+00
 -1.8263250E+04 -0.000E+00 -0.000E+00  0.000E+00
 -1.8262750E+04 -0.000E+00 -0.000E+00  0.000E+00
 -1.8262250E+04 -0.000E+00 -0.000E+00  0.000E+00
 -1.8261750E+04 -0.000E+00 -0.000E+00  0.000E+00
 -1.8261250E+04 -0.000E+00 -0.000E+00  0.000E+00
 -1.8260750E+04 -0.000E+00 -0.000E+00  0.000E+00
 -1.8260250E+04 -0.000E+00 -0.000E+00  0.000E+00
 -1.8259750E+04 -0.000E+00 -0.000E+00  0.000E+00
 -1.8259250E+04 -0.000E+00 -0.000E+00  0.000E+00
 -1.8258750E+04 -0.000E+00 -0.000E+00  0.000E+00
 -1.8258250E+04 -0.000E+00 -0.000E+00  0.000E+00
 -1.8257750E+04 -0.000E+00 -0.000E+00  0.000E+00
 -1.8257250E+04 -0.000E+00 -0.000E+00  0.000E+00
 -1.8256750E+04 -0.000E+00 -0.000E+00  0.000E+00
 -1.8256250E+04 -0.000E+00 -0.000E+00  0.000E+00
 -1.8255750E+04 -0.000E+00 -0.000E+00  0.000E+00
 -1.8255250E+04 -0.000E+00 -0.000E+00  0.000E+00
 -1.8254750E+04 -0.000E+00 -0.000E+00  0.000E+00
 -1.8254250E+04 -0.000E+00 -0.000E+00  0.000E+00
 -1.8253750E+04 -0.000E+00 -0.000E+00  0.000E+00
 -1.8253250E+04 -0.000E+00 -0.000E+00  0.000E+00
 -1.8252750E+04 -0.000E+00 -0.000E+00  0.000E+00
 -1.8252250E+04 -0.000E+00 -0.000E+00  0.000E+00
 -1.8251750E+04 -0.000E+00 -0.000E+00  0.000E+00
 -1.8251250E+04 -0.000E+00 -0.000E+00  0.000E+00
 -1.8250750E+04 -0.000E+00 -0.000E+00  0.000E+00
 -1.8250250E+04 -0.000E+00 -0.000E+00  0.000E+00
 -1.8249750E+04 -0.000E+00 -0.000E+00  0.000E+00
 -1.8249250E+04 -0.000E+00 -0.000E+00  0.000E+00
 -1.8248750E+04 -0.000E+00 -0.000E+00  0.000E+00
 -1.8248250E+04 -0.000E+00 -0.000E+00  0.000E+00
 -1.8247750E+04 -0.000E+00 -0.000E+00  0.000E+00
 -1.8247250E+04 -0.000E+00 -0.000E+00  0.000E+00
 -1.8246750E+04 -0.000E+00 -0.000E+00  0.000E+00
 -1.8246250E+04 -0.000E+00 -0.000E+00  0.000E+00
 -1.8245750E+04 -0.000E+00 -0.000E+00  0.000E+00
 -1.8245250E+04 -0.000E+00 -0.000E+00  0.000E+00
 -1.8244750E+04 -6.470E-06  7.681E-07 -1.593E-05
 -1.8244250E+04 -1.728E-05  7.882E-07 -3.904E-05
 -1.8243750E+04  6.925E-06  1.682E-05 -3.107E-05
 -1.8243250E+04  2.115E-05 -1.748E-05  9.207E-05
 -1.8242750E+04 -1.245E-03 -7.448E-04 -5.931E-04
 -1.8242250E+04 -3.488E-04 -2.851E-04  3.794E-05
 -1.8241750E+04  7.717E-05  1.631E-04 -2.848E-04
 -1.8241250E+04  1.016E-03 -2.703E-05  2.229E-03
 -1.8240750E+04  3.215E-04 -1.117E-04  9.866E-04
 -1.8240250E+04 -1.133E-03 -9.951E-04  3.118E-04
 -1.8239750E+04 -1.472E-03 -1.150E-03  2.395E-05
 -1.8239250E+04 -2.707E-03 -1.478E-03 -1.712E-03
 -1.8238750E+04 -3.532E-03 -1.717E-03 -2.829E-03
 -1.8238250E+04 -1.917E-03 -1.188E-03 -8.325E-04
 -1.8237750E+04 -4.269E-03 -4.649E-03  3.517E-03
 -1.8237250E+04 -1.772E-02 -1.064E-02 -8.844E-03
 -1.8236750E+04 -1.718E-02 -1.010E-02 -9.322E-03
 -1.8236250E+04 -7.006E-03 -5.777E-03  1.538E-03
 -1.8235750E+04 -1.525E-02 -7.947E-03 -1.062E-02
 -1.8235250E+04 -2.573E-02 -1.720E-02 -7.714E-03
 -1.8234750E+04 -1.258E-02 -1.176E-02  5.297E-03
 -1.8234250E+04 -3.732E-02 -2.791E-02 -2.857E-03
 -1.8233750E+04 -3.070E-02 -1.059E-02 -3.564E-02
 -1.8233250E+04 -2.043E-02 -1.084E-02 -1.352E-02
 -1.8232750E+04 -1.730E-02 -1.302E-02 -1.212E-03
 -1.8232250E+04 -5.236E-02 -3.727E-02 -9.412E-03
 -1.8231750E+04 -3.729E-02 -2.264E-02 -1.715E-02
 -1.8231250E+04 -3.802E-02 -1.689E-02 -3.414E-02
 -1.8230750E+04 -5.026E-02 -3.586E-02 -8.809E-03
 -1.8230250E+04 -3.799E-02 -2.718E-02 -6.422E-03
 -1.8229750E+04 -5.998E-02 -3.735E-02 -2.522E-02
 -1.8229250E+04 -5.022E-02 -2.356E-02 -4.148E-02
 -1.8228750E+04 -6.911E-02 -4.262E-02 -2.993E-02
 -1.8228250E+04 -9.032E-02 -4.649E-02 -6.341E-02
 -1.8227750E+04 -9.554E-02 -6.304E-02 -2.998E-02
 -1.8227250E+04 -7.285E-02 -5.615E-02 -1.140E-03
 -1.8226750E+04 -9.496E-02 -6.741E-02 -1.703E-02
 -1.8226250E+04 -1.382E-01 -8.448E-02 -6.130E-02
 -1.8225750E+04 -1.615E-01 -1.122E-01 -3.550E-02
 -1.8225250E+04 -1.754E-01 -1.038E-01 -8.676E-02
 -1.8224750E+04 -1.830E-01 -1.064E-01 -9.570E-02
 -1.8224250E+04 -2.296E-01 -1.491E-01 -7.794E-02
 -1.8223750E+04 -1.905E-01 -1.244E-01 -6.265E-02
 -1.8223250E+04 -2.721E-01 -1.762E-01 -9.392E-02
 -1.8222750E+04 -2.455E-01 -1.399E-01 -1.351E-01
 -1.8222250E+04 -2.797E-01 -1.903E-01 -7.162E-02
 -1.8221750E+04 -3.338E-01 -2.137E-01 -1.210E-01
 -1.8221250E+04 -4.082E-01 -2.520E-01 -1.727E-01
 -1.8220750E+04 -5.156E-01 -3.318E-01 -1.817E-01
 -1.8220250E+04 -4.503E-01 -2.753E-01 -1.969E-01
 -1.8219750E+04 -4.581E-01 -2.901E-01 -1.742E-01
 -1.8219250E+04 -5.630E-01 -3.556E-01 -2.158E-01
 -1.8218750E+04 -5.777E-01 -3.355E-01 -2.975E-01
 -1.8218250E+04 -6.802E-01 -4.211E-01 -2.815E-01
 -1.8217750E+04 -6.067E-01 -3.477E-01 -3.251E-01
 -1.8217250E+04 -7.826E-01 -4.776E-01 -3.420E-01
 -1.8216750E+04 -7.939E-01 -4.725E-01 -3.780E-01
 -1.8216250E+04 -7.952E-01 -4.757E-01 -3.719E-01
 -1.8215750E+04 -8.668E-01 -5.307E-01 -3.722E-01
 -1.8215250E+04 -9.571E-01 -6.092E-01 -3.506E-01
 -1.8214750E+04 -9.311E-01 -5.859E-01 -3.571E-01
 -1.8214250E+04 -1.142E+00 -7.162E-01 -4.437E-01
 -1.8213750E+04 -1.165E+00 -7.078E-01 -5.139E-01
 -1.8213250E+04 -1.163E+00 -7.294E-01 -4.514E-01
 -1.8212750E+04 -1.467E+00 -8.522E-01 -7.470E-01
 -1.8212250E+04 -1.426E+00 -8.038E-01 -7.884E-01
 -1.8211750E+04 -1.289E+00 -7.008E-01 -7.785E-01
 -1.8211250E+04 -1.438E+00 -8.414E-01 -7.137E-01
 -1.8210750E+04 -1.681E+00 -1.012E+00 -7.592E-01
 -1.8210250E+04 -1.693E+00 -1.055E+00 -6.693E-01
 -1.8209750E+04 -1.757E+00 -1.071E+00 -7.551E-01
 -1.8209250E+04 -1.881E+00 -1.117E+00 -8.854E-01
 -1.8208750E+04 -2.032E+00 -1.210E+00 -9.496E-01
 -1.8208250E+04 -2.075E+00 -1.258E+00 -9.094E-01
 -1.8207750E+04 -2.103E+00 -1.199E+00 -1.115E+00
 -1.8207250E+04 -2.244E+00 -1.415E+00 -8.382E-01
 -1.8206750E+04 -2.381E+00 -1.386E+00 -1.189E+00
 -1.8206250E+04 -2.477E+00 -1.482E+00 -1.131E+00
 -1.8205750E+04 -2.375E+00 -1.476E+00 -9.373E-01
 -1.8205250E+04 -2.604E+00 -1.549E+00 -1.207E+00
 -1.8204750E+04 -2.612E+00 -1.594E+00 -1.107E+00
 -1.8204250E+04 -2.684E+00 -1.665E+00 -1.064E+00
 -1.8203750E+04 -2.719E+00 -1.694E+00 -1.059E+00
 -1.8203250E+04 -3.055E+00 -1.802E+00 -1.449E+00
 -1.8202750E+04 -3.074E+00 -1.807E+00 -1.474E+00
 -1.8202250E+04 -3.376E+00 -1.891E+00 -1.856E+00
 -1.8201750E+04 -2.982E+00 -1.755E+00 -1.419E+00
 -1.8201250E+04 -3.520E+00 -2.035E+00 -1.768E+00
 -1.8200750E+04 -3.431E+00 -2.073E+00 -1.490E+00
 -1.8200250E+04 -3.507E+00 -1.997E+00 -1.838E+00
 -1.8199750E+04 -3.629E+00 -2.092E+00 -1.832E+00
 -1.8199250E+04 -3.644E+00 -2.136E+00 -1.747E+00
 -1.8198750E+04 -3.792E+00 -2.286E+00 -1.653E+00
 -1.8198250E+04 -3.653E+00 -2.106E+00 -1.836E+00
 -1.8197750E+04 -3.863E+00 -2.427E+00 -1.429E+00
 -1.8197250E+04 -4.083E+00 -2.363E+00 -2.025E+00
 -1.8196750E+04 -3.816E+00 -2.169E+00 -1.993E+00
 -1.8196250E+04 -3.767E+00 -2.037E+00 -2.233E+00
 -1.8195750E+04 -3.781E+00 -2.279E+00 -1.637E+00
 -1.8195250E+04 -4.202E+00 -2.343E+00 -2.304E+00
 -1.8194750E+04 -4.301E+00 -2.699E+00 -1.583E+00
 -1.8194250E+04 -4.317E+00 -2.523E+00 -2.064E+00
 -1.8193750E+04 -4.582E+00 -2.781E+00 -1.925E+00
 -1.8193250E+04 -4.115E+00 -2.387E+00 -2.010E+00
 -1.8192750E+04 -4.314E+00 -2.532E+00 -2.030E+00
 -1.8192250E+04 -4.373E+00 -2.592E+00 -1.986E+00
 -1.8191750E+04 -4.544E+00 -2.685E+00 -2.088E+00
 -1.8191250E+04 -4.723E+00 -2.719E+00 -2.346E+00
 -1.8190750E+04 -4.504E+00 -2.651E+00 -2.089E+00
 -1.8190250E+04 -4.957E+00 -2.826E+00 -2.531E+00
 -1.8189750E+04 -4.745E+00 -2.742E+00 -2.324E+00
 -1.8189250E+04 -4.514E+00 -2.477E+00 -2.547E+00
 -1.8188750E+04 -4.449E+00 -2.569E+00 -2.179E+00
 -1.8188250E+04 -4.750E+00 -2.837E+00 -2.084E+00
 -1.8187750E+04 -4.873E+00 -2.741E+00 -2.569E+00
 -1.8187250E+04 -4.941E+00 -2.944E+00 -2.182E+00
 -1.8186750E+04 -4.678E+00 -2.786E+00 -2.068E+00
 -1.8186250E+04 -4.663E+00 -2.769E+00 -2.076E+00
 -1.8185750E+04 -4.695E+00 -2.782E+00 -2.101E+00
 -1.8185250E+04 -4.889E+00 -2.928E+00 -2.106E+00
 -1.8184750E+04 -4.479E+00 -2.639E+00 -2.044E+00
 -1.8184250E+04 -4.690E+00 -2.750E+00 -2.169E+00
 -1.8183750E+04 -4.373E+00 -2.576E+00 -1.984E+00
 -1.8183250E+04 -5.033E+00 -2.881E+00 -2.498E+00
 -1.8182750E+04 -4.854E+00 -2.754E+00 -2.465E+00
 -1.8182250E+04 -4.428E+00 -2.352E+00 -2.650E+00
 -1.8181750E+04 -4.877E+00 -2.984E+00 -1.928E+00
 -1.8181250E+04 -4.274E+00 -2.437E+00 -2.131E+00
 -1.8180750E+04 -4.429E+00 -2.634E+00 -1.934E+00
 -1.8180250E+04 -4.599E+00 -2.635E+00 -2.255E+00
 -1.8179750E+04 -4.482E+00 -2.540E+00 -2.270E+00
 -1.8179250E+04 -4.681E+00 -2.734E+00 -2.164E+00
 -1.8178750E+04 -4.616E+00 -2.758E+00 -1.974E+00
 -1.8178250E+04 -4.358E+00 -2.428E+00 -2.306E+00
 -1.8177750E+04 -4.007E+00 -2.218E+00 -2.147E+00
 -1.8177250E+04 -4.067E+00 -2.372E+00 -1.877E+00
 -1.8176750E+04 -3.983E+00 -2.305E+00 -1.877E+00
 -1.8176250E+04 -4.107E+00 -2.347E+00 -2.008E+00
 -1.8175750E+04 -4.347E+00 -2.660E+00 -1.686E+00
 -1.8175250E+04 -3.967E+00 -2.326E+00 -1.786E+00
 -1.8174750E+04 -4.309E+00 -2.475E+00 -2.075E+00
 -1.8174250E+04 -4.272E+00 -2.343E+00 -2.335E+00
 -1.8173750E+04 -3.814E+00 -2.257E+00 -1.659E+00
 -1.8173250E+04 -3.575E+00 -2.225E+00 -1.285E+00
 -1.8172750E+04 -3.848E+00 -2.185E+00 -1.903E+00
 -1.8172250E+04 -3.867E+00 -2.223E+00 -1.838E+00
 -1.8171750E+04 -4.042E+00 -2.100E+00 -2.479E+00
 -1.8171250E+04 -4.034E+00 -2.305E+00 -1.951E+00
 -1.8170750E+04 -3.892E+00 -2.299E+00 -1.695E+00
 -1.8170250E+04 -3.499E+00 -2.062E+00 -1.530E+00
 -1.8169750E+04 -3.396E+00 -2.014E+00 -1.450E+00
 -1.8169250E+04 -3.507E+00 -1.952E+00 -1.820E+00
 -1.8168750E+04 -3.350E+00 -1.983E+00 -1.433E+00
 -1.8168250E+04 -3.241E+00 -1.907E+00 -1.409E+00
 -1.8167750E+04 -2.903E+00 -1.617E+00 -1.486E+00
 -1.8167250E+04 -3.206E+00 -1.755E+00 -1.725E+00
 -1.8166750E+04 -3.224E+00 -1.919E+00 -1.348E+00
 -1.8166250E+04 -3.096E+00 -1.760E+00 -1.491E+00
 -1.8165750E+04 -2.868E+00 -1.838E+00 -8.640E-01
 -1.8165250E+04 -3.004E+00 -1.762E+00 -1.313E+00
 -1.8164750E+04 -2.844E+00 -1.552E+00 -1.532E+00
 -1.8164250E+04 -3.206E+00 -1.698E+00 -1.858E+00
 -1.8163750E+04 -2.933E+00 -1.561E+00 -1.686E+00
 -1.8163250E+04 -2.362E+00 -1.288E+00 -1.260E+00
 -1.8162750E+04 -2.883E+00 -1.716E+00 -1.255E+00
 -1.8162250E+04 -2.538E+00 -1.419E+00 -1.162E+00
 -1.8161750E+04 -2.052E+00 -1.237E+00 -8.437E-01
 -1.8161250E+04 -2.831E+00 -1.525E+00 -1.568E+00
 -1.8160750E+04 -2.172E+00 -1.185E+00 -1.085E+00
 -1.8160250E+04 -2.134E+00 -1.133E+00 -1.271E+00
 -1.8159750E+04 -2.045E+00 -1.016E+00 -1.327E+00
 -1.8159250E+04 -2.115E+00 -1.215E+00 -9.640E-01
 -1.8158750E+04 -2.269E+00 -1.387E+00 -8.241E-01
 -1.8158250E+04 -2.100E+00 -1.179E+00 -1.023E+00
 -1.8157750E+04 -2.389E+00 -1.465E+00 -8.639E-01
 -1.8157250E+04 -2.026E+00 -1.261E+00 -6.866E-01
 -1.8156750E+04 -1.621E+00 -7.649E-01 -1.117E+00
 -1.8156250E+04 -1.394E+00 -7.638E-01 -7.005E-01
 -1.8155750E+04 -1.581E+00 -1.107E+00 -2.204E-01
 -1.8155250E+04 -1.311E+00 -4.746E-01 -1.254E+00
 -1.8154750E+04 -1.280E+00 -8.781E-01 -1.880E-01
 -1.8154250E+04 -1.686E+00 -1.079E+00 -4.775E-01
 -1.8153750E+04 -1.065E+00 -5.721E-01 -5.590E-01
 -1.8153250E+04 -1.684E+00 -1.029E+00 -5.931E-01
 -1.8152750E+04 -9.249E-01 -3.739E-01 -7.823E-01
 -1.8152250E+04 -1.097E+00 -5.119E-01 -7.678E-01
 -1.8151750E+04 -1.081E+00 -5.535E-01 -6.297E-01
 -1.8151250E+04 -8.758E-01 -5.309E-01 -2.729E-01
 -1.8150750E+04 -1.087E+00 -5.099E-01 -7.459E-01
 -1.8150250E+04 -1.032E+00 -7.058E-01 -1.685E-01
 -1.8149750E+04 -8.691E-01 -4.413E-01 -4.953E-01
 -1.8149250E+04 -8.867E-01 -2.943E-01 -8.933E-01
 -1.8148750E+04 -1.139E+00 -6.514E-01 -4.929E-01
 -1.8148250E+04 -1.949E-01 -2.998E-02 -2.494E-01
 -1.8147750E+04 -4.414E-01 -3.982E-01  1.855E-01
 -1.8147250E+04 -7.744E-01 -4.322E-01 -3.547E-01
 -1.8146750E+04 -6.616E-01 -2.587E-01 -5.601E-01
 -1.8146250E+04 -6.196E-01 -2.938E-01 -3.938E-01
 -1.8145750E+04 -7.828E-02  1.175E-01 -3.906E-01
 -1.8145250E+04 -4.176E-01 -8.661E-02 -5.112E-01
 -1.8144750E+04 -5.248E-01 -3.054E-01 -1.736E-01
 -1.8144250E+04 -2.557E-01 -6.957E-02 -2.501E-01
 -1.8143750E+04 -3.162E-01 -2.412E-01  3.214E-02
 -1.8143250E+04 -1.096E-01 -1.573E-01  2.219E-01
 -1.8142750E+04 -2.917E-01 -9.722E-02 -2.863E-01
 -1.8142250E+04  2.198E-02  4.723E-02 -4.344E-02
 -1.8141750E+04 -9.598E-02  5.360E-02 -2.268E-01
 -1.8141250E+04 -3.307E-01 -2.387E-01 -8.003E-03
 -1.8140750E+04  3.719E-01  2.248E-01  1.968E-01
 -1.8140250E+04 -1.660E-01 -4.310E-02 -1.620E-01
 -1.8139750E+04  2.298E-01  1.506E-01  1.162E-01
 -1.8139250E+04  2.615E-01  2.394E-01 -5.281E-02
 -1.8138750E+04 -1.659E-01 -1.573E-01  1.255E-01
 -1.8138250E+04  3.994E-02  3.198E-02  4.034E-02
 -1.8137750E+04  1.668E-01  2.396E-01 -2.243E-01
 -1.8137250E+04  2.227E-01  3.340E-01 -3.410E-01
 -1.8136750E+04  8.570E-02  6.859E-02  3.708E-02
 -1.8136250E+04  3.257E-01  2.379E-01  7.433E-02
 -1.8135750E+04  2.831E-01  1.771E-01  1.357E-01
 -1.8135250E+04  5.125E-01  4.900E-01 -1.913E-01
 -1.8134750E+04  5.634E-01  3.651E-01  2.066E-01
 -1.8134250E+04  3.441E-01  1.944E-01  2.144E-01
 -1.8133750E+04  1.961E-01  2.023E-01 -7.798E-02
 -1.8133250E+04  5.628E-01  4.047E-01  1.107E-01
 -1.8132750E+04  6.929E-01  2.245E-01  7.834E-01
 -1.8132250E+04  6.494E-01  3.154E-01  4.811E-01
 -1.8131750E+04  6.622E-01  4.545E-01  1.764E-01
 -1.8131250E+04  5.101E-01  4.590E-01 -1.147E-01
 -1.8130750E+04  4.693E-01  3.492E-01  6.717E-02
 -1.8130250E+04  1.120E+00  6.931E-01  4.332E-01
 -1.8129750E+04  8.042E-01  5.491E-01  1.926E-01
 -1.8129250E+04  6.500E-01  3.952E-01  2.871E-01
 -1.8128750E+04  7.406E-01  3.635E-01  5.334E-01
 -1.8128250E+04  7.499E-01  4.585E-01  3.334E-01
 -1.8127750E+04  9.432E-01  6.380E-01  2.479E-01
 -1.8127250E+04  9.169E-01  5.279E-01  4.643E-01
 -1.8126750E+04  5.181E-01  3.918E-01  6.354E-02
 -1.8126250E+04  7.460E-01  4.769E-01  2.789E-01
 -1.8125750E+04  1.020E+00  5.819E-01  5.134E-01
 -1.8125250E+04  9.711E-01  5.571E-01  4.881E-01
 -1.8124750E+04  7.237E-01  4.113E-01  3.946E-01
 -1.8124250E+04  1.005E+00  5.053E-01  6.718E-01
 -1.8123750E+04  8.896E-01  4.923E-01  4.947E-01
 -1.8123250E+04  1.117E+00  6.344E-01  5.766E-01
 -1.8122750E+04  9.722E-01  4.988E-01  6.326E-01
 -1.8122250E+04  1.188E+00  7.350E-01  4.536E-01
 -1.8121750E+04  9.809E-01  6.832E-01  1.982E-01
 -1.8121250E+04  6.974E-01  4.325E-01  3.005E-01
 -1.8120750E+04  1.040E+00  4.622E-01  8.427E-01
 -1.8120250E+04  1.094E+00  7.236E-01  3.202E-01
 -1.8119750E+04  1.100E+00  6.893E-01  3.979E-01
 -1.8119250E+04  1.013E+00  6.695E-01  3.051E-01
 -1.8118750E+04  7.594E-01  4.892E-01  2.690E-01
 -1.8118250E+04  1.006E+00  5.225E-01  6.378E-01
 -1.8117750E+04  8.041E-01  3.921E-01  5.734E-01
 -1.8117250E+04  9.864E-01  5.593E-01  5.154E-01
 -1.8116750E+04  1.214E+00  7.398E-01  4.882E-01
 -1.8116250E+04  1.283E+00  7.767E-01  5.319E-01
 -1.8115750E+04  1.125E+00  7.856E-01  2.176E-01
 -1.8115250E+04  1.116E+00  6.940E-01  4.208E-01
 -1.8114750E+04  1.164E+00  7.053E-01  4.818E-01
 -1.8114250E+04  1.158E+00  7.628E-01  3.379E-01
 -1.8113750E+04  1.179E+00  7.713E-01  3.480E-01
 -1.8113250E+04  1.191E+00  6.598E-01  6.414E-01
 -1.8112750E+04  1.154E+00  6.787E-01  5.126E-01
 -1.8112250E+04  1.124E+00  7.707E-01  2.668E-01
 -1.8111750E+04  1.122E+00  6.671E-01  4.980E-01
 -1.8111250E+04  1.291E+00  8.887E-01  2.799E-01
 -1.8110750E+04  1.314E+00  7.454E-01  6.604E-01
 -1.8110250E+04  1.043E+00  5.697E-01  5.862E-01
 -1.8109750E+04  1.202E+00  7.325E-01  4.894E-01
 -1.8109250E+04  1.263E+00  7.141E-01  6.294E-01
 -1.8108750E+04  1.008E+00  5.318E-01  6.209E-01
 -1.8108250E+04  1.219E+00  8.289E-01  2.801E-01
 -1.8107750E+04  1.286E+00  8.513E-01  3.538E-01
 -1.8107250E+04  1.142E+00  6.700E-01  5.274E-01
 -1.8106750E+04  1.279E+00  6.377E-01  8.436E-01
 -1.8106250E+04  1.162E+00  6.461E-01  6.145E-01
 -1.8105750E+04  1.303E+00  8.982E-01  2.705E-01
 -1.8105250E+04  1.073E+00  6.923E-01  3.562E-01
 -1.8104750E+04  1.248E+00  6.427E-01  7.825E-01
 -1.8104250E+04  1.258E+00  6.772E-01  7.123E-01
 -1.8103750E+04  1.499E+00  8.885E-01  6.583E-01
 -1.8103250E+04  1.200E+00  7.264E-01  5.006E-01
 -1.8102750E+04  1.238E+00  7.108E-01  5.972E-01
 -1.8102250E+04  1.256E+00  7.306E-01  5.722E-01
 -1.8101750E+04  1.293E+00  7.631E-01  5.718E-01
 -1.8101250E+04  1.141E+00  7.006E-01  4.606E-01
 -1.8100750E+04  1.220E+00  7.440E-01  4.903E-01
 -1.8100250E+04  1.263E+00  6.836E-01  7.048E-01
 -1.8099750E+04  1.206E+00  7.322E-01  4.894E-01
 -1.8099250E+04  1.122E+00  6.537E-01  5.253E-01
 -1.8098750E+04  1.118E+00  7.506E-01  2.985E-01
 -1.8098250E+04  1.370E+00  7.810E-01  6.653E-01
 -1.8097750E+04  1.326E+00  7.535E-01  6.546E-01
 -1.8097250E+04  1.102E+00  6.175E-01  5.675E-01
 -1.8096750E+04  1.094E+00  6.156E-01  5.687E-01
 -1.8096250E+04  1.394E+00  9.326E-01  3.575E-01
 -1.8095750E+04  1.257E+00  7.474E-01  5.519E-01
 -1.8095250E+04  1.279E+00  7.553E-01  5.542E-01
 -1.8094750E+04  1.308E+00  7.830E-01  5.499E-01
 -1.8094250E+04  1.185E+00  7.738E-01  3.648E-01
 -1.8093750E+04  1.313E+00  7.382E-01  6.562E-01
 -1.8093250E+04  1.221E+00  6.444E-01  7.085E-01
 -1.8092750E+04  1.200E+00  7.987E-01  3.204E-01
 -1.8092250E+04  9.043E-01  4.498E-01  6.167E-01
 -1.8091750E+04  1.308E+00  8.051E-01  4.932E-01
 -1.8091250E+04  1.425E+00  8.285E-01  6.381E-01
 -1.8090750E+04  1.312E+00  6.974E-01  7.587E-01
 -1.8090250E+04  1.179E+00  7.150E-01  4.920E-01
 -1.8089750E+04  1.320E+00  7.862E-01  5.690E-01
 -1.8089250E+04  1.178E+00  6.819E-01  5.517E-01
 -1.8088750E+04  1.369E+00  7.278E-01  7.808E-01
 -1.8088250E+04  1.329E+00  7.681E-01  6.295E-01
 -1.8087750E+04  9.363E-01  5.351E-01  4.725E-01
 -1.8087250E+04  1.226E+00  7.502E-01  4.681E-01
 -1.8086750E+04  1.230E+00  7.218E-01  5.442E-01
 -1.8086250E+04  1.273E+00  7.871E-01  4.718E-01
 -1.8085750E+04  1.084E+00  6.026E-01  5.612E-01
 -1.8085250E+04  1.260E+00  7.167E-01  6.203E-01
 -1.8084750E+04  1.007E+00  5.733E-01  5.073E-01
 -1.8084250E+04  1.110E+00  6.804E-01  4.372E-01
 -1.8083750E+04  1.182E+00  7.312E-01  4.446E-01
 -1.8083250E+04  1.315E+00  8.366E-01  4.379E-01
 -1.8082750E+04  1.270E+00  7.233E-01  6.073E-01
 -1.8082250E+04  1.190E+00  6.721E-01  5.875E-01
 -1.8081750E+04  1.137E+00  7.062E-01  4.182E-01
 -1.8081250E+04  1.160E+00  6.086E-01  6.905E-01
 -1.8080750E+04  1.170E+00  6.870E-01  5.287E-01
 -1.8080250E+04  1.328E+00  7.369E-01  6.870E-01
 -1.8079750E+04  1.048E+00  6.151E-01  4.661E-01
 -1.8079250E+04  1.157E+00  6.895E-01  4.917E-01
 -1.8078750E+04  1.175E+00  6.248E-01  6.898E-01
 -1.8078250E+04  1.207E+00  6.991E-01  5.611E-01
 -1.8077750E+04  1.064E+00  6.109E-01  5.254E-01
 -1.8077250E+04  1.288E+00  7.375E-01  6.158E-01
 -1.8076750E+04  1.470E+00  9.987E-01  3.275E-01
 -1.8076250E+04  1.079E+00  5.986E-01  5.661E-01
 -1.8075750E+04  1.113E+00  6.864E-01  4.075E-01
 -1.8075250E+04  1.156E+00  7.121E-01  4.344E-01
 -1.8074750E+04  1.173E+00  6.337E-01  6.619E-01
 -1.8074250E+04  1.090E+00  6.074E-01  5.618E-01
 -1.8073750E+04  1.140E+00  6.763E-01  4.821E-01
 -1.8073250E+04  9.816E-01  5.512E-01  5.062E-01
 -1.8072750E+04  1.171E+00  6.690E-01  5.725E-01
 -1.8072250E+04  1.027E+00  5.961E-01  4.756E-01
 -1.8071750E+04  1.153E+00  6.551E-01  5.674E-01
 -1.8071250E+04  1.072E+00  6.334E-01  4.674E-01
 -1.8070750E+04  1.030E+00  5.070E-01  6.921E-01
 -1.8070250E+04  9.831E-01  5.770E-01  4.463E-01
 -1.8069750E+04  1.051E+00  6.598E-01  3.761E-01
 -1.8069250E+04  9.957E-01  5.330E-01  5.638E-01
 -1.8068750E+04  1.306E+00  8.001E-01  4.947E-01
 -1.8068250E+04  1.051E+00  6.154E-01  4.674E-01
 -1.8067750E+04  1.055E+00  6.118E-01  4.822E-01
 -1.8067250E+04  1.137E+00  6.809E-01  4.674E-01
 -1.8066750E+04  1.187E+00  7.689E-01  3.603E-01
 -1.8066250E+04  1.099E+00  6.430E-01  4.899E-01
 -1.8065750E+04  1.008E+00  5.814E-01  4.859E-01
 -1.8065250E+04  1.006E+00  5.904E-01  4.613E-01
 -1.8064750E+04  9.903E-01  4.778E-01  6.900E-01
 -1.8064250E+04  1.083E+00  6.210E-01  5.159E-01
 -1.8063750E+04  9.906E-01  4.727E-01  6.998E-01
 -1.8063250E+04  1.016E+00  5.694E-01  5.081E-01
 -1.8062750E+04  1.039E+00  6.364E-01  4.106E-01
 -1.8062250E+04  1.119E+00  6.583E-01  4.822E-01
 -1.8061750E+04  1.063E+00  6.421E-01  4.314E-01
 -1.8061250E+04  1.034E+00  6.366E-01  3.847E-01
 -1.8060750E+04  9.586E-01  5.006E-01  5.627E-01
 -1.8060250E+04  8.775E-01  5.292E-01  3.701E-01
 -1.8059750E+04  9.821E-01  5.065E-01  5.820E-01
 -1.8059250E+04  1.005E+00  5.786E-01  4.798E-01
 -1.8058750E+04  1.036E+00  7.039E-01  2.396E-01
 -1.8058250E+04  1.046E+00  5.810E-01  5.518E-01
 -1.8057750E+04  1.047E+00  5.996E-01  4.991E-01
 -1.8057250E+04  1.132E+00  6.901E-01  4.280E-01
 -1.8056750E+04  8.254E-01  4.800E-01  3.924E-01
 -1.8056250E+04  9.148E-01  5.569E-01  3.542E-01
 -1.8055750E+04  1.166E+00  6.734E-01  5.421E-01
 -1.8055250E+04  9.882E-01  5.211E-01  5.754E-01
 -1.8054750E+04  9.945E-01  5.830E-01  4.488E-01
 -1.8054250E+04  9.432E-01  5.850E-01  3.453E-01
 -1.8053750E+04  7.905E-01  4.402E-01  4.079E-01
 -1.8053250E+04  1.054E+00  5.992E-01  5.185E-01
 -1.8052750E+04  9.897E-01  5.758E-01  4.651E-01
 -1.8052250E+04  1.008E+00  5.944E-01  4.405E-01
 -1.8051750E+04  8.381E-01  4.253E-01  5.241E-01
 -1.8051250E+04  9.804E-01  5.722E-01  4.401E-01
 -1.8050750E+04  9.297E-01  5.482E-01  4.051E-01
 -1.8050250E+04  7.766E-01  4.266E-01  4.192E-01
 -1.8049750E+04  9.942E-01  6.309E-01  3.444E-01
 -1.8049250E+04  1.001E+00  5.668E-01  4.880E-01
 -1.8048750E+04  9.360E-01  5.498E-01  4.140E-01
 -1.8048250E+04  9.360E-01  5.962E-01  3.123E-01
 -1.8047750E+04  8.711E-01  4.607E-01  5.106E-01
 -1.8047250E+04  8.404E-01  3.816E-01  6.391E-01
 -1.8046750E+04  1.045E+00  6.093E-01  4.737E-01
 -1.8046250E+04  9.443E-01  5.138E-01  5.144E-01
 -1.8045750E+04  9.407E-01  5.833E-01  3.596E-01
 -1.8045250E+04  8.632E-01  5.034E-01  3.902E-01
 -1.8044750E+04  8.564E-01  5.113E-01  3.657E-01
 -1.8044250E+04  8.643E-01  5.107E-01  3.670E-01
 -1.8043750E+04  8.346E-01  4.341E-01  4.974E-01
 -1.8043250E+04  1.055E+00  5.992E-01  5.107E-01
 -1.8042750E+04  8.100E-01  4.688E-01  3.864E-01
 -1.8042250E+04  8.256E-01  4.886E-01  3.690E-01
 -1.8041750E+04  8.106E-01  4.680E-01  3.795E-01
 -1.8041250E+04  9.021E-01  5.378E-01  3.852E-01
 -1.8040750E+04  8.009E-01  4.425E-01  4.195E-01
 -1.8040250E+04  7.995E-01  4.567E-01  3.830E-01
 -1.8039750E+04  8.428E-01  4.545E-01  4.629E-01
 -1.8039250E+04  7.806E-01  4.387E-01  3.965E-01
 -1.8038750E+04  8.740E-01  5.372E-01  3.332E-01
 -1.8038250E+04  8.474E-01  5.024E-01  3.620E-01
 -1.8037750E+04  8.882E-01  4.859E-01  4.808E-01
 -1.8037250E+04  8.106E-01  4.751E-01  3.618E-01
 -1.8036750E+04  7.604E-01  4.085E-01  4.270E-01
 -1.8036250E+04  8.161E-01  4.199E-01  5.037E-01
 -1.8035750E+04  8.478E-01  4.303E-01  5.282E-01
 -1.8035250E+04  8.843E-01  5.136E-01  4.050E-01
 -1.8034750E+04  8.118E-01  4.342E-01  4.715E-01
 -1.8034250E+04  8.478E-01  4.650E-01  4.581E-01
 -1.8033750E+04  7.886E-01  4.956E-01  2.785E-01
 -1.8033250E+04  8.143E-01  4.694E-01  3.771E-01
 -1.8032750E+04  8.327E-01  5.545E-01  2.132E-01
 -1.8032250E+04  9.540E-01  5.567E-01  4.247E-01
 -1.8031750E+04  9.272E-01  5.067E-01  4.923E-01
 -1.8031250E+04  7.560E-01  4.717E-01  2.716E-01
 -1.8030750E+04  6.647E-01  3.558E-01  3.873E-01
 -1.8030250E+04  6.532E-01  3.313E-01  4.187E-01
 -1.8029750E+04  8.766E-01  4.921E-01  4.389E-01
 -1.8029250E+04  8.513E-01  5.184E-01  3.266E-01
 -1.8028750E+04  8.041E-01  4.962E-01  2.937E-01
 -1.8028250E+04  7.744E-01  3.972E-01  4.738E-01
 -1.8027750E+04  7.370E-01  4.189E-01  3.766E-01
 -1.8027250E+04  7.784E-01  4.366E-01  3.796E-01
 -1.8026750E+04  8.131E-01  5.138E-01  2.813E-01
 -1.8026250E+04  6.691E-01  3.577E-01  3.768E-01
 -1.8025750E+04  7.074E-01  4.384E-01  2.589E-01
 -1.8025250E+04  6.797E-01  4.127E-01  2.660E-01
 -1.8024750E+04  6.940E-01  3.856E-01  3.625E-01
 -1.8024250E+04  7.658E-01  4.287E-01  4.064E-01
 -1.8023750E+04  8.168E-01  4.419E-01  4.534E-01
 -1.8023250E+04  7.397E-01  4.821E-01  2.179E-01
 -1.8022750E+04  7.649E-01  5.308E-01  1.562E-01
 -1.8022250E+04  6.762E-01  3.706E-01  3.726E-01
 -1.8021750E+04  6.726E-01  3.791E-01  3.394E-01
 -1.8021250E+04  7.882E-01  4.360E-01  4.097E-01
 -1.8020750E+04  7.648E-01  4.426E-01  3.481E-01
 -1.8020250E+04  6.803E-01  3.535E-01  4.149E-01
 -1.8019750E+04  5.995E-01  3.561E-01  2.692E-01
 -1.8019250E+04  6.648E-01  3.390E-01  4.258E-01
 -1.8018750E+04  7.961E-01  4.531E-01  3.888E-01
 -1.8018250E+04  7.419E-01  3.823E-01  4.513E-01
 -1.8017750E+04  7.054E-01  3.949E-01  3.451E-01
 -1.8017250E+04  6.983E-01  4.319E-01  2.609E-01
 -1.8016750E+04  7.280E-01  4.375E-01  2.933E-01
 -1.8016250E+04  7.257E-01  4.432E-01  2.743E-01
 -1.8015750E+04  6.814E-01  3.620E-01  3.934E-01
 -1.8015250E+04  6.901E-01  3.791E-01  3.679E-01
 -1.8014750E+04  7.476E-01  4.898E-01  2.064E-01
 -1.8014250E+04  6.277E-01  2.986E-01  4.469E-01
 -1.8013750E+04  5.521E-01  2.735E-01  3.752E-01
 -1.8013250E+04  6.749E-01  4.329E-01  2.095E-01
 -1.8012750E+04  7.149E-01  3.992E-01  3.651E-01
 -1.8012250E+04  6.898E-01  4.081E-01  3.043E-01
 -1.8011750E+04  7.954E-01  4.767E-01  3.343E-01
 -1.8011250E+04  6.445E-01  3.672E-01  3.107E-01
 -1.8010750E+04  5.392E-01  2.901E-01  3.241E-01
 -1.8010250E+04  7.223E-01  4.086E-01  3.529E-01
 -1.8009750E+04  6.902E-01  3.669E-01  3.910E-01
 -1.8009250E+04  6.531E-01  3.844E-01  2.844E-01
 -1.8008750E+04  5.927E-01  3.260E-01  3.205E-01
 -1.8008250E+04  7.463E-01  4.813E-01  2.337E-01
 -1.8007750E+04  7.335E-01  4.057E-01  3.763E-01
 -1.8007250E+04  6.346E-01  3.638E-01  3.155E-01
 -1.8006750E+04  5.692E-01  2.999E-01  3.331E-01
 -1.8006250E+04  5.885E-01  3.576E-01  2.382E-01
 -1.8005750E+04  5.567E-01  3.067E-01  2.996E-01
 -1.8005250E+04  5.578E-01  3.040E-01  3.098E-01
 -1.8004750E+04  7.269E-01  3.991E-01  3.859E-01
 -1.8004250E+04  7.208E-01  4.010E-01  3.680E-01
 -1.8003750E+04  6.496E-01  3.466E-01  3.678E-01
 -1.8003250E+04  5.324E-01  2.734E-01  3.400E-01
 -1.8002750E+04  7.179E-01  3.768E-01  4.065E-01
 -1.8002250E+04  7.335E-01  4.455E-01  2.807E-01
 -1.8001750E+04  5.909E-01  3.614E-01  2.296E-01
 -1.8001250E+04  5.955E-01  3.237E-01  3.320E-01
 -1.8000750E+04  6.247E-01  3.715E-01  2.649E-01
 -1.8000250E+04  6.349E-01  3.823E-01  2.622E-01
 -1.7999750E+04  6.618E-01  3.889E-01  2.919E-01
 -1.7999250E+04  6.116E-01  3.326E-01  3.370E-01
 -1.7998750E+04  5.113E-01  2.830E-01  2.749E-01
 -1.7998250E+04  5.699E-01  3.216E-01  2.911E-01
 -1.7997750E+04  6.763E-01  4.064E-01  2.709E-01
 -1.7997250E+04  5.875E-01  3.183E-01  3.265E-01
 -1.7996750E+04  5.709E-01  3.434E-01  2.485E-01
 -1.7996250E+04  4.667E-01  2.515E-01  2.688E-01
 -1.7995750E+04  6.299E-01  3.349E-01  3.490E-01
 -1.7995250E+04  6.538E-01  3.767E-01  2.997E-01
 -1.7994750E+04  5.970E-01  3.209E-01  3.300E-01
 -1.7994250E+04  5.731E-01  3.099E-01  3.155E-01
 -1.7993750E+04  6.072E-01  3.521E-01  2.910E-01
 -1.7993250E+04  5.806E-01  3.448E-01  2.486E-01
 -1.7992750E+04  5.758E-01  3.013E-01  3.441E-01
 -1.7992250E+04  5.659E-01  3.533E-01  2.086E-01
 -1.7991750E+04  5.557E-01  3.054E-01  3.106E-01
 -1.7991250E+04  5.280E-01  2.648E-01  3.222E-01
 -1.7990750E+04  4.250E-01  2.229E-01  2.599E-01
 -1.7990250E+04  5.220E-01  2.702E-01  3.183E-01
 -1.7989750E+04  6.544E-01  3.610E-01  3.404E-01
 -1.7989250E+04  5.953E-01  3.686E-01  2.114E-01
 -1.7988750E+04  5.162E-01  3.057E-01  2.193E-01
 -1.7988250E+04  5.394E-01  3.392E-01  1.948E-01
 -1.7987750E+04  5.763E-01  3.719E-01  1.771E-01
 -1.7987250E+04  5.232E-01  2.557E-01  3.425E-01
 -1.7986750E+04  4.536E-01  2.318E-01  2.914E-01
 -1.7986250E+04  5.228E-01  2.664E-01  3.335E-01
 -1.7985750E+04  5.686E-01  3.227E-01  2.913E-01
 -1.7985250E+04  4.766E-01  2.643E-01  2.446E-01
 -1.7984750E+04  4.857E-01  2.724E-01  2.523E-01
 -1.7984250E+04  5.190E-01  3.116E-01  2.151E-01
 -1.7983750E+04  5.191E-01  2.758E-01  3.209E-01
 -1.7983250E+04  5.238E-01  2.773E-01  3.055E-01
 -1.7982750E+04  5.404E-01  3.076E-01  2.662E-01
 -1.7982250E+04  4.909E-01  2.679E-01  2.679E-01
 -1.7981750E+04  5.722E-01  3.602E-01  1.996E-01
 -1.7981250E+04  5.179E-01  3.442E-01  1.438E-01
 -1.7980750E+04  3.680E-01  2.537E-01  8.270E-02
 -1.7980250E+04  5.453E-01  2.855E-01  3.224E-01
 -1.7979750E+04  5.255E-01  3.070E-01  2.328E-01
 -1.7979250E+04  4.671E-01  2.905E-01  1.833E-01
 -1.7978750E+04  5.299E-01  2.892E-01  2.785E-01
 -1.7978250E+04  4.209E-01  2.474E-01  1.931E-01
 -1.7977750E+04  4.501E-01  2.622E-01  2.094E-01
 -1.7977250E+04  4.390E-01  2.429E-01  2.333E-01
 -1.7976750E+04  5.329E-01  2.755E-01  3.216E-01
 -1.7976250E+04  4.594E-01  2.442E-01  2.592E-01
 -1.7975750E+04  4.106E-01  2.527E-01  1.748E-01
 -1.7975250E+04  4.556E-01  2.426E-01  2.768E-01
 -1.7974750E+04  5.584E-01  3.151E-01  2.711E-01
 -1.7974250E+04  5.089E-01  3.164E-01  1.893E-01
 -1.7973750E+04  4.981E-01  3.030E-01  1.949E-01
 -1.7973250E+04  4.216E-01  2.314E-01  2.305E-01
 -1.7972750E+04  4.920E-01  2.820E-01  2.363E-01
 -1.7972250E+04  5.234E-01  3.256E-01  1.911E-01
 -1.7971750E+04  5.484E-01  3.309E-01  2.241E-01
 -1.7971250E+04  4.688E-01  2.578E-01  2.414E-01
 -1.7970750E+04  4.737E-01  2.657E-01  2.413E-01
 -1.7970250E+04  4.315E-01  2.415E-01  2.243E-01
 -1.7969750E+04  4.996E-01  2.447E-01  3.340E-01
 -1.7969250E+04  4.505E-01  2.395E-01  2.514E-01
 -1.7968750E+04  4.599E-01  2.696E-01  2.128E-01
 -1.7968250E+04  4.474E-01  2.701E-01  1.943E-01
 -1.7967750E+04  4.784E-01  2.545E-01  2.685E-01
 -1.7967250E+04  4.156E-01  2.417E-01  2.040E-01
 -1.7966750E+04  4.277E-01  2.384E-01  2.237E-01
 -1.7966250E+04  5.609E-01  3.236E-01  2.628E-01
 -1.7965750E+04  4.476E-01  2.321E-01  2.795E-01
 -1.7965250E+04  3.731E-01  2.367E-01  1.305E-01
 -1.7964750E+04  4.463E-01  2.432E-01  2.332E-01
 -1.7964250E+04  4.425E-01  2.537E-01  2.177E-01
 -1.7963750E+04  3.701E-01  2.475E-01  1.084E-01
 -1.7963250E+04  4.258E-01  2.220E-01  2.414E-01
 -1.7962750E+04  4.288E-01  1.763E-01  3.690E-01
 -1.7962250E+04  4.305E-01  2.324E-01  2.350E-01
 -1.7961750E+04  4.977E-01  3.312E-01  1.365E-01
 -1.7961250E+04  4.424E-01  2.218E-01  2.887E-01
 -1.7960750E+04  4.069E-01  2.419E-01  1.742E-01
 -1.7960250E+04  3.950E-01  2.219E-01  1.963E-01
 -1.7959750E+04  5.411E-01  3.162E-01  2.293E-01
 -1.7959250E+04  3.886E-01  2.202E-01  1.904E-01
 -1.7958750E+04  3.828E-01  2.154E-01  1.913E-01
 -1.7958250E+04  3.801E-01  2.010E-01  2.343E-01
 -1.7957750E+04  4.391E-01  2.572E-01  2.056E-01
 -1.7957250E+04  4.545E-01  2.997E-01  1.286E-01
 -1.7956750E+04  4.419E-01  2.702E-01  1.811E-01
 -1.7956250E+04  3.942E-01  2.513E-01  1.284E-01
 -1.7955750E+04  4.704E-01  2.600E-01  2.469E-01
 -1.7955250E+04  4.305E-01  2.119E-01  2.793E-01
 -1.7954750E+04  4.262E-01  2.244E-01  2.392E-01
 -1.7954250E+04  4.591E-01  2.567E-01  2.560E-01
 -1.7953750E+04  4.793E-01  2.433E-01  3.028E-01
 -1.7953250E+04  4.622E-01  2.682E-01  2.139E-01
 -1.7952750E+04  3.923E-01  2.319E-01  1.746E-01
 -1.7952250E+04  3.438E-01  1.988E-01  1.639E-01
 -1.7951750E+04  3.617E-01  1.943E-01  2.154E-01
 -1.7951250E+04  4.103E-01  1.761E-01  3.443E-01
 -1.7950750E+04  4.209E-01  2.379E-01  2.011E-01
 -1.7950250E+04  3.970E-01  2.723E-01  9.310E-02
 -1.7949750E+04  3.886E-01  2.285E-01  1.768E-01
 -1.7949250E+04  3.934E-01  1.936E-01  2.494E-01
 -1.7948750E+04  3.596E-01  2.129E-01  1.596E-01
 -1.7948250E+04  4.054E-01  2.047E-01  2.546E-01
 -1.7947750E+04  3.951E-01  2.125E-01  2.146E-01
 -1.7947250E+04  3.566E-01  2.106E-01  1.656E-01
 -1.7946750E+04  4.221E-01  2.482E-01  1.900E-01
 -1.7946250E+04  3.709E-01  2.104E-01  1.796E-01
 -1.7945750E+04  3.204E-01  1.724E-01  1.822E-01
 -1.7945250E+04  3.036E-01  1.642E-01  1.617E-01
 -1.7944750E+04  3.771E-01  2.086E-01  1.924E-01
 -1.7944250E+04  3.709E-01  2.023E-01  2.060E-01
 -1.7943750E+04  3.230E-01  1.573E-01  2.289E-01
 -1.7943250E+04  3.736E-01  2.260E-01  1.584E-01
 -1.7942750E+04  4.457E-01  2.641E-01  1.853E-01
 -1.7942250E+04  3.712E-01  2.033E-01  1.977E-01
 -1.7941750E+04  3.812E-01  2.254E-01  1.779E-01
 -1.7941250E+04  4.004E-01  2.040E-01  2.511E-01
 -1.7940750E+04  3.331E-01  1.940E-01  1.658E-01
 -1.7940250E+04  3.420E-01  2.116E-01  1.285E-01
 -1.7939750E+04  4.043E-01  2.389E-01  1.665E-01
 -1.7939250E+04  3.663E-01  2.114E-01  1.709E-01
 -1.7938750E+04  2.953E-01  1.342E-01  2.404E-01
 -1.7938250E+04  3.660E-01  1.950E-01  2.143E-01
 -1.7937750E+04  3.719E-01  2.138E-01  1.771E-01
 -1.7937250E+04  3.337E-01  2.048E-01  1.337E-01
 -1.7936750E+04  3.468E-01  2.101E-01  1.421E-01
 -1.7936250E+04  3.759E-01  2.368E-01  1.250E-01
 -1.7935750E+04  3.476E-01  1.970E-01  1.666E-01
 -1.7935250E+04  3.751E-01  1.733E-01  2.732E-01
 -1.7934750E+04  2.716E-01  1.281E-01  2.114E-01
 -1.7934250E+04  3.024E-01  1.474E-01  2.049E-01
 -1.7933750E+04  3.887E-01  2.309E-01  1.852E-01
 -1.7933250E+04  3.561E-01  1.844E-01  2.276E-01
 -1.7932750E+04  3.919E-01  2.227E-01  1.726E-01
 -1.7932250E+04  3.070E-01  1.698E-01  1.673E-01
 -1.7931750E+04  3.668E-01  2.065E-01  1.825E-01
 -1.7931250E+04  3.326E-01  1.865E-01  1.684E-01
 -1.7930750E+04  3.390E-01  1.890E-01  1.698E-01
 -1.7930250E+04  3.319E-01  1.698E-01  2.116E-01
 -1.7929750E+04  2.909E-01  1.858E-01  1.060E-01
 -1.7929250E+04  2.759E-01  1.401E-01  1.813E-01
 -1.7928750E+04  3.394E-01  1.809E-01  1.964E-01
 -1.7928250E+04  3.554E-01  2.272E-01  1.198E-01
 -1.7927750E+04  2.808E-01  1.560E-01  1.527E-01
 -1.7927250E+04  2.898E-01  1.444E-01  1.919E-01
 -1.7926750E+04  3.470E-01  2.038E-01  1.589E-01
 -1.7926250E+04  3.000E-01  1.503E-01  1.975E-01
 -1.7925750E+04  3.399E-01  1.948E-01  1.625E-01
 -1.7925250E+04  3.415E-01  2.143E-01  1.323E-01
 -1.7924750E+04  4.079E-01  2.618E-01  1.310E-01
 -1.7924250E+04  3.301E-01  1.825E-01  1.785E-01
 -1.7923750E+04  3.839E-01  2.174E-01  1.820E-01
 -1.7923250E+04  3.327E-01  1.917E-01  1.492E-01
 -1.7922750E+04  2.738E-01  1.551E-01  1.361E-01
 -1.7922250E+04  3.493E-01  1.763E-01  2.111E-01
 -1.7921750E+04  2.855E-01  1.586E-01  1.509E-01
 -1.7921250E+04  3.579E-01  2.193E-01  1.335E-01
 -1.7920750E+04  2.751E-01  1.727E-01  1.009E-01
 -1.7920250E+04  2.344E-01  1.077E-01  1.778E-01
 -1.7919750E+04  2.421E-01  1.458E-01  9.882E-02
 -1.7919250E+04  3.006E-01  1.720E-01  1.594E-01
 -1.7918750E+04  3.231E-01  1.623E-01  2.080E-01
 -1.7918250E+04  3.132E-01  1.690E-01  1.661E-01
 -1.7917750E+04  2.821E-01  1.602E-01  1.529E-01
 -1.7917250E+04  3.151E-01  1.730E-01  1.765E-01
 -1.7916750E+04  3.240E-01  1.953E-01  1.271E-01
 -1.7916250E+04  3.062E-01  1.843E-01  1.266E-01
 -1.7915750E+04  2.536E-01  1.339E-01  1.507E-01
 -1.7915250E+04  2.754E-01  1.352E-01  1.919E-01
 -1.7914750E+04  2.669E-01  1.694E-01  1.034E-01
 -1.7914250E+04  3.767E-01  2.352E-01  1.363E-01
 -1.7913750E+04  3.486E-01  1.997E-01  1.719E-01
 -1.7913250E+04  3.654E-01  2.023E-01  1.876E-01
 -1.7912750E+04  3.148E-01  1.774E-01  1.620E-01
 -1.7912250E+04  2.665E-01  1.518E-01  1.353E-01
 -1.7911750E+04  2.511E-01  1.457E-01  1.124E-01
 -1.7911250E+04  2.678E-01  1.500E-01  1.367E-01
 -1.7910750E+04  2.975E-01  1.617E-01  1.551E-01
 -1.7910250E+04  3.504E-01  1.933E-01  1.804E-01
 -1.7909750E+04  3.054E-01  1.870E-01  1.276E-01
 -1.7909250E+04  2.468E-01  1.644E-01  7.678E-02
 -1.7908750E+04  3.164E-01  1.805E-01  1.562E-01
 -1.7908250E+04  3.259E-01  1.720E-01  1.929E-01
 -1.7907750E+04  2.816E-01  1.800E-01  1.067E-01
 -1.7907250E+04  2.786E-01  1.429E-01  1.588E-01
 -1.7906750E+04  3.156E-01  1.527E-01  2.065E-01
 -1.7906250E+04  2.628E-01  1.141E-01  2.277E-01
 -1.7905750E+04  2.757E-01  1.476E-01  1.707E-01
 -1.7905250E+04  2.556E-01  1.562E-01  1.112E-01
 -1.7904750E+04  2.166E-01  1.033E-01  1.504E-01
 -1.7904250E+04  3.154E-01  1.581E-01  1.925E-01
 -1.7903750E+04  2.759E-01  1.417E-01  1.653E-01
 -1.7903250E+04  2.824E-01  1.475E-01  1.600E-01
 -1.7902750E+04  2.718E-01  1.429E-01  1.555E-01
 -1.7902250E+04  2.297E-01  1.384E-01  1.110E-01
 -1.7901750E+04  2.418E-01  1.511E-01  9.966E-02
 -1.7901250E+04  2.275E-01  1.658E-01  2.486E-02
 -1.7900750E+04  2.975E-01  1.745E-01  1.298E-01
 -1.7900250E+04  2.275E-01  1.121E-01  1.682E-01
 -1.7899750E+04  2.610E-01  1.356E-01  1.599E-01
 -1.7899250E+04  3.020E-01  1.729E-01  1.502E-01
 -1.7898750E+04  2.172E-01  1.204E-01  1.162E-01
 -1.7898250E+04  2.715E-01  1.354E-01  1.706E-01
 -1.7897750E+04  2.491E-01  1.514E-01  1.002E-01
 -1.7897250E+04  2.571E-01  1.492E-01  1.179E-01
 -1.7896750E+04  2.570E-01  1.473E-01  1.319E-01
 -1.7896250E+04  2.489E-01  1.327E-01  1.444E-01
 -1.7895750E+04  3.210E-01  1.890E-01  1.437E-01
 -1.7895250E+04  2.305E-01  1.162E-01  1.436E-01
 -1.7894750E+04  1.977E-01  1.041E-01  1.215E-01
 -1.7894250E+04  2.282E-01  1.443E-01  8.234E-02
 -1.7893750E+04  2.859E-01  1.721E-01  1.128E-01
 -1.7893250E+04  2.384E-01  1.469E-01  9.535E-02
 -1.7892750E+04  2.407E-01  1.496E-01  9.052E-02
 -1.7892250E+04  2.425E-01  1.449E-01  1.098E-01
 -1.7891750E+04  2.733E-01  1.494E-01  1.392E-01
 -1.7891250E+04  3.041E-01  1.773E-01  1.317E-01
 -1.7890750E+04  2.395E-01  1.283E-01  1.426E-01
 -1.7890250E+04  2.744E-01  1.532E-01  1.294E-01
 -1.7889750E+04  2.635E-01  1.341E-01  1.637E-01
 -1.7889250E+04  2.156E-01  1.067E-01  1.474E-01
 -1.7888750E+04  1.972E-01  1.115E-01  9.862E-02
 -1.7888250E+04  1.759E-01  7.837E-02  1.469E-01
 -1.7887750E+04  2.448E-01  1.233E-01  1.571E-01
 -1.7887250E+04  2.120E-01  1.121E-01  1.317E-01
 -1.7886750E+04  2.823E-01  1.758E-01  1.076E-01
 -1.7886250E+04  2.784E-01  1.776E-01  8.175E-02
 -1.7885750E+04  1.914E-01  9.617E-02  1.271E-01
 -1.7885250E+04  2.239E-01  1.134E-01  1.376E-01
 -1.7884750E+04  2.223E-01  1.387E-01  7.988E-02
 -1.7884250E+04  2.874E-01  1.775E-01  1.003E-01
 -1.7883750E+04  2.761E-01  1.516E-01  1.519E-01
 -1.7883250E+04  2.143E-01  1.258E-01  1.063E-01
 -1.7882750E+04  2.444E-01  1.286E-01  1.518E-01
 -1.7882250E+04  1.884E-01  1.211E-01  7.240E-02
 -1.7881750E+04  1.451E-01  6.116E-02  1.323E-01
 -1.7881250E+04  2.238E-01  1.197E-01  1.222E-01
 -1.7880750E+04  2.554E-01  1.413E-01  1.351E-01
 -1.7880250E+04  2.561E-01  1.377E-01  1.492E-01
 -1.7879750E+04  2.073E-01  1.179E-01  1.091E-01
 -1.7879250E+04  2.191E-01  1.220E-01  1.146E-01
 -1.7878750E+04  2.775E-01  1.652E-01  1.140E-01
 -1.7878250E+04  2.442E-01  1.593E-01  7.914E-02
 -1.7877750E+04  2.124E-01  1.001E-01  1.644E-01
 -1.7877250E+04  2.344E-01  1.151E-01  1.550E-01
 -1.7876750E+04  2.511E-01  1.251E-01  1.643E-01
 -1.7876250E+04  2.566E-01  1.330E-01  1.513E-01
 -1.7875750E+04  2.274E-01  1.520E-01  6.283E-02
 -1.7875250E+04  2.172E-01  1.298E-01  9.484E-02
 -1.7874750E+04  2.561E-01  1.453E-01  1.242E-01
 -1.7874250E+04  1.577E-01  9.047E-02  8.749E-02
 -1.7873750E+04  2.157E-01  1.323E-01  8.940E-02
 -1.7873250E+04  2.647E-01  1.413E-01  1.371E-01
 -1.7872750E+04  2.039E-01  1.227E-01  8.600E-02
 -1.7872250E+04  1.441E-01  9.608E-02  5.172E-02
 -1.7871750E+04  1.559E-01  1.039E-01  3.995E-02
 -1.7871250E+04  2.729E-01  1.620E-01  1.171E-01
 -1.7870750E+04  1.886E-01  1.167E-01  7.168E-02
 -1.7870250E+04  2.571E-01  1.218E-01  1.827E-01
 -1.7869750E+04  2.464E-01  1.519E-01  9.866E-02
 -1.7869250E+04  1.967E-01  1.109E-01  1.027E-01
 -1.7868750E+04  2.107E-01  1.047E-01  1.417E-01
 -1.7868250E+04  1.631E-01  1.051E-01  6.194E-02
 -1.7867750E+04  1.557E-01  5.726E-02  1.400E-01
 -1.7867250E+04  1.985E-01  1.111E-01  9.578E-02
 -1.7866750E+04  2.663E-01  1.809E-01  6.164E-02
 -1.7866250E+04  2.319E-01  1.485E-01  7.496E-02
 -1.7865750E+04  2.049E-01  1.231E-01  7.455E-02
 -1.7865250E+04  1.915E-01  1.206E-01  6.575E-02
 -1.7864750E+04  2.437E-01  1.421E-01  1.094E-01
 -1.7864250E+04  2.225E-01  1.100E-01  1.465E-01
 -1.7863750E+04  1.662E-01  8.381E-02  1.190E-01
 -1.7863250E+04  1.965E-01  9.692E-02  1.352E-01
 -1.7862750E+04  2.674E-01  1.589E-01  1.242E-01
 -1.7862250E+04  1.393E-01  7.470E-02  8.347E-02
 -1.7861750E+04  1.594E-01  6.988E-02  1.251E-01
 -1.7861250E+04  2.090E-01  1.193E-01  9.890E-02
 -1.7860750E+04  2.470E-01  1.601E-01  7.086E-02
 -1.7860250E+04  1.920E-01  9.293E-02  1.273E-01
 -1.7859750E+04  1.918E-01  1.102E-01  9.726E-02
 -1.7859250E+04  1.996E-01  1.206E-01  8.776E-02
 -1.7858750E+04  1.605E-01  8.929E-02  9.352E-02
 -1.7858250E+04  1.827E-01  9.551E-02  1.005E-01
 -1.7857750E+04  1.939E-01  1.121E-01  8.629E-02
 -1.7857250E+04  1.941E-01  1.301E-01  6.496E-02
 -1.7856750E+04  1.611E-01  8.869E-02  1.016E-01
 -1.7856250E+04  1.827E-01  1.228E-01  4.989E-02
 -1.7855750E+04  2.271E-01  1.283E-01  1.125E-01
 -1.7855250E+04  1.871E-01  1.083E-01  9.358E-02
 -1.7854750E+04  1.527E-01  9.180E-02  6.868E-02
 -1.7854250E+04  1.945E-01  9.858E-02  1.273E-01
 -1.7853750E+04  1.973E-01  8.842E-02  1.414E-01
 -1.7853250E+04  1.919E-01  9.728E-02  1.085E-01
 -1.7852750E+04  1.448E-01  9.730E-02  4.488E-02
 -1.7852250E+04  1.274E-01  5.603E-02  9.303E-02
 -1.7851750E+04  2.190E-01  1.224E-01  1.135E-01
 -1.7851250E+04  1.905E-01  9.764E-02  1.290E-01
 -1.7850750E+04  1.581E-01  6.118E-02  1.492E-01
 -1.7850250E+04  1.815E-01  1.192E-01  4.934E-02
 -1.7849750E+04  1.779E-01  1.064E-01  7.423E-02
 -1.7849250E+04  1.766E-01  9.219E-02  1.121E-01
 -1.7848750E+04  2.039E-01  1.088E-01  1.086E-01
 -1.7848250E+04  1.988E-01  1.325E-01  5.121E-02
 -1.7847750E+04  1.654E-01  1.084E-01  5.520E-02
 -1.7847250E+04  2.188E-01  1.122E-01  1.346E-01
 -1.7846750E+04  2.070E-01  1.056E-01  1.372E-01
 -1.7846250E+04  1.300E-01  7.975E-02  5.244E-02
 -1.7845750E+04  1.890E-01  1.200E-01  7.187E-02
 -1.7845250E+04  1.668E-01  9.861E-02  6.582E-02
 -1.7844750E+04  1.552E-01  8.688E-02  7.961E-02
 -1.7844250E+04  2.116E-01  1.047E-01  1.461E-01
 -1.7843750E+04  1.872E-01  1.081E-01  9.441E-02
 -1.7843250E+04  1.941E-01  1.244E-01  5.878E-02
 -1.7842750E+04  1.476E-01  8.785E-02  7.685E-02
 -1.7842250E+04  1.819E-01  8.237E-02  1.365E-01
 -1.7841750E+04  1.691E-01  9.321E-02  1.004E-01
 -1.7841250E+04  1.686E-01  7.424E-02  1.232E-01
 -1.7840750E+04  1.857E-01  8.116E-02  1.377E-01
 -1.7840250E+04  2.210E-01  1.377E-01  7.272E-02
 -1.7839750E+04  1.491E-01  5.429E-02  1.343E-01
 -1.7839250E+04  1.464E-01  7.968E-02  8.502E-02
 -1.7838750E+04  1.634E-01  7.903E-02  1.071E-01
 -1.7838250E+04  1.582E-01  9.218E-02  8.137E-02
 -1.7837750E+04  2.040E-01  1.205E-01  9.002E-02
 -1.7837250E+04  1.744E-01  1.036E-01  7.249E-02
 -1.7836750E+04  1.868E-01  1.155E-01  7.012E-02
 -1.7836250E+04  1.198E-01  8.408E-02  2.923E-02
 -1.7835750E+04  1.589E-01  1.196E-01  1.749E-02
 -1.7835250E+04  1.484E-01  6.457E-02  1.230E-01
 -1.7834750E+04  1.874E-01  1.097E-01  8.129E-02
 -1.7834250E+04  1.767E-01  1.041E-01  8.227E-02
 -1.7833750E+04  1.637E-01  9.321E-02  8.390E-02
 -1.7833250E+04  1.553E-01  6.834E-02  1.186E-01
 -1.7832750E+04  2.002E-01  1.273E-01  6.945E-02
 -1.7832250E+04  2.262E-01  1.378E-01  8.715E-02
 -1.7831750E+04  1.934E-01  1.131E-01  8.621E-02
 -1.7831250E+04  1.306E-01  6.210E-02  9.166E-02
 -1.7830750E+04  1.690E-01  8.033E-02  1.229E-01
 -1.7830250E+04  1.695E-01  1.191E-01  3.545E-02
 -1.7829750E+04  2.054E-01  1.159E-01  1.003E-01
 -1.7829250E+04  1.370E-01  5.924E-02  1.155E-01
 -1.7828750E+04  1.057E-01  4.706E-02  8.956E-02
 -1.7828250E+04  1.283E-01  8.010E-02  5.784E-02
 -1.7827750E+04  1.651E-01  1.142E-01  3.895E-02
 -1.7827250E+04  1.607E-01  1.017E-01  5.623E-02
 -1.7826750E+04  1.720E-01  1.047E-01  7.814E-02
 -1.7826250E+04  1.656E-01  1.039E-01  5.151E-02
 -1.7825750E+04  1.668E-01  7.932E-02  1.081E-01
 -1.7825250E+04  1.741E-01  9.524E-02  9.742E-02
 -1.7824750E+04  1.511E-01  8.207E-02  8.991E-02
 -1.7824250E+04  1.381E-01  7.605E-02  7.416E-02
 -1.7823750E+04  1.635E-01  1.124E-01  3.655E-02
 -1.7823250E+04  1.932E-01  1.125E-01  8.480E-02
 -1.7822750E+04  1.745E-01  1.084E-01  6.808E-02
 -1.7822250E+04  1.788E-01  8.798E-02  1.149E-01
 -1.7821750E+04  1.279E-01  6.025E-02  9.291E-02
 -1.7821250E+04  9.186E-02  4.586E-02  6.834E-02
 -1.7820750E+04  1.422E-01  7.925E-02  6.481E-02
 -1.7820250E+04  1.965E-01  1.157E-01  8.348E-02
 -1.7819750E+04  1.839E-01  1.054E-01  9.566E-02
 -1.7819250E+04  1.642E-01  9.438E-02  9.361E-02
 -1.7818750E+04  1.424E-01  1.007E-01  2.961E-02
 -1.7818250E+04  1.052E-01  4.995E-02  7.644E-02
 -1.7817750E+04  1.441E-01  8.686E-02  5.544E-02
 -1.7817250E+04  1.724E-01  8.774E-02  1.139E-01
 -1.7816750E+04  1.732E-01  8.514E-02  1.208E-01
 -1.7816250E+04  1.602E-01  7.649E-02  1.143E-01
 -1.7815750E+04  1.240E-01  5.843E-02  8.922E-02
 -1.7815250E+04  1.111E-01  7.006E-02  3.370E-02
 -1.7814750E+04  1.715E-01  1.143E-01  4.342E-02
 -1.7814250E+04  1.725E-01  8.987E-02  1.000E-01
 -1.7813750E+04  1.588E-01  9.466E-02  7.544E-02
 -1.7813250E+04  1.588E-01  8.704E-02  8.108E-02
 -1.7812750E+04  1.373E-01  8.953E-02  4.574E-02
 -1.7812250E+04  1.220E-01  7.933E-02  4.176E-02
 -1.7811750E+04  1.526E-01  1.031E-01  4.273E-02
 -1.7811250E+04  1.428E-01  8.750E-02  5.916E-02
 -1.7810750E+04  1.297E-01  7.085E-02  7.298E-02
 -1.7810250E+04  1.239E-01  8.705E-02  2.674E-02
 -1.7809750E+04  1.411E-01  6.438E-02  1.040E-01
 -1.7809250E+04  1.699E-01  8.915E-02  1.004E-01
 -1.7808750E+04  1.814E-01  1.183E-01  5.622E-02
 -1.7808250E+04  1.560E-01  8.253E-02  8.811E-02
 -1.7807750E+04  1.204E-01  6.954E-02  6.542E-02
 -1.7807250E+04  1.304E-01  6.568E-02  8.548E-02
 -1.7806750E+04  1.267E-01  6.300E-02  9.395E-02
 -1.7806250E+04  1.595E-01  9.598E-02  6.029E-02
 -1.7805750E+04  1.561E-01  9.298E-02  7.055E-02
 -1.7805250E+04  1.167E-01  6.345E-02  6.908E-02
 -1.7804750E+04  1.386E-01  7.928E-02  6.867E-02
 -1.7804250E+04  8.224E-02  4.043E-02  6.105E-02
 -1.7803750E+04  1.436E-01  7.965E-02  6.605E-02
 -1.7803250E+04  1.042E-01  6.394E-02  5.171E-02
 -1.7802750E+04  1.660E-01  1.000E-01  7.699E-02
 -1.7802250E+04  1.398E-01  7.065E-02  9.277E-02
 -1.7801750E+04  1.340E-01  7.269E-02  7.546E-02
 -1.7801250E+04  1.493E-01  7.927E-02  7.501E-02
 -1.7800750E+04  1.324E-01  8.998E-02  3.061E-02
 -1.7800250E+04  1.444E-01  9.059E-02  6.496E-02
 -1.7799750E+04  1.018E-01  5.615E-02  5.748E-02
 -1.7799250E+04  1.290E-01  6.675E-02  7.984E-02
 -1.7798750E+04  1.101E-01  3.276E-02  1.205E-01
 -1.7798250E+04  1.190E-01  6.323E-02  7.776E-02
 -1.7797750E+04  1.016E-01  6.011E-02  5.185E-02
 -1.7797250E+04  1.558E-01  8.456E-02  8.086E-02
 -1.7796750E+04  1.441E-01  8.704E-02  6.633E-02
 -1.7796250E+04  1.321E-01  5.630E-02  1.104E-01
 -1.7795750E+04  1.141E-01  7.560E-02  3.184E-02
 -1.7795250E+04  1.678E-01  8.502E-02  1.021E-01
 -1.7794750E+04  1.298E-01  7.058E-02  6.714E-02
 -1.7794250E+04  1.282E-01  8.010E-02  4.486E-02
 -1.7793750E+04  1.173E-01  6.444E-02  6.618E-02
 -1.7793250E+04  1.209E-01  4.900E-02  1.059E-01
 -1.7792750E+04  1.121E-01  5.788E-02  7.310E-02
