 -1.4917750E+04 -0.000E+00 -0.000E+00  0.000E+00
 -1.4917250E+04 -0.000E+00 -0.000E+00  0.000E+00
 -1.4916750E+04 -0.000E+00 -0.000E+00  0.000E+00
 -1.4916250E+04 -0.000E+00 -0.000E+00  0.000E+00
 -1.4915750E+04 -0.000E+00 -0.000E+00  0.000E+00
 -1.4915250E+04 -0.000E+00 -0.000E+00  0.000E+00
 -1.4914750E+04 -0.000E+00 -0.000E+00  0.000E+00
 -1.4914250E+04 -0.000E+00 -0.000E+00  0.000E+00
 -1.4913750E+04 -0.000E+00 -0.000E+00  0.000E+00
 -1.4913250E+04 -0.000E+00 -0.000E+00  0.000E+00
 -1.4912750E+04 -0.000E+00 -0.000E+00  0.000E+00
 -1.4912250E+04 -0.000E+00 -0.000E+00  0.000E+00
 -1.4911750E+04 -0.000E+00 -0.000E+00  0.000E+00
 -1.4911250E+04 -0.000E+00 -0.000E+00  0.000E+00
 -1.4910750E+04 -0.000E+00 -0.000E+00  0.000E+00
 -1.4910250E+04 -0.000E+00 -0.000E+00  0.000E+00
 -1.4909750E+04 -0.000E+00 -0.000E+00  0.000E+00
 -1.4909250E+04 -0.000E+00 -0.000E+00  0.000E+00
 -1.4908750E+04 -0.000E+00 -0.000E+00  0.000E+00
 -1.4908250E+04 -0.000E+00 -0.000E+00  0.000E+00
 -1.4907750E+04 -0.000E+00 -0.000E+00  0.000E+00
 -1.4907250E+04 -0.000E+00 -0.000E+00  0.000E+00
 -1.4906750E+04 -0.000E+00 -0.000E+00  0.000E+00
 -1.4906250E+04 -0.000E+00 -0.000E+00  0.000E+00
 -1.4905750E+04 -0.000E+00 -0.000E+00  0.000E+00
 -1.4905250E+04 -0.000E+00 -0.000E+00  0.000E+00
 -1.4904750E+04 -0.000E+00 -0.000E+00  0.000E+00
 -1.4904250E+04 -0.000E+00 -0.000E+00  0.000E+00
 -1.4903750E+04 -0.000E+00 -0.000E+00  0.000E+00
 -1.4903250E+04 -0.000E+00 -0.000E+00  0.000E+00
 -1.4902750E+04 -0.000E+00 -0.000E+00  0.000E+00
 -1.4902250E+04 -0.000E+00 -0.000E+00  0.000E+00
 -1.4901750E+04 -0.000E+00 -0.000E+00  0.000E+00
 -1.4901250E+04 -0.000E+00 -0.000E+00  0.000E+00
 -1.4900750E+04 -0.000E+00 -0.000E+00  0.000E+00
 -1.4900250E+04 -0.000E+00 -0.000E+00  0.000E+00
 -1.4899750E+04 -0.000E+00 -0.000E+00  0.000E+00
 -1.4899250E+04 -0.000E+00 -0.000E+00  0.000E+00
 -1.4898750E+04 -0.000E+00 -0.000E+00  0.000E+00
 -1.4898250E+04 -0.000E+00 -0.000E+00  0.000E+00
 -1.4897750E+04 -0.000E+00 -0.000E+00  0.000E+00
 -1.4897250E+04 -0.000E+00 -0.000E+00  0.000E+00
 -1.4896750E+04 -0.000E+00 -0.000E+00  0.000E+00
 -1.4896250E+04 -0.000E+00 -0.000E+00  0.000E+00
 -1.4895750E+04 -0.000E+00 -0.000E+00  0.000E+00
 -1.4895250E+04 -0.000E+00 -0.000E+00  0.000E+00
 -1.4894750E+04 -0.000E+00 -0.000E+00  0.000E+00
 -1.4894250E+04 -0.000E+00 -0.000E+00  0.000E+00
 -1.4893750E+04 -0.000E+00 -0.000E+00  0.000E+00
 -1.4893250E+04 -0.000E+00 -0.000E+00  0.000E+00
 -1.4892750E+04 -0.000E+00 -0.000E+00  0.000E+00
 -1.4892250E+04 -0.000E+00 -0.000E+00  0.000E+00
 -1.4891750E+04 -0.000E+00 -0.000E+00  0.000E+00
 -1.4891250E+04 -0.000E+00 -0.000E+00  0.000E+00
 -1.4890750E+04 -0.000E+00 -0.000E+00  0.000E+00
 -1.4890250E+04 -0.000E+00 -0.000E+00  0.000E+00
 -1.4889750E+04 -0.000E+00 -0.000E+00  0.000E+00
 -1.4889250E+04 -0.000E+00 -0.000E+00  0.000E+00
 -1.4888750E+04 -0.000E+00 -0.000E+00  0.000E+00
 -1.4888250E+04 -0.000E+00 -0.000E+00  0.000E+00
 -1.4887750E+04 -0.000E+00 -0.000E+00  0.000E+00
 -1.4887250E+04 -0.000E+00 -0.000E+00  0.000E+00
 -1.4886750E+04 -0.000E+00 -0.000E+00  0.000E+00
 -1.4886250E+04 -0.000E+00 -0.000E+00  0.000E+00
 -1.4885750E+04 -0.000E+00 -0.000E+00  0.000E+00
 -1.4885250E+04 -0.000E+00 -0.000E+00  0.000E+00
 -1.4884750E+04 -0.000E+00 -0.000E+00  0.000E+00
 -1.4884250E+04 -0.000E+00 -0.000E+00  0.000E+00
 -1.4883750E+04 -0.000E+00 -0.000E+00  0.000E+00
 -1.4883250E+04 -0.000E+00 -0.000E+00  0.000E+00
 -1.4882750E+04 -0.000E+00 -0.000E+00  0.000E+00
 -1.4882250E+04 -0.000E+00 -0.000E+00  0.000E+00
 -1.4881750E+04 -0.000E+00 -0.000E+00  0.000E+00
 -1.4881250E+04 -0.000E+00 -0.000E+00  0.000E+00
 -1.4880750E+04 -0.000E+00 -0.000E+00  0.000E+00
 -1.4880250E+04 -0.000E+00 -0.000E+00  0.000E+00
 -1.4879750E+04 -0.000E+00 -0.000E+00  0.000E+00
 -1.4879250E+04 -0.000E+00 -0.000E+00  0.000E+00
 -1.4878750E+04 -0.000E+00 -0.000E+00  0.000E+00
 -1.4878250E+04 -0.000E+00 -0.000E+00  0.000E+00
 -1.4877750E+04 -0.000E+00 -0.000E+00  0.000E+00
 -1.4877250E+04 -0.000E+00 -0.000E+00  0.000E+00
 -1.4876750E+04 -0.000E+00 -0.000E+00  0.000E+00
 -1.4876250E+04 -0.000E+00 -0.000E+00  0.000E+00
 -1.4875750E+04 -0.000E+00 -0.000E+00  0.000E+00
 -1.4875250E+04 -0.000E+00 -0.000E+00  0.000E+00
 -1.4874750E+04 -0.000E+00 -0.000E+00  0.000E+00
 -1.4874250E+04 -0.000E+00 -0.000E+00  0.000E+00
 -1.4873750E+04 -0.000E+00 -0.000E+00  0.000E+00
 -1.4873250E+04 -0.000E+00 -0.000E+00  0.000E+00
 -1.4872750E+04 -0.000E+00 -0.000E+00  0.000E+00
 -1.4872250E+04 -0.000E+00 -0.000E+00  0.000E+00
 -1.4871750E+04 -0.000E+00 -0.000E+00  0.000E+00
 -1.4871250E+04 -0.000E+00 -0.000E+00  0.000E+00
 -1.4870750E+04 -0.000E+00 -0.000E+00  0.000E+00
 -1.4870250E+04 -0.000E+00 -0.000E+00  0.000E+00
 -1.4869750E+04 -0.000E+00 -0.000E+00  0.000E+00
 -1.4869250E+04 -0.000E+00 -0.000E+00  0.000E+00
 -1.4868750E+04 -0.000E+00 -0.000E+00  0.000E+00
 -1.4868250E+04 -0.000E+00 -0.000E+00  0.000E+00
 -1.4867750E+04 -0.000E+00 -0.000E+00  0.000E+00
 -1.4867250E+04 -0.000E+00 -0.000E+00  0.000E+00
 -1.4866750E+04 -0.000E+00 -0.000E+00  0.000E+00
 -1.4866250E+04 -0.000E+00 -0.000E+00  0.000E+00
 -1.4865750E+04 -0.000E+00 -0.000E+00  0.000E+00
 -1.4865250E+04 -0.000E+00 -0.000E+00  0.000E+00
 -1.4864750E+04 -0.000E+00 -0.000E+00  0.000E+00
 -1.4864250E+04 -0.000E+00 -0.000E+00  0.000E+00
 -1.4863750E+04 -0.000E+00 -0.000E+00  0.000E+00
 -1.4863250E+04 -0.000E+00 -0.000E+00  0.000E+00
 -1.4862750E+04 -0.000E+00 -0.000E+00  0.000E+00
 -1.4862250E+04 -0.000E+00 -0.000E+00  0.000E+00
 -1.4861750E+04 -0.000E+00 -0.000E+00  0.000E+00
 -1.4861250E+04 -0.000E+00 -0.000E+00  0.000E+00
 -1.4860750E+04 -0.000E+00 -0.000E+00  0.000E+00
 -1.4860250E+04 -0.000E+00 -0.000E+00  0.000E+00
 -1.4859750E+04 -0.000E+00 -0.000E+00  0.000E+00
 -1.4859250E+04 -0.000E+00 -0.000E+00  0.000E+00
 -1.4858750E+04 -0.000E+00 -0.000E+00  0.000E+00
 -1.4858250E+04 -0.000E+00 -0.000E+00  0.000E+00
 -1.4857750E+04 -0.000E+00 -0.000E+00  0.000E+00
 -1.4857250E+04 -0.000E+00 -0.000E+00  0.000E+00
 -1.4856750E+04 -0.000E+00 -0.000E+00  0.000E+00
 -1.4856250E+04 -0.000E+00 -0.000E+00  0.000E+00
 -1.4855750E+04 -0.000E+00 -0.000E+00  0.000E+00
 -1.4855250E+04 -0.000E+00 -0.000E+00  0.000E+00
 -1.4854750E+04 -0.000E+00 -0.000E+00  0.000E+00
 -1.4854250E+04 -0.000E+00 -0.000E+00  0.000E+00
 -1.4853750E+04 -0.000E+00 -0.000E+00  0.000E+00
 -1.4853250E+04 -0.000E+00 -0.000E+00  0.000E+00
 -1.4852750E+04 -0.000E+00 -0.000E+00  0.000E+00
 -1.4852250E+04 -0.000E+00 -0.000E+00  0.000E+00
 -1.4851750E+04 -0.000E+00 -0.000E+00  0.000E+00
 -1.4851250E+04 -0.000E+00 -0.000E+00  0.000E+00
 -1.4850750E+04 -0.000E+00 -0.000E+00  0.000E+00
 -1.4850250E+04 -0.000E+00 -0.000E+00  0.000E+00
 -1.4849750E+04 -0.000E+00 -0.000E+00  0.000E+00
 -1.4849250E+04 -0.000E+00 -0.000E+00  0.000E+00
 -1.4848750E+04 -0.000E+00 -0.000E+00  0.000E+00
 -1.4848250E+04 -0.000E+00 -0.000E+00  0.000E+00
 -1.4847750E+04 -0.000E+00 -0.000E+00  0.000E+00
 -1.4847250E+04 -0.000E+00 -0.000E+00  0.000E+00
 -1.4846750E+04 -0.000E+00 -0.000E+00  0.000E+00
 -1.4846250E+04 -0.000E+00 -0.000E+00  0.000E+00
 -1.4845750E+04 -0.000E+00 -0.000E+00  0.000E+00
 -1.4845250E+04 -0.000E+00 -0.000E+00  0.000E+00
 -1.4844750E+04 -0.000E+00 -0.000E+00  0.000E+00
 -1.4844250E+04 -0.000E+00 -0.000E+00  0.000E+00
 -1.4843750E+04 -0.000E+00 -0.000E+00  0.000E+00
 -1.4843250E+04 -0.000E+00 -0.000E+00  0.000E+00
 -1.4842750E+04 -0.000E+00 -0.000E+00  0.000E+00
 -1.4842250E+04 -0.000E+00 -0.000E+00  0.000E+00
 -1.4841750E+04 -0.000E+00 -0.000E+00  0.000E+00
 -1.4841250E+04 -0.000E+00 -0.000E+00  0.000E+00
 -1.4840750E+04 -0.000E+00 -0.000E+00  0.000E+00
 -1.4840250E+04 -0.000E+00 -0.000E+00  0.000E+00
 -1.4839750E+04 -0.000E+00 -0.000E+00  0.000E+00
 -1.4839250E+04 -0.000E+00 -0.000E+00  0.000E+00
 -1.4838750E+04 -0.000E+00 -0.000E+00  0.000E+00
 -1.4838250E+04 -0.000E+00 -0.000E+00  0.000E+00
 -1.4837750E+04 -0.000E+00 -0.000E+00  0.000E+00
 -1.4837250E+04 -0.000E+00 -0.000E+00  0.000E+00
 -1.4836750E+04 -0.000E+00 -0.000E+00  0.000E+00
 -1.4836250E+04 -0.000E+00 -0.000E+00  0.000E+00
 -1.4835750E+04 -0.000E+00 -0.000E+00  0.000E+00
 -1.4835250E+04 -0.000E+00 -0.000E+00  0.000E+00
 -1.4834750E+04 -0.000E+00 -0.000E+00  0.000E+00
 -1.4834250E+04 -0.000E+00 -0.000E+00  0.000E+00
 -1.4833750E+04 -0.000E+00 -0.000E+00  0.000E+00
 -1.4833250E+04 -0.000E+00 -0.000E+00  0.000E+00
 -1.4832750E+04 -0.000E+00 -0.000E+00  0.000E+00
 -1.4832250E+04 -0.000E+00 -0.000E+00  0.000E+00
 -1.4831750E+04 -0.000E+00 -0.000E+00  0.000E+00
 -1.4831250E+04 -0.000E+00 -0.000E+00  0.000E+00
 -1.4830750E+04 -0.000E+00 -0.000E+00  0.000E+00
 -1.4830250E+04 -0.000E+00 -0.000E+00  0.000E+00
 -1.4829750E+04 -0.000E+00 -0.000E+00  0.000E+00
 -1.4829250E+04 -0.000E+00 -0.000E+00  0.000E+00
 -1.4828750E+04 -0.000E+00 -0.000E+00  0.000E+00
 -1.4828250E+04 -0.000E+00 -0.000E+00  0.000E+00
 -1.4827750E+04 -0.000E+00 -0.000E+00  0.000E+00
 -1.4827250E+04 -0.000E+00 -0.000E+00  0.000E+00
 -1.4826750E+04 -0.000E+00 -0.000E+00  0.000E+00
 -1.4826250E+04 -0.000E+00 -0.000E+00  0.000E+00
 -1.4825750E+04 -0.000E+00 -0.000E+00  0.000E+00
 -1.4825250E+04 -0.000E+00 -0.000E+00  0.000E+00
 -1.4824750E+04 -0.000E+00 -0.000E+00  0.000E+00
 -1.4824250E+04 -0.000E+00 -0.000E+00  0.000E+00
 -1.4823750E+04 -0.000E+00 -0.000E+00  0.000E+00
 -1.4823250E+04 -0.000E+00 -0.000E+00  0.000E+00
 -1.4822750E+04 -0.000E+00 -0.000E+00  0.000E+00
 -1.4822250E+04 -0.000E+00 -0.000E+00  0.000E+00
 -1.4821750E+04 -0.000E+00 -0.000E+00  0.000E+00
 -1.4821250E+04 -0.000E+00 -0.000E+00  0.000E+00
 -1.4820750E+04 -0.000E+00 -0.000E+00  0.000E+00
 -1.4820250E+04 -0.000E+00 -0.000E+00  0.000E+00
 -1.4819750E+04 -0.000E+00 -0.000E+00  0.000E+00
 -1.4819250E+04 -0.000E+00 -0.000E+00  0.000E+00
 -1.4818750E+04 -0.000E+00 -0.000E+00  0.000E+00
 -1.4818250E+04 -0.000E+00 -0.000E+00  0.000E+00
 -1.4817750E+04 -0.000E+00 -0.000E+00  0.000E+00
 -1.4817250E+04 -0.000E+00 -0.000E+00  0.000E+00
 -1.4816750E+04 -0.000E+00 -0.000E+00  0.000E+00
 -1.4816250E+04 -0.000E+00 -0.000E+00  0.000E+00
 -1.4815750E+04 -0.000E+00 -0.000E+00  0.000E+00
 -1.4815250E+04 -0.000E+00 -0.000E+00  0.000E+00
 -1.4814750E+04 -0.000E+00 -0.000E+00  0.000E+00
 -1.4814250E+04 -0.000E+00 -0.000E+00  0.000E+00
 -1.4813750E+04 -0.000E+00 -0.000E+00  0.000E+00
 -1.4813250E+04 -0.000E+00 -0.000E+00  0.000E+00
 -1.4812750E+04 -0.000E+00 -0.000E+00  0.000E+00
 -1.4812250E+04 -0.000E+00 -0.000E+00  0.000E+00
 -1.4811750E+04 -0.000E+00 -0.000E+00  0.000E+00
 -1.4811250E+04 -0.000E+00 -0.000E+00  0.000E+00
 -1.4810750E+04 -0.000E+00 -0.000E+00  0.000E+00
 -1.4810250E+04 -0.000E+00 -0.000E+00  0.000E+00
 -1.4809750E+04 -0.000E+00 -0.000E+00  0.000E+00
 -1.4809250E+04 -0.000E+00 -0.000E+00  0.000E+00
 -1.4808750E+04 -0.000E+00 -0.000E+00  0.000E+00
 -1.4808250E+04 -0.000E+00 -0.000E+00  0.000E+00
 -1.4807750E+04 -0.000E+00 -0.000E+00  0.000E+00
 -1.4807250E+04 -0.000E+00 -0.000E+00  0.000E+00
 -1.4806750E+04 -0.000E+00 -0.000E+00  0.000E+00
 -1.4806250E+04 -0.000E+00 -0.000E+00  0.000E+00
 -1.4805750E+04 -0.000E+00 -0.000E+00  0.000E+00
 -1.4805250E+04 -0.000E+00 -0.000E+00  0.000E+00
 -1.4804750E+04 -0.000E+00 -0.000E+00  0.000E+00
 -1.4804250E+04 -0.000E+00 -0.000E+00  0.000E+00
 -1.4803750E+04 -0.000E+00 -0.000E+00  0.000E+00
 -1.4803250E+04 -0.000E+00 -0.000E+00  0.000E+00
 -1.4802750E+04 -0.000E+00 -0.000E+00  0.000E+00
 -1.4802250E+04 -0.000E+00 -0.000E+00  0.000E+00
 -1.4801750E+04 -0.000E+00 -0.000E+00  0.000E+00
 -1.4801250E+04 -0.000E+00 -0.000E+00  0.000E+00
 -1.4800750E+04 -0.000E+00 -0.000E+00  0.000E+00
 -1.4800250E+04 -0.000E+00 -0.000E+00  0.000E+00
 -1.4799750E+04 -0.000E+00 -0.000E+00  0.000E+00
 -1.4799250E+04 -0.000E+00 -0.000E+00  0.000E+00
 -1.4798750E+04 -0.000E+00 -0.000E+00  0.000E+00
 -1.4798250E+04 -0.000E+00 -0.000E+00  0.000E+00
 -1.4797750E+04 -0.000E+00 -0.000E+00  0.000E+00
 -1.4797250E+04 -0.000E+00 -0.000E+00  0.000E+00
 -1.4796750E+04 -0.000E+00 -0.000E+00  0.000E+00
 -1.4796250E+04 -0.000E+00 -0.000E+00  0.000E+00
 -1.4795750E+04  5.913E-06  9.716E-06 -1.363E-05
 -1.4795250E+04  1.354E-05  2.330E-05 -3.405E-05
 -1.4794750E+04  2.697E-05  4.333E-05 -5.930E-05
 -1.4794250E+04 -5.749E-05 -7.052E-05  6.680E-05
 -1.4793750E+04  1.890E-04  4.088E-04 -7.021E-04
 -1.4793250E+04 -1.606E-04 -1.281E-04 -1.584E-06
 -1.4792750E+04 -4.572E-04 -5.045E-04  3.746E-04
 -1.4792250E+04 -9.985E-04 -1.102E-03  8.182E-04
 -1.4791750E+04 -1.012E-03 -7.327E-04 -2.204E-04
 -1.4791250E+04 -2.167E-03 -1.892E-03  4.051E-04
 -1.4790750E+04 -1.402E-03 -2.337E-04 -2.425E-03
 -1.4790250E+04 -4.123E-04 -3.022E-06 -8.911E-04
 -1.4789750E+04 -1.431E-03 -7.404E-04 -1.111E-03
 -1.4789250E+04 -4.884E-03 -3.565E-03 -9.741E-04
 -1.4788750E+04 -9.309E-03 -4.412E-03 -8.327E-03
 -1.4788250E+04 -1.801E-02 -1.180E-02 -7.292E-03
 -1.4787750E+04 -9.612E-03 -6.597E-03 -3.105E-03
 -1.4787250E+04 -6.612E-03 -4.030E-03 -3.509E-03
 -1.4786750E+04 -1.252E-02 -7.663E-03 -6.579E-03
 -1.4786250E+04 -1.898E-02 -1.133E-02 -1.075E-02
 -1.4785750E+04 -9.364E-03 -5.703E-03 -4.955E-03
 -1.4785250E+04 -1.349E-02 -4.335E-03 -1.765E-02
 -1.4784750E+04 -2.999E-02 -1.676E-02 -1.999E-02
 -1.4784250E+04 -3.500E-02 -1.835E-02 -2.652E-02
 -1.4783750E+04 -3.455E-02 -1.848E-02 -2.530E-02
 -1.4783250E+04 -3.323E-02 -2.466E-02 -5.838E-03
 -1.4782750E+04 -6.492E-02 -3.842E-02 -3.749E-02
 -1.4782250E+04 -5.112E-02 -2.523E-02 -4.306E-02
 -1.4781750E+04 -4.990E-02 -2.981E-02 -2.806E-02
 -1.4781250E+04 -6.219E-02 -4.150E-02 -2.341E-02
 -1.4780750E+04 -5.358E-02 -2.908E-02 -3.798E-02
 -1.4780250E+04 -7.606E-02 -4.335E-02 -4.832E-02
 -1.4779750E+04 -9.102E-02 -4.907E-02 -6.554E-02
 -1.4779250E+04 -9.889E-02 -6.659E-02 -3.547E-02
 -1.4778750E+04 -1.394E-01 -8.382E-02 -7.704E-02
 -1.4778250E+04 -1.207E-01 -6.637E-02 -8.333E-02
 -1.4777750E+04 -1.512E-01 -9.781E-02 -6.531E-02
 -1.4777250E+04 -1.498E-01 -7.928E-02 -1.117E-01
 -1.4776750E+04 -1.999E-01 -1.256E-01 -9.634E-02
 -1.4776250E+04 -2.281E-01 -1.367E-01 -1.276E-01
 -1.4775750E+04 -2.221E-01 -1.265E-01 -1.421E-01
 -1.4775250E+04 -2.703E-01 -1.733E-01 -1.213E-01
 -1.4774750E+04 -3.025E-01 -1.923E-01 -1.399E-01
 -1.4774250E+04 -3.367E-01 -2.042E-01 -1.823E-01
 -1.4773750E+04 -3.907E-01 -2.347E-01 -2.177E-01
 -1.4773250E+04 -5.263E-01 -3.269E-01 -2.647E-01
 -1.4772750E+04 -3.714E-01 -2.079E-01 -2.466E-01
 -1.4772250E+04 -4.850E-01 -2.915E-01 -2.694E-01
 -1.4771750E+04 -5.103E-01 -2.986E-01 -3.059E-01
 -1.4771250E+04 -5.890E-01 -3.526E-01 -3.316E-01
 -1.4770750E+04 -6.131E-01 -3.686E-01 -3.411E-01
 -1.4770250E+04 -6.638E-01 -3.961E-01 -3.773E-01
 -1.4769750E+04 -8.214E-01 -5.386E-01 -3.391E-01
 -1.4769250E+04 -8.444E-01 -5.220E-01 -4.330E-01
 -1.4768750E+04 -9.107E-01 -5.761E-01 -4.323E-01
 -1.4768250E+04 -9.805E-01 -6.243E-01 -4.549E-01
 -1.4767750E+04 -1.030E+00 -6.138E-01 -5.890E-01
 -1.4767250E+04 -1.060E+00 -6.669E-01 -5.147E-01
 -1.4766750E+04 -1.206E+00 -7.266E-01 -6.684E-01
 -1.4766250E+04 -1.258E+00 -7.641E-01 -6.803E-01
 -1.4765750E+04 -1.303E+00 -7.508E-01 -8.122E-01
 -1.4765250E+04 -1.441E+00 -8.774E-01 -7.766E-01
 -1.4764750E+04 -1.380E+00 -8.164E-01 -8.064E-01
 -1.4764250E+04 -1.511E+00 -8.774E-01 -9.257E-01
 -1.4763750E+04 -1.809E+00 -1.125E+00 -9.148E-01
 -1.4763250E+04 -1.885E+00 -1.139E+00 -1.038E+00
 -1.4762750E+04 -2.048E+00 -1.254E+00 -1.085E+00
 -1.4762250E+04 -2.104E+00 -1.329E+00 -1.012E+00
 -1.4761750E+04 -2.196E+00 -1.271E+00 -1.355E+00
 -1.4761250E+04 -2.304E+00 -1.423E+00 -1.192E+00
 -1.4760750E+04 -2.416E+00 -1.513E+00 -1.196E+00
 -1.4760250E+04 -2.501E+00 -1.480E+00 -1.462E+00
 -1.4759750E+04 -2.669E+00 -1.668E+00 -1.331E+00
 -1.4759250E+04 -2.709E+00 -1.647E+00 -1.471E+00
 -1.4758750E+04 -2.902E+00 -1.840E+00 -1.382E+00
 -1.4758250E+04 -3.173E+00 -2.074E+00 -1.345E+00
 -1.4757750E+04 -3.149E+00 -1.979E+00 -1.545E+00
 -1.4757250E+04 -3.253E+00 -2.058E+00 -1.563E+00
 -1.4756750E+04 -3.196E+00 -1.919E+00 -1.800E+00
 -1.4756250E+04 -3.476E+00 -2.132E+00 -1.840E+00
 -1.4755750E+04 -3.506E+00 -2.128E+00 -1.918E+00
 -1.4755250E+04 -3.696E+00 -2.255E+00 -1.991E+00
 -1.4754750E+04 -3.877E+00 -2.404E+00 -1.989E+00
 -1.4754250E+04 -3.849E+00 -2.285E+00 -2.241E+00
 -1.4753750E+04 -4.232E+00 -2.649E+00 -2.109E+00
 -1.4753250E+04 -4.160E+00 -2.590E+00 -2.109E+00
 -1.4752750E+04 -4.237E+00 -2.656E+00 -2.107E+00
 -1.4752250E+04 -4.120E+00 -2.608E+00 -1.982E+00
 -1.4751750E+04 -4.509E+00 -2.846E+00 -2.192E+00
 -1.4751250E+04 -4.319E+00 -2.654E+00 -2.286E+00
 -1.4750750E+04 -4.656E+00 -2.933E+00 -2.280E+00
 -1.4750250E+04 -4.667E+00 -2.980E+00 -2.184E+00
 -1.4749750E+04 -4.786E+00 -3.017E+00 -2.340E+00
 -1.4749250E+04 -5.017E+00 -3.119E+00 -2.566E+00
 -1.4748750E+04 -4.875E+00 -3.210E+00 -2.038E+00
 -1.4748250E+04 -4.835E+00 -2.942E+00 -2.642E+00
 -1.4747750E+04 -5.025E+00 -3.095E+00 -2.650E+00
 -1.4747250E+04 -5.115E+00 -3.292E+00 -2.336E+00
 -1.4746750E+04 -5.359E+00 -3.350E+00 -2.699E+00
 -1.4746250E+04 -5.388E+00 -3.408E+00 -2.617E+00
 -1.4745750E+04 -5.034E+00 -3.407E+00 -1.881E+00
 -1.4745250E+04 -5.269E+00 -3.294E+00 -2.665E+00
 -1.4744750E+04 -4.981E+00 -3.105E+00 -2.541E+00
 -1.4744250E+04 -5.436E+00 -3.425E+00 -2.682E+00
 -1.4743750E+04 -5.470E+00 -3.553E+00 -2.429E+00
 -1.4743250E+04 -5.494E+00 -3.351E+00 -2.996E+00
 -1.4742750E+04 -5.511E+00 -3.504E+00 -2.646E+00
 -1.4742250E+04 -5.460E+00 -3.549E+00 -2.422E+00
 -1.4741750E+04 -5.434E+00 -3.471E+00 -2.566E+00
 -1.4741250E+04 -5.502E+00 -3.435E+00 -2.804E+00
 -1.4740750E+04 -5.371E+00 -3.532E+00 -2.286E+00
 -1.4740250E+04 -5.536E+00 -3.591E+00 -2.484E+00
 -1.4739750E+04 -5.820E+00 -3.665E+00 -2.889E+00
 -1.4739250E+04 -5.234E+00 -3.382E+00 -2.382E+00
 -1.4738750E+04 -5.393E+00 -3.593E+00 -2.183E+00
 -1.4738250E+04 -5.479E+00 -3.390E+00 -2.875E+00
 -1.4737750E+04 -5.474E+00 -3.545E+00 -2.482E+00
 -1.4737250E+04 -5.397E+00 -3.452E+00 -2.554E+00
 -1.4736750E+04 -5.384E+00 -3.363E+00 -2.753E+00
 -1.4736250E+04 -5.332E+00 -3.564E+00 -2.139E+00
 -1.4735750E+04 -5.580E+00 -3.541E+00 -2.714E+00
 -1.4735250E+04 -5.256E+00 -3.243E+00 -2.796E+00
 -1.4734750E+04 -5.323E+00 -3.469E+00 -2.366E+00
 -1.4734250E+04 -5.117E+00 -3.519E+00 -1.819E+00
 -1.4733750E+04 -4.917E+00 -3.255E+00 -2.069E+00
 -1.4733250E+04 -4.699E+00 -2.945E+00 -2.392E+00
 -1.4732750E+04 -5.238E+00 -3.372E+00 -2.444E+00
 -1.4732250E+04 -4.982E+00 -3.163E+00 -2.436E+00
 -1.4731750E+04 -4.854E+00 -3.034E+00 -2.490E+00
 -1.4731250E+04 -4.635E+00 -3.068E+00 -1.953E+00
 -1.4730750E+04 -4.640E+00 -3.005E+00 -2.129E+00
 -1.4730250E+04 -4.780E+00 -3.051E+00 -2.301E+00
 -1.4729750E+04 -4.555E+00 -3.004E+00 -1.954E+00
 -1.4729250E+04 -4.760E+00 -3.155E+00 -2.008E+00
 -1.4728750E+04 -4.365E+00 -2.790E+00 -2.102E+00
 -1.4728250E+04 -4.525E+00 -2.946E+00 -2.038E+00
 -1.4727750E+04 -4.819E+00 -3.253E+00 -1.890E+00
 -1.4727250E+04 -4.351E+00 -2.747E+00 -2.184E+00
 -1.4726750E+04 -4.035E+00 -2.722E+00 -1.598E+00
 -1.4726250E+04 -4.262E+00 -2.734E+00 -2.032E+00
 -1.4725750E+04 -4.416E+00 -2.891E+00 -1.959E+00
 -1.4725250E+04 -3.480E+00 -2.386E+00 -1.284E+00
 -1.4724750E+04 -3.618E+00 -2.341E+00 -1.688E+00
 -1.4724250E+04 -3.832E+00 -2.639E+00 -1.390E+00
 -1.4723750E+04 -3.698E+00 -2.409E+00 -1.686E+00
 -1.4723250E+04 -3.270E+00 -2.148E+00 -1.458E+00
 -1.4722750E+04 -3.446E+00 -2.293E+00 -1.456E+00
 -1.4722250E+04 -3.428E+00 -2.288E+00 -1.436E+00
 -1.4721750E+04 -3.420E+00 -2.148E+00 -1.762E+00
 -1.4721250E+04 -3.240E+00 -1.996E+00 -1.771E+00
 -1.4720750E+04 -3.061E+00 -1.917E+00 -1.591E+00
 -1.4720250E+04 -3.115E+00 -2.089E+00 -1.285E+00
 -1.4719750E+04 -3.356E+00 -2.290E+00 -1.285E+00
 -1.4719250E+04 -3.032E+00 -1.934E+00 -1.498E+00
 -1.4718750E+04 -2.543E+00 -1.668E+00 -1.155E+00
 -1.4718250E+04 -2.708E+00 -1.539E+00 -1.819E+00
 -1.4717750E+04 -3.071E+00 -2.121E+00 -1.124E+00
 -1.4717250E+04 -2.342E+00 -1.369E+00 -1.479E+00
 -1.4716750E+04 -2.824E+00 -1.826E+00 -1.347E+00
 -1.4716250E+04 -2.443E+00 -1.630E+00 -1.043E+00
 -1.4715750E+04 -2.173E+00 -1.311E+00 -1.278E+00
 -1.4715250E+04 -1.507E+00 -1.020E+00 -6.246E-01
 -1.4714750E+04 -2.136E+00 -1.374E+00 -1.036E+00
 -1.4714250E+04 -2.129E+00 -1.707E+00 -2.096E-01
 -1.4713750E+04 -2.054E+00 -1.462E+00 -6.654E-01
 -1.4713250E+04 -2.320E+00 -1.619E+00 -8.273E-01
 -1.4712750E+04 -1.914E+00 -1.245E+00 -9.179E-01
 -1.4712250E+04 -1.626E+00 -1.272E+00 -2.513E-01
 -1.4711750E+04 -1.515E+00 -1.114E+00 -4.146E-01
 -1.4711250E+04 -1.414E+00 -9.806E-01 -5.421E-01
 -1.4710750E+04 -1.251E+00 -7.974E-01 -6.608E-01
 -1.4710250E+04 -1.114E+00 -8.491E-01 -2.530E-01
 -1.4709750E+04 -1.690E+00 -1.077E+00 -8.646E-01
 -1.4709250E+04 -1.122E+00 -8.868E-01 -1.707E-01
 -1.4708750E+04 -1.056E+00 -7.427E-01 -3.992E-01
 -1.4708250E+04 -1.220E+00 -7.405E-01 -7.255E-01
 -1.4707750E+04 -1.063E+00 -6.473E-01 -6.388E-01
 -1.4707250E+04 -8.207E-01 -5.306E-01 -4.315E-01
 -1.4706750E+04 -6.288E-01 -4.661E-01 -2.013E-01
 -1.4706250E+04 -6.602E-01 -2.883E-01 -6.865E-01
 -1.4705750E+04 -5.196E-01 -3.084E-01 -3.686E-01
 -1.4705250E+04 -8.317E-01 -6.508E-01 -1.607E-01
 -1.4704750E+04 -5.526E-01 -4.118E-01 -1.708E-01
 -1.4704250E+04 -5.169E-01 -5.013E-01  1.182E-01
 -1.4703750E+04 -3.933E-01 -3.282E-01 -5.678E-02
 -1.4703250E+04 -2.812E-01 -1.330E-01 -3.044E-01
 -1.4702750E+04 -2.361E-01 -1.453E-01 -1.826E-01
 -1.4702250E+04 -2.897E-01 -2.276E-01 -8.280E-02
 -1.4701750E+04 -3.944E-02 -5.669E-02  6.880E-03
 -1.4701250E+04 -3.249E-01 -1.047E-01 -4.475E-01
 -1.4700750E+04 -1.547E-01 -1.907E-01  9.371E-02
 -1.4700250E+04 -1.624E-01 -3.549E-02 -2.964E-01
 -1.4699750E+04 -1.443E-01 -1.110E-01 -7.159E-02
 -1.4699250E+04  3.076E-01  2.000E-01  9.384E-02
 -1.4698750E+04  9.822E-03  2.316E-02 -9.142E-02
 -1.4698250E+04  4.324E-01  2.320E-01  2.734E-01
 -1.4697750E+04  3.538E-01  2.660E-01  1.607E-02
 -1.4697250E+04  1.192E-01  2.410E-02  1.335E-01
 -1.4696750E+04  1.951E-01  1.140E-01  6.682E-02
 -1.4696250E+04  9.588E-02  1.501E-01 -2.165E-01
 -1.4695750E+04  3.341E-02 -6.406E-02  1.888E-01
 -1.4695250E+04  3.884E-01  3.360E-01 -6.710E-02
 -1.4694750E+04  3.066E-01  5.129E-02  4.588E-01
 -1.4694250E+04  7.009E-01  1.909E-01  9.217E-01
 -1.4693750E+04  5.766E-01  4.695E-01 -2.440E-02
 -1.4693250E+04  2.158E-01  1.438E-01  3.684E-02
 -1.4692750E+04  8.662E-01  4.918E-01  5.196E-01
 -1.4692250E+04  6.038E-01  3.779E-01  2.680E-01
 -1.4691750E+04  5.101E-01  3.428E-01  1.637E-01
 -1.4691250E+04  8.058E-01  5.499E-01  2.606E-01
 -1.4690750E+04  8.625E-01  5.293E-01  4.074E-01
 -1.4690250E+04  6.938E-01  5.562E-01  1.681E-02
 -1.4689750E+04  6.824E-01  3.163E-01  5.702E-01
 -1.4689250E+04  8.427E-01  5.822E-01  2.644E-01
 -1.4688750E+04  8.479E-01  3.873E-01  7.314E-01
 -1.4688250E+04  8.927E-01  6.313E-01  2.364E-01
 -1.4687750E+04  1.088E+00  7.563E-01  3.271E-01
 -1.4687250E+04  9.634E-01  5.926E-01  4.742E-01
 -1.4686750E+04  8.210E-01  5.324E-01  3.389E-01
 -1.4686250E+04  9.217E-01  5.282E-01  5.325E-01
 -1.4685750E+04  8.988E-01  5.547E-01  4.427E-01
 -1.4685250E+04  7.398E-01  5.041E-01  2.401E-01
 -1.4684750E+04  1.034E+00  6.078E-01  5.846E-01
 -1.4684250E+04  1.302E+00  9.317E-01  3.581E-01
 -1.4683750E+04  1.168E+00  9.560E-01  2.661E-02
 -1.4683250E+04  1.115E+00  6.850E-01  5.672E-01
 -1.4682750E+04  1.097E+00  6.845E-01  5.290E-01
 -1.4682250E+04  1.014E+00  6.670E-01  4.076E-01
 -1.4681750E+04  1.297E+00  8.419E-01  5.793E-01
 -1.4681250E+04  1.174E+00  7.889E-01  4.187E-01
 -1.4680750E+04  1.100E+00  7.177E-01  4.506E-01
 -1.4680250E+04  1.301E+00  8.271E-01  5.958E-01
 -1.4679750E+04  1.185E+00  8.143E-01  4.017E-01
 -1.4679250E+04  9.582E-01  6.309E-01  3.771E-01
 -1.4678750E+04  1.188E+00  7.901E-01  4.629E-01
 -1.4678250E+04  1.309E+00  8.063E-01  6.751E-01
 -1.4677750E+04  1.271E+00  7.924E-01  6.341E-01
 -1.4677250E+04  9.976E-01  6.587E-01  3.951E-01
 -1.4676750E+04  1.298E+00  8.649E-01  4.879E-01
 -1.4676250E+04  1.537E+00  1.039E+00  5.752E-01
 -1.4675750E+04  1.190E+00  7.758E-01  5.107E-01
 -1.4675250E+04  1.452E+00  9.008E-01  7.455E-01
 -1.4674750E+04  1.015E+00  5.479E-01  7.055E-01
 -1.4674250E+04  1.171E+00  8.039E-01  4.026E-01
 -1.4673750E+04  1.345E+00  9.156E-01  4.746E-01
 -1.4673250E+04  1.390E+00  9.256E-01  5.487E-01
 -1.4672750E+04  1.553E+00  1.040E+00  6.044E-01
 -1.4672250E+04  1.431E+00  9.149E-01  6.518E-01
 -1.4671750E+04  1.287E+00  7.142E-01  8.537E-01
 -1.4671250E+04  1.304E+00  8.891E-01  4.697E-01
 -1.4670750E+04  1.354E+00  8.109E-01  7.513E-01
 -1.4670250E+04  1.444E+00  9.801E-01  5.371E-01
 -1.4669750E+04  1.286E+00  8.723E-01  4.720E-01
 -1.4669250E+04  1.019E+00  6.629E-01  4.451E-01
 -1.4668750E+04  1.380E+00  9.021E-01  5.899E-01
 -1.4668250E+04  1.466E+00  9.826E-01  5.823E-01
 -1.4667750E+04  1.398E+00  9.637E-01  4.849E-01
 -1.4667250E+04  1.306E+00  9.737E-01  2.711E-01
 -1.4666750E+04  1.171E+00  8.621E-01  2.717E-01
 -1.4666250E+04  1.165E+00  8.369E-01  3.226E-01
 -1.4665750E+04  1.360E+00  9.382E-01  4.728E-01
 -1.4665250E+04  1.288E+00  7.377E-01  7.951E-01
 -1.4664750E+04  1.486E+00  9.892E-01  6.024E-01
 -1.4664250E+04  1.373E+00  9.146E-01  5.517E-01
 -1.4663750E+04  1.429E+00  9.465E-01  6.082E-01
 -1.4663250E+04  1.320E+00  9.314E-01  4.274E-01
 -1.4662750E+04  1.248E+00  7.374E-01  7.216E-01
 -1.4662250E+04  1.489E+00  9.499E-01  6.951E-01
 -1.4661750E+04  1.356E+00  9.153E-01  5.096E-01
 -1.4661250E+04  1.264E+00  7.863E-01  6.303E-01
 -1.4660750E+04  1.284E+00  8.720E-01  4.759E-01
 -1.4660250E+04  1.369E+00  9.593E-01  4.439E-01
 -1.4659750E+04  1.439E+00  8.862E-01  7.460E-01
 -1.4659250E+04  1.479E+00  1.013E+00  5.388E-01
 -1.4658750E+04  1.452E+00  9.451E-01  6.445E-01
 -1.4658250E+04  1.420E+00  8.481E-01  8.141E-01
 -1.4657750E+04  1.419E+00  9.139E-01  6.462E-01
 -1.4657250E+04  1.379E+00  9.630E-01  4.472E-01
 -1.4656750E+04  1.404E+00  1.021E+00  3.656E-01
 -1.4656250E+04  1.276E+00  7.444E-01  7.651E-01
 -1.4655750E+04  1.231E+00  7.261E-01  7.118E-01
 -1.4655250E+04  1.321E+00  8.735E-01  5.454E-01
 -1.4654750E+04  1.460E+00  9.375E-01  6.842E-01
 -1.4654250E+04  1.427E+00  9.127E-01  6.765E-01
 -1.4653750E+04  1.476E+00  9.378E-01  6.965E-01
 -1.4653250E+04  1.364E+00  8.132E-01  7.751E-01
 -1.4652750E+04  1.186E+00  8.551E-01  3.369E-01
 -1.4652250E+04  1.232E+00  8.202E-01  5.218E-01
 -1.4651750E+04  1.328E+00  8.288E-01  6.678E-01
 -1.4651250E+04  1.370E+00  8.584E-01  6.855E-01
 -1.4650750E+04  1.530E+00  9.904E-01  6.998E-01
 -1.4650250E+04  1.378E+00  8.939E-01  6.328E-01
 -1.4649750E+04  1.421E+00  9.005E-01  6.865E-01
 -1.4649250E+04  1.241E+00  8.148E-01  5.253E-01
 -1.4648750E+04  1.283E+00  8.374E-01  5.462E-01
 -1.4648250E+04  1.335E+00  8.699E-01  5.974E-01
 -1.4647750E+04  1.221E+00  8.121E-01  5.100E-01
 -1.4647250E+04  1.170E+00  7.616E-01  5.187E-01
 -1.4646750E+04  1.501E+00  9.288E-01  7.844E-01
 -1.4646250E+04  1.435E+00  9.738E-01  5.495E-01
 -1.4645750E+04  1.070E+00  7.354E-01  3.836E-01
 -1.4645250E+04  1.078E+00  6.933E-01  4.958E-01
 -1.4644750E+04  1.411E+00  8.963E-01  6.880E-01
 -1.4644250E+04  1.242E+00  7.916E-01  5.895E-01
 -1.4643750E+04  1.214E+00  8.160E-01  4.744E-01
 -1.4643250E+04  1.442E+00  9.229E-01  6.756E-01
 -1.4642750E+04  1.258E+00  8.785E-01  4.233E-01
 -1.4642250E+04  1.267E+00  8.516E-01  4.982E-01
 -1.4641750E+04  1.283E+00  7.588E-01  7.453E-01
 -1.4641250E+04  1.085E+00  6.018E-01  7.305E-01
 -1.4640750E+04  1.238E+00  8.226E-01  5.162E-01
 -1.4640250E+04  1.305E+00  8.428E-01  5.998E-01
 -1.4639750E+04  1.309E+00  9.106E-01  4.535E-01
 -1.4639250E+04  1.196E+00  8.180E-01  4.441E-01
 -1.4638750E+04  1.258E+00  8.448E-01  5.064E-01
 -1.4638250E+04  1.172E+00  7.613E-01  5.226E-01
 -1.4637750E+04  1.229E+00  8.254E-01  4.802E-01
 -1.4637250E+04  1.409E+00  9.104E-01  6.501E-01
 -1.4636750E+04  1.381E+00  9.247E-01  5.590E-01
 -1.4636250E+04  1.300E+00  8.509E-01  5.826E-01
 -1.4635750E+04  1.159E+00  7.017E-01  6.441E-01
 -1.4635250E+04  1.209E+00  7.495E-01  6.271E-01
 -1.4634750E+04  1.201E+00  8.123E-01  4.646E-01
 -1.4634250E+04  1.194E+00  7.689E-01  5.514E-01
 -1.4633750E+04  1.289E+00  8.239E-01  6.093E-01
 -1.4633250E+04  1.199E+00  8.194E-01  4.475E-01
 -1.4632750E+04  1.149E+00  7.131E-01  5.981E-01
 -1.4632250E+04  1.309E+00  8.785E-01  5.204E-01
 -1.4631750E+04  1.108E+00  6.831E-01  5.807E-01
 -1.4631250E+04  1.066E+00  7.628E-01  3.108E-01
 -1.4630750E+04  1.102E+00  8.264E-01  2.423E-01
 -1.4630250E+04  1.027E+00  6.542E-01  4.971E-01
 -1.4629750E+04  1.233E+00  8.175E-01  5.210E-01
 -1.4629250E+04  1.238E+00  8.542E-01  4.350E-01
 -1.4628750E+04  1.027E+00  6.749E-01  4.328E-01
 -1.4628250E+04  1.026E+00  5.984E-01  6.163E-01
 -1.4627750E+04  1.062E+00  6.755E-01  5.224E-01
 -1.4627250E+04  1.213E+00  8.748E-01  3.573E-01
 -1.4626750E+04  9.915E-01  6.071E-01  5.287E-01
 -1.4626250E+04  1.207E+00  8.059E-01  5.098E-01
 -1.4625750E+04  1.154E+00  7.140E-01  6.094E-01
 -1.4625250E+04  1.012E+00  6.206E-01  5.526E-01
 -1.4624750E+04  1.149E+00  6.639E-01  7.133E-01
 -1.4624250E+04  1.158E+00  7.475E-01  5.267E-01
 -1.4623750E+04  1.032E+00  7.411E-01  3.051E-01
 -1.4623250E+04  1.117E+00  7.892E-01  3.608E-01
 -1.4622750E+04  9.940E-01  6.094E-01  5.332E-01
 -1.4622250E+04  1.179E+00  7.800E-01  5.045E-01
 -1.4621750E+04  1.032E+00  6.337E-01  5.458E-01
 -1.4621250E+04  1.086E+00  7.167E-01  4.685E-01
 -1.4620750E+04  1.165E+00  7.410E-01  5.615E-01
 -1.4620250E+04  1.216E+00  7.913E-01  5.611E-01
 -1.4619750E+04  9.749E-01  6.098E-01  4.956E-01
 -1.4619250E+04  1.061E+00  6.870E-01  4.793E-01
 -1.4618750E+04  1.016E+00  6.068E-01  5.869E-01
 -1.4618250E+04  1.167E+00  8.034E-01  4.295E-01
 -1.4617750E+04  1.030E+00  6.805E-01  4.403E-01
 -1.4617250E+04  1.022E+00  6.446E-01  5.080E-01
 -1.4616750E+04  1.036E+00  6.562E-01  5.064E-01
 -1.4616250E+04  1.045E+00  6.602E-01  5.189E-01
 -1.4615750E+04  1.100E+00  7.383E-01  4.498E-01
 -1.4615250E+04  9.772E-01  6.107E-01  4.923E-01
 -1.4614750E+04  1.007E+00  6.625E-01  4.354E-01
 -1.4614250E+04  1.035E+00  6.681E-01  4.844E-01
 -1.4613750E+04  1.008E+00  6.558E-01  4.587E-01
 -1.4613250E+04  9.009E-01  5.749E-01  4.352E-01
 -1.4612750E+04  9.737E-01  6.570E-01  3.907E-01
 -1.4612250E+04  9.941E-01  6.170E-01  5.234E-01
 -1.4611750E+04  1.019E+00  6.818E-01  4.094E-01
 -1.4611250E+04  9.917E-01  6.143E-01  5.196E-01
 -1.4610750E+04  9.351E-01  5.963E-01  4.693E-01
 -1.4610250E+04  9.385E-01  6.431E-01  3.543E-01
 -1.4609750E+04  1.012E+00  6.792E-01  4.137E-01
 -1.4609250E+04  1.036E+00  6.459E-01  5.216E-01
 -1.4608750E+04  1.018E+00  6.780E-01  4.213E-01
 -1.4608250E+04  8.614E-01  5.669E-01  3.688E-01
 -1.4607750E+04  8.918E-01  5.585E-01  4.551E-01
 -1.4607250E+04  1.039E+00  5.988E-01  6.606E-01
 -1.4606750E+04  9.061E-01  5.483E-01  5.108E-01
 -1.4606250E+04  9.244E-01  6.363E-01  3.341E-01
 -1.4605750E+04  1.009E+00  6.716E-01  4.284E-01
 -1.4605250E+04  9.004E-01  5.555E-01  4.802E-01
 -1.4604750E+04  9.885E-01  6.523E-01  4.213E-01
 -1.4604250E+04  8.365E-01  5.588E-01  3.400E-01
 -1.4603750E+04  8.666E-01  5.100E-01  5.169E-01
 -1.4603250E+04  9.764E-01  6.478E-01  4.167E-01
 -1.4602750E+04  9.155E-01  5.800E-01  4.442E-01
 -1.4602250E+04  9.399E-01  6.445E-01  3.344E-01
 -1.4601750E+04  9.940E-01  6.386E-01  4.676E-01
 -1.4601250E+04  9.359E-01  6.137E-01  4.133E-01
 -1.4600750E+04  8.804E-01  5.137E-01  5.287E-01
 -1.4600250E+04  7.441E-01  4.387E-01  4.419E-01
 -1.4599750E+04  7.863E-01  4.770E-01  4.458E-01
 -1.4599250E+04  9.150E-01  6.083E-01  3.900E-01
 -1.4598750E+04  9.568E-01  6.627E-01  3.538E-01
 -1.4598250E+04  8.682E-01  6.042E-01  3.091E-01
 -1.4597750E+04  7.965E-01  4.930E-01  4.158E-01
 -1.4597250E+04  7.208E-01  4.248E-01  4.457E-01
 -1.4596750E+04  9.536E-01  6.456E-01  3.729E-01
 -1.4596250E+04  8.608E-01  5.611E-01  3.852E-01
 -1.4595750E+04  8.048E-01  5.112E-01  3.985E-01
 -1.4595250E+04  8.263E-01  5.062E-01  4.441E-01
 -1.4594750E+04  7.968E-01  4.571E-01  5.042E-01
 -1.4594250E+04  8.127E-01  5.436E-01  3.419E-01
 -1.4593750E+04  8.746E-01  5.961E-01  3.389E-01
 -1.4593250E+04  8.891E-01  5.419E-01  4.914E-01
 -1.4592750E+04  7.477E-01  4.688E-01  3.829E-01
 -1.4592250E+04  8.079E-01  4.833E-01  4.646E-01
 -1.4591750E+04  8.599E-01  4.778E-01  5.810E-01
 -1.4591250E+04  7.819E-01  5.394E-01  2.797E-01
 -1.4590750E+04  8.233E-01  5.437E-01  3.473E-01
 -1.4590250E+04  7.833E-01  5.099E-01  3.491E-01
 -1.4589750E+04  7.828E-01  4.857E-01  3.990E-01
 -1.4589250E+04  8.603E-01  5.764E-01  3.549E-01
 -1.4588750E+04  8.445E-01  5.825E-01  3.071E-01
 -1.4588250E+04  8.278E-01  5.458E-01  3.608E-01
 -1.4587750E+04  8.840E-01  5.353E-01  5.079E-01
 -1.4587250E+04  8.036E-01  4.536E-01  5.156E-01
 -1.4586750E+04  7.690E-01  4.702E-01  4.176E-01
 -1.4586250E+04  8.263E-01  5.322E-01  3.925E-01
 -1.4585750E+04  7.601E-01  4.853E-01  3.760E-01
 -1.4585250E+04  8.181E-01  5.432E-01  3.465E-01
 -1.4584750E+04  7.304E-01  4.954E-01  2.938E-01
 -1.4584250E+04  7.511E-01  4.420E-01  4.528E-01
 -1.4583750E+04  8.311E-01  5.413E-01  3.750E-01
 -1.4583250E+04  8.294E-01  5.544E-01  3.367E-01
 -1.4582750E+04  7.093E-01  4.530E-01  3.438E-01
 -1.4582250E+04  6.415E-01  3.861E-01  3.581E-01
 -1.4581750E+04  7.083E-01  4.850E-01  2.769E-01
 -1.4581250E+04  8.083E-01  5.387E-01  3.314E-01
 -1.4580750E+04  7.437E-01  5.127E-01  2.715E-01
 -1.4580250E+04  7.694E-01  4.727E-01  4.157E-01
 -1.4579750E+04  8.152E-01  5.010E-01  4.379E-01
 -1.4579250E+04  7.596E-01  4.828E-01  3.746E-01
 -1.4578750E+04  7.132E-01  4.402E-01  3.871E-01
 -1.4578250E+04  7.216E-01  4.826E-01  2.924E-01
 -1.4577750E+04  6.508E-01  4.029E-01  3.515E-01
 -1.4577250E+04  6.780E-01  4.271E-01  3.332E-01
 -1.4576750E+04  6.991E-01  4.539E-01  3.136E-01
 -1.4576250E+04  7.230E-01  4.675E-01  3.316E-01
 -1.4575750E+04  6.789E-01  5.052E-01  1.625E-01
 -1.4575250E+04  7.347E-01  4.613E-01  3.752E-01
 -1.4574750E+04  7.441E-01  4.721E-01  3.762E-01
 -1.4574250E+04  6.436E-01  4.335E-01  2.683E-01
 -1.4573750E+04  6.999E-01  4.304E-01  3.728E-01
 -1.4573250E+04  6.562E-01  4.184E-01  3.094E-01
 -1.4572750E+04  6.495E-01  3.795E-01  4.015E-01
 -1.4572250E+04  6.495E-01  4.411E-01  2.573E-01
 -1.4571750E+04  7.399E-01  4.656E-01  3.770E-01
 -1.4571250E+04  6.640E-01  3.977E-01  3.884E-01
 -1.4570750E+04  7.548E-01  4.374E-01  4.725E-01
 -1.4570250E+04  6.927E-01  4.155E-01  3.886E-01
 -1.4569750E+04  6.218E-01  3.784E-01  3.404E-01
 -1.4569250E+04  6.472E-01  4.267E-01  2.757E-01
 -1.4568750E+04  6.790E-01  4.298E-01  3.381E-01
 -1.4568250E+04  6.944E-01  4.707E-01  2.800E-01
 -1.4567750E+04  6.563E-01  4.262E-01  3.055E-01
 -1.4567250E+04  7.017E-01  4.631E-01  3.048E-01
 -1.4566750E+04  5.812E-01  3.596E-01  3.056E-01
 -1.4566250E+04  6.689E-01  4.196E-01  3.438E-01
 -1.4565750E+04  5.811E-01  4.397E-01  1.252E-01
 -1.4565250E+04  6.391E-01  4.505E-01  2.048E-01
 -1.4564750E+04  6.055E-01  3.987E-01  2.707E-01
 -1.4564250E+04  6.306E-01  3.816E-01  3.577E-01
 -1.4563750E+04  6.698E-01  4.073E-01  3.750E-01
 -1.4563250E+04  6.388E-01  4.646E-01  1.730E-01
 -1.4562750E+04  7.183E-01  4.870E-01  2.801E-01
 -1.4562250E+04  6.608E-01  3.735E-01  4.415E-01
 -1.4561750E+04  6.479E-01  3.967E-01  3.483E-01
 -1.4561250E+04  6.102E-01  3.879E-01  2.933E-01
 -1.4560750E+04  6.095E-01  3.813E-01  3.111E-01
 -1.4560250E+04  6.514E-01  4.415E-01  2.448E-01
 -1.4559750E+04  5.290E-01  3.417E-01  2.609E-01
 -1.4559250E+04  5.868E-01  3.145E-01  4.349E-01
 -1.4558750E+04  7.087E-01  4.733E-01  2.963E-01
 -1.4558250E+04  5.833E-01  4.189E-01  1.780E-01
 -1.4557750E+04  5.645E-01  3.519E-01  2.912E-01
 -1.4557250E+04  5.780E-01  4.118E-01  1.846E-01
 -1.4556750E+04  6.265E-01  4.021E-01  2.927E-01
 -1.4556250E+04  6.200E-01  3.346E-01  4.461E-01
 -1.4555750E+04  6.804E-01  3.836E-01  4.482E-01
 -1.4555250E+04  6.529E-01  4.176E-01  3.138E-01
 -1.4554750E+04  5.617E-01  3.637E-01  2.638E-01
 -1.4554250E+04  6.379E-01  3.740E-01  3.885E-01
 -1.4553750E+04  5.908E-01  3.253E-01  4.084E-01
 -1.4553250E+04  5.518E-01  3.300E-01  3.173E-01
 -1.4552750E+04  5.476E-01  3.141E-01  3.469E-01
 -1.4552250E+04  5.859E-01  3.898E-01  2.392E-01
 -1.4551750E+04  5.553E-01  3.398E-01  3.007E-01
 -1.4551250E+04  5.562E-01  3.602E-01  2.671E-01
 -1.4550750E+04  6.070E-01  3.878E-01  2.992E-01
 -1.4550250E+04  5.899E-01  3.830E-01  2.763E-01
 -1.4549750E+04  5.883E-01  3.558E-01  3.247E-01
 -1.4549250E+04  5.635E-01  3.491E-01  3.037E-01
 -1.4548750E+04  5.751E-01  3.571E-01  3.027E-01
 -1.4548250E+04  5.739E-01  3.725E-01  2.740E-01
 -1.4547750E+04  5.633E-01  3.492E-01  3.047E-01
 -1.4547250E+04  5.320E-01  3.259E-01  2.896E-01
 -1.4546750E+04  5.710E-01  3.788E-01  2.369E-01
 -1.4546250E+04  5.224E-01  3.400E-01  2.238E-01
 -1.4545750E+04  5.415E-01  3.609E-01  2.322E-01
 -1.4545250E+04  5.513E-01  3.571E-01  2.592E-01
 -1.4544750E+04  5.037E-01  3.215E-01  2.363E-01
 -1.4544250E+04  5.075E-01  3.484E-01  1.930E-01
 -1.4543750E+04  5.490E-01  3.213E-01  3.316E-01
 -1.4543250E+04  5.315E-01  3.258E-01  2.905E-01
 -1.4542750E+04  4.433E-01  2.568E-01  2.759E-01
 -1.4542250E+04  4.883E-01  2.812E-01  3.133E-01
 -1.4541750E+04  4.758E-01  3.354E-01  1.612E-01
 -1.4541250E+04  5.523E-01  3.792E-01  2.212E-01
 -1.4540750E+04  5.417E-01  3.542E-01  2.407E-01
 -1.4540250E+04  5.658E-01  3.585E-01  2.749E-01
 -1.4539750E+04  5.264E-01  3.294E-01  2.671E-01
 -1.4539250E+04  5.312E-01  3.383E-01  2.590E-01
 -1.4538750E+04  4.756E-01  3.367E-01  1.605E-01
 -1.4538250E+04  4.490E-01  2.890E-01  2.079E-01
 -1.4537750E+04  4.757E-01  3.037E-01  2.269E-01
 -1.4537250E+04  5.630E-01  3.724E-01  2.481E-01
 -1.4536750E+04  5.550E-01  3.250E-01  3.418E-01
 -1.4536250E+04  4.753E-01  3.446E-01  1.379E-01
 -1.4535750E+04  4.518E-01  3.258E-01  1.306E-01
 -1.4535250E+04  5.503E-01  3.571E-01  2.547E-01
 -1.4534750E+04  5.075E-01  3.445E-01  1.980E-01
 -1.4534250E+04  4.923E-01  2.992E-01  2.757E-01
 -1.4533750E+04  4.792E-01  2.652E-01  3.271E-01
 -1.4533250E+04  4.680E-01  2.952E-01  2.280E-01
 -1.4532750E+04  5.154E-01  3.321E-01  2.424E-01
 -1.4532250E+04  4.498E-01  2.909E-01  2.030E-01
 -1.4531750E+04  4.414E-01  2.653E-01  2.524E-01
 -1.4531250E+04  4.711E-01  2.870E-01  2.728E-01
 -1.4530750E+04  5.661E-01  3.739E-01  2.515E-01
 -1.4530250E+04  4.616E-01  3.038E-01  2.099E-01
 -1.4529750E+04  4.220E-01  2.874E-01  1.600E-01
 -1.4529250E+04  5.567E-01  3.873E-01  2.054E-01
 -1.4528750E+04  4.527E-01  3.002E-01  1.892E-01
 -1.4528250E+04  4.432E-01  2.663E-01  2.559E-01
 -1.4527750E+04  4.125E-01  2.398E-01  2.582E-01
 -1.4527250E+04  4.628E-01  2.961E-01  2.204E-01
 -1.4526750E+04  4.712E-01  3.318E-01  1.617E-01
 -1.4526250E+04  4.215E-01  2.636E-01  2.243E-01
 -1.4525750E+04  4.351E-01  2.709E-01  2.189E-01
 -1.4525250E+04  4.781E-01  3.105E-01  2.127E-01
 -1.4524750E+04  5.026E-01  3.212E-01  2.418E-01
 -1.4524250E+04  4.927E-01  3.086E-01  2.552E-01
 -1.4523750E+04  4.467E-01  3.236E-01  1.303E-01
 -1.4523250E+04  4.374E-01  2.563E-01  2.647E-01
 -1.4522750E+04  4.443E-01  2.614E-01  2.736E-01
 -1.4522250E+04  4.155E-01  2.334E-01  2.783E-01
 -1.4521750E+04  4.542E-01  2.945E-01  2.106E-01
 -1.4521250E+04  4.118E-01  2.899E-01  1.399E-01
 -1.4520750E+04  4.068E-01  2.653E-01  1.813E-01
 -1.4520250E+04  4.094E-01  2.398E-01  2.465E-01
 -1.4519750E+04  4.760E-01  2.787E-01  2.869E-01
 -1.4519250E+04  4.264E-01  2.573E-01  2.418E-01
 -1.4518750E+04  4.258E-01  2.490E-01  2.644E-01
 -1.4518250E+04  4.677E-01  2.424E-01  3.569E-01
 -1.4517750E+04  4.351E-01  2.574E-01  2.602E-01
 -1.4517250E+04  4.215E-01  2.464E-01  2.646E-01
 -1.4516750E+04  4.370E-01  2.673E-01  2.384E-01
 -1.4516250E+04  4.430E-01  2.798E-01  2.098E-01
 -1.4515750E+04  4.109E-01  2.935E-01  1.358E-01
 -1.4515250E+04  4.105E-01  2.670E-01  2.075E-01
 -1.4514750E+04  4.559E-01  2.585E-01  3.057E-01
 -1.4514250E+04  3.791E-01  2.295E-01  2.169E-01
 -1.4513750E+04  4.048E-01  2.609E-01  1.953E-01
 -1.4513250E+04  4.266E-01  2.842E-01  1.813E-01
 -1.4512750E+04  3.841E-01  2.410E-01  1.984E-01
 -1.4512250E+04  4.039E-01  2.631E-01  1.815E-01
 -1.4511750E+04  3.804E-01  2.369E-01  1.917E-01
 -1.4511250E+04  3.427E-01  2.024E-01  1.982E-01
 -1.4510750E+04  4.394E-01  2.857E-01  2.001E-01
 -1.4510250E+04  3.774E-01  2.003E-01  2.723E-01
 -1.4509750E+04  4.706E-01  3.173E-01  1.919E-01
 -1.4509250E+04  4.157E-01  2.427E-01  2.439E-01
 -1.4508750E+04  3.673E-01  2.309E-01  1.849E-01
 -1.4508250E+04  3.746E-01  2.407E-01  1.765E-01
 -1.4507750E+04  3.595E-01  2.260E-01  1.836E-01
 -1.4507250E+04  4.385E-01  3.113E-01  1.492E-01
 -1.4506750E+04  3.506E-01  2.376E-01  1.478E-01
 -1.4506250E+04  3.294E-01  1.681E-01  2.540E-01
 -1.4505750E+04  3.951E-01  2.325E-01  2.304E-01
 -1.4505250E+04  4.255E-01  2.639E-01  2.384E-01
 -1.4504750E+04  4.000E-01  2.603E-01  1.827E-01
 -1.4504250E+04  3.811E-01  2.387E-01  1.989E-01
 -1.4503750E+04  4.060E-01  2.701E-01  1.739E-01
 -1.4503250E+04  4.447E-01  3.045E-01  1.754E-01
 -1.4502750E+04  3.682E-01  2.299E-01  1.841E-01
 -1.4502250E+04  3.319E-01  1.888E-01  2.112E-01
 -1.4501750E+04  4.028E-01  2.818E-01  1.557E-01
 -1.4501250E+04  3.635E-01  2.560E-01  1.331E-01
 -1.4500750E+04  3.680E-01  2.325E-01  1.921E-01
 -1.4500250E+04  3.744E-01  2.368E-01  1.815E-01
 -1.4499750E+04  4.285E-01  2.694E-01  2.016E-01
 -1.4499250E+04  3.707E-01  2.480E-01  1.575E-01
 -1.4498750E+04  3.449E-01  2.082E-01  1.937E-01
 -1.4498250E+04  3.617E-01  1.970E-01  2.516E-01
 -1.4497750E+04  4.099E-01  2.762E-01  1.623E-01
 -1.4497250E+04  4.211E-01  2.389E-01  2.699E-01
 -1.4496750E+04  3.475E-01  2.106E-01  2.052E-01
 -1.4496250E+04  3.417E-01  2.025E-01  2.059E-01
 -1.4495750E+04  3.762E-01  2.533E-01  1.608E-01
 -1.4495250E+04  3.144E-01  2.128E-01  1.167E-01
 -1.4494750E+04  3.977E-01  2.305E-01  2.517E-01
 -1.4494250E+04  3.405E-01  2.112E-01  1.826E-01
 -1.4493750E+04  3.224E-01  1.841E-01  1.986E-01
 -1.4493250E+04  3.080E-01  2.057E-01  1.208E-01
 -1.4492750E+04  3.552E-01  2.537E-01  1.055E-01
 -1.4492250E+04  3.228E-01  2.078E-01  1.418E-01
 -1.4491750E+04  3.592E-01  2.238E-01  1.880E-01
 -1.4491250E+04  3.662E-01  2.381E-01  1.654E-01
 -1.4490750E+04  3.573E-01  2.189E-01  1.944E-01
 -1.4490250E+04  3.801E-01  2.699E-01  1.288E-01
 -1.4489750E+04  3.298E-01  2.073E-01  1.696E-01
 -1.4489250E+04  3.175E-01  1.848E-01  1.963E-01
 -1.4488750E+04  3.116E-01  1.879E-01  1.743E-01
 -1.4488250E+04  3.314E-01  2.024E-01  1.878E-01
 -1.4487750E+04  3.952E-01  2.508E-01  2.023E-01
 -1.4487250E+04  3.093E-01  2.051E-01  1.435E-01
 -1.4486750E+04  2.955E-01  1.708E-01  1.796E-01
 -1.4486250E+04  3.358E-01  1.971E-01  2.057E-01
 -1.4485750E+04  3.744E-01  2.339E-01  1.961E-01
 -1.4485250E+04  3.840E-01  2.572E-01  1.698E-01
 -1.4484750E+04  3.172E-01  1.928E-01  1.687E-01
 -1.4484250E+04  2.989E-01  1.443E-01  2.594E-01
 -1.4483750E+04  2.634E-01  1.476E-01  1.778E-01
 -1.4483250E+04  2.860E-01  1.789E-01  1.515E-01
 -1.4482750E+04  2.756E-01  1.510E-01  1.872E-01
 -1.4482250E+04  3.547E-01  2.397E-01  1.404E-01
 -1.4481750E+04  3.339E-01  2.204E-01  1.503E-01
 -1.4481250E+04  2.942E-01  1.846E-01  1.508E-01
 -1.4480750E+04  2.805E-01  1.748E-01  1.381E-01
 -1.4480250E+04  3.628E-01  2.399E-01  1.531E-01
 -1.4479750E+04  2.970E-01  2.052E-01  1.152E-01
 -1.4479250E+04  3.675E-01  2.365E-01  1.854E-01
 -1.4478750E+04  3.568E-01  2.431E-01  1.361E-01
 -1.4478250E+04  3.541E-01  2.267E-01  1.689E-01
 -1.4477750E+04  3.609E-01  2.357E-01  1.718E-01
 -1.4477250E+04  3.301E-01  2.479E-01  8.296E-02
 -1.4476750E+04  2.742E-01  1.679E-01  1.542E-01
 -1.4476250E+04  2.986E-01  2.126E-01  9.066E-02
 -1.4475750E+04  3.071E-01  1.790E-01  1.854E-01
 -1.4475250E+04  3.086E-01  1.796E-01  1.990E-01
 -1.4474750E+04  2.745E-01  1.659E-01  1.533E-01
 -1.4474250E+04  3.108E-01  1.908E-01  1.691E-01
 -1.4473750E+04  2.809E-01  1.715E-01  1.544E-01
 -1.4473250E+04  3.063E-01  1.698E-01  1.970E-01
 -1.4472750E+04  3.133E-01  1.870E-01  1.740E-01
 -1.4472250E+04  3.190E-01  2.389E-01  8.141E-02
 -1.4471750E+04  3.344E-01  1.981E-01  2.043E-01
 -1.4471250E+04  2.907E-01  1.684E-01  1.788E-01
 -1.4470750E+04  2.612E-01  1.632E-01  1.270E-01
 -1.4470250E+04  3.347E-01  2.096E-01  1.853E-01
 -1.4469750E+04  3.011E-01  1.644E-01  2.025E-01
 -1.4469250E+04  2.479E-01  1.503E-01  1.392E-01
 -1.4468750E+04  2.856E-01  1.815E-01  1.403E-01
 -1.4468250E+04  2.659E-01  1.517E-01  1.809E-01
 -1.4467750E+04  2.907E-01  1.869E-01  1.463E-01
 -1.4467250E+04  2.630E-01  1.534E-01  1.668E-01
 -1.4466750E+04  2.301E-01  1.171E-01  1.795E-01
 -1.4466250E+04  3.038E-01  1.814E-01  1.825E-01
 -1.4465750E+04  2.920E-01  2.028E-01  1.017E-01
 -1.4465250E+04  2.810E-01  1.776E-01  1.363E-01
 -1.4464750E+04  3.558E-01  2.040E-01  2.263E-01
 -1.4464250E+04  2.873E-01  1.819E-01  1.443E-01
 -1.4463750E+04  2.387E-01  1.606E-01  1.023E-01
 -1.4463250E+04  2.567E-01  1.612E-01  1.304E-01
 -1.4462750E+04  2.636E-01  1.649E-01  1.291E-01
 -1.4462250E+04  2.942E-01  1.851E-01  1.564E-01
 -1.4461750E+04  2.389E-01  1.394E-01  1.469E-01
 -1.4461250E+04  2.676E-01  1.693E-01  1.315E-01
 -1.4460750E+04  2.477E-01  1.541E-01  1.297E-01
 -1.4460250E+04  2.636E-01  1.921E-01  8.282E-02
 -1.4459750E+04  3.299E-01  1.999E-01  1.862E-01
 -1.4459250E+04  2.981E-01  1.733E-01  1.788E-01
 -1.4458750E+04  3.049E-01  2.292E-01  7.025E-02
 -1.4458250E+04  2.383E-01  1.332E-01  1.452E-01
 -1.4457750E+04  2.632E-01  1.505E-01  1.707E-01
 -1.4457250E+04  2.638E-01  1.784E-01  1.131E-01
 -1.4456750E+04  2.495E-01  1.577E-01  1.274E-01
 -1.4456250E+04  2.610E-01  1.616E-01  1.285E-01
 -1.4455750E+04  2.788E-01  1.704E-01  1.584E-01
 -1.4455250E+04  2.162E-01  1.170E-01  1.564E-01
 -1.4454750E+04  2.988E-01  2.067E-01  1.174E-01
 -1.4454250E+04  2.177E-01  1.226E-01  1.502E-01
 -1.4453750E+04  2.315E-01  1.564E-01  1.030E-01
 -1.4453250E+04  2.381E-01  1.393E-01  1.471E-01
 -1.4452750E+04  3.058E-01  2.181E-01  1.027E-01
 -1.4452250E+04  2.609E-01  1.535E-01  1.523E-01
 -1.4451750E+04  2.378E-01  1.472E-01  1.233E-01
 -1.4451250E+04  2.487E-01  1.691E-01  1.001E-01
 -1.4450750E+04  2.620E-01  1.523E-01  1.558E-01
 -1.4450250E+04  1.993E-01  1.190E-01  1.123E-01
 -1.4449750E+04  2.574E-01  1.636E-01  1.158E-01
 -1.4449250E+04  2.804E-01  1.806E-01  1.336E-01
 -1.4448750E+04  2.170E-01  1.352E-01  1.162E-01
 -1.4448250E+04  2.313E-01  1.350E-01  1.459E-01
 -1.4447750E+04  2.744E-01  1.770E-01  1.220E-01
 -1.4447250E+04  2.631E-01  1.707E-01  1.322E-01
 -1.4446750E+04  2.373E-01  1.465E-01  1.227E-01
 -1.4446250E+04  2.299E-01  1.371E-01  1.348E-01
 -1.4445750E+04  2.213E-01  1.351E-01  1.247E-01
 -1.4445250E+04  2.356E-01  1.642E-01  7.890E-02
 -1.4444750E+04  2.512E-01  1.482E-01  1.479E-01
 -1.4444250E+04  2.870E-01  1.604E-01  1.984E-01
 -1.4443750E+04  2.242E-01  1.534E-01  8.640E-02
 -1.4443250E+04  2.300E-01  1.596E-01  7.796E-02
 -1.4442750E+04  2.185E-01  1.640E-01  5.311E-02
 -1.4442250E+04  2.091E-01  1.298E-01  1.152E-01
 -1.4441750E+04  2.930E-01  1.887E-01  1.378E-01
 -1.4441250E+04  2.707E-01  1.577E-01  1.704E-01
 -1.4440750E+04  2.365E-01  1.482E-01  1.285E-01
 -1.4440250E+04  2.523E-01  1.591E-01  1.303E-01
 -1.4439750E+04  1.972E-01  1.151E-01  1.106E-01
 -1.4439250E+04  2.151E-01  1.082E-01  1.659E-01
 -1.4438750E+04  2.179E-01  1.330E-01  1.206E-01
 -1.4438250E+04  2.379E-01  1.351E-01  1.509E-01
 -1.4437750E+04  2.326E-01  1.616E-01  9.036E-02
 -1.4437250E+04  2.315E-01  1.606E-01  8.426E-02
 -1.4436750E+04  2.282E-01  1.518E-01  1.034E-01
 -1.4436250E+04  2.102E-01  1.244E-01  1.231E-01
 -1.4435750E+04  2.159E-01  1.553E-01  8.068E-02
 -1.4435250E+04  2.262E-01  1.491E-01  1.096E-01
 -1.4434750E+04  1.744E-01  1.135E-01  7.109E-02
 -1.4434250E+04  1.944E-01  1.138E-01  1.115E-01
 -1.4433750E+04  2.368E-01  1.348E-01  1.496E-01
 -1.4433250E+04  2.504E-01  1.753E-01  8.926E-02
 -1.4432750E+04  2.150E-01  1.367E-01  1.076E-01
 -1.4432250E+04  2.088E-01  1.254E-01  1.214E-01
 -1.4431750E+04  2.612E-01  1.483E-01  1.693E-01
 -1.4431250E+04  2.261E-01  1.355E-01  1.371E-01
 -1.4430750E+04  2.196E-01  1.380E-01  1.157E-01
 -1.4430250E+04  2.177E-01  1.231E-01  1.403E-01
 -1.4429750E+04  2.255E-01  1.333E-01  1.349E-01
 -1.4429250E+04  1.790E-01  1.237E-01  7.012E-02
 -1.4428750E+04  2.391E-01  1.721E-01  7.950E-02
 -1.4428250E+04  2.081E-01  1.343E-01  1.105E-01
 -1.4427750E+04  1.924E-01  1.269E-01  9.047E-02
 -1.4427250E+04  1.958E-01  1.365E-01  7.461E-02
 -1.4426750E+04  2.551E-01  1.749E-01  9.974E-02
 -1.4426250E+04  2.108E-01  1.202E-01  1.307E-01
 -1.4425750E+04  1.751E-01  9.443E-02  1.251E-01
 -1.4425250E+04  1.910E-01  1.356E-01  6.472E-02
 -1.4424750E+04  2.363E-01  1.547E-01  1.075E-01
 -1.4424250E+04  2.046E-01  1.170E-01  1.174E-01
 -1.4423750E+04  2.201E-01  1.311E-01  1.191E-01
 -1.4423250E+04  2.293E-01  1.618E-01  8.797E-02
 -1.4422750E+04  1.771E-01  1.082E-01  1.075E-01
 -1.4422250E+04  1.918E-01  1.415E-01  5.802E-02
 -1.4421750E+04  1.920E-01  9.928E-02  1.469E-01
 -1.4421250E+04  2.109E-01  1.329E-01  1.131E-01
 -1.4420750E+04  2.443E-01  1.673E-01  9.355E-02
 -1.4420250E+04  2.282E-01  1.407E-01  1.166E-01
 -1.4419750E+04  1.993E-01  1.290E-01  9.448E-02
 -1.4419250E+04  2.170E-01  1.428E-01  1.107E-01
 -1.4418750E+04  2.068E-01  1.308E-01  1.138E-01
 -1.4418250E+04  1.909E-01  1.135E-01  1.160E-01
 -1.4417750E+04  1.743E-01  8.918E-02  1.369E-01
 -1.4417250E+04  1.794E-01  1.215E-01  7.284E-02
 -1.4416750E+04  1.892E-01  1.199E-01  9.369E-02
 -1.4416250E+04  1.852E-01  1.030E-01  1.184E-01
 -1.4415750E+04  2.142E-01  1.371E-01  1.060E-01
 -1.4415250E+04  2.009E-01  1.323E-01  8.178E-02
 -1.4414750E+04  2.339E-01  1.399E-01  1.411E-01
 -1.4414250E+04  1.787E-01  1.016E-01  1.094E-01
 -1.4413750E+04  1.800E-01  1.111E-01  8.016E-02
 -1.4413250E+04  1.846E-01  9.696E-02  1.390E-01
 -1.4412750E+04  1.605E-01  9.908E-02  1.038E-01
 -1.4412250E+04  1.751E-01  1.266E-01  5.261E-02
 -1.4411750E+04  1.969E-01  1.313E-01  8.864E-02
 -1.4411250E+04  2.007E-01  1.355E-01  7.967E-02
 -1.4410750E+04  2.331E-01  1.303E-01  1.491E-01
 -1.4410250E+04  1.804E-01  1.059E-01  1.046E-01
 -1.4409750E+04  1.791E-01  1.121E-01  9.372E-02
 -1.4409250E+04  1.866E-01  9.237E-02  1.504E-01
 -1.4408750E+04  2.050E-01  1.179E-01  1.229E-01
 -1.4408250E+04  1.775E-01  1.144E-01  8.162E-02
 -1.4407750E+04  1.524E-01  1.019E-01  6.836E-02
 -1.4407250E+04  1.971E-01  1.319E-01  7.522E-02
 -1.4406750E+04  2.094E-01  1.109E-01  1.415E-01
 -1.4406250E+04  1.522E-01  9.234E-02  9.230E-02
 -1.4405750E+04  1.435E-01  1.073E-01  4.563E-02
 -1.4405250E+04  1.768E-01  1.388E-01  3.526E-02
 -1.4404750E+04  1.794E-01  1.065E-01  1.016E-01
 -1.4404250E+04  1.897E-01  1.222E-01  9.483E-02
 -1.4403750E+04  2.112E-01  1.330E-01  1.050E-01
 -1.4403250E+04  1.812E-01  1.211E-01  8.351E-02
 -1.4402750E+04  1.661E-01  9.402E-02  1.049E-01
 -1.4402250E+04  1.699E-01  9.288E-02  1.302E-01
 -1.4401750E+04  1.895E-01  1.053E-01  1.100E-01
 -1.4401250E+04  1.891E-01  1.305E-01  8.043E-02
 -1.4400750E+04  2.217E-01  1.480E-01  1.001E-01
 -1.4400250E+04  1.768E-01  1.126E-01  8.489E-02
 -1.4399750E+04  1.465E-01  7.075E-02  1.132E-01
 -1.4399250E+04  1.247E-01  5.929E-02  1.030E-01
 -1.4398750E+04  1.730E-01  1.144E-01  8.892E-02
 -1.4398250E+04  1.880E-01  1.283E-01  7.684E-02
 -1.4397750E+04  1.737E-01  1.143E-01  7.083E-02
 -1.4397250E+04  1.705E-01  9.958E-02  1.001E-01
 -1.4396750E+04  1.359E-01  9.994E-02  4.145E-02
 -1.4396250E+04  1.401E-01  9.134E-02  6.391E-02
 -1.4395750E+04  1.618E-01  8.120E-02  1.245E-01
 -1.4395250E+04  2.086E-01  1.406E-01  8.371E-02
 -1.4394750E+04  1.692E-01  1.379E-01  2.301E-02
 -1.4394250E+04  1.564E-01  1.050E-01  7.037E-02
 -1.4393750E+04  1.830E-01  8.484E-02  1.608E-01
 -1.4393250E+04  1.767E-01  8.742E-02  1.342E-01
 -1.4392750E+04  1.307E-01  8.393E-02  6.644E-02
 -1.4392250E+04  1.436E-01  1.059E-01  3.420E-02
 -1.4391750E+04  1.380E-01  6.185E-02  1.253E-01
 -1.4391250E+04  1.753E-01  1.034E-01  9.844E-02
 -1.4390750E+04  1.884E-01  1.220E-01  8.787E-02
 -1.4390250E+04  1.974E-01  1.225E-01  1.024E-01
 -1.4389750E+04  1.687E-01  1.273E-01  4.494E-02
 -1.4389250E+04  1.711E-01  1.183E-01  5.357E-02
 -1.4388750E+04  1.528E-01  7.566E-02  1.207E-01
 -1.4388250E+04  1.790E-01  1.307E-01  5.567E-02
 -1.4387750E+04  1.769E-01  1.114E-01  9.723E-02
 -1.4387250E+04  1.285E-01  8.995E-02  5.557E-02
 -1.4386750E+04  1.565E-01  1.000E-01  7.405E-02
 -1.4386250E+04  1.703E-01  9.484E-02  1.037E-01
 -1.4385750E+04  1.344E-01  6.974E-02  1.048E-01
 -1.4385250E+04  1.670E-01  1.143E-01  7.367E-02
 -1.4384750E+04  1.703E-01  9.449E-02  1.085E-01
 -1.4384250E+04  1.487E-01  1.075E-01  4.973E-02
 -1.4383750E+04  1.911E-01  1.329E-01  6.806E-02
 -1.4383250E+04  1.929E-01  1.314E-01  7.852E-02
 -1.4382750E+04  1.163E-01  5.285E-02  1.025E-01
 -1.4382250E+04  1.154E-01  7.218E-02  6.380E-02
 -1.4381750E+04  1.641E-01  1.128E-01  6.226E-02
 -1.4381250E+04  1.510E-01  8.701E-02  8.775E-02
 -1.4380750E+04  1.829E-01  1.127E-01  1.050E-01
 -1.4380250E+04  1.228E-01  7.077E-02  8.675E-02
 -1.4379750E+04  1.149E-01  9.565E-02  2.104E-03
 -1.4379250E+04  1.982E-01  1.499E-01  3.932E-02
 -1.4378750E+04  1.655E-01  9.521E-02  1.036E-01
 -1.4378250E+04  1.330E-01  6.776E-02  1.006E-01
 -1.4377750E+04  1.485E-01  8.876E-02  9.456E-02
 -1.4377250E+04  1.504E-01  9.363E-02  7.621E-02
 -1.4376750E+04  1.561E-01  1.055E-01  7.433E-02
 -1.4376250E+04  1.427E-01  9.352E-02  6.620E-02
 -1.4375750E+04  1.905E-01  1.261E-01  8.533E-02
 -1.4375250E+04  1.277E-01  7.298E-02  7.638E-02
 -1.4374750E+04  1.584E-01  1.067E-01  6.391E-02
 -1.4374250E+04  1.635E-01  1.225E-01  4.489E-02
 -1.4373750E+04  1.166E-01  6.761E-02  7.183E-02
 -1.4373250E+04  1.529E-01  9.786E-02  6.780E-02
 -1.4372750E+04  1.376E-01  8.544E-02  6.821E-02
 -1.4372250E+04  1.283E-01  7.232E-02  8.390E-02
 -1.4371750E+04  1.118E-01  5.364E-02  9.302E-02
 -1.4371250E+04  1.257E-01  5.886E-02  1.102E-01
 -1.4370750E+04  1.489E-01  7.728E-02  1.207E-01
 -1.4370250E+04  1.567E-01  1.074E-01  5.960E-02
 -1.4369750E+04  1.803E-01  1.133E-01  9.652E-02
 -1.4369250E+04  1.593E-01  9.322E-02  1.085E-01
 -1.4368750E+04  1.187E-01  6.736E-02  7.523E-02
 -1.4368250E+04  1.300E-01  7.575E-02  8.278E-02
 -1.4367750E+04  1.471E-01  1.101E-01  3.686E-02
 -1.4367250E+04  1.419E-01  1.050E-01  4.085E-02
 -1.4366750E+04  1.416E-01  8.753E-02  7.562E-02
 -1.4366250E+04  8.547E-02  4.300E-02  6.646E-02
 -1.4365750E+04  1.211E-01  5.198E-02  1.146E-01
 -1.4365250E+04  1.367E-01  7.034E-02  9.290E-02
 -1.4364750E+04  1.521E-01  9.626E-02  8.244E-02
 -1.4364250E+04  1.438E-01  8.957E-02  8.026E-02
 -1.4363750E+04  1.625E-01  1.114E-01  7.537E-02
 -1.4363250E+04  1.264E-01  8.426E-02  4.563E-02
 -1.4362750E+04  1.568E-01  1.049E-01  6.878E-02
 -1.4362250E+04  1.220E-01  7.278E-02  7.495E-02
 -1.4361750E+04  1.217E-01  7.455E-02  7.148E-02
 -1.4361250E+04  1.261E-01  7.544E-02  7.639E-02
 -1.4360750E+04  1.355E-01  9.459E-02  4.793E-02
 -1.4360250E+04  1.289E-01  1.030E-01  1.620E-02
 -1.4359750E+04  1.464E-01  1.043E-01  4.622E-02
 -1.4359250E+04  1.413E-01  8.229E-02  8.036E-02
 -1.4358750E+04  1.541E-01  8.202E-02  1.136E-01
 -1.4358250E+04  1.521E-01  1.014E-01  6.272E-02
 -1.4357750E+04  1.258E-01  7.520E-02  6.832E-02
 -1.4357250E+04  1.565E-01  1.026E-01  7.093E-02
 -1.4356750E+04  1.134E-01  5.522E-02  8.455E-02
 -1.4356250E+04  1.382E-01  7.312E-02  1.093E-01
 -1.4355750E+04  1.454E-01  5.333E-02  1.655E-01
 -1.4355250E+04  1.193E-01  8.459E-02  3.984E-02
 -1.4354750E+04  1.014E-01  6.849E-02  3.961E-02
 -1.4354250E+04  1.220E-01  7.989E-02  5.806E-02
 -1.4353750E+04  1.442E-01  9.509E-02  5.949E-02
 -1.4353250E+04  1.245E-01  5.929E-02  9.548E-02
 -1.4352750E+04  9.445E-02  4.267E-02  8.212E-02
 -1.4352250E+04  1.558E-01  1.196E-01  4.971E-02
 -1.4351750E+04  1.600E-01  1.190E-01  4.201E-02
 -1.4351250E+04  1.123E-01  5.993E-02  6.978E-02
 -1.4350750E+04  1.335E-01  7.645E-02  9.124E-02
 -1.4350250E+04  1.354E-01  8.730E-02  6.802E-02
 -1.4349750E+04  1.275E-01  6.898E-02  9.107E-02
