 -1.8227500E+03 -0.000E+00 -0.000E+00  0.000E+00
 -1.8222500E+03 -0.000E+00 -0.000E+00  0.000E+00
 -1.8217500E+03 -0.000E+00 -0.000E+00  0.000E+00
 -1.8212500E+03 -0.000E+00 -0.000E+00  0.000E+00
 -1.8207500E+03 -0.000E+00 -0.000E+00  0.000E+00
 -1.8202500E+03 -0.000E+00 -0.000E+00  0.000E+00
 -1.8197500E+03 -0.000E+00 -0.000E+00  0.000E+00
 -1.8192500E+03 -0.000E+00 -0.000E+00  0.000E+00
 -1.8187500E+03 -0.000E+00 -0.000E+00  0.000E+00
 -1.8182500E+03 -0.000E+00 -0.000E+00  0.000E+00
 -1.8177500E+03 -0.000E+00 -0.000E+00  0.000E+00
 -1.8172500E+03 -0.000E+00 -0.000E+00  0.000E+00
 -1.8167500E+03 -0.000E+00 -0.000E+00  0.000E+00
 -1.8162500E+03 -0.000E+00 -0.000E+00  0.000E+00
 -1.8157500E+03 -0.000E+00 -0.000E+00  0.000E+00
 -1.8152500E+03 -0.000E+00 -0.000E+00  0.000E+00
 -1.8147500E+03 -0.000E+00 -0.000E+00  0.000E+00
 -1.8142500E+03 -0.000E+00 -0.000E+00  0.000E+00
 -1.8137500E+03 -0.000E+00 -0.000E+00  0.000E+00
 -1.8132500E+03 -0.000E+00 -0.000E+00  0.000E+00
 -1.8127500E+03 -0.000E+00 -0.000E+00  0.000E+00
 -1.8122500E+03 -0.000E+00 -0.000E+00  0.000E+00
 -1.8117500E+03 -0.000E+00 -0.000E+00  0.000E+00
 -1.8112500E+03 -0.000E+00 -0.000E+00  0.000E+00
 -1.8107500E+03 -0.000E+00 -0.000E+00  0.000E+00
 -1.8102500E+03 -0.000E+00 -0.000E+00  0.000E+00
 -1.8097500E+03 -0.000E+00 -0.000E+00  0.000E+00
 -1.8092500E+03 -0.000E+00 -0.000E+00  0.000E+00
 -1.8087500E+03 -0.000E+00 -0.000E+00  0.000E+00
 -1.8082500E+03 -0.000E+00 -0.000E+00  0.000E+00
 -1.8077500E+03 -0.000E+00 -0.000E+00  0.000E+00
 -1.8072500E+03 -0.000E+00 -0.000E+00  0.000E+00
 -1.8067500E+03 -0.000E+00 -0.000E+00  0.000E+00
 -1.8062500E+03 -0.000E+00 -0.000E+00  0.000E+00
 -1.8057500E+03 -0.000E+00 -0.000E+00  0.000E+00
 -1.8052500E+03 -0.000E+00 -0.000E+00  0.000E+00
 -1.8047500E+03 -0.000E+00 -0.000E+00  0.000E+00
 -1.8042500E+03 -0.000E+00 -0.000E+00  0.000E+00
 -1.8037500E+03 -0.000E+00 -0.000E+00  0.000E+00
 -1.8032500E+03 -0.000E+00 -0.000E+00  0.000E+00
 -1.8027500E+03 -0.000E+00 -0.000E+00  0.000E+00
 -1.8022500E+03 -0.000E+00 -0.000E+00  0.000E+00
 -1.8017500E+03 -0.000E+00 -0.000E+00  0.000E+00
 -1.8012500E+03 -0.000E+00 -0.000E+00  0.000E+00
 -1.8007500E+03 -0.000E+00 -0.000E+00  0.000E+00
 -1.8002500E+03 -0.000E+00 -0.000E+00  0.000E+00
 -1.7997500E+03 -0.000E+00 -0.000E+00  0.000E+00
 -1.7992500E+03 -0.000E+00 -0.000E+00  0.000E+00
 -1.7987500E+03 -0.000E+00 -0.000E+00  0.000E+00
 -1.7982500E+03 -0.000E+00 -0.000E+00  0.000E+00
 -1.7977500E+03 -0.000E+00 -0.000E+00  0.000E+00
 -1.7972500E+03 -0.000E+00 -0.000E+00  0.000E+00
 -1.7967500E+03 -0.000E+00 -0.000E+00  0.000E+00
 -1.7962500E+03 -0.000E+00 -0.000E+00  0.000E+00
 -1.7957500E+03 -0.000E+00 -0.000E+00  0.000E+00
 -1.7952500E+03 -0.000E+00 -0.000E+00  0.000E+00
 -1.7947500E+03 -0.000E+00 -0.000E+00  0.000E+00
 -1.7942500E+03 -0.000E+00 -0.000E+00  0.000E+00
 -1.7937500E+03 -0.000E+00 -0.000E+00  0.000E+00
 -1.7932500E+03 -0.000E+00 -0.000E+00  0.000E+00
 -1.7927500E+03 -0.000E+00 -0.000E+00  0.000E+00
 -1.7922500E+03 -0.000E+00 -0.000E+00  0.000E+00
 -1.7917500E+03 -0.000E+00 -0.000E+00  0.000E+00
 -1.7912500E+03 -0.000E+00 -0.000E+00  0.000E+00
 -1.7907500E+03 -0.000E+00 -0.000E+00  0.000E+00
 -1.7902500E+03 -0.000E+00 -0.000E+00  0.000E+00
 -1.7897500E+03 -0.000E+00 -0.000E+00  0.000E+00
 -1.7892500E+03 -0.000E+00 -0.000E+00  0.000E+00
 -1.7887500E+03 -0.000E+00 -0.000E+00  0.000E+00
 -1.7882500E+03 -0.000E+00 -0.000E+00  0.000E+00
 -1.7877500E+03 -0.000E+00 -0.000E+00  0.000E+00
 -1.7872500E+03 -0.000E+00 -0.000E+00  0.000E+00
 -1.7867500E+03 -0.000E+00 -0.000E+00  0.000E+00
 -1.7862500E+03 -0.000E+00 -0.000E+00  0.000E+00
 -1.7857500E+03 -0.000E+00 -0.000E+00  0.000E+00
 -1.7852500E+03 -0.000E+00 -0.000E+00  0.000E+00
 -1.7847500E+03 -0.000E+00 -0.000E+00  0.000E+00
 -1.7842500E+03 -0.000E+00 -0.000E+00  0.000E+00
 -1.7837500E+03 -0.000E+00 -0.000E+00  0.000E+00
 -1.7832500E+03 -0.000E+00 -0.000E+00  0.000E+00
 -1.7827500E+03 -0.000E+00 -0.000E+00  0.000E+00
 -1.7822500E+03 -0.000E+00 -0.000E+00  0.000E+00
 -1.7817500E+03 -0.000E+00 -0.000E+00  0.000E+00
 -1.7812500E+03 -0.000E+00 -0.000E+00  0.000E+00
 -1.7807500E+03 -0.000E+00 -0.000E+00  0.000E+00
 -1.7802500E+03 -0.000E+00 -0.000E+00  0.000E+00
 -1.7797500E+03 -0.000E+00 -0.000E+00  0.000E+00
 -1.7792500E+03 -0.000E+00 -0.000E+00  0.000E+00
 -1.7787500E+03 -0.000E+00 -0.000E+00  0.000E+00
 -1.7782500E+03 -0.000E+00 -0.000E+00  0.000E+00
 -1.7777500E+03 -0.000E+00 -0.000E+00  0.000E+00
 -1.7772500E+03 -0.000E+00 -0.000E+00  0.000E+00
 -1.7767500E+03 -0.000E+00 -0.000E+00  0.000E+00
 -1.7762500E+03 -0.000E+00 -0.000E+00  0.000E+00
 -1.7757500E+03 -0.000E+00 -0.000E+00  0.000E+00
 -1.7752500E+03 -0.000E+00 -0.000E+00  0.000E+00
 -1.7747500E+03 -0.000E+00 -0.000E+00  0.000E+00
 -1.7742500E+03 -0.000E+00 -0.000E+00  0.000E+00
 -1.7737500E+03 -0.000E+00 -0.000E+00  0.000E+00
 -1.7732500E+03 -0.000E+00 -0.000E+00  0.000E+00
 -1.7727500E+03 -0.000E+00 -0.000E+00  0.000E+00
 -1.7722500E+03 -0.000E+00 -0.000E+00  0.000E+00
 -1.7717500E+03 -0.000E+00 -0.000E+00  0.000E+00
 -1.7712500E+03 -0.000E+00 -0.000E+00  0.000E+00
 -1.7707500E+03 -0.000E+00 -0.000E+00  0.000E+00
 -1.7702500E+03 -0.000E+00 -0.000E+00  0.000E+00
 -1.7697500E+03 -0.000E+00 -0.000E+00  0.000E+00
 -1.7692500E+03 -0.000E+00 -0.000E+00  0.000E+00
 -1.7687500E+03 -0.000E+00 -0.000E+00  0.000E+00
 -1.7682500E+03 -0.000E+00 -0.000E+00  0.000E+00
 -1.7677500E+03 -0.000E+00 -0.000E+00  0.000E+00
 -1.7672500E+03 -0.000E+00 -0.000E+00  0.000E+00
 -1.7667500E+03 -0.000E+00 -0.000E+00  0.000E+00
 -1.7662500E+03 -0.000E+00 -0.000E+00  0.000E+00
 -1.7657500E+03 -0.000E+00 -0.000E+00  0.000E+00
 -1.7652500E+03 -0.000E+00 -0.000E+00  0.000E+00
 -1.7647500E+03 -0.000E+00 -0.000E+00  0.000E+00
 -1.7642500E+03 -0.000E+00 -0.000E+00  0.000E+00
 -1.7637500E+03 -0.000E+00 -0.000E+00  0.000E+00
 -1.7632500E+03 -0.000E+00 -0.000E+00  0.000E+00
 -1.7627500E+03 -0.000E+00 -0.000E+00  0.000E+00
 -1.7622500E+03 -0.000E+00 -0.000E+00  0.000E+00
 -1.7617500E+03 -0.000E+00 -0.000E+00  0.000E+00
 -1.7612500E+03 -0.000E+00 -0.000E+00  0.000E+00
 -1.7607500E+03 -0.000E+00 -0.000E+00  0.000E+00
 -1.7602500E+03 -0.000E+00 -0.000E+00  0.000E+00
 -1.7597500E+03 -0.000E+00 -0.000E+00  0.000E+00
 -1.7592500E+03 -0.000E+00 -0.000E+00  0.000E+00
 -1.7587500E+03 -0.000E+00 -0.000E+00  0.000E+00
 -1.7582500E+03 -0.000E+00 -0.000E+00  0.000E+00
 -1.7577500E+03 -0.000E+00 -0.000E+00  0.000E+00
 -1.7572500E+03 -0.000E+00 -0.000E+00  0.000E+00
 -1.7567500E+03 -0.000E+00 -0.000E+00  0.000E+00
 -1.7562500E+03 -0.000E+00 -0.000E+00  0.000E+00
 -1.7557500E+03 -0.000E+00 -0.000E+00  0.000E+00
 -1.7552500E+03 -0.000E+00 -0.000E+00  0.000E+00
 -1.7547500E+03 -0.000E+00 -0.000E+00  0.000E+00
 -1.7542500E+03 -0.000E+00 -0.000E+00  0.000E+00
 -1.7537500E+03 -0.000E+00 -0.000E+00  0.000E+00
 -1.7532500E+03 -0.000E+00 -0.000E+00  0.000E+00
 -1.7527500E+03 -0.000E+00 -0.000E+00  0.000E+00
 -1.7522500E+03 -0.000E+00 -0.000E+00  0.000E+00
 -1.7517500E+03 -0.000E+00 -0.000E+00  0.000E+00
 -1.7512500E+03 -0.000E+00 -0.000E+00  0.000E+00
 -1.7507500E+03 -0.000E+00 -0.000E+00  0.000E+00
 -1.7502500E+03 -0.000E+00 -0.000E+00  0.000E+00
 -1.7497500E+03 -0.000E+00 -0.000E+00  0.000E+00
 -1.7492500E+03 -0.000E+00 -0.000E+00  0.000E+00
 -1.7487500E+03 -0.000E+00 -0.000E+00  0.000E+00
 -1.7482500E+03 -0.000E+00 -0.000E+00  0.000E+00
 -1.7477500E+03 -0.000E+00 -0.000E+00  0.000E+00
 -1.7472500E+03 -0.000E+00 -0.000E+00  0.000E+00
 -1.7467500E+03 -0.000E+00 -0.000E+00  0.000E+00
 -1.7462500E+03 -0.000E+00 -0.000E+00  0.000E+00
 -1.7457500E+03 -0.000E+00 -0.000E+00  0.000E+00
 -1.7452500E+03 -0.000E+00 -0.000E+00  0.000E+00
 -1.7447500E+03 -0.000E+00 -0.000E+00  0.000E+00
 -1.7442500E+03 -0.000E+00 -0.000E+00  0.000E+00
 -1.7437500E+03 -0.000E+00 -0.000E+00  0.000E+00
 -1.7432500E+03 -0.000E+00 -0.000E+00  0.000E+00
 -1.7427500E+03 -0.000E+00 -0.000E+00  0.000E+00
 -1.7422500E+03 -0.000E+00 -0.000E+00  0.000E+00
 -1.7417500E+03 -0.000E+00 -0.000E+00  0.000E+00
 -1.7412500E+03 -0.000E+00 -0.000E+00  0.000E+00
 -1.7407500E+03 -0.000E+00 -0.000E+00  0.000E+00
 -1.7402500E+03 -0.000E+00 -0.000E+00  0.000E+00
 -1.7397500E+03 -0.000E+00 -0.000E+00  0.000E+00
 -1.7392500E+03 -0.000E+00 -0.000E+00  0.000E+00
 -1.7387500E+03 -0.000E+00 -0.000E+00  0.000E+00
 -1.7382500E+03 -0.000E+00 -0.000E+00  0.000E+00
 -1.7377500E+03 -0.000E+00 -0.000E+00  0.000E+00
 -1.7372500E+03 -0.000E+00 -0.000E+00  0.000E+00
 -1.7367500E+03 -0.000E+00 -0.000E+00  0.000E+00
 -1.7362500E+03 -0.000E+00 -0.000E+00  0.000E+00
 -1.7357500E+03 -0.000E+00 -0.000E+00  0.000E+00
 -1.7352500E+03 -0.000E+00 -0.000E+00  0.000E+00
 -1.7347500E+03 -0.000E+00 -0.000E+00  0.000E+00
 -1.7342500E+03 -0.000E+00 -0.000E+00  0.000E+00
 -1.7337500E+03 -0.000E+00 -0.000E+00  0.000E+00
 -1.7332500E+03 -0.000E+00 -0.000E+00  0.000E+00
 -1.7327500E+03 -0.000E+00 -0.000E+00  0.000E+00
 -1.7322500E+03 -0.000E+00 -0.000E+00  0.000E+00
 -1.7317500E+03 -0.000E+00 -0.000E+00  0.000E+00
 -1.7312500E+03 -0.000E+00 -0.000E+00  0.000E+00
 -1.7307500E+03 -0.000E+00 -0.000E+00  0.000E+00
 -1.7302500E+03 -0.000E+00 -0.000E+00  0.000E+00
 -1.7297500E+03 -0.000E+00 -0.000E+00  0.000E+00
 -1.7292500E+03 -0.000E+00 -0.000E+00  0.000E+00
 -1.7287500E+03 -0.000E+00 -0.000E+00  0.000E+00
 -1.7282500E+03 -0.000E+00 -0.000E+00  0.000E+00
 -1.7277500E+03 -0.000E+00 -0.000E+00  0.000E+00
 -1.7272500E+03 -0.000E+00 -0.000E+00  0.000E+00
 -1.7267500E+03 -0.000E+00 -0.000E+00  0.000E+00
 -1.7262500E+03 -0.000E+00 -0.000E+00  0.000E+00
 -1.7257500E+03 -0.000E+00 -0.000E+00  0.000E+00
 -1.7252500E+03 -0.000E+00 -0.000E+00  0.000E+00
 -1.7247500E+03 -0.000E+00 -0.000E+00  0.000E+00
 -1.7242500E+03 -0.000E+00 -0.000E+00  0.000E+00
 -1.7237500E+03 -0.000E+00 -0.000E+00  0.000E+00
 -1.7232500E+03 -0.000E+00 -0.000E+00  0.000E+00
 -1.7227500E+03 -0.000E+00 -0.000E+00  0.000E+00
 -1.7222500E+03 -0.000E+00 -0.000E+00  0.000E+00
 -1.7217500E+03 -0.000E+00 -0.000E+00  0.000E+00
 -1.7212500E+03 -0.000E+00 -0.000E+00  0.000E+00
 -1.7207500E+03 -0.000E+00 -0.000E+00  0.000E+00
 -1.7202500E+03 -0.000E+00 -0.000E+00  0.000E+00
 -1.7197500E+03 -0.000E+00 -0.000E+00  0.000E+00
 -1.7192500E+03 -0.000E+00 -0.000E+00  0.000E+00
 -1.7187500E+03 -0.000E+00 -0.000E+00  0.000E+00
 -1.7182500E+03 -0.000E+00 -0.000E+00  0.000E+00
 -1.7177500E+03 -0.000E+00 -0.000E+00  0.000E+00
 -1.7172500E+03 -0.000E+00 -0.000E+00  0.000E+00
 -1.7167500E+03 -0.000E+00 -0.000E+00  0.000E+00
 -1.7162500E+03 -0.000E+00 -0.000E+00  0.000E+00
 -1.7157500E+03 -0.000E+00 -0.000E+00  0.000E+00
 -1.7152500E+03 -0.000E+00 -0.000E+00  0.000E+00
 -1.7147500E+03 -0.000E+00 -0.000E+00  0.000E+00
 -1.7142500E+03 -0.000E+00 -0.000E+00  0.000E+00
 -1.7137500E+03 -0.000E+00 -0.000E+00  0.000E+00
 -1.7132500E+03 -0.000E+00 -0.000E+00  0.000E+00
 -1.7127500E+03 -0.000E+00 -0.000E+00  0.000E+00
 -1.7122500E+03 -0.000E+00 -0.000E+00  0.000E+00
 -1.7117500E+03 -0.000E+00 -0.000E+00  0.000E+00
 -1.7112500E+03 -0.000E+00 -0.000E+00  0.000E+00
 -1.7107500E+03 -0.000E+00 -0.000E+00  0.000E+00
 -1.7102500E+03 -0.000E+00 -0.000E+00  0.000E+00
 -1.7097500E+03 -0.000E+00 -0.000E+00  0.000E+00
 -1.7092500E+03 -0.000E+00 -0.000E+00  0.000E+00
 -1.7087500E+03 -0.000E+00 -0.000E+00  0.000E+00
 -1.7082500E+03 -0.000E+00 -0.000E+00  0.000E+00
 -1.7077500E+03 -0.000E+00 -0.000E+00  0.000E+00
 -1.7072500E+03 -0.000E+00 -0.000E+00  0.000E+00
 -1.7067500E+03 -0.000E+00 -0.000E+00  0.000E+00
 -1.7062500E+03 -0.000E+00 -0.000E+00  0.000E+00
 -1.7057500E+03 -0.000E+00 -0.000E+00  0.000E+00
 -1.7052500E+03 -0.000E+00 -0.000E+00  0.000E+00
 -1.7047500E+03 -0.000E+00 -0.000E+00  0.000E+00
 -1.7042500E+03 -0.000E+00 -0.000E+00  0.000E+00
 -1.7037500E+03 -0.000E+00 -0.000E+00  0.000E+00
 -1.7032500E+03 -0.000E+00 -0.000E+00  0.000E+00
 -1.7027500E+03 -0.000E+00 -0.000E+00  0.000E+00
 -1.7022500E+03 -0.000E+00 -0.000E+00  0.000E+00
 -1.7017500E+03 -0.000E+00 -0.000E+00  0.000E+00
 -1.7012500E+03 -0.000E+00 -0.000E+00  0.000E+00
 -1.7007500E+03 -0.000E+00 -0.000E+00  0.000E+00
 -1.7002500E+03 -0.000E+00 -0.000E+00  0.000E+00
 -1.6997500E+03 -0.000E+00 -0.000E+00  0.000E+00
 -1.6992500E+03 -0.000E+00 -0.000E+00  0.000E+00
 -1.6987500E+03 -0.000E+00 -0.000E+00  0.000E+00
 -1.6982500E+03 -0.000E+00 -0.000E+00  0.000E+00
 -1.6977500E+03 -0.000E+00 -0.000E+00  0.000E+00
 -1.6972500E+03 -0.000E+00 -0.000E+00  0.000E+00
 -1.6967500E+03 -0.000E+00 -0.000E+00  0.000E+00
 -1.6962500E+03 -0.000E+00 -0.000E+00  0.000E+00
 -1.6957500E+03 -0.000E+00 -0.000E+00  0.000E+00
 -1.6952500E+03 -0.000E+00 -0.000E+00  0.000E+00
 -1.6947500E+03 -0.000E+00 -0.000E+00  0.000E+00
 -1.6942500E+03 -0.000E+00 -0.000E+00  0.000E+00
 -1.6937500E+03 -0.000E+00 -0.000E+00  0.000E+00
 -1.6932500E+03 -0.000E+00 -0.000E+00  0.000E+00
 -1.6927500E+03 -0.000E+00 -0.000E+00  0.000E+00
 -1.6922500E+03 -0.000E+00 -0.000E+00  0.000E+00
 -1.6917500E+03 -0.000E+00 -0.000E+00  0.000E+00
 -1.6912500E+03 -0.000E+00 -0.000E+00  0.000E+00
 -1.6907500E+03 -0.000E+00 -0.000E+00  0.000E+00
 -1.6902500E+03 -0.000E+00 -0.000E+00  0.000E+00
 -1.6897500E+03 -0.000E+00 -0.000E+00  0.000E+00
 -1.6892500E+03 -0.000E+00 -0.000E+00  0.000E+00
 -1.6887500E+03 -0.000E+00 -0.000E+00  0.000E+00
 -1.6882500E+03 -0.000E+00 -0.000E+00  0.000E+00
 -1.6877500E+03 -0.000E+00 -0.000E+00  0.000E+00
 -1.6872500E+03 -0.000E+00 -0.000E+00  0.000E+00
 -1.6867500E+03 -0.000E+00 -0.000E+00  0.000E+00
 -1.6862500E+03 -0.000E+00 -0.000E+00  0.000E+00
 -1.6857500E+03 -0.000E+00 -0.000E+00  0.000E+00
 -1.6852500E+03 -0.000E+00 -0.000E+00  0.000E+00
 -1.6847500E+03 -0.000E+00 -0.000E+00  0.000E+00
 -1.6842500E+03 -0.000E+00 -0.000E+00  0.000E+00
 -1.6837500E+03 -0.000E+00 -0.000E+00  0.000E+00
 -1.6832500E+03 -0.000E+00 -0.000E+00  0.000E+00
 -1.6827500E+03 -0.000E+00 -0.000E+00  0.000E+00
 -1.6822500E+03 -0.000E+00 -0.000E+00  0.000E+00
 -1.6817500E+03 -0.000E+00 -0.000E+00  0.000E+00
 -1.6812500E+03 -0.000E+00 -0.000E+00  0.000E+00
 -1.6807500E+03 -0.000E+00 -0.000E+00  0.000E+00
 -1.6802500E+03 -0.000E+00 -0.000E+00  0.000E+00
 -1.6797500E+03 -0.000E+00 -0.000E+00  0.000E+00
 -1.6792500E+03 -0.000E+00 -0.000E+00  0.000E+00
 -1.6787500E+03 -0.000E+00 -0.000E+00  0.000E+00
 -1.6782500E+03 -0.000E+00 -0.000E+00  0.000E+00
 -1.6777500E+03 -0.000E+00 -0.000E+00  0.000E+00
 -1.6772500E+03 -0.000E+00 -0.000E+00  0.000E+00
 -1.6767500E+03 -0.000E+00 -0.000E+00  0.000E+00
 -1.6762500E+03 -7.709E-06 -8.484E-06  8.233E-06
 -1.6757500E+03 -4.410E-06 -9.112E-06  1.796E-05
 -1.6752500E+03  1.831E-05  1.710E-05 -1.041E-05
 -1.6747500E+03  8.377E-06  8.750E-06 -7.617E-06
 -1.6742500E+03 -1.069E-05 -1.185E-05  1.165E-05
 -1.6737500E+03  2.636E-06 -1.642E-06  1.106E-05
 -1.6732500E+03  1.677E-07  2.027E-06 -5.328E-06
 -1.6727500E+03  2.162E-05 -9.519E-06  7.325E-05
 -1.6722500E+03  6.487E-04  5.447E-04 -2.708E-04
 -1.6717500E+03 -2.572E-04  2.263E-04 -1.260E-03
 -1.6712500E+03 -2.614E-04 -2.317E-04  1.381E-04
 -1.6707500E+03  9.819E-04  4.406E-04  8.949E-04
 -1.6702500E+03  1.403E-06  9.869E-05 -3.102E-04
 -1.6697500E+03 -5.180E-04 -3.520E-04 -1.756E-04
 -1.6692500E+03 -3.064E-04 -4.664E-04  7.914E-04
 -1.6687500E+03 -3.681E-04 -1.814E-04 -1.886E-04
 -1.6682500E+03  1.869E-03  1.356E-03 -1.744E-04
 -1.6677500E+03 -2.836E-04 -2.469E-04 -2.976E-05
 -1.6672500E+03 -5.209E-03 -2.826E-03 -3.423E-03
 -1.6667500E+03 -2.282E-03 -1.147E-04 -4.665E-03
 -1.6662500E+03 -8.254E-03 -4.537E-03 -4.553E-03
 -1.6657500E+03 -9.594E-04 -1.408E-03  1.711E-03
 -1.6652500E+03 -1.630E-02 -9.814E-03 -7.327E-03
 -1.6647500E+03 -1.462E-02 -6.807E-03 -1.292E-02
 -1.6642500E+03 -1.937E-02 -1.302E-02 -5.553E-03
 -1.6637500E+03 -3.211E-02 -1.915E-02 -1.550E-02
 -1.6632500E+03 -2.215E-02 -7.206E-03 -2.783E-02
 -1.6627500E+03 -8.645E-02 -4.261E-02 -6.785E-02
 -1.6622500E+03 -1.370E-01 -8.637E-02 -5.341E-02
 -1.6617500E+03 -1.660E-01 -8.616E-02 -1.164E-01
 -1.6612500E+03 -1.959E-01 -1.149E-01 -9.993E-02
 -1.6607500E+03 -2.056E-01 -1.123E-01 -1.284E-01
 -1.6602500E+03 -2.980E-01 -1.722E-01 -1.586E-01
 -1.6597500E+03 -3.835E-01 -1.990E-01 -2.671E-01
 -1.6592500E+03 -5.214E-01 -2.796E-01 -3.370E-01
 -1.6587500E+03 -5.383E-01 -3.029E-01 -3.078E-01
 -1.6582500E+03 -5.831E-01 -2.802E-01 -4.718E-01
 -1.6577500E+03 -9.509E-01 -5.033E-01 -6.311E-01
 -1.6572500E+03 -1.211E+00 -6.577E-01 -7.566E-01
 -1.6567500E+03 -1.524E+00 -8.122E-01 -9.896E-01
 -1.6562500E+03 -1.618E+00 -9.175E-01 -8.910E-01
 -1.6557500E+03 -1.776E+00 -9.383E-01 -1.176E+00
 -1.6552500E+03 -2.177E+00 -1.244E+00 -1.166E+00
 -1.6547500E+03 -2.425E+00 -1.383E+00 -1.304E+00
 -1.6542500E+03 -2.861E+00 -1.566E+00 -1.723E+00
 -1.6537500E+03 -3.317E+00 -1.797E+00 -2.049E+00
 -1.6532500E+03 -3.728E+00 -2.074E+00 -2.141E+00
 -1.6527500E+03 -3.950E+00 -2.125E+00 -2.474E+00
 -1.6522500E+03 -4.454E+00 -2.436E+00 -2.664E+00
 -1.6517500E+03 -5.435E+00 -3.026E+00 -3.086E+00
 -1.6512500E+03 -5.385E+00 -3.011E+00 -3.019E+00
 -1.6507500E+03 -6.072E+00 -3.343E+00 -3.543E+00
 -1.6502500E+03 -6.512E+00 -3.600E+00 -3.743E+00
 -1.6497500E+03 -6.924E+00 -3.710E+00 -4.317E+00
 -1.6492500E+03 -7.599E+00 -4.177E+00 -4.423E+00
 -1.6487500E+03 -7.961E+00 -4.229E+00 -5.046E+00
 -1.6482500E+03 -8.996E+00 -5.076E+00 -4.832E+00
 -1.6477500E+03 -9.290E+00 -5.174E+00 -5.171E+00
 -1.6472500E+03 -8.963E+00 -4.872E+00 -5.324E+00
 -1.6467500E+03 -9.350E+00 -5.037E+00 -5.670E+00
 -1.6462500E+03 -9.658E+00 -5.198E+00 -5.858E+00
 -1.6457500E+03 -1.014E+01 -5.555E+00 -5.857E+00
 -1.6452500E+03 -1.075E+01 -5.876E+00 -6.219E+00
 -1.6447500E+03 -1.066E+01 -5.872E+00 -6.039E+00
 -1.6442500E+03 -1.081E+01 -5.886E+00 -6.299E+00
 -1.6437500E+03 -1.146E+01 -6.378E+00 -6.253E+00
 -1.6432500E+03 -1.076E+01 -5.775E+00 -6.485E+00
 -1.6427500E+03 -1.151E+01 -6.460E+00 -6.114E+00
 -1.6422500E+03 -1.166E+01 -6.462E+00 -6.401E+00
 -1.6417500E+03 -1.166E+01 -6.440E+00 -6.456E+00
 -1.6412500E+03 -1.118E+01 -6.019E+00 -6.613E+00
 -1.6407500E+03 -1.120E+01 -6.176E+00 -6.199E+00
 -1.6402500E+03 -1.089E+01 -5.962E+00 -6.132E+00
 -1.6397500E+03 -1.100E+01 -5.989E+00 -6.271E+00
 -1.6392500E+03 -1.040E+01 -5.413E+00 -6.625E+00
 -1.6387500E+03 -1.083E+01 -5.799E+00 -6.423E+00
 -1.6382500E+03 -1.069E+01 -5.849E+00 -5.963E+00
 -1.6377500E+03 -1.084E+01 -5.820E+00 -6.362E+00
 -1.6372500E+03 -9.654E+00 -5.208E+00 -5.563E+00
 -1.6367500E+03 -9.896E+00 -5.394E+00 -5.537E+00
 -1.6362500E+03 -9.618E+00 -5.342E+00 -5.082E+00
 -1.6357500E+03 -9.477E+00 -5.125E+00 -5.401E+00
 -1.6352500E+03 -8.317E+00 -4.395E+00 -5.003E+00
 -1.6347500E+03 -9.213E+00 -5.259E+00 -4.422E+00
 -1.6342500E+03 -7.529E+00 -4.040E+00 -4.327E+00
 -1.6337500E+03 -7.269E+00 -3.686E+00 -4.782E+00
 -1.6332500E+03 -7.266E+00 -3.949E+00 -4.008E+00
 -1.6327500E+03 -6.884E+00 -3.794E+00 -3.640E+00
 -1.6322500E+03 -7.135E+00 -3.795E+00 -4.152E+00
 -1.6317500E+03 -6.075E+00 -3.193E+00 -3.635E+00
 -1.6312500E+03 -5.827E+00 -3.117E+00 -3.331E+00
 -1.6307500E+03 -5.223E+00 -2.844E+00 -2.815E+00
 -1.6302500E+03 -4.903E+00 -2.685E+00 -2.590E+00
 -1.6297500E+03 -5.006E+00 -2.642E+00 -2.923E+00
 -1.6292500E+03 -4.360E+00 -2.295E+00 -2.550E+00
 -1.6287500E+03 -4.425E+00 -2.372E+00 -2.469E+00
 -1.6282500E+03 -3.796E+00 -1.841E+00 -2.638E+00
 -1.6277500E+03 -3.909E+00 -2.153E+00 -1.989E+00
 -1.6272500E+03 -3.329E+00 -1.835E+00 -1.675E+00
 -1.6267500E+03 -2.986E+00 -1.585E+00 -1.652E+00
 -1.6262500E+03 -2.563E+00 -1.266E+00 -1.683E+00
 -1.6257500E+03 -1.727E+00 -7.977E-01 -1.261E+00
 -1.6252500E+03 -2.151E+00 -1.080E+00 -1.346E+00
 -1.6247500E+03 -1.941E+00 -8.684E-01 -1.510E+00
 -1.6242500E+03 -1.915E+00 -1.204E+00 -4.802E-01
 -1.6237500E+03 -1.720E+00 -8.520E-01 -1.085E+00
 -1.6232500E+03 -1.118E+00 -3.840E-01 -1.176E+00
 -1.6227500E+03 -5.023E-01 -2.920E-01 -1.237E-01
 -1.6222500E+03 -7.325E-01 -3.364E-01 -4.830E-01
 -1.6217500E+03 -6.885E-01 -3.811E-01 -2.645E-01
 -1.6212500E+03 -7.898E-01 -2.430E-01 -8.842E-01
 -1.6207500E+03 -4.964E-01 -2.592E-01 -2.185E-01
 -1.6202500E+03 -2.630E-01 -1.832E-01  6.187E-02
 -1.6197500E+03  1.824E-01  1.223E-01  1.366E-01
 -1.6192500E+03  2.939E-01  1.410E-01  3.145E-01
 -1.6187500E+03  2.390E-01  2.438E-02  5.155E-01
 -1.6182500E+03  6.123E-01  5.077E-01 -8.715E-02
 -1.6177500E+03  6.291E-01  4.572E-01  1.042E-01
 -1.6172500E+03  5.602E-01  3.200E-01  3.428E-01
 -1.6167500E+03  5.324E-01  1.981E-01  6.233E-01
 -1.6162500E+03  1.037E+00  5.951E-01  5.568E-01
 -1.6157500E+03  7.736E-01  4.567E-01  3.953E-01
 -1.6152500E+03  8.317E-01  3.593E-01  7.796E-01
 -1.6147500E+03  1.327E+00  7.962E-01  5.513E-01
 -1.6142500E+03  1.201E+00  6.195E-01  8.247E-01
 -1.6137500E+03  7.602E-01  3.326E-01  7.154E-01
 -1.6132500E+03  1.282E+00  6.279E-01  9.557E-01
 -1.6127500E+03  1.132E+00  5.883E-01  7.741E-01
 -1.6122500E+03  1.053E+00  6.208E-01  5.192E-01
 -1.6117500E+03  1.613E+00  9.375E-01  7.676E-01
 -1.6112500E+03  1.652E+00  9.188E-01  8.960E-01
 -1.6107500E+03  1.632E+00  9.135E-01  8.811E-01
 -1.6102500E+03  1.202E+00  5.567E-01  1.009E+00
 -1.6097500E+03  1.223E+00  6.745E-01  7.082E-01
 -1.6092500E+03  1.570E+00  8.556E-01  9.054E-01
 -1.6087500E+03  1.509E+00  7.952E-01  9.446E-01
 -1.6082500E+03  1.528E+00  8.873E-01  7.196E-01
 -1.6077500E+03  2.060E+00  1.175E+00  1.015E+00
 -1.6072500E+03  1.840E+00  1.087E+00  8.065E-01
 -1.6067500E+03  1.653E+00  1.072E+00  4.649E-01
 -1.6062500E+03  1.405E+00  6.726E-01  1.085E+00
 -1.6057500E+03  1.700E+00  8.810E-01  1.087E+00
 -1.6052500E+03  1.326E+00  8.375E-01  4.465E-01
 -1.6047500E+03  1.814E+00  1.131E+00  6.209E-01
 -1.6042500E+03  1.845E+00  9.493E-01  1.203E+00
 -1.6037500E+03  1.454E+00  7.057E-01  1.087E+00
 -1.6032500E+03  2.109E+00  1.160E+00  1.148E+00
 -1.6027500E+03  1.705E+00  8.697E-01  1.136E+00
 -1.6022500E+03  1.657E+00  9.423E-01  8.170E-01
 -1.6017500E+03  1.984E+00  1.088E+00  1.117E+00
 -1.6012500E+03  1.997E+00  1.034E+00  1.281E+00
 -1.6007500E+03  1.873E+00  1.028E+00  1.032E+00
 -1.6002500E+03  1.977E+00  1.101E+00  1.052E+00
 -1.5997500E+03  1.504E+00  7.282E-01  1.124E+00
 -1.5992500E+03  1.884E+00  1.114E+00  7.901E-01
 -1.5987500E+03  1.598E+00  8.611E-01  9.401E-01
 -1.5982500E+03  1.690E+00  8.329E-01  1.208E+00
 -1.5977500E+03  1.798E+00  1.085E+00  7.070E-01
 -1.5972500E+03  1.756E+00  9.112E-01  1.102E+00
 -1.5967500E+03  1.731E+00  9.871E-01  8.503E-01
 -1.5962500E+03  1.834E+00  9.768E-01  1.094E+00
 -1.5957500E+03  1.923E+00  9.926E-01  1.228E+00
 -1.5952500E+03  1.824E+00  1.029E+00  9.172E-01
 -1.5947500E+03  1.603E+00  8.951E-01  8.505E-01
 -1.5942500E+03  1.605E+00  8.022E-01  1.109E+00
 -1.5937500E+03  1.614E+00  8.545E-01  9.851E-01
 -1.5932500E+03  1.652E+00  9.116E-01  8.959E-01
 -1.5927500E+03  1.652E+00  9.682E-01  7.324E-01
 -1.5922500E+03  1.892E+00  1.108E+00  8.314E-01
 -1.5917500E+03  1.718E+00  9.662E-01  8.829E-01
 -1.5912500E+03  1.823E+00  1.069E+00  8.019E-01
 -1.5907500E+03  1.647E+00  8.790E-01  9.762E-01
 -1.5902500E+03  1.713E+00  8.336E-01  1.235E+00
 -1.5897500E+03  1.555E+00  8.978E-01  7.284E-01
 -1.5892500E+03  1.802E+00  9.585E-01  1.063E+00
 -1.5887500E+03  1.645E+00  9.111E-01  8.715E-01
 -1.5882500E+03  1.857E+00  1.104E+00  7.673E-01
 -1.5877500E+03  1.718E+00  8.266E-01  1.285E+00
 -1.5872500E+03  1.668E+00  8.793E-01  1.018E+00
 -1.5867500E+03  1.667E+00  9.063E-01  9.375E-01
 -1.5862500E+03  1.670E+00  9.603E-01  7.879E-01
 -1.5857500E+03  1.730E+00  1.052E+00  6.562E-01
 -1.5852500E+03  1.493E+00  7.166E-01  1.119E+00
 -1.5847500E+03  1.632E+00  8.521E-01  1.023E+00
 -1.5842500E+03  1.725E+00  8.350E-01  1.255E+00
 -1.5837500E+03  1.484E+00  8.068E-01  8.337E-01
 -1.5832500E+03  1.522E+00  8.530E-01  7.698E-01
 -1.5827500E+03  1.340E+00  6.530E-01  9.953E-01
 -1.5822500E+03  1.662E+00  9.286E-01  8.551E-01
 -1.5817500E+03  1.527E+00  8.436E-01  8.367E-01
 -1.5812500E+03  1.518E+00  8.592E-01  7.401E-01
 -1.5807500E+03  1.511E+00  7.751E-01  9.803E-01
 -1.5802500E+03  1.521E+00  7.829E-01  9.841E-01
 -1.5797500E+03  1.358E+00  6.259E-01  1.100E+00
 -1.5792500E+03  1.646E+00  8.908E-01  9.387E-01
 -1.5787500E+03  1.600E+00  8.905E-01  8.414E-01
 -1.5782500E+03  1.554E+00  8.058E-01  9.745E-01
 -1.5777500E+03  1.563E+00  8.755E-01  7.870E-01
 -1.5772500E+03  1.538E+00  9.146E-01  6.202E-01
 -1.5767500E+03  1.423E+00  7.815E-01  7.815E-01
 -1.5762500E+03  1.415E+00  7.500E-01  8.463E-01
 -1.5757500E+03  1.508E+00  8.420E-01  7.830E-01
 -1.5752500E+03  1.770E+00  9.656E-01  9.804E-01
 -1.5747500E+03  1.384E+00  7.537E-01  7.924E-01
 -1.5742500E+03  1.388E+00  7.433E-01  8.206E-01
 -1.5737500E+03  1.471E+00  7.852E-01  8.667E-01
 -1.5732500E+03  1.217E+00  5.741E-01  9.273E-01
 -1.5727500E+03  1.289E+00  6.602E-01  8.384E-01
 -1.5722500E+03  1.570E+00  8.427E-01  9.026E-01
 -1.5717500E+03  1.444E+00  7.889E-01  7.987E-01
 -1.5712500E+03  1.300E+00  7.474E-01  6.065E-01
 -1.5707500E+03  1.388E+00  7.376E-01  8.416E-01
 -1.5702500E+03  1.454E+00  7.536E-01  9.183E-01
 -1.5697500E+03  1.388E+00  7.559E-01  7.589E-01
 -1.5692500E+03  1.437E+00  7.790E-01  8.050E-01
 -1.5687500E+03  1.262E+00  6.743E-01  7.444E-01
 -1.5682500E+03  1.326E+00  7.018E-01  8.113E-01
 -1.5677500E+03  1.262E+00  6.797E-01  7.331E-01
 -1.5672500E+03  1.378E+00  7.739E-01  7.004E-01
 -1.5667500E+03  1.479E+00  7.919E-01  8.614E-01
 -1.5662500E+03  1.276E+00  7.122E-01  6.606E-01
 -1.5657500E+03  1.299E+00  7.369E-01  6.473E-01
 -1.5652500E+03  1.350E+00  7.555E-01  6.854E-01
 -1.5647500E+03  1.352E+00  6.989E-01  8.533E-01
 -1.5642500E+03  1.270E+00  7.595E-01  5.306E-01
 -1.5637500E+03  1.243E+00  6.705E-01  7.043E-01
 -1.5632500E+03  1.177E+00  6.479E-01  6.395E-01
 -1.5627500E+03  1.094E+00  5.627E-01  7.203E-01
 -1.5622500E+03  1.300E+00  7.039E-01  7.373E-01
 -1.5617500E+03  1.398E+00  7.737E-01  7.489E-01
 -1.5612500E+03  1.252E+00  6.439E-01  8.054E-01
 -1.5607500E+03  1.158E+00  5.785E-01  7.783E-01
 -1.5602500E+03  1.119E+00  5.901E-01  6.888E-01
 -1.5597500E+03  1.182E+00  6.502E-01  6.470E-01
 -1.5592500E+03  1.291E+00  7.266E-01  6.590E-01
 -1.5587500E+03  1.287E+00  7.228E-01  6.419E-01
 -1.5582500E+03  1.308E+00  7.202E-01  7.133E-01
 -1.5577500E+03  1.237E+00  6.876E-01  6.405E-01
 -1.5572500E+03  1.320E+00  7.009E-01  7.787E-01
 -1.5567500E+03  1.173E+00  6.516E-01  6.313E-01
 -1.5562500E+03  1.057E+00  5.662E-01  6.433E-01
 -1.5557500E+03  1.148E+00  6.564E-01  5.509E-01
 -1.5552500E+03  1.114E+00  5.589E-01  7.529E-01
 -1.5547500E+03  1.202E+00  6.073E-01  7.934E-01
 -1.5542500E+03  1.104E+00  5.683E-01  7.192E-01
 -1.5537500E+03  1.267E+00  7.106E-01  6.339E-01
 -1.5532500E+03  1.318E+00  7.278E-01  7.051E-01
 -1.5527500E+03  1.326E+00  8.022E-01  5.170E-01
 -1.5522500E+03  1.116E+00  6.566E-01  4.909E-01
 -1.5517500E+03  1.089E+00  5.572E-01  7.205E-01
 -1.5512500E+03  1.103E+00  5.662E-01  7.091E-01
 -1.5507500E+03  1.149E+00  6.389E-01  6.070E-01
 -1.5502500E+03  1.151E+00  6.352E-01  6.268E-01
 -1.5497500E+03  1.099E+00  5.643E-01  7.130E-01
 -1.5492500E+03  1.169E+00  6.009E-01  7.457E-01
 -1.5487500E+03  1.072E+00  5.680E-01  6.237E-01
 -1.5482500E+03  9.160E-01  4.236E-01  7.416E-01
 -1.5477500E+03  9.945E-01  5.024E-01  6.665E-01
 -1.5472500E+03  1.124E+00  5.808E-01  7.157E-01
 -1.5467500E+03  1.121E+00  6.619E-01  4.767E-01
 -1.5462500E+03  1.130E+00  6.135E-01  6.117E-01
 -1.5457500E+03  1.023E+00  5.490E-01  5.899E-01
 -1.5452500E+03  9.313E-01  5.041E-01  5.446E-01
 -1.5447500E+03  1.116E+00  5.837E-01  6.962E-01
 -1.5442500E+03  1.097E+00  6.147E-01  5.600E-01
 -1.5437500E+03  1.092E+00  6.127E-01  5.772E-01
 -1.5432500E+03  1.079E+00  5.843E-01  5.975E-01
 -1.5427500E+03  9.792E-01  5.145E-01  5.829E-01
 -1.5422500E+03  1.032E+00  5.595E-01  6.189E-01
 -1.5417500E+03  1.030E+00  5.548E-01  6.002E-01
 -1.5412500E+03  1.023E+00  5.081E-01  7.068E-01
 -1.5407500E+03  1.032E+00  5.664E-01  5.772E-01
 -1.5402500E+03  1.000E+00  5.877E-01  4.427E-01
 -1.5397500E+03  1.017E+00  5.828E-01  4.774E-01
 -1.5392500E+03  9.620E-01  4.995E-01  5.937E-01
 -1.5387500E+03  1.018E+00  5.231E-01  6.558E-01
 -1.5382500E+03  9.703E-01  5.219E-01  5.661E-01
 -1.5377500E+03  9.628E-01  5.104E-01  5.554E-01
 -1.5372500E+03  9.953E-01  5.264E-01  5.991E-01
 -1.5367500E+03  8.961E-01  4.741E-01  5.484E-01
 -1.5362500E+03  9.332E-01  5.082E-01  5.123E-01
 -1.5357500E+03  1.021E+00  5.835E-01  4.934E-01
 -1.5352500E+03  9.890E-01  5.167E-01  6.180E-01
 -1.5347500E+03  9.333E-01  4.957E-01  5.555E-01
 -1.5342500E+03  9.421E-01  5.197E-01  5.229E-01
 -1.5337500E+03  1.034E+00  5.478E-01  6.279E-01
 -1.5332500E+03  9.698E-01  5.443E-01  4.844E-01
 -1.5327500E+03  9.100E-01  5.098E-01  4.731E-01
 -1.5322500E+03  8.312E-01  4.388E-01  5.262E-01
 -1.5317500E+03  7.756E-01  4.116E-01  4.903E-01
 -1.5312500E+03  9.328E-01  5.309E-01  4.730E-01
 -1.5307500E+03  8.909E-01  4.632E-01  5.742E-01
 -1.5302500E+03  9.720E-01  5.361E-01  5.155E-01
 -1.5297500E+03  9.164E-01  4.470E-01  6.421E-01
 -1.5292500E+03  9.135E-01  4.526E-01  6.137E-01
 -1.5287500E+03  9.707E-01  5.367E-01  5.240E-01
 -1.5282500E+03  8.893E-01  5.118E-01  4.309E-01
 -1.5277500E+03  8.979E-01  4.940E-01  4.954E-01
 -1.5272500E+03  8.651E-01  4.912E-01  4.133E-01
 -1.5267500E+03  8.429E-01  4.921E-01  3.761E-01
 -1.5262500E+03  8.578E-01  4.925E-01  4.322E-01
 -1.5257500E+03  8.255E-01  4.183E-01  5.804E-01
 -1.5252500E+03  8.961E-01  4.652E-01  5.556E-01
 -1.5247500E+03  9.153E-01  4.742E-01  5.806E-01
 -1.5242500E+03  9.193E-01  5.452E-01  3.976E-01
 -1.5237500E+03  8.244E-01  4.670E-01  4.235E-01
 -1.5232500E+03  8.005E-01  4.140E-01  5.159E-01
 -1.5227500E+03  8.407E-01  4.323E-01  5.336E-01
 -1.5222500E+03  7.521E-01  3.973E-01  4.437E-01
 -1.5217500E+03  8.388E-01  4.641E-01  4.376E-01
 -1.5212500E+03  8.427E-01  4.504E-01  4.999E-01
 -1.5207500E+03  8.764E-01  4.697E-01  5.081E-01
 -1.5202500E+03  9.153E-01  5.316E-01  4.254E-01
 -1.5197500E+03  7.802E-01  4.562E-01  3.611E-01
 -1.5192500E+03  8.230E-01  4.681E-01  4.045E-01
 -1.5187500E+03  7.665E-01  3.902E-01  5.049E-01
 -1.5182500E+03  8.000E-01  4.510E-01  3.868E-01
 -1.5177500E+03  8.175E-01  4.395E-01  4.554E-01
 -1.5172500E+03  6.491E-01  3.603E-01  3.614E-01
 -1.5167500E+03  8.713E-01  4.767E-01  4.831E-01
 -1.5162500E+03  8.605E-01  4.631E-01  4.871E-01
 -1.5157500E+03  7.684E-01  3.792E-01  5.424E-01
 -1.5152500E+03  7.141E-01  3.620E-01  4.847E-01
 -1.5147500E+03  7.483E-01  3.958E-01  4.553E-01
 -1.5142500E+03  8.006E-01  4.658E-01  3.720E-01
 -1.5137500E+03  7.996E-01  4.751E-01  3.545E-01
 -1.5132500E+03  7.696E-01  4.464E-01  3.579E-01
 -1.5127500E+03  7.695E-01  3.560E-01  6.104E-01
 -1.5122500E+03  7.362E-01  3.741E-01  4.935E-01
 -1.5117500E+03  7.583E-01  4.174E-01  4.031E-01
 -1.5112500E+03  7.541E-01  4.544E-01  2.964E-01
 -1.5107500E+03  7.472E-01  4.015E-01  4.414E-01
 -1.5102500E+03  7.675E-01  3.826E-01  5.264E-01
 -1.5097500E+03  7.351E-01  3.823E-01  4.657E-01
 -1.5092500E+03  6.757E-01  3.750E-01  3.690E-01
 -1.5087500E+03  6.520E-01  3.380E-01  4.205E-01
 -1.5082500E+03  7.836E-01  4.073E-01  4.904E-01
 -1.5077500E+03  7.979E-01  4.263E-01  4.662E-01
 -1.5072500E+03  7.652E-01  4.209E-01  4.000E-01
 -1.5067500E+03  6.904E-01  3.872E-01  3.473E-01
 -1.5062500E+03  8.267E-01  4.618E-01  4.325E-01
 -1.5057500E+03  7.326E-01  3.985E-01  4.227E-01
 -1.5052500E+03  6.935E-01  3.579E-01  4.497E-01
 -1.5047500E+03  7.031E-01  4.027E-01  3.321E-01
 -1.5042500E+03  7.134E-01  4.020E-01  3.732E-01
 -1.5037500E+03  7.083E-01  3.744E-01  4.371E-01
 -1.5032500E+03  6.333E-01  3.090E-01  4.575E-01
 -1.5027500E+03  6.554E-01  3.195E-01  4.612E-01
 -1.5022500E+03  7.509E-01  4.185E-01  3.931E-01
 -1.5017500E+03  7.533E-01  4.016E-01  4.457E-01
 -1.5012500E+03  6.016E-01  3.219E-01  3.545E-01
 -1.5007500E+03  7.096E-01  3.867E-01  3.972E-01
 -1.5002500E+03  6.644E-01  3.812E-01  3.184E-01
 -1.4997500E+03  7.402E-01  4.205E-01  3.672E-01
 -1.4992500E+03  6.068E-01  3.121E-01  4.236E-01
 -1.4987500E+03  6.695E-01  3.486E-01  4.106E-01
 -1.4982500E+03  5.786E-01  3.019E-01  3.729E-01
 -1.4977500E+03  6.893E-01  3.724E-01  3.911E-01
 -1.4972500E+03  6.968E-01  3.595E-01  4.476E-01
 -1.4967500E+03  6.724E-01  3.538E-01  4.155E-01
 -1.4962500E+03  6.673E-01  3.696E-01  3.561E-01
 -1.4957500E+03  6.305E-01  3.371E-01  3.641E-01
 -1.4952500E+03  5.631E-01  3.390E-01  2.356E-01
 -1.4947500E+03  6.572E-01  3.331E-01  4.387E-01
 -1.4942500E+03  6.401E-01  3.066E-01  4.811E-01
 -1.4937500E+03  6.828E-01  3.832E-01  3.471E-01
 -1.4932500E+03  5.993E-01  3.210E-01  3.645E-01
 -1.4927500E+03  6.971E-01  3.904E-01  3.489E-01
 -1.4922500E+03  6.938E-01  3.937E-01  3.336E-01
 -1.4917500E+03  6.794E-01  3.692E-01  3.844E-01
 -1.4912500E+03  5.887E-01  2.897E-01  4.271E-01
 -1.4907500E+03  5.985E-01  3.185E-01  3.552E-01
 -1.4902500E+03  6.454E-01  3.170E-01  4.604E-01
 -1.4897500E+03  5.980E-01  3.125E-01  3.777E-01
 -1.4892500E+03  6.236E-01  3.457E-01  3.547E-01
 -1.4887500E+03  5.784E-01  3.124E-01  3.296E-01
 -1.4882500E+03  5.544E-01  3.190E-01  2.582E-01
 -1.4877500E+03  5.981E-01  3.294E-01  3.120E-01
 -1.4872500E+03  6.515E-01  3.491E-01  3.671E-01
 -1.4867500E+03  5.680E-01  3.184E-01  2.877E-01
 -1.4862500E+03  6.024E-01  3.148E-01  3.731E-01
 -1.4857500E+03  5.526E-01  3.059E-01  3.059E-01
 -1.4852500E+03  5.747E-01  3.143E-01  3.280E-01
 -1.4847500E+03  5.596E-01  2.978E-01  3.529E-01
 -1.4842500E+03  5.687E-01  3.046E-01  3.563E-01
 -1.4837500E+03  5.712E-01  3.021E-01  3.446E-01
 -1.4832500E+03  5.252E-01  2.784E-01  2.905E-01
 -1.4827500E+03  6.506E-01  3.476E-01  3.769E-01
 -1.4822500E+03  6.039E-01  3.519E-01  2.808E-01
 -1.4817500E+03  6.284E-01  3.301E-01  3.808E-01
 -1.4812500E+03  5.861E-01  2.940E-01  4.029E-01
 -1.4807500E+03  4.863E-01  2.831E-01  2.387E-01
 -1.4802500E+03  5.370E-01  2.971E-01  3.021E-01
 -1.4797500E+03  5.378E-01  2.656E-01  3.864E-01
 -1.4792500E+03  5.442E-01  2.749E-01  3.763E-01
 -1.4787500E+03  5.321E-01  2.786E-01  3.263E-01
 -1.4782500E+03  5.575E-01  2.812E-01  3.809E-01
 -1.4777500E+03  6.020E-01  3.054E-01  3.967E-01
 -1.4772500E+03  4.595E-01  2.453E-01  2.775E-01
 -1.4767500E+03  5.379E-01  3.057E-01  2.840E-01
 -1.4762500E+03  5.553E-01  3.169E-01  2.746E-01
 -1.4757500E+03  5.373E-01  3.004E-01  2.937E-01
 -1.4752500E+03  5.532E-01  3.011E-01  3.063E-01
 -1.4747500E+03  4.779E-01  2.506E-01  2.814E-01
 -1.4742500E+03  5.782E-01  2.844E-01  3.802E-01
 -1.4737500E+03  5.160E-01  2.590E-01  3.574E-01
 -1.4732500E+03  5.799E-01  3.264E-01  3.076E-01
 -1.4727500E+03  4.137E-01  2.341E-01  2.269E-01
 -1.4722500E+03  5.502E-01  3.177E-01  2.637E-01
 -1.4717500E+03  4.883E-01  2.612E-01  2.874E-01
 -1.4712500E+03  5.630E-01  3.054E-01  3.168E-01
 -1.4707500E+03  5.489E-01  3.008E-01  3.021E-01
 -1.4702500E+03  5.364E-01  3.067E-01  2.552E-01
 -1.4697500E+03  5.915E-01  3.264E-01  3.083E-01
 -1.4692500E+03  4.615E-01  2.410E-01  2.813E-01
 -1.4687500E+03  4.363E-01  2.189E-01  3.057E-01
 -1.4682500E+03  4.474E-01  2.449E-01  2.516E-01
 -1.4677500E+03  5.863E-01  3.332E-01  2.849E-01
 -1.4672500E+03  4.668E-01  2.506E-01  3.058E-01
 -1.4667500E+03  4.695E-01  2.521E-01  2.633E-01
 -1.4662500E+03  5.196E-01  2.663E-01  3.373E-01
 -1.4657500E+03  5.334E-01  2.821E-01  3.097E-01
 -1.4652500E+03  5.228E-01  2.728E-01  3.213E-01
 -1.4647500E+03  4.327E-01  2.368E-01  2.530E-01
 -1.4642500E+03  5.426E-01  3.053E-01  2.732E-01
 -1.4637500E+03  4.974E-01  2.712E-01  2.624E-01
 -1.4632500E+03  4.896E-01  2.737E-01  2.438E-01
 -1.4627500E+03  4.957E-01  2.416E-01  3.698E-01
 -1.4622500E+03  5.046E-01  2.810E-01  2.909E-01
 -1.4617500E+03  4.256E-01  2.190E-01  3.011E-01
 -1.4612500E+03  4.204E-01  2.323E-01  2.254E-01
 -1.4607500E+03  5.367E-01  2.887E-01  3.089E-01
 -1.4602500E+03  4.677E-01  2.466E-01  2.801E-01
 -1.4597500E+03  5.097E-01  2.899E-01  2.467E-01
 -1.4592500E+03  4.622E-01  2.503E-01  2.575E-01
 -1.4587500E+03  4.066E-01  2.436E-01  1.773E-01
 -1.4582500E+03  5.212E-01  2.530E-01  3.762E-01
 -1.4577500E+03  5.169E-01  2.562E-01  3.609E-01
 -1.4572500E+03  3.745E-01  1.940E-01  2.544E-01
 -1.4567500E+03  4.189E-01  2.131E-01  2.931E-01
 -1.4562500E+03  4.323E-01  2.433E-01  2.297E-01
 -1.4557500E+03  4.672E-01  2.560E-01  2.482E-01
 -1.4552500E+03  4.332E-01  2.388E-01  2.584E-01
 -1.4547500E+03  4.261E-01  2.203E-01  2.714E-01
 -1.4542500E+03  4.836E-01  2.420E-01  3.224E-01
 -1.4537500E+03  4.121E-01  2.198E-01  2.549E-01
 -1.4532500E+03  3.703E-01  2.024E-01  2.186E-01
 -1.4527500E+03  4.441E-01  2.552E-01  2.186E-01
 -1.4522500E+03  4.672E-01  2.547E-01  2.533E-01
 -1.4517500E+03  4.601E-01  2.472E-01  2.904E-01
 -1.4512500E+03  4.058E-01  2.231E-01  2.305E-01
 -1.4507500E+03  4.401E-01  2.216E-01  2.957E-01
 -1.4502500E+03  3.994E-01  2.218E-01  2.173E-01
 -1.4497500E+03  4.503E-01  2.468E-01  2.437E-01
 -1.4492500E+03  4.770E-01  2.518E-01  2.770E-01
 -1.4487500E+03  4.049E-01  2.163E-01  2.343E-01
 -1.4482500E+03  3.928E-01  2.016E-01  2.570E-01
 -1.4477500E+03  4.223E-01  2.409E-01  2.081E-01
 -1.4472500E+03  4.649E-01  2.510E-01  2.655E-01
 -1.4467500E+03  4.111E-01  2.093E-01  2.962E-01
 -1.4462500E+03  4.120E-01  2.458E-01  1.834E-01
 -1.4457500E+03  4.767E-01  2.616E-01  2.662E-01
 -1.4452500E+03  3.800E-01  1.940E-01  2.537E-01
 -1.4447500E+03  3.586E-01  1.991E-01  1.883E-01
 -1.4442500E+03  4.453E-01  2.291E-01  2.734E-01
 -1.4437500E+03  4.477E-01  2.392E-01  2.576E-01
 -1.4432500E+03  4.315E-01  2.561E-01  1.754E-01
 -1.4427500E+03  4.028E-01  1.968E-01  2.839E-01
 -1.4422500E+03  3.164E-01  1.563E-01  2.374E-01
 -1.4417500E+03  4.276E-01  2.318E-01  2.536E-01
 -1.4412500E+03  4.033E-01  2.358E-01  1.827E-01
 -1.4407500E+03  4.404E-01  2.510E-01  2.205E-01
 -1.4402500E+03  3.793E-01  2.261E-01  1.676E-01
 -1.4397500E+03  3.400E-01  1.732E-01  2.192E-01
 -1.4392500E+03  3.959E-01  1.989E-01  2.695E-01
 -1.4387500E+03  4.421E-01  2.242E-01  2.923E-01
 -1.4382500E+03  3.993E-01  2.350E-01  1.751E-01
 -1.4377500E+03  3.827E-01  2.012E-01  2.286E-01
 -1.4372500E+03  3.752E-01  1.886E-01  2.568E-01
 -1.4367500E+03  3.878E-01  2.143E-01  2.120E-01
 -1.4362500E+03  3.783E-01  2.074E-01  2.178E-01
 -1.4357500E+03  3.986E-01  2.173E-01  2.189E-01
 -1.4352500E+03  3.953E-01  2.151E-01  2.380E-01
 -1.4347500E+03  4.094E-01  2.054E-01  2.863E-01
 -1.4342500E+03  3.405E-01  1.835E-01  2.042E-01
 -1.4337500E+03  3.413E-01  1.737E-01  2.190E-01
 -1.4332500E+03  3.421E-01  1.737E-01  2.258E-01
 -1.4327500E+03  3.785E-01  2.144E-01  1.808E-01
 -1.4322500E+03  3.526E-01  1.756E-01  2.389E-01
 -1.4317500E+03  3.372E-01  1.773E-01  2.222E-01
 -1.4312500E+03  3.420E-01  1.832E-01  1.840E-01
 -1.4307500E+03  4.197E-01  2.313E-01  2.298E-01
 -1.4302500E+03  3.542E-01  1.905E-01  2.174E-01
 -1.4297500E+03  3.010E-01  1.345E-01  2.817E-01
 -1.4292500E+03  3.341E-01  1.713E-01  2.274E-01
 -1.4287500E+03  3.772E-01  2.061E-01  2.248E-01
 -1.4282500E+03  4.077E-01  2.144E-01  2.552E-01
 -1.4277500E+03  4.028E-01  2.304E-01  1.982E-01
 -1.4272500E+03  3.775E-01  2.200E-01  1.733E-01
 -1.4267500E+03  3.088E-01  1.778E-01  1.495E-01
 -1.4262500E+03  3.783E-01  2.100E-01  2.087E-01
 -1.4257500E+03  3.837E-01  1.828E-01  2.848E-01
 -1.4252500E+03  3.515E-01  2.027E-01  1.705E-01
 -1.4247500E+03  3.402E-01  2.148E-01  1.088E-01
 -1.4242500E+03  3.569E-01  2.015E-01  1.790E-01
 -1.4237500E+03  3.551E-01  1.615E-01  2.860E-01
 -1.4232500E+03  2.790E-01  1.253E-01  2.246E-01
 -1.4227500E+03  2.827E-01  1.495E-01  1.730E-01
 -1.4222500E+03  3.491E-01  1.655E-01  2.763E-01
 -1.4217500E+03  3.777E-01  2.004E-01  2.374E-01
 -1.4212500E+03  3.003E-01  1.414E-01  2.470E-01
 -1.4207500E+03  3.784E-01  2.102E-01  1.980E-01
 -1.4202500E+03  3.343E-01  1.834E-01  1.824E-01
 -1.4197500E+03  3.328E-01  1.813E-01  1.902E-01
 -1.4192500E+03  3.187E-01  1.705E-01  1.771E-01
 -1.4187500E+03  3.063E-01  1.519E-01  2.262E-01
 -1.4182500E+03  4.046E-01  2.383E-01  1.749E-01
 -1.4177500E+03  3.969E-01  2.253E-01  2.001E-01
 -1.4172500E+03  3.225E-01  1.781E-01  1.826E-01
 -1.4167500E+03  3.121E-01  1.879E-01  1.227E-01
 -1.4162500E+03  3.502E-01  2.136E-01  1.299E-01
 -1.4157500E+03  2.943E-01  1.570E-01  1.766E-01
 -1.4152500E+03  3.206E-01  1.797E-01  1.627E-01
 -1.4147500E+03  2.973E-01  1.476E-01  2.092E-01
 -1.4142500E+03  2.599E-01  1.319E-01  1.739E-01
 -1.4137500E+03  3.348E-01  1.948E-01  1.526E-01
 -1.4132500E+03  3.460E-01  1.981E-01  1.771E-01
 -1.4127500E+03  3.006E-01  1.550E-01  2.030E-01
 -1.4122500E+03  3.340E-01  1.792E-01  1.959E-01
 -1.4117500E+03  3.623E-01  2.058E-01  1.712E-01
 -1.4112500E+03  3.162E-01  1.745E-01  1.835E-01
 -1.4107500E+03  3.341E-01  1.713E-01  2.239E-01
 -1.4102500E+03  3.307E-01  1.726E-01  2.072E-01
 -1.4097500E+03  3.363E-01  1.850E-01  1.848E-01
 -1.4092500E+03  2.782E-01  1.371E-01  2.027E-01
 -1.4087500E+03  3.176E-01  1.605E-01  1.938E-01
 -1.4082500E+03  3.171E-01  1.544E-01  2.250E-01
 -1.4077500E+03  3.017E-01  1.589E-01  1.970E-01
 -1.4072500E+03  3.465E-01  1.774E-01  2.121E-01
 -1.4067500E+03  3.317E-01  1.805E-01  1.949E-01
 -1.4062500E+03  2.278E-01  1.235E-01  1.495E-01
 -1.4057500E+03  3.504E-01  1.865E-01  2.008E-01
 -1.4052500E+03  3.177E-01  1.791E-01  1.628E-01
 -1.4047500E+03  3.138E-01  1.843E-01  1.490E-01
 -1.4042500E+03  2.872E-01  1.625E-01  1.433E-01
 -1.4037500E+03  2.680E-01  1.330E-01  2.017E-01
 -1.4032500E+03  2.557E-01  1.318E-01  1.703E-01
 -1.4027500E+03  2.456E-01  1.348E-01  1.191E-01
 -1.4022500E+03  3.377E-01  1.830E-01  1.885E-01
 -1.4017500E+03  3.005E-01  1.678E-01  1.556E-01
 -1.4012500E+03  2.229E-01  1.047E-01  1.780E-01
 -1.4007500E+03  3.378E-01  1.949E-01  1.663E-01
 -1.4002500E+03  2.765E-01  1.563E-01  1.475E-01
 -1.3997500E+03  2.703E-01  1.674E-01  1.035E-01
 -1.3992500E+03  3.127E-01  1.617E-01  2.101E-01
 -1.3987500E+03  2.326E-01  1.238E-01  1.514E-01
 -1.3982500E+03  2.812E-01  1.514E-01  1.629E-01
 -1.3977500E+03  2.954E-01  1.639E-01  1.617E-01
 -1.3972500E+03  3.146E-01  1.754E-01  1.543E-01
 -1.3967500E+03  2.570E-01  1.334E-01  1.802E-01
 -1.3962500E+03  2.681E-01  1.548E-01  1.210E-01
 -1.3957500E+03  2.609E-01  1.380E-01  1.511E-01
 -1.3952500E+03  2.998E-01  1.520E-01  2.065E-01
 -1.3947500E+03  2.491E-01  9.909E-02  2.474E-01
 -1.3942500E+03  2.650E-01  1.398E-01  1.599E-01
 -1.3937500E+03  2.984E-01  1.559E-01  1.896E-01
 -1.3932500E+03  2.739E-01  1.565E-01  1.331E-01
 -1.3927500E+03  2.330E-01  1.242E-01  1.454E-01
 -1.3922500E+03  2.903E-01  1.551E-01  1.588E-01
 -1.3917500E+03  2.667E-01  1.353E-01  1.817E-01
 -1.3912500E+03  2.438E-01  1.157E-01  1.953E-01
 -1.3907500E+03  2.961E-01  1.660E-01  1.642E-01
 -1.3902500E+03  2.785E-01  1.429E-01  1.973E-01
 -1.3897500E+03  3.149E-01  1.804E-01  1.498E-01
 -1.3892500E+03  2.082E-01  1.183E-01  1.071E-01
 -1.3887500E+03  2.619E-01  1.535E-01  1.059E-01
 -1.3882500E+03  2.616E-01  1.637E-01  1.080E-01
 -1.3877500E+03  2.676E-01  1.429E-01  1.672E-01
 -1.3872500E+03  2.726E-01  1.595E-01  1.253E-01
 -1.3867500E+03  2.190E-01  1.188E-01  1.268E-01
 -1.3862500E+03  2.961E-01  1.651E-01  1.412E-01
 -1.3857500E+03  2.584E-01  1.305E-01  1.875E-01
 -1.3852500E+03  2.753E-01  1.497E-01  1.443E-01
 -1.3847500E+03  2.442E-01  1.163E-01  1.704E-01
 -1.3842500E+03  2.434E-01  1.527E-01  7.954E-02
 -1.3837500E+03  2.802E-01  1.556E-01  1.605E-01
 -1.3832500E+03  2.623E-01  1.271E-01  1.764E-01
 -1.3827500E+03  2.050E-01  9.810E-02  1.594E-01
 -1.3822500E+03  2.640E-01  1.508E-01  1.247E-01
 -1.3817500E+03  2.446E-01  1.274E-01  1.749E-01
 -1.3812500E+03  3.095E-01  1.772E-01  1.402E-01
 -1.3807500E+03  2.530E-01  1.386E-01  1.327E-01
 -1.3802500E+03  2.176E-01  1.048E-01  1.645E-01
 -1.3797500E+03  2.438E-01  1.455E-01  1.098E-01
 -1.3792500E+03  2.324E-01  1.296E-01  1.248E-01
 -1.3787500E+03  2.260E-01  1.124E-01  1.551E-01
 -1.3782500E+03  2.443E-01  1.453E-01  1.186E-01
 -1.3777500E+03  2.169E-01  9.686E-02  1.938E-01
 -1.3772500E+03  2.284E-01  1.406E-01  1.031E-01
 -1.3767500E+03  2.525E-01  1.397E-01  1.156E-01
 -1.3762500E+03  2.059E-01  1.113E-01  1.368E-01
 -1.3757500E+03  2.377E-01  1.408E-01  1.067E-01
 -1.3752500E+03  2.235E-01  1.186E-01  1.255E-01
 -1.3747500E+03  2.627E-01  1.233E-01  2.248E-01
 -1.3742500E+03  2.537E-01  1.298E-01  1.663E-01
 -1.3737500E+03  1.787E-01  9.900E-02  9.198E-02
 -1.3732500E+03  2.160E-01  9.894E-02  1.736E-01
 -1.3727500E+03  2.476E-01  1.367E-01  1.311E-01
 -1.3722500E+03  1.941E-01  1.032E-01  1.417E-01
 -1.3717500E+03  2.569E-01  1.377E-01  1.414E-01
 -1.3712500E+03  2.613E-01  1.393E-01  1.526E-01
 -1.3707500E+03  2.365E-01  1.272E-01  1.403E-01
 -1.3702500E+03  2.311E-01  1.110E-01  1.548E-01
 -1.3697500E+03  2.364E-01  1.235E-01  1.332E-01
 -1.3692500E+03  2.461E-01  1.340E-01  1.379E-01
 -1.3687500E+03  2.302E-01  1.146E-01  1.531E-01
 -1.3682500E+03  2.242E-01  1.127E-01  1.355E-01
 -1.3677500E+03  2.155E-01  1.147E-01  1.360E-01
 -1.3672500E+03  1.825E-01  1.027E-01  1.117E-01
 -1.3667500E+03  1.835E-01  1.030E-01  9.443E-02
 -1.3662500E+03  2.169E-01  1.020E-01  1.573E-01
 -1.3657500E+03  2.145E-01  8.789E-02  2.063E-01
 -1.3652500E+03  2.754E-01  1.516E-01  1.529E-01
 -1.3647500E+03  2.140E-01  1.383E-01  9.331E-02
 -1.3642500E+03  2.510E-01  1.447E-01  1.170E-01
 -1.3637500E+03  1.764E-01  9.558E-02  9.813E-02
 -1.3632500E+03  2.275E-01  1.099E-01  1.774E-01
 -1.3627500E+03  1.787E-01  8.591E-02  1.315E-01
 -1.3622500E+03  2.356E-01  1.140E-01  1.655E-01
 -1.3617500E+03  1.831E-01  9.636E-02  1.302E-01
 -1.3612500E+03  1.969E-01  1.114E-01  9.568E-02
 -1.3607500E+03  2.206E-01  1.298E-01  1.147E-01
 -1.3602500E+03  2.198E-01  1.019E-01  1.737E-01
 -1.3597500E+03  2.158E-01  1.333E-01  7.010E-02
 -1.3592500E+03  2.256E-01  1.325E-01  1.033E-01
 -1.3587500E+03  2.251E-01  1.214E-01  1.268E-01
 -1.3582500E+03  2.135E-01  1.150E-01  1.327E-01
 -1.3577500E+03  2.477E-01  1.346E-01  1.473E-01
 -1.3572500E+03  2.358E-01  1.264E-01  1.354E-01
 -1.3567500E+03  1.986E-01  1.244E-01  6.908E-02
 -1.3562500E+03  2.545E-01  1.524E-01  1.002E-01
 -1.3557500E+03  2.248E-01  1.232E-01  1.348E-01
 -1.3552500E+03  2.200E-01  1.243E-01  1.132E-01
 -1.3547500E+03  1.802E-01  7.145E-02  1.713E-01
 -1.3542500E+03  2.378E-01  1.202E-01  1.527E-01
 -1.3537500E+03  2.483E-01  1.309E-01  1.347E-01
 -1.3532500E+03  1.765E-01  1.100E-01  7.376E-02
 -1.3527500E+03  1.811E-01  1.096E-01  7.186E-02
 -1.3522500E+03  1.869E-01  1.213E-01  5.196E-02
 -1.3517500E+03  1.818E-01  9.093E-02  1.067E-01
 -1.3512500E+03  2.088E-01  1.018E-01  1.627E-01
 -1.3507500E+03  2.153E-01  1.065E-01  1.596E-01
 -1.3502500E+03  1.933E-01  9.398E-02  1.362E-01
 -1.3497500E+03  1.615E-01  8.446E-02  1.015E-01
 -1.3492500E+03  2.183E-01  1.118E-01  1.286E-01
 -1.3487500E+03  2.257E-01  1.079E-01  1.742E-01
 -1.3482500E+03  2.280E-01  1.264E-01  1.197E-01
 -1.3477500E+03  1.772E-01  9.920E-02  1.060E-01
 -1.3472500E+03  1.539E-01  7.953E-02  9.578E-02
 -1.3467500E+03  1.833E-01  1.069E-01  9.035E-02
 -1.3462500E+03  2.001E-01  1.006E-01  1.334E-01
 -1.3457500E+03  2.138E-01  1.180E-01  1.183E-01
 -1.3452500E+03  1.849E-01  1.101E-01  7.795E-02
 -1.3447500E+03  1.463E-01  8.898E-02  9.173E-02
 -1.3442500E+03  1.779E-01  8.809E-02  1.123E-01
 -1.3437500E+03  1.678E-01  8.731E-02  1.061E-01
 -1.3432500E+03  1.632E-01  1.048E-01  4.404E-02
 -1.3427500E+03  1.631E-01  8.403E-02  1.091E-01
 -1.3422500E+03  1.694E-01  8.094E-02  1.277E-01
 -1.3417500E+03  1.835E-01  9.611E-02  1.200E-01
 -1.3412500E+03  1.271E-01  4.805E-02  1.486E-01
 -1.3407500E+03  2.300E-01  1.159E-01  1.428E-01
 -1.3402500E+03  1.750E-01  8.383E-02  1.414E-01
 -1.3397500E+03  1.962E-01  1.216E-01  7.307E-02
 -1.3392500E+03  2.273E-01  1.411E-01  7.552E-02
 -1.3387500E+03  1.893E-01  9.941E-02  1.125E-01
 -1.3382500E+03  1.908E-01  1.093E-01  8.889E-02
 -1.3377500E+03  1.918E-01  8.841E-02  1.531E-01
 -1.3372500E+03  1.483E-01  8.454E-02  7.514E-02
 -1.3367500E+03  1.398E-01  7.723E-02  9.283E-02
 -1.3362500E+03  1.789E-01  1.035E-01  9.054E-02
 -1.3357500E+03  1.834E-01  8.573E-02  1.366E-01
 -1.3352500E+03  1.879E-01  9.608E-02  1.351E-01
 -1.3347500E+03  2.083E-01  1.210E-01  1.019E-01
 -1.3342500E+03  1.902E-01  8.778E-02  1.478E-01
 -1.3337500E+03  1.388E-01  6.821E-02  1.128E-01
 -1.3332500E+03  1.652E-01  9.680E-02  7.013E-02
 -1.3327500E+03  1.783E-01  9.583E-02  9.896E-02
 -1.3322500E+03  1.392E-01  7.089E-02  9.628E-02
 -1.3317500E+03  1.741E-01  9.177E-02  1.155E-01
 -1.3312500E+03  1.637E-01  1.028E-01  5.262E-02
 -1.3307500E+03  1.765E-01  9.592E-02  9.429E-02
 -1.3302500E+03  1.622E-01  8.759E-02  1.038E-01
 -1.3297500E+03  1.731E-01  1.136E-01  5.574E-02
 -1.3292500E+03  1.582E-01  8.349E-02  9.996E-02
 -1.3287500E+03  1.863E-01  1.016E-01  1.006E-01
 -1.3282500E+03  1.507E-01  8.364E-02  8.325E-02
 -1.3277500E+03  1.719E-01  1.041E-01  7.018E-02
 -1.3272500E+03  1.645E-01  7.967E-02  1.397E-01
 -1.3267500E+03  1.528E-01  9.049E-02  6.758E-02
 -1.3262500E+03  1.597E-01  8.659E-02  1.111E-01
 -1.3257500E+03  1.706E-01  6.907E-02  1.715E-01
 -1.3252500E+03  1.864E-01  1.137E-01  7.609E-02
 -1.3247500E+03  1.449E-01  9.670E-02  3.486E-02
 -1.3242500E+03  1.598E-01  8.413E-02  9.541E-02
 -1.3237500E+03  1.781E-01  9.924E-02  1.021E-01
 -1.3232500E+03  1.257E-01  7.892E-02  6.158E-02
 -1.3227500E+03  1.422E-01  6.434E-02  9.474E-02
 -1.3222500E+03  1.965E-01  1.002E-01  1.241E-01
 -1.3217500E+03  1.412E-01  7.012E-02  1.026E-01
 -1.3212500E+03  1.376E-01  6.459E-02  1.207E-01
 -1.3207500E+03  1.833E-01  1.034E-01  8.084E-02
 -1.3202500E+03  1.977E-01  1.073E-01  1.222E-01
 -1.3197500E+03  1.751E-01  8.721E-02  1.129E-01
 -1.3192500E+03  1.362E-01  8.555E-02  6.150E-02
 -1.3187500E+03  1.649E-01  8.669E-02  1.124E-01
 -1.3182500E+03  1.744E-01  9.845E-02  9.575E-02
 -1.3177500E+03  1.284E-01  6.109E-02  9.313E-02
 -1.3172500E+03  1.716E-01  1.109E-01  4.835E-02
 -1.3167500E+03  1.710E-01  9.277E-02  8.281E-02
 -1.3162500E+03  1.408E-01  7.584E-02  7.785E-02
 -1.3157500E+03  1.367E-01  7.560E-02  7.792E-02
 -1.3152500E+03  2.192E-01  1.046E-01  1.629E-01
 -1.3147500E+03  1.675E-01  8.335E-02  1.142E-01
 -1.3142500E+03  1.554E-01  8.267E-02  8.221E-02
 -1.3137500E+03  1.042E-01  6.437E-02  4.504E-02
 -1.3132500E+03  1.486E-01  7.145E-02  1.163E-01
 -1.3127500E+03  1.349E-01  7.307E-02  8.499E-02
 -1.3122500E+03  1.399E-01  7.402E-02  8.678E-02
 -1.3117500E+03  1.661E-01  1.089E-01  2.961E-02
 -1.3112500E+03  1.701E-01  7.976E-02  1.084E-01
 -1.3107500E+03  1.871E-01  8.730E-02  1.152E-01
 -1.3102500E+03  1.669E-01  8.851E-02  1.241E-01
 -1.3097500E+03  2.091E-01  1.227E-01  8.434E-02
 -1.3092500E+03  1.553E-01  1.002E-01  4.010E-02
 -1.3087500E+03  1.612E-01  9.159E-02  6.698E-02
 -1.3082500E+03  1.356E-01  7.026E-02  9.341E-02
 -1.3077500E+03  1.671E-01  9.684E-02  7.332E-02
 -1.3072500E+03  1.116E-01  4.725E-02  1.073E-01
 -1.3067500E+03  1.390E-01  7.395E-02  9.300E-02
 -1.3062500E+03  1.548E-01  7.782E-02  1.036E-01
 -1.3057500E+03  1.200E-01  7.103E-02  6.370E-02
 -1.3052500E+03  1.501E-01  7.161E-02  1.172E-01
 -1.3047500E+03  1.327E-01  6.065E-02  1.005E-01
 -1.3042500E+03  1.294E-01  5.545E-02  9.297E-02
 -1.3037500E+03  1.147E-01  6.076E-02  6.832E-02
 -1.3032500E+03  1.367E-01  7.147E-02  1.040E-01
 -1.3027500E+03  1.331E-01  7.843E-02  6.382E-02
 -1.3022500E+03  1.541E-01  7.302E-02  9.604E-02
 -1.3017500E+03  1.481E-01  7.032E-02  1.186E-01
 -1.3012500E+03  1.235E-01  8.238E-02  3.756E-02
 -1.3007500E+03  1.627E-01  1.058E-01  3.733E-02
 -1.3002500E+03  1.403E-01  8.472E-02  6.722E-02
 -1.2997500E+03  1.067E-01  4.988E-02  9.848E-02
 -1.2992500E+03  1.460E-01  8.205E-02  7.374E-02
 -1.2987500E+03  1.367E-01  7.829E-02  5.565E-02
 -1.2982500E+03  1.542E-01  7.846E-02  1.082E-01
 -1.2977500E+03  1.325E-01  9.225E-02  2.942E-02
 -1.2972500E+03  9.429E-02  6.325E-02  4.812E-02
 -1.2967500E+03  1.871E-01  8.869E-02  1.442E-01
 -1.2962500E+03  1.332E-01  7.416E-02  6.783E-02
 -1.2957500E+03  1.129E-01  6.520E-02  4.807E-02
 -1.2952500E+03  1.226E-01  7.498E-02  3.848E-02
 -1.2947500E+03  1.276E-01  7.068E-02  7.354E-02
 -1.2942500E+03  1.448E-01  7.595E-02  8.846E-02
 -1.2937500E+03  1.607E-01  8.506E-02  1.035E-01
 -1.2932500E+03  1.294E-01  6.428E-02  1.023E-01
 -1.2927500E+03  9.110E-02  5.167E-02  7.368E-02
 -1.2922500E+03  1.470E-01  8.989E-02  5.309E-02
 -1.2917500E+03  1.431E-01  7.843E-02  6.456E-02
 -1.2912500E+03  1.513E-01  7.618E-02  9.584E-02
 -1.2907500E+03  1.332E-01  8.042E-02  4.825E-02
 -1.2902500E+03  1.135E-01  5.606E-02  8.241E-02
 -1.2897500E+03  1.529E-01  7.366E-02  9.989E-02
 -1.2892500E+03  1.233E-01  5.518E-02  1.107E-01
 -1.2887500E+03  1.150E-01  7.471E-02  5.732E-02
 -1.2882500E+03  1.170E-01  6.389E-02  7.393E-02
 -1.2877500E+03  1.362E-01  7.495E-02  7.469E-02
 -1.2872500E+03  1.217E-01  6.259E-02  8.050E-02
 -1.2867500E+03  1.440E-01  8.218E-02  5.163E-02
 -1.2862500E+03  1.515E-01  7.832E-02  8.433E-02
 -1.2857500E+03  1.440E-01  8.524E-02  6.947E-02
 -1.2852500E+03  1.255E-01  6.495E-02  8.184E-02
 -1.2847500E+03  1.334E-01  6.649E-02  8.415E-02
 -1.2842500E+03  1.170E-01  5.209E-02  1.069E-01
 -1.2837500E+03  1.199E-01  5.735E-02  1.011E-01
 -1.2832500E+03  1.147E-01  6.589E-02  5.296E-02
 -1.2827500E+03  1.100E-01  7.878E-02  2.547E-02
 -1.2822500E+03  1.457E-01  7.490E-02  8.863E-02
 -1.2817500E+03  1.547E-01  8.648E-02  8.158E-02
 -1.2812500E+03  1.236E-01  4.809E-02  1.387E-01
 -1.2807500E+03  1.132E-01  5.400E-02  7.706E-02
 -1.2802500E+03  1.190E-01  6.128E-02  8.108E-02
 -1.2797500E+03  1.329E-01  7.216E-02  7.205E-02
 -1.2792500E+03  1.523E-01  8.500E-02  7.844E-02
 -1.2787500E+03  1.516E-01  8.179E-02  7.853E-02
 -1.2782500E+03  9.818E-02  5.311E-02  4.977E-02
 -1.2777500E+03  1.455E-01  8.068E-02  8.449E-02
 -1.2772500E+03  1.205E-01  7.028E-02  6.660E-02
 -1.2767500E+03  1.011E-01  6.014E-02  5.613E-02
 -1.2762500E+03  1.228E-01  6.156E-02  9.363E-02
 -1.2757500E+03  1.316E-01  7.496E-02  5.813E-02
 -1.2752500E+03  1.004E-01  6.074E-02  5.095E-02
 -1.2747500E+03  9.865E-02  4.555E-02  9.655E-02
 -1.2742500E+03  1.174E-01  5.665E-02  7.591E-02
 -1.2737500E+03  1.371E-01  7.751E-02  6.893E-02
 -1.2732500E+03  1.229E-01  6.659E-02  8.263E-02
 -1.2727500E+03  1.690E-01  9.174E-02  8.464E-02
 -1.2722500E+03  1.194E-01  7.550E-02  2.367E-02
 -1.2717500E+03  1.184E-01  5.445E-02  9.982E-02
 -1.2712500E+03  1.151E-01  6.245E-02  6.995E-02
 -1.2707500E+03  7.630E-02  4.344E-02  5.375E-02
 -1.2702500E+03  1.408E-01  6.073E-02  9.401E-02
 -1.2697500E+03  1.164E-01  6.427E-02  7.241E-02
 -1.2692500E+03  1.146E-01  7.004E-02  3.660E-02
 -1.2687500E+03  1.323E-01  8.345E-02  4.350E-02
 -1.2682500E+03  9.565E-02  4.668E-02  7.869E-02
 -1.2677500E+03  7.605E-02  3.430E-02  7.533E-02
 -1.2672500E+03  1.131E-01  6.490E-02  5.433E-02
 -1.2667500E+03  1.019E-01  6.429E-02  4.125E-02
 -1.2662500E+03  1.230E-01  7.338E-02  5.359E-02
 -1.2657500E+03  1.130E-01  6.897E-02  3.561E-02
 -1.2652500E+03  1.057E-01  5.620E-02  5.366E-02
 -1.2647500E+03  1.323E-01  6.907E-02  7.845E-02
 -1.2642500E+03  1.140E-01  6.911E-02  5.771E-02
 -1.2637500E+03  9.516E-02  5.061E-02  7.315E-02
 -1.2632500E+03  9.109E-02  4.036E-02  7.867E-02
 -1.2627500E+03  8.566E-02  3.885E-02  6.532E-02
 -1.2622500E+03  1.221E-01  6.865E-02  6.113E-02
 -1.2617500E+03  1.059E-01  5.215E-02  8.085E-02
 -1.2612500E+03  1.067E-01  4.761E-02  6.900E-02
 -1.2607500E+03  1.197E-01  7.590E-02  5.271E-02
 -1.2602500E+03  9.150E-02  3.041E-02  1.058E-01
 -1.2597500E+03  8.535E-02  6.121E-02  8.751E-03
 -1.2592500E+03  8.713E-02  5.371E-02  3.190E-02
 -1.2587500E+03  8.919E-02  4.998E-02  5.123E-02
 -1.2582500E+03  1.390E-01  6.616E-02  1.059E-01
 -1.2577500E+03  1.308E-01  6.515E-02  8.390E-02
 -1.2572500E+03  1.330E-01  8.418E-02  4.111E-02
 -1.2567500E+03  7.905E-02  4.139E-02  6.253E-02
 -1.2562500E+03  1.137E-01  5.660E-02  6.039E-02
 -1.2557500E+03  1.143E-01  6.226E-02  6.986E-02
 -1.2552500E+03  1.278E-01  7.755E-02  4.490E-02
 -1.2547500E+03  9.087E-02  3.935E-02  1.007E-01
