  1.5807500E+03 -0.000E+00 -0.000E+00  0.000E+00
  1.5812500E+03 -0.000E+00 -0.000E+00  0.000E+00
  1.5817500E+03 -0.000E+00 -0.000E+00  0.000E+00
  1.5822500E+03 -0.000E+00 -0.000E+00  0.000E+00
  1.5827500E+03 -0.000E+00 -0.000E+00  0.000E+00
  1.5832500E+03 -0.000E+00 -0.000E+00  0.000E+00
  1.5837500E+03 -0.000E+00 -0.000E+00  0.000E+00
  1.5842500E+03 -0.000E+00 -0.000E+00  0.000E+00
  1.5847500E+03 -0.000E+00 -0.000E+00  0.000E+00
  1.5852500E+03 -0.000E+00 -0.000E+00  0.000E+00
  1.5857500E+03 -0.000E+00 -0.000E+00  0.000E+00
  1.5862500E+03 -0.000E+00 -0.000E+00  0.000E+00
  1.5867500E+03 -0.000E+00 -0.000E+00  0.000E+00
  1.5872500E+03 -0.000E+00 -0.000E+00  0.000E+00
  1.5877500E+03 -0.000E+00 -0.000E+00  0.000E+00
  1.5882500E+03 -0.000E+00 -0.000E+00  0.000E+00
  1.5887500E+03 -0.000E+00 -0.000E+00  0.000E+00
  1.5892500E+03 -0.000E+00 -0.000E+00  0.000E+00
  1.5897500E+03 -0.000E+00 -0.000E+00  0.000E+00
  1.5902500E+03 -0.000E+00 -0.000E+00  0.000E+00
  1.5907500E+03 -0.000E+00 -0.000E+00  0.000E+00
  1.5912500E+03 -0.000E+00 -0.000E+00  0.000E+00
  1.5917500E+03 -0.000E+00 -0.000E+00  0.000E+00
  1.5922500E+03 -0.000E+00 -0.000E+00  0.000E+00
  1.5927500E+03 -0.000E+00 -0.000E+00  0.000E+00
  1.5932500E+03 -0.000E+00 -0.000E+00  0.000E+00
  1.5937500E+03 -0.000E+00 -0.000E+00  0.000E+00
  1.5942500E+03 -0.000E+00 -0.000E+00  0.000E+00
  1.5947500E+03 -0.000E+00 -0.000E+00  0.000E+00
  1.5952500E+03 -0.000E+00 -0.000E+00  0.000E+00
  1.5957500E+03 -0.000E+00 -0.000E+00  0.000E+00
  1.5962500E+03 -0.000E+00 -0.000E+00  0.000E+00
  1.5967500E+03 -0.000E+00 -0.000E+00  0.000E+00
  1.5972500E+03 -0.000E+00 -0.000E+00  0.000E+00
  1.5977500E+03 -0.000E+00 -0.000E+00  0.000E+00
  1.5982500E+03 -0.000E+00 -0.000E+00  0.000E+00
  1.5987500E+03 -0.000E+00 -0.000E+00  0.000E+00
  1.5992500E+03 -0.000E+00 -0.000E+00  0.000E+00
  1.5997500E+03 -0.000E+00 -0.000E+00  0.000E+00
  1.6002500E+03 -0.000E+00 -0.000E+00  0.000E+00
  1.6007500E+03 -0.000E+00 -0.000E+00  0.000E+00
  1.6012500E+03 -0.000E+00 -0.000E+00  0.000E+00
  1.6017500E+03 -0.000E+00 -0.000E+00  0.000E+00
  1.6022500E+03 -0.000E+00 -0.000E+00  0.000E+00
  1.6027500E+03 -0.000E+00 -0.000E+00  0.000E+00
  1.6032500E+03 -0.000E+00 -0.000E+00  0.000E+00
  1.6037500E+03 -0.000E+00 -0.000E+00  0.000E+00
  1.6042500E+03 -0.000E+00 -0.000E+00  0.000E+00
  1.6047500E+03 -0.000E+00 -0.000E+00  0.000E+00
  1.6052500E+03 -0.000E+00 -0.000E+00  0.000E+00
  1.6057500E+03 -0.000E+00 -0.000E+00  0.000E+00
  1.6062500E+03 -0.000E+00 -0.000E+00  0.000E+00
  1.6067500E+03 -0.000E+00 -0.000E+00  0.000E+00
  1.6072500E+03 -0.000E+00 -0.000E+00  0.000E+00
  1.6077500E+03 -0.000E+00 -0.000E+00  0.000E+00
  1.6082500E+03 -0.000E+00 -0.000E+00  0.000E+00
  1.6087500E+03 -0.000E+00 -0.000E+00  0.000E+00
  1.6092500E+03 -0.000E+00 -0.000E+00  0.000E+00
  1.6097500E+03 -0.000E+00 -0.000E+00  0.000E+00
  1.6102500E+03 -0.000E+00 -0.000E+00  0.000E+00
  1.6107500E+03 -0.000E+00 -0.000E+00  0.000E+00
  1.6112500E+03 -0.000E+00 -0.000E+00  0.000E+00
  1.6117500E+03 -0.000E+00 -0.000E+00  0.000E+00
  1.6122500E+03 -0.000E+00 -0.000E+00  0.000E+00
  1.6127500E+03 -0.000E+00 -0.000E+00  0.000E+00
  1.6132500E+03 -0.000E+00 -0.000E+00  0.000E+00
  1.6137500E+03 -0.000E+00 -0.000E+00  0.000E+00
  1.6142500E+03 -0.000E+00 -0.000E+00  0.000E+00
  1.6147500E+03 -0.000E+00 -0.000E+00  0.000E+00
  1.6152500E+03 -0.000E+00 -0.000E+00  0.000E+00
  1.6157500E+03 -0.000E+00 -0.000E+00  0.000E+00
  1.6162500E+03 -0.000E+00 -0.000E+00  0.000E+00
  1.6167500E+03 -0.000E+00 -0.000E+00  0.000E+00
  1.6172500E+03 -0.000E+00 -0.000E+00  0.000E+00
  1.6177500E+03 -0.000E+00 -0.000E+00  0.000E+00
  1.6182500E+03 -0.000E+00 -0.000E+00  0.000E+00
  1.6187500E+03 -0.000E+00 -0.000E+00  0.000E+00
  1.6192500E+03 -0.000E+00 -0.000E+00  0.000E+00
  1.6197500E+03 -0.000E+00 -0.000E+00  0.000E+00
  1.6202500E+03 -0.000E+00 -0.000E+00  0.000E+00
  1.6207500E+03 -0.000E+00 -0.000E+00  0.000E+00
  1.6212500E+03 -0.000E+00 -0.000E+00  0.000E+00
  1.6217500E+03 -0.000E+00 -0.000E+00  0.000E+00
  1.6222500E+03 -0.000E+00 -0.000E+00  0.000E+00
  1.6227500E+03 -0.000E+00 -0.000E+00  0.000E+00
  1.6232500E+03 -0.000E+00 -0.000E+00  0.000E+00
  1.6237500E+03 -0.000E+00 -0.000E+00  0.000E+00
  1.6242500E+03 -0.000E+00 -0.000E+00  0.000E+00
  1.6247500E+03 -0.000E+00 -0.000E+00  0.000E+00
  1.6252500E+03 -0.000E+00 -0.000E+00  0.000E+00
  1.6257500E+03 -0.000E+00 -0.000E+00  0.000E+00
  1.6262500E+03 -0.000E+00 -0.000E+00  0.000E+00
  1.6267500E+03 -0.000E+00 -0.000E+00  0.000E+00
  1.6272500E+03 -0.000E+00 -0.000E+00  0.000E+00
  1.6277500E+03 -0.000E+00 -0.000E+00  0.000E+00
  1.6282500E+03 -0.000E+00 -0.000E+00  0.000E+00
  1.6287500E+03 -0.000E+00 -0.000E+00  0.000E+00
  1.6292500E+03 -0.000E+00 -0.000E+00  0.000E+00
  1.6297500E+03 -0.000E+00 -0.000E+00  0.000E+00
  1.6302500E+03 -0.000E+00 -0.000E+00  0.000E+00
  1.6307500E+03 -0.000E+00 -0.000E+00  0.000E+00
  1.6312500E+03 -0.000E+00 -0.000E+00  0.000E+00
  1.6317500E+03 -0.000E+00 -0.000E+00  0.000E+00
  1.6322500E+03 -0.000E+00 -0.000E+00  0.000E+00
  1.6327500E+03 -0.000E+00 -0.000E+00  0.000E+00
  1.6332500E+03 -0.000E+00 -0.000E+00  0.000E+00
  1.6337500E+03 -0.000E+00 -0.000E+00  0.000E+00
  1.6342500E+03 -0.000E+00 -0.000E+00  0.000E+00
  1.6347500E+03 -0.000E+00 -0.000E+00  0.000E+00
  1.6352500E+03 -0.000E+00 -0.000E+00  0.000E+00
  1.6357500E+03 -0.000E+00 -0.000E+00  0.000E+00
  1.6362500E+03 -0.000E+00 -0.000E+00  0.000E+00
  1.6367500E+03 -0.000E+00 -0.000E+00  0.000E+00
  1.6372500E+03 -0.000E+00 -0.000E+00  0.000E+00
  1.6377500E+03 -0.000E+00 -0.000E+00  0.000E+00
  1.6382500E+03 -0.000E+00 -0.000E+00  0.000E+00
  1.6387500E+03 -0.000E+00 -0.000E+00  0.000E+00
  1.6392500E+03 -0.000E+00 -0.000E+00  0.000E+00
  1.6397500E+03 -0.000E+00 -0.000E+00  0.000E+00
  1.6402500E+03 -0.000E+00 -0.000E+00  0.000E+00
  1.6407500E+03 -0.000E+00 -0.000E+00  0.000E+00
  1.6412500E+03 -0.000E+00 -0.000E+00  0.000E+00
  1.6417500E+03 -0.000E+00 -0.000E+00  0.000E+00
  1.6422500E+03 -0.000E+00 -0.000E+00  0.000E+00
  1.6427500E+03 -0.000E+00 -0.000E+00  0.000E+00
  1.6432500E+03 -0.000E+00 -0.000E+00  0.000E+00
  1.6437500E+03 -0.000E+00 -0.000E+00  0.000E+00
  1.6442500E+03 -0.000E+00 -0.000E+00  0.000E+00
  1.6447500E+03 -0.000E+00 -0.000E+00  0.000E+00
  1.6452500E+03 -0.000E+00 -0.000E+00  0.000E+00
  1.6457500E+03 -0.000E+00 -0.000E+00  0.000E+00
  1.6462500E+03 -0.000E+00 -0.000E+00  0.000E+00
  1.6467500E+03 -0.000E+00 -0.000E+00  0.000E+00
  1.6472500E+03 -0.000E+00 -0.000E+00  0.000E+00
  1.6477500E+03 -0.000E+00 -0.000E+00  0.000E+00
  1.6482500E+03 -0.000E+00 -0.000E+00  0.000E+00
  1.6487500E+03 -0.000E+00 -0.000E+00  0.000E+00
  1.6492500E+03 -0.000E+00 -0.000E+00  0.000E+00
  1.6497500E+03 -0.000E+00 -0.000E+00  0.000E+00
  1.6502500E+03 -0.000E+00 -0.000E+00  0.000E+00
  1.6507500E+03 -0.000E+00 -0.000E+00  0.000E+00
  1.6512500E+03 -0.000E+00 -0.000E+00  0.000E+00
  1.6517500E+03 -0.000E+00 -0.000E+00  0.000E+00
  1.6522500E+03 -0.000E+00 -0.000E+00  0.000E+00
  1.6527500E+03 -0.000E+00 -0.000E+00  0.000E+00
  1.6532500E+03 -0.000E+00 -0.000E+00  0.000E+00
  1.6537500E+03 -0.000E+00 -0.000E+00  0.000E+00
  1.6542500E+03 -0.000E+00 -0.000E+00  0.000E+00
  1.6547500E+03 -0.000E+00 -0.000E+00  0.000E+00
  1.6552500E+03 -0.000E+00 -0.000E+00  0.000E+00
  1.6557500E+03 -0.000E+00 -0.000E+00  0.000E+00
  1.6562500E+03 -0.000E+00 -0.000E+00  0.000E+00
  1.6567500E+03 -0.000E+00 -0.000E+00  0.000E+00
  1.6572500E+03 -0.000E+00 -0.000E+00  0.000E+00
  1.6577500E+03 -0.000E+00 -0.000E+00  0.000E+00
  1.6582500E+03 -0.000E+00 -0.000E+00  0.000E+00
  1.6587500E+03 -0.000E+00 -0.000E+00  0.000E+00
  1.6592500E+03 -0.000E+00 -0.000E+00  0.000E+00
  1.6597500E+03 -0.000E+00 -0.000E+00  0.000E+00
  1.6602500E+03 -0.000E+00 -0.000E+00  0.000E+00
  1.6607500E+03 -0.000E+00 -0.000E+00  0.000E+00
  1.6612500E+03 -0.000E+00 -0.000E+00  0.000E+00
  1.6617500E+03 -0.000E+00 -0.000E+00  0.000E+00
  1.6622500E+03 -0.000E+00 -0.000E+00  0.000E+00
  1.6627500E+03 -0.000E+00 -0.000E+00  0.000E+00
  1.6632500E+03 -0.000E+00 -0.000E+00  0.000E+00
  1.6637500E+03 -0.000E+00 -0.000E+00  0.000E+00
  1.6642500E+03 -0.000E+00 -0.000E+00  0.000E+00
  1.6647500E+03 -0.000E+00 -0.000E+00  0.000E+00
  1.6652500E+03 -0.000E+00 -0.000E+00  0.000E+00
  1.6657500E+03 -0.000E+00 -0.000E+00  0.000E+00
  1.6662500E+03 -0.000E+00 -0.000E+00  0.000E+00
  1.6667500E+03 -0.000E+00 -0.000E+00  0.000E+00
  1.6672500E+03 -0.000E+00 -0.000E+00  0.000E+00
  1.6677500E+03 -0.000E+00 -0.000E+00  0.000E+00
  1.6682500E+03 -0.000E+00 -0.000E+00  0.000E+00
  1.6687500E+03 -0.000E+00 -0.000E+00  0.000E+00
  1.6692500E+03 -0.000E+00 -0.000E+00  0.000E+00
  1.6697500E+03 -0.000E+00 -0.000E+00  0.000E+00
  1.6702500E+03 -0.000E+00 -0.000E+00  0.000E+00
  1.6707500E+03 -0.000E+00 -0.000E+00  0.000E+00
  1.6712500E+03 -0.000E+00 -0.000E+00  0.000E+00
  1.6717500E+03 -0.000E+00 -0.000E+00  0.000E+00
  1.6722500E+03 -0.000E+00 -0.000E+00  0.000E+00
  1.6727500E+03 -0.000E+00 -0.000E+00  0.000E+00
  1.6732500E+03 -0.000E+00 -0.000E+00  0.000E+00
  1.6737500E+03 -0.000E+00 -0.000E+00  0.000E+00
  1.6742500E+03 -0.000E+00 -0.000E+00  0.000E+00
  1.6747500E+03 -0.000E+00 -0.000E+00  0.000E+00
  1.6752500E+03 -0.000E+00 -0.000E+00  0.000E+00
  1.6757500E+03 -0.000E+00 -0.000E+00  0.000E+00
  1.6762500E+03 -0.000E+00 -0.000E+00  0.000E+00
  1.6767500E+03 -0.000E+00 -0.000E+00  0.000E+00
  1.6772500E+03 -0.000E+00 -0.000E+00  0.000E+00
  1.6777500E+03 -0.000E+00 -0.000E+00  0.000E+00
  1.6782500E+03 -0.000E+00 -0.000E+00  0.000E+00
  1.6787500E+03 -0.000E+00 -0.000E+00  0.000E+00
  1.6792500E+03 -0.000E+00 -0.000E+00  0.000E+00
  1.6797500E+03 -0.000E+00 -0.000E+00  0.000E+00
  1.6802500E+03 -0.000E+00 -0.000E+00  0.000E+00
  1.6807500E+03 -0.000E+00 -0.000E+00  0.000E+00
  1.6812500E+03 -0.000E+00 -0.000E+00  0.000E+00
  1.6817500E+03 -0.000E+00 -0.000E+00  0.000E+00
  1.6822500E+03 -0.000E+00 -0.000E+00  0.000E+00
  1.6827500E+03 -0.000E+00 -0.000E+00  0.000E+00
  1.6832500E+03 -0.000E+00 -0.000E+00  0.000E+00
  1.6837500E+03 -0.000E+00 -0.000E+00  0.000E+00
  1.6842500E+03 -0.000E+00 -0.000E+00  0.000E+00
  1.6847500E+03 -0.000E+00 -0.000E+00  0.000E+00
  1.6852500E+03 -0.000E+00 -0.000E+00  0.000E+00
  1.6857500E+03 -0.000E+00 -0.000E+00  0.000E+00
  1.6862500E+03 -0.000E+00 -0.000E+00  0.000E+00
  1.6867500E+03 -0.000E+00 -0.000E+00  0.000E+00
  1.6872500E+03 -0.000E+00 -0.000E+00  0.000E+00
  1.6877500E+03 -0.000E+00 -0.000E+00  0.000E+00
  1.6882500E+03 -0.000E+00 -0.000E+00  0.000E+00
  1.6887500E+03 -0.000E+00 -0.000E+00  0.000E+00
  1.6892500E+03 -0.000E+00 -0.000E+00  0.000E+00
  1.6897500E+03 -0.000E+00 -0.000E+00  0.000E+00
  1.6902500E+03 -0.000E+00 -0.000E+00  0.000E+00
  1.6907500E+03 -0.000E+00 -0.000E+00  0.000E+00
  1.6912500E+03 -0.000E+00 -0.000E+00  0.000E+00
  1.6917500E+03 -0.000E+00 -0.000E+00  0.000E+00
  1.6922500E+03 -0.000E+00 -0.000E+00  0.000E+00
  1.6927500E+03 -0.000E+00 -0.000E+00  0.000E+00
  1.6932500E+03 -0.000E+00 -0.000E+00  0.000E+00
  1.6937500E+03 -0.000E+00 -0.000E+00  0.000E+00
  1.6942500E+03 -0.000E+00 -0.000E+00  0.000E+00
  1.6947500E+03 -0.000E+00 -0.000E+00  0.000E+00
  1.6952500E+03 -0.000E+00 -0.000E+00  0.000E+00
  1.6957500E+03 -0.000E+00 -0.000E+00  0.000E+00
  1.6962500E+03 -0.000E+00 -0.000E+00  0.000E+00
  1.6967500E+03 -0.000E+00 -0.000E+00  0.000E+00
  1.6972500E+03 -0.000E+00 -0.000E+00  0.000E+00
  1.6977500E+03 -0.000E+00 -0.000E+00  0.000E+00
  1.6982500E+03 -0.000E+00 -0.000E+00  0.000E+00
  1.6987500E+03 -0.000E+00 -0.000E+00  0.000E+00
  1.6992500E+03 -0.000E+00 -0.000E+00  0.000E+00
  1.6997500E+03 -0.000E+00 -0.000E+00  0.000E+00
  1.7002500E+03 -0.000E+00 -0.000E+00  0.000E+00
  1.7007500E+03 -0.000E+00 -0.000E+00  0.000E+00
  1.7012500E+03 -0.000E+00 -0.000E+00  0.000E+00
  1.7017500E+03 -0.000E+00 -0.000E+00  0.000E+00
  1.7022500E+03 -0.000E+00 -0.000E+00  0.000E+00
  1.7027500E+03 -0.000E+00 -0.000E+00  0.000E+00
  1.7032500E+03 -0.000E+00 -0.000E+00  0.000E+00
  1.7037500E+03 -0.000E+00 -0.000E+00  0.000E+00
  1.7042500E+03 -0.000E+00 -0.000E+00  0.000E+00
  1.7047500E+03 -0.000E+00 -0.000E+00  0.000E+00
  1.7052500E+03 -0.000E+00 -0.000E+00  0.000E+00
  1.7057500E+03 -0.000E+00 -0.000E+00  0.000E+00
  1.7062500E+03 -0.000E+00 -0.000E+00  0.000E+00
  1.7067500E+03 -0.000E+00 -0.000E+00  0.000E+00
  1.7072500E+03 -0.000E+00 -0.000E+00  0.000E+00
  1.7077500E+03 -0.000E+00 -0.000E+00  0.000E+00
  1.7082500E+03 -0.000E+00 -0.000E+00  0.000E+00
  1.7087500E+03 -0.000E+00 -0.000E+00  0.000E+00
  1.7092500E+03 -0.000E+00 -0.000E+00  0.000E+00
  1.7097500E+03 -0.000E+00 -0.000E+00  0.000E+00
  1.7102500E+03 -0.000E+00 -0.000E+00  0.000E+00
  1.7107500E+03 -0.000E+00 -0.000E+00  0.000E+00
  1.7112500E+03 -0.000E+00 -0.000E+00  0.000E+00
  1.7117500E+03 -0.000E+00 -0.000E+00  0.000E+00
  1.7122500E+03 -0.000E+00 -0.000E+00  0.000E+00
  1.7127500E+03 -0.000E+00 -0.000E+00  0.000E+00
  1.7132500E+03 -0.000E+00 -0.000E+00  0.000E+00
  1.7137500E+03 -0.000E+00 -0.000E+00  0.000E+00
  1.7142500E+03 -0.000E+00 -0.000E+00  0.000E+00
  1.7147500E+03 -0.000E+00 -0.000E+00  0.000E+00
  1.7152500E+03 -0.000E+00 -0.000E+00  0.000E+00
  1.7157500E+03 -0.000E+00 -0.000E+00  0.000E+00
  1.7162500E+03 -0.000E+00 -0.000E+00  0.000E+00
  1.7167500E+03 -0.000E+00 -0.000E+00  0.000E+00
  1.7172500E+03 -0.000E+00 -0.000E+00  0.000E+00
  1.7177500E+03 -0.000E+00 -0.000E+00  0.000E+00
  1.7182500E+03 -0.000E+00 -0.000E+00  0.000E+00
  1.7187500E+03 -0.000E+00 -0.000E+00  0.000E+00
  1.7192500E+03 -0.000E+00 -0.000E+00  0.000E+00
  1.7197500E+03 -0.000E+00 -0.000E+00  0.000E+00
  1.7202500E+03 -0.000E+00 -0.000E+00  0.000E+00
  1.7207500E+03 -0.000E+00 -0.000E+00  0.000E+00
  1.7212500E+03 -0.000E+00 -0.000E+00  0.000E+00
  1.7217500E+03 -0.000E+00 -0.000E+00  0.000E+00
  1.7222500E+03 -0.000E+00 -0.000E+00  0.000E+00
  1.7227500E+03 -0.000E+00 -0.000E+00  0.000E+00
  1.7232500E+03 -0.000E+00 -0.000E+00  0.000E+00
  1.7237500E+03 -0.000E+00 -0.000E+00  0.000E+00
  1.7242500E+03 -0.000E+00 -0.000E+00  0.000E+00
  1.7247500E+03 -0.000E+00 -0.000E+00  0.000E+00
  1.7252500E+03 -0.000E+00 -0.000E+00  0.000E+00
  1.7257500E+03 -0.000E+00 -0.000E+00  0.000E+00
  1.7262500E+03 -0.000E+00 -0.000E+00  0.000E+00
  1.7267500E+03 -0.000E+00 -0.000E+00  0.000E+00
  1.7272500E+03 -0.000E+00 -0.000E+00  0.000E+00
  1.7277500E+03 -0.000E+00 -0.000E+00  0.000E+00
  1.7282500E+03 -0.000E+00 -0.000E+00  0.000E+00
  1.7287500E+03 -0.000E+00 -0.000E+00  0.000E+00
  1.7292500E+03 -0.000E+00 -0.000E+00  0.000E+00
  1.7297500E+03 -0.000E+00 -0.000E+00  0.000E+00
  1.7302500E+03 -0.000E+00 -0.000E+00  0.000E+00
  1.7307500E+03 -0.000E+00 -0.000E+00  0.000E+00
  1.7312500E+03 -0.000E+00 -0.000E+00  0.000E+00
  1.7317500E+03 -0.000E+00 -0.000E+00  0.000E+00
  1.7322500E+03 -0.000E+00 -0.000E+00  0.000E+00
  1.7327500E+03 -0.000E+00 -0.000E+00  0.000E+00
  1.7332500E+03 -0.000E+00 -0.000E+00  0.000E+00
  1.7337500E+03 -0.000E+00 -0.000E+00  0.000E+00
  1.7342500E+03 -0.000E+00 -0.000E+00  0.000E+00
  1.7347500E+03 -0.000E+00 -0.000E+00  0.000E+00
  1.7352500E+03 -0.000E+00 -0.000E+00  0.000E+00
  1.7357500E+03 -0.000E+00 -0.000E+00  0.000E+00
  1.7362500E+03 -0.000E+00 -0.000E+00  0.000E+00
  1.7367500E+03 -0.000E+00 -0.000E+00  0.000E+00
  1.7372500E+03 -0.000E+00 -0.000E+00  0.000E+00
  1.7377500E+03 -0.000E+00 -0.000E+00  0.000E+00
  1.7382500E+03 -0.000E+00 -0.000E+00  0.000E+00
  1.7387500E+03 -0.000E+00 -0.000E+00  0.000E+00
  1.7392500E+03 -0.000E+00 -0.000E+00  0.000E+00
  1.7397500E+03 -0.000E+00 -0.000E+00  0.000E+00
  1.7402500E+03 -0.000E+00 -0.000E+00  0.000E+00
  1.7407500E+03 -0.000E+00 -0.000E+00  0.000E+00
  1.7412500E+03 -0.000E+00 -0.000E+00  0.000E+00
  1.7417500E+03 -0.000E+00 -0.000E+00  0.000E+00
  1.7422500E+03 -0.000E+00 -0.000E+00  0.000E+00
  1.7427500E+03 -6.161E-04 -3.396E-04 -4.211E-04
  1.7432500E+03 -7.373E-03 -6.944E-03  2.947E-03
  1.7437500E+03  1.013E-02  3.568E-03  1.252E-02
  1.7442500E+03 -3.096E-03 -3.807E-03  3.690E-03
  1.7447500E+03 -8.553E-03 -2.336E-03 -1.186E-02
  1.7452500E+03 -7.420E-03 -1.384E-02  2.103E-02
  1.7457500E+03 -3.462E-03  5.630E-03 -2.425E-02
  1.7462500E+03 -2.697E-02 -2.883E-02  1.975E-02
  1.7467500E+03 -1.783E-02  1.065E-02 -6.920E-02
  1.7472500E+03  1.722E-02  1.667E-02 -9.473E-03
  1.7477500E+03  1.221E-02  6.651E-03  4.416E-03
  1.7482500E+03  4.151E-02  2.632E-02  2.254E-02
  1.7487500E+03 -6.703E-02 -5.256E-02 -5.283E-03
  1.7492500E+03 -5.973E-02 -4.821E-02 -1.583E-03
  1.7497500E+03 -7.692E-03  2.950E-04 -2.674E-02
  1.7502500E+03 -3.428E-02 -2.103E-02 -2.174E-02
  1.7507500E+03 -1.401E-02 -2.713E-02  4.315E-02
  1.7512500E+03 -2.337E-03 -3.166E-02  8.131E-02
  1.7517500E+03  2.257E-02  3.342E-02 -2.653E-02
  1.7522500E+03 -2.137E-02 -1.368E-02 -1.465E-02
  1.7527500E+03 -3.660E-02 -2.460E-02 -1.742E-02
  1.7532500E+03  5.337E-03 -8.153E-03  2.732E-02
  1.7537500E+03 -1.535E-02 -1.521E-02  3.443E-04
  1.7542500E+03  2.251E-02  1.594E-02 -1.719E-02
  1.7547500E+03 -2.221E-02 -1.452E-02 -4.291E-04
  1.7552500E+03 -2.927E-02  2.396E-02 -1.390E-01
  1.7557500E+03 -1.395E-01 -9.918E-02 -7.984E-02
  1.7562500E+03 -9.126E-02 -8.237E-02  1.761E-02
  1.7567500E+03 -8.874E-02 -4.650E-02 -5.902E-02
  1.7572500E+03 -1.253E-02  1.970E-02 -8.775E-02
  1.7577500E+03 -3.827E-01 -2.113E-01 -2.940E-01
  1.7582500E+03 -3.876E-01 -2.878E-01 -7.319E-02
  1.7587500E+03 -6.108E-01 -3.664E-01 -3.512E-01
  1.7592500E+03 -1.028E+00 -5.991E-01 -6.576E-01
  1.7597500E+03 -1.817E+00 -1.164E+00 -8.153E-01
  1.7602500E+03 -3.186E+00 -1.946E+00 -1.717E+00
  1.7607500E+03 -4.913E+00 -2.927E+00 -2.888E+00
  1.7612500E+03 -8.761E+00 -5.298E+00 -4.833E+00
  1.7617500E+03 -1.526E+01 -9.238E+00 -8.381E+00
  1.7622500E+03 -2.380E+01 -1.433E+01 -1.331E+01
  1.7627500E+03 -3.494E+01 -2.105E+01 -1.942E+01
  1.7632500E+03 -4.746E+01 -2.857E+01 -2.645E+01
  1.7637500E+03 -6.019E+01 -3.644E+01 -3.286E+01
  1.7642500E+03 -7.118E+01 -4.277E+01 -3.973E+01
  1.7647500E+03 -7.549E+01 -4.539E+01 -4.200E+01
  1.7652500E+03 -7.619E+01 -4.544E+01 -4.339E+01
  1.7657500E+03 -6.975E+01 -4.236E+01 -3.746E+01
  1.7662500E+03 -5.938E+01 -3.564E+01 -3.301E+01
  1.7667500E+03 -4.375E+01 -2.628E+01 -2.425E+01
  1.7672500E+03 -2.745E+01 -1.660E+01 -1.489E+01
  1.7677500E+03 -1.122E+01 -6.519E+00 -6.867E+00
  1.7682500E+03 -1.037E+00 -4.722E-01 -1.004E+00
  1.7687500E+03  4.468E+00  2.733E+00  2.293E+00
  1.7692500E+03  6.775E+00  3.936E+00  4.098E+00
  1.7697500E+03  7.099E+00  4.227E+00  4.002E+00
  1.7702500E+03  6.249E+00  3.854E+00  3.095E+00
  1.7707500E+03  6.116E+00  3.669E+00  3.393E+00
  1.7712500E+03  5.116E+00  2.913E+00  3.227E+00
  1.7717500E+03  5.004E+00  2.988E+00  2.785E+00
  1.7722500E+03  4.592E+00  2.850E+00  2.239E+00
  1.7727500E+03  4.668E+00  2.930E+00  2.171E+00
  1.7732500E+03  4.728E+00  2.803E+00  2.674E+00
  1.7737500E+03  4.370E+00  2.634E+00  2.375E+00
  1.7742500E+03  4.078E+00  2.605E+00  1.796E+00
  1.7747500E+03  4.376E+00  2.678E+00  2.229E+00
  1.7752500E+03  4.177E+00  2.497E+00  2.315E+00
  1.7757500E+03  3.683E+00  2.332E+00  1.693E+00
  1.7762500E+03  3.729E+00  2.352E+00  1.739E+00
  1.7767500E+03  4.003E+00  2.395E+00  2.227E+00
  1.7772500E+03  3.299E+00  2.037E+00  1.660E+00
  1.7777500E+03  3.679E+00  2.244E+00  1.937E+00
  1.7782500E+03  3.373E+00  1.879E+00  2.269E+00
  1.7787500E+03  3.301E+00  2.002E+00  1.746E+00
  1.7792500E+03  3.448E+00  2.097E+00  1.812E+00
  1.7797500E+03  3.416E+00  2.121E+00  1.684E+00
  1.7802500E+03  3.118E+00  1.960E+00  1.466E+00
  1.7807500E+03  3.215E+00  1.856E+00  1.986E+00
  1.7812500E+03  3.416E+00  2.066E+00  1.841E+00
  1.7817500E+03  2.851E+00  1.653E+00  1.695E+00
  1.7822500E+03  3.203E+00  2.009E+00  1.518E+00
  1.7827500E+03  3.486E+00  2.182E+00  1.643E+00
  1.7832500E+03  2.868E+00  1.740E+00  1.546E+00
  1.7837500E+03  3.190E+00  1.849E+00  1.945E+00
  1.7842500E+03  2.657E+00  1.625E+00  1.406E+00
  1.7847500E+03  3.087E+00  1.882E+00  1.588E+00
  1.7852500E+03  3.105E+00  1.948E+00  1.474E+00
  1.7857500E+03  2.820E+00  1.781E+00  1.258E+00
  1.7862500E+03  2.770E+00  1.717E+00  1.372E+00
  1.7867500E+03  2.758E+00  1.812E+00  1.074E+00
  1.7872500E+03  2.489E+00  1.528E+00  1.295E+00
  1.7877500E+03  2.704E+00  1.593E+00  1.577E+00
  1.7882500E+03  2.596E+00  1.518E+00  1.555E+00
  1.7887500E+03  2.812E+00  1.689E+00  1.548E+00
  1.7892500E+03  2.795E+00  1.787E+00  1.274E+00
  1.7897500E+03  2.465E+00  1.578E+00  1.049E+00
  1.7902500E+03  2.645E+00  1.555E+00  1.541E+00
  1.7907500E+03  2.660E+00  1.570E+00  1.566E+00
  1.7912500E+03  2.479E+00  1.470E+00  1.437E+00
  1.7917500E+03  2.508E+00  1.487E+00  1.433E+00
  1.7922500E+03  2.650E+00  1.666E+00  1.222E+00
  1.7927500E+03  2.471E+00  1.443E+00  1.450E+00
  1.7932500E+03  2.361E+00  1.464E+00  1.164E+00
  1.7937500E+03  2.232E+00  1.249E+00  1.482E+00
  1.7942500E+03  2.580E+00  1.591E+00  1.298E+00
  1.7947500E+03  2.630E+00  1.600E+00  1.467E+00
  1.7952500E+03  2.549E+00  1.594E+00  1.236E+00
  1.7957500E+03  2.179E+00  1.304E+00  1.195E+00
  1.7962500E+03  2.087E+00  1.279E+00  1.072E+00
  1.7967500E+03  2.418E+00  1.465E+00  1.300E+00
  1.7972500E+03  2.265E+00  1.345E+00  1.282E+00
  1.7977500E+03  2.448E+00  1.483E+00  1.278E+00
  1.7982500E+03  2.182E+00  1.364E+00  1.040E+00
  1.7987500E+03  2.100E+00  1.297E+00  1.097E+00
  1.7992500E+03  2.145E+00  1.350E+00  1.009E+00
  1.7997500E+03  2.148E+00  1.189E+00  1.459E+00
  1.8002500E+03  2.337E+00  1.455E+00  1.133E+00
  1.8007500E+03  2.086E+00  1.409E+00  7.216E-01
  1.8012500E+03  1.914E+00  1.152E+00  1.060E+00
  1.8017500E+03  2.192E+00  1.313E+00  1.205E+00
  1.8022500E+03  1.996E+00  1.236E+00  9.997E-01
  1.8027500E+03  2.198E+00  1.316E+00  1.225E+00
  1.8032500E+03  2.188E+00  1.337E+00  1.180E+00
  1.8037500E+03  1.993E+00  1.173E+00  1.148E+00
  1.8042500E+03  2.120E+00  1.247E+00  1.212E+00
  1.8047500E+03  1.888E+00  1.165E+00  9.629E-01
  1.8052500E+03  2.206E+00  1.425E+00  9.081E-01
  1.8057500E+03  2.060E+00  1.291E+00  1.004E+00
  1.8062500E+03  1.805E+00  1.045E+00  1.110E+00
  1.8067500E+03  1.938E+00  1.158E+00  1.090E+00
  1.8072500E+03  1.795E+00  1.101E+00  8.688E-01
  1.8077500E+03  2.061E+00  1.271E+00  1.099E+00
  1.8082500E+03  1.911E+00  1.160E+00  1.042E+00
  1.8087500E+03  1.929E+00  1.170E+00  1.057E+00
  1.8092500E+03  1.855E+00  1.097E+00  1.095E+00
  1.8097500E+03  1.759E+00  1.066E+00  9.510E-01
  1.8102500E+03  1.699E+00  9.542E-01  1.109E+00
  1.8107500E+03  1.839E+00  1.088E+00  1.067E+00
  1.8112500E+03  1.705E+00  1.051E+00  8.833E-01
  1.8117500E+03  1.705E+00  9.580E-01  1.129E+00
  1.8122500E+03  1.748E+00  1.073E+00  8.948E-01
  1.8127500E+03  1.770E+00  1.092E+00  8.820E-01
  1.8132500E+03  1.940E+00  1.214E+00  9.576E-01
  1.8137500E+03  1.613E+00  1.003E+00  7.671E-01
  1.8142500E+03  1.793E+00  1.143E+00  7.741E-01
  1.8147500E+03  1.640E+00  9.721E-01  8.950E-01
  1.8152500E+03  1.787E+00  1.099E+00  9.075E-01
  1.8157500E+03  1.767E+00  1.041E+00  1.066E+00
  1.8162500E+03  1.588E+00  9.691E-01  7.829E-01
  1.8167500E+03  1.584E+00  9.416E-01  9.011E-01
  1.8172500E+03  1.736E+00  1.012E+00  1.050E+00
  1.8177500E+03  1.820E+00  1.102E+00  9.900E-01
  1.8182500E+03  1.572E+00  9.500E-01  8.914E-01
  1.8187500E+03  1.662E+00  1.016E+00  8.761E-01
  1.8192500E+03  1.797E+00  1.089E+00  9.906E-01
  1.8197500E+03  1.629E+00  1.000E+00  8.386E-01
  1.8202500E+03  1.582E+00  9.748E-01  8.195E-01
  1.8207500E+03  1.482E+00  9.331E-01  7.438E-01
  1.8212500E+03  1.668E+00  1.045E+00  8.382E-01
  1.8217500E+03  1.832E+00  1.127E+00  9.578E-01
  1.8222500E+03  1.575E+00  9.387E-01  8.295E-01
  1.8227500E+03  1.478E+00  8.707E-01  8.424E-01
  1.8232500E+03  1.389E+00  8.219E-01  8.328E-01
  1.8237500E+03  1.604E+00  8.802E-01  1.032E+00
  1.8242500E+03  1.553E+00  9.231E-01  9.114E-01
  1.8247500E+03  1.681E+00  1.071E+00  7.720E-01
  1.8252500E+03  1.492E+00  9.195E-01  7.757E-01
  1.8257500E+03  1.675E+00  9.849E-01  9.756E-01
  1.8262500E+03  1.360E+00  8.270E-01  7.349E-01
  1.8267500E+03  1.395E+00  8.464E-01  7.507E-01
  1.8272500E+03  1.552E+00  9.189E-01  8.792E-01
  1.8277500E+03  1.366E+00  7.759E-01  8.745E-01
  1.8282500E+03  1.446E+00  8.811E-01  7.494E-01
  1.8287500E+03  1.488E+00  8.577E-01  9.531E-01
  1.8292500E+03  1.504E+00  8.821E-01  8.789E-01
  1.8297500E+03  1.349E+00  8.000E-01  7.908E-01
  1.8302500E+03  1.285E+00  7.373E-01  7.801E-01
  1.8307500E+03  1.435E+00  8.371E-01  8.560E-01
  1.8312500E+03  1.394E+00  8.229E-01  8.114E-01
  1.8317500E+03  1.301E+00  7.923E-01  6.903E-01
  1.8322500E+03  1.516E+00  9.372E-01  7.916E-01
  1.8327500E+03  1.280E+00  7.425E-01  8.020E-01
  1.8332500E+03  1.364E+00  7.954E-01  7.823E-01
  1.8337500E+03  1.353E+00  8.483E-01  6.465E-01
  1.8342500E+03  1.414E+00  8.879E-01  7.339E-01
  1.8347500E+03  1.225E+00  7.399E-01  6.601E-01
  1.8352500E+03  1.271E+00  7.293E-01  7.834E-01
  1.8357500E+03  1.275E+00  7.733E-01  7.148E-01
  1.8362500E+03  1.285E+00  7.496E-01  7.948E-01
  1.8367500E+03  1.438E+00  8.842E-01  7.501E-01
  1.8372500E+03  1.323E+00  7.745E-01  7.652E-01
  1.8377500E+03  1.314E+00  8.108E-01  7.080E-01
  1.8382500E+03  1.260E+00  7.426E-01  7.830E-01
  1.8387500E+03  1.263E+00  7.935E-01  6.350E-01
  1.8392500E+03  1.321E+00  8.399E-01  5.638E-01
  1.8397500E+03  1.241E+00  7.488E-01  7.217E-01
  1.8402500E+03  1.227E+00  7.241E-01  7.184E-01
  1.8407500E+03  1.155E+00  7.370E-01  5.321E-01
  1.8412500E+03  1.261E+00  7.707E-01  6.711E-01
  1.8417500E+03  1.057E+00  6.033E-01  6.488E-01
  1.8422500E+03  1.194E+00  7.454E-01  5.928E-01
  1.8427500E+03  1.309E+00  7.897E-01  7.223E-01
  1.8432500E+03  1.250E+00  7.944E-01  5.608E-01
  1.8437500E+03  1.250E+00  7.644E-01  6.508E-01
  1.8442500E+03  1.106E+00  6.792E-01  5.791E-01
  1.8447500E+03  1.155E+00  6.635E-01  7.228E-01
  1.8452500E+03  1.133E+00  6.805E-01  6.364E-01
  1.8457500E+03  1.209E+00  6.843E-01  7.940E-01
  1.8462500E+03  1.182E+00  7.100E-01  6.353E-01
  1.8467500E+03  1.212E+00  6.969E-01  7.258E-01
  1.8472500E+03  1.130E+00  7.117E-01  5.447E-01
  1.8477500E+03  1.148E+00  7.429E-01  5.443E-01
  1.8482500E+03  1.170E+00  7.073E-01  6.339E-01
  1.8487500E+03  1.185E+00  6.909E-01  7.561E-01
  1.8492500E+03  1.131E+00  6.323E-01  7.824E-01
  1.8497500E+03  1.114E+00  6.757E-01  6.074E-01
  1.8502500E+03  1.099E+00  6.816E-01  5.699E-01
  1.8507500E+03  1.036E+00  6.653E-01  4.485E-01
  1.8512500E+03  1.041E+00  6.503E-01  4.580E-01
  1.8517500E+03  1.029E+00  5.710E-01  7.047E-01
  1.8522500E+03  9.796E-01  5.419E-01  6.725E-01
  1.8527500E+03  1.052E+00  6.149E-01  6.169E-01
  1.8532500E+03  1.191E+00  6.763E-01  7.460E-01
  1.8537500E+03  1.111E+00  6.943E-01  5.584E-01
  1.8542500E+03  1.061E+00  5.962E-01  7.108E-01
  1.8547500E+03  1.021E+00  5.902E-01  6.293E-01
  1.8552500E+03  1.119E+00  6.747E-01  6.453E-01
  1.8557500E+03  1.095E+00  6.474E-01  6.732E-01
  1.8562500E+03  1.038E+00  6.324E-01  5.691E-01
  1.8567500E+03  1.032E+00  6.166E-01  6.038E-01
  1.8572500E+03  1.010E+00  6.046E-01  5.862E-01
  1.8577500E+03  8.935E-01  4.917E-01  6.179E-01
  1.8582500E+03  1.012E+00  6.257E-01  4.797E-01
  1.8587500E+03  9.588E-01  5.905E-01  4.803E-01
  1.8592500E+03  1.043E+00  6.212E-01  6.012E-01
  1.8597500E+03  9.752E-01  5.590E-01  6.441E-01
  1.8602500E+03  9.574E-01  5.814E-01  4.976E-01
  1.8607500E+03  9.798E-01  5.960E-01  5.435E-01
  1.8612500E+03  1.069E+00  6.538E-01  5.370E-01
  1.8617500E+03  1.038E+00  6.807E-01  4.478E-01
  1.8622500E+03  1.086E+00  7.019E-01  5.025E-01
  1.8627500E+03  9.679E-01  5.964E-01  5.116E-01
  1.8632500E+03  9.707E-01  5.707E-01  5.783E-01
  1.8637500E+03  1.020E+00  6.319E-01  5.047E-01
  1.8642500E+03  9.759E-01  5.956E-01  5.789E-01
  1.8647500E+03  8.647E-01  5.312E-01  4.585E-01
  1.8652500E+03  9.462E-01  5.458E-01  5.716E-01
  1.8657500E+03  1.030E+00  6.120E-01  5.842E-01
  1.8662500E+03  1.016E+00  6.141E-01  5.463E-01
  1.8667500E+03  8.908E-01  4.986E-01  5.853E-01
  1.8672500E+03  9.151E-01  5.263E-01  5.344E-01
  1.8677500E+03  8.960E-01  5.251E-01  5.571E-01
  1.8682500E+03  9.647E-01  5.781E-01  5.617E-01
  1.8687500E+03  9.084E-01  5.576E-01  4.593E-01
  1.8692500E+03  8.144E-01  4.620E-01  5.388E-01
  1.8697500E+03  9.960E-01  6.048E-01  5.394E-01
  1.8702500E+03  9.210E-01  5.888E-01  4.281E-01
  1.8707500E+03  8.682E-01  5.117E-01  4.867E-01
  1.8712500E+03  9.272E-01  5.408E-01  5.557E-01
  1.8717500E+03  9.192E-01  5.845E-01  4.459E-01
  1.8722500E+03  8.081E-01  4.804E-01  4.534E-01
  1.8727500E+03  8.704E-01  5.450E-01  4.449E-01
  1.8732500E+03  8.313E-01  5.075E-01  4.462E-01
  1.8737500E+03  9.514E-01  6.071E-01  5.027E-01
  1.8742500E+03  7.999E-01  4.951E-01  3.982E-01
  1.8747500E+03  8.377E-01  5.015E-01  4.185E-01
  1.8752500E+03  9.660E-01  5.915E-01  4.378E-01
  1.8757500E+03  8.568E-01  5.205E-01  4.530E-01
  1.8762500E+03  8.935E-01  5.501E-01  5.065E-01
  1.8767500E+03  8.534E-01  5.295E-01  4.447E-01
  1.8772500E+03  8.083E-01  4.522E-01  5.274E-01
  1.8777500E+03  8.311E-01  5.043E-01  4.378E-01
  1.8782500E+03  8.977E-01  5.156E-01  5.663E-01
  1.8787500E+03  7.964E-01  4.877E-01  4.479E-01
  1.8792500E+03  8.371E-01  4.771E-01  5.148E-01
  1.8797500E+03  8.215E-01  4.472E-01  5.665E-01
  1.8802500E+03  8.625E-01  5.079E-01  5.200E-01
  1.8807500E+03  6.757E-01  4.010E-01  3.758E-01
  1.8812500E+03  7.781E-01  4.736E-01  4.008E-01
  1.8817500E+03  8.749E-01  5.416E-01  4.737E-01
  1.8822500E+03  8.553E-01  5.114E-01  5.166E-01
  1.8827500E+03  8.587E-01  5.682E-01  3.812E-01
  1.8832500E+03  7.503E-01  4.340E-01  4.215E-01
  1.8837500E+03  7.926E-01  4.559E-01  4.704E-01
  1.8842500E+03  7.917E-01  5.102E-01  3.674E-01
  1.8847500E+03  7.749E-01  4.575E-01  4.673E-01
  1.8852500E+03  7.400E-01  4.220E-01  4.984E-01
  1.8857500E+03  8.670E-01  5.223E-01  4.782E-01
  1.8862500E+03  7.149E-01  3.891E-01  5.013E-01
  1.8867500E+03  7.500E-01  4.524E-01  3.899E-01
  1.8872500E+03  7.113E-01  4.084E-01  4.620E-01
  1.8877500E+03  6.907E-01  4.042E-01  4.345E-01
  1.8882500E+03  7.649E-01  4.736E-01  3.834E-01
  1.8887500E+03  7.768E-01  4.887E-01  3.528E-01
  1.8892500E+03  7.280E-01  3.988E-01  5.024E-01
  1.8897500E+03  7.332E-01  4.516E-01  3.615E-01
  1.8902500E+03  7.527E-01  4.417E-01  4.464E-01
  1.8907500E+03  8.187E-01  4.945E-01  4.434E-01
  1.8912500E+03  8.176E-01  4.940E-01  4.421E-01
  1.8917500E+03  6.145E-01  3.562E-01  4.205E-01
  1.8922500E+03  6.754E-01  4.073E-01  3.645E-01
  1.8927500E+03  6.645E-01  3.816E-01  4.475E-01
  1.8932500E+03  6.248E-01  3.863E-01  3.478E-01
  1.8937500E+03  7.255E-01  4.290E-01  4.188E-01
  1.8942500E+03  7.341E-01  4.423E-01  4.077E-01
  1.8947500E+03  7.046E-01  3.980E-01  4.429E-01
  1.8952500E+03  7.405E-01  4.281E-01  4.533E-01
  1.8957500E+03  6.651E-01  3.994E-01  3.989E-01
  1.8962500E+03  6.868E-01  4.010E-01  3.895E-01
  1.8967500E+03  7.035E-01  4.442E-01  3.311E-01
  1.8972500E+03  6.782E-01  4.040E-01  3.734E-01
  1.8977500E+03  6.605E-01  3.846E-01  4.074E-01
  1.8982500E+03  6.775E-01  4.099E-01  3.871E-01
  1.8987500E+03  6.598E-01  3.790E-01  4.083E-01
  1.8992500E+03  6.829E-01  3.920E-01  4.399E-01
  1.8997500E+03  6.714E-01  3.861E-01  4.374E-01
  1.9002500E+03  6.235E-01  4.006E-01  2.839E-01
  1.9007500E+03  6.794E-01  4.203E-01  3.377E-01
  1.9012500E+03  6.539E-01  4.335E-01  2.534E-01
  1.9017500E+03  6.863E-01  4.142E-01  3.936E-01
  1.9022500E+03  6.112E-01  3.769E-01  2.879E-01
  1.9027500E+03  6.576E-01  3.883E-01  3.918E-01
  1.9032500E+03  6.989E-01  4.261E-01  4.065E-01
  1.9037500E+03  6.482E-01  3.518E-01  4.666E-01
  1.9042500E+03  6.818E-01  3.873E-01  4.552E-01
  1.9047500E+03  5.635E-01  3.602E-01  2.800E-01
  1.9052500E+03  6.352E-01  4.123E-01  2.437E-01
  1.9057500E+03  6.392E-01  3.866E-01  3.551E-01
  1.9062500E+03  6.544E-01  3.796E-01  3.913E-01
  1.9067500E+03  7.137E-01  4.372E-01  3.781E-01
  1.9072500E+03  6.234E-01  3.858E-01  3.365E-01
  1.9077500E+03  5.718E-01  3.500E-01  3.161E-01
  1.9082500E+03  6.358E-01  3.761E-01  3.780E-01
  1.9087500E+03  6.559E-01  3.854E-01  3.807E-01
  1.9092500E+03  6.158E-01  3.893E-01  2.882E-01
  1.9097500E+03  5.625E-01  3.666E-01  2.329E-01
  1.9102500E+03  6.033E-01  3.238E-01  4.522E-01
  1.9107500E+03  5.859E-01  3.481E-01  3.708E-01
  1.9112500E+03  5.836E-01  3.221E-01  3.984E-01
  1.9117500E+03  5.871E-01  3.484E-01  3.618E-01
  1.9122500E+03  6.269E-01  4.066E-01  2.846E-01
  1.9127500E+03  6.280E-01  3.626E-01  3.662E-01
  1.9132500E+03  5.925E-01  3.362E-01  3.661E-01
  1.9137500E+03  5.861E-01  3.367E-01  3.697E-01
  1.9142500E+03  6.544E-01  4.054E-01  3.375E-01
  1.9147500E+03  5.282E-01  3.181E-01  2.979E-01
  1.9152500E+03  5.565E-01  3.093E-01  3.688E-01
  1.9157500E+03  5.354E-01  2.761E-01  4.216E-01
  1.9162500E+03  6.126E-01  3.432E-01  4.051E-01
  1.9167500E+03  5.686E-01  3.561E-01  2.920E-01
  1.9172500E+03  6.049E-01  4.000E-01  2.700E-01
  1.9177500E+03  5.866E-01  3.414E-01  3.464E-01
  1.9182500E+03  5.921E-01  3.477E-01  3.632E-01
  1.9187500E+03  6.753E-01  4.397E-01  2.860E-01
  1.9192500E+03  5.873E-01  3.657E-01  2.854E-01
  1.9197500E+03  5.673E-01  3.408E-01  3.216E-01
  1.9202500E+03  5.653E-01  3.300E-01  3.453E-01
  1.9207500E+03  5.696E-01  3.262E-01  3.502E-01
  1.9212500E+03  5.511E-01  3.541E-01  2.689E-01
  1.9217500E+03  5.217E-01  2.851E-01  3.719E-01
  1.9222500E+03  4.964E-01  2.351E-01  4.070E-01
  1.9227500E+03  5.404E-01  3.070E-01  3.414E-01
  1.9232500E+03  5.675E-01  3.529E-01  3.018E-01
  1.9237500E+03  5.082E-01  3.287E-01  2.593E-01
  1.9242500E+03  4.918E-01  3.099E-01  2.796E-01
  1.9247500E+03  5.943E-01  3.781E-01  2.436E-01
  1.9252500E+03  5.067E-01  2.997E-01  3.112E-01
  1.9257500E+03  5.678E-01  3.096E-01  4.064E-01
  1.9262500E+03  6.152E-01  3.747E-01  3.335E-01
  1.9267500E+03  5.723E-01  3.363E-01  3.381E-01
  1.9272500E+03  5.374E-01  2.851E-01  3.869E-01
  1.9277500E+03  4.458E-01  2.699E-01  2.579E-01
  1.9282500E+03  5.204E-01  3.316E-01  2.049E-01
  1.9287500E+03  5.480E-01  2.929E-01  4.300E-01
  1.9292500E+03  5.190E-01  3.196E-01  2.896E-01
  1.9297500E+03  5.056E-01  3.267E-01  2.570E-01
  1.9302500E+03  5.657E-01  2.980E-01  3.910E-01
  1.9307500E+03  5.412E-01  3.289E-01  2.927E-01
  1.9312500E+03  5.064E-01  2.973E-01  3.251E-01
  1.9317500E+03  4.739E-01  3.108E-01  2.332E-01
  1.9322500E+03  4.475E-01  2.532E-01  3.066E-01
  1.9327500E+03  4.181E-01  2.245E-01  2.480E-01
  1.9332500E+03  4.690E-01  3.126E-01  1.653E-01
  1.9337500E+03  5.003E-01  2.937E-01  2.965E-01
  1.9342500E+03  4.537E-01  2.533E-01  3.127E-01
  1.9347500E+03  5.321E-01  3.073E-01  3.378E-01
  1.9352500E+03  4.562E-01  2.562E-01  3.007E-01
  1.9357500E+03  4.951E-01  3.046E-01  2.570E-01
  1.9362500E+03  4.650E-01  2.593E-01  2.875E-01
  1.9367500E+03  4.529E-01  2.763E-01  2.355E-01
  1.9372500E+03  4.435E-01  2.694E-01  2.593E-01
  1.9377500E+03  5.078E-01  3.274E-01  2.297E-01
  1.9382500E+03  5.107E-01  2.993E-01  3.350E-01
  1.9387500E+03  4.554E-01  2.796E-01  2.468E-01
  1.9392500E+03  4.647E-01  2.659E-01  2.996E-01
  1.9397500E+03  4.407E-01  2.288E-01  3.172E-01
  1.9402500E+03  3.805E-01  1.991E-01  2.844E-01
  1.9407500E+03  4.919E-01  3.084E-01  2.420E-01
  1.9412500E+03  5.417E-01  3.511E-01  2.488E-01
  1.9417500E+03  4.931E-01  2.996E-01  2.785E-01
  1.9422500E+03  4.597E-01  2.836E-01  2.468E-01
  1.9427500E+03  4.340E-01  2.465E-01  2.759E-01
  1.9432500E+03  5.063E-01  3.567E-01  1.985E-01
  1.9437500E+03  3.429E-01  1.775E-01  2.622E-01
  1.9442500E+03  4.838E-01  3.047E-01  2.310E-01
  1.9447500E+03  4.283E-01  2.732E-01  1.868E-01
  1.9452500E+03  4.309E-01  2.648E-01  2.261E-01
  1.9457500E+03  4.883E-01  3.043E-01  2.492E-01
  1.9462500E+03  5.062E-01  3.018E-01  2.842E-01
  1.9467500E+03  4.007E-01  2.261E-01  2.685E-01
  1.9472500E+03  4.861E-01  2.636E-01  3.088E-01
  1.9477500E+03  4.803E-01  2.551E-01  3.490E-01
  1.9482500E+03  4.091E-01  2.204E-01  2.952E-01
  1.9487500E+03  4.156E-01  2.313E-01  2.747E-01
  1.9492500E+03  4.734E-01  2.823E-01  2.455E-01
  1.9497500E+03  4.414E-01  2.736E-01  2.613E-01
  1.9502500E+03  4.812E-01  2.787E-01  2.571E-01
  1.9507500E+03  4.241E-01  2.611E-01  2.351E-01
  1.9512500E+03  4.161E-01  2.659E-01  1.816E-01
  1.9517500E+03  3.747E-01  2.406E-01  1.796E-01
  1.9522500E+03  3.652E-01  2.332E-01  1.950E-01
  1.9527500E+03  4.140E-01  2.447E-01  2.378E-01
  1.9532500E+03  3.887E-01  2.298E-01  2.257E-01
  1.9537500E+03  3.683E-01  2.110E-01  2.453E-01
  1.9542500E+03  3.955E-01  2.522E-01  1.804E-01
  1.9547500E+03  3.655E-01  2.185E-01  2.219E-01
  1.9552500E+03  3.832E-01  1.989E-01  2.963E-01
  1.9557500E+03  3.949E-01  2.167E-01  3.073E-01
  1.9562500E+03  4.476E-01  2.984E-01  2.156E-01
  1.9567500E+03  4.035E-01  2.540E-01  2.213E-01
  1.9572500E+03  4.050E-01  2.377E-01  2.256E-01
  1.9577500E+03  4.052E-01  2.492E-01  2.023E-01
  1.9582500E+03  4.284E-01  2.472E-01  2.659E-01
  1.9587500E+03  4.199E-01  2.363E-01  2.750E-01
  1.9592500E+03  4.116E-01  2.370E-01  2.618E-01
  1.9597500E+03  3.668E-01  2.153E-01  2.437E-01
  1.9602500E+03  4.615E-01  2.307E-01  2.930E-01
  1.9607500E+03  3.722E-01  2.522E-01  2.090E-01
  1.9612500E+03  4.295E-01  2.724E-01  2.105E-01
  1.9617500E+03  3.887E-01  2.241E-01  2.411E-01
  1.9622500E+03  3.982E-01  2.420E-01  1.813E-01
  1.9627500E+03  3.483E-01  1.833E-01  2.153E-01
  1.9632500E+03  3.457E-01  2.111E-01  1.922E-01
  1.9637500E+03  3.540E-01  1.881E-01  2.524E-01
  1.9642500E+03  3.350E-01  1.894E-01  2.161E-01
  1.9647500E+03  3.539E-01  2.386E-01  1.445E-01
  1.9652500E+03  3.743E-01  2.293E-01  1.856E-01
  1.9657500E+03  3.731E-01  2.088E-01  2.397E-01
  1.9662500E+03  3.804E-01  2.365E-01  1.971E-01
  1.9667500E+03  3.946E-01  2.355E-01  2.206E-01
  1.9672500E+03  3.518E-01  2.118E-01  2.160E-01
  1.9677500E+03  4.088E-01  2.139E-01  3.021E-01
  1.9682500E+03  3.250E-01  1.891E-01  2.082E-01
  1.9687500E+03  3.877E-01  2.517E-01  1.597E-01
  1.9692500E+03  3.333E-01  1.974E-01  1.856E-01
  1.9697500E+03  3.732E-01  2.340E-01  1.736E-01
  1.9702500E+03  3.881E-01  2.327E-01  2.232E-01
  1.9707500E+03  3.967E-01  2.437E-01  2.214E-01
  1.9712500E+03  3.830E-01  2.153E-01  2.311E-01
  1.9717500E+03  3.386E-01  1.898E-01  2.245E-01
  1.9722500E+03  3.773E-01  2.415E-01  1.620E-01
  1.9727500E+03  3.417E-01  2.020E-01  2.184E-01
  1.9732500E+03  3.307E-01  1.936E-01  2.055E-01
  1.9737500E+03  4.303E-01  2.603E-01  2.019E-01
  1.9742500E+03  3.168E-01  1.962E-01  1.889E-01
  1.9747500E+03  3.686E-01  2.094E-01  2.616E-01
  1.9752500E+03  3.266E-01  1.994E-01  1.846E-01
  1.9757500E+03  4.157E-01  2.266E-01  2.579E-01
  1.9762500E+03  3.307E-01  1.788E-01  2.153E-01
  1.9767500E+03  3.728E-01  2.465E-01  1.730E-01
  1.9772500E+03  4.072E-01  2.380E-01  2.439E-01
  1.9777500E+03  3.613E-01  2.169E-01  2.022E-01
  1.9782500E+03  3.418E-01  2.135E-01  1.881E-01
  1.9787500E+03  2.932E-01  1.657E-01  1.761E-01
  1.9792500E+03  3.077E-01  1.729E-01  2.173E-01
  1.9797500E+03  3.146E-01  1.788E-01  2.120E-01
  1.9802500E+03  3.455E-01  2.103E-01  1.982E-01
  1.9807500E+03  3.795E-01  2.406E-01  1.985E-01
  1.9812500E+03  3.388E-01  1.871E-01  2.420E-01
  1.9817500E+03  3.050E-01  1.667E-01  2.086E-01
  1.9822500E+03  2.896E-01  1.656E-01  1.600E-01
  1.9827500E+03  3.011E-01  1.768E-01  1.917E-01
  1.9832500E+03  3.247E-01  2.043E-01  2.002E-01
  1.9837500E+03  3.310E-01  2.041E-01  1.863E-01
  1.9842500E+03  3.433E-01  2.124E-01  1.632E-01
  1.9847500E+03  3.788E-01  2.444E-01  1.435E-01
  1.9852500E+03  3.381E-01  2.015E-01  1.921E-01
  1.9857500E+03  2.852E-01  1.376E-01  2.186E-01
  1.9862500E+03  3.492E-01  1.952E-01  2.202E-01
  1.9867500E+03  3.331E-01  2.016E-01  1.956E-01
  1.9872500E+03  3.680E-01  2.229E-01  1.909E-01
  1.9877500E+03  2.942E-01  1.816E-01  1.496E-01
  1.9882500E+03  2.682E-01  1.675E-01  1.146E-01
  1.9887500E+03  3.336E-01  1.921E-01  2.158E-01
  1.9892500E+03  3.194E-01  1.777E-01  2.036E-01
  1.9897500E+03  2.676E-01  1.546E-01  1.747E-01
  1.9902500E+03  2.773E-01  1.723E-01  1.714E-01
  1.9907500E+03  2.587E-01  1.572E-01  1.746E-01
  1.9912500E+03  3.509E-01  1.992E-01  2.297E-01
  1.9917500E+03  2.872E-01  1.530E-01  2.345E-01
  1.9922500E+03  3.049E-01  1.905E-01  1.656E-01
  1.9927500E+03  3.297E-01  2.011E-01  1.739E-01
  1.9932500E+03  3.077E-01  1.846E-01  1.320E-01
  1.9937500E+03  2.943E-01  1.731E-01  1.707E-01
  1.9942500E+03  2.969E-01  1.789E-01  1.709E-01
  1.9947500E+03  3.356E-01  1.918E-01  2.374E-01
  1.9952500E+03  3.688E-01  2.426E-01  1.540E-01
  1.9957500E+03  2.844E-01  1.654E-01  1.526E-01
  1.9962500E+03  2.856E-01  1.682E-01  1.559E-01
  1.9967500E+03  2.995E-01  1.628E-01  1.953E-01
  1.9972500E+03  2.695E-01  1.594E-01  1.505E-01
  1.9977500E+03  2.690E-01  1.533E-01  1.734E-01
  1.9982500E+03  2.722E-01  1.587E-01  1.657E-01
  1.9987500E+03  3.203E-01  2.053E-01  1.313E-01
  1.9992500E+03  2.737E-01  1.679E-01  1.657E-01
  1.9997500E+03  3.150E-01  1.804E-01  1.866E-01
  2.0002500E+03  2.950E-01  1.827E-01  1.197E-01
  2.0007500E+03  2.444E-01  1.392E-01  1.495E-01
  2.0012500E+03  3.339E-01  1.990E-01  1.964E-01
  2.0017500E+03  2.546E-01  1.565E-01  1.311E-01
  2.0022500E+03  2.483E-01  1.624E-01  1.214E-01
  2.0027500E+03  2.596E-01  1.670E-01  1.457E-01
  2.0032500E+03  2.699E-01  1.465E-01  1.747E-01
  2.0037500E+03  2.842E-01  1.757E-01  1.150E-01
  2.0042500E+03  2.315E-01  1.393E-01  1.427E-01
  2.0047500E+03  2.574E-01  1.706E-01  1.358E-01
  2.0052500E+03  3.139E-01  2.076E-01  1.262E-01
  2.0057500E+03  2.560E-01  1.350E-01  1.981E-01
  2.0062500E+03  3.305E-01  1.799E-01  2.383E-01
  2.0067500E+03  2.516E-01  1.561E-01  1.549E-01
  2.0072500E+03  2.722E-01  1.722E-01  1.336E-01
  2.0077500E+03  2.820E-01  1.856E-01  1.258E-01
  2.0082500E+03  2.848E-01  1.763E-01  1.476E-01
  2.0087500E+03  2.724E-01  1.568E-01  2.015E-01
  2.0092500E+03  2.770E-01  1.741E-01  1.435E-01
  2.0097500E+03  2.708E-01  1.304E-01  2.300E-01
  2.0102500E+03  3.299E-01  1.864E-01  1.949E-01
  2.0107500E+03  2.372E-01  1.347E-01  1.774E-01
  2.0112500E+03  2.625E-01  1.334E-01  2.042E-01
  2.0117500E+03  1.914E-01  1.049E-01  1.675E-01
  2.0122500E+03  2.611E-01  1.630E-01  1.143E-01
  2.0127500E+03  2.820E-01  1.536E-01  1.971E-01
  2.0132500E+03  3.336E-01  1.887E-01  1.995E-01
  2.0137500E+03  2.545E-01  1.644E-01  1.093E-01
  2.0142500E+03  2.479E-01  1.452E-01  1.520E-01
  2.0147500E+03  2.853E-01  1.767E-01  1.314E-01
  2.0152500E+03  2.576E-01  1.396E-01  1.895E-01
  2.0157500E+03  2.607E-01  1.363E-01  1.999E-01
  2.0162500E+03  2.672E-01  1.467E-01  2.096E-01
  2.0167500E+03  2.446E-01  1.680E-01  7.129E-02
  2.0172500E+03  2.353E-01  1.452E-01  9.558E-02
  2.0177500E+03  2.148E-01  1.104E-01  1.863E-01
  2.0182500E+03  2.169E-01  1.149E-01  1.708E-01
  2.0187500E+03  2.406E-01  1.349E-01  1.534E-01
  2.0192500E+03  2.648E-01  1.418E-01  1.767E-01
  2.0197500E+03  2.693E-01  1.343E-01  1.841E-01
  2.0202500E+03  2.618E-01  1.639E-01  1.295E-01
  2.0207500E+03  2.322E-01  1.620E-01  8.715E-02
  2.0212500E+03  2.701E-01  1.814E-01  1.304E-01
  2.0217500E+03  2.054E-01  1.302E-01  1.061E-01
  2.0222500E+03  2.317E-01  1.312E-01  1.562E-01
  2.0227500E+03  2.420E-01  1.497E-01  1.505E-01
  2.0232500E+03  2.715E-01  1.946E-01  6.745E-02
  2.0237500E+03  2.279E-01  1.425E-01  1.057E-01
  2.0242500E+03  2.237E-01  1.207E-01  1.691E-01
  2.0247500E+03  1.905E-01  9.072E-02  1.801E-01
  2.0252500E+03  2.210E-01  1.265E-01  1.502E-01
  2.0257500E+03  2.366E-01  1.385E-01  1.455E-01
  2.0262500E+03  2.477E-01  1.316E-01  1.637E-01
  2.0267500E+03  2.451E-01  1.278E-01  1.700E-01
  2.0272500E+03  2.383E-01  1.677E-01  8.214E-02
  2.0277500E+03  2.059E-01  1.322E-01  1.173E-01
  2.0282500E+03  2.344E-01  1.291E-01  1.696E-01
  2.0287500E+03  2.517E-01  1.489E-01  1.539E-01
  2.0292500E+03  2.598E-01  1.809E-01  7.558E-02
  2.0297500E+03  2.302E-01  1.666E-01  4.118E-02
  2.0302500E+03  2.381E-01  1.237E-01  1.911E-01
  2.0307500E+03  2.126E-01  1.152E-01  1.437E-01
  2.0312500E+03  2.625E-01  1.454E-01  1.659E-01
  2.0317500E+03  2.235E-01  1.294E-01  1.275E-01
  2.0322500E+03  1.805E-01  9.072E-02  1.404E-01
  2.0327500E+03  2.054E-01  1.213E-01  1.165E-01
  2.0332500E+03  2.497E-01  1.570E-01  1.320E-01
  2.0337500E+03  2.239E-01  1.383E-01  1.292E-01
  2.0342500E+03  1.615E-01  7.650E-02  1.479E-01
  2.0347500E+03  1.874E-01  1.031E-01  1.341E-01
  2.0352500E+03  2.198E-01  1.294E-01  1.275E-01
  2.0357500E+03  2.222E-01  1.260E-01  1.315E-01
  2.0362500E+03  2.294E-01  1.488E-01  1.146E-01
  2.0367500E+03  2.468E-01  1.370E-01  1.586E-01
  2.0372500E+03  2.278E-01  1.326E-01  1.437E-01
  2.0377500E+03  1.811E-01  9.615E-02  1.441E-01
  2.0382500E+03  2.107E-01  1.071E-01  1.699E-01
  2.0387500E+03  2.188E-01  1.278E-01  1.249E-01
  2.0392500E+03  2.159E-01  1.172E-01  1.321E-01
  2.0397500E+03  2.009E-01  1.183E-01  9.848E-02
  2.0402500E+03  1.912E-01  1.223E-01  8.644E-02
  2.0407500E+03  2.606E-01  1.789E-01  1.286E-01
  2.0412500E+03  2.878E-01  1.957E-01  1.376E-01
  2.0417500E+03  2.127E-01  1.229E-01  1.169E-01
  2.0422500E+03  1.862E-01  1.078E-01  1.353E-01
  2.0427500E+03  2.172E-01  1.366E-01  8.797E-02
  2.0432500E+03  2.406E-01  1.483E-01  1.178E-01
  2.0437500E+03  2.270E-01  1.492E-01  9.054E-02
  2.0442500E+03  2.169E-01  1.336E-01  1.187E-01
  2.0447500E+03  1.993E-01  1.243E-01  1.334E-01
  2.0452500E+03  1.754E-01  6.795E-02  1.897E-01
  2.0457500E+03  1.873E-01  8.885E-02  1.440E-01
  2.0462500E+03  1.921E-01  1.104E-01  1.489E-01
  2.0467500E+03  1.779E-01  1.051E-01  1.269E-01
  2.0472500E+03  2.024E-01  1.158E-01  1.146E-01
  2.0477500E+03  2.129E-01  1.167E-01  1.220E-01
  2.0482500E+03  1.640E-01  9.521E-02  7.076E-02
  2.0487500E+03  1.945E-01  1.030E-01  1.381E-01
  2.0492500E+03  1.900E-01  1.293E-01  6.799E-02
  2.0497500E+03  2.144E-01  1.143E-01  1.643E-01
  2.0502500E+03  2.285E-01  1.415E-01  1.053E-01
  2.0507500E+03  2.034E-01  1.182E-01  1.302E-01
  2.0512500E+03  1.823E-01  1.186E-01  1.096E-01
  2.0517500E+03  2.041E-01  1.250E-01  1.291E-01
  2.0522500E+03  2.086E-01  1.199E-01  1.143E-01
  2.0527500E+03  1.847E-01  1.052E-01  1.076E-01
  2.0532500E+03  1.705E-01  9.848E-02  1.149E-01
  2.0537500E+03  2.019E-01  1.219E-01  1.170E-01
  2.0542500E+03  1.970E-01  1.203E-01  8.191E-02
  2.0547500E+03  2.102E-01  1.227E-01  1.236E-01
  2.0552500E+03  1.825E-01  1.175E-01  1.146E-01
  2.0557500E+03  1.803E-01  1.126E-01  8.751E-02
  2.0562500E+03  1.945E-01  1.081E-01  1.254E-01
  2.0567500E+03  1.856E-01  9.643E-02  1.321E-01
  2.0572500E+03  2.067E-01  1.244E-01  9.317E-02
  2.0577500E+03  2.108E-01  1.280E-01  1.374E-01
  2.0582500E+03  1.930E-01  9.828E-02  1.555E-01
  2.0587500E+03  1.690E-01  9.801E-02  9.490E-02
  2.0592500E+03  1.587E-01  8.913E-02  1.041E-01
  2.0597500E+03  2.015E-01  1.202E-01  1.154E-01
  2.0602500E+03  2.072E-01  1.279E-01  1.049E-01
  2.0607500E+03  1.681E-01  9.674E-02  8.893E-02
  2.0612500E+03  2.063E-01  1.155E-01  1.449E-01
  2.0617500E+03  1.813E-01  1.182E-01  1.123E-01
  2.0622500E+03  1.392E-01  8.713E-02  1.058E-01
  2.0627500E+03  1.654E-01  9.130E-02  9.270E-02
  2.0632500E+03  1.767E-01  1.118E-01  5.704E-02
  2.0637500E+03  2.120E-01  1.354E-01  1.055E-01
  2.0642500E+03  1.785E-01  1.198E-01  9.506E-02
  2.0647500E+03  1.395E-01  8.928E-02  6.299E-02
  2.0652500E+03  1.750E-01  1.033E-01  1.103E-01
  2.0657500E+03  1.910E-01  1.083E-01  1.255E-01
  2.0662500E+03  1.925E-01  1.224E-01  1.025E-01
  2.0667500E+03  1.748E-01  9.422E-02  1.401E-01
  2.0672500E+03  2.238E-01  1.170E-01  1.603E-01
  2.0677500E+03  1.934E-01  1.209E-01  1.051E-01
  2.0682500E+03  1.821E-01  1.006E-01  1.010E-01
  2.0687500E+03  1.874E-01  9.938E-02  1.215E-01
  2.0692500E+03  1.620E-01  1.147E-01  7.460E-02
  2.0697500E+03  2.114E-01  1.263E-01  1.234E-01
  2.0702500E+03  1.243E-01  7.805E-02  5.639E-02
  2.0707500E+03  1.338E-01  8.132E-02  8.923E-02
  2.0712500E+03  1.859E-01  1.218E-01  8.412E-02
  2.0717500E+03  1.856E-01  1.055E-01  1.031E-01
  2.0722500E+03  2.122E-01  1.377E-01  1.235E-01
  2.0727500E+03  1.442E-01  8.908E-02  8.415E-02
  2.0732500E+03  1.788E-01  1.016E-01  1.241E-01
  2.0737500E+03  1.620E-01  8.172E-02  1.432E-01
  2.0742500E+03  1.175E-01  7.960E-02  8.888E-02
  2.0747500E+03  1.827E-01  9.954E-02  1.124E-01
  2.0752500E+03  1.621E-01  8.315E-02  1.192E-01
  2.0757500E+03  1.983E-01  9.606E-02  1.331E-01
  2.0762500E+03  1.674E-01  7.745E-02  1.416E-01
  2.0767500E+03  1.781E-01  1.176E-01  8.022E-02
  2.0772500E+03  1.652E-01  1.087E-01  7.812E-02
  2.0777500E+03  1.318E-01  6.954E-02  8.179E-02
  2.0782500E+03  1.369E-01  7.617E-02  9.569E-02
  2.0787500E+03  2.101E-01  1.328E-01  1.192E-01
  2.0792500E+03  1.767E-01  9.317E-02  1.201E-01
  2.0797500E+03  1.639E-01  1.036E-01  6.221E-02
  2.0802500E+03  1.585E-01  9.259E-02  7.530E-02
  2.0807500E+03  1.546E-01  8.873E-02  8.758E-02
  2.0812500E+03  1.330E-01  7.720E-02  9.895E-02
  2.0817500E+03  1.718E-01  9.574E-02  1.076E-01
  2.0822500E+03  1.370E-01  7.910E-02  1.075E-01
  2.0827500E+03  1.498E-01  8.259E-02  9.189E-02
  2.0832500E+03  1.325E-01  6.822E-02  1.085E-01
  2.0837500E+03  1.645E-01  9.648E-02  1.163E-01
  2.0842500E+03  1.627E-01  1.185E-01  5.362E-02
  2.0847500E+03  1.805E-01  1.109E-01  1.009E-01
  2.0852500E+03  1.845E-01  1.107E-01  1.246E-01
  2.0857500E+03  1.804E-01  8.689E-02  9.170E-02
  2.0862500E+03  1.688E-01  8.978E-02  1.060E-01
  2.0867500E+03  1.725E-01  1.057E-01  9.394E-02
  2.0872500E+03  1.507E-01  8.886E-02  8.499E-02
  2.0877500E+03  1.375E-01  7.090E-02  7.424E-02
  2.0882500E+03  1.768E-01  1.276E-01  4.480E-02
  2.0887500E+03  1.630E-01  9.307E-02  9.885E-02
  2.0892500E+03  1.968E-01  1.251E-01  8.999E-02
  2.0897500E+03  1.918E-01  1.107E-01  9.250E-02
  2.0902500E+03  1.310E-01  7.036E-02  9.225E-02
  2.0907500E+03  1.282E-01  8.308E-02  7.606E-02
  2.0912500E+03  1.769E-01  1.213E-01  7.070E-02
  2.0917500E+03  1.687E-01  1.090E-01  1.046E-01
  2.0922500E+03  1.592E-01  8.675E-02  1.247E-01
  2.0927500E+03  1.511E-01  8.954E-02  1.061E-01
  2.0932500E+03  1.643E-01  1.028E-01  8.317E-02
  2.0937500E+03  1.942E-01  9.086E-02  1.317E-01
  2.0942500E+03  1.378E-01  8.191E-02  7.455E-02
  2.0947500E+03  1.580E-01  9.287E-02  8.368E-02
  2.0952500E+03  1.540E-01  9.962E-02  6.926E-02
  2.0957500E+03  1.774E-01  1.050E-01  1.008E-01
  2.0962500E+03  1.606E-01  9.770E-02  9.520E-02
  2.0967500E+03  1.137E-01  5.750E-02  9.838E-02
  2.0972500E+03  9.032E-02  4.972E-02  9.073E-02
  2.0977500E+03  1.459E-01  8.949E-02  8.223E-02
  2.0982500E+03  1.734E-01  1.092E-01  7.182E-02
  2.0987500E+03  1.392E-01  8.135E-02  7.372E-02
  2.0992500E+03  9.248E-02  5.171E-02  9.399E-02
  2.0997500E+03  1.406E-01  9.469E-02  6.841E-02
  2.1002500E+03  1.723E-01  1.072E-01  8.117E-02
  2.1007500E+03  1.779E-01  1.122E-01  7.077E-02
  2.1012500E+03  1.586E-01  1.061E-01  4.591E-02
  2.1017500E+03  1.536E-01  7.068E-02  1.252E-01
  2.1022500E+03  1.085E-01  7.413E-02  7.667E-02
  2.1027500E+03  1.081E-01  8.215E-02  6.907E-02
  2.1032500E+03  1.354E-01  6.370E-02  8.452E-02
  2.1037500E+03  1.313E-01  3.303E-02  1.574E-01
  2.1042500E+03  1.121E-01  7.180E-02  7.685E-02
  2.1047500E+03  1.430E-01  7.841E-02  8.130E-02
  2.1052500E+03  1.168E-01  8.245E-02  4.894E-02
  2.1057500E+03  1.281E-01  7.487E-02  1.032E-01
  2.1062500E+03  1.277E-01  6.261E-02  1.031E-01
  2.1067500E+03  1.633E-01  7.486E-02  7.341E-02
  2.1072500E+03  1.433E-01  9.145E-02  8.532E-02
  2.1077500E+03  1.018E-01  4.836E-02  8.932E-02
  2.1082500E+03  8.798E-02  4.151E-02  9.498E-02
  2.1087500E+03  1.480E-01  9.942E-02  5.679E-02
  2.1092500E+03  1.838E-01  1.112E-01  6.847E-02
  2.1097500E+03  1.421E-01  7.442E-02  8.072E-02
  2.1102500E+03  1.281E-01  7.011E-02  9.381E-02
  2.1107500E+03  1.219E-01  7.062E-02  6.947E-02
  2.1112500E+03  1.291E-01  6.078E-02  9.649E-02
  2.1117500E+03  1.230E-01  7.380E-02  6.679E-02
  2.1122500E+03  1.420E-01  9.670E-02  3.908E-02
  2.1127500E+03  1.316E-01  8.972E-02  7.747E-02
  2.1132500E+03  9.287E-02  5.205E-02  1.057E-01
  2.1137500E+03  1.350E-01  8.310E-02  8.658E-02
  2.1142500E+03  1.574E-01  1.073E-01  5.973E-02
  2.1147500E+03  1.278E-01  8.429E-02  6.211E-02
  2.1152500E+03  8.436E-02  5.242E-02  5.352E-02
  2.1157500E+03  1.041E-01  4.831E-02  1.066E-01
  2.1162500E+03  1.394E-01  9.100E-02  7.578E-02
  2.1167500E+03  1.367E-01  7.580E-02  1.011E-01
  2.1172500E+03  1.140E-01  6.361E-02  9.459E-02
  2.1177500E+03  1.210E-01  7.895E-02  4.180E-02
  2.1182500E+03  1.342E-01  8.147E-02  6.422E-02
  2.1187500E+03  1.506E-01  8.149E-02  9.485E-02
  2.1192500E+03  1.530E-01  9.301E-02  8.387E-02
  2.1197500E+03  1.060E-01  3.733E-02  1.000E-01
  2.1202500E+03  1.022E-01  7.049E-02  5.392E-02
  2.1207500E+03  1.327E-01  1.042E-01  4.020E-02
  2.1212500E+03  1.002E-01  6.513E-02  3.744E-02
  2.1217500E+03  1.533E-01  8.541E-02  5.553E-02
  2.1222500E+03  1.177E-01  6.780E-02  3.557E-02
  2.1227500E+03  1.055E-01  7.208E-02  6.106E-02
  2.1232500E+03  8.732E-02  4.759E-02  5.085E-02
  2.1237500E+03  1.479E-01  1.010E-01  1.005E-01
  2.1242500E+03  1.495E-01  8.129E-02  1.202E-01
  2.1247500E+03  1.140E-01  5.952E-02  8.690E-02
  2.1252500E+03  1.342E-01  8.172E-02  6.654E-02
  2.1257500E+03  1.387E-01  9.051E-02  5.201E-02
  2.1262500E+03  1.200E-01  8.592E-02  6.091E-02
  2.1267500E+03  1.130E-01  4.630E-02  9.568E-02
  2.1272500E+03  1.195E-01  6.623E-02  6.830E-02
  2.1277500E+03  1.317E-01  7.271E-02  9.431E-02
  2.1282500E+03  1.392E-01  7.793E-02  8.206E-02
  2.1287500E+03  9.474E-02  6.047E-02  4.667E-02
  2.1292500E+03  8.704E-02  4.810E-02  8.685E-02
  2.1297500E+03  1.372E-01  8.057E-02  6.989E-02
  2.1302500E+03  1.465E-01  7.545E-02  1.085E-01
  2.1307500E+03  9.113E-02  6.510E-02  4.442E-02
  2.1312500E+03  8.142E-02  6.821E-02  3.932E-02
  2.1317500E+03  1.479E-01  7.534E-02  7.121E-02
  2.1322500E+03  8.701E-02  5.323E-02  6.841E-02
  2.1327500E+03  8.805E-02  5.446E-02  4.791E-02
  2.1332500E+03  1.166E-01  6.974E-02  5.730E-02
  2.1337500E+03  1.134E-01  5.962E-02  8.453E-02
  2.1342500E+03  9.904E-02  5.912E-02  6.435E-02
  2.1347500E+03  1.312E-01  7.901E-02  7.040E-02
  2.1352500E+03  9.145E-02  6.169E-02  7.243E-02
  2.1357500E+03  1.230E-01  6.396E-02  9.312E-02
  2.1362500E+03  1.093E-01  7.120E-02  3.251E-02
  2.1367500E+03  6.628E-02  2.033E-02  5.863E-02
  2.1372500E+03  1.324E-01  7.009E-02  1.168E-01
  2.1377500E+03  1.050E-01  8.344E-02  5.957E-02
  2.1382500E+03  9.680E-02  5.308E-02  8.380E-02
  2.1387500E+03  1.118E-01  6.778E-02  8.098E-02
  2.1392500E+03  1.296E-01  7.766E-02  4.311E-02
  2.1397500E+03  1.354E-01  7.641E-02  8.103E-02
  2.1402500E+03  1.413E-01  8.342E-02  6.942E-02
  2.1407500E+03  1.401E-01  6.729E-02  9.266E-02
  2.1412500E+03  1.207E-01  6.469E-02  6.167E-02
  2.1417500E+03  1.357E-01  6.899E-02  7.997E-02
  2.1422500E+03  1.062E-01  4.816E-02  7.472E-02
  2.1427500E+03  1.238E-01  7.279E-02  6.086E-02
  2.1432500E+03  1.287E-01  8.860E-02  6.057E-02
  2.1437500E+03  8.974E-02  6.120E-02  4.609E-02
  2.1442500E+03  1.205E-01  8.877E-02  4.312E-02
  2.1447500E+03  1.314E-01  8.028E-02  7.415E-02
  2.1452500E+03  1.369E-01  7.317E-02  6.704E-02
  2.1457500E+03  1.195E-01  6.722E-02  4.088E-02
  2.1462500E+03  5.074E-02  6.698E-02  3.078E-02
  2.1467500E+03  1.037E-01  6.149E-02  7.638E-02
  2.1472500E+03  8.750E-02  5.196E-02  5.896E-02
  2.1477500E+03  1.194E-01  5.873E-02  9.617E-02
  2.1482500E+03  8.007E-02  5.960E-02  6.903E-02
  2.1487500E+03  7.908E-02  3.774E-02  5.295E-02
