 -4.3992500E+03 -0.000E+00 -0.000E+00  0.000E+00
 -4.3987500E+03 -0.000E+00 -0.000E+00  0.000E+00
 -4.3982500E+03 -0.000E+00 -0.000E+00  0.000E+00
 -4.3977500E+03 -0.000E+00 -0.000E+00  0.000E+00
 -4.3972500E+03 -0.000E+00 -0.000E+00  0.000E+00
 -4.3967500E+03 -0.000E+00 -0.000E+00  0.000E+00
 -4.3962500E+03 -0.000E+00 -0.000E+00  0.000E+00
 -4.3957500E+03 -0.000E+00 -0.000E+00  0.000E+00
 -4.3952500E+03 -0.000E+00 -0.000E+00  0.000E+00
 -4.3947500E+03 -0.000E+00 -0.000E+00  0.000E+00
 -4.3942500E+03 -0.000E+00 -0.000E+00  0.000E+00
 -4.3937500E+03 -0.000E+00 -0.000E+00  0.000E+00
 -4.3932500E+03 -0.000E+00 -0.000E+00  0.000E+00
 -4.3927500E+03 -0.000E+00 -0.000E+00  0.000E+00
 -4.3922500E+03 -0.000E+00 -0.000E+00  0.000E+00
 -4.3917500E+03 -0.000E+00 -0.000E+00  0.000E+00
 -4.3912500E+03 -0.000E+00 -0.000E+00  0.000E+00
 -4.3907500E+03 -0.000E+00 -0.000E+00  0.000E+00
 -4.3902500E+03 -0.000E+00 -0.000E+00  0.000E+00
 -4.3897500E+03 -0.000E+00 -0.000E+00  0.000E+00
 -4.3892500E+03 -0.000E+00 -0.000E+00  0.000E+00
 -4.3887500E+03 -0.000E+00 -0.000E+00  0.000E+00
 -4.3882500E+03 -0.000E+00 -0.000E+00  0.000E+00
 -4.3877500E+03 -0.000E+00 -0.000E+00  0.000E+00
 -4.3872500E+03 -0.000E+00 -0.000E+00  0.000E+00
 -4.3867500E+03 -0.000E+00 -0.000E+00  0.000E+00
 -4.3862500E+03 -0.000E+00 -0.000E+00  0.000E+00
 -4.3857500E+03 -0.000E+00 -0.000E+00  0.000E+00
 -4.3852500E+03 -0.000E+00 -0.000E+00  0.000E+00
 -4.3847500E+03 -0.000E+00 -0.000E+00  0.000E+00
 -4.3842500E+03 -0.000E+00 -0.000E+00  0.000E+00
 -4.3837500E+03 -0.000E+00 -0.000E+00  0.000E+00
 -4.3832500E+03 -0.000E+00 -0.000E+00  0.000E+00
 -4.3827500E+03 -0.000E+00 -0.000E+00  0.000E+00
 -4.3822500E+03 -0.000E+00 -0.000E+00  0.000E+00
 -4.3817500E+03 -0.000E+00 -0.000E+00  0.000E+00
 -4.3812500E+03 -0.000E+00 -0.000E+00  0.000E+00
 -4.3807500E+03 -0.000E+00 -0.000E+00  0.000E+00
 -4.3802500E+03 -0.000E+00 -0.000E+00  0.000E+00
 -4.3797500E+03 -0.000E+00 -0.000E+00  0.000E+00
 -4.3792500E+03 -0.000E+00 -0.000E+00  0.000E+00
 -4.3787500E+03 -0.000E+00 -0.000E+00  0.000E+00
 -4.3782500E+03 -0.000E+00 -0.000E+00  0.000E+00
 -4.3777500E+03 -0.000E+00 -0.000E+00  0.000E+00
 -4.3772500E+03 -0.000E+00 -0.000E+00  0.000E+00
 -4.3767500E+03 -0.000E+00 -0.000E+00  0.000E+00
 -4.3762500E+03 -0.000E+00 -0.000E+00  0.000E+00
 -4.3757500E+03 -0.000E+00 -0.000E+00  0.000E+00
 -4.3752500E+03 -0.000E+00 -0.000E+00  0.000E+00
 -4.3747500E+03 -0.000E+00 -0.000E+00  0.000E+00
 -4.3742500E+03 -0.000E+00 -0.000E+00  0.000E+00
 -4.3737500E+03 -0.000E+00 -0.000E+00  0.000E+00
 -4.3732500E+03 -0.000E+00 -0.000E+00  0.000E+00
 -4.3727500E+03 -0.000E+00 -0.000E+00  0.000E+00
 -4.3722500E+03 -0.000E+00 -0.000E+00  0.000E+00
 -4.3717500E+03 -0.000E+00 -0.000E+00  0.000E+00
 -4.3712500E+03 -0.000E+00 -0.000E+00  0.000E+00
 -4.3707500E+03 -0.000E+00 -0.000E+00  0.000E+00
 -4.3702500E+03 -0.000E+00 -0.000E+00  0.000E+00
 -4.3697500E+03 -0.000E+00 -0.000E+00  0.000E+00
 -4.3692500E+03 -0.000E+00 -0.000E+00  0.000E+00
 -4.3687500E+03 -0.000E+00 -0.000E+00  0.000E+00
 -4.3682500E+03 -0.000E+00 -0.000E+00  0.000E+00
 -4.3677500E+03 -0.000E+00 -0.000E+00  0.000E+00
 -4.3672500E+03 -0.000E+00 -0.000E+00  0.000E+00
 -4.3667500E+03 -0.000E+00 -0.000E+00  0.000E+00
 -4.3662500E+03 -0.000E+00 -0.000E+00  0.000E+00
 -4.3657500E+03 -0.000E+00 -0.000E+00  0.000E+00
 -4.3652500E+03 -0.000E+00 -0.000E+00  0.000E+00
 -4.3647500E+03 -0.000E+00 -0.000E+00  0.000E+00
 -4.3642500E+03 -0.000E+00 -0.000E+00  0.000E+00
 -4.3637500E+03 -0.000E+00 -0.000E+00  0.000E+00
 -4.3632500E+03 -0.000E+00 -0.000E+00  0.000E+00
 -4.3627500E+03 -0.000E+00 -0.000E+00  0.000E+00
 -4.3622500E+03 -0.000E+00 -0.000E+00  0.000E+00
 -4.3617500E+03 -0.000E+00 -0.000E+00  0.000E+00
 -4.3612500E+03 -0.000E+00 -0.000E+00  0.000E+00
 -4.3607500E+03 -0.000E+00 -0.000E+00  0.000E+00
 -4.3602500E+03 -0.000E+00 -0.000E+00  0.000E+00
 -4.3597500E+03 -0.000E+00 -0.000E+00  0.000E+00
 -4.3592500E+03 -0.000E+00 -0.000E+00  0.000E+00
 -4.3587500E+03 -0.000E+00 -0.000E+00  0.000E+00
 -4.3582500E+03 -0.000E+00 -0.000E+00  0.000E+00
 -4.3577500E+03 -0.000E+00 -0.000E+00  0.000E+00
 -4.3572500E+03 -0.000E+00 -0.000E+00  0.000E+00
 -4.3567500E+03 -0.000E+00 -0.000E+00  0.000E+00
 -4.3562500E+03 -0.000E+00 -0.000E+00  0.000E+00
 -4.3557500E+03 -0.000E+00 -0.000E+00  0.000E+00
 -4.3552500E+03 -0.000E+00 -0.000E+00  0.000E+00
 -4.3547500E+03 -0.000E+00 -0.000E+00  0.000E+00
 -4.3542500E+03 -0.000E+00 -0.000E+00  0.000E+00
 -4.3537500E+03 -0.000E+00 -0.000E+00  0.000E+00
 -4.3532500E+03 -0.000E+00 -0.000E+00  0.000E+00
 -4.3527500E+03 -0.000E+00 -0.000E+00  0.000E+00
 -4.3522500E+03 -0.000E+00 -0.000E+00  0.000E+00
 -4.3517500E+03 -0.000E+00 -0.000E+00  0.000E+00
 -4.3512500E+03 -0.000E+00 -0.000E+00  0.000E+00
 -4.3507500E+03 -0.000E+00 -0.000E+00  0.000E+00
 -4.3502500E+03 -0.000E+00 -0.000E+00  0.000E+00
 -4.3497500E+03 -0.000E+00 -0.000E+00  0.000E+00
 -4.3492500E+03 -0.000E+00 -0.000E+00  0.000E+00
 -4.3487500E+03 -0.000E+00 -0.000E+00  0.000E+00
 -4.3482500E+03 -0.000E+00 -0.000E+00  0.000E+00
 -4.3477500E+03 -0.000E+00 -0.000E+00  0.000E+00
 -4.3472500E+03 -0.000E+00 -0.000E+00  0.000E+00
 -4.3467500E+03 -0.000E+00 -0.000E+00  0.000E+00
 -4.3462500E+03 -0.000E+00 -0.000E+00  0.000E+00
 -4.3457500E+03 -0.000E+00 -0.000E+00  0.000E+00
 -4.3452500E+03 -0.000E+00 -0.000E+00  0.000E+00
 -4.3447500E+03 -0.000E+00 -0.000E+00  0.000E+00
 -4.3442500E+03 -0.000E+00 -0.000E+00  0.000E+00
 -4.3437500E+03 -0.000E+00 -0.000E+00  0.000E+00
 -4.3432500E+03 -0.000E+00 -0.000E+00  0.000E+00
 -4.3427500E+03 -0.000E+00 -0.000E+00  0.000E+00
 -4.3422500E+03 -0.000E+00 -0.000E+00  0.000E+00
 -4.3417500E+03 -0.000E+00 -0.000E+00  0.000E+00
 -4.3412500E+03 -0.000E+00 -0.000E+00  0.000E+00
 -4.3407500E+03 -0.000E+00 -0.000E+00  0.000E+00
 -4.3402500E+03 -0.000E+00 -0.000E+00  0.000E+00
 -4.3397500E+03 -0.000E+00 -0.000E+00  0.000E+00
 -4.3392500E+03 -0.000E+00 -0.000E+00  0.000E+00
 -4.3387500E+03 -0.000E+00 -0.000E+00  0.000E+00
 -4.3382500E+03 -0.000E+00 -0.000E+00  0.000E+00
 -4.3377500E+03 -0.000E+00 -0.000E+00  0.000E+00
 -4.3372500E+03 -0.000E+00 -0.000E+00  0.000E+00
 -4.3367500E+03 -0.000E+00 -0.000E+00  0.000E+00
 -4.3362500E+03 -0.000E+00 -0.000E+00  0.000E+00
 -4.3357500E+03 -0.000E+00 -0.000E+00  0.000E+00
 -4.3352500E+03 -0.000E+00 -0.000E+00  0.000E+00
 -4.3347500E+03 -0.000E+00 -0.000E+00  0.000E+00
 -4.3342500E+03 -0.000E+00 -0.000E+00  0.000E+00
 -4.3337500E+03 -0.000E+00 -0.000E+00  0.000E+00
 -4.3332500E+03 -0.000E+00 -0.000E+00  0.000E+00
 -4.3327500E+03 -0.000E+00 -0.000E+00  0.000E+00
 -4.3322500E+03 -0.000E+00 -0.000E+00  0.000E+00
 -4.3317500E+03 -0.000E+00 -0.000E+00  0.000E+00
 -4.3312500E+03 -0.000E+00 -0.000E+00  0.000E+00
 -4.3307500E+03 -0.000E+00 -0.000E+00  0.000E+00
 -4.3302500E+03 -0.000E+00 -0.000E+00  0.000E+00
 -4.3297500E+03 -0.000E+00 -0.000E+00  0.000E+00
 -4.3292500E+03 -0.000E+00 -0.000E+00  0.000E+00
 -4.3287500E+03 -0.000E+00 -0.000E+00  0.000E+00
 -4.3282500E+03 -0.000E+00 -0.000E+00  0.000E+00
 -4.3277500E+03 -0.000E+00 -0.000E+00  0.000E+00
 -4.3272500E+03 -0.000E+00 -0.000E+00  0.000E+00
 -4.3267500E+03 -0.000E+00 -0.000E+00  0.000E+00
 -4.3262500E+03 -0.000E+00 -0.000E+00  0.000E+00
 -4.3257500E+03 -0.000E+00 -0.000E+00  0.000E+00
 -4.3252500E+03 -0.000E+00 -0.000E+00  0.000E+00
 -4.3247500E+03 -0.000E+00 -0.000E+00  0.000E+00
 -4.3242500E+03 -0.000E+00 -0.000E+00  0.000E+00
 -4.3237500E+03 -0.000E+00 -0.000E+00  0.000E+00
 -4.3232500E+03 -0.000E+00 -0.000E+00  0.000E+00
 -4.3227500E+03 -0.000E+00 -0.000E+00  0.000E+00
 -4.3222500E+03 -0.000E+00 -0.000E+00  0.000E+00
 -4.3217500E+03 -0.000E+00 -0.000E+00  0.000E+00
 -4.3212500E+03 -0.000E+00 -0.000E+00  0.000E+00
 -4.3207500E+03 -0.000E+00 -0.000E+00  0.000E+00
 -4.3202500E+03 -0.000E+00 -0.000E+00  0.000E+00
 -4.3197500E+03 -0.000E+00 -0.000E+00  0.000E+00
 -4.3192500E+03 -0.000E+00 -0.000E+00  0.000E+00
 -4.3187500E+03 -0.000E+00 -0.000E+00  0.000E+00
 -4.3182500E+03 -0.000E+00 -0.000E+00  0.000E+00
 -4.3177500E+03 -0.000E+00 -0.000E+00  0.000E+00
 -4.3172500E+03 -0.000E+00 -0.000E+00  0.000E+00
 -4.3167500E+03 -0.000E+00 -0.000E+00  0.000E+00
 -4.3162500E+03 -0.000E+00 -0.000E+00  0.000E+00
 -4.3157500E+03 -0.000E+00 -0.000E+00  0.000E+00
 -4.3152500E+03 -0.000E+00 -0.000E+00  0.000E+00
 -4.3147500E+03 -0.000E+00 -0.000E+00  0.000E+00
 -4.3142500E+03 -0.000E+00 -0.000E+00  0.000E+00
 -4.3137500E+03 -0.000E+00 -0.000E+00  0.000E+00
 -4.3132500E+03 -0.000E+00 -0.000E+00  0.000E+00
 -4.3127500E+03 -0.000E+00 -0.000E+00  0.000E+00
 -4.3122500E+03 -0.000E+00 -0.000E+00  0.000E+00
 -4.3117500E+03 -0.000E+00 -0.000E+00  0.000E+00
 -4.3112500E+03 -0.000E+00 -0.000E+00  0.000E+00
 -4.3107500E+03 -0.000E+00 -0.000E+00  0.000E+00
 -4.3102500E+03 -0.000E+00 -0.000E+00  0.000E+00
 -4.3097500E+03 -0.000E+00 -0.000E+00  0.000E+00
 -4.3092500E+03 -0.000E+00 -0.000E+00  0.000E+00
 -4.3087500E+03 -0.000E+00 -0.000E+00  0.000E+00
 -4.3082500E+03 -0.000E+00 -0.000E+00  0.000E+00
 -4.3077500E+03 -0.000E+00 -0.000E+00  0.000E+00
 -4.3072500E+03 -0.000E+00 -0.000E+00  0.000E+00
 -4.3067500E+03 -0.000E+00 -0.000E+00  0.000E+00
 -4.3062500E+03 -0.000E+00 -0.000E+00  0.000E+00
 -4.3057500E+03 -0.000E+00 -0.000E+00  0.000E+00
 -4.3052500E+03 -0.000E+00 -0.000E+00  0.000E+00
 -4.3047500E+03 -0.000E+00 -0.000E+00  0.000E+00
 -4.3042500E+03 -0.000E+00 -0.000E+00  0.000E+00
 -4.3037500E+03 -0.000E+00 -0.000E+00  0.000E+00
 -4.3032500E+03 -0.000E+00 -0.000E+00  0.000E+00
 -4.3027500E+03 -0.000E+00 -0.000E+00  0.000E+00
 -4.3022500E+03 -0.000E+00 -0.000E+00  0.000E+00
 -4.3017500E+03 -0.000E+00 -0.000E+00  0.000E+00
 -4.3012500E+03 -0.000E+00 -0.000E+00  0.000E+00
 -4.3007500E+03 -0.000E+00 -0.000E+00  0.000E+00
 -4.3002500E+03 -0.000E+00 -0.000E+00  0.000E+00
 -4.2997500E+03 -0.000E+00 -0.000E+00  0.000E+00
 -4.2992500E+03 -0.000E+00 -0.000E+00  0.000E+00
 -4.2987500E+03 -0.000E+00 -0.000E+00  0.000E+00
 -4.2982500E+03 -0.000E+00 -0.000E+00  0.000E+00
 -4.2977500E+03 -0.000E+00 -0.000E+00  0.000E+00
 -4.2972500E+03 -0.000E+00 -0.000E+00  0.000E+00
 -4.2967500E+03 -0.000E+00 -0.000E+00  0.000E+00
 -4.2962500E+03 -0.000E+00 -0.000E+00  0.000E+00
 -4.2957500E+03 -0.000E+00 -0.000E+00  0.000E+00
 -4.2952500E+03 -0.000E+00 -0.000E+00  0.000E+00
 -4.2947500E+03 -0.000E+00 -0.000E+00  0.000E+00
 -4.2942500E+03 -0.000E+00 -0.000E+00  0.000E+00
 -4.2937500E+03 -0.000E+00 -0.000E+00  0.000E+00
 -4.2932500E+03 -0.000E+00 -0.000E+00  0.000E+00
 -4.2927500E+03 -0.000E+00 -0.000E+00  0.000E+00
 -4.2922500E+03 -0.000E+00 -0.000E+00  0.000E+00
 -4.2917500E+03 -0.000E+00 -0.000E+00  0.000E+00
 -4.2912500E+03 -0.000E+00 -0.000E+00  0.000E+00
 -4.2907500E+03 -0.000E+00 -0.000E+00  0.000E+00
 -4.2902500E+03 -0.000E+00 -0.000E+00  0.000E+00
 -4.2897500E+03 -0.000E+00 -0.000E+00  0.000E+00
 -4.2892500E+03 -0.000E+00 -0.000E+00  0.000E+00
 -4.2887500E+03 -0.000E+00 -0.000E+00  0.000E+00
 -4.2882500E+03 -0.000E+00 -0.000E+00  0.000E+00
 -4.2877500E+03 -0.000E+00 -0.000E+00  0.000E+00
 -4.2872500E+03 -0.000E+00 -0.000E+00  0.000E+00
 -4.2867500E+03 -0.000E+00 -0.000E+00  0.000E+00
 -4.2862500E+03 -0.000E+00 -0.000E+00  0.000E+00
 -4.2857500E+03 -0.000E+00 -0.000E+00  0.000E+00
 -4.2852500E+03 -0.000E+00 -0.000E+00  0.000E+00
 -4.2847500E+03 -0.000E+00 -0.000E+00  0.000E+00
 -4.2842500E+03 -0.000E+00 -0.000E+00  0.000E+00
 -4.2837500E+03 -0.000E+00 -0.000E+00  0.000E+00
 -4.2832500E+03 -0.000E+00 -0.000E+00  0.000E+00
 -4.2827500E+03 -0.000E+00 -0.000E+00  0.000E+00
 -4.2822500E+03 -0.000E+00 -0.000E+00  0.000E+00
 -4.2817500E+03 -0.000E+00 -0.000E+00  0.000E+00
 -4.2812500E+03 -0.000E+00 -0.000E+00  0.000E+00
 -4.2807500E+03 -0.000E+00 -0.000E+00  0.000E+00
 -4.2802500E+03 -0.000E+00 -0.000E+00  0.000E+00
 -4.2797500E+03 -0.000E+00 -0.000E+00  0.000E+00
 -4.2792500E+03 -0.000E+00 -0.000E+00  0.000E+00
 -4.2787500E+03 -0.000E+00 -0.000E+00  0.000E+00
 -4.2782500E+03 -0.000E+00 -0.000E+00  0.000E+00
 -4.2777500E+03 -0.000E+00 -0.000E+00  0.000E+00
 -4.2772500E+03 -0.000E+00 -0.000E+00  0.000E+00
 -4.2767500E+03 -0.000E+00 -0.000E+00  0.000E+00
 -4.2762500E+03 -0.000E+00 -0.000E+00  0.000E+00
 -4.2757500E+03 -0.000E+00 -0.000E+00  0.000E+00
 -4.2752500E+03 -0.000E+00 -0.000E+00  0.000E+00
 -4.2747500E+03 -0.000E+00 -0.000E+00  0.000E+00
 -4.2742500E+03 -0.000E+00 -0.000E+00  0.000E+00
 -4.2737500E+03 -0.000E+00 -0.000E+00  0.000E+00
 -4.2732500E+03 -0.000E+00 -0.000E+00  0.000E+00
 -4.2727500E+03 -0.000E+00 -0.000E+00  0.000E+00
 -4.2722500E+03 -0.000E+00 -0.000E+00  0.000E+00
 -4.2717500E+03 -0.000E+00 -0.000E+00  0.000E+00
 -4.2712500E+03 -0.000E+00 -0.000E+00  0.000E+00
 -4.2707500E+03 -0.000E+00 -0.000E+00  0.000E+00
 -4.2702500E+03 -0.000E+00 -0.000E+00  0.000E+00
 -4.2697500E+03 -0.000E+00 -0.000E+00  0.000E+00
 -4.2692500E+03 -0.000E+00 -0.000E+00  0.000E+00
 -4.2687500E+03 -0.000E+00 -0.000E+00  0.000E+00
 -4.2682500E+03 -0.000E+00 -0.000E+00  0.000E+00
 -4.2677500E+03 -0.000E+00 -0.000E+00  0.000E+00
 -4.2672500E+03 -0.000E+00 -0.000E+00  0.000E+00
 -4.2667500E+03 -0.000E+00 -0.000E+00  0.000E+00
 -4.2662500E+03 -0.000E+00 -0.000E+00  0.000E+00
 -4.2657500E+03 -0.000E+00 -0.000E+00  0.000E+00
 -4.2652500E+03 -0.000E+00 -0.000E+00  0.000E+00
 -4.2647500E+03 -0.000E+00 -0.000E+00  0.000E+00
 -4.2642500E+03 -0.000E+00 -0.000E+00  0.000E+00
 -4.2637500E+03 -0.000E+00 -0.000E+00  0.000E+00
 -4.2632500E+03 -0.000E+00 -0.000E+00  0.000E+00
 -4.2627500E+03 -0.000E+00 -0.000E+00  0.000E+00
 -4.2622500E+03 -0.000E+00 -0.000E+00  0.000E+00
 -4.2617500E+03 -0.000E+00 -0.000E+00  0.000E+00
 -4.2612500E+03 -0.000E+00 -0.000E+00  0.000E+00
 -4.2607500E+03 -0.000E+00 -0.000E+00  0.000E+00
 -4.2602500E+03 -0.000E+00 -0.000E+00  0.000E+00
 -4.2597500E+03 -0.000E+00 -0.000E+00  0.000E+00
 -4.2592500E+03 -0.000E+00 -0.000E+00  0.000E+00
 -4.2587500E+03 -0.000E+00 -0.000E+00  0.000E+00
 -4.2582500E+03 -0.000E+00 -0.000E+00  0.000E+00
 -4.2577500E+03 -0.000E+00 -0.000E+00  0.000E+00
 -4.2572500E+03 -0.000E+00 -0.000E+00  0.000E+00
 -4.2567500E+03 -0.000E+00 -0.000E+00  0.000E+00
 -4.2562500E+03 -0.000E+00 -0.000E+00  0.000E+00
 -4.2557500E+03 -0.000E+00 -0.000E+00  0.000E+00
 -4.2552500E+03 -0.000E+00 -0.000E+00  0.000E+00
 -4.2547500E+03 -0.000E+00 -0.000E+00  0.000E+00
 -4.2542500E+03 -0.000E+00 -0.000E+00  0.000E+00
 -4.2537500E+03 -0.000E+00 -0.000E+00  0.000E+00
 -4.2532500E+03 -0.000E+00 -0.000E+00  0.000E+00
 -4.2527500E+03 -0.000E+00 -0.000E+00  0.000E+00
 -4.2522500E+03 -0.000E+00 -0.000E+00  0.000E+00
 -4.2517500E+03 -0.000E+00 -0.000E+00  0.000E+00
 -4.2512500E+03 -0.000E+00 -0.000E+00  0.000E+00
 -4.2507500E+03 -0.000E+00 -0.000E+00  0.000E+00
 -4.2502500E+03 -0.000E+00 -0.000E+00  0.000E+00
 -4.2497500E+03 -0.000E+00 -0.000E+00  0.000E+00
 -4.2492500E+03 -0.000E+00 -0.000E+00  0.000E+00
 -4.2487500E+03 -0.000E+00 -0.000E+00  0.000E+00
 -4.2482500E+03 -0.000E+00 -0.000E+00  0.000E+00
 -4.2477500E+03 -0.000E+00 -0.000E+00  0.000E+00
 -4.2472500E+03 -0.000E+00 -0.000E+00  0.000E+00
 -4.2467500E+03 -0.000E+00 -0.000E+00  0.000E+00
 -4.2462500E+03 -0.000E+00 -0.000E+00  0.000E+00
 -4.2457500E+03 -0.000E+00 -0.000E+00  0.000E+00
 -4.2452500E+03 -0.000E+00 -0.000E+00  0.000E+00
 -4.2447500E+03 -0.000E+00 -0.000E+00  0.000E+00
 -4.2442500E+03 -0.000E+00 -0.000E+00  0.000E+00
 -4.2437500E+03 -0.000E+00 -0.000E+00  0.000E+00
 -4.2432500E+03 -0.000E+00 -0.000E+00  0.000E+00
 -4.2427500E+03 -0.000E+00 -0.000E+00  0.000E+00
 -4.2422500E+03 -0.000E+00 -0.000E+00  0.000E+00
 -4.2417500E+03  1.164E-05 -3.145E-06  3.151E-05
 -4.2412500E+03  2.369E-04 -4.268E-06  4.626E-04
 -4.2407500E+03 -7.145E-04 -6.536E-04  2.878E-04
 -4.2402500E+03 -3.753E-04 -1.747E-04 -2.830E-04
 -4.2397500E+03 -1.673E-04 -4.279E-04  8.101E-04
 -4.2392500E+03  1.428E-04  4.326E-04 -1.003E-03
 -4.2387500E+03 -2.095E-03 -1.076E-03 -1.621E-03
 -4.2382500E+03  1.636E-03  7.790E-04  1.064E-03
 -4.2377500E+03 -1.363E-03  8.716E-04 -4.497E-03
 -4.2372500E+03  3.687E-03  2.463E-03 -4.996E-04
 -4.2367500E+03  9.291E-04  1.978E-03 -4.670E-03
 -4.2362500E+03 -2.210E-03 -2.612E-03  3.097E-03
 -4.2357500E+03  3.416E-04 -5.610E-04  2.281E-03
 -4.2352500E+03 -2.692E-03 -2.059E-03 -1.007E-03
 -4.2347500E+03  3.771E-03  5.596E-04  6.702E-03
 -4.2342500E+03  1.369E-04 -1.175E-04  7.714E-04
 -4.2337500E+03 -4.075E-04  3.151E-04 -1.879E-03
 -4.2332500E+03  7.337E-04 -3.596E-03  1.102E-02
 -4.2327500E+03 -2.032E-02 -1.870E-02  1.185E-02
 -4.2322500E+03  2.092E-03  1.348E-02 -3.383E-02
 -4.2317500E+03  1.060E-02  8.867E-03 -3.447E-03
 -4.2312500E+03  7.304E-03  1.157E-02 -1.953E-02
 -4.2307500E+03 -7.172E-03 -7.171E-03  5.693E-03
 -4.2302500E+03  3.635E-04 -2.839E-03  7.391E-03
 -4.2297500E+03 -3.321E-03  1.108E-03 -8.582E-03
 -4.2292500E+03 -1.226E-02 -1.454E-02  1.620E-02
 -4.2287500E+03 -7.028E-03 -2.859E-03 -7.337E-03
 -4.2282500E+03  6.431E-03  9.134E-03 -1.273E-02
 -4.2277500E+03  6.364E-04 -2.025E-03  4.999E-03
 -4.2272500E+03 -3.265E-04 -1.973E-03  5.177E-03
 -4.2267500E+03 -1.287E-02 -1.336E-02  9.574E-03
 -4.2262500E+03  1.580E-02  7.786E-03  1.079E-02
 -4.2257500E+03  2.679E-03  8.973E-03 -1.470E-02
 -4.2252500E+03  7.446E-03  2.841E-04  1.036E-02
 -4.2247500E+03 -4.807E-02 -3.728E-02 -8.521E-04
 -4.2242500E+03 -4.293E-03  2.194E-04 -8.221E-03
 -4.2237500E+03 -1.893E-04  6.862E-03 -1.898E-02
 -4.2232500E+03 -5.752E-02 -3.031E-02 -4.023E-02
 -4.2227500E+03 -5.920E-02 -3.249E-02 -3.504E-02
 -4.2222500E+03 -1.915E-01 -1.286E-01 -5.215E-02
 -4.2217500E+03 -3.852E-01 -2.261E-01 -2.087E-01
 -4.2212500E+03 -5.811E-01 -3.312E-01 -3.404E-01
 -4.2207500E+03 -1.252E+00 -7.354E-01 -6.591E-01
 -4.2202500E+03 -2.944E+00 -1.760E+00 -1.464E+00
 -4.2197500E+03 -6.263E+00 -3.732E+00 -3.132E+00
 -4.2192500E+03 -1.264E+01 -7.598E+00 -6.115E+00
 -4.2187500E+03 -2.103E+01 -1.234E+01 -1.095E+01
 -4.2182500E+03 -3.196E+01 -1.876E+01 -1.653E+01
 -4.2177500E+03 -4.366E+01 -2.567E+01 -2.231E+01
 -4.2172500E+03 -5.130E+01 -2.977E+01 -2.713E+01
 -4.2167500E+03 -5.503E+01 -3.132E+01 -3.062E+01
 -4.2162500E+03 -5.574E+01 -3.171E+01 -3.086E+01
 -4.2157500E+03 -5.460E+01 -3.127E+01 -2.944E+01
 -4.2152500E+03 -5.003E+01 -2.839E+01 -2.753E+01
 -4.2147500E+03 -4.369E+01 -2.476E+01 -2.395E+01
 -4.2142500E+03 -3.632E+01 -2.095E+01 -1.874E+01
 -4.2137500E+03 -2.892E+01 -1.653E+01 -1.524E+01
 -4.2132500E+03 -2.324E+01 -1.263E+01 -1.399E+01
 -4.2127500E+03 -1.816E+01 -9.732E+00 -1.123E+01
 -4.2122500E+03 -1.440E+01 -8.293E+00 -7.270E+00
 -4.2117500E+03 -1.004E+01 -5.845E+00 -4.805E+00
 -4.2112500E+03 -7.864E+00 -4.025E+00 -5.274E+00
 -4.2107500E+03 -5.270E+00 -2.850E+00 -3.057E+00
 -4.2102500E+03 -3.490E+00 -1.805E+00 -2.228E+00
 -4.2097500E+03 -1.514E+00 -5.765E-01 -1.474E+00
 -4.2092500E+03 -6.922E-01 -4.745E-01 -2.347E-02
 -4.2087500E+03 -7.393E-01 -3.200E-01 -5.626E-01
 -4.2082500E+03  6.160E-01  6.478E-01 -3.887E-01
 -4.2077500E+03  8.914E-01  5.592E-01  4.176E-01
 -4.2072500E+03  1.686E+00  9.732E-01  9.376E-01
 -4.2067500E+03  2.367E+00  1.296E+00  1.471E+00
 -4.2062500E+03  1.771E+00  1.048E+00  9.064E-01
 -4.2057500E+03  1.599E+00  1.193E+00  1.438E-01
 -4.2052500E+03  2.425E+00  1.745E+00  3.297E-01
 -4.2047500E+03  2.559E+00  1.268E+00  1.930E+00
 -4.2042500E+03  2.897E+00  1.825E+00  1.088E+00
 -4.2037500E+03  2.214E+00  1.254E+00  1.250E+00
 -4.2032500E+03  2.499E+00  1.336E+00  1.617E+00
 -4.2027500E+03  2.843E+00  1.660E+00  1.416E+00
 -4.2022500E+03  2.794E+00  1.536E+00  1.688E+00
 -4.2017500E+03  3.111E+00  1.629E+00  2.078E+00
 -4.2012500E+03  2.873E+00  1.681E+00  1.433E+00
 -4.2007500E+03  2.816E+00  1.660E+00  1.365E+00
 -4.2002500E+03  2.751E+00  1.522E+00  1.613E+00
 -4.1997500E+03  2.573E+00  1.604E+00  1.007E+00
 -4.1992500E+03  2.662E+00  1.644E+00  1.093E+00
 -4.1987500E+03  3.199E+00  1.888E+00  1.528E+00
 -4.1982500E+03  2.805E+00  1.592E+00  1.533E+00
 -4.1977500E+03  2.490E+00  1.454E+00  1.260E+00
 -4.1972500E+03  2.927E+00  1.769E+00  1.294E+00
 -4.1967500E+03  2.604E+00  1.433E+00  1.530E+00
 -4.1962500E+03  2.770E+00  1.471E+00  1.796E+00
 -4.1957500E+03  3.056E+00  1.861E+00  1.311E+00
 -4.1952500E+03  3.003E+00  1.893E+00  1.113E+00
 -4.1947500E+03  2.459E+00  1.405E+00  1.316E+00
 -4.1942500E+03  2.874E+00  1.744E+00  1.241E+00
 -4.1937500E+03  2.758E+00  1.583E+00  1.453E+00
 -4.1932500E+03  2.501E+00  1.389E+00  1.445E+00
 -4.1927500E+03  2.866E+00  1.643E+00  1.508E+00
 -4.1922500E+03  2.549E+00  1.509E+00  1.199E+00
 -4.1917500E+03  2.537E+00  1.385E+00  1.534E+00
 -4.1912500E+03  2.749E+00  1.612E+00  1.348E+00
 -4.1907500E+03  2.799E+00  1.646E+00  1.357E+00
 -4.1902500E+03  2.299E+00  1.358E+00  1.091E+00
 -4.1897500E+03  2.480E+00  1.436E+00  1.249E+00
 -4.1892500E+03  2.413E+00  1.365E+00  1.325E+00
 -4.1887500E+03  2.320E+00  1.369E+00  1.124E+00
 -4.1882500E+03  2.313E+00  1.297E+00  1.306E+00
 -4.1877500E+03  2.577E+00  1.530E+00  1.211E+00
 -4.1872500E+03  2.127E+00  1.083E+00  1.500E+00
 -4.1867500E+03  2.379E+00  1.387E+00  1.202E+00
 -4.1862500E+03  2.154E+00  1.140E+00  1.389E+00
 -4.1857500E+03  2.397E+00  1.433E+00  1.107E+00
 -4.1852500E+03  2.402E+00  1.398E+00  1.214E+00
 -4.1847500E+03  2.416E+00  1.475E+00  1.009E+00
 -4.1842500E+03  1.950E+00  1.138E+00  9.703E-01
 -4.1837500E+03  2.427E+00  1.309E+00  1.507E+00
 -4.1832500E+03  2.354E+00  1.341E+00  1.267E+00
 -4.1827500E+03  2.239E+00  1.395E+00  8.623E-01
 -4.1822500E+03  2.393E+00  1.415E+00  1.139E+00
 -4.1817500E+03  2.197E+00  1.285E+00  1.101E+00
 -4.1812500E+03  2.291E+00  1.302E+00  1.251E+00
 -4.1807500E+03  2.406E+00  1.420E+00  1.154E+00
 -4.1802500E+03  2.154E+00  1.277E+00  1.049E+00
 -4.1797500E+03  2.006E+00  1.193E+00  9.690E-01
 -4.1792500E+03  2.280E+00  1.296E+00  1.214E+00
 -4.1787500E+03  2.342E+00  1.327E+00  1.287E+00
 -4.1782500E+03  2.187E+00  1.299E+00  1.033E+00
 -4.1777500E+03  2.091E+00  1.283E+00  8.607E-01
 -4.1772500E+03  2.000E+00  1.126E+00  1.110E+00
 -4.1767500E+03  1.994E+00  1.150E+00  1.028E+00
 -4.1762500E+03  2.322E+00  1.265E+00  1.405E+00
 -4.1757500E+03  2.032E+00  1.182E+00  1.007E+00
 -4.1752500E+03  2.149E+00  1.215E+00  1.180E+00
 -4.1747500E+03  1.782E+00  9.980E-01  1.026E+00
 -4.1742500E+03  2.052E+00  1.145E+00  1.167E+00
 -4.1737500E+03  2.096E+00  1.228E+00  1.036E+00
 -4.1732500E+03  2.013E+00  1.140E+00  1.092E+00
 -4.1727500E+03  1.929E+00  1.054E+00  1.129E+00
 -4.1722500E+03  2.077E+00  1.258E+00  9.054E-01
 -4.1717500E+03  2.022E+00  1.194E+00  9.796E-01
 -4.1712500E+03  1.838E+00  1.006E+00  1.109E+00
 -4.1707500E+03  1.976E+00  1.192E+00  8.615E-01
 -4.1702500E+03  2.072E+00  1.171E+00  1.133E+00
 -4.1697500E+03  1.712E+00  9.510E-01  1.005E+00
 -4.1692500E+03  2.151E+00  1.190E+00  1.238E+00
 -4.1687500E+03  1.849E+00  1.042E+00  1.013E+00
 -4.1682500E+03  1.717E+00  9.593E-01  9.900E-01
 -4.1677500E+03  1.689E+00  9.979E-01  8.159E-01
 -4.1672500E+03  1.835E+00  1.059E+00  9.463E-01
 -4.1667500E+03  1.923E+00  1.153E+00  8.828E-01
 -4.1662500E+03  1.876E+00  1.025E+00  1.128E+00
 -4.1657500E+03  1.856E+00  1.015E+00  1.131E+00
 -4.1652500E+03  1.745E+00  9.924E-01  9.625E-01
 -4.1647500E+03  1.694E+00  9.446E-01  9.455E-01
 -4.1642500E+03  1.690E+00  9.685E-01  8.641E-01
 -4.1637500E+03  1.685E+00  9.846E-01  8.481E-01
 -4.1632500E+03  1.835E+00  1.041E+00  9.945E-01
 -4.1627500E+03  1.799E+00  1.055E+00  8.797E-01
 -4.1622500E+03  1.688E+00  9.531E-01  9.312E-01
 -4.1617500E+03  1.726E+00  1.042E+00  7.505E-01
 -4.1612500E+03  1.751E+00  1.013E+00  9.050E-01
 -4.1607500E+03  1.690E+00  9.334E-01  9.843E-01
 -4.1602500E+03  1.558E+00  8.985E-01  8.215E-01
 -4.1597500E+03  1.380E+00  7.937E-01  7.256E-01
 -4.1592500E+03  1.577E+00  8.565E-01  9.716E-01
 -4.1587500E+03  1.712E+00  9.711E-01  9.316E-01
 -4.1582500E+03  1.660E+00  1.000E+00  7.521E-01
 -4.1577500E+03  1.504E+00  8.276E-01  8.835E-01
 -4.1572500E+03  1.595E+00  8.848E-01  9.305E-01
 -4.1567500E+03  1.632E+00  9.517E-01  8.252E-01
 -4.1562500E+03  1.535E+00  8.170E-01  9.983E-01
 -4.1557500E+03  1.525E+00  8.441E-01  8.901E-01
 -4.1552500E+03  1.562E+00  9.473E-01  6.798E-01
 -4.1547500E+03  1.426E+00  7.548E-01  9.200E-01
 -4.1542500E+03  1.585E+00  9.304E-01  7.799E-01
 -4.1537500E+03  1.508E+00  9.244E-01  6.547E-01
 -4.1532500E+03  1.434E+00  8.029E-01  8.325E-01
 -4.1527500E+03  1.545E+00  8.784E-01  8.384E-01
 -4.1522500E+03  1.695E+00  9.455E-01  9.572E-01
 -4.1517500E+03  1.563E+00  8.796E-01  8.522E-01
 -4.1512500E+03  1.411E+00  8.419E-01  6.435E-01
 -4.1507500E+03  1.595E+00  9.708E-01  6.805E-01
 -4.1502500E+03  1.485E+00  8.129E-01  8.921E-01
 -4.1497500E+03  1.309E+00  6.940E-01  8.373E-01
 -4.1492500E+03  1.448E+00  8.346E-01  7.763E-01
 -4.1487500E+03  1.426E+00  8.008E-01  7.954E-01
 -4.1482500E+03  1.427E+00  8.577E-01  6.556E-01
 -4.1477500E+03  1.397E+00  8.141E-01  7.205E-01
 -4.1472500E+03  1.385E+00  7.948E-01  7.311E-01
 -4.1467500E+03  1.298E+00  7.487E-01  7.003E-01
 -4.1462500E+03  1.427E+00  7.962E-01  8.060E-01
 -4.1457500E+03  1.372E+00  7.439E-01  8.349E-01
 -4.1452500E+03  1.228E+00  7.349E-01  5.820E-01
 -4.1447500E+03  1.514E+00  8.100E-01  9.486E-01
 -4.1442500E+03  1.469E+00  8.398E-01  7.851E-01
 -4.1437500E+03  1.261E+00  7.410E-01  6.376E-01
 -4.1432500E+03  1.508E+00  8.904E-01  7.153E-01
 -4.1427500E+03  1.322E+00  6.999E-01  8.436E-01
 -4.1422500E+03  1.373E+00  7.848E-01  7.427E-01
 -4.1417500E+03  1.413E+00  7.564E-01  8.871E-01
 -4.1412500E+03  1.138E+00  6.286E-01  6.958E-01
 -4.1407500E+03  1.431E+00  8.346E-01  7.296E-01
 -4.1402500E+03  1.447E+00  8.355E-01  7.249E-01
 -4.1397500E+03  1.291E+00  7.093E-01  7.721E-01
 -4.1392500E+03  1.270E+00  7.484E-01  6.270E-01
 -4.1387500E+03  1.274E+00  6.913E-01  7.942E-01
 -4.1382500E+03  1.230E+00  6.841E-01  7.042E-01
 -4.1377500E+03  1.244E+00  7.163E-01  6.488E-01
 -4.1372500E+03  1.268E+00  7.189E-01  6.922E-01
 -4.1367500E+03  1.297E+00  7.615E-01  6.310E-01
 -4.1362500E+03  1.196E+00  6.626E-01  7.012E-01
 -4.1357500E+03  1.226E+00  6.791E-01  7.198E-01
 -4.1352500E+03  1.198E+00  6.935E-01  6.289E-01
 -4.1347500E+03  1.261E+00  7.540E-01  5.866E-01
 -4.1342500E+03  1.221E+00  7.117E-01  5.919E-01
 -4.1337500E+03  1.205E+00  6.421E-01  7.615E-01
 -4.1332500E+03  1.242E+00  6.993E-01  6.888E-01
 -4.1327500E+03  1.109E+00  6.510E-01  5.489E-01
 -4.1322500E+03  1.224E+00  7.693E-01  4.528E-01
 -4.1317500E+03  1.094E+00  6.074E-01  6.434E-01
 -4.1312500E+03  1.185E+00  6.842E-01  6.237E-01
 -4.1307500E+03  1.105E+00  5.988E-01  6.863E-01
 -4.1302500E+03  1.182E+00  7.087E-01  5.588E-01
 -4.1297500E+03  1.184E+00  6.663E-01  6.462E-01
 -4.1292500E+03  1.096E+00  5.700E-01  7.386E-01
 -4.1287500E+03  1.316E+00  7.662E-01  6.706E-01
 -4.1282500E+03  1.159E+00  6.393E-01  6.839E-01
 -4.1277500E+03  1.160E+00  6.890E-01  5.379E-01
 -4.1272500E+03  1.211E+00  7.146E-01  5.756E-01
 -4.1267500E+03  1.095E+00  5.878E-01  6.940E-01
 -4.1262500E+03  1.117E+00  5.895E-01  7.231E-01
 -4.1257500E+03  1.076E+00  6.436E-01  5.060E-01
 -4.1252500E+03  1.069E+00  6.437E-01  4.725E-01
 -4.1247500E+03  1.108E+00  6.241E-01  6.268E-01
 -4.1242500E+03  1.029E+00  5.837E-01  5.704E-01
 -4.1237500E+03  1.041E+00  5.801E-01  5.546E-01
 -4.1232500E+03  1.089E+00  6.239E-01  5.898E-01
 -4.1227500E+03  1.132E+00  6.240E-01  6.710E-01
 -4.1222500E+03  1.130E+00  6.316E-01  6.493E-01
 -4.1217500E+03  1.184E+00  6.531E-01  6.876E-01
 -4.1212500E+03  1.085E+00  6.535E-01  4.916E-01
 -4.1207500E+03  1.071E+00  6.386E-01  4.935E-01
 -4.1202500E+03  1.046E+00  6.098E-01  5.339E-01
 -4.1197500E+03  1.055E+00  5.863E-01  6.067E-01
 -4.1192500E+03  9.946E-01  5.620E-01  5.421E-01
 -4.1187500E+03  9.501E-01  5.437E-01  4.984E-01
 -4.1182500E+03  1.024E+00  5.484E-01  6.498E-01
 -4.1177500E+03  1.047E+00  5.898E-01  5.871E-01
 -4.1172500E+03  1.032E+00  6.305E-01  4.768E-01
 -4.1167500E+03  9.756E-01  5.399E-01  5.920E-01
 -4.1162500E+03  9.180E-01  5.339E-01  4.674E-01
 -4.1157500E+03  9.762E-01  5.906E-01  4.547E-01
 -4.1152500E+03  1.048E+00  6.255E-01  4.839E-01
 -4.1147500E+03  9.939E-01  5.407E-01  6.071E-01
 -4.1142500E+03  9.032E-01  4.519E-01  6.695E-01
 -4.1137500E+03  1.082E+00  6.668E-01  4.225E-01
 -4.1132500E+03  9.879E-01  5.542E-01  5.544E-01
 -4.1127500E+03  9.342E-01  5.311E-01  5.053E-01
 -4.1122500E+03  7.814E-01  4.400E-01  4.717E-01
 -4.1117500E+03  9.632E-01  5.353E-01  5.665E-01
 -4.1112500E+03  9.914E-01  5.555E-01  5.693E-01
 -4.1107500E+03  9.792E-01  5.335E-01  5.995E-01
 -4.1102500E+03  1.026E+00  6.029E-01  4.959E-01
 -4.1097500E+03  9.401E-01  5.559E-01  4.358E-01
 -4.1092500E+03  8.371E-01  4.825E-01  4.405E-01
 -4.1087500E+03  8.785E-01  4.844E-01  5.256E-01
 -4.1082500E+03  9.661E-01  5.699E-01  4.481E-01
 -4.1077500E+03  9.398E-01  5.716E-01  4.149E-01
 -4.1072500E+03  9.113E-01  5.403E-01  4.382E-01
 -4.1067500E+03  9.669E-01  5.509E-01  5.107E-01
 -4.1062500E+03  8.761E-01  4.889E-01  4.936E-01
 -4.1057500E+03  8.702E-01  4.660E-01  5.506E-01
 -4.1052500E+03  9.172E-01  5.215E-01  5.010E-01
 -4.1047500E+03  9.822E-01  5.564E-01  5.303E-01
 -4.1042500E+03  8.363E-01  4.680E-01  4.684E-01
 -4.1037500E+03  8.411E-01  4.862E-01  4.527E-01
 -4.1032500E+03  8.787E-01  4.924E-01  4.794E-01
 -4.1027500E+03  8.526E-01  4.583E-01  5.547E-01
 -4.1022500E+03  8.756E-01  5.225E-01  4.255E-01
 -4.1017500E+03  8.521E-01  4.323E-01  6.184E-01
 -4.1012500E+03  8.302E-01  4.676E-01  4.650E-01
 -4.1007500E+03  7.572E-01  4.483E-01  3.753E-01
 -4.1002500E+03  8.284E-01  4.464E-01  5.159E-01
 -4.0997500E+03  8.409E-01  5.026E-01  4.157E-01
 -4.0992500E+03  7.845E-01  4.385E-01  4.600E-01
 -4.0987500E+03  8.703E-01  5.116E-01  4.260E-01
 -4.0982500E+03  7.998E-01  4.349E-01  4.732E-01
 -4.0977500E+03  8.289E-01  4.826E-01  4.368E-01
 -4.0972500E+03  9.373E-01  5.305E-01  5.160E-01
 -4.0967500E+03  7.482E-01  3.943E-01  4.943E-01
 -4.0962500E+03  9.031E-01  5.424E-01  4.166E-01
 -4.0957500E+03  8.570E-01  5.325E-01  3.759E-01
 -4.0952500E+03  8.573E-01  4.748E-01  4.980E-01
 -4.0947500E+03  7.953E-01  4.241E-01  4.827E-01
 -4.0942500E+03  7.988E-01  4.241E-01  5.202E-01
 -4.0937500E+03  7.253E-01  4.323E-01  3.620E-01
 -4.0932500E+03  6.883E-01  3.849E-01  3.960E-01
 -4.0927500E+03  8.025E-01  4.550E-01  4.517E-01
 -4.0922500E+03  8.589E-01  5.015E-01  4.378E-01
 -4.0917500E+03  8.036E-01  4.589E-01  4.338E-01
 -4.0912500E+03  8.069E-01  4.626E-01  4.294E-01
 -4.0907500E+03  8.294E-01  4.638E-01  4.690E-01
 -4.0902500E+03  7.607E-01  4.322E-01  4.086E-01
 -4.0897500E+03  7.697E-01  4.189E-01  4.725E-01
 -4.0892500E+03  7.994E-01  4.306E-01  5.113E-01
 -4.0887500E+03  7.273E-01  3.844E-01  4.759E-01
 -4.0882500E+03  6.616E-01  3.625E-01  4.052E-01
 -4.0877500E+03  8.321E-01  4.444E-01  5.281E-01
 -4.0872500E+03  8.417E-01  4.836E-01  4.362E-01
 -4.0867500E+03  6.646E-01  3.850E-01  3.534E-01
 -4.0862500E+03  7.949E-01  4.621E-01  3.987E-01
 -4.0857500E+03  7.327E-01  4.200E-01  4.094E-01
 -4.0852500E+03  6.797E-01  3.511E-01  4.605E-01
 -4.0847500E+03  7.270E-01  3.958E-01  4.407E-01
 -4.0842500E+03  7.053E-01  3.984E-01  3.788E-01
 -4.0837500E+03  7.060E-01  4.033E-01  3.926E-01
 -4.0832500E+03  7.796E-01  4.492E-01  4.034E-01
 -4.0827500E+03  7.306E-01  4.377E-01  3.243E-01
 -4.0822500E+03  7.917E-01  4.476E-01  4.519E-01
 -4.0817500E+03  6.502E-01  3.703E-01  3.574E-01
 -4.0812500E+03  6.668E-01  3.800E-01  3.937E-01
 -4.0807500E+03  6.451E-01  3.491E-01  4.044E-01
 -4.0802500E+03  6.995E-01  3.960E-01  3.769E-01
 -4.0797500E+03  7.466E-01  4.319E-01  3.823E-01
 -4.0792500E+03  6.829E-01  4.120E-01  3.211E-01
 -4.0787500E+03  6.782E-01  3.746E-01  3.966E-01
 -4.0782500E+03  6.725E-01  3.913E-01  3.275E-01
 -4.0777500E+03  6.494E-01  3.795E-01  3.210E-01
 -4.0772500E+03  7.005E-01  4.249E-01  3.155E-01
 -4.0767500E+03  6.694E-01  3.597E-01  4.380E-01
 -4.0762500E+03  6.982E-01  3.560E-01  4.517E-01
 -4.0757500E+03  6.484E-01  3.928E-01  2.706E-01
 -4.0752500E+03  6.723E-01  4.026E-01  3.201E-01
 -4.0747500E+03  6.390E-01  3.143E-01  4.833E-01
 -4.0742500E+03  6.849E-01  3.737E-01  4.095E-01
 -4.0737500E+03  6.302E-01  3.478E-01  3.844E-01
 -4.0732500E+03  6.517E-01  3.792E-01  3.382E-01
 -4.0727500E+03  6.567E-01  4.017E-01  2.778E-01
 -4.0722500E+03  6.240E-01  3.234E-01  4.270E-01
 -4.0717500E+03  6.489E-01  3.727E-01  3.362E-01
 -4.0712500E+03  6.909E-01  3.779E-01  4.074E-01
 -4.0707500E+03  6.253E-01  3.428E-01  3.877E-01
 -4.0702500E+03  5.950E-01  3.291E-01  3.507E-01
 -4.0697500E+03  6.518E-01  3.831E-01  3.414E-01
 -4.0692500E+03  6.533E-01  3.823E-01  3.296E-01
 -4.0687500E+03  6.582E-01  3.619E-01  3.769E-01
 -4.0682500E+03  5.921E-01  3.306E-01  3.531E-01
 -4.0677500E+03  5.887E-01  2.984E-01  4.359E-01
 -4.0672500E+03  6.129E-01  3.433E-01  3.711E-01
 -4.0667500E+03  6.735E-01  3.593E-01  4.186E-01
 -4.0662500E+03  5.843E-01  3.313E-01  3.222E-01
 -4.0657500E+03  5.557E-01  2.907E-01  3.791E-01
 -4.0652500E+03  6.257E-01  3.432E-01  3.919E-01
 -4.0647500E+03  6.485E-01  4.040E-01  2.525E-01
 -4.0642500E+03  5.709E-01  3.271E-01  3.132E-01
 -4.0637500E+03  5.544E-01  3.228E-01  2.791E-01
 -4.0632500E+03  6.426E-01  3.851E-01  2.994E-01
 -4.0627500E+03  5.603E-01  2.940E-01  3.743E-01
 -4.0622500E+03  6.082E-01  3.521E-01  3.126E-01
 -4.0617500E+03  5.813E-01  3.290E-01  3.440E-01
 -4.0612500E+03  5.944E-01  3.272E-01  3.527E-01
 -4.0607500E+03  6.095E-01  3.179E-01  3.670E-01
 -4.0602500E+03  5.944E-01  3.478E-01  3.023E-01
 -4.0597500E+03  5.873E-01  3.600E-01  2.547E-01
 -4.0592500E+03  5.636E-01  3.089E-01  3.280E-01
 -4.0587500E+03  5.069E-01  3.044E-01  2.536E-01
 -4.0582500E+03  6.299E-01  3.767E-01  2.877E-01
 -4.0577500E+03  6.451E-01  3.489E-01  4.138E-01
 -4.0572500E+03  5.944E-01  3.571E-01  2.907E-01
 -4.0567500E+03  6.063E-01  3.444E-01  3.410E-01
 -4.0562500E+03  5.039E-01  2.470E-01  3.502E-01
 -4.0557500E+03  5.821E-01  3.353E-01  3.257E-01
 -4.0552500E+03  5.506E-01  3.200E-01  2.904E-01
 -4.0547500E+03  5.743E-01  3.293E-01  3.087E-01
 -4.0542500E+03  5.600E-01  3.034E-01  3.713E-01
 -4.0537500E+03  5.693E-01  3.065E-01  3.639E-01
 -4.0532500E+03  5.489E-01  2.752E-01  4.045E-01
 -4.0527500E+03  4.984E-01  3.053E-01  2.231E-01
 -4.0522500E+03  5.110E-01  2.837E-01  2.853E-01
 -4.0517500E+03  5.989E-01  3.743E-01  2.290E-01
 -4.0512500E+03  4.827E-01  2.900E-01  2.463E-01
 -4.0507500E+03  5.999E-01  3.505E-01  2.863E-01
 -4.0502500E+03  4.794E-01  2.664E-01  2.667E-01
 -4.0497500E+03  5.740E-01  3.447E-01  2.650E-01
 -4.0492500E+03  5.518E-01  3.338E-01  2.661E-01
 -4.0487500E+03  5.279E-01  2.578E-01  4.021E-01
 -4.0482500E+03  5.429E-01  2.770E-01  3.752E-01
 -4.0477500E+03  4.918E-01  2.638E-01  3.374E-01
 -4.0472500E+03  5.411E-01  3.035E-01  2.956E-01
 -4.0467500E+03  4.321E-01  2.045E-01  3.586E-01
 -4.0462500E+03  5.225E-01  3.170E-01  2.300E-01
 -4.0457500E+03  5.384E-01  3.286E-01  2.272E-01
 -4.0452500E+03  4.572E-01  2.439E-01  2.923E-01
 -4.0447500E+03  5.249E-01  2.725E-01  3.505E-01
 -4.0442500E+03  4.844E-01  2.956E-01  2.211E-01
 -4.0437500E+03  4.542E-01  2.786E-01  2.075E-01
 -4.0432500E+03  4.651E-01  2.475E-01  2.898E-01
 -4.0427500E+03  4.786E-01  2.502E-01  3.178E-01
 -4.0422500E+03  4.201E-01  2.320E-01  2.618E-01
 -4.0417500E+03  5.267E-01  3.218E-01  2.310E-01
 -4.0412500E+03  4.754E-01  2.792E-01  2.506E-01
 -4.0407500E+03  5.136E-01  3.179E-01  2.156E-01
 -4.0402500E+03  4.734E-01  2.560E-01  2.912E-01
 -4.0397500E+03  4.967E-01  2.881E-01  2.500E-01
 -4.0392500E+03  5.283E-01  3.008E-01  2.890E-01
 -4.0387500E+03  4.911E-01  2.833E-01  2.514E-01
 -4.0382500E+03  4.865E-01  2.930E-01  2.174E-01
 -4.0377500E+03  4.454E-01  2.664E-01  2.070E-01
 -4.0372500E+03  4.730E-01  2.656E-01  2.755E-01
 -4.0367500E+03  4.943E-01  2.378E-01  3.792E-01
 -4.0362500E+03  4.735E-01  2.507E-01  3.180E-01
 -4.0357500E+03  4.944E-01  2.857E-01  2.561E-01
 -4.0352500E+03  5.038E-01  2.939E-01  2.568E-01
 -4.0347500E+03  4.918E-01  2.890E-01  2.314E-01
 -4.0342500E+03  4.929E-01  2.563E-01  3.262E-01
 -4.0337500E+03  3.553E-01  1.874E-01  2.386E-01
 -4.0332500E+03  4.120E-01  2.596E-01  1.687E-01
 -4.0327500E+03  4.725E-01  2.449E-01  3.215E-01
 -4.0322500E+03  4.065E-01  2.265E-01  2.395E-01
 -4.0317500E+03  4.371E-01  2.701E-01  1.831E-01
 -4.0312500E+03  4.856E-01  2.745E-01  2.900E-01
 -4.0307500E+03  4.685E-01  2.458E-01  3.156E-01
 -4.0302500E+03  4.525E-01  2.683E-01  2.127E-01
 -4.0297500E+03  4.428E-01  2.606E-01  2.211E-01
 -4.0292500E+03  5.186E-01  3.014E-01  2.587E-01
 -4.0287500E+03  4.684E-01  2.664E-01  2.405E-01
 -4.0282500E+03  4.259E-01  2.327E-01  2.605E-01
 -4.0277500E+03  3.961E-01  2.332E-01  2.215E-01
 -4.0272500E+03  3.752E-01  1.983E-01  2.511E-01
 -4.0267500E+03  4.378E-01  2.507E-01  2.505E-01
 -4.0262500E+03  4.464E-01  2.533E-01  2.788E-01
 -4.0257500E+03  4.168E-01  2.293E-01  2.555E-01
 -4.0252500E+03  4.464E-01  2.389E-01  2.471E-01
 -4.0247500E+03  4.116E-01  2.459E-01  1.945E-01
 -4.0242500E+03  3.811E-01  2.333E-01  1.889E-01
 -4.0237500E+03  4.519E-01  2.247E-01  3.423E-01
 -4.0232500E+03  4.625E-01  2.626E-01  2.407E-01
 -4.0227500E+03  3.417E-01  2.015E-01  1.674E-01
 -4.0222500E+03  3.858E-01  2.032E-01  2.575E-01
 -4.0217500E+03  4.856E-01  2.696E-01  2.917E-01
 -4.0212500E+03  3.990E-01  2.049E-01  2.684E-01
 -4.0207500E+03  3.720E-01  1.807E-01  2.772E-01
 -4.0202500E+03  3.876E-01  2.209E-01  2.018E-01
 -4.0197500E+03  4.122E-01  2.283E-01  2.389E-01
 -4.0192500E+03  4.793E-01  2.833E-01  2.407E-01
 -4.0187500E+03  4.279E-01  2.460E-01  2.326E-01
 -4.0182500E+03  3.696E-01  2.169E-01  1.836E-01
 -4.0177500E+03  3.950E-01  1.981E-01  2.731E-01
 -4.0172500E+03  4.279E-01  2.355E-01  2.622E-01
 -4.0167500E+03  3.962E-01  2.086E-01  2.595E-01
 -4.0162500E+03  4.219E-01  2.596E-01  1.981E-01
 -4.0157500E+03  3.988E-01  2.254E-01  2.255E-01
 -4.0152500E+03  3.717E-01  2.186E-01  1.824E-01
 -4.0147500E+03  4.191E-01  2.554E-01  1.954E-01
 -4.0142500E+03  3.507E-01  2.113E-01  1.501E-01
 -4.0137500E+03  3.846E-01  2.151E-01  2.212E-01
 -4.0132500E+03  4.472E-01  2.501E-01  2.451E-01
 -4.0127500E+03  3.153E-01  1.464E-01  2.649E-01
 -4.0122500E+03  3.335E-01  1.866E-01  1.917E-01
 -4.0117500E+03  4.055E-01  1.970E-01  2.919E-01
 -4.0112500E+03  4.246E-01  2.618E-01  2.001E-01
 -4.0107500E+03  3.837E-01  2.313E-01  1.799E-01
 -4.0102500E+03  4.093E-01  2.382E-01  2.175E-01
 -4.0097500E+03  3.933E-01  2.344E-01  1.965E-01
 -4.0092500E+03  3.515E-01  1.858E-01  2.161E-01
 -4.0087500E+03  3.552E-01  1.847E-01  2.396E-01
 -4.0082500E+03  3.873E-01  2.125E-01  2.530E-01
 -4.0077500E+03  3.663E-01  2.217E-01  1.648E-01
 -4.0072500E+03  3.370E-01  1.565E-01  2.588E-01
 -4.0067500E+03  4.068E-01  2.035E-01  2.927E-01
 -4.0062500E+03  3.649E-01  2.324E-01  1.554E-01
 -4.0057500E+03  3.433E-01  2.128E-01  1.564E-01
 -4.0052500E+03  3.220E-01  1.687E-01  2.302E-01
 -4.0047500E+03  4.248E-01  2.269E-01  2.867E-01
 -4.0042500E+03  3.673E-01  1.872E-01  2.499E-01
 -4.0037500E+03  3.104E-01  1.805E-01  1.500E-01
 -4.0032500E+03  3.533E-01  1.796E-01  2.276E-01
 -4.0027500E+03  3.524E-01  2.064E-01  1.668E-01
 -4.0022500E+03  3.061E-01  1.872E-01  1.611E-01
 -4.0017500E+03  3.503E-01  1.985E-01  2.040E-01
 -4.0012500E+03  3.411E-01  1.910E-01  2.026E-01
 -4.0007500E+03  3.756E-01  2.082E-01  2.219E-01
 -4.0002500E+03  3.868E-01  2.066E-01  2.293E-01
 -3.9997500E+03  3.984E-01  2.449E-01  1.476E-01
 -3.9992500E+03  3.560E-01  2.081E-01  1.767E-01
 -3.9987500E+03  3.396E-01  1.730E-01  2.398E-01
 -3.9982500E+03  3.640E-01  1.856E-01  2.475E-01
 -3.9977500E+03  3.259E-01  1.785E-01  1.838E-01
 -3.9972500E+03  3.484E-01  1.957E-01  1.822E-01
 -3.9967500E+03  3.781E-01  2.221E-01  2.018E-01
 -3.9962500E+03  3.148E-01  1.986E-01  1.196E-01
 -3.9957500E+03  2.963E-01  1.848E-01  1.364E-01
 -3.9952500E+03  3.352E-01  1.956E-01  1.729E-01
 -3.9947500E+03  3.715E-01  2.212E-01  1.802E-01
 -3.9942500E+03  3.727E-01  2.161E-01  1.928E-01
 -3.9937500E+03  3.098E-01  1.492E-01  2.449E-01
 -3.9932500E+03  3.328E-01  1.831E-01  2.081E-01
 -3.9927500E+03  3.681E-01  2.316E-01  1.320E-01
 -3.9922500E+03  2.719E-01  1.640E-01  1.466E-01
 -3.9917500E+03  2.823E-01  1.461E-01  1.997E-01
 -3.9912500E+03  2.872E-01  1.443E-01  2.069E-01
 -3.9907500E+03  3.146E-01  1.498E-01  2.118E-01
 -3.9902500E+03  3.385E-01  2.148E-01  1.480E-01
 -3.9897500E+03  3.957E-01  2.301E-01  2.121E-01
 -3.9892500E+03  3.344E-01  1.900E-01  1.848E-01
 -3.9887500E+03  3.173E-01  2.047E-01  1.095E-01
 -3.9882500E+03  2.574E-01  1.443E-01  1.549E-01
 -3.9877500E+03  2.479E-01  1.216E-01  1.925E-01
 -3.9872500E+03  2.846E-01  1.691E-01  1.193E-01
 -3.9867500E+03  3.273E-01  1.886E-01  1.738E-01
 -3.9862500E+03  3.053E-01  1.616E-01  2.257E-01
 -3.9857500E+03  3.257E-01  1.814E-01  2.147E-01
 -3.9852500E+03  2.739E-01  1.500E-01  1.510E-01
 -3.9847500E+03  3.010E-01  1.580E-01  2.042E-01
 -3.9842500E+03  3.202E-01  1.672E-01  2.182E-01
 -3.9837500E+03  3.321E-01  1.924E-01  1.838E-01
 -3.9832500E+03  2.955E-01  1.358E-01  2.333E-01
 -3.9827500E+03  2.657E-01  1.230E-01  2.168E-01
 -3.9822500E+03  3.308E-01  1.975E-01  1.424E-01
 -3.9817500E+03  3.312E-01  1.869E-01  1.667E-01
 -3.9812500E+03  3.257E-01  1.959E-01  1.606E-01
 -3.9807500E+03  2.976E-01  1.641E-01  1.741E-01
 -3.9802500E+03  3.044E-01  1.770E-01  1.568E-01
 -3.9797500E+03  3.276E-01  1.941E-01  1.416E-01
 -3.9792500E+03  3.232E-01  1.793E-01  1.978E-01
 -3.9787500E+03  3.141E-01  1.887E-01  1.761E-01
 -3.9782500E+03  2.863E-01  1.428E-01  2.003E-01
 -3.9777500E+03  3.047E-01  1.479E-01  2.215E-01
 -3.9772500E+03  3.226E-01  1.903E-01  1.590E-01
 -3.9767500E+03  2.767E-01  1.429E-01  1.841E-01
 -3.9762500E+03  2.892E-01  1.608E-01  1.447E-01
 -3.9757500E+03  2.440E-01  1.189E-01  1.910E-01
 -3.9752500E+03  2.336E-01  1.369E-01  1.213E-01
 -3.9747500E+03  2.601E-01  1.280E-01  1.844E-01
 -3.9742500E+03  3.099E-01  1.943E-01  1.343E-01
 -3.9737500E+03  2.547E-01  1.444E-01  1.593E-01
 -3.9732500E+03  3.075E-01  1.645E-01  1.836E-01
 -3.9727500E+03  2.993E-01  1.682E-01  1.808E-01
 -3.9722500E+03  3.202E-01  1.757E-01  1.792E-01
 -3.9717500E+03  2.809E-01  1.669E-01  1.322E-01
 -3.9712500E+03  2.725E-01  1.748E-01  9.673E-02
 -3.9707500E+03  3.105E-01  1.654E-01  2.103E-01
 -3.9702500E+03  3.219E-01  1.524E-01  2.631E-01
 -3.9697500E+03  2.839E-01  1.572E-01  1.622E-01
 -3.9692500E+03  2.971E-01  1.793E-01  1.208E-01
 -3.9687500E+03  2.589E-01  1.618E-01  1.260E-01
 -3.9682500E+03  2.695E-01  1.714E-01  1.166E-01
 -3.9677500E+03  2.947E-01  1.681E-01  1.613E-01
 -3.9672500E+03  2.362E-01  1.161E-01  1.759E-01
 -3.9667500E+03  2.427E-01  1.246E-01  1.720E-01
 -3.9662500E+03  2.287E-01  1.385E-01  9.912E-02
 -3.9657500E+03  2.050E-01  9.965E-02  1.252E-01
 -3.9652500E+03  2.886E-01  1.532E-01  1.953E-01
 -3.9647500E+03  3.192E-01  1.842E-01  1.642E-01
 -3.9642500E+03  2.315E-01  1.292E-01  1.435E-01
 -3.9637500E+03  2.429E-01  1.271E-01  1.650E-01
 -3.9632500E+03  3.092E-01  1.867E-01  1.338E-01
 -3.9627500E+03  2.457E-01  1.400E-01  1.462E-01
 -3.9622500E+03  2.710E-01  1.525E-01  1.614E-01
 -3.9617500E+03  2.663E-01  1.609E-01  1.039E-01
 -3.9612500E+03  2.705E-01  1.522E-01  1.468E-01
 -3.9607500E+03  2.399E-01  1.097E-01  2.191E-01
 -3.9602500E+03  2.544E-01  1.310E-01  1.868E-01
 -3.9597500E+03  3.188E-01  1.700E-01  1.984E-01
 -3.9592500E+03  2.438E-01  1.453E-01  1.303E-01
 -3.9587500E+03  2.297E-01  1.566E-01  5.784E-02
 -3.9582500E+03  2.020E-01  9.757E-02  1.573E-01
 -3.9577500E+03  2.407E-01  1.354E-01  1.440E-01
 -3.9572500E+03  2.885E-01  1.670E-01  1.395E-01
 -3.9567500E+03  2.747E-01  1.357E-01  1.475E-01
 -3.9562500E+03  2.009E-01  1.162E-01  1.322E-01
 -3.9557500E+03  2.359E-01  1.252E-01  1.613E-01
 -3.9552500E+03  2.753E-01  1.509E-01  1.877E-01
 -3.9547500E+03  2.290E-01  1.303E-01  1.462E-01
 -3.9542500E+03  2.042E-01  1.134E-01  1.275E-01
 -3.9537500E+03  2.458E-01  1.268E-01  1.676E-01
 -3.9532500E+03  2.761E-01  1.579E-01  1.421E-01
 -3.9527500E+03  2.936E-01  1.726E-01  1.198E-01
 -3.9522500E+03  1.805E-01  9.157E-02  9.521E-02
 -3.9517500E+03  2.681E-01  1.811E-01  9.726E-02
 -3.9512500E+03  2.669E-01  1.827E-01  1.014E-01
 -3.9507500E+03  2.284E-01  1.305E-01  1.275E-01
 -3.9502500E+03  2.381E-01  1.436E-01  1.219E-01
 -3.9497500E+03  2.366E-01  1.402E-01  1.454E-01
 -3.9492500E+03  2.751E-01  1.450E-01  1.504E-01
 -3.9487500E+03  2.503E-01  1.123E-01  2.072E-01
 -3.9482500E+03  2.636E-01  1.664E-01  1.053E-01
 -3.9477500E+03  2.145E-01  1.182E-01  1.112E-01
 -3.9472500E+03  2.839E-01  1.481E-01  1.757E-01
 -3.9467500E+03  2.340E-01  1.140E-01  1.829E-01
 -3.9462500E+03  1.855E-01  8.731E-02  1.428E-01
 -3.9457500E+03  1.974E-01  1.004E-01  1.447E-01
 -3.9452500E+03  2.178E-01  1.069E-01  1.732E-01
 -3.9447500E+03  2.005E-01  9.367E-02  1.535E-01
 -3.9442500E+03  2.318E-01  1.393E-01  9.628E-02
 -3.9437500E+03  2.501E-01  1.522E-01  1.381E-01
 -3.9432500E+03  2.692E-01  1.516E-01  1.531E-01
 -3.9427500E+03  2.520E-01  1.446E-01  1.500E-01
 -3.9422500E+03  2.125E-01  1.334E-01  9.883E-02
 -3.9417500E+03  2.020E-01  1.278E-01  8.104E-02
 -3.9412500E+03  2.033E-01  1.155E-01  1.056E-01
 -3.9407500E+03  2.069E-01  1.077E-01  1.316E-01
 -3.9402500E+03  2.031E-01  1.057E-01  1.343E-01
 -3.9397500E+03  1.867E-01  8.816E-02  1.517E-01
 -3.9392500E+03  2.347E-01  1.328E-01  1.160E-01
 -3.9387500E+03  2.056E-01  1.156E-01  1.061E-01
 -3.9382500E+03  2.068E-01  1.296E-01  9.559E-02
 -3.9377500E+03  2.575E-01  1.504E-01  1.063E-01
 -3.9372500E+03  2.457E-01  1.314E-01  1.424E-01
 -3.9367500E+03  2.494E-01  1.241E-01  1.727E-01
 -3.9362500E+03  2.145E-01  1.317E-01  1.214E-01
 -3.9357500E+03  1.709E-01  8.631E-02  1.312E-01
 -3.9352500E+03  1.913E-01  1.213E-01  1.140E-01
 -3.9347500E+03  2.577E-01  1.332E-01  1.578E-01
 -3.9342500E+03  1.911E-01  1.111E-01  9.591E-02
 -3.9337500E+03  1.893E-01  9.761E-02  1.438E-01
 -3.9332500E+03  1.951E-01  1.058E-01  1.178E-01
 -3.9327500E+03  1.705E-01  7.162E-02  1.588E-01
 -3.9322500E+03  2.047E-01  1.200E-01  1.091E-01
 -3.9317500E+03  2.098E-01  1.156E-01  1.055E-01
 -3.9312500E+03  2.325E-01  1.258E-01  1.356E-01
 -3.9307500E+03  1.930E-01  9.245E-02  1.127E-01
 -3.9302500E+03  2.066E-01  1.343E-01  8.373E-02
 -3.9297500E+03  1.642E-01  8.996E-02  1.090E-01
 -3.9292500E+03  2.159E-01  1.062E-01  1.515E-01
 -3.9287500E+03  1.960E-01  1.287E-01  7.152E-02
 -3.9282500E+03  2.037E-01  1.310E-01  8.456E-02
 -3.9277500E+03  2.250E-01  1.127E-01  1.509E-01
 -3.9272500E+03  1.845E-01  1.087E-01  8.220E-02
 -3.9267500E+03  1.744E-01  9.947E-02  1.212E-01
 -3.9262500E+03  2.372E-01  1.444E-01  1.142E-01
 -3.9257500E+03  1.567E-01  1.105E-01  6.307E-02
 -3.9252500E+03  1.714E-01  1.138E-01  9.932E-02
 -3.9247500E+03  2.385E-01  1.187E-01  1.673E-01
 -3.9242500E+03  1.730E-01  1.096E-01  7.951E-02
 -3.9237500E+03  2.047E-01  1.200E-01  1.002E-01
 -3.9232500E+03  2.329E-01  9.399E-02  1.613E-01
 -3.9227500E+03  1.694E-01  9.680E-02  1.071E-01
 -3.9222500E+03  1.927E-01  1.228E-01  8.291E-02
 -3.9217500E+03  2.032E-01  1.269E-01  9.379E-02
 -3.9212500E+03  1.764E-01  9.421E-02  1.221E-01
 -3.9207500E+03  2.034E-01  9.345E-02  1.688E-01
 -3.9202500E+03  1.768E-01  1.078E-01  5.799E-02
 -3.9197500E+03  2.348E-01  1.366E-01  1.036E-01
 -3.9192500E+03  1.827E-01  1.107E-01  8.977E-02
 -3.9187500E+03  2.155E-01  1.087E-01  1.556E-01
 -3.9182500E+03  1.710E-01  8.501E-02  1.241E-01
 -3.9177500E+03  1.945E-01  9.992E-02  1.306E-01
 -3.9172500E+03  1.923E-01  1.055E-01  1.127E-01
 -3.9167500E+03  1.687E-01  8.797E-02  1.245E-01
 -3.9162500E+03  1.703E-01  1.050E-01  7.510E-02
 -3.9157500E+03  1.824E-01  1.118E-01  7.554E-02
 -3.9152500E+03  2.120E-01  1.389E-01  7.077E-02
 -3.9147500E+03  1.667E-01  9.420E-02  1.009E-01
 -3.9142500E+03  2.068E-01  1.151E-01  1.269E-01
 -3.9137500E+03  1.907E-01  1.122E-01  1.044E-01
 -3.9132500E+03  2.407E-01  1.300E-01  1.451E-01
 -3.9127500E+03  1.963E-01  9.207E-02  1.488E-01
 -3.9122500E+03  1.405E-01  5.984E-02  1.530E-01
 -3.9117500E+03  1.900E-01  1.088E-01  8.985E-02
 -3.9112500E+03  1.886E-01  1.060E-01  1.001E-01
 -3.9107500E+03  1.666E-01  1.183E-01  3.829E-02
 -3.9102500E+03  1.446E-01  7.957E-02  8.368E-02
 -3.9097500E+03  1.703E-01  9.038E-02  1.040E-01
 -3.9092500E+03  1.835E-01  1.162E-01  8.357E-02
 -3.9087500E+03  1.883E-01  1.155E-01  1.013E-01
 -3.9082500E+03  1.997E-01  1.069E-01  1.341E-01
 -3.9077500E+03  1.691E-01  1.052E-01  6.613E-02
 -3.9072500E+03  1.646E-01  8.966E-02  9.711E-02
 -3.9067500E+03  1.429E-01  7.481E-02  1.200E-01
 -3.9062500E+03  1.556E-01  8.015E-02  1.148E-01
 -3.9057500E+03  1.154E-01  5.249E-02  1.010E-01
 -3.9052500E+03  1.624E-01  9.741E-02  9.123E-02
 -3.9047500E+03  2.137E-01  9.852E-02  1.555E-01
 -3.9042500E+03  2.049E-01  1.086E-01  1.279E-01
 -3.9037500E+03  1.465E-01  7.586E-02  9.123E-02
 -3.9032500E+03  1.380E-01  7.783E-02  7.142E-02
 -3.9027500E+03  2.161E-01  1.210E-01  1.135E-01
 -3.9022500E+03  1.943E-01  1.104E-01  9.842E-02
 -3.9017500E+03  1.808E-01  1.037E-01  9.347E-02
 -3.9012500E+03  1.568E-01  8.482E-02  9.174E-02
 -3.9007500E+03  1.600E-01  9.279E-02  8.861E-02
 -3.9002500E+03  1.845E-01  1.039E-01  1.016E-01
 -3.8997500E+03  1.915E-01  1.227E-01  6.495E-02
 -3.8992500E+03  1.811E-01  9.121E-02  1.178E-01
 -3.8987500E+03  1.603E-01  9.062E-02  8.338E-02
 -3.8982500E+03  1.681E-01  9.912E-02  7.779E-02
 -3.8977500E+03  1.785E-01  9.917E-02  1.019E-01
 -3.8972500E+03  1.689E-01  9.419E-02  1.133E-01
 -3.8967500E+03  1.773E-01  1.110E-01  7.501E-02
 -3.8962500E+03  1.473E-01  7.941E-02  9.946E-02
 -3.8957500E+03  1.217E-01  8.049E-02  8.012E-02
 -3.8952500E+03  1.955E-01  1.163E-01  9.807E-02
 -3.8947500E+03  1.730E-01  9.282E-02  1.128E-01
 -3.8942500E+03  1.724E-01  9.149E-02  1.178E-01
 -3.8937500E+03  1.493E-01  9.606E-02  4.656E-02
 -3.8932500E+03  1.417E-01  6.767E-02  1.045E-01
 -3.8927500E+03  1.804E-01  7.765E-02  1.542E-01
 -3.8922500E+03  1.229E-01  7.978E-02  6.344E-02
 -3.8917500E+03  9.960E-02  6.188E-02  4.736E-02
 -3.8912500E+03  1.638E-01  9.993E-02  6.116E-02
 -3.8907500E+03  1.790E-01  8.833E-02  1.272E-01
 -3.8902500E+03  1.365E-01  7.166E-02  9.730E-02
 -3.8897500E+03  1.223E-01  5.522E-02  1.118E-01
 -3.8892500E+03  1.602E-01  9.215E-02  8.278E-02
 -3.8887500E+03  1.465E-01  8.452E-02  8.174E-02
 -3.8882500E+03  1.655E-01  8.315E-02  9.315E-02
 -3.8877500E+03  1.723E-01  1.082E-01  4.801E-02
 -3.8872500E+03  1.426E-01  9.947E-02  4.766E-02
 -3.8867500E+03  1.607E-01  8.358E-02  1.188E-01
 -3.8862500E+03  1.279E-01  6.641E-02  8.320E-02
 -3.8857500E+03  1.685E-01  8.212E-02  1.168E-01
 -3.8852500E+03  1.553E-01  9.123E-02  9.701E-02
 -3.8847500E+03  1.522E-01  8.550E-02  8.516E-02
 -3.8842500E+03  1.338E-01  9.228E-02  5.548E-02
 -3.8837500E+03  1.731E-01  1.054E-01  9.440E-02
 -3.8832500E+03  1.492E-01  8.222E-02  8.191E-02
 -3.8827500E+03  1.115E-01  4.462E-02  1.120E-01
 -3.8822500E+03  1.700E-01  8.673E-02  1.222E-01
 -3.8817500E+03  1.263E-01  7.029E-02  7.192E-02
 -3.8812500E+03  1.420E-01  7.649E-02  9.787E-02
 -3.8807500E+03  1.390E-01  8.695E-02  5.911E-02
 -3.8802500E+03  1.369E-01  6.775E-02  8.834E-02
 -3.8797500E+03  1.549E-01  7.043E-02  1.161E-01
 -3.8792500E+03  9.930E-02  4.623E-02  8.558E-02
 -3.8787500E+03  1.048E-01  4.052E-02  1.244E-01
 -3.8782500E+03  1.915E-01  1.048E-01  9.006E-02
 -3.8777500E+03  2.087E-01  1.221E-01  1.004E-01
 -3.8772500E+03  1.549E-01  9.650E-02  7.815E-02
 -3.8767500E+03  1.316E-01  6.965E-02  8.265E-02
 -3.8762500E+03  1.183E-01  6.723E-02  6.015E-02
 -3.8757500E+03  1.515E-01  8.826E-02  9.901E-02
 -3.8752500E+03  1.625E-01  1.016E-01  6.496E-02
 -3.8747500E+03  1.333E-01  8.345E-02  5.470E-02
 -3.8742500E+03  1.579E-01  1.056E-01  3.219E-02
 -3.8737500E+03  1.519E-01  8.132E-02  7.192E-02
 -3.8732500E+03  1.324E-01  5.856E-02  1.246E-01
 -3.8727500E+03  1.126E-01  6.290E-02  7.907E-02
 -3.8722500E+03  1.358E-01  9.626E-02  3.699E-02
 -3.8717500E+03  1.363E-01  6.026E-02  1.067E-01
 -3.8712500E+03  1.124E-01  6.026E-02  5.802E-02
 -3.8707500E+03  1.064E-01  7.266E-02  5.052E-02
 -3.8702500E+03  1.417E-01  8.676E-02  6.251E-02
 -3.8697500E+03  1.226E-01  7.711E-02  5.952E-02
 -3.8692500E+03  1.687E-01  9.876E-02  8.254E-02
 -3.8687500E+03  1.491E-01  9.035E-02  5.987E-02
 -3.8682500E+03  1.228E-01  6.902E-02  5.671E-02
 -3.8677500E+03  1.414E-01  9.395E-02  6.185E-02
 -3.8672500E+03  1.517E-01  7.664E-02  1.002E-01
 -3.8667500E+03  1.260E-01  5.249E-02  1.066E-01
 -3.8662500E+03  1.028E-01  6.055E-02  5.322E-02
 -3.8657500E+03  1.740E-01  1.095E-01  6.291E-02
 -3.8652500E+03  1.587E-01  1.064E-01  4.106E-02
 -3.8647500E+03  1.355E-01  8.355E-02  7.951E-02
 -3.8642500E+03  1.430E-01  7.590E-02  9.755E-02
 -3.8637500E+03  1.090E-01  7.408E-02  2.986E-02
 -3.8632500E+03  1.604E-01  9.045E-02  9.594E-02
 -3.8627500E+03  1.333E-01  6.421E-02  1.029E-01
 -3.8622500E+03  1.595E-01  9.638E-02  7.182E-02
 -3.8617500E+03  1.114E-01  6.226E-02  7.287E-02
 -3.8612500E+03  1.365E-01  8.436E-02  4.700E-02
 -3.8607500E+03  1.065E-01  6.446E-02  7.136E-02
 -3.8602500E+03  1.022E-01  5.076E-02  9.251E-02
 -3.8597500E+03  1.125E-01  6.043E-02  7.419E-02
 -3.8592500E+03  1.438E-01  7.599E-02  7.360E-02
 -3.8587500E+03  1.306E-01  7.183E-02  7.519E-02
 -3.8582500E+03  1.670E-01  1.048E-01  6.069E-02
 -3.8577500E+03  1.395E-01  8.694E-02  3.506E-02
 -3.8572500E+03  1.142E-01  6.311E-02  7.087E-02
 -3.8567500E+03  1.465E-01  7.152E-02  1.133E-01
 -3.8562500E+03  1.449E-01  7.642E-02  8.260E-02
 -3.8557500E+03  9.740E-02  5.520E-02  6.840E-02
 -3.8552500E+03  9.132E-02  6.820E-02  4.619E-02
 -3.8547500E+03  1.210E-01  6.275E-02  8.160E-02
 -3.8542500E+03  1.499E-01  9.571E-02  5.444E-02
 -3.8537500E+03  1.361E-01  7.571E-02  8.715E-02
 -3.8532500E+03  1.175E-01  6.325E-02  5.370E-02
 -3.8527500E+03  1.018E-01  6.717E-02  5.984E-02
 -3.8522500E+03  1.211E-01  7.289E-02  3.675E-02
 -3.8517500E+03  1.341E-01  7.000E-02  6.831E-02
 -3.8512500E+03  8.294E-02  5.772E-02  5.708E-02
 -3.8507500E+03  1.226E-01  4.676E-02  1.063E-01
 -3.8502500E+03  1.469E-01  8.078E-02  7.976E-02
 -3.8497500E+03  1.138E-01  6.410E-02  8.385E-02
 -3.8492500E+03  1.270E-01  6.643E-02  9.204E-02
 -3.8487500E+03  9.908E-02  7.730E-02  1.357E-02
 -3.8482500E+03  1.123E-01  5.849E-02  8.355E-02
 -3.8477500E+03  8.633E-02  2.955E-02  8.346E-02
 -3.8472500E+03  9.218E-02  4.720E-02  7.878E-02
 -3.8467500E+03  1.443E-01  8.525E-02  7.133E-02
 -3.8462500E+03  1.307E-01  6.044E-02  1.046E-01
 -3.8457500E+03  1.258E-01  7.386E-02  4.396E-02
 -3.8452500E+03  1.547E-01  9.114E-02  7.090E-02
 -3.8447500E+03  1.116E-01  8.298E-02  1.751E-02
 -3.8442500E+03  1.016E-01  6.269E-02  6.432E-02
 -3.8437500E+03  1.226E-01  6.193E-02  8.025E-02
 -3.8432500E+03  1.235E-01  5.167E-02  1.063E-01
 -3.8427500E+03  1.075E-01  4.922E-02  9.255E-02
 -3.8422500E+03  1.210E-01  7.687E-02  5.092E-02
 -3.8417500E+03  1.015E-01  5.764E-02  4.925E-02
 -3.8412500E+03  1.047E-01  6.370E-02  4.390E-02
 -3.8407500E+03  9.874E-02  4.895E-02  8.318E-02
 -3.8402500E+03  1.110E-01  5.466E-02  8.773E-02
 -3.8397500E+03  1.027E-01  4.850E-02  7.952E-02
 -3.8392500E+03  8.507E-02  5.642E-02  4.104E-02
 -3.8387500E+03  1.425E-01  7.657E-02  1.016E-01
 -3.8382500E+03  1.273E-01  7.943E-02  4.951E-02
 -3.8377500E+03  1.291E-01  7.530E-02  4.159E-02
 -3.8372500E+03  7.265E-02  4.802E-02  2.452E-02
 -3.8367500E+03  1.294E-01  8.533E-02  5.130E-02
 -3.8362500E+03  1.300E-01  5.732E-02  9.156E-02
 -3.8357500E+03  1.304E-01  7.539E-02  9.201E-02
 -3.8352500E+03  1.015E-01  5.925E-02  8.895E-02
 -3.8347500E+03  1.410E-01  7.370E-02  7.825E-02
 -3.8342500E+03  1.185E-01  6.791E-02  6.384E-02
 -3.8337500E+03  8.481E-02  5.383E-02  5.078E-02
 -3.8332500E+03  1.024E-01  7.039E-02  2.522E-02
 -3.8327500E+03  1.406E-01  5.814E-02  1.169E-01
 -3.8322500E+03  7.080E-02  2.450E-02  7.980E-02
 -3.8317500E+03  9.435E-02  3.844E-02  8.730E-02
 -3.8312500E+03  1.048E-01  4.469E-02  8.047E-02
