 -9.3175000E+02 -0.000E+00 -0.000E+00  0.000E+00
 -9.3125000E+02 -0.000E+00 -0.000E+00  0.000E+00
 -9.3075000E+02 -0.000E+00 -0.000E+00  0.000E+00
 -9.3025000E+02 -0.000E+00 -0.000E+00  0.000E+00
 -9.2975000E+02 -0.000E+00 -0.000E+00  0.000E+00
 -9.2925000E+02 -0.000E+00 -0.000E+00  0.000E+00
 -9.2875000E+02 -0.000E+00 -0.000E+00  0.000E+00
 -9.2825000E+02 -0.000E+00 -0.000E+00  0.000E+00
 -9.2775000E+02 -0.000E+00 -0.000E+00  0.000E+00
 -9.2725000E+02 -0.000E+00 -0.000E+00  0.000E+00
 -9.2675000E+02 -0.000E+00 -0.000E+00  0.000E+00
 -9.2625000E+02 -0.000E+00 -0.000E+00  0.000E+00
 -9.2575000E+02 -0.000E+00 -0.000E+00  0.000E+00
 -9.2525000E+02 -0.000E+00 -0.000E+00  0.000E+00
 -9.2475000E+02 -0.000E+00 -0.000E+00  0.000E+00
 -9.2425000E+02 -0.000E+00 -0.000E+00  0.000E+00
 -9.2375000E+02 -0.000E+00 -0.000E+00  0.000E+00
 -9.2325000E+02 -0.000E+00 -0.000E+00  0.000E+00
 -9.2275000E+02 -0.000E+00 -0.000E+00  0.000E+00
 -9.2225000E+02 -0.000E+00 -0.000E+00  0.000E+00
 -9.2175000E+02 -0.000E+00 -0.000E+00  0.000E+00
 -9.2125000E+02 -0.000E+00 -0.000E+00  0.000E+00
 -9.2075000E+02 -0.000E+00 -0.000E+00  0.000E+00
 -9.2025000E+02 -0.000E+00 -0.000E+00  0.000E+00
 -9.1975000E+02 -0.000E+00 -0.000E+00  0.000E+00
 -9.1925000E+02 -0.000E+00 -0.000E+00  0.000E+00
 -9.1875000E+02 -0.000E+00 -0.000E+00  0.000E+00
 -9.1825000E+02 -0.000E+00 -0.000E+00  0.000E+00
 -9.1775000E+02 -0.000E+00 -0.000E+00  0.000E+00
 -9.1725000E+02 -0.000E+00 -0.000E+00  0.000E+00
 -9.1675000E+02 -0.000E+00 -0.000E+00  0.000E+00
 -9.1625000E+02 -0.000E+00 -0.000E+00  0.000E+00
 -9.1575000E+02 -0.000E+00 -0.000E+00  0.000E+00
 -9.1525000E+02 -0.000E+00 -0.000E+00  0.000E+00
 -9.1475000E+02 -0.000E+00 -0.000E+00  0.000E+00
 -9.1425000E+02 -0.000E+00 -0.000E+00  0.000E+00
 -9.1375000E+02 -0.000E+00 -0.000E+00  0.000E+00
 -9.1325000E+02 -0.000E+00 -0.000E+00  0.000E+00
 -9.1275000E+02 -0.000E+00 -0.000E+00  0.000E+00
 -9.1225000E+02 -0.000E+00 -0.000E+00  0.000E+00
 -9.1175000E+02 -0.000E+00 -0.000E+00  0.000E+00
 -9.1125000E+02 -0.000E+00 -0.000E+00  0.000E+00
 -9.1075000E+02 -0.000E+00 -0.000E+00  0.000E+00
 -9.1025000E+02 -0.000E+00 -0.000E+00  0.000E+00
 -9.0975000E+02 -0.000E+00 -0.000E+00  0.000E+00
 -9.0925000E+02 -0.000E+00 -0.000E+00  0.000E+00
 -9.0875000E+02 -0.000E+00 -0.000E+00  0.000E+00
 -9.0825000E+02 -0.000E+00 -0.000E+00  0.000E+00
 -9.0775000E+02 -0.000E+00 -0.000E+00  0.000E+00
 -9.0725000E+02 -0.000E+00 -0.000E+00  0.000E+00
 -9.0675000E+02 -0.000E+00 -0.000E+00  0.000E+00
 -9.0625000E+02 -0.000E+00 -0.000E+00  0.000E+00
 -9.0575000E+02 -0.000E+00 -0.000E+00  0.000E+00
 -9.0525000E+02 -0.000E+00 -0.000E+00  0.000E+00
 -9.0475000E+02 -0.000E+00 -0.000E+00  0.000E+00
 -9.0425000E+02 -0.000E+00 -0.000E+00  0.000E+00
 -9.0375000E+02 -0.000E+00 -0.000E+00  0.000E+00
 -9.0325000E+02 -0.000E+00 -0.000E+00  0.000E+00
 -9.0275000E+02 -0.000E+00 -0.000E+00  0.000E+00
 -9.0225000E+02 -0.000E+00 -0.000E+00  0.000E+00
 -9.0175000E+02 -0.000E+00 -0.000E+00  0.000E+00
 -9.0125000E+02 -0.000E+00 -0.000E+00  0.000E+00
 -9.0075000E+02 -0.000E+00 -0.000E+00  0.000E+00
 -9.0025000E+02 -0.000E+00 -0.000E+00  0.000E+00
 -8.9975000E+02 -0.000E+00 -0.000E+00  0.000E+00
 -8.9925000E+02 -0.000E+00 -0.000E+00  0.000E+00
 -8.9875000E+02 -0.000E+00 -0.000E+00  0.000E+00
 -8.9825000E+02 -0.000E+00 -0.000E+00  0.000E+00
 -8.9775000E+02 -0.000E+00 -0.000E+00  0.000E+00
 -8.9725000E+02 -0.000E+00 -0.000E+00  0.000E+00
 -8.9675000E+02 -0.000E+00 -0.000E+00  0.000E+00
 -8.9625000E+02 -0.000E+00 -0.000E+00  0.000E+00
 -8.9575000E+02 -0.000E+00 -0.000E+00  0.000E+00
 -8.9525000E+02 -0.000E+00 -0.000E+00  0.000E+00
 -8.9475000E+02 -0.000E+00 -0.000E+00  0.000E+00
 -8.9425000E+02 -0.000E+00 -0.000E+00  0.000E+00
 -8.9375000E+02 -0.000E+00 -0.000E+00  0.000E+00
 -8.9325000E+02 -0.000E+00 -0.000E+00  0.000E+00
 -8.9275000E+02 -0.000E+00 -0.000E+00  0.000E+00
 -8.9225000E+02 -0.000E+00 -0.000E+00  0.000E+00
 -8.9175000E+02 -0.000E+00 -0.000E+00  0.000E+00
 -8.9125000E+02 -0.000E+00 -0.000E+00  0.000E+00
 -8.9075000E+02 -0.000E+00 -0.000E+00  0.000E+00
 -8.9025000E+02 -0.000E+00 -0.000E+00  0.000E+00
 -8.8975000E+02 -0.000E+00 -0.000E+00  0.000E+00
 -8.8925000E+02 -0.000E+00 -0.000E+00  0.000E+00
 -8.8875000E+02 -0.000E+00 -0.000E+00  0.000E+00
 -8.8825000E+02 -0.000E+00 -0.000E+00  0.000E+00
 -8.8775000E+02 -0.000E+00 -0.000E+00  0.000E+00
 -8.8725000E+02 -0.000E+00 -0.000E+00  0.000E+00
 -8.8675000E+02 -0.000E+00 -0.000E+00  0.000E+00
 -8.8625000E+02 -0.000E+00 -0.000E+00  0.000E+00
 -8.8575000E+02 -0.000E+00 -0.000E+00  0.000E+00
 -8.8525000E+02 -0.000E+00 -0.000E+00  0.000E+00
 -8.8475000E+02 -0.000E+00 -0.000E+00  0.000E+00
 -8.8425000E+02 -0.000E+00 -0.000E+00  0.000E+00
 -8.8375000E+02 -0.000E+00 -0.000E+00  0.000E+00
 -8.8325000E+02 -0.000E+00 -0.000E+00  0.000E+00
 -8.8275000E+02 -0.000E+00 -0.000E+00  0.000E+00
 -8.8225000E+02 -0.000E+00 -0.000E+00  0.000E+00
 -8.8175000E+02 -0.000E+00 -0.000E+00  0.000E+00
 -8.8125000E+02 -0.000E+00 -0.000E+00  0.000E+00
 -8.8075000E+02 -0.000E+00 -0.000E+00  0.000E+00
 -8.8025000E+02 -0.000E+00 -0.000E+00  0.000E+00
 -8.7975000E+02 -0.000E+00 -0.000E+00  0.000E+00
 -8.7925000E+02 -0.000E+00 -0.000E+00  0.000E+00
 -8.7875000E+02 -0.000E+00 -0.000E+00  0.000E+00
 -8.7825000E+02 -0.000E+00 -0.000E+00  0.000E+00
 -8.7775000E+02 -0.000E+00 -0.000E+00  0.000E+00
 -8.7725000E+02 -0.000E+00 -0.000E+00  0.000E+00
 -8.7675000E+02 -0.000E+00 -0.000E+00  0.000E+00
 -8.7625000E+02 -0.000E+00 -0.000E+00  0.000E+00
 -8.7575000E+02 -0.000E+00 -0.000E+00  0.000E+00
 -8.7525000E+02 -0.000E+00 -0.000E+00  0.000E+00
 -8.7475000E+02 -0.000E+00 -0.000E+00  0.000E+00
 -8.7425000E+02 -0.000E+00 -0.000E+00  0.000E+00
 -8.7375000E+02 -0.000E+00 -0.000E+00  0.000E+00
 -8.7325000E+02 -0.000E+00 -0.000E+00  0.000E+00
 -8.7275000E+02 -0.000E+00 -0.000E+00  0.000E+00
 -8.7225000E+02 -0.000E+00 -0.000E+00  0.000E+00
 -8.7175000E+02 -0.000E+00 -0.000E+00  0.000E+00
 -8.7125000E+02 -0.000E+00 -0.000E+00  0.000E+00
 -8.7075000E+02 -0.000E+00 -0.000E+00  0.000E+00
 -8.7025000E+02 -0.000E+00 -0.000E+00  0.000E+00
 -8.6975000E+02 -0.000E+00 -0.000E+00  0.000E+00
 -8.6925000E+02 -0.000E+00 -0.000E+00  0.000E+00
 -8.6875000E+02 -0.000E+00 -0.000E+00  0.000E+00
 -8.6825000E+02 -0.000E+00 -0.000E+00  0.000E+00
 -8.6775000E+02 -0.000E+00 -0.000E+00  0.000E+00
 -8.6725000E+02 -0.000E+00 -0.000E+00  0.000E+00
 -8.6675000E+02 -0.000E+00 -0.000E+00  0.000E+00
 -8.6625000E+02 -0.000E+00 -0.000E+00  0.000E+00
 -8.6575000E+02 -0.000E+00 -0.000E+00  0.000E+00
 -8.6525000E+02 -0.000E+00 -0.000E+00  0.000E+00
 -8.6475000E+02 -0.000E+00 -0.000E+00  0.000E+00
 -8.6425000E+02 -0.000E+00 -0.000E+00  0.000E+00
 -8.6375000E+02 -0.000E+00 -0.000E+00  0.000E+00
 -8.6325000E+02 -0.000E+00 -0.000E+00  0.000E+00
 -8.6275000E+02 -0.000E+00 -0.000E+00  0.000E+00
 -8.6225000E+02 -0.000E+00 -0.000E+00  0.000E+00
 -8.6175000E+02 -0.000E+00 -0.000E+00  0.000E+00
 -8.6125000E+02 -0.000E+00 -0.000E+00  0.000E+00
 -8.6075000E+02 -0.000E+00 -0.000E+00  0.000E+00
 -8.6025000E+02 -0.000E+00 -0.000E+00  0.000E+00
 -8.5975000E+02 -0.000E+00 -0.000E+00  0.000E+00
 -8.5925000E+02 -0.000E+00 -0.000E+00  0.000E+00
 -8.5875000E+02 -0.000E+00 -0.000E+00  0.000E+00
 -8.5825000E+02 -0.000E+00 -0.000E+00  0.000E+00
 -8.5775000E+02 -0.000E+00 -0.000E+00  0.000E+00
 -8.5725000E+02 -0.000E+00 -0.000E+00  0.000E+00
 -8.5675000E+02 -0.000E+00 -0.000E+00  0.000E+00
 -8.5625000E+02 -0.000E+00 -0.000E+00  0.000E+00
 -8.5575000E+02 -0.000E+00 -0.000E+00  0.000E+00
 -8.5525000E+02 -0.000E+00 -0.000E+00  0.000E+00
 -8.5475000E+02 -0.000E+00 -0.000E+00  0.000E+00
 -8.5425000E+02 -0.000E+00 -0.000E+00  0.000E+00
 -8.5375000E+02 -0.000E+00 -0.000E+00  0.000E+00
 -8.5325000E+02 -0.000E+00 -0.000E+00  0.000E+00
 -8.5275000E+02 -0.000E+00 -0.000E+00  0.000E+00
 -8.5225000E+02 -0.000E+00 -0.000E+00  0.000E+00
 -8.5175000E+02 -0.000E+00 -0.000E+00  0.000E+00
 -8.5125000E+02 -0.000E+00 -0.000E+00  0.000E+00
 -8.5075000E+02 -0.000E+00 -0.000E+00  0.000E+00
 -8.5025000E+02 -0.000E+00 -0.000E+00  0.000E+00
 -8.4975000E+02 -0.000E+00 -0.000E+00  0.000E+00
 -8.4925000E+02 -0.000E+00 -0.000E+00  0.000E+00
 -8.4875000E+02 -0.000E+00 -0.000E+00  0.000E+00
 -8.4825000E+02 -0.000E+00 -0.000E+00  0.000E+00
 -8.4775000E+02 -0.000E+00 -0.000E+00  0.000E+00
 -8.4725000E+02 -0.000E+00 -0.000E+00  0.000E+00
 -8.4675000E+02 -0.000E+00 -0.000E+00  0.000E+00
 -8.4625000E+02 -0.000E+00 -0.000E+00  0.000E+00
 -8.4575000E+02 -0.000E+00 -0.000E+00  0.000E+00
 -8.4525000E+02 -0.000E+00 -0.000E+00  0.000E+00
 -8.4475000E+02 -0.000E+00 -0.000E+00  0.000E+00
 -8.4425000E+02 -0.000E+00 -0.000E+00  0.000E+00
 -8.4375000E+02 -0.000E+00 -0.000E+00  0.000E+00
 -8.4325000E+02 -0.000E+00 -0.000E+00  0.000E+00
 -8.4275000E+02 -0.000E+00 -0.000E+00  0.000E+00
 -8.4225000E+02 -0.000E+00 -0.000E+00  0.000E+00
 -8.4175000E+02 -0.000E+00 -0.000E+00  0.000E+00
 -8.4125000E+02 -0.000E+00 -0.000E+00  0.000E+00
 -8.4075000E+02 -0.000E+00 -0.000E+00  0.000E+00
 -8.4025000E+02 -0.000E+00 -0.000E+00  0.000E+00
 -8.3975000E+02 -0.000E+00 -0.000E+00  0.000E+00
 -8.3925000E+02 -0.000E+00 -0.000E+00  0.000E+00
 -8.3875000E+02 -0.000E+00 -0.000E+00  0.000E+00
 -8.3825000E+02 -0.000E+00 -0.000E+00  0.000E+00
 -8.3775000E+02 -0.000E+00 -0.000E+00  0.000E+00
 -8.3725000E+02 -0.000E+00 -0.000E+00  0.000E+00
 -8.3675000E+02 -0.000E+00 -0.000E+00  0.000E+00
 -8.3625000E+02 -0.000E+00 -0.000E+00  0.000E+00
 -8.3575000E+02 -0.000E+00 -0.000E+00  0.000E+00
 -8.3525000E+02 -0.000E+00 -0.000E+00  0.000E+00
 -8.3475000E+02 -0.000E+00 -0.000E+00  0.000E+00
 -8.3425000E+02 -0.000E+00 -0.000E+00  0.000E+00
 -8.3375000E+02 -0.000E+00 -0.000E+00  0.000E+00
 -8.3325000E+02 -0.000E+00 -0.000E+00  0.000E+00
 -8.3275000E+02 -0.000E+00 -0.000E+00  0.000E+00
 -8.3225000E+02 -0.000E+00 -0.000E+00  0.000E+00
 -8.3175000E+02 -0.000E+00 -0.000E+00  0.000E+00
 -8.3125000E+02 -0.000E+00 -0.000E+00  0.000E+00
 -8.3075000E+02 -0.000E+00 -0.000E+00  0.000E+00
 -8.3025000E+02 -0.000E+00 -0.000E+00  0.000E+00
 -8.2975000E+02 -0.000E+00 -0.000E+00  0.000E+00
 -8.2925000E+02 -0.000E+00 -0.000E+00  0.000E+00
 -8.2875000E+02 -0.000E+00 -0.000E+00  0.000E+00
 -8.2825000E+02 -0.000E+00 -0.000E+00  0.000E+00
 -8.2775000E+02 -0.000E+00 -0.000E+00  0.000E+00
 -8.2725000E+02 -0.000E+00 -0.000E+00  0.000E+00
 -8.2675000E+02 -0.000E+00 -0.000E+00  0.000E+00
 -8.2625000E+02 -0.000E+00 -0.000E+00  0.000E+00
 -8.2575000E+02 -0.000E+00 -0.000E+00  0.000E+00
 -8.2525000E+02 -0.000E+00 -0.000E+00  0.000E+00
 -8.2475000E+02 -0.000E+00 -0.000E+00  0.000E+00
 -8.2425000E+02 -0.000E+00 -0.000E+00  0.000E+00
 -8.2375000E+02 -0.000E+00 -0.000E+00  0.000E+00
 -8.2325000E+02 -0.000E+00 -0.000E+00  0.000E+00
 -8.2275000E+02 -0.000E+00 -0.000E+00  0.000E+00
 -8.2225000E+02 -0.000E+00 -0.000E+00  0.000E+00
 -8.2175000E+02 -0.000E+00 -0.000E+00  0.000E+00
 -8.2125000E+02 -0.000E+00 -0.000E+00  0.000E+00
 -8.2075000E+02 -0.000E+00 -0.000E+00  0.000E+00
 -8.2025000E+02 -0.000E+00 -0.000E+00  0.000E+00
 -8.1975000E+02 -0.000E+00 -0.000E+00  0.000E+00
 -8.1925000E+02 -0.000E+00 -0.000E+00  0.000E+00
 -8.1875000E+02 -0.000E+00 -0.000E+00  0.000E+00
 -8.1825000E+02 -0.000E+00 -0.000E+00  0.000E+00
 -8.1775000E+02 -0.000E+00 -0.000E+00  0.000E+00
 -8.1725000E+02 -0.000E+00 -0.000E+00  0.000E+00
 -8.1675000E+02 -0.000E+00 -0.000E+00  0.000E+00
 -8.1625000E+02 -0.000E+00 -0.000E+00  0.000E+00
 -8.1575000E+02 -0.000E+00 -0.000E+00  0.000E+00
 -8.1525000E+02 -0.000E+00 -0.000E+00  0.000E+00
 -8.1475000E+02 -0.000E+00 -0.000E+00  0.000E+00
 -8.1425000E+02 -0.000E+00 -0.000E+00  0.000E+00
 -8.1375000E+02 -0.000E+00 -0.000E+00  0.000E+00
 -8.1325000E+02 -0.000E+00 -0.000E+00  0.000E+00
 -8.1275000E+02 -0.000E+00 -0.000E+00  0.000E+00
 -8.1225000E+02 -0.000E+00 -0.000E+00  0.000E+00
 -8.1175000E+02 -0.000E+00 -0.000E+00  0.000E+00
 -8.1125000E+02 -0.000E+00 -0.000E+00  0.000E+00
 -8.1075000E+02 -0.000E+00 -0.000E+00  0.000E+00
 -8.1025000E+02 -0.000E+00 -0.000E+00  0.000E+00
 -8.0975000E+02 -0.000E+00 -0.000E+00  0.000E+00
 -8.0925000E+02 -0.000E+00 -0.000E+00  0.000E+00
 -8.0875000E+02 -0.000E+00 -0.000E+00  0.000E+00
 -8.0825000E+02 -0.000E+00 -0.000E+00  0.000E+00
 -8.0775000E+02 -0.000E+00 -0.000E+00  0.000E+00
 -8.0725000E+02 -0.000E+00 -0.000E+00  0.000E+00
 -8.0675000E+02 -0.000E+00 -0.000E+00  0.000E+00
 -8.0625000E+02 -0.000E+00 -0.000E+00  0.000E+00
 -8.0575000E+02 -0.000E+00 -0.000E+00  0.000E+00
 -8.0525000E+02 -0.000E+00 -0.000E+00  0.000E+00
 -8.0475000E+02 -0.000E+00 -0.000E+00  0.000E+00
 -8.0425000E+02 -0.000E+00 -0.000E+00  0.000E+00
 -8.0375000E+02 -0.000E+00 -0.000E+00  0.000E+00
 -8.0325000E+02 -0.000E+00 -0.000E+00  0.000E+00
 -8.0275000E+02 -0.000E+00 -0.000E+00  0.000E+00
 -8.0225000E+02 -0.000E+00 -0.000E+00  0.000E+00
 -8.0175000E+02 -0.000E+00 -0.000E+00  0.000E+00
 -8.0125000E+02 -0.000E+00 -0.000E+00  0.000E+00
 -8.0075000E+02 -0.000E+00 -0.000E+00  0.000E+00
 -8.0025000E+02 -0.000E+00 -0.000E+00  0.000E+00
 -7.9975000E+02 -0.000E+00 -0.000E+00  0.000E+00
 -7.9925000E+02 -0.000E+00 -0.000E+00  0.000E+00
 -7.9875000E+02 -0.000E+00 -0.000E+00  0.000E+00
 -7.9825000E+02 -0.000E+00 -0.000E+00  0.000E+00
 -7.9775000E+02 -0.000E+00 -0.000E+00  0.000E+00
 -7.9725000E+02 -0.000E+00 -0.000E+00  0.000E+00
 -7.9675000E+02 -0.000E+00 -0.000E+00  0.000E+00
 -7.9625000E+02 -0.000E+00 -0.000E+00  0.000E+00
 -7.9575000E+02 -0.000E+00 -0.000E+00  0.000E+00
 -7.9525000E+02 -0.000E+00 -0.000E+00  0.000E+00
 -7.9475000E+02 -0.000E+00 -0.000E+00  0.000E+00
 -7.9425000E+02 -0.000E+00 -0.000E+00  0.000E+00
 -7.9375000E+02 -0.000E+00 -0.000E+00  0.000E+00
 -7.9325000E+02 -0.000E+00 -0.000E+00  0.000E+00
 -7.9275000E+02 -0.000E+00 -0.000E+00  0.000E+00
 -7.9225000E+02 -0.000E+00 -0.000E+00  0.000E+00
 -7.9175000E+02 -0.000E+00 -0.000E+00  0.000E+00
 -7.9125000E+02 -0.000E+00 -0.000E+00  0.000E+00
 -7.9075000E+02 -0.000E+00 -0.000E+00  0.000E+00
 -7.9025000E+02 -0.000E+00 -0.000E+00  0.000E+00
 -7.8975000E+02 -0.000E+00 -0.000E+00  0.000E+00
 -7.8925000E+02 -0.000E+00 -0.000E+00  0.000E+00
 -7.8875000E+02 -0.000E+00 -0.000E+00  0.000E+00
 -7.8825000E+02 -0.000E+00 -0.000E+00  0.000E+00
 -7.8775000E+02 -0.000E+00 -0.000E+00  0.000E+00
 -7.8725000E+02 -0.000E+00 -0.000E+00  0.000E+00
 -7.8675000E+02 -0.000E+00 -0.000E+00  0.000E+00
 -7.8625000E+02 -0.000E+00 -0.000E+00  0.000E+00
 -7.8575000E+02 -0.000E+00 -0.000E+00  0.000E+00
 -7.8525000E+02 -0.000E+00 -0.000E+00  0.000E+00
 -7.8475000E+02 -0.000E+00 -0.000E+00  0.000E+00
 -7.8425000E+02 -0.000E+00 -0.000E+00  0.000E+00
 -7.8375000E+02 -0.000E+00 -0.000E+00  0.000E+00
 -7.8325000E+02 -0.000E+00 -0.000E+00  0.000E+00
 -7.8275000E+02 -0.000E+00 -0.000E+00  0.000E+00
 -7.8225000E+02 -0.000E+00 -0.000E+00  0.000E+00
 -7.8175000E+02 -0.000E+00 -0.000E+00  0.000E+00
 -7.8125000E+02 -0.000E+00 -0.000E+00  0.000E+00
 -7.8075000E+02 -0.000E+00 -0.000E+00  0.000E+00
 -7.8025000E+02 -0.000E+00 -0.000E+00  0.000E+00
 -7.7975000E+02 -0.000E+00 -0.000E+00  0.000E+00
 -7.7925000E+02 -0.000E+00 -0.000E+00  0.000E+00
 -7.7875000E+02 -0.000E+00 -0.000E+00  0.000E+00
 -7.7825000E+02 -2.095E-05 -8.671E-06 -2.621E-05
 -7.7775000E+02 -3.156E-04 -1.438E-04 -3.550E-04
 -7.7725000E+02  3.819E-04  3.262E-04 -3.036E-05
 -7.7675000E+02 -1.315E-03 -1.872E-03  2.270E-03
 -7.7625000E+02  3.808E-04  1.824E-03 -4.316E-03
 -7.7575000E+02 -1.542E-05 -5.209E-04  1.440E-03
 -7.7525000E+02  2.096E-04  1.119E-04  1.660E-04
 -7.7475000E+02  8.261E-05  1.279E-04 -1.762E-04
 -7.7425000E+02  4.010E-04  1.977E-04  3.815E-04
 -7.7375000E+02 -1.130E-03 -8.693E-04 -2.213E-04
 -7.7325000E+02  1.148E-03  1.919E-03 -2.807E-03
 -7.7275000E+02  1.024E-03  7.309E-04  4.125E-04
 -7.7225000E+02 -2.130E-03 -1.849E-03  1.508E-04
 -7.7175000E+02  3.859E-04 -7.393E-04  2.888E-03
 -7.7125000E+02 -1.571E-03 -1.613E-03  9.040E-04
 -7.7075000E+02 -4.260E-04 -8.632E-04  1.614E-03
 -7.7025000E+02 -3.466E-03 -3.602E-03 -2.200E-04
 -7.6975000E+02 -1.864E-02 -1.542E-02 -5.419E-03
 -7.6925000E+02  5.049E-03  4.237E-03  1.369E-03
 -7.6875000E+02  1.862E-03  1.065E-03  1.606E-03
 -7.6825000E+02  5.244E-03  3.425E-03  3.396E-03
 -7.6775000E+02  2.862E-03  2.488E-03 -4.439E-05
 -7.6725000E+02  1.255E-03  6.794E-04  1.039E-03
 -7.6675000E+02  5.119E-04  1.538E-04  6.794E-04
 -7.6625000E+02 -4.037E-04  1.623E-03 -4.168E-03
 -7.6575000E+02 -3.592E-04  1.387E-03 -3.383E-03
 -7.6525000E+02 -2.092E-03 -2.102E-03  1.267E-03
 -7.6475000E+02  3.437E-04  6.674E-04 -1.046E-03
 -7.6425000E+02  1.836E-04  6.117E-04 -1.463E-03
 -7.6375000E+02  3.128E-04  2.000E-03 -5.790E-03
 -7.6325000E+02  2.302E-04 -1.359E-03  4.403E-03
 -7.6275000E+02 -1.532E-03 -1.809E-03  1.969E-03
 -7.6225000E+02 -5.434E-04 -4.834E-04  5.439E-04
 -7.6175000E+02 -3.176E-03 -2.190E-03 -1.226E-03
 -7.6125000E+02  3.394E-03  3.101E-03 -8.904E-04
 -7.6075000E+02 -1.441E-03  1.077E-03 -6.341E-03
 -7.6025000E+02  2.939E-03  2.125E-03  7.188E-04
 -7.5975000E+02 -4.521E-03 -2.104E-03 -4.746E-03
 -7.5925000E+02 -1.820E-02 -1.319E-02 -4.267E-03
 -7.5875000E+02 -1.306E-03  1.298E-03 -6.696E-03
 -7.5825000E+02 -1.129E-02 -5.537E-03 -9.581E-03
 -7.5775000E+02 -6.155E-02 -3.327E-02 -4.562E-02
 -7.5725000E+02 -1.195E-01 -7.291E-02 -6.777E-02
 -7.5675000E+02 -1.130E-01 -6.721E-02 -6.731E-02
 -7.5625000E+02 -2.398E-01 -1.492E-01 -1.260E-01
 -7.5575000E+02 -4.913E-01 -2.485E-01 -4.161E-01
 -7.5525000E+02 -1.099E+00 -6.379E-01 -7.013E-01
 -7.5475000E+02 -2.174E+00 -1.215E+00 -1.516E+00
 -7.5425000E+02 -3.586E+00 -2.077E+00 -2.308E+00
 -7.5375000E+02 -6.432E+00 -3.720E+00 -4.164E+00
 -7.5325000E+02 -9.734E+00 -5.675E+00 -6.194E+00
 -7.5275000E+02 -1.430E+01 -8.306E+00 -9.218E+00
 -7.5225000E+02 -1.941E+01 -1.138E+01 -1.226E+01
 -7.5175000E+02 -2.435E+01 -1.487E+01 -1.375E+01
 -7.5125000E+02 -2.877E+01 -1.735E+01 -1.695E+01
 -7.5075000E+02 -3.252E+01 -1.979E+01 -1.873E+01
 -7.5025000E+02 -3.664E+01 -2.269E+01 -2.010E+01
 -7.4975000E+02 -3.712E+01 -2.311E+01 -2.011E+01
 -7.4925000E+02 -3.699E+01 -2.319E+01 -1.967E+01
 -7.4875000E+02 -3.766E+01 -2.334E+01 -2.088E+01
 -7.4825000E+02 -3.781E+01 -2.408E+01 -1.926E+01
 -7.4775000E+02 -3.552E+01 -2.289E+01 -1.745E+01
 -7.4725000E+02 -3.185E+01 -2.032E+01 -1.628E+01
 -7.4675000E+02 -2.872E+01 -1.856E+01 -1.411E+01
 -7.4625000E+02 -2.648E+01 -1.730E+01 -1.257E+01
 -7.4575000E+02 -2.363E+01 -1.513E+01 -1.213E+01
 -7.4525000E+02 -2.055E+01 -1.341E+01 -9.906E+00
 -7.4475000E+02 -1.710E+01 -1.135E+01 -7.785E+00
 -7.4425000E+02 -1.413E+01 -9.400E+00 -6.433E+00
 -7.4375000E+02 -1.072E+01 -6.855E+00 -5.718E+00
 -7.4325000E+02 -8.931E+00 -5.956E+00 -4.119E+00
 -7.4275000E+02 -8.206E+00 -5.265E+00 -4.387E+00
 -7.4225000E+02 -6.567E+00 -4.512E+00 -2.732E+00
 -7.4175000E+02 -3.671E+00 -2.558E+00 -1.513E+00
 -7.4125000E+02 -3.697E+00 -2.517E+00 -1.680E+00
 -7.4075000E+02 -2.962E+00 -2.188E+00 -9.158E-01
 -7.4025000E+02 -6.267E-01 -7.200E-01  3.674E-01
 -7.3975000E+02 -2.943E-01 -2.210E-01 -2.451E-01
 -7.3925000E+02  4.750E-01  3.342E-01 -9.735E-03
 -7.3875000E+02  6.117E-01  3.348E-01  2.926E-01
 -7.3825000E+02  3.998E-01  1.988E-01  2.025E-01
 -7.3775000E+02  2.841E-01  1.565E-02  4.492E-01
 -7.3725000E+02  1.230E+00  6.462E-01  8.749E-01
 -7.3675000E+02  1.960E+00  1.440E+00  3.670E-01
 -7.3625000E+02  1.911E+00  1.243E+00  8.054E-01
 -7.3575000E+02  2.157E+00  1.366E+00  1.037E+00
 -7.3525000E+02  2.237E+00  1.452E+00  9.701E-01
 -7.3475000E+02  2.925E+00  1.897E+00  1.339E+00
 -7.3425000E+02  2.489E+00  1.628E+00  1.067E+00
 -7.3375000E+02  2.638E+00  1.695E+00  1.243E+00
 -7.3325000E+02  2.696E+00  1.734E+00  1.268E+00
 -7.3275000E+02  2.572E+00  1.517E+00  1.590E+00
 -7.3225000E+02  2.418E+00  1.607E+00  9.928E-01
 -7.3175000E+02  2.807E+00  1.762E+00  1.444E+00
 -7.3125000E+02  2.423E+00  1.550E+00  1.169E+00
 -7.3075000E+02  2.969E+00  1.946E+00  1.310E+00
 -7.3025000E+02  2.640E+00  1.767E+00  1.075E+00
 -7.2975000E+02  2.979E+00  1.942E+00  1.359E+00
 -7.2925000E+02  2.901E+00  1.973E+00  1.104E+00
 -7.2875000E+02  2.694E+00  1.555E+00  1.777E+00
 -7.2825000E+02  2.588E+00  1.585E+00  1.452E+00
 -7.2775000E+02  2.694E+00  1.761E+00  1.204E+00
 -7.2725000E+02  2.843E+00  1.913E+00  1.133E+00
 -7.2675000E+02  2.858E+00  1.877E+00  1.286E+00
 -7.2625000E+02  2.765E+00  1.692E+00  1.572E+00
 -7.2575000E+02  2.739E+00  1.847E+00  1.096E+00
 -7.2525000E+02  2.457E+00  1.603E+00  1.117E+00
 -7.2475000E+02  2.737E+00  1.833E+00  1.124E+00
 -7.2425000E+02  2.773E+00  1.913E+00  9.817E-01
 -7.2375000E+02  2.581E+00  1.542E+00  1.575E+00
 -7.2325000E+02  2.706E+00  1.725E+00  1.361E+00
 -7.2275000E+02  2.585E+00  1.672E+00  1.233E+00
 -7.2225000E+02  2.584E+00  1.660E+00  1.254E+00
 -7.2175000E+02  2.487E+00  1.649E+00  1.069E+00
 -7.2125000E+02  2.547E+00  1.601E+00  1.328E+00
 -7.2075000E+02  2.333E+00  1.511E+00  1.092E+00
 -7.2025000E+02  2.676E+00  1.749E+00  1.237E+00
 -7.1975000E+02  2.281E+00  1.455E+00  1.141E+00
 -7.1925000E+02  2.602E+00  1.587E+00  1.508E+00
 -7.1875000E+02  2.544E+00  1.606E+00  1.338E+00
 -7.1825000E+02  2.600E+00  1.694E+00  1.217E+00
 -7.1775000E+02  2.205E+00  1.313E+00  1.366E+00
 -7.1725000E+02  2.520E+00  1.610E+00  1.254E+00
 -7.1675000E+02  2.426E+00  1.589E+00  1.098E+00
 -7.1625000E+02  2.254E+00  1.526E+00  8.947E-01
 -7.1575000E+02  2.512E+00  1.629E+00  1.194E+00
 -7.1525000E+02  2.232E+00  1.390E+00  1.207E+00
 -7.1475000E+02  2.259E+00  1.470E+00  1.048E+00
 -7.1425000E+02  2.050E+00  1.352E+00  9.100E-01
 -7.1375000E+02  2.142E+00  1.517E+00  6.687E-01
 -7.1325000E+02  2.118E+00  1.311E+00  1.185E+00
 -7.1275000E+02  2.242E+00  1.447E+00  1.077E+00
 -7.1225000E+02  2.295E+00  1.464E+00  1.161E+00
 -7.1175000E+02  2.249E+00  1.473E+00  1.037E+00
 -7.1125000E+02  2.136E+00  1.359E+00  1.093E+00
 -7.1075000E+02  2.000E+00  1.260E+00  1.044E+00
 -7.1025000E+02  2.223E+00  1.455E+00  1.024E+00
 -7.0975000E+02  2.159E+00  1.349E+00  1.168E+00
 -7.0925000E+02  2.246E+00  1.538E+00  8.344E-01
 -7.0875000E+02  2.328E+00  1.418E+00  1.357E+00
 -7.0825000E+02  1.913E+00  1.241E+00  9.065E-01
 -7.0775000E+02  2.069E+00  1.358E+00  9.450E-01
 -7.0725000E+02  2.276E+00  1.405E+00  1.282E+00
 -7.0675000E+02  2.130E+00  1.406E+00  9.552E-01
 -7.0625000E+02  1.958E+00  1.263E+00  9.541E-01
 -7.0575000E+02  2.026E+00  1.381E+00  7.787E-01
 -7.0525000E+02  1.877E+00  1.234E+00  8.422E-01
 -7.0475000E+02  1.973E+00  1.220E+00  1.107E+00
 -7.0425000E+02  1.973E+00  1.227E+00  1.084E+00
 -7.0375000E+02  1.978E+00  1.280E+00  9.553E-01
 -7.0325000E+02  2.098E+00  1.326E+00  1.097E+00
 -7.0275000E+02  2.167E+00  1.425E+00  1.006E+00
 -7.0225000E+02  1.632E+00  1.025E+00  8.574E-01
 -7.0175000E+02  1.636E+00  9.935E-01  9.620E-01
 -7.0125000E+02  2.031E+00  1.278E+00  1.073E+00
 -7.0075000E+02  1.862E+00  1.180E+00  9.686E-01
 -7.0025000E+02  1.958E+00  1.288E+00  8.827E-01
 -6.9975000E+02  1.723E+00  1.009E+00  1.110E+00
 -6.9925000E+02  1.911E+00  1.256E+00  8.688E-01
 -6.9875000E+02  1.819E+00  1.138E+00  9.903E-01
 -6.9825000E+02  1.865E+00  1.201E+00  9.172E-01
 -6.9775000E+02  1.613E+00  1.057E+00  7.488E-01
 -6.9725000E+02  1.838E+00  1.159E+00  9.618E-01
 -6.9675000E+02  1.784E+00  1.102E+00  1.006E+00
 -6.9625000E+02  1.841E+00  1.138E+00  1.031E+00
 -6.9575000E+02  1.738E+00  1.161E+00  7.428E-01
 -6.9525000E+02  1.725E+00  1.148E+00  7.476E-01
 -6.9475000E+02  1.733E+00  1.089E+00  9.256E-01
 -6.9425000E+02  1.796E+00  1.119E+00  9.663E-01
 -6.9375000E+02  1.828E+00  1.175E+00  8.987E-01
 -6.9325000E+02  1.629E+00  1.003E+00  9.302E-01
 -6.9275000E+02  1.756E+00  1.069E+00  1.035E+00
 -6.9225000E+02  1.754E+00  1.146E+00  8.166E-01
 -6.9175000E+02  1.603E+00  9.926E-01  9.006E-01
 -6.9125000E+02  1.538E+00  9.829E-01  7.884E-01
 -6.9075000E+02  1.685E+00  1.066E+00  8.776E-01
 -6.9025000E+02  1.793E+00  1.179E+00  8.332E-01
 -6.8975000E+02  1.672E+00  1.102E+00  7.407E-01
 -6.8925000E+02  1.444E+00  9.008E-01  7.902E-01
 -6.8875000E+02  1.518E+00  9.393E-01  8.472E-01
 -6.8825000E+02  1.543E+00  1.013E+00  6.951E-01
 -6.8775000E+02  1.637E+00  1.100E+00  6.911E-01
 -6.8725000E+02  1.581E+00  9.997E-01  8.252E-01
 -6.8675000E+02  1.463E+00  8.886E-01  8.715E-01
 -6.8625000E+02  1.551E+00  9.198E-01  9.873E-01
 -6.8575000E+02  1.529E+00  9.859E-01  7.467E-01
 -6.8525000E+02  1.569E+00  9.991E-01  8.113E-01
 -6.8475000E+02  1.568E+00  1.000E+00  8.096E-01
 -6.8425000E+02  1.476E+00  9.195E-01  8.153E-01
 -6.8375000E+02  1.540E+00  9.867E-01  7.665E-01
 -6.8325000E+02  1.483E+00  9.669E-01  6.977E-01
 -6.8275000E+02  1.595E+00  9.959E-01  8.687E-01
 -6.8225000E+02  1.526E+00  9.191E-01  9.094E-01
 -6.8175000E+02  1.459E+00  9.401E-01  7.239E-01
 -6.8125000E+02  1.449E+00  8.529E-01  9.492E-01
 -6.8075000E+02  1.393E+00  8.710E-01  7.576E-01
 -6.8025000E+02  1.528E+00  9.855E-01  7.638E-01
 -6.7975000E+02  1.354E+00  8.710E-01  6.639E-01
 -6.7925000E+02  1.348E+00  8.391E-01  7.327E-01
 -6.7875000E+02  1.421E+00  8.664E-01  8.125E-01
 -6.7825000E+02  1.392E+00  9.107E-01  6.304E-01
 -6.7775000E+02  1.349E+00  8.409E-01  7.341E-01
 -6.7725000E+02  1.463E+00  9.167E-01  8.012E-01
 -6.7675000E+02  1.320E+00  8.697E-01  6.443E-01
 -6.7625000E+02  1.398E+00  9.473E-01  5.646E-01
 -6.7575000E+02  1.483E+00  9.566E-01  7.402E-01
 -6.7525000E+02  1.280E+00  7.653E-01  7.940E-01
 -6.7475000E+02  1.327E+00  7.689E-01  8.809E-01
 -6.7425000E+02  1.286E+00  7.482E-01  8.343E-01
 -6.7375000E+02  1.238E+00  7.725E-01  6.565E-01
 -6.7325000E+02  1.331E+00  8.885E-01  5.800E-01
 -6.7275000E+02  1.170E+00  7.824E-01  4.970E-01
 -6.7225000E+02  1.412E+00  9.262E-01  6.469E-01
 -6.7175000E+02  1.267E+00  7.668E-01  7.487E-01
 -6.7125000E+02  1.203E+00  6.884E-01  8.136E-01
 -6.7075000E+02  1.298E+00  8.679E-01  5.929E-01
 -6.7025000E+02  1.317E+00  8.800E-01  5.625E-01
 -6.6975000E+02  1.292E+00  8.004E-01  7.163E-01
 -6.6925000E+02  1.350E+00  8.550E-01  6.948E-01
 -6.6875000E+02  1.308E+00  8.901E-01  5.451E-01
 -6.6825000E+02  1.103E+00  6.868E-01  6.218E-01
 -6.6775000E+02  1.340E+00  8.319E-01  7.368E-01
 -6.6725000E+02  1.220E+00  7.516E-01  6.860E-01
 -6.6675000E+02  1.269E+00  7.730E-01  6.937E-01
 -6.6625000E+02  1.228E+00  7.368E-01  7.644E-01
 -6.6575000E+02  1.163E+00  7.047E-01  7.127E-01
 -6.6525000E+02  1.255E+00  7.482E-01  7.763E-01
 -6.6475000E+02  1.158E+00  7.102E-01  6.666E-01
 -6.6425000E+02  1.226E+00  7.238E-01  8.093E-01
 -6.6375000E+02  1.269E+00  8.253E-01  6.106E-01
 -6.6325000E+02  1.122E+00  7.439E-01  5.057E-01
 -6.6275000E+02  1.249E+00  7.802E-01  6.684E-01
 -6.6225000E+02  1.234E+00  8.077E-01  5.538E-01
 -6.6175000E+02  1.111E+00  6.667E-01  6.814E-01
 -6.6125000E+02  1.185E+00  7.153E-01  7.178E-01
 -6.6075000E+02  1.133E+00  7.056E-01  6.236E-01
 -6.6025000E+02  1.131E+00  7.327E-01  5.437E-01
 -6.5975000E+02  1.058E+00  6.970E-01  4.881E-01
 -6.5925000E+02  1.010E+00  6.476E-01  5.102E-01
 -6.5875000E+02  1.185E+00  7.326E-01  6.715E-01
 -6.5825000E+02  1.214E+00  7.621E-01  6.516E-01
 -6.5775000E+02  1.177E+00  7.745E-01  5.388E-01
 -6.5725000E+02  1.032E+00  6.326E-01  6.135E-01
 -6.5675000E+02  1.082E+00  6.454E-01  6.708E-01
 -6.5625000E+02  1.107E+00  7.030E-01  5.756E-01
 -6.5575000E+02  1.152E+00  7.200E-01  6.283E-01
 -6.5525000E+02  1.095E+00  6.742E-01  6.474E-01
 -6.5475000E+02  1.097E+00  6.841E-01  5.869E-01
 -6.5425000E+02  1.035E+00  6.628E-01  5.317E-01
 -6.5375000E+02  1.028E+00  6.554E-01  5.294E-01
 -6.5325000E+02  1.048E+00  6.393E-01  6.130E-01
 -6.5275000E+02  9.579E-01  5.844E-01  5.454E-01
 -6.5225000E+02  1.124E+00  7.454E-01  4.977E-01
 -6.5175000E+02  1.034E+00  6.615E-01  5.304E-01
 -6.5125000E+02  1.036E+00  6.749E-01  4.952E-01
 -6.5075000E+02  1.060E+00  6.748E-01  5.480E-01
 -6.5025000E+02  9.735E-01  6.441E-01  4.291E-01
 -6.4975000E+02  9.692E-01  6.452E-01  4.234E-01
 -6.4925000E+02  9.232E-01  5.443E-01  5.989E-01
 -6.4875000E+02  1.078E+00  6.870E-01  5.601E-01
 -6.4825000E+02  9.916E-01  6.789E-01  3.722E-01
 -6.4775000E+02  9.506E-01  5.597E-01  5.938E-01
 -6.4725000E+02  8.647E-01  4.658E-01  6.694E-01
 -6.4675000E+02  9.204E-01  5.809E-01  4.896E-01
 -6.4625000E+02  9.094E-01  5.451E-01  5.554E-01
 -6.4575000E+02  1.020E+00  6.560E-01  4.862E-01
 -6.4525000E+02  1.051E+00  6.746E-01  5.395E-01
 -6.4475000E+02  9.990E-01  6.517E-01  4.816E-01
 -6.4425000E+02  1.064E+00  6.789E-01  5.452E-01
 -6.4375000E+02  9.745E-01  6.105E-01  5.343E-01
 -6.4325000E+02  8.019E-01  4.810E-01  4.824E-01
 -6.4275000E+02  8.837E-01  5.392E-01  5.088E-01
 -6.4225000E+02  9.133E-01  5.517E-01  5.289E-01
 -6.4175000E+02  1.025E+00  6.644E-01  5.082E-01
 -6.4125000E+02  9.432E-01  6.022E-01  4.733E-01
 -6.4075000E+02  9.901E-01  6.142E-01  5.589E-01
 -6.4025000E+02  9.428E-01  5.619E-01  6.050E-01
 -6.3975000E+02  9.647E-01  5.971E-01  5.689E-01
 -6.3925000E+02  9.216E-01  5.696E-01  5.253E-01
 -6.3875000E+02  9.689E-01  6.842E-01  3.177E-01
 -6.3825000E+02  8.940E-01  5.742E-01  4.602E-01
 -6.3775000E+02  9.911E-01  6.575E-01  4.504E-01
 -6.3725000E+02  8.790E-01  5.249E-01  5.290E-01
 -6.3675000E+02  9.737E-01  6.231E-01  4.816E-01
 -6.3625000E+02  8.375E-01  5.687E-01  3.331E-01
 -6.3575000E+02  8.749E-01  5.258E-01  5.501E-01
 -6.3525000E+02  8.996E-01  5.865E-01  4.433E-01
 -6.3475000E+02  8.190E-01  4.731E-01  5.434E-01
 -6.3425000E+02  8.452E-01  5.183E-01  4.932E-01
 -6.3375000E+02  8.555E-01  5.424E-01  4.605E-01
 -6.3325000E+02  9.850E-01  6.291E-01  4.937E-01
 -6.3275000E+02  7.970E-01  4.615E-01  5.094E-01
 -6.3225000E+02  8.545E-01  5.346E-01  4.601E-01
 -6.3175000E+02  7.900E-01  4.998E-01  4.286E-01
 -6.3125000E+02  9.013E-01  5.647E-01  5.047E-01
 -6.3075000E+02  8.961E-01  5.713E-01  4.630E-01
 -6.3025000E+02  7.897E-01  4.766E-01  4.800E-01
 -6.2975000E+02  7.747E-01  4.944E-01  4.162E-01
 -6.2925000E+02  6.861E-01  4.106E-01  4.255E-01
 -6.2875000E+02  7.366E-01  4.440E-01  4.320E-01
 -6.2825000E+02  9.006E-01  5.531E-01  5.040E-01
 -6.2775000E+02  8.144E-01  5.234E-01  4.169E-01
 -6.2725000E+02  8.469E-01  5.753E-01  3.609E-01
 -6.2675000E+02  8.035E-01  4.792E-01  4.954E-01
 -6.2625000E+02  8.227E-01  5.295E-01  3.853E-01
 -6.2575000E+02  8.848E-01  5.559E-01  4.873E-01
 -6.2525000E+02  8.343E-01  5.249E-01  4.702E-01
 -6.2475000E+02  7.744E-01  4.896E-01  4.155E-01
 -6.2425000E+02  8.383E-01  5.355E-01  4.183E-01
 -6.2375000E+02  7.546E-01  4.801E-01  3.799E-01
 -6.2325000E+02  8.337E-01  4.880E-01  5.493E-01
 -6.2275000E+02  7.769E-01  4.631E-01  4.902E-01
 -6.2225000E+02  7.202E-01  4.345E-01  4.584E-01
 -6.2175000E+02  6.746E-01  4.018E-01  4.224E-01
 -6.2125000E+02  7.418E-01  4.394E-01  4.666E-01
 -6.2075000E+02  7.835E-01  5.263E-01  3.266E-01
 -6.2025000E+02  7.667E-01  4.623E-01  4.711E-01
 -6.1975000E+02  7.678E-01  4.787E-01  4.419E-01
 -6.1925000E+02  7.668E-01  4.757E-01  4.292E-01
 -6.1875000E+02  7.896E-01  5.270E-01  3.512E-01
 -6.1825000E+02  6.821E-01  4.285E-01  3.660E-01
 -6.1775000E+02  7.865E-01  4.840E-01  4.444E-01
 -6.1725000E+02  7.534E-01  4.863E-01  3.641E-01
 -6.1675000E+02  7.105E-01  4.317E-01  4.385E-01
 -6.1625000E+02  6.730E-01  4.002E-01  4.059E-01
 -6.1575000E+02  7.374E-01  4.594E-01  3.761E-01
 -6.1525000E+02  7.803E-01  5.224E-01  3.530E-01
 -6.1475000E+02  7.086E-01  4.484E-01  3.672E-01
 -6.1425000E+02  6.668E-01  4.173E-01  3.852E-01
 -6.1375000E+02  6.795E-01  4.357E-01  3.234E-01
 -6.1325000E+02  6.269E-01  4.317E-01  2.373E-01
 -6.1275000E+02  7.442E-01  4.693E-01  4.030E-01
 -6.1225000E+02  7.510E-01  4.267E-01  5.378E-01
 -6.1175000E+02  6.818E-01  3.942E-01  4.628E-01
 -6.1125000E+02  6.637E-01  4.319E-01  3.087E-01
 -6.1075000E+02  6.593E-01  4.277E-01  3.172E-01
 -6.1025000E+02  7.202E-01  4.491E-01  3.948E-01
 -6.0975000E+02  6.891E-01  4.319E-01  3.642E-01
 -6.0925000E+02  7.204E-01  4.376E-01  4.412E-01
 -6.0875000E+02  7.196E-01  4.349E-01  4.234E-01
 -6.0825000E+02  7.131E-01  4.475E-01  3.635E-01
 -6.0775000E+02  6.880E-01  4.115E-01  4.201E-01
 -6.0725000E+02  5.890E-01  3.368E-01  4.021E-01
 -6.0675000E+02  6.989E-01  4.320E-01  3.718E-01
 -6.0625000E+02  6.885E-01  4.339E-01  3.782E-01
 -6.0575000E+02  6.200E-01  4.228E-01  2.460E-01
 -6.0525000E+02  6.619E-01  3.928E-01  4.120E-01
 -6.0475000E+02  5.656E-01  3.553E-01  3.101E-01
 -6.0425000E+02  6.793E-01  4.122E-01  3.968E-01
 -6.0375000E+02  6.029E-01  3.697E-01  3.397E-01
 -6.0325000E+02  6.959E-01  4.165E-01  4.234E-01
 -6.0275000E+02  6.652E-01  4.176E-01  3.498E-01
 -6.0225000E+02  6.166E-01  3.780E-01  3.506E-01
 -6.0175000E+02  7.006E-01  4.706E-01  3.275E-01
 -6.0125000E+02  6.180E-01  3.829E-01  3.479E-01
 -6.0075000E+02  5.885E-01  3.669E-01  3.460E-01
 -6.0025000E+02  6.176E-01  3.898E-01  3.386E-01
 -5.9975000E+02  6.109E-01  3.978E-01  3.046E-01
 -5.9925000E+02  6.885E-01  4.216E-01  4.039E-01
 -5.9875000E+02  7.300E-01  4.497E-01  4.105E-01
 -5.9825000E+02  5.384E-01  2.978E-01  3.804E-01
 -5.9775000E+02  5.568E-01  3.285E-01  3.450E-01
 -5.9725000E+02  5.987E-01  3.555E-01  3.794E-01
 -5.9675000E+02  6.087E-01  3.671E-01  3.932E-01
 -5.9625000E+02  6.691E-01  4.180E-01  3.457E-01
 -5.9575000E+02  7.390E-01  4.810E-01  3.260E-01
 -5.9525000E+02  6.138E-01  4.130E-01  2.703E-01
 -5.9475000E+02  5.068E-01  3.115E-01  2.501E-01
 -5.9425000E+02  6.177E-01  3.798E-01  3.418E-01
 -5.9375000E+02  6.228E-01  4.152E-01  2.715E-01
 -5.9325000E+02  6.213E-01  4.136E-01  2.986E-01
 -5.9275000E+02  5.669E-01  3.699E-01  2.898E-01
 -5.9225000E+02  5.593E-01  3.788E-01  2.417E-01
 -5.9175000E+02  6.030E-01  3.979E-01  2.848E-01
 -5.9125000E+02  5.808E-01  3.635E-01  3.116E-01
 -5.9075000E+02  5.559E-01  3.339E-01  3.327E-01
 -5.9025000E+02  5.311E-01  3.272E-01  3.122E-01
 -5.8975000E+02  4.906E-01  2.982E-01  3.100E-01
 -5.8925000E+02  5.160E-01  3.147E-01  3.172E-01
 -5.8875000E+02  5.623E-01  3.349E-01  3.546E-01
 -5.8825000E+02  5.647E-01  3.964E-01  2.216E-01
 -5.8775000E+02  5.598E-01  3.232E-01  3.556E-01
 -5.8725000E+02  5.240E-01  3.121E-01  3.255E-01
 -5.8675000E+02  5.133E-01  3.004E-01  3.488E-01
 -5.8625000E+02  5.652E-01  3.550E-01  3.195E-01
 -5.8575000E+02  5.683E-01  3.476E-01  3.389E-01
 -5.8525000E+02  6.098E-01  3.516E-01  4.108E-01
 -5.8475000E+02  5.264E-01  3.303E-01  2.769E-01
 -5.8425000E+02  5.334E-01  3.523E-01  2.499E-01
 -5.8375000E+02  5.157E-01  3.174E-01  2.886E-01
 -5.8325000E+02  4.932E-01  2.841E-01  3.325E-01
 -5.8275000E+02  5.524E-01  3.675E-01  2.590E-01
 -5.8225000E+02  5.327E-01  3.313E-01  3.235E-01
 -5.8175000E+02  5.784E-01  3.689E-01  3.112E-01
 -5.8125000E+02  5.460E-01  3.184E-01  3.566E-01
 -5.8075000E+02  5.549E-01  3.433E-01  3.000E-01
 -5.8025000E+02  5.588E-01  3.655E-01  2.571E-01
 -5.7975000E+02  5.104E-01  3.184E-01  2.885E-01
 -5.7925000E+02  5.274E-01  3.162E-01  3.318E-01
 -5.7875000E+02  5.049E-01  3.103E-01  2.768E-01
 -5.7825000E+02  4.784E-01  2.863E-01  3.067E-01
 -5.7775000E+02  4.967E-01  3.293E-01  2.392E-01
 -5.7725000E+02  5.156E-01  2.988E-01  3.046E-01
 -5.7675000E+02  5.774E-01  3.660E-01  2.832E-01
 -5.7625000E+02  5.149E-01  3.209E-01  2.775E-01
 -5.7575000E+02  4.993E-01  2.917E-01  3.122E-01
 -5.7525000E+02  4.648E-01  2.688E-01  3.156E-01
 -5.7475000E+02  4.927E-01  3.200E-01  2.530E-01
 -5.7425000E+02  5.066E-01  3.279E-01  2.529E-01
 -5.7375000E+02  4.361E-01  2.659E-01  2.542E-01
 -5.7325000E+02  4.912E-01  3.063E-01  2.501E-01
 -5.7275000E+02  4.731E-01  2.940E-01  2.614E-01
 -5.7225000E+02  5.354E-01  3.469E-01  2.907E-01
 -5.7175000E+02  5.343E-01  3.432E-01  2.478E-01
 -5.7125000E+02  4.335E-01  2.754E-01  2.426E-01
 -5.7075000E+02  4.122E-01  2.497E-01  2.469E-01
 -5.7025000E+02  4.304E-01  2.699E-01  2.488E-01
 -5.6975000E+02  4.707E-01  2.782E-01  2.957E-01
 -5.6925000E+02  5.085E-01  3.063E-01  2.912E-01
 -5.6875000E+02  4.270E-01  2.519E-01  2.893E-01
 -5.6825000E+02  4.595E-01  2.791E-01  2.924E-01
 -5.6775000E+02  4.498E-01  2.813E-01  2.402E-01
 -5.6725000E+02  4.578E-01  2.963E-01  2.150E-01
 -5.6675000E+02  4.777E-01  3.351E-01  2.520E-01
 -5.6625000E+02  4.466E-01  2.791E-01  2.563E-01
 -5.6575000E+02  4.821E-01  3.098E-01  2.131E-01
 -5.6525000E+02  4.313E-01  2.206E-01  3.339E-01
 -5.6475000E+02  4.626E-01  3.161E-01  2.310E-01
 -5.6425000E+02  5.002E-01  2.726E-01  3.805E-01
 -5.6375000E+02  4.562E-01  2.717E-01  2.812E-01
 -5.6325000E+02  4.244E-01  2.539E-01  2.723E-01
 -5.6275000E+02  3.910E-01  2.451E-01  2.036E-01
 -5.6225000E+02  4.522E-01  3.266E-01  1.113E-01
 -5.6175000E+02  4.803E-01  2.699E-01  3.460E-01
 -5.6125000E+02  5.267E-01  3.412E-01  2.782E-01
 -5.6075000E+02  4.445E-01  2.757E-01  2.428E-01
 -5.6025000E+02  4.242E-01  2.687E-01  2.048E-01
 -5.5975000E+02  4.661E-01  3.121E-01  2.091E-01
 -5.5925000E+02  4.640E-01  3.045E-01  2.382E-01
 -5.5875000E+02  4.333E-01  2.517E-01  2.698E-01
 -5.5825000E+02  4.162E-01  2.498E-01  2.544E-01
 -5.5775000E+02  3.593E-01  2.174E-01  2.134E-01
 -5.5725000E+02  3.929E-01  2.233E-01  3.087E-01
 -5.5675000E+02  4.499E-01  2.655E-01  2.874E-01
 -5.5625000E+02  3.997E-01  2.307E-01  2.572E-01
 -5.5575000E+02  4.341E-01  2.643E-01  2.634E-01
 -5.5525000E+02  4.248E-01  2.728E-01  2.171E-01
 -5.5475000E+02  4.784E-01  2.848E-01  2.423E-01
 -5.5425000E+02  4.025E-01  2.476E-01  2.249E-01
 -5.5375000E+02  4.150E-01  2.845E-01  1.558E-01
 -5.5325000E+02  3.630E-01  2.212E-01  2.430E-01
 -5.5275000E+02  4.343E-01  2.572E-01  2.877E-01
 -5.5225000E+02  4.286E-01  2.788E-01  2.124E-01
 -5.5175000E+02  4.683E-01  3.149E-01  2.065E-01
 -5.5125000E+02  4.012E-01  2.167E-01  3.073E-01
 -5.5075000E+02  4.515E-01  2.511E-01  3.247E-01
 -5.5025000E+02  3.972E-01  2.589E-01  1.905E-01
 -5.4975000E+02  4.182E-01  2.529E-01  2.457E-01
 -5.4925000E+02  3.879E-01  2.140E-01  2.766E-01
 -5.4875000E+02  3.882E-01  2.505E-01  2.326E-01
 -5.4825000E+02  4.015E-01  2.906E-01  1.226E-01
 -5.4775000E+02  2.948E-01  1.829E-01  1.573E-01
 -5.4725000E+02  3.517E-01  1.925E-01  2.492E-01
 -5.4675000E+02  3.934E-01  2.305E-01  2.353E-01
 -5.4625000E+02  4.066E-01  2.517E-01  2.163E-01
 -5.4575000E+02  4.025E-01  2.489E-01  2.265E-01
 -5.4525000E+02  4.116E-01  2.633E-01  2.022E-01
 -5.4475000E+02  4.151E-01  2.582E-01  2.228E-01
 -5.4425000E+02  3.633E-01  2.033E-01  2.503E-01
 -5.4375000E+02  4.382E-01  2.561E-01  2.703E-01
 -5.4325000E+02  4.456E-01  2.607E-01  2.532E-01
 -5.4275000E+02  3.381E-01  1.970E-01  2.401E-01
 -5.4225000E+02  3.504E-01  2.290E-01  1.650E-01
 -5.4175000E+02  3.801E-01  2.360E-01  2.026E-01
 -5.4125000E+02  4.131E-01  2.656E-01  2.046E-01
 -5.4075000E+02  3.610E-01  2.352E-01  1.880E-01
 -5.4025000E+02  3.902E-01  2.510E-01  1.838E-01
 -5.3975000E+02  3.413E-01  2.182E-01  1.759E-01
 -5.3925000E+02  3.783E-01  2.383E-01  2.003E-01
 -5.3875000E+02  4.103E-01  2.603E-01  2.366E-01
 -5.3825000E+02  3.601E-01  1.979E-01  2.651E-01
 -5.3775000E+02  3.813E-01  2.525E-01  1.890E-01
 -5.3725000E+02  3.404E-01  2.058E-01  2.103E-01
 -5.3675000E+02  3.256E-01  2.381E-01  1.398E-01
 -5.3625000E+02  3.635E-01  2.671E-01  1.351E-01
 -5.3575000E+02  2.989E-01  1.693E-01  1.994E-01
 -5.3525000E+02  3.735E-01  2.199E-01  2.317E-01
 -5.3475000E+02  3.498E-01  2.177E-01  1.797E-01
 -5.3425000E+02  3.160E-01  1.851E-01  1.903E-01
 -5.3375000E+02  3.460E-01  2.138E-01  2.067E-01
 -5.3325000E+02  3.556E-01  2.006E-01  2.287E-01
 -5.3275000E+02  3.494E-01  2.294E-01  1.474E-01
 -5.3225000E+02  3.258E-01  1.937E-01  1.855E-01
 -5.3175000E+02  3.293E-01  1.886E-01  2.196E-01
 -5.3125000E+02  3.352E-01  1.847E-01  2.562E-01
 -5.3075000E+02  3.677E-01  2.321E-01  2.109E-01
 -5.3025000E+02  3.555E-01  2.224E-01  1.960E-01
 -5.2975000E+02  3.409E-01  2.308E-01  1.667E-01
 -5.2925000E+02  3.166E-01  1.968E-01  2.058E-01
 -5.2875000E+02  3.762E-01  2.310E-01  2.160E-01
 -5.2825000E+02  3.454E-01  2.340E-01  1.409E-01
 -5.2775000E+02  3.575E-01  1.912E-01  2.601E-01
 -5.2725000E+02  3.543E-01  2.182E-01  1.943E-01
 -5.2675000E+02  3.448E-01  2.130E-01  1.928E-01
 -5.2625000E+02  3.312E-01  2.111E-01  2.026E-01
 -5.2575000E+02  3.596E-01  2.176E-01  2.222E-01
 -5.2525000E+02  3.729E-01  2.562E-01  1.534E-01
 -5.2475000E+02  3.262E-01  2.121E-01  1.661E-01
 -5.2425000E+02  3.415E-01  2.020E-01  1.975E-01
 -5.2375000E+02  3.331E-01  2.188E-01  1.501E-01
 -5.2325000E+02  3.271E-01  2.016E-01  1.845E-01
 -5.2275000E+02  3.307E-01  1.955E-01  2.086E-01
 -5.2225000E+02  3.051E-01  1.774E-01  1.970E-01
 -5.2175000E+02  3.318E-01  2.020E-01  2.139E-01
 -5.2125000E+02  3.256E-01  2.013E-01  1.803E-01
 -5.2075000E+02  3.127E-01  1.875E-01  1.889E-01
 -5.2025000E+02  3.257E-01  1.988E-01  1.922E-01
 -5.1975000E+02  3.234E-01  2.055E-01  1.702E-01
 -5.1925000E+02  2.863E-01  1.974E-01  1.305E-01
 -5.1875000E+02  2.831E-01  1.730E-01  1.486E-01
 -5.1825000E+02  2.840E-01  1.559E-01  2.218E-01
 -5.1775000E+02  3.247E-01  2.107E-01  1.740E-01
 -5.1725000E+02  3.305E-01  2.162E-01  1.553E-01
 -5.1675000E+02  3.220E-01  2.074E-01  1.403E-01
 -5.1625000E+02  2.926E-01  1.979E-01  8.898E-02
 -5.1575000E+02  2.848E-01  1.853E-01  1.257E-01
 -5.1525000E+02  3.142E-01  1.957E-01  1.683E-01
 -5.1475000E+02  3.249E-01  2.044E-01  1.888E-01
 -5.1425000E+02  3.402E-01  1.989E-01  2.343E-01
 -5.1375000E+02  3.296E-01  1.962E-01  2.151E-01
 -5.1325000E+02  2.284E-01  1.128E-01  1.869E-01
 -5.1275000E+02  3.056E-01  2.101E-01  1.396E-01
 -5.1225000E+02  2.608E-01  1.664E-01  1.140E-01
 -5.1175000E+02  2.834E-01  1.869E-01  1.365E-01
 -5.1125000E+02  3.067E-01  2.175E-01  1.292E-01
 -5.1075000E+02  2.797E-01  1.719E-01  1.636E-01
 -5.1025000E+02  3.166E-01  1.733E-01  2.229E-01
 -5.0975000E+02  3.131E-01  1.860E-01  1.800E-01
 -5.0925000E+02  2.428E-01  1.277E-01  1.922E-01
 -5.0875000E+02  3.169E-01  1.858E-01  1.865E-01
 -5.0825000E+02  2.717E-01  1.841E-01  1.545E-01
 -5.0775000E+02  2.807E-01  1.867E-01  1.249E-01
 -5.0725000E+02  3.027E-01  1.590E-01  2.166E-01
 -5.0675000E+02  2.639E-01  1.810E-01  1.212E-01
 -5.0625000E+02  2.844E-01  1.788E-01  1.686E-01
 -5.0575000E+02  2.992E-01  1.812E-01  1.899E-01
 -5.0525000E+02  2.254E-01  1.380E-01  1.579E-01
 -5.0475000E+02  2.930E-01  1.709E-01  1.549E-01
 -5.0425000E+02  2.745E-01  1.599E-01  1.914E-01
 -5.0375000E+02  2.439E-01  1.650E-01  1.149E-01
 -5.0325000E+02  3.248E-01  2.022E-01  1.811E-01
 -5.0275000E+02  3.460E-01  2.377E-01  1.628E-01
 -5.0225000E+02  2.943E-01  2.069E-01  1.065E-01
 -5.0175000E+02  2.439E-01  1.241E-01  1.963E-01
 -5.0125000E+02  2.865E-01  1.888E-01  1.275E-01
 -5.0075000E+02  2.900E-01  1.692E-01  1.792E-01
 -5.0025000E+02  2.611E-01  1.515E-01  1.759E-01
 -4.9975000E+02  2.473E-01  1.557E-01  1.402E-01
 -4.9925000E+02  3.417E-01  2.006E-01  2.066E-01
 -4.9875000E+02  2.959E-01  2.071E-01  9.243E-02
 -4.9825000E+02  2.331E-01  1.543E-01  1.057E-01
 -4.9775000E+02  2.490E-01  1.582E-01  1.345E-01
 -4.9725000E+02  2.580E-01  1.503E-01  1.687E-01
 -4.9675000E+02  2.399E-01  1.358E-01  1.557E-01
 -4.9625000E+02  2.150E-01  1.218E-01  1.474E-01
 -4.9575000E+02  2.782E-01  1.827E-01  1.534E-01
 -4.9525000E+02  2.248E-01  1.208E-01  1.696E-01
 -4.9475000E+02  3.255E-01  1.837E-01  2.070E-01
 -4.9425000E+02  3.055E-01  1.810E-01  1.834E-01
 -4.9375000E+02  2.611E-01  1.681E-01  1.347E-01
 -4.9325000E+02  2.315E-01  1.300E-01  1.447E-01
 -4.9275000E+02  2.122E-01  1.149E-01  1.807E-01
 -4.9225000E+02  2.282E-01  1.475E-01  1.253E-01
 -4.9175000E+02  2.589E-01  1.584E-01  1.497E-01
 -4.9125000E+02  2.817E-01  1.685E-01  1.759E-01
 -4.9075000E+02  2.543E-01  1.853E-01  8.246E-02
 -4.9025000E+02  2.343E-01  1.725E-01  8.473E-02
 -4.8975000E+02  2.694E-01  1.461E-01  2.029E-01
 -4.8925000E+02  2.652E-01  1.713E-01  1.155E-01
 -4.8875000E+02  2.598E-01  1.734E-01  1.329E-01
 -4.8825000E+02  2.459E-01  1.345E-01  1.797E-01
 -4.8775000E+02  2.581E-01  1.649E-01  1.679E-01
 -4.8725000E+02  2.822E-01  1.704E-01  1.712E-01
 -4.8675000E+02  2.552E-01  1.475E-01  1.686E-01
 -4.8625000E+02  2.069E-01  1.119E-01  1.730E-01
 -4.8575000E+02  2.193E-01  1.343E-01  1.205E-01
 -4.8525000E+02  2.011E-01  1.084E-01  1.308E-01
 -4.8475000E+02  2.038E-01  1.228E-01  1.232E-01
 -4.8425000E+02  2.440E-01  1.725E-01  9.164E-02
 -4.8375000E+02  2.265E-01  1.198E-01  1.885E-01
 -4.8325000E+02  2.272E-01  9.491E-02  1.731E-01
 -4.8275000E+02  2.200E-01  1.337E-01  1.237E-01
 -4.8225000E+02  2.500E-01  1.620E-01  1.491E-01
 -4.8175000E+02  2.721E-01  1.716E-01  1.512E-01
 -4.8125000E+02  1.977E-01  1.162E-01  1.303E-01
 -4.8075000E+02  2.495E-01  1.378E-01  1.975E-01
 -4.8025000E+02  2.534E-01  1.623E-01  1.298E-01
 -4.7975000E+02  2.305E-01  1.398E-01  1.465E-01
 -4.7925000E+02  2.283E-01  1.432E-01  1.279E-01
 -4.7875000E+02  1.948E-01  7.181E-02  1.712E-01
 -4.7825000E+02  2.503E-01  1.622E-01  1.335E-01
 -4.7775000E+02  2.670E-01  1.732E-01  1.727E-01
 -4.7725000E+02  2.373E-01  1.573E-01  1.194E-01
 -4.7675000E+02  2.150E-01  1.415E-01  1.043E-01
 -4.7625000E+02  2.754E-01  1.667E-01  1.704E-01
 -4.7575000E+02  1.851E-01  1.136E-01  8.931E-02
 -4.7525000E+02  2.390E-01  1.612E-01  1.071E-01
 -4.7475000E+02  2.260E-01  1.445E-01  9.911E-02
 -4.7425000E+02  2.531E-01  1.354E-01  1.774E-01
 -4.7375000E+02  2.243E-01  1.313E-01  1.278E-01
 -4.7325000E+02  2.440E-01  1.685E-01  9.902E-02
 -4.7275000E+02  2.537E-01  1.591E-01  1.340E-01
 -4.7225000E+02  1.898E-01  1.312E-01  9.867E-02
 -4.7175000E+02  2.184E-01  1.395E-01  1.274E-01
 -4.7125000E+02  1.969E-01  1.407E-01  6.695E-02
 -4.7075000E+02  2.349E-01  1.456E-01  1.264E-01
 -4.7025000E+02  1.618E-01  1.000E-01  9.494E-02
 -4.6975000E+02  1.455E-01  7.277E-02  1.196E-01
 -4.6925000E+02  2.194E-01  1.340E-01  1.191E-01
 -4.6875000E+02  2.023E-01  1.297E-01  1.109E-01
 -4.6825000E+02  2.137E-01  1.754E-01  5.612E-02
 -4.6775000E+02  2.248E-01  1.423E-01  1.235E-01
 -4.6725000E+02  2.279E-01  1.375E-01  1.630E-01
 -4.6675000E+02  2.220E-01  1.089E-01  1.299E-01
 -4.6625000E+02  2.157E-01  1.253E-01  1.101E-01
 -4.6575000E+02  1.740E-01  1.066E-01  1.299E-01
 -4.6525000E+02  1.998E-01  1.306E-01  1.036E-01
 -4.6475000E+02  2.208E-01  1.417E-01  1.242E-01
 -4.6425000E+02  2.352E-01  1.524E-01  1.466E-01
 -4.6375000E+02  2.130E-01  1.430E-01  1.184E-01
 -4.6325000E+02  2.035E-01  1.095E-01  1.579E-01
 -4.6275000E+02  1.794E-01  1.086E-01  1.231E-01
 -4.6225000E+02  1.989E-01  1.042E-01  1.299E-01
 -4.6175000E+02  2.391E-01  1.428E-01  1.350E-01
 -4.6125000E+02  2.029E-01  1.359E-01  9.081E-02
 -4.6075000E+02  1.649E-01  1.045E-01  8.745E-02
 -4.6025000E+02  1.827E-01  1.039E-01  1.188E-01
 -4.5975000E+02  2.282E-01  1.545E-01  1.335E-01
 -4.5925000E+02  2.234E-01  1.404E-01  1.207E-01
 -4.5875000E+02  2.151E-01  1.295E-01  1.081E-01
 -4.5825000E+02  2.109E-01  1.393E-01  8.898E-02
 -4.5775000E+02  1.793E-01  9.600E-02  1.368E-01
 -4.5725000E+02  2.170E-01  1.421E-01  1.277E-01
 -4.5675000E+02  2.195E-01  1.379E-01  1.377E-01
 -4.5625000E+02  1.941E-01  1.347E-01  6.975E-02
 -4.5575000E+02  2.362E-01  1.626E-01  1.077E-01
 -4.5525000E+02  2.054E-01  1.425E-01  1.007E-01
 -4.5475000E+02  1.974E-01  9.246E-02  1.896E-01
 -4.5425000E+02  1.532E-01  6.575E-02  1.426E-01
 -4.5375000E+02  1.539E-01  6.790E-02  1.397E-01
 -4.5325000E+02  2.072E-01  1.246E-01  1.133E-01
 -4.5275000E+02  1.617E-01  1.113E-01  6.514E-02
 -4.5225000E+02  2.249E-01  1.405E-01  1.162E-01
 -4.5175000E+02  2.119E-01  1.157E-01  1.422E-01
 -4.5125000E+02  2.208E-01  1.395E-01  1.262E-01
 -4.5075000E+02  2.117E-01  1.296E-01  1.363E-01
 -4.5025000E+02  2.090E-01  1.246E-01  1.245E-01
 -4.4975000E+02  2.055E-01  1.359E-01  1.167E-01
 -4.4925000E+02  2.265E-01  1.574E-01  8.152E-02
 -4.4875000E+02  1.910E-01  1.306E-01  7.383E-02
 -4.4825000E+02  1.762E-01  1.081E-01  1.103E-01
 -4.4775000E+02  1.635E-01  5.914E-02  1.566E-01
 -4.4725000E+02  1.923E-01  1.108E-01  1.223E-01
 -4.4675000E+02  1.693E-01  9.718E-02  1.081E-01
 -4.4625000E+02  2.033E-01  1.411E-01  9.041E-02
 -4.4575000E+02  1.678E-01  1.106E-01  1.136E-01
 -4.4525000E+02  1.478E-01  8.480E-02  9.912E-02
 -4.4475000E+02  1.768E-01  8.735E-02  1.562E-01
 -4.4425000E+02  1.862E-01  9.890E-02  1.556E-01
 -4.4375000E+02  2.213E-01  1.485E-01  1.132E-01
 -4.4325000E+02  2.056E-01  1.313E-01  9.408E-02
 -4.4275000E+02  1.765E-01  1.143E-01  8.664E-02
 -4.4225000E+02  2.092E-01  1.258E-01  1.494E-01
 -4.4175000E+02  1.153E-01  6.640E-02  8.715E-02
 -4.4125000E+02  1.486E-01  9.296E-02  9.493E-02
 -4.4075000E+02  1.731E-01  1.299E-01  6.673E-02
 -4.4025000E+02  1.662E-01  8.277E-02  1.476E-01
 -4.3975000E+02  1.550E-01  7.036E-02  1.586E-01
 -4.3925000E+02  2.102E-01  1.611E-01  6.391E-02
 -4.3875000E+02  1.926E-01  1.212E-01  7.594E-02
 -4.3825000E+02  1.883E-01  1.151E-01  9.239E-02
 -4.3775000E+02  1.890E-01  1.310E-01  8.592E-02
 -4.3725000E+02  1.337E-01  8.158E-02  5.051E-02
 -4.3675000E+02  1.865E-01  1.237E-01  9.106E-02
 -4.3625000E+02  1.967E-01  1.377E-01  7.654E-02
 -4.3575000E+02  1.643E-01  9.562E-02  1.379E-01
 -4.3525000E+02  1.912E-01  1.135E-01  1.256E-01
 -4.3475000E+02  1.167E-01  5.550E-02  8.641E-02
 -4.3425000E+02  1.841E-01  1.076E-01  9.207E-02
 -4.3375000E+02  1.732E-01  9.888E-02  1.160E-01
 -4.3325000E+02  1.741E-01  1.054E-01  7.897E-02
 -4.3275000E+02  1.559E-01  1.005E-01  8.685E-02
 -4.3225000E+02  1.472E-01  9.269E-02  8.552E-02
 -4.3175000E+02  1.721E-01  9.673E-02  1.211E-01
 -4.3125000E+02  1.516E-01  8.118E-02  1.179E-01
 -4.3075000E+02  1.877E-01  1.131E-01  1.351E-01
 -4.3025000E+02  1.529E-01  9.261E-02  8.631E-02
 -4.2975000E+02  1.562E-01  8.977E-02  7.855E-02
 -4.2925000E+02  1.974E-01  1.362E-01  1.115E-01
 -4.2875000E+02  1.763E-01  1.002E-01  1.198E-01
 -4.2825000E+02  1.432E-01  1.052E-01  3.568E-02
 -4.2775000E+02  1.441E-01  9.080E-02  6.292E-02
 -4.2725000E+02  1.681E-01  9.454E-02  1.183E-01
 -4.2675000E+02  1.814E-01  8.034E-02  1.503E-01
 -4.2625000E+02  1.344E-01  1.136E-01 -1.674E-02
 -4.2575000E+02  1.317E-01  8.309E-02  5.890E-02
 -4.2525000E+02  1.661E-01  9.195E-02  1.083E-01
 -4.2475000E+02  1.655E-01  9.963E-02  1.181E-01
 -4.2425000E+02  1.411E-01  7.753E-02  1.064E-01
 -4.2375000E+02  1.598E-01  9.627E-02  1.145E-01
 -4.2325000E+02  1.399E-01  9.048E-02  8.599E-02
 -4.2275000E+02  1.884E-01  1.319E-01  7.278E-02
 -4.2225000E+02  1.499E-01  9.198E-02  6.109E-02
 -4.2175000E+02  1.557E-01  8.386E-02  8.795E-02
 -4.2125000E+02  1.547E-01  1.035E-01  7.337E-02
 -4.2075000E+02  1.530E-01  9.825E-02  1.031E-01
 -4.2025000E+02  1.335E-01  8.718E-02  1.002E-01
 -4.1975000E+02  1.232E-01  6.703E-02  9.155E-02
 -4.1925000E+02  1.914E-01  1.119E-01  1.242E-01
 -4.1875000E+02  2.014E-01  1.334E-01  1.140E-01
 -4.1825000E+02  1.687E-01  6.285E-02  1.213E-01
 -4.1775000E+02  8.172E-02  3.565E-02  8.410E-02
 -4.1725000E+02  1.529E-01  1.083E-01  7.158E-02
 -4.1675000E+02  1.743E-01  1.170E-01  9.951E-02
 -4.1625000E+02  1.311E-01  8.883E-02  4.536E-02
 -4.1575000E+02  1.498E-01  8.289E-02  8.782E-02
 -4.1525000E+02  1.648E-01  9.662E-02  9.608E-02
 -4.1475000E+02  1.342E-01  6.229E-02  1.086E-01
 -4.1425000E+02  1.490E-01  8.869E-02  9.733E-02
 -4.1375000E+02  1.512E-01  1.082E-01  6.941E-02
 -4.1325000E+02  1.574E-01  1.108E-01  7.372E-02
 -4.1275000E+02  1.649E-01  9.658E-02  1.052E-01
 -4.1225000E+02  1.625E-01  9.933E-02  1.141E-01
 -4.1175000E+02  1.064E-01  5.475E-02  8.516E-02
 -4.1125000E+02  1.241E-01  9.656E-02  5.537E-02
 -4.1075000E+02  1.784E-01  1.412E-01  1.956E-02
 -4.1025000E+02  1.707E-01  1.037E-01  9.430E-02
 -4.0975000E+02  1.741E-01  1.031E-01  9.514E-02
 -4.0925000E+02  1.017E-01  6.926E-02  5.192E-02
 -4.0875000E+02  1.242E-01  6.165E-02  1.012E-01
 -4.0825000E+02  1.454E-01  8.622E-02  9.002E-02
 -4.0775000E+02  1.372E-01  7.113E-02  1.224E-01
 -4.0725000E+02  1.419E-01  7.117E-02  1.179E-01
 -4.0675000E+02  1.244E-01  8.458E-02  5.213E-02
 -4.0625000E+02  1.468E-01  1.103E-01  4.564E-02
 -4.0575000E+02  1.429E-01  7.671E-02  1.105E-01
 -4.0525000E+02  1.435E-01  8.895E-02  8.635E-02
 -4.0475000E+02  1.265E-01  9.427E-02  4.903E-02
 -4.0425000E+02  1.014E-01  7.244E-02  3.131E-02
 -4.0375000E+02  1.313E-01  6.073E-02  1.137E-01
 -4.0325000E+02  1.403E-01  1.002E-01  6.253E-02
 -4.0275000E+02  1.350E-01  8.054E-02  9.367E-02
 -4.0225000E+02  1.484E-01  8.274E-02  1.028E-01
 -4.0175000E+02  1.126E-01  5.336E-02  9.386E-02
 -4.0125000E+02  1.395E-01  9.489E-02  5.675E-02
 -4.0075000E+02  1.531E-01  8.789E-02  1.264E-01
 -4.0025000E+02  1.544E-01  8.998E-02  8.646E-02
 -3.9975000E+02  1.273E-01  1.004E-01  3.216E-02
 -3.9925000E+02  1.371E-01  8.380E-02  6.381E-02
 -3.9875000E+02  1.491E-01  1.123E-01  3.571E-02
 -3.9825000E+02  1.309E-01  8.285E-02  5.702E-02
 -3.9775000E+02  1.503E-01  7.779E-02  1.126E-01
 -3.9725000E+02  1.542E-01  1.028E-01  8.212E-02
 -3.9675000E+02  1.162E-01  8.737E-02  3.743E-02
 -3.9625000E+02  1.102E-01  7.086E-02  7.187E-02
 -3.9575000E+02  1.346E-01  9.734E-02  5.210E-02
 -3.9525000E+02  1.298E-01  7.198E-02  8.906E-02
 -3.9475000E+02  1.379E-01  9.496E-02  6.519E-02
 -3.9425000E+02  1.431E-01  8.569E-02  8.535E-02
 -3.9375000E+02  1.293E-01  7.736E-02  4.394E-02
 -3.9325000E+02  1.137E-01  7.384E-02  3.523E-02
 -3.9275000E+02  1.459E-01  8.508E-02  1.020E-01
 -3.9225000E+02  1.336E-01  9.185E-02  6.898E-02
 -3.9175000E+02  1.130E-01  7.707E-02  6.145E-02
 -3.9125000E+02  1.287E-01  7.843E-02  6.356E-02
 -3.9075000E+02  9.893E-02  4.638E-02  7.543E-02
 -3.9025000E+02  1.658E-01  7.383E-02  1.573E-01
 -3.8975000E+02  1.289E-01  8.189E-02  6.469E-02
 -3.8925000E+02  1.323E-01  8.353E-02  5.177E-02
 -3.8875000E+02  9.773E-02  3.962E-02  1.058E-01
 -3.8825000E+02  1.567E-01  8.144E-02  8.969E-02
 -3.8775000E+02  1.733E-01  6.832E-02  1.150E-01
 -3.8725000E+02  1.186E-01  6.308E-02  8.739E-02
 -3.8675000E+02  1.293E-01  1.048E-01  2.184E-02
 -3.8625000E+02  1.501E-01  9.414E-02  1.277E-01
 -3.8575000E+02  1.284E-01  7.456E-02  1.071E-01
 -3.8525000E+02  9.440E-02  5.004E-02  3.488E-02
 -3.8475000E+02  1.343E-01  1.086E-01  1.724E-02
 -3.8425000E+02  1.298E-01  7.810E-02  6.302E-02
 -3.8375000E+02  9.641E-02  5.891E-02  7.150E-02
 -3.8325000E+02  1.492E-01  9.325E-02  8.668E-02
 -3.8275000E+02  1.549E-01  1.065E-01  7.675E-02
 -3.8225000E+02  1.524E-01  1.038E-01  5.973E-02
 -3.8175000E+02  1.165E-01  7.314E-02  5.647E-02
 -3.8125000E+02  1.479E-01  9.773E-02  7.916E-02
 -3.8075000E+02  9.997E-02  3.445E-02  9.322E-02
 -3.8025000E+02  1.174E-01  5.481E-02  9.573E-02
 -3.7975000E+02  1.540E-01  1.031E-01  8.051E-02
 -3.7925000E+02  9.136E-02  5.866E-02  4.842E-02
 -3.7875000E+02  1.074E-01  6.926E-02  7.520E-02
 -3.7825000E+02  1.239E-01  9.935E-02  3.976E-02
 -3.7775000E+02  9.602E-02  6.669E-02  3.512E-02
 -3.7725000E+02  1.211E-01  7.060E-02  4.041E-02
 -3.7675000E+02  1.038E-01  5.428E-02  6.836E-02
 -3.7625000E+02  1.595E-01  8.621E-02  1.063E-01
 -3.7575000E+02  1.235E-01  1.016E-01  3.338E-02
 -3.7525000E+02  6.711E-02  4.374E-02  6.746E-02
 -3.7475000E+02  1.075E-01  6.898E-02  5.098E-02
 -3.7425000E+02  1.541E-01  7.567E-02  1.261E-01
 -3.7375000E+02  1.122E-01  5.573E-02  8.235E-02
 -3.7325000E+02  1.382E-01  8.681E-02  6.802E-02
 -3.7275000E+02  9.396E-02  4.640E-02  1.026E-01
 -3.7225000E+02  8.282E-02  4.089E-02  7.543E-02
 -3.7175000E+02  9.637E-02  6.686E-02  4.812E-02
 -3.7125000E+02  1.089E-01  9.264E-02  2.344E-02
 -3.7075000E+02  1.115E-01  7.947E-02  5.200E-02
 -3.7025000E+02  8.210E-02  3.487E-02  9.260E-02
 -3.6975000E+02  1.180E-01  6.847E-02  8.548E-02
 -3.6925000E+02  1.139E-01  7.512E-02  5.697E-02
 -3.6875000E+02  1.125E-01  5.878E-02  8.282E-02
 -3.6825000E+02  9.947E-02  5.567E-02  5.125E-02
 -3.6775000E+02  9.974E-02  4.865E-02  6.459E-02
 -3.6725000E+02  1.504E-01  9.118E-02  7.766E-02
 -3.6675000E+02  1.283E-01  9.296E-02  7.402E-02
 -3.6625000E+02  1.141E-01  6.876E-02  5.854E-02
 -3.6575000E+02  9.307E-02  6.654E-02  4.354E-02
 -3.6525000E+02  1.097E-01  4.938E-02  8.895E-02
 -3.6475000E+02  1.147E-01  8.203E-02  9.651E-03
 -3.6425000E+02  1.242E-01  8.635E-02  3.782E-02
 -3.6375000E+02  1.208E-01  8.052E-02  4.683E-02
