 -7.3487500E+03 -0.000E+00 -0.000E+00  0.000E+00
 -7.3482500E+03 -0.000E+00 -0.000E+00  0.000E+00
 -7.3477500E+03 -0.000E+00 -0.000E+00  0.000E+00
 -7.3472500E+03 -0.000E+00 -0.000E+00  0.000E+00
 -7.3467500E+03 -0.000E+00 -0.000E+00  0.000E+00
 -7.3462500E+03 -0.000E+00 -0.000E+00  0.000E+00
 -7.3457500E+03 -0.000E+00 -0.000E+00  0.000E+00
 -7.3452500E+03 -0.000E+00 -0.000E+00  0.000E+00
 -7.3447500E+03 -0.000E+00 -0.000E+00  0.000E+00
 -7.3442500E+03 -0.000E+00 -0.000E+00  0.000E+00
 -7.3437500E+03 -0.000E+00 -0.000E+00  0.000E+00
 -7.3432500E+03 -0.000E+00 -0.000E+00  0.000E+00
 -7.3427500E+03 -0.000E+00 -0.000E+00  0.000E+00
 -7.3422500E+03 -0.000E+00 -0.000E+00  0.000E+00
 -7.3417500E+03 -0.000E+00 -0.000E+00  0.000E+00
 -7.3412500E+03 -0.000E+00 -0.000E+00  0.000E+00
 -7.3407500E+03 -0.000E+00 -0.000E+00  0.000E+00
 -7.3402500E+03 -0.000E+00 -0.000E+00  0.000E+00
 -7.3397500E+03 -0.000E+00 -0.000E+00  0.000E+00
 -7.3392500E+03 -0.000E+00 -0.000E+00  0.000E+00
 -7.3387500E+03 -0.000E+00 -0.000E+00  0.000E+00
 -7.3382500E+03 -0.000E+00 -0.000E+00  0.000E+00
 -7.3377500E+03 -0.000E+00 -0.000E+00  0.000E+00
 -7.3372500E+03 -0.000E+00 -0.000E+00  0.000E+00
 -7.3367500E+03 -0.000E+00 -0.000E+00  0.000E+00
 -7.3362500E+03 -0.000E+00 -0.000E+00  0.000E+00
 -7.3357500E+03 -0.000E+00 -0.000E+00  0.000E+00
 -7.3352500E+03 -0.000E+00 -0.000E+00  0.000E+00
 -7.3347500E+03 -0.000E+00 -0.000E+00  0.000E+00
 -7.3342500E+03 -0.000E+00 -0.000E+00  0.000E+00
 -7.3337500E+03 -0.000E+00 -0.000E+00  0.000E+00
 -7.3332500E+03 -0.000E+00 -0.000E+00  0.000E+00
 -7.3327500E+03 -0.000E+00 -0.000E+00  0.000E+00
 -7.3322500E+03 -0.000E+00 -0.000E+00  0.000E+00
 -7.3317500E+03 -0.000E+00 -0.000E+00  0.000E+00
 -7.3312500E+03 -0.000E+00 -0.000E+00  0.000E+00
 -7.3307500E+03 -0.000E+00 -0.000E+00  0.000E+00
 -7.3302500E+03 -0.000E+00 -0.000E+00  0.000E+00
 -7.3297500E+03 -0.000E+00 -0.000E+00  0.000E+00
 -7.3292500E+03 -0.000E+00 -0.000E+00  0.000E+00
 -7.3287500E+03 -0.000E+00 -0.000E+00  0.000E+00
 -7.3282500E+03 -0.000E+00 -0.000E+00  0.000E+00
 -7.3277500E+03 -0.000E+00 -0.000E+00  0.000E+00
 -7.3272500E+03 -0.000E+00 -0.000E+00  0.000E+00
 -7.3267500E+03 -0.000E+00 -0.000E+00  0.000E+00
 -7.3262500E+03 -0.000E+00 -0.000E+00  0.000E+00
 -7.3257500E+03 -0.000E+00 -0.000E+00  0.000E+00
 -7.3252500E+03 -0.000E+00 -0.000E+00  0.000E+00
 -7.3247500E+03 -0.000E+00 -0.000E+00  0.000E+00
 -7.3242500E+03 -0.000E+00 -0.000E+00  0.000E+00
 -7.3237500E+03 -0.000E+00 -0.000E+00  0.000E+00
 -7.3232500E+03 -0.000E+00 -0.000E+00  0.000E+00
 -7.3227500E+03 -0.000E+00 -0.000E+00  0.000E+00
 -7.3222500E+03 -0.000E+00 -0.000E+00  0.000E+00
 -7.3217500E+03 -0.000E+00 -0.000E+00  0.000E+00
 -7.3212500E+03 -0.000E+00 -0.000E+00  0.000E+00
 -7.3207500E+03 -0.000E+00 -0.000E+00  0.000E+00
 -7.3202500E+03 -0.000E+00 -0.000E+00  0.000E+00
 -7.3197500E+03 -0.000E+00 -0.000E+00  0.000E+00
 -7.3192500E+03 -0.000E+00 -0.000E+00  0.000E+00
 -7.3187500E+03 -0.000E+00 -0.000E+00  0.000E+00
 -7.3182500E+03 -0.000E+00 -0.000E+00  0.000E+00
 -7.3177500E+03 -0.000E+00 -0.000E+00  0.000E+00
 -7.3172500E+03 -0.000E+00 -0.000E+00  0.000E+00
 -7.3167500E+03 -0.000E+00 -0.000E+00  0.000E+00
 -7.3162500E+03 -0.000E+00 -0.000E+00  0.000E+00
 -7.3157500E+03 -0.000E+00 -0.000E+00  0.000E+00
 -7.3152500E+03 -0.000E+00 -0.000E+00  0.000E+00
 -7.3147500E+03 -0.000E+00 -0.000E+00  0.000E+00
 -7.3142500E+03 -0.000E+00 -0.000E+00  0.000E+00
 -7.3137500E+03 -0.000E+00 -0.000E+00  0.000E+00
 -7.3132500E+03 -0.000E+00 -0.000E+00  0.000E+00
 -7.3127500E+03 -0.000E+00 -0.000E+00  0.000E+00
 -7.3122500E+03 -0.000E+00 -0.000E+00  0.000E+00
 -7.3117500E+03 -0.000E+00 -0.000E+00  0.000E+00
 -7.3112500E+03 -0.000E+00 -0.000E+00  0.000E+00
 -7.3107500E+03 -0.000E+00 -0.000E+00  0.000E+00
 -7.3102500E+03 -0.000E+00 -0.000E+00  0.000E+00
 -7.3097500E+03 -0.000E+00 -0.000E+00  0.000E+00
 -7.3092500E+03 -0.000E+00 -0.000E+00  0.000E+00
 -7.3087500E+03 -0.000E+00 -0.000E+00  0.000E+00
 -7.3082500E+03 -0.000E+00 -0.000E+00  0.000E+00
 -7.3077500E+03 -0.000E+00 -0.000E+00  0.000E+00
 -7.3072500E+03 -0.000E+00 -0.000E+00  0.000E+00
 -7.3067500E+03 -0.000E+00 -0.000E+00  0.000E+00
 -7.3062500E+03 -0.000E+00 -0.000E+00  0.000E+00
 -7.3057500E+03 -0.000E+00 -0.000E+00  0.000E+00
 -7.3052500E+03 -0.000E+00 -0.000E+00  0.000E+00
 -7.3047500E+03 -0.000E+00 -0.000E+00  0.000E+00
 -7.3042500E+03 -0.000E+00 -0.000E+00  0.000E+00
 -7.3037500E+03 -0.000E+00 -0.000E+00  0.000E+00
 -7.3032500E+03 -0.000E+00 -0.000E+00  0.000E+00
 -7.3027500E+03 -0.000E+00 -0.000E+00  0.000E+00
 -7.3022500E+03 -0.000E+00 -0.000E+00  0.000E+00
 -7.3017500E+03 -0.000E+00 -0.000E+00  0.000E+00
 -7.3012500E+03 -0.000E+00 -0.000E+00  0.000E+00
 -7.3007500E+03 -0.000E+00 -0.000E+00  0.000E+00
 -7.3002500E+03 -0.000E+00 -0.000E+00  0.000E+00
 -7.2997500E+03 -0.000E+00 -0.000E+00  0.000E+00
 -7.2992500E+03 -0.000E+00 -0.000E+00  0.000E+00
 -7.2987500E+03 -0.000E+00 -0.000E+00  0.000E+00
 -7.2982500E+03 -0.000E+00 -0.000E+00  0.000E+00
 -7.2977500E+03 -0.000E+00 -0.000E+00  0.000E+00
 -7.2972500E+03 -0.000E+00 -0.000E+00  0.000E+00
 -7.2967500E+03 -0.000E+00 -0.000E+00  0.000E+00
 -7.2962500E+03 -0.000E+00 -0.000E+00  0.000E+00
 -7.2957500E+03 -0.000E+00 -0.000E+00  0.000E+00
 -7.2952500E+03 -0.000E+00 -0.000E+00  0.000E+00
 -7.2947500E+03 -0.000E+00 -0.000E+00  0.000E+00
 -7.2942500E+03 -0.000E+00 -0.000E+00  0.000E+00
 -7.2937500E+03 -0.000E+00 -0.000E+00  0.000E+00
 -7.2932500E+03 -0.000E+00 -0.000E+00  0.000E+00
 -7.2927500E+03 -0.000E+00 -0.000E+00  0.000E+00
 -7.2922500E+03 -0.000E+00 -0.000E+00  0.000E+00
 -7.2917500E+03 -0.000E+00 -0.000E+00  0.000E+00
 -7.2912500E+03 -0.000E+00 -0.000E+00  0.000E+00
 -7.2907500E+03 -0.000E+00 -0.000E+00  0.000E+00
 -7.2902500E+03 -0.000E+00 -0.000E+00  0.000E+00
 -7.2897500E+03 -0.000E+00 -0.000E+00  0.000E+00
 -7.2892500E+03 -0.000E+00 -0.000E+00  0.000E+00
 -7.2887500E+03 -0.000E+00 -0.000E+00  0.000E+00
 -7.2882500E+03 -0.000E+00 -0.000E+00  0.000E+00
 -7.2877500E+03 -0.000E+00 -0.000E+00  0.000E+00
 -7.2872500E+03 -0.000E+00 -0.000E+00  0.000E+00
 -7.2867500E+03 -0.000E+00 -0.000E+00  0.000E+00
 -7.2862500E+03 -0.000E+00 -0.000E+00  0.000E+00
 -7.2857500E+03 -0.000E+00 -0.000E+00  0.000E+00
 -7.2852500E+03 -0.000E+00 -0.000E+00  0.000E+00
 -7.2847500E+03 -0.000E+00 -0.000E+00  0.000E+00
 -7.2842500E+03 -0.000E+00 -0.000E+00  0.000E+00
 -7.2837500E+03 -0.000E+00 -0.000E+00  0.000E+00
 -7.2832500E+03 -0.000E+00 -0.000E+00  0.000E+00
 -7.2827500E+03 -0.000E+00 -0.000E+00  0.000E+00
 -7.2822500E+03 -0.000E+00 -0.000E+00  0.000E+00
 -7.2817500E+03 -0.000E+00 -0.000E+00  0.000E+00
 -7.2812500E+03 -0.000E+00 -0.000E+00  0.000E+00
 -7.2807500E+03 -0.000E+00 -0.000E+00  0.000E+00
 -7.2802500E+03 -0.000E+00 -0.000E+00  0.000E+00
 -7.2797500E+03 -0.000E+00 -0.000E+00  0.000E+00
 -7.2792500E+03 -0.000E+00 -0.000E+00  0.000E+00
 -7.2787500E+03 -0.000E+00 -0.000E+00  0.000E+00
 -7.2782500E+03 -0.000E+00 -0.000E+00  0.000E+00
 -7.2777500E+03 -0.000E+00 -0.000E+00  0.000E+00
 -7.2772500E+03 -0.000E+00 -0.000E+00  0.000E+00
 -7.2767500E+03 -0.000E+00 -0.000E+00  0.000E+00
 -7.2762500E+03 -0.000E+00 -0.000E+00  0.000E+00
 -7.2757500E+03 -0.000E+00 -0.000E+00  0.000E+00
 -7.2752500E+03 -0.000E+00 -0.000E+00  0.000E+00
 -7.2747500E+03 -0.000E+00 -0.000E+00  0.000E+00
 -7.2742500E+03 -0.000E+00 -0.000E+00  0.000E+00
 -7.2737500E+03 -0.000E+00 -0.000E+00  0.000E+00
 -7.2732500E+03 -0.000E+00 -0.000E+00  0.000E+00
 -7.2727500E+03 -0.000E+00 -0.000E+00  0.000E+00
 -7.2722500E+03 -0.000E+00 -0.000E+00  0.000E+00
 -7.2717500E+03 -0.000E+00 -0.000E+00  0.000E+00
 -7.2712500E+03 -0.000E+00 -0.000E+00  0.000E+00
 -7.2707500E+03 -0.000E+00 -0.000E+00  0.000E+00
 -7.2702500E+03 -0.000E+00 -0.000E+00  0.000E+00
 -7.2697500E+03 -0.000E+00 -0.000E+00  0.000E+00
 -7.2692500E+03 -0.000E+00 -0.000E+00  0.000E+00
 -7.2687500E+03 -0.000E+00 -0.000E+00  0.000E+00
 -7.2682500E+03 -0.000E+00 -0.000E+00  0.000E+00
 -7.2677500E+03 -0.000E+00 -0.000E+00  0.000E+00
 -7.2672500E+03 -0.000E+00 -0.000E+00  0.000E+00
 -7.2667500E+03 -0.000E+00 -0.000E+00  0.000E+00
 -7.2662500E+03 -0.000E+00 -0.000E+00  0.000E+00
 -7.2657500E+03 -0.000E+00 -0.000E+00  0.000E+00
 -7.2652500E+03 -0.000E+00 -0.000E+00  0.000E+00
 -7.2647500E+03 -0.000E+00 -0.000E+00  0.000E+00
 -7.2642500E+03 -0.000E+00 -0.000E+00  0.000E+00
 -7.2637500E+03 -0.000E+00 -0.000E+00  0.000E+00
 -7.2632500E+03 -0.000E+00 -0.000E+00  0.000E+00
 -7.2627500E+03 -0.000E+00 -0.000E+00  0.000E+00
 -7.2622500E+03 -0.000E+00 -0.000E+00  0.000E+00
 -7.2617500E+03 -0.000E+00 -0.000E+00  0.000E+00
 -7.2612500E+03 -0.000E+00 -0.000E+00  0.000E+00
 -7.2607500E+03 -0.000E+00 -0.000E+00  0.000E+00
 -7.2602500E+03 -0.000E+00 -0.000E+00  0.000E+00
 -7.2597500E+03 -0.000E+00 -0.000E+00  0.000E+00
 -7.2592500E+03 -0.000E+00 -0.000E+00  0.000E+00
 -7.2587500E+03 -0.000E+00 -0.000E+00  0.000E+00
 -7.2582500E+03 -0.000E+00 -0.000E+00  0.000E+00
 -7.2577500E+03 -0.000E+00 -0.000E+00  0.000E+00
 -7.2572500E+03 -0.000E+00 -0.000E+00  0.000E+00
 -7.2567500E+03 -0.000E+00 -0.000E+00  0.000E+00
 -7.2562500E+03 -0.000E+00 -0.000E+00  0.000E+00
 -7.2557500E+03 -0.000E+00 -0.000E+00  0.000E+00
 -7.2552500E+03 -0.000E+00 -0.000E+00  0.000E+00
 -7.2547500E+03 -0.000E+00 -0.000E+00  0.000E+00
 -7.2542500E+03 -0.000E+00 -0.000E+00  0.000E+00
 -7.2537500E+03 -0.000E+00 -0.000E+00  0.000E+00
 -7.2532500E+03 -0.000E+00 -0.000E+00  0.000E+00
 -7.2527500E+03 -0.000E+00 -0.000E+00  0.000E+00
 -7.2522500E+03 -0.000E+00 -0.000E+00  0.000E+00
 -7.2517500E+03 -0.000E+00 -0.000E+00  0.000E+00
 -7.2512500E+03 -0.000E+00 -0.000E+00  0.000E+00
 -7.2507500E+03 -0.000E+00 -0.000E+00  0.000E+00
 -7.2502500E+03 -0.000E+00 -0.000E+00  0.000E+00
 -7.2497500E+03 -0.000E+00 -0.000E+00  0.000E+00
 -7.2492500E+03 -0.000E+00 -0.000E+00  0.000E+00
 -7.2487500E+03 -0.000E+00 -0.000E+00  0.000E+00
 -7.2482500E+03 -0.000E+00 -0.000E+00  0.000E+00
 -7.2477500E+03 -0.000E+00 -0.000E+00  0.000E+00
 -7.2472500E+03 -0.000E+00 -0.000E+00  0.000E+00
 -7.2467500E+03 -0.000E+00 -0.000E+00  0.000E+00
 -7.2462500E+03 -0.000E+00 -0.000E+00  0.000E+00
 -7.2457500E+03 -0.000E+00 -0.000E+00  0.000E+00
 -7.2452500E+03 -0.000E+00 -0.000E+00  0.000E+00
 -7.2447500E+03 -0.000E+00 -0.000E+00  0.000E+00
 -7.2442500E+03 -0.000E+00 -0.000E+00  0.000E+00
 -7.2437500E+03 -0.000E+00 -0.000E+00  0.000E+00
 -7.2432500E+03 -0.000E+00 -0.000E+00  0.000E+00
 -7.2427500E+03 -0.000E+00 -0.000E+00  0.000E+00
 -7.2422500E+03 -0.000E+00 -0.000E+00  0.000E+00
 -7.2417500E+03 -0.000E+00 -0.000E+00  0.000E+00
 -7.2412500E+03 -0.000E+00 -0.000E+00  0.000E+00
 -7.2407500E+03 -0.000E+00 -0.000E+00  0.000E+00
 -7.2402500E+03 -0.000E+00 -0.000E+00  0.000E+00
 -7.2397500E+03 -0.000E+00 -0.000E+00  0.000E+00
 -7.2392500E+03 -0.000E+00 -0.000E+00  0.000E+00
 -7.2387500E+03 -0.000E+00 -0.000E+00  0.000E+00
 -7.2382500E+03 -0.000E+00 -0.000E+00  0.000E+00
 -7.2377500E+03 -0.000E+00 -0.000E+00  0.000E+00
 -7.2372500E+03 -0.000E+00 -0.000E+00  0.000E+00
 -7.2367500E+03 -0.000E+00 -0.000E+00  0.000E+00
 -7.2362500E+03 -0.000E+00 -0.000E+00  0.000E+00
 -7.2357500E+03 -0.000E+00 -0.000E+00  0.000E+00
 -7.2352500E+03 -0.000E+00 -0.000E+00  0.000E+00
 -7.2347500E+03 -0.000E+00 -0.000E+00  0.000E+00
 -7.2342500E+03 -0.000E+00 -0.000E+00  0.000E+00
 -7.2337500E+03 -0.000E+00 -0.000E+00  0.000E+00
 -7.2332500E+03 -0.000E+00 -0.000E+00  0.000E+00
 -7.2327500E+03 -0.000E+00 -0.000E+00  0.000E+00
 -7.2322500E+03 -0.000E+00 -0.000E+00  0.000E+00
 -7.2317500E+03 -0.000E+00 -0.000E+00  0.000E+00
 -7.2312500E+03 -0.000E+00 -0.000E+00  0.000E+00
 -7.2307500E+03 -0.000E+00 -0.000E+00  0.000E+00
 -7.2302500E+03 -0.000E+00 -0.000E+00  0.000E+00
 -7.2297500E+03 -0.000E+00 -0.000E+00  0.000E+00
 -7.2292500E+03 -0.000E+00 -0.000E+00  0.000E+00
 -7.2287500E+03 -0.000E+00 -0.000E+00  0.000E+00
 -7.2282500E+03 -0.000E+00 -0.000E+00  0.000E+00
 -7.2277500E+03 -0.000E+00 -0.000E+00  0.000E+00
 -7.2272500E+03 -0.000E+00 -0.000E+00  0.000E+00
 -7.2267500E+03 -0.000E+00 -0.000E+00  0.000E+00
 -7.2262500E+03 -0.000E+00 -0.000E+00  0.000E+00
 -7.2257500E+03 -0.000E+00 -0.000E+00  0.000E+00
 -7.2252500E+03 -0.000E+00 -0.000E+00  0.000E+00
 -7.2247500E+03 -0.000E+00 -0.000E+00  0.000E+00
 -7.2242500E+03 -0.000E+00 -0.000E+00  0.000E+00
 -7.2237500E+03 -0.000E+00 -0.000E+00  0.000E+00
 -7.2232500E+03 -0.000E+00 -0.000E+00  0.000E+00
 -7.2227500E+03 -0.000E+00 -0.000E+00  0.000E+00
 -7.2222500E+03 -0.000E+00 -0.000E+00  0.000E+00
 -7.2217500E+03 -0.000E+00 -0.000E+00  0.000E+00
 -7.2212500E+03 -0.000E+00 -0.000E+00  0.000E+00
 -7.2207500E+03 -0.000E+00 -0.000E+00  0.000E+00
 -7.2202500E+03 -0.000E+00 -0.000E+00  0.000E+00
 -7.2197500E+03 -0.000E+00 -0.000E+00  0.000E+00
 -7.2192500E+03 -0.000E+00 -0.000E+00  0.000E+00
 -7.2187500E+03 -0.000E+00 -0.000E+00  0.000E+00
 -7.2182500E+03 -0.000E+00 -0.000E+00  0.000E+00
 -7.2177500E+03 -0.000E+00 -0.000E+00  0.000E+00
 -7.2172500E+03 -0.000E+00 -0.000E+00  0.000E+00
 -7.2167500E+03 -0.000E+00 -0.000E+00  0.000E+00
 -7.2162500E+03 -0.000E+00 -0.000E+00  0.000E+00
 -7.2157500E+03 -0.000E+00 -0.000E+00  0.000E+00
 -7.2152500E+03 -0.000E+00 -0.000E+00  0.000E+00
 -7.2147500E+03 -0.000E+00 -0.000E+00  0.000E+00
 -7.2142500E+03 -0.000E+00 -0.000E+00  0.000E+00
 -7.2137500E+03 -0.000E+00 -0.000E+00  0.000E+00
 -7.2132500E+03 -0.000E+00 -0.000E+00  0.000E+00
 -7.2127500E+03 -0.000E+00 -0.000E+00  0.000E+00
 -7.2122500E+03 -0.000E+00 -0.000E+00  0.000E+00
 -7.2117500E+03 -0.000E+00 -0.000E+00  0.000E+00
 -7.2112500E+03 -0.000E+00 -0.000E+00  0.000E+00
 -7.2107500E+03 -0.000E+00 -0.000E+00  0.000E+00
 -7.2102500E+03 -0.000E+00 -0.000E+00  0.000E+00
 -7.2097500E+03 -0.000E+00 -0.000E+00  0.000E+00
 -7.2092500E+03 -0.000E+00 -0.000E+00  0.000E+00
 -7.2087500E+03 -0.000E+00 -0.000E+00  0.000E+00
 -7.2082500E+03 -0.000E+00 -0.000E+00  0.000E+00
 -7.2077500E+03 -0.000E+00 -0.000E+00  0.000E+00
 -7.2072500E+03 -0.000E+00 -0.000E+00  0.000E+00
 -7.2067500E+03 -0.000E+00 -0.000E+00  0.000E+00
 -7.2062500E+03 -0.000E+00 -0.000E+00  0.000E+00
 -7.2057500E+03 -0.000E+00 -0.000E+00  0.000E+00
 -7.2052500E+03 -0.000E+00 -0.000E+00  0.000E+00
 -7.2047500E+03 -0.000E+00 -0.000E+00  0.000E+00
 -7.2042500E+03 -0.000E+00 -0.000E+00  0.000E+00
 -7.2037500E+03 -0.000E+00 -0.000E+00  0.000E+00
 -7.2032500E+03 -0.000E+00 -0.000E+00  0.000E+00
 -7.2027500E+03 -0.000E+00 -0.000E+00  0.000E+00
 -7.2022500E+03 -1.371E-05 -8.346E-06 -6.863E-06
 -7.2017500E+03 -2.978E-05 -2.423E-05  2.577E-06
 -7.2012500E+03  6.511E-05  5.294E-05 -3.469E-06
 -7.2007500E+03 -1.253E-04 -4.756E-05 -1.342E-04
 -7.2002500E+03 -4.308E-04 -3.331E-04  1.689E-06
 -7.1997500E+03  1.800E-05 -9.855E-05  3.300E-04
 -7.1992500E+03  1.260E-04 -1.379E-04  6.946E-04
 -7.1987500E+03  2.468E-04  5.631E-04 -1.084E-03
 -7.1982500E+03 -2.636E-04 -2.300E-04  6.944E-05
 -7.1977500E+03  1.134E-03  7.546E-04  3.143E-04
 -7.1972500E+03  3.749E-04  3.307E-04 -1.671E-04
 -7.1967500E+03 -2.309E-03 -8.726E-04 -2.683E-03
 -7.1962500E+03 -2.583E-02 -1.800E-02 -5.085E-03
 -7.1957500E+03  8.671E-03  8.983E-03 -6.087E-03
 -7.1952500E+03 -3.522E-03 -5.571E-03  7.727E-03
 -7.1947500E+03  7.421E-04  2.899E-03 -6.166E-03
 -7.1942500E+03 -3.455E-03  3.729E-04 -8.994E-03
 -7.1937500E+03 -7.830E-03 -7.071E-03  2.401E-03
 -7.1932500E+03  7.954E-03  3.426E-03  8.004E-03
 -7.1927500E+03  3.699E-03  1.550E-03  3.527E-03
 -7.1922500E+03 -7.138E-03 -6.747E-03  3.278E-03
 -7.1917500E+03 -2.746E-03 -1.838E-03 -1.042E-03
 -7.1912500E+03 -1.371E-02 -7.353E-03 -8.601E-03
 -7.1907500E+03 -7.745E-03 -5.108E-03 -2.811E-03
 -7.1902500E+03 -2.999E-02 -2.245E-02 -1.822E-03
 -7.1897500E+03 -4.935E-02 -3.376E-02 -1.228E-02
 -7.1892500E+03 -4.065E-02 -1.743E-02 -3.915E-02
 -7.1887500E+03 -3.804E-02 -1.544E-02 -3.851E-02
 -7.1882500E+03 -4.963E-02 -3.309E-02 -1.452E-02
 -7.1877500E+03 -9.209E-02 -5.776E-02 -3.669E-02
 -7.1872500E+03 -1.666E-01 -9.120E-02 -1.032E-01
 -7.1867500E+03 -2.311E-01 -1.349E-01 -1.201E-01
 -7.1862500E+03 -2.767E-01 -1.587E-01 -1.502E-01
 -7.1857500E+03 -3.767E-01 -2.219E-01 -1.891E-01
 -7.1852500E+03 -4.820E-01 -3.012E-01 -1.926E-01
 -7.1847500E+03 -5.926E-01 -3.300E-01 -3.474E-01
 -7.1842500E+03 -6.336E-01 -3.582E-01 -3.565E-01
 -7.1837500E+03 -7.629E-01 -4.510E-01 -3.719E-01
 -7.1832500E+03 -1.028E+00 -6.126E-01 -4.867E-01
 -7.1827500E+03 -1.340E+00 -7.744E-01 -7.003E-01
 -7.1822500E+03 -1.877E+00 -1.069E+00 -1.023E+00
 -7.1817500E+03 -1.722E+00 -1.023E+00 -8.144E-01
 -7.1812500E+03 -2.128E+00 -1.192E+00 -1.208E+00
 -7.1807500E+03 -2.491E+00 -1.473E+00 -1.192E+00
 -7.1802500E+03 -2.731E+00 -1.584E+00 -1.393E+00
 -7.1797500E+03 -3.384E+00 -1.990E+00 -1.644E+00
 -7.1792500E+03 -3.795E+00 -2.157E+00 -2.045E+00
 -7.1787500E+03 -4.262E+00 -2.396E+00 -2.365E+00
 -7.1782500E+03 -4.548E+00 -2.628E+00 -2.322E+00
 -7.1777500E+03 -5.483E+00 -3.203E+00 -2.694E+00
 -7.1772500E+03 -5.795E+00 -3.258E+00 -3.189E+00
 -7.1767500E+03 -6.139E+00 -3.519E+00 -3.182E+00
 -7.1762500E+03 -6.802E+00 -3.779E+00 -3.849E+00
 -7.1757500E+03 -7.078E+00 -4.108E+00 -3.507E+00
 -7.1752500E+03 -8.279E+00 -4.693E+00 -4.404E+00
 -7.1747500E+03 -8.433E+00 -4.677E+00 -4.757E+00
 -7.1742500E+03 -9.272E+00 -5.372E+00 -4.583E+00
 -7.1737500E+03 -9.510E+00 -5.249E+00 -5.418E+00
 -7.1732500E+03 -9.500E+00 -5.475E+00 -4.746E+00
 -7.1727500E+03 -1.039E+01 -5.807E+00 -5.684E+00
 -7.1722500E+03 -9.971E+00 -5.605E+00 -5.347E+00
 -7.1717500E+03 -1.053E+01 -5.883E+00 -5.733E+00
 -7.1712500E+03 -1.116E+01 -6.170E+00 -6.234E+00
 -7.1707500E+03 -1.161E+01 -6.531E+00 -6.170E+00
 -7.1702500E+03 -1.164E+01 -6.604E+00 -6.005E+00
 -7.1697500E+03 -1.201E+01 -6.668E+00 -6.577E+00
 -7.1692500E+03 -1.182E+01 -6.617E+00 -6.300E+00
 -7.1687500E+03 -1.134E+01 -6.359E+00 -6.020E+00
 -7.1682500E+03 -1.211E+01 -6.917E+00 -6.063E+00
 -7.1677500E+03 -1.215E+01 -6.873E+00 -6.231E+00
 -7.1672500E+03 -1.226E+01 -6.848E+00 -6.510E+00
 -7.1667500E+03 -1.128E+01 -6.137E+00 -6.429E+00
 -7.1662500E+03 -1.142E+01 -6.470E+00 -5.787E+00
 -7.1657500E+03 -1.141E+01 -6.221E+00 -6.438E+00
 -7.1652500E+03 -1.103E+01 -5.894E+00 -6.538E+00
 -7.1647500E+03 -1.164E+01 -6.409E+00 -6.362E+00
 -7.1642500E+03 -1.097E+01 -6.154E+00 -5.665E+00
 -7.1637500E+03 -1.082E+01 -5.859E+00 -6.138E+00
 -7.1632500E+03 -1.036E+01 -5.792E+00 -5.374E+00
 -7.1627500E+03 -1.018E+01 -5.812E+00 -4.923E+00
 -7.1622500E+03 -1.025E+01 -5.473E+00 -5.988E+00
 -7.1617500E+03 -9.667E+00 -5.198E+00 -5.532E+00
 -7.1612500E+03 -8.551E+00 -4.822E+00 -4.263E+00
 -7.1607500E+03 -9.216E+00 -5.108E+00 -4.832E+00
 -7.1602500E+03 -7.746E+00 -4.316E+00 -3.971E+00
 -7.1597500E+03 -8.210E+00 -4.386E+00 -4.723E+00
 -7.1592500E+03 -7.662E+00 -4.200E+00 -4.101E+00
 -7.1587500E+03 -7.155E+00 -3.786E+00 -4.191E+00
 -7.1582500E+03 -7.105E+00 -3.877E+00 -3.822E+00
 -7.1577500E+03 -6.484E+00 -3.359E+00 -3.973E+00
 -7.1572500E+03 -5.856E+00 -3.322E+00 -2.780E+00
 -7.1567500E+03 -5.278E+00 -2.872E+00 -2.832E+00
 -7.1562500E+03 -5.392E+00 -3.124E+00 -2.362E+00
 -7.1557500E+03 -5.467E+00 -3.003E+00 -2.836E+00
 -7.1552500E+03 -4.887E+00 -2.426E+00 -3.228E+00
 -7.1547500E+03 -3.935E+00 -2.182E+00 -1.962E+00
 -7.1542500E+03 -3.580E+00 -1.841E+00 -2.160E+00
 -7.1537500E+03 -3.776E+00 -2.144E+00 -1.717E+00
 -7.1532500E+03 -3.692E+00 -1.846E+00 -2.368E+00
 -7.1527500E+03 -3.486E+00 -1.808E+00 -2.047E+00
 -7.1522500E+03 -2.412E+00 -1.109E+00 -1.755E+00
 -7.1517500E+03 -2.591E+00 -1.374E+00 -1.407E+00
 -7.1512500E+03 -1.982E+00 -9.453E-01 -1.349E+00
 -7.1507500E+03 -1.771E+00 -8.822E-01 -1.089E+00
 -7.1502500E+03 -1.793E+00 -9.758E-01 -8.679E-01
 -7.1497500E+03 -1.442E+00 -6.349E-01 -1.086E+00
 -7.1492500E+03 -1.478E+00 -4.968E-01 -1.535E+00
 -7.1487500E+03 -1.168E+00 -7.394E-01 -2.574E-01
 -7.1482500E+03 -1.302E+00 -6.354E-01 -8.102E-01
 -7.1477500E+03 -5.812E-01 -3.825E-01 -4.418E-02
 -7.1472500E+03 -2.770E-01 -4.875E-02 -3.301E-01
 -7.1467500E+03 -4.162E-01 -4.459E-02 -6.268E-01
 -7.1462500E+03 -6.393E-01 -3.986E-01 -1.174E-01
 -7.1457500E+03 -5.283E-02 -9.161E-02  2.395E-01
 -7.1452500E+03  7.900E-01  5.137E-01  2.758E-01
 -7.1447500E+03  3.905E-02  8.990E-02 -5.823E-02
 -7.1442500E+03  3.670E-01  2.254E-01  2.232E-01
 -7.1437500E+03 -9.180E-02 -9.432E-02  1.568E-01
 -7.1432500E+03  3.874E-01  3.558E-01 -8.799E-02
 -7.1427500E+03  1.004E+00  5.995E-01  4.750E-01
 -7.1422500E+03  9.297E-01  3.869E-01  8.942E-01
 -7.1417500E+03  8.103E-01  4.900E-01  3.961E-01
 -7.1412500E+03  1.060E+00  6.301E-01  5.186E-01
 -7.1407500E+03  9.936E-01  6.199E-01  4.051E-01
 -7.1402500E+03  1.164E+00  7.352E-01  4.067E-01
 -7.1397500E+03  1.303E+00  7.958E-01  5.403E-01
 -7.1392500E+03  1.158E+00  5.871E-01  8.051E-01
 -7.1387500E+03  1.561E+00  9.534E-01  6.285E-01
 -7.1382500E+03  1.224E+00  6.663E-01  7.345E-01
 -7.1377500E+03  1.419E+00  7.899E-01  7.976E-01
 -7.1372500E+03  1.365E+00  7.275E-01  8.407E-01
 -7.1367500E+03  1.295E+00  8.629E-01  3.464E-01
 -7.1362500E+03  1.500E+00  1.003E+00  3.669E-01
 -7.1357500E+03  1.547E+00  8.749E-01  8.095E-01
 -7.1352500E+03  1.575E+00  8.269E-01  9.966E-01
 -7.1347500E+03  1.618E+00  9.958E-01  6.318E-01
 -7.1342500E+03  1.625E+00  8.865E-01  9.240E-01
 -7.1337500E+03  1.575E+00  8.666E-01  8.726E-01
 -7.1332500E+03  1.585E+00  1.016E+00  4.940E-01
 -7.1327500E+03  1.919E+00  1.097E+00  9.476E-01
 -7.1322500E+03  1.709E+00  8.902E-01  1.090E+00
 -7.1317500E+03  2.011E+00  1.109E+00  1.080E+00
 -7.1312500E+03  1.703E+00  1.028E+00  6.903E-01
 -7.1307500E+03  1.785E+00  1.062E+00  7.560E-01
 -7.1302500E+03  1.719E+00  1.112E+00  5.147E-01
 -7.1297500E+03  1.619E+00  8.335E-01  1.059E+00
 -7.1292500E+03  1.629E+00  8.349E-01  1.077E+00
 -7.1287500E+03  1.693E+00  9.942E-01  7.607E-01
 -7.1282500E+03  1.745E+00  9.523E-01  9.845E-01
 -7.1277500E+03  1.909E+00  1.106E+00  8.878E-01
 -7.1272500E+03  1.989E+00  1.065E+00  1.154E+00
 -7.1267500E+03  1.749E+00  1.011E+00  8.182E-01
 -7.1262500E+03  1.887E+00  1.163E+00  6.929E-01
 -7.1257500E+03  2.097E+00  1.148E+00  1.150E+00
 -7.1252500E+03  1.863E+00  1.023E+00  1.023E+00
 -7.1247500E+03  1.878E+00  1.167E+00  6.506E-01
 -7.1242500E+03  2.087E+00  1.177E+00  1.055E+00
 -7.1237500E+03  1.888E+00  1.070E+00  9.403E-01
 -7.1232500E+03  1.595E+00  9.625E-01  6.516E-01
 -7.1227500E+03  1.691E+00  9.232E-01  9.523E-01
 -7.1222500E+03  1.763E+00  9.089E-01  1.125E+00
 -7.1217500E+03  2.117E+00  1.269E+00  8.445E-01
 -7.1212500E+03  2.165E+00  1.111E+00  1.382E+00
 -7.1207500E+03  1.646E+00  8.749E-01  9.920E-01
 -7.1202500E+03  1.499E+00  8.055E-01  8.737E-01
 -7.1197500E+03  1.437E+00  7.092E-01  9.955E-01
 -7.1192500E+03  1.683E+00  9.171E-01  9.298E-01
 -7.1187500E+03  2.011E+00  1.125E+00  1.023E+00
 -7.1182500E+03  1.758E+00  9.042E-01  1.137E+00
 -7.1177500E+03  1.765E+00  1.067E+00  6.985E-01
 -7.1172500E+03  1.969E+00  1.134E+00  9.170E-01
 -7.1167500E+03  1.754E+00  9.748E-01  9.254E-01
 -7.1162500E+03  1.893E+00  1.117E+00  8.189E-01
 -7.1157500E+03  1.737E+00  1.051E+00  6.846E-01
 -7.1152500E+03  1.620E+00  9.789E-01  6.597E-01
 -7.1147500E+03  1.785E+00  1.045E+00  7.861E-01
 -7.1142500E+03  1.777E+00  9.265E-01  1.086E+00
 -7.1137500E+03  1.666E+00  9.316E-01  8.599E-01
 -7.1132500E+03  1.678E+00  1.013E+00  6.712E-01
 -7.1127500E+03  1.750E+00  9.442E-01  1.002E+00
 -7.1122500E+03  1.787E+00  9.752E-01  9.708E-01
 -7.1117500E+03  1.680E+00  7.925E-01  1.275E+00
 -7.1112500E+03  1.791E+00  1.027E+00  8.515E-01
 -7.1107500E+03  1.752E+00  1.031E+00  7.669E-01
 -7.1102500E+03  1.653E+00  8.998E-01  9.224E-01
 -7.1097500E+03  1.625E+00  8.832E-01  8.970E-01
 -7.1092500E+03  1.490E+00  8.009E-01  8.569E-01
 -7.1087500E+03  1.565E+00  8.991E-01  7.421E-01
 -7.1082500E+03  1.620E+00  9.448E-01  7.301E-01
 -7.1077500E+03  1.656E+00  8.976E-01  9.299E-01
 -7.1072500E+03  1.626E+00  8.636E-01  9.672E-01
 -7.1067500E+03  1.704E+00  9.996E-01  7.432E-01
 -7.1062500E+03  1.705E+00  9.395E-01  8.998E-01
 -7.1057500E+03  1.547E+00  8.553E-01  8.275E-01
 -7.1052500E+03  1.533E+00  8.345E-01  8.569E-01
 -7.1047500E+03  1.835E+00  9.636E-01  1.096E+00
 -7.1042500E+03  1.628E+00  8.534E-01  9.683E-01
 -7.1037500E+03  1.648E+00  8.449E-01  1.047E+00
 -7.1032500E+03  1.462E+00  8.338E-01  7.060E-01
 -7.1027500E+03  1.532E+00  8.044E-01  9.525E-01
 -7.1022500E+03  1.430E+00  8.345E-01  6.203E-01
 -7.1017500E+03  1.453E+00  8.486E-01  6.555E-01
 -7.1012500E+03  1.511E+00  8.833E-01  6.889E-01
 -7.1007500E+03  1.532E+00  7.762E-01  1.005E+00
 -7.1002500E+03  1.502E+00  8.050E-01  8.594E-01
 -7.0997500E+03  1.529E+00  8.340E-01  8.417E-01
 -7.0992500E+03  1.422E+00  7.694E-01  7.876E-01
 -7.0987500E+03  1.544E+00  8.424E-01  8.375E-01
 -7.0982500E+03  1.527E+00  8.117E-01  8.886E-01
 -7.0977500E+03  1.471E+00  7.992E-01  8.060E-01
 -7.0972500E+03  1.603E+00  8.933E-01  8.249E-01
 -7.0967500E+03  1.334E+00  7.746E-01  6.263E-01
 -7.0962500E+03  1.424E+00  7.370E-01  9.113E-01
 -7.0957500E+03  1.400E+00  8.058E-01  6.536E-01
 -7.0952500E+03  1.459E+00  8.476E-01  6.593E-01
 -7.0947500E+03  1.322E+00  6.860E-01  8.176E-01
 -7.0942500E+03  1.396E+00  7.603E-01  7.896E-01
 -7.0937500E+03  1.399E+00  7.524E-01  8.107E-01
 -7.0932500E+03  1.397E+00  8.482E-01  5.380E-01
 -7.0927500E+03  1.521E+00  9.151E-01  6.001E-01
 -7.0922500E+03  1.411E+00  7.308E-01  8.793E-01
 -7.0917500E+03  1.311E+00  6.868E-01  8.050E-01
 -7.0912500E+03  1.420E+00  8.409E-01  5.916E-01
 -7.0907500E+03  1.351E+00  7.037E-01  8.281E-01
 -7.0902500E+03  1.305E+00  7.370E-01  6.588E-01
 -7.0897500E+03  1.286E+00  6.362E-01  8.916E-01
 -7.0892500E+03  1.368E+00  7.598E-01  7.241E-01
 -7.0887500E+03  1.490E+00  8.397E-01  7.443E-01
 -7.0882500E+03  1.259E+00  7.126E-01  6.226E-01
 -7.0877500E+03  1.335E+00  7.714E-01  6.236E-01
 -7.0872500E+03  1.291E+00  6.663E-01  8.245E-01
 -7.0867500E+03  1.240E+00  6.673E-01  7.109E-01
 -7.0862500E+03  1.395E+00  7.813E-01  7.154E-01
 -7.0857500E+03  1.350E+00  8.052E-01  5.601E-01
 -7.0852500E+03  1.147E+00  6.221E-01  6.450E-01
 -7.0847500E+03  1.436E+00  7.902E-01  7.680E-01
 -7.0842500E+03  1.331E+00  7.736E-01  6.136E-01
 -7.0837500E+03  1.229E+00  7.123E-01  5.799E-01
 -7.0832500E+03  1.211E+00  6.227E-01  7.603E-01
 -7.0827500E+03  1.152E+00  6.157E-01  6.476E-01
 -7.0822500E+03  1.278E+00  7.767E-01  4.922E-01
 -7.0817500E+03  1.157E+00  6.122E-01  6.923E-01
 -7.0812500E+03  1.328E+00  7.295E-01  6.983E-01
 -7.0807500E+03  1.239E+00  6.622E-01  7.206E-01
 -7.0802500E+03  1.212E+00  7.190E-01  5.109E-01
 -7.0797500E+03  1.268E+00  7.022E-01  6.744E-01
 -7.0792500E+03  1.143E+00  6.319E-01  6.171E-01
 -7.0787500E+03  1.210E+00  6.450E-01  7.089E-01
 -7.0782500E+03  1.090E+00  6.015E-01  5.960E-01
 -7.0777500E+03  1.151E+00  5.985E-01  7.238E-01
 -7.0772500E+03  1.291E+00  7.231E-01  6.607E-01
 -7.0767500E+03  1.186E+00  7.059E-01  4.942E-01
 -7.0762500E+03  1.253E+00  6.691E-01  7.309E-01
 -7.0757500E+03  1.150E+00  6.555E-01  5.547E-01
 -7.0752500E+03  1.031E+00  5.889E-01  5.030E-01
 -7.0747500E+03  1.186E+00  7.143E-01  4.695E-01
 -7.0742500E+03  1.229E+00  6.785E-01  6.481E-01
 -7.0737500E+03  1.201E+00  6.889E-01  5.761E-01
 -7.0732500E+03  1.051E+00  5.696E-01  5.989E-01
 -7.0727500E+03  1.185E+00  6.357E-01  6.751E-01
 -7.0722500E+03  1.210E+00  6.278E-01  7.436E-01
 -7.0717500E+03  1.100E+00  5.709E-01  6.827E-01
 -7.0712500E+03  1.149E+00  6.573E-01  5.464E-01
 -7.0707500E+03  1.079E+00  5.766E-01  6.285E-01
 -7.0702500E+03  1.082E+00  5.975E-01  5.794E-01
 -7.0697500E+03  1.150E+00  7.063E-01  4.241E-01
 -7.0692500E+03  1.058E+00  5.875E-01  5.698E-01
 -7.0687500E+03  1.068E+00  5.755E-01  6.113E-01
 -7.0682500E+03  1.071E+00  6.064E-01  5.188E-01
 -7.0677500E+03  1.055E+00  5.479E-01  6.659E-01
 -7.0672500E+03  1.067E+00  5.324E-01  7.189E-01
 -7.0667500E+03  1.015E+00  5.197E-01  6.505E-01
 -7.0662500E+03  1.059E+00  5.690E-01  6.185E-01
 -7.0657500E+03  9.629E-01  5.841E-01  3.727E-01
 -7.0652500E+03  1.007E+00  5.696E-01  4.962E-01
 -7.0647500E+03  1.152E+00  6.214E-01  6.481E-01
 -7.0642500E+03  1.201E+00  7.267E-01  4.718E-01
 -7.0637500E+03  9.959E-01  5.202E-01  6.140E-01
 -7.0632500E+03  1.033E+00  5.610E-01  5.755E-01
 -7.0627500E+03  1.085E+00  5.602E-01  6.970E-01
 -7.0622500E+03  1.087E+00  5.793E-01  6.400E-01
 -7.0617500E+03  1.115E+00  6.248E-01  5.610E-01
 -7.0612500E+03  9.049E-01  5.156E-01  4.402E-01
 -7.0607500E+03  1.033E+00  5.566E-01  5.929E-01
 -7.0602500E+03  1.082E+00  5.941E-01  5.878E-01
 -7.0597500E+03  8.717E-01  4.618E-01  5.165E-01
 -7.0592500E+03  9.889E-01  4.936E-01  6.656E-01
 -7.0587500E+03  9.743E-01  5.466E-01  5.030E-01
 -7.0582500E+03  8.993E-01  5.042E-01  4.565E-01
 -7.0577500E+03  9.685E-01  5.225E-01  5.521E-01
 -7.0572500E+03  9.808E-01  4.944E-01  6.525E-01
 -7.0567500E+03  8.827E-01  5.152E-01  4.117E-01
 -7.0562500E+03  8.830E-01  4.949E-01  4.682E-01
 -7.0557500E+03  1.028E+00  5.788E-01  5.067E-01
 -7.0552500E+03  9.756E-01  5.522E-01  4.746E-01
 -7.0547500E+03  8.742E-01  4.282E-01  6.092E-01
 -7.0542500E+03  9.255E-01  5.036E-01  5.113E-01
 -7.0537500E+03  1.043E+00  5.811E-01  5.415E-01
 -7.0532500E+03  9.318E-01  5.000E-01  5.356E-01
 -7.0527500E+03  8.318E-01  4.628E-01  4.394E-01
 -7.0522500E+03  9.931E-01  5.627E-01  4.825E-01
 -7.0517500E+03  8.780E-01  5.319E-01  3.443E-01
 -7.0512500E+03  8.250E-01  4.298E-01  5.173E-01
 -7.0507500E+03  8.878E-01  4.710E-01  5.189E-01
 -7.0502500E+03  8.482E-01  5.019E-01  3.638E-01
 -7.0497500E+03  8.647E-01  4.823E-01  4.521E-01
 -7.0492500E+03  9.119E-01  5.066E-01  4.756E-01
 -7.0487500E+03  9.291E-01  5.169E-01  4.855E-01
 -7.0482500E+03  9.338E-01  5.190E-01  4.933E-01
 -7.0477500E+03  9.038E-01  4.811E-01  5.291E-01
 -7.0472500E+03  8.831E-01  5.101E-01  4.176E-01
 -7.0467500E+03  8.436E-01  5.271E-01  2.817E-01
 -7.0462500E+03  9.039E-01  5.056E-01  4.629E-01
 -7.0457500E+03  8.867E-01  4.746E-01  5.083E-01
 -7.0452500E+03  7.967E-01  4.035E-01  5.252E-01
 -7.0447500E+03  7.842E-01  4.223E-01  4.591E-01
 -7.0442500E+03  8.005E-01  4.421E-01  4.338E-01
 -7.0437500E+03  8.940E-01  4.958E-01  4.692E-01
 -7.0432500E+03  9.295E-01  5.361E-01  4.269E-01
 -7.0427500E+03  7.974E-01  4.167E-01  5.014E-01
 -7.0422500E+03  7.754E-01  3.969E-01  4.907E-01
 -7.0417500E+03  8.743E-01  4.925E-01  4.342E-01
 -7.0412500E+03  8.351E-01  4.577E-01  4.596E-01
 -7.0407500E+03  7.365E-01  3.955E-01  4.248E-01
 -7.0402500E+03  7.387E-01  3.927E-01  4.443E-01
 -7.0397500E+03  7.909E-01  4.138E-01  4.779E-01
 -7.0392500E+03  7.634E-01  3.772E-01  5.311E-01
 -7.0387500E+03  7.482E-01  4.024E-01  4.396E-01
 -7.0382500E+03  8.196E-01  4.876E-01  3.568E-01
 -7.0377500E+03  8.295E-01  4.621E-01  4.318E-01
 -7.0372500E+03  7.748E-01  4.376E-01  3.741E-01
 -7.0367500E+03  6.715E-01  3.543E-01  4.223E-01
 -7.0362500E+03  7.980E-01  4.287E-01  4.770E-01
 -7.0357500E+03  8.936E-01  5.167E-01  4.148E-01
 -7.0352500E+03  8.159E-01  4.453E-01  4.699E-01
 -7.0347500E+03  7.901E-01  4.411E-01  4.029E-01
 -7.0342500E+03  7.190E-01  3.601E-01  4.801E-01
 -7.0337500E+03  7.690E-01  4.304E-01  3.864E-01
 -7.0332500E+03  8.177E-01  4.449E-01  4.705E-01
 -7.0327500E+03  8.104E-01  4.471E-01  4.199E-01
 -7.0322500E+03  7.479E-01  4.533E-01  2.821E-01
 -7.0317500E+03  7.295E-01  3.918E-01  4.117E-01
 -7.0312500E+03  7.205E-01  3.723E-01  4.473E-01
 -7.0307500E+03  7.556E-01  3.927E-01  4.695E-01
 -7.0302500E+03  7.595E-01  4.100E-01  4.406E-01
 -7.0297500E+03  6.705E-01  4.048E-01  2.770E-01
 -7.0292500E+03  7.436E-01  4.364E-01  3.296E-01
 -7.0287500E+03  7.484E-01  4.167E-01  3.848E-01
 -7.0282500E+03  7.924E-01  4.461E-01  3.935E-01
 -7.0277500E+03  6.287E-01  3.370E-01  3.743E-01
 -7.0272500E+03  6.981E-01  3.617E-01  4.382E-01
 -7.0267500E+03  7.379E-01  4.054E-01  3.983E-01
 -7.0262500E+03  7.191E-01  3.848E-01  4.194E-01
 -7.0257500E+03  6.832E-01  4.161E-01  2.706E-01
 -7.0252500E+03  7.510E-01  3.982E-01  4.253E-01
 -7.0247500E+03  6.877E-01  3.443E-01  4.583E-01
 -7.0242500E+03  7.168E-01  3.771E-01  4.246E-01
 -7.0237500E+03  7.071E-01  3.920E-01  3.810E-01
 -7.0232500E+03  6.728E-01  3.684E-01  3.698E-01
 -7.0227500E+03  6.410E-01  3.536E-01  3.632E-01
 -7.0222500E+03  7.424E-01  4.092E-01  3.797E-01
 -7.0217500E+03  6.623E-01  3.615E-01  3.633E-01
 -7.0212500E+03  6.786E-01  3.852E-01  3.367E-01
 -7.0207500E+03  6.258E-01  3.546E-01  3.271E-01
 -7.0202500E+03  7.468E-01  3.961E-01  4.367E-01
 -7.0197500E+03  7.075E-01  3.917E-01  3.750E-01
 -7.0192500E+03  6.672E-01  3.240E-01  4.801E-01
 -7.0187500E+03  6.180E-01  3.497E-01  3.298E-01
 -7.0182500E+03  6.092E-01  3.213E-01  3.807E-01
 -7.0177500E+03  7.282E-01  4.118E-01  3.590E-01
 -7.0172500E+03  6.812E-01  3.737E-01  3.775E-01
 -7.0167500E+03  7.114E-01  4.173E-01  3.334E-01
 -7.0162500E+03  6.216E-01  3.703E-01  2.793E-01
 -7.0157500E+03  6.439E-01  3.419E-01  3.741E-01
 -7.0152500E+03  5.919E-01  3.278E-01  3.233E-01
 -7.0147500E+03  6.209E-01  3.541E-01  3.045E-01
 -7.0142500E+03  6.148E-01  3.294E-01  3.645E-01
 -7.0137500E+03  6.602E-01  3.852E-01  3.050E-01
 -7.0132500E+03  6.822E-01  3.506E-01  4.259E-01
 -7.0127500E+03  6.199E-01  3.063E-01  4.254E-01
 -7.0122500E+03  6.664E-01  3.443E-01  4.127E-01
 -7.0117500E+03  6.047E-01  3.479E-01  3.051E-01
 -7.0112500E+03  5.350E-01  2.970E-01  2.813E-01
 -7.0107500E+03  6.417E-01  3.443E-01  3.795E-01
 -7.0102500E+03  6.479E-01  3.487E-01  3.710E-01
 -7.0097500E+03  5.854E-01  3.257E-01  3.074E-01
 -7.0092500E+03  6.255E-01  3.484E-01  3.364E-01
 -7.0087500E+03  5.834E-01  3.287E-01  2.962E-01
 -7.0082500E+03  6.154E-01  3.096E-01  4.026E-01
 -7.0077500E+03  5.405E-01  2.906E-01  3.591E-01
 -7.0072500E+03  6.675E-01  3.651E-01  3.606E-01
 -7.0067500E+03  5.683E-01  3.002E-01  3.409E-01
 -7.0062500E+03  5.493E-01  3.088E-01  2.949E-01
 -7.0057500E+03  6.152E-01  2.955E-01  4.295E-01
 -7.0052500E+03  5.608E-01  2.893E-01  3.603E-01
 -7.0047500E+03  6.286E-01  3.489E-01  3.231E-01
 -7.0042500E+03  5.409E-01  2.984E-01  3.009E-01
 -7.0037500E+03  4.937E-01  2.967E-01  2.119E-01
 -7.0032500E+03  6.204E-01  3.698E-01  2.614E-01
 -7.0027500E+03  5.632E-01  2.993E-01  3.307E-01
 -7.0022500E+03  5.121E-01  2.850E-01  2.791E-01
 -7.0017500E+03  5.431E-01  2.964E-01  2.969E-01
 -7.0012500E+03  5.776E-01  3.136E-01  3.291E-01
 -7.0007500E+03  6.257E-01  3.481E-01  3.253E-01
 -7.0002500E+03  5.372E-01  2.967E-01  3.022E-01
 -6.9997500E+03  6.384E-01  3.273E-01  4.058E-01
 -6.9992500E+03  6.062E-01  3.022E-01  4.005E-01
 -6.9987500E+03  5.795E-01  3.405E-01  2.586E-01
 -6.9982500E+03  5.723E-01  3.326E-01  2.684E-01
 -6.9977500E+03  5.481E-01  2.791E-01  3.542E-01
 -6.9972500E+03  6.200E-01  3.657E-01  2.634E-01
 -6.9967500E+03  5.235E-01  2.832E-01  3.035E-01
 -6.9962500E+03  4.705E-01  2.355E-01  3.196E-01
 -6.9957500E+03  4.839E-01  2.538E-01  2.996E-01
 -6.9952500E+03  6.121E-01  3.490E-01  2.937E-01
 -6.9947500E+03  5.262E-01  2.819E-01  2.922E-01
 -6.9942500E+03  4.848E-01  2.943E-01  1.967E-01
 -6.9937500E+03  4.486E-01  2.061E-01  3.409E-01
 -6.9932500E+03  4.667E-01  2.435E-01  2.893E-01
 -6.9927500E+03  5.000E-01  2.770E-01  2.906E-01
 -6.9922500E+03  4.936E-01  2.881E-01  2.196E-01
 -6.9917500E+03  5.269E-01  2.743E-01  3.126E-01
 -6.9912500E+03  5.340E-01  3.200E-01  2.215E-01
 -6.9907500E+03  5.844E-01  3.204E-01  3.171E-01
 -6.9902500E+03  4.477E-01  2.628E-01  2.113E-01
 -6.9897500E+03  5.313E-01  2.836E-01  3.132E-01
 -6.9892500E+03  5.217E-01  2.511E-01  3.748E-01
 -6.9887500E+03  4.539E-01  2.314E-01  3.092E-01
 -6.9882500E+03  4.984E-01  2.528E-01  3.237E-01
 -6.9877500E+03  4.854E-01  2.808E-01  2.154E-01
 -6.9872500E+03  5.062E-01  2.969E-01  2.272E-01
 -6.9867500E+03  4.991E-01  2.537E-01  2.817E-01
 -6.9862500E+03  5.138E-01  2.940E-01  2.524E-01
 -6.9857500E+03  4.301E-01  2.483E-01  2.182E-01
 -6.9852500E+03  5.064E-01  3.158E-01  1.693E-01
 -6.9847500E+03  5.257E-01  2.991E-01  2.353E-01
 -6.9842500E+03  4.585E-01  2.364E-01  2.904E-01
 -6.9837500E+03  5.257E-01  3.046E-01  2.666E-01
 -6.9832500E+03  4.392E-01  2.177E-01  3.168E-01
 -6.9827500E+03  4.838E-01  2.423E-01  3.236E-01
 -6.9822500E+03  5.025E-01  2.806E-01  2.543E-01
 -6.9817500E+03  5.028E-01  2.712E-01  2.857E-01
 -6.9812500E+03  4.654E-01  2.482E-01  2.858E-01
 -6.9807500E+03  4.862E-01  2.396E-01  3.422E-01
 -6.9802500E+03  4.696E-01  2.489E-01  2.664E-01
 -6.9797500E+03  4.446E-01  2.390E-01  2.585E-01
 -6.9792500E+03  4.504E-01  2.309E-01  2.838E-01
 -6.9787500E+03  4.564E-01  2.493E-01  2.555E-01
 -6.9782500E+03  3.992E-01  2.080E-01  2.439E-01
 -6.9777500E+03  4.634E-01  2.498E-01  2.896E-01
 -6.9772500E+03  4.363E-01  2.717E-01  1.651E-01
 -6.9767500E+03  3.925E-01  2.357E-01  1.710E-01
 -6.9762500E+03  4.144E-01  2.349E-01  2.059E-01
 -6.9757500E+03  4.799E-01  2.870E-01  2.034E-01
 -6.9752500E+03  4.742E-01  2.671E-01  2.460E-01
 -6.9747500E+03  4.433E-01  2.490E-01  2.300E-01
 -6.9742500E+03  4.208E-01  1.922E-01  3.421E-01
 -6.9737500E+03  4.975E-01  2.952E-01  2.187E-01
 -6.9732500E+03  5.028E-01  2.796E-01  2.508E-01
 -6.9727500E+03  3.550E-01  1.613E-01  2.897E-01
 -6.9722500E+03  3.921E-01  2.141E-01  2.281E-01
 -6.9717500E+03  5.379E-01  2.901E-01  2.980E-01
 -6.9712500E+03  4.415E-01  2.456E-01  2.399E-01
 -6.9707500E+03  3.881E-01  2.404E-01  1.422E-01
 -6.9702500E+03  4.078E-01  2.203E-01  2.432E-01
 -6.9697500E+03  4.370E-01  2.431E-01  2.292E-01
 -6.9692500E+03  4.299E-01  2.189E-01  2.939E-01
 -6.9687500E+03  4.001E-01  2.213E-01  2.191E-01
 -6.9682500E+03  4.420E-01  2.294E-01  2.688E-01
 -6.9677500E+03  3.967E-01  2.162E-01  1.935E-01
 -6.9672500E+03  4.225E-01  2.362E-01  2.303E-01
 -6.9667500E+03  4.203E-01  1.978E-01  3.311E-01
 -6.9662500E+03  4.539E-01  2.457E-01  2.475E-01
 -6.9657500E+03  4.058E-01  2.261E-01  1.920E-01
 -6.9652500E+03  4.422E-01  2.587E-01  1.805E-01
 -6.9647500E+03  3.949E-01  2.000E-01  2.844E-01
 -6.9642500E+03  4.243E-01  2.270E-01  2.580E-01
 -6.9637500E+03  3.949E-01  2.038E-01  2.422E-01
 -6.9632500E+03  4.060E-01  2.057E-01  2.809E-01
 -6.9627500E+03  4.102E-01  2.460E-01  1.748E-01
 -6.9622500E+03  3.848E-01  2.074E-01  2.140E-01
 -6.9617500E+03  3.287E-01  1.592E-01  2.535E-01
 -6.9612500E+03  3.576E-01  1.866E-01  2.407E-01
 -6.9607500E+03  4.154E-01  2.429E-01  1.861E-01
 -6.9602500E+03  4.697E-01  2.606E-01  2.249E-01
 -6.9597500E+03  3.808E-01  1.990E-01  2.415E-01
 -6.9592500E+03  3.864E-01  2.036E-01  2.419E-01
 -6.9587500E+03  4.194E-01  2.385E-01  1.977E-01
 -6.9582500E+03  3.726E-01  1.967E-01  2.233E-01
 -6.9577500E+03  3.789E-01  1.981E-01  2.467E-01
 -6.9572500E+03  3.961E-01  2.078E-01  2.514E-01
 -6.9567500E+03  3.751E-01  1.829E-01  2.596E-01
 -6.9562500E+03  3.682E-01  2.004E-01  1.987E-01
 -6.9557500E+03  3.735E-01  1.998E-01  2.126E-01
 -6.9552500E+03  3.609E-01  2.096E-01  1.756E-01
 -6.9547500E+03  3.798E-01  2.097E-01  2.036E-01
 -6.9542500E+03  3.998E-01  2.151E-01  2.136E-01
 -6.9537500E+03  4.237E-01  2.236E-01  2.598E-01
 -6.9532500E+03  3.988E-01  2.308E-01  1.962E-01
 -6.9527500E+03  3.318E-01  1.847E-01  1.727E-01
 -6.9522500E+03  3.564E-01  2.205E-01  1.448E-01
 -6.9517500E+03  3.926E-01  1.928E-01  2.688E-01
 -6.9512500E+03  4.114E-01  2.364E-01  2.020E-01
 -6.9507500E+03  3.370E-01  1.781E-01  1.927E-01
 -6.9502500E+03  3.470E-01  1.858E-01  2.043E-01
 -6.9497500E+03  3.485E-01  1.902E-01  1.953E-01
 -6.9492500E+03  3.505E-01  1.857E-01  2.134E-01
 -6.9487500E+03  3.545E-01  1.901E-01  2.117E-01
 -6.9482500E+03  3.452E-01  1.846E-01  1.940E-01
 -6.9477500E+03  3.642E-01  2.045E-01  1.747E-01
 -6.9472500E+03  3.858E-01  2.318E-01  1.576E-01
 -6.9467500E+03  3.153E-01  1.488E-01  2.417E-01
 -6.9462500E+03  3.606E-01  1.689E-01  2.673E-01
 -6.9457500E+03  3.501E-01  1.827E-01  2.218E-01
 -6.9452500E+03  3.874E-01  2.135E-01  2.169E-01
 -6.9447500E+03  3.740E-01  1.818E-01  2.310E-01
 -6.9442500E+03  3.615E-01  2.254E-01  1.376E-01
 -6.9437500E+03  2.847E-01  1.634E-01  1.521E-01
 -6.9432500E+03  3.217E-01  1.838E-01  1.516E-01
 -6.9427500E+03  3.343E-01  1.815E-01  1.797E-01
 -6.9422500E+03  3.260E-01  1.937E-01  1.488E-01
 -6.9417500E+03  3.557E-01  1.977E-01  1.885E-01
 -6.9412500E+03  3.090E-01  1.771E-01  1.666E-01
 -6.9407500E+03  3.388E-01  1.814E-01  2.221E-01
 -6.9402500E+03  3.489E-01  1.935E-01  2.013E-01
 -6.9397500E+03  3.392E-01  1.953E-01  1.737E-01
 -6.9392500E+03  3.171E-01  1.627E-01  2.157E-01
 -6.9387500E+03  3.719E-01  2.001E-01  1.939E-01
 -6.9382500E+03  3.271E-01  1.811E-01  1.815E-01
 -6.9377500E+03  3.890E-01  2.314E-01  1.745E-01
 -6.9372500E+03  3.030E-01  1.662E-01  1.540E-01
 -6.9367500E+03  3.028E-01  1.621E-01  1.875E-01
 -6.9362500E+03  3.312E-01  1.488E-01  2.814E-01
 -6.9357500E+03  3.488E-01  2.118E-01  1.338E-01
 -6.9352500E+03  3.265E-01  1.919E-01  1.455E-01
 -6.9347500E+03  2.744E-01  1.617E-01  1.274E-01
 -6.9342500E+03  3.285E-01  1.817E-01  1.775E-01
 -6.9337500E+03  3.314E-01  1.557E-01  2.530E-01
 -6.9332500E+03  2.938E-01  1.442E-01  2.139E-01
 -6.9327500E+03  3.440E-01  1.644E-01  2.486E-01
 -6.9322500E+03  2.931E-01  1.550E-01  1.837E-01
 -6.9317500E+03  3.622E-01  2.084E-01  1.878E-01
 -6.9312500E+03  3.475E-01  1.765E-01  2.090E-01
 -6.9307500E+03  3.228E-01  1.680E-01  1.977E-01
 -6.9302500E+03  2.929E-01  1.744E-01  1.314E-01
 -6.9297500E+03  3.240E-01  1.715E-01  1.935E-01
 -6.9292500E+03  3.317E-01  1.859E-01  1.659E-01
 -6.9287500E+03  2.930E-01  1.604E-01  1.594E-01
 -6.9282500E+03  2.838E-01  1.759E-01  1.050E-01
 -6.9277500E+03  2.946E-01  1.512E-01  1.851E-01
 -6.9272500E+03  3.011E-01  1.748E-01  1.433E-01
 -6.9267500E+03  3.553E-01  1.731E-01  2.428E-01
 -6.9262500E+03  3.081E-01  1.667E-01  1.830E-01
 -6.9257500E+03  3.158E-01  1.568E-01  2.213E-01
 -6.9252500E+03  3.212E-01  1.902E-01  1.348E-01
 -6.9247500E+03  2.740E-01  1.483E-01  1.507E-01
 -6.9242500E+03  2.636E-01  1.474E-01  1.352E-01
 -6.9237500E+03  3.143E-01  1.848E-01  1.440E-01
 -6.9232500E+03  2.865E-01  1.261E-01  2.317E-01
 -6.9227500E+03  3.333E-01  1.784E-01  1.684E-01
 -6.9222500E+03  2.794E-01  1.423E-01  1.864E-01
 -6.9217500E+03  2.841E-01  1.427E-01  2.051E-01
 -6.9212500E+03  2.724E-01  1.556E-01  1.529E-01
 -6.9207500E+03  2.883E-01  1.666E-01  1.554E-01
 -6.9202500E+03  2.683E-01  1.463E-01  1.469E-01
 -6.9197500E+03  2.455E-01  1.367E-01  1.188E-01
 -6.9192500E+03  2.741E-01  1.395E-01  1.665E-01
 -6.9187500E+03  2.822E-01  1.452E-01  1.728E-01
 -6.9182500E+03  2.748E-01  1.557E-01  1.431E-01
 -6.9177500E+03  3.247E-01  1.770E-01  1.861E-01
 -6.9172500E+03  2.982E-01  1.656E-01  1.631E-01
 -6.9167500E+03  2.906E-01  1.893E-01  8.361E-02
 -6.9162500E+03  2.911E-01  1.684E-01  1.271E-01
 -6.9157500E+03  2.689E-01  1.227E-01  2.038E-01
 -6.9152500E+03  2.436E-01  1.117E-01  1.965E-01
 -6.9147500E+03  2.500E-01  1.152E-01  1.953E-01
 -6.9142500E+03  2.761E-01  1.544E-01  1.442E-01
 -6.9137500E+03  2.349E-01  1.208E-01  1.486E-01
 -6.9132500E+03  2.892E-01  1.792E-01  1.193E-01
 -6.9127500E+03  2.614E-01  1.420E-01  1.383E-01
 -6.9122500E+03  2.993E-01  1.608E-01  1.757E-01
 -6.9117500E+03  2.219E-01  1.117E-01  1.573E-01
 -6.9112500E+03  2.864E-01  1.538E-01  1.744E-01
 -6.9107500E+03  2.696E-01  1.645E-01  1.122E-01
 -6.9102500E+03  2.876E-01  1.929E-01  6.006E-02
 -6.9097500E+03  2.643E-01  1.504E-01  1.281E-01
 -6.9092500E+03  2.835E-01  1.636E-01  1.351E-01
 -6.9087500E+03  2.519E-01  1.301E-01  1.749E-01
 -6.9082500E+03  2.581E-01  1.336E-01  1.878E-01
 -6.9077500E+03  2.613E-01  1.527E-01  1.124E-01
 -6.9072500E+03  2.624E-01  1.378E-01  1.587E-01
 -6.9067500E+03  2.387E-01  1.572E-01  6.618E-02
 -6.9062500E+03  2.398E-01  1.433E-01  1.001E-01
 -6.9057500E+03  3.089E-01  1.397E-01  2.318E-01
 -6.9052500E+03  2.920E-01  1.456E-01  2.207E-01
 -6.9047500E+03  2.645E-01  1.395E-01  1.618E-01
 -6.9042500E+03  2.549E-01  1.261E-01  1.549E-01
 -6.9037500E+03  3.045E-01  1.471E-01  2.029E-01
 -6.9032500E+03  2.887E-01  1.659E-01  1.307E-01
 -6.9027500E+03  2.659E-01  1.492E-01  1.406E-01
 -6.9022500E+03  2.442E-01  1.464E-01  1.054E-01
 -6.9017500E+03  2.567E-01  1.420E-01  1.525E-01
 -6.9012500E+03  2.552E-01  1.281E-01  1.767E-01
 -6.9007500E+03  2.331E-01  1.195E-01  1.321E-01
 -6.9002500E+03  2.394E-01  1.432E-01  1.047E-01
 -6.8997500E+03  3.125E-01  1.724E-01  1.687E-01
 -6.8992500E+03  2.467E-01  1.345E-01  1.493E-01
 -6.8987500E+03  1.845E-01  9.287E-02  1.385E-01
 -6.8982500E+03  2.242E-01  1.177E-01  1.449E-01
 -6.8977500E+03  2.139E-01  1.254E-01  9.029E-02
 -6.8972500E+03  2.176E-01  9.730E-02  1.699E-01
 -6.8967500E+03  2.891E-01  1.440E-01  2.023E-01
 -6.8962500E+03  2.394E-01  1.212E-01  1.630E-01
 -6.8957500E+03  2.803E-01  1.533E-01  1.617E-01
 -6.8952500E+03  2.596E-01  1.513E-01  1.258E-01
 -6.8947500E+03  2.188E-01  1.133E-01  1.396E-01
 -6.8942500E+03  2.073E-01  1.364E-01  7.634E-02
 -6.8937500E+03  2.133E-01  1.292E-01  1.186E-01
 -6.8932500E+03  2.391E-01  1.354E-01  1.215E-01
 -6.8927500E+03  2.266E-01  1.090E-01  1.651E-01
 -6.8922500E+03  2.072E-01  1.060E-01  1.335E-01
 -6.8917500E+03  2.465E-01  1.243E-01  1.551E-01
 -6.8912500E+03  2.184E-01  1.247E-01  1.040E-01
 -6.8907500E+03  2.166E-01  1.070E-01  1.589E-01
 -6.8902500E+03  2.298E-01  1.197E-01  1.488E-01
 -6.8897500E+03  2.392E-01  1.275E-01  1.391E-01
 -6.8892500E+03  2.110E-01  1.097E-01  1.346E-01
 -6.8887500E+03  2.078E-01  1.176E-01  1.154E-01
 -6.8882500E+03  2.835E-01  1.659E-01  1.136E-01
 -6.8877500E+03  1.851E-01  1.180E-01  6.245E-02
 -6.8872500E+03  1.601E-01  9.241E-02  9.222E-02
 -6.8867500E+03  2.550E-01  1.284E-01  1.583E-01
 -6.8862500E+03  2.348E-01  1.349E-01  1.427E-01
 -6.8857500E+03  2.313E-01  1.182E-01  1.304E-01
 -6.8852500E+03  2.309E-01  1.355E-01  9.172E-02
 -6.8847500E+03  2.404E-01  1.335E-01  1.356E-01
 -6.8842500E+03  1.868E-01  9.606E-02  1.261E-01
 -6.8837500E+03  2.108E-01  1.152E-01  1.182E-01
 -6.8832500E+03  2.353E-01  1.374E-01  1.101E-01
 -6.8827500E+03  2.061E-01  1.202E-01  9.143E-02
 -6.8822500E+03  2.064E-01  1.247E-01  1.048E-01
 -6.8817500E+03  2.455E-01  1.263E-01  1.465E-01
 -6.8812500E+03  2.399E-01  1.283E-01  1.398E-01
 -6.8807500E+03  1.995E-01  9.690E-02  1.557E-01
 -6.8802500E+03  1.944E-01  9.850E-02  1.310E-01
 -6.8797500E+03  2.029E-01  1.059E-01  1.284E-01
 -6.8792500E+03  2.292E-01  1.265E-01  1.288E-01
 -6.8787500E+03  1.745E-01  8.275E-02  1.309E-01
 -6.8782500E+03  2.214E-01  1.390E-01  6.693E-02
 -6.8777500E+03  1.781E-01  8.548E-02  1.486E-01
 -6.8772500E+03  1.792E-01  9.454E-02  9.945E-02
 -6.8767500E+03  2.248E-01  1.446E-01  5.062E-02
 -6.8762500E+03  2.058E-01  1.087E-01  1.053E-01
 -6.8757500E+03  1.628E-01  7.912E-02  1.146E-01
 -6.8752500E+03  2.188E-01  1.235E-01  1.106E-01
 -6.8747500E+03  2.341E-01  1.356E-01  1.088E-01
 -6.8742500E+03  1.889E-01  1.195E-01  9.427E-02
 -6.8737500E+03  2.185E-01  1.232E-01  1.247E-01
 -6.8732500E+03  2.383E-01  1.203E-01  1.610E-01
 -6.8727500E+03  2.326E-01  1.049E-01  1.856E-01
 -6.8722500E+03  1.972E-01  9.783E-02  1.278E-01
 -6.8717500E+03  1.759E-01  1.015E-01  8.074E-02
 -6.8712500E+03  1.898E-01  1.011E-01  1.132E-01
 -6.8707500E+03  1.692E-01  8.389E-02  1.253E-01
 -6.8702500E+03  1.989E-01  9.252E-02  1.439E-01
 -6.8697500E+03  2.376E-01  1.295E-01  1.264E-01
 -6.8692500E+03  1.848E-01  1.109E-01  7.042E-02
 -6.8687500E+03  1.408E-01  8.311E-02  7.795E-02
 -6.8682500E+03  2.367E-01  1.338E-01  1.470E-01
 -6.8677500E+03  1.845E-01  9.950E-02  1.259E-01
 -6.8672500E+03  2.003E-01  1.107E-01  1.016E-01
 -6.8667500E+03  1.981E-01  1.040E-01  1.222E-01
 -6.8662500E+03  1.694E-01  8.240E-02  1.168E-01
 -6.8657500E+03  2.300E-01  1.327E-01  8.192E-02
 -6.8652500E+03  1.435E-01  8.425E-02  6.063E-02
 -6.8647500E+03  1.825E-01  1.191E-01  6.233E-02
 -6.8642500E+03  1.563E-01  8.159E-02  1.051E-01
 -6.8637500E+03  2.008E-01  9.944E-02  1.315E-01
 -6.8632500E+03  2.056E-01  1.216E-01  9.817E-02
 -6.8627500E+03  1.821E-01  8.313E-02  1.339E-01
 -6.8622500E+03  1.506E-01  7.464E-02  9.697E-02
 -6.8617500E+03  2.027E-01  1.124E-01  1.019E-01
 -6.8612500E+03  1.822E-01  1.140E-01  6.830E-02
 -6.8607500E+03  2.019E-01  1.077E-01  1.275E-01
 -6.8602500E+03  1.701E-01  8.784E-02  9.900E-02
 -6.8597500E+03  1.978E-01  1.152E-01  9.668E-02
 -6.8592500E+03  1.808E-01  9.534E-02  1.074E-01
 -6.8587500E+03  1.785E-01  8.694E-02  1.311E-01
 -6.8582500E+03  1.230E-01  5.356E-02  1.231E-01
 -6.8577500E+03  1.970E-01  1.195E-01  7.955E-02
 -6.8572500E+03  2.374E-01  1.534E-01  6.169E-02
 -6.8567500E+03  2.044E-01  9.413E-02  1.491E-01
 -6.8562500E+03  1.634E-01  7.539E-02  1.393E-01
 -6.8557500E+03  1.459E-01  8.567E-02  7.342E-02
 -6.8552500E+03  1.781E-01  9.919E-02  9.392E-02
 -6.8547500E+03  1.105E-01  7.092E-02  5.462E-02
 -6.8542500E+03  1.568E-01  9.660E-02  4.335E-02
 -6.8537500E+03  1.979E-01  1.060E-01  1.158E-01
 -6.8532500E+03  1.838E-01  8.205E-02  1.513E-01
 -6.8527500E+03  1.819E-01  1.043E-01  9.970E-02
 -6.8522500E+03  1.847E-01  1.251E-01  4.429E-02
 -6.8517500E+03  1.902E-01  1.044E-01  8.089E-02
 -6.8512500E+03  1.718E-01  1.001E-01  8.698E-02
 -6.8507500E+03  1.897E-01  9.534E-02  1.394E-01
 -6.8502500E+03  1.421E-01  8.769E-02  5.677E-02
 -6.8497500E+03  1.780E-01  1.167E-01  8.318E-02
 -6.8492500E+03  1.376E-01  5.747E-02  1.288E-01
 -6.8487500E+03  1.469E-01  6.072E-02  1.118E-01
 -6.8482500E+03  1.741E-01  1.019E-01  7.778E-02
 -6.8477500E+03  1.658E-01  1.014E-01  6.183E-02
 -6.8472500E+03  2.100E-01  1.075E-01  1.414E-01
 -6.8467500E+03  2.037E-01  9.877E-02  1.509E-01
 -6.8462500E+03  1.496E-01  8.124E-02  6.881E-02
 -6.8457500E+03  2.093E-01  1.278E-01  7.995E-02
 -6.8452500E+03  1.785E-01  1.091E-01  8.576E-02
 -6.8447500E+03  1.306E-01  7.829E-02  5.931E-02
 -6.8442500E+03  1.406E-01  6.476E-02  1.135E-01
 -6.8437500E+03  1.762E-01  1.135E-01  4.759E-02
 -6.8432500E+03  1.990E-01  1.006E-01  1.214E-01
 -6.8427500E+03  1.418E-01  7.643E-02  1.048E-01
 -6.8422500E+03  1.262E-01  6.362E-02  8.604E-02
 -6.8417500E+03  1.433E-01  7.480E-02  6.947E-02
 -6.8412500E+03  1.414E-01  7.819E-02  8.491E-02
 -6.8407500E+03  1.584E-01  1.063E-01  4.052E-02
 -6.8402500E+03  1.881E-01  1.091E-01  8.712E-02
 -6.8397500E+03  1.459E-01  6.751E-02  1.187E-01
 -6.8392500E+03  1.720E-01  7.378E-02  1.282E-01
 -6.8387500E+03  1.436E-01  5.854E-02  1.377E-01
 -6.8382500E+03  1.552E-01  8.971E-02  9.282E-02
 -6.8377500E+03  1.435E-01  8.815E-02  6.496E-02
 -6.8372500E+03  1.759E-01  9.965E-02  8.748E-02
 -6.8367500E+03  1.502E-01  8.011E-02  9.644E-02
 -6.8362500E+03  1.638E-01  8.222E-02  1.238E-01
 -6.8357500E+03  1.513E-01  7.325E-02  1.070E-01
 -6.8352500E+03  1.777E-01  1.005E-01  8.133E-02
 -6.8347500E+03  1.773E-01  1.093E-01  6.142E-02
 -6.8342500E+03  1.195E-01  6.822E-02  6.164E-02
 -6.8337500E+03  1.349E-01  6.307E-02  1.022E-01
 -6.8332500E+03  1.625E-01  8.981E-02  8.578E-02
 -6.8327500E+03  1.156E-01  5.844E-02  8.824E-02
 -6.8322500E+03  1.578E-01  9.281E-02  7.737E-02
 -6.8317500E+03  1.452E-01  7.693E-02  8.644E-02
 -6.8312500E+03  1.403E-01  6.422E-02  9.957E-02
 -6.8307500E+03  1.550E-01  8.360E-02  8.837E-02
 -6.8302500E+03  1.620E-01  1.001E-01  7.003E-02
 -6.8297500E+03  1.708E-01  1.173E-01  3.821E-02
 -6.8292500E+03  1.293E-01  7.123E-02  7.353E-02
 -6.8287500E+03  1.358E-01  6.082E-02  1.222E-01
 -6.8282500E+03  1.706E-01  9.980E-02  7.677E-02
 -6.8277500E+03  1.910E-01  1.022E-01  9.654E-02
 -6.8272500E+03  1.516E-01  7.901E-02  8.639E-02
 -6.8267500E+03  1.320E-01  6.262E-02  1.087E-01
 -6.8262500E+03  1.443E-01  8.415E-02  8.664E-02
 -6.8257500E+03  1.167E-01  5.727E-02  8.223E-02
 -6.8252500E+03  1.513E-01  9.425E-02  4.615E-02
 -6.8247500E+03  1.642E-01  8.933E-02  4.618E-02
 -6.8242500E+03  1.619E-01  9.471E-02  1.003E-01
 -6.8237500E+03  1.671E-01  8.416E-02  1.018E-01
 -6.8232500E+03  1.333E-01  5.835E-02  1.010E-01
 -6.8227500E+03  1.548E-01  7.367E-02  1.001E-01
 -6.8222500E+03  1.582E-01  1.041E-01  5.932E-02
 -6.8217500E+03  1.857E-01  9.282E-02  1.153E-01
 -6.8212500E+03  1.754E-01  1.058E-01  7.531E-02
 -6.8207500E+03  1.546E-01  8.247E-02  9.683E-02
 -6.8202500E+03  1.434E-01  7.961E-02  7.891E-02
 -6.8197500E+03  1.263E-01  6.769E-02  9.260E-02
 -6.8192500E+03  1.560E-01  8.662E-02  7.999E-02
 -6.8187500E+03  1.342E-01  7.933E-02  6.747E-02
 -6.8182500E+03  1.217E-01  5.959E-02  5.907E-02
 -6.8177500E+03  9.716E-02  4.646E-02  8.891E-02
 -6.8172500E+03  1.674E-01  1.122E-01  3.933E-02
 -6.8167500E+03  1.425E-01  7.952E-02  7.607E-02
 -6.8162500E+03  1.146E-01  6.756E-02  6.526E-02
 -6.8157500E+03  1.249E-01  7.112E-02  5.974E-02
 -6.8152500E+03  1.670E-01  8.884E-02  9.672E-02
 -6.8147500E+03  1.728E-01  9.874E-02  8.062E-02
 -6.8142500E+03  1.104E-01  6.794E-02  7.306E-02
 -6.8137500E+03  1.233E-01  6.807E-02  7.668E-02
 -6.8132500E+03  1.292E-01  6.387E-02  1.025E-01
 -6.8127500E+03  1.277E-01  5.534E-02  1.045E-01
 -6.8122500E+03  1.580E-01  8.933E-02  6.555E-02
 -6.8117500E+03  1.063E-01  7.505E-02  2.362E-02
 -6.8112500E+03  1.371E-01  7.265E-02  8.662E-02
 -6.8107500E+03  1.490E-01  9.130E-02  5.021E-02
 -6.8102500E+03  1.067E-01  6.082E-02  5.984E-02
 -6.8097500E+03  1.575E-01  8.013E-02  1.048E-01
 -6.8092500E+03  1.597E-01  7.915E-02  1.012E-01
 -6.8087500E+03  1.216E-01  6.193E-02  8.484E-02
 -6.8082500E+03  1.370E-01  7.857E-02  6.739E-02
 -6.8077500E+03  1.419E-01  7.640E-02  9.526E-02
 -6.8072500E+03  1.394E-01  1.049E-01 -2.662E-03
 -6.8067500E+03  1.773E-01  9.742E-02  8.158E-02
 -6.8062500E+03  1.070E-01  4.110E-02  8.601E-02
 -6.8057500E+03  1.059E-01  5.613E-02  6.624E-02
 -6.8052500E+03  1.493E-01  7.484E-02  7.413E-02
 -6.8047500E+03  9.120E-02  4.026E-02  8.440E-02
 -6.8042500E+03  8.452E-02  2.237E-02  1.091E-01
 -6.8037500E+03  1.227E-01  8.303E-02  3.669E-02
 -6.8032500E+03  1.667E-01  8.676E-02  8.524E-02
 -6.8027500E+03  1.949E-01  1.088E-01  8.375E-02
 -6.8022500E+03  1.528E-01  8.166E-02  9.148E-02
 -6.8017500E+03  8.602E-02  5.041E-02  6.036E-02
 -6.8012500E+03  1.008E-01  5.657E-02  7.635E-02
 -6.8007500E+03  1.214E-01  6.517E-02  6.597E-02
 -6.8002500E+03  1.186E-01  8.131E-02  2.761E-02
 -6.7997500E+03  1.611E-01  1.029E-01  6.679E-02
 -6.7992500E+03  9.455E-02  4.889E-02  8.018E-02
 -6.7987500E+03  9.445E-02  3.507E-02  9.786E-02
 -6.7982500E+03  1.576E-01  8.155E-02  9.984E-02
 -6.7977500E+03  1.239E-01  7.246E-02  5.112E-02
 -6.7972500E+03  1.111E-01  5.855E-02  5.631E-02
 -6.7967500E+03  1.142E-01  4.867E-02  9.777E-02
 -6.7962500E+03  1.391E-01  8.663E-02  3.259E-02
 -6.7957500E+03  1.502E-01  9.970E-02  4.401E-02
 -6.7952500E+03  1.185E-01  7.138E-02  5.507E-02
 -6.7947500E+03  9.089E-02  6.171E-02  2.568E-02
 -6.7942500E+03  8.910E-02  4.788E-02  7.662E-02
 -6.7937500E+03  1.065E-01  4.341E-02  1.148E-01
 -6.7932500E+03  1.298E-01  6.532E-02  7.495E-02
 -6.7927500E+03  1.204E-01  5.580E-02  8.844E-02
 -6.7922500E+03  1.434E-01  6.855E-02  9.757E-02
 -6.7917500E+03  1.152E-01  6.959E-02  6.809E-02
 -6.7912500E+03  1.142E-01  7.903E-02  2.122E-02
 -6.7907500E+03  1.124E-01  7.147E-02  2.817E-02
 -6.7902500E+03  8.059E-02  5.136E-02  3.414E-02
 -6.7897500E+03  7.594E-02  4.136E-02  6.335E-02
 -6.7892500E+03  1.189E-01  5.992E-02  8.799E-02
 -6.7887500E+03  1.631E-01  8.958E-02  7.510E-02
 -6.7882500E+03  8.608E-02  5.380E-02  3.800E-02
 -6.7877500E+03  1.262E-01  6.121E-02  7.524E-02
 -6.7872500E+03  1.054E-01  4.608E-02  8.199E-02
 -6.7867500E+03  1.115E-01  5.926E-02  6.315E-02
 -6.7862500E+03  1.063E-01  6.672E-02  3.698E-02
 -6.7857500E+03  1.141E-01  6.980E-02  5.582E-02
 -6.7852500E+03  1.364E-01  7.496E-02  6.307E-02
 -6.7847500E+03  7.113E-02  4.554E-02  5.309E-02
 -6.7842500E+03  1.060E-01  6.411E-02  4.442E-02
 -6.7837500E+03  1.285E-01  9.124E-02  2.326E-02
 -6.7832500E+03  1.232E-01  6.906E-02  7.157E-02
 -6.7827500E+03  9.929E-02  3.104E-02  1.105E-01
 -6.7822500E+03  9.798E-02  5.192E-02  7.825E-02
 -6.7817500E+03  1.011E-01  5.079E-02  6.441E-02
 -6.7812500E+03  8.666E-02  5.133E-02  3.214E-02
 -6.7807500E+03  9.068E-02  5.699E-02  3.843E-02
