 -3.9442500E+03 -0.000E+00 -0.000E+00  0.000E+00
 -3.9437500E+03 -0.000E+00 -0.000E+00  0.000E+00
 -3.9432500E+03 -0.000E+00 -0.000E+00  0.000E+00
 -3.9427500E+03 -0.000E+00 -0.000E+00  0.000E+00
 -3.9422500E+03 -0.000E+00 -0.000E+00  0.000E+00
 -3.9417500E+03 -0.000E+00 -0.000E+00  0.000E+00
 -3.9412500E+03 -0.000E+00 -0.000E+00  0.000E+00
 -3.9407500E+03 -0.000E+00 -0.000E+00  0.000E+00
 -3.9402500E+03 -0.000E+00 -0.000E+00  0.000E+00
 -3.9397500E+03 -0.000E+00 -0.000E+00  0.000E+00
 -3.9392500E+03 -0.000E+00 -0.000E+00  0.000E+00
 -3.9387500E+03 -0.000E+00 -0.000E+00  0.000E+00
 -3.9382500E+03 -0.000E+00 -0.000E+00  0.000E+00
 -3.9377500E+03 -0.000E+00 -0.000E+00  0.000E+00
 -3.9372500E+03 -0.000E+00 -0.000E+00  0.000E+00
 -3.9367500E+03 -0.000E+00 -0.000E+00  0.000E+00
 -3.9362500E+03 -0.000E+00 -0.000E+00  0.000E+00
 -3.9357500E+03 -0.000E+00 -0.000E+00  0.000E+00
 -3.9352500E+03 -0.000E+00 -0.000E+00  0.000E+00
 -3.9347500E+03 -0.000E+00 -0.000E+00  0.000E+00
 -3.9342500E+03 -0.000E+00 -0.000E+00  0.000E+00
 -3.9337500E+03 -0.000E+00 -0.000E+00  0.000E+00
 -3.9332500E+03 -0.000E+00 -0.000E+00  0.000E+00
 -3.9327500E+03 -0.000E+00 -0.000E+00  0.000E+00
 -3.9322500E+03 -0.000E+00 -0.000E+00  0.000E+00
 -3.9317500E+03 -0.000E+00 -0.000E+00  0.000E+00
 -3.9312500E+03 -0.000E+00 -0.000E+00  0.000E+00
 -3.9307500E+03 -0.000E+00 -0.000E+00  0.000E+00
 -3.9302500E+03 -0.000E+00 -0.000E+00  0.000E+00
 -3.9297500E+03 -0.000E+00 -0.000E+00  0.000E+00
 -3.9292500E+03 -0.000E+00 -0.000E+00  0.000E+00
 -3.9287500E+03 -0.000E+00 -0.000E+00  0.000E+00
 -3.9282500E+03 -0.000E+00 -0.000E+00  0.000E+00
 -3.9277500E+03 -0.000E+00 -0.000E+00  0.000E+00
 -3.9272500E+03 -0.000E+00 -0.000E+00  0.000E+00
 -3.9267500E+03 -0.000E+00 -0.000E+00  0.000E+00
 -3.9262500E+03 -0.000E+00 -0.000E+00  0.000E+00
 -3.9257500E+03 -0.000E+00 -0.000E+00  0.000E+00
 -3.9252500E+03 -0.000E+00 -0.000E+00  0.000E+00
 -3.9247500E+03 -0.000E+00 -0.000E+00  0.000E+00
 -3.9242500E+03 -0.000E+00 -0.000E+00  0.000E+00
 -3.9237500E+03 -0.000E+00 -0.000E+00  0.000E+00
 -3.9232500E+03 -0.000E+00 -0.000E+00  0.000E+00
 -3.9227500E+03 -0.000E+00 -0.000E+00  0.000E+00
 -3.9222500E+03 -0.000E+00 -0.000E+00  0.000E+00
 -3.9217500E+03 -0.000E+00 -0.000E+00  0.000E+00
 -3.9212500E+03 -0.000E+00 -0.000E+00  0.000E+00
 -3.9207500E+03 -0.000E+00 -0.000E+00  0.000E+00
 -3.9202500E+03 -0.000E+00 -0.000E+00  0.000E+00
 -3.9197500E+03 -0.000E+00 -0.000E+00  0.000E+00
 -3.9192500E+03 -0.000E+00 -0.000E+00  0.000E+00
 -3.9187500E+03 -0.000E+00 -0.000E+00  0.000E+00
 -3.9182500E+03 -0.000E+00 -0.000E+00  0.000E+00
 -3.9177500E+03 -0.000E+00 -0.000E+00  0.000E+00
 -3.9172500E+03 -0.000E+00 -0.000E+00  0.000E+00
 -3.9167500E+03 -0.000E+00 -0.000E+00  0.000E+00
 -3.9162500E+03 -0.000E+00 -0.000E+00  0.000E+00
 -3.9157500E+03 -0.000E+00 -0.000E+00  0.000E+00
 -3.9152500E+03 -0.000E+00 -0.000E+00  0.000E+00
 -3.9147500E+03 -0.000E+00 -0.000E+00  0.000E+00
 -3.9142500E+03 -0.000E+00 -0.000E+00  0.000E+00
 -3.9137500E+03 -0.000E+00 -0.000E+00  0.000E+00
 -3.9132500E+03 -0.000E+00 -0.000E+00  0.000E+00
 -3.9127500E+03 -0.000E+00 -0.000E+00  0.000E+00
 -3.9122500E+03 -0.000E+00 -0.000E+00  0.000E+00
 -3.9117500E+03 -0.000E+00 -0.000E+00  0.000E+00
 -3.9112500E+03 -0.000E+00 -0.000E+00  0.000E+00
 -3.9107500E+03 -0.000E+00 -0.000E+00  0.000E+00
 -3.9102500E+03 -0.000E+00 -0.000E+00  0.000E+00
 -3.9097500E+03 -0.000E+00 -0.000E+00  0.000E+00
 -3.9092500E+03 -0.000E+00 -0.000E+00  0.000E+00
 -3.9087500E+03 -0.000E+00 -0.000E+00  0.000E+00
 -3.9082500E+03 -0.000E+00 -0.000E+00  0.000E+00
 -3.9077500E+03 -0.000E+00 -0.000E+00  0.000E+00
 -3.9072500E+03 -0.000E+00 -0.000E+00  0.000E+00
 -3.9067500E+03 -0.000E+00 -0.000E+00  0.000E+00
 -3.9062500E+03 -0.000E+00 -0.000E+00  0.000E+00
 -3.9057500E+03 -0.000E+00 -0.000E+00  0.000E+00
 -3.9052500E+03 -0.000E+00 -0.000E+00  0.000E+00
 -3.9047500E+03 -0.000E+00 -0.000E+00  0.000E+00
 -3.9042500E+03 -0.000E+00 -0.000E+00  0.000E+00
 -3.9037500E+03 -0.000E+00 -0.000E+00  0.000E+00
 -3.9032500E+03 -0.000E+00 -0.000E+00  0.000E+00
 -3.9027500E+03 -0.000E+00 -0.000E+00  0.000E+00
 -3.9022500E+03 -0.000E+00 -0.000E+00  0.000E+00
 -3.9017500E+03 -0.000E+00 -0.000E+00  0.000E+00
 -3.9012500E+03 -0.000E+00 -0.000E+00  0.000E+00
 -3.9007500E+03 -0.000E+00 -0.000E+00  0.000E+00
 -3.9002500E+03 -0.000E+00 -0.000E+00  0.000E+00
 -3.8997500E+03 -0.000E+00 -0.000E+00  0.000E+00
 -3.8992500E+03 -0.000E+00 -0.000E+00  0.000E+00
 -3.8987500E+03 -0.000E+00 -0.000E+00  0.000E+00
 -3.8982500E+03 -0.000E+00 -0.000E+00  0.000E+00
 -3.8977500E+03 -0.000E+00 -0.000E+00  0.000E+00
 -3.8972500E+03 -0.000E+00 -0.000E+00  0.000E+00
 -3.8967500E+03 -0.000E+00 -0.000E+00  0.000E+00
 -3.8962500E+03 -0.000E+00 -0.000E+00  0.000E+00
 -3.8957500E+03 -0.000E+00 -0.000E+00  0.000E+00
 -3.8952500E+03 -0.000E+00 -0.000E+00  0.000E+00
 -3.8947500E+03 -0.000E+00 -0.000E+00  0.000E+00
 -3.8942500E+03 -0.000E+00 -0.000E+00  0.000E+00
 -3.8937500E+03 -0.000E+00 -0.000E+00  0.000E+00
 -3.8932500E+03 -0.000E+00 -0.000E+00  0.000E+00
 -3.8927500E+03 -0.000E+00 -0.000E+00  0.000E+00
 -3.8922500E+03 -0.000E+00 -0.000E+00  0.000E+00
 -3.8917500E+03 -0.000E+00 -0.000E+00  0.000E+00
 -3.8912500E+03 -0.000E+00 -0.000E+00  0.000E+00
 -3.8907500E+03 -0.000E+00 -0.000E+00  0.000E+00
 -3.8902500E+03 -0.000E+00 -0.000E+00  0.000E+00
 -3.8897500E+03 -0.000E+00 -0.000E+00  0.000E+00
 -3.8892500E+03 -0.000E+00 -0.000E+00  0.000E+00
 -3.8887500E+03 -0.000E+00 -0.000E+00  0.000E+00
 -3.8882500E+03 -0.000E+00 -0.000E+00  0.000E+00
 -3.8877500E+03 -0.000E+00 -0.000E+00  0.000E+00
 -3.8872500E+03 -0.000E+00 -0.000E+00  0.000E+00
 -3.8867500E+03 -0.000E+00 -0.000E+00  0.000E+00
 -3.8862500E+03 -0.000E+00 -0.000E+00  0.000E+00
 -3.8857500E+03 -0.000E+00 -0.000E+00  0.000E+00
 -3.8852500E+03 -0.000E+00 -0.000E+00  0.000E+00
 -3.8847500E+03 -0.000E+00 -0.000E+00  0.000E+00
 -3.8842500E+03 -0.000E+00 -0.000E+00  0.000E+00
 -3.8837500E+03 -0.000E+00 -0.000E+00  0.000E+00
 -3.8832500E+03 -0.000E+00 -0.000E+00  0.000E+00
 -3.8827500E+03 -0.000E+00 -0.000E+00  0.000E+00
 -3.8822500E+03 -0.000E+00 -0.000E+00  0.000E+00
 -3.8817500E+03 -0.000E+00 -0.000E+00  0.000E+00
 -3.8812500E+03 -0.000E+00 -0.000E+00  0.000E+00
 -3.8807500E+03 -0.000E+00 -0.000E+00  0.000E+00
 -3.8802500E+03 -0.000E+00 -0.000E+00  0.000E+00
 -3.8797500E+03 -0.000E+00 -0.000E+00  0.000E+00
 -3.8792500E+03 -0.000E+00 -0.000E+00  0.000E+00
 -3.8787500E+03 -0.000E+00 -0.000E+00  0.000E+00
 -3.8782500E+03 -0.000E+00 -0.000E+00  0.000E+00
 -3.8777500E+03 -0.000E+00 -0.000E+00  0.000E+00
 -3.8772500E+03 -0.000E+00 -0.000E+00  0.000E+00
 -3.8767500E+03 -0.000E+00 -0.000E+00  0.000E+00
 -3.8762500E+03 -0.000E+00 -0.000E+00  0.000E+00
 -3.8757500E+03 -0.000E+00 -0.000E+00  0.000E+00
 -3.8752500E+03 -0.000E+00 -0.000E+00  0.000E+00
 -3.8747500E+03 -0.000E+00 -0.000E+00  0.000E+00
 -3.8742500E+03 -0.000E+00 -0.000E+00  0.000E+00
 -3.8737500E+03 -0.000E+00 -0.000E+00  0.000E+00
 -3.8732500E+03 -0.000E+00 -0.000E+00  0.000E+00
 -3.8727500E+03 -0.000E+00 -0.000E+00  0.000E+00
 -3.8722500E+03 -0.000E+00 -0.000E+00  0.000E+00
 -3.8717500E+03 -0.000E+00 -0.000E+00  0.000E+00
 -3.8712500E+03 -0.000E+00 -0.000E+00  0.000E+00
 -3.8707500E+03 -0.000E+00 -0.000E+00  0.000E+00
 -3.8702500E+03 -0.000E+00 -0.000E+00  0.000E+00
 -3.8697500E+03 -0.000E+00 -0.000E+00  0.000E+00
 -3.8692500E+03 -0.000E+00 -0.000E+00  0.000E+00
 -3.8687500E+03 -0.000E+00 -0.000E+00  0.000E+00
 -3.8682500E+03 -0.000E+00 -0.000E+00  0.000E+00
 -3.8677500E+03 -0.000E+00 -0.000E+00  0.000E+00
 -3.8672500E+03 -0.000E+00 -0.000E+00  0.000E+00
 -3.8667500E+03 -0.000E+00 -0.000E+00  0.000E+00
 -3.8662500E+03 -0.000E+00 -0.000E+00  0.000E+00
 -3.8657500E+03 -0.000E+00 -0.000E+00  0.000E+00
 -3.8652500E+03 -0.000E+00 -0.000E+00  0.000E+00
 -3.8647500E+03 -0.000E+00 -0.000E+00  0.000E+00
 -3.8642500E+03 -0.000E+00 -0.000E+00  0.000E+00
 -3.8637500E+03 -0.000E+00 -0.000E+00  0.000E+00
 -3.8632500E+03 -0.000E+00 -0.000E+00  0.000E+00
 -3.8627500E+03 -0.000E+00 -0.000E+00  0.000E+00
 -3.8622500E+03 -0.000E+00 -0.000E+00  0.000E+00
 -3.8617500E+03 -0.000E+00 -0.000E+00  0.000E+00
 -3.8612500E+03 -0.000E+00 -0.000E+00  0.000E+00
 -3.8607500E+03 -0.000E+00 -0.000E+00  0.000E+00
 -3.8602500E+03 -0.000E+00 -0.000E+00  0.000E+00
 -3.8597500E+03 -0.000E+00 -0.000E+00  0.000E+00
 -3.8592500E+03 -0.000E+00 -0.000E+00  0.000E+00
 -3.8587500E+03 -0.000E+00 -0.000E+00  0.000E+00
 -3.8582500E+03 -0.000E+00 -0.000E+00  0.000E+00
 -3.8577500E+03 -0.000E+00 -0.000E+00  0.000E+00
 -3.8572500E+03 -0.000E+00 -0.000E+00  0.000E+00
 -3.8567500E+03 -0.000E+00 -0.000E+00  0.000E+00
 -3.8562500E+03 -0.000E+00 -0.000E+00  0.000E+00
 -3.8557500E+03 -0.000E+00 -0.000E+00  0.000E+00
 -3.8552500E+03 -0.000E+00 -0.000E+00  0.000E+00
 -3.8547500E+03 -0.000E+00 -0.000E+00  0.000E+00
 -3.8542500E+03 -0.000E+00 -0.000E+00  0.000E+00
 -3.8537500E+03 -0.000E+00 -0.000E+00  0.000E+00
 -3.8532500E+03 -0.000E+00 -0.000E+00  0.000E+00
 -3.8527500E+03 -0.000E+00 -0.000E+00  0.000E+00
 -3.8522500E+03 -0.000E+00 -0.000E+00  0.000E+00
 -3.8517500E+03 -0.000E+00 -0.000E+00  0.000E+00
 -3.8512500E+03 -0.000E+00 -0.000E+00  0.000E+00
 -3.8507500E+03 -0.000E+00 -0.000E+00  0.000E+00
 -3.8502500E+03 -0.000E+00 -0.000E+00  0.000E+00
 -3.8497500E+03 -0.000E+00 -0.000E+00  0.000E+00
 -3.8492500E+03 -0.000E+00 -0.000E+00  0.000E+00
 -3.8487500E+03 -0.000E+00 -0.000E+00  0.000E+00
 -3.8482500E+03 -0.000E+00 -0.000E+00  0.000E+00
 -3.8477500E+03 -0.000E+00 -0.000E+00  0.000E+00
 -3.8472500E+03 -0.000E+00 -0.000E+00  0.000E+00
 -3.8467500E+03 -0.000E+00 -0.000E+00  0.000E+00
 -3.8462500E+03 -0.000E+00 -0.000E+00  0.000E+00
 -3.8457500E+03 -0.000E+00 -0.000E+00  0.000E+00
 -3.8452500E+03 -0.000E+00 -0.000E+00  0.000E+00
 -3.8447500E+03 -0.000E+00 -0.000E+00  0.000E+00
 -3.8442500E+03 -0.000E+00 -0.000E+00  0.000E+00
 -3.8437500E+03 -0.000E+00 -0.000E+00  0.000E+00
 -3.8432500E+03 -0.000E+00 -0.000E+00  0.000E+00
 -3.8427500E+03 -0.000E+00 -0.000E+00  0.000E+00
 -3.8422500E+03 -0.000E+00 -0.000E+00  0.000E+00
 -3.8417500E+03 -0.000E+00 -0.000E+00  0.000E+00
 -3.8412500E+03 -0.000E+00 -0.000E+00  0.000E+00
 -3.8407500E+03 -0.000E+00 -0.000E+00  0.000E+00
 -3.8402500E+03 -0.000E+00 -0.000E+00  0.000E+00
 -3.8397500E+03 -0.000E+00 -0.000E+00  0.000E+00
 -3.8392500E+03 -0.000E+00 -0.000E+00  0.000E+00
 -3.8387500E+03 -0.000E+00 -0.000E+00  0.000E+00
 -3.8382500E+03 -0.000E+00 -0.000E+00  0.000E+00
 -3.8377500E+03 -0.000E+00 -0.000E+00  0.000E+00
 -3.8372500E+03 -0.000E+00 -0.000E+00  0.000E+00
 -3.8367500E+03 -0.000E+00 -0.000E+00  0.000E+00
 -3.8362500E+03 -0.000E+00 -0.000E+00  0.000E+00
 -3.8357500E+03 -0.000E+00 -0.000E+00  0.000E+00
 -3.8352500E+03 -0.000E+00 -0.000E+00  0.000E+00
 -3.8347500E+03 -0.000E+00 -0.000E+00  0.000E+00
 -3.8342500E+03 -0.000E+00 -0.000E+00  0.000E+00
 -3.8337500E+03 -0.000E+00 -0.000E+00  0.000E+00
 -3.8332500E+03 -0.000E+00 -0.000E+00  0.000E+00
 -3.8327500E+03 -0.000E+00 -0.000E+00  0.000E+00
 -3.8322500E+03 -0.000E+00 -0.000E+00  0.000E+00
 -3.8317500E+03 -0.000E+00 -0.000E+00  0.000E+00
 -3.8312500E+03 -0.000E+00 -0.000E+00  0.000E+00
 -3.8307500E+03 -0.000E+00 -0.000E+00  0.000E+00
 -3.8302500E+03 -0.000E+00 -0.000E+00  0.000E+00
 -3.8297500E+03 -0.000E+00 -0.000E+00  0.000E+00
 -3.8292500E+03 -0.000E+00 -0.000E+00  0.000E+00
 -3.8287500E+03 -0.000E+00 -0.000E+00  0.000E+00
 -3.8282500E+03 -0.000E+00 -0.000E+00  0.000E+00
 -3.8277500E+03 -0.000E+00 -0.000E+00  0.000E+00
 -3.8272500E+03 -0.000E+00 -0.000E+00  0.000E+00
 -3.8267500E+03 -0.000E+00 -0.000E+00  0.000E+00
 -3.8262500E+03 -0.000E+00 -0.000E+00  0.000E+00
 -3.8257500E+03 -0.000E+00 -0.000E+00  0.000E+00
 -3.8252500E+03 -0.000E+00 -0.000E+00  0.000E+00
 -3.8247500E+03 -0.000E+00 -0.000E+00  0.000E+00
 -3.8242500E+03 -0.000E+00 -0.000E+00  0.000E+00
 -3.8237500E+03 -0.000E+00 -0.000E+00  0.000E+00
 -3.8232500E+03 -0.000E+00 -0.000E+00  0.000E+00
 -3.8227500E+03 -0.000E+00 -0.000E+00  0.000E+00
 -3.8222500E+03 -0.000E+00 -0.000E+00  0.000E+00
 -3.8217500E+03 -0.000E+00 -0.000E+00  0.000E+00
 -3.8212500E+03 -0.000E+00 -0.000E+00  0.000E+00
 -3.8207500E+03 -0.000E+00 -0.000E+00  0.000E+00
 -3.8202500E+03 -0.000E+00 -0.000E+00  0.000E+00
 -3.8197500E+03 -0.000E+00 -0.000E+00  0.000E+00
 -3.8192500E+03 -0.000E+00 -0.000E+00  0.000E+00
 -3.8187500E+03 -0.000E+00 -0.000E+00  0.000E+00
 -3.8182500E+03 -0.000E+00 -0.000E+00  0.000E+00
 -3.8177500E+03 -0.000E+00 -0.000E+00  0.000E+00
 -3.8172500E+03 -0.000E+00 -0.000E+00  0.000E+00
 -3.8167500E+03 -0.000E+00 -0.000E+00  0.000E+00
 -3.8162500E+03 -0.000E+00 -0.000E+00  0.000E+00
 -3.8157500E+03 -0.000E+00 -0.000E+00  0.000E+00
 -3.8152500E+03 -0.000E+00 -0.000E+00  0.000E+00
 -3.8147500E+03 -0.000E+00 -0.000E+00  0.000E+00
 -3.8142500E+03 -0.000E+00 -0.000E+00  0.000E+00
 -3.8137500E+03 -0.000E+00 -0.000E+00  0.000E+00
 -3.8132500E+03 -0.000E+00 -0.000E+00  0.000E+00
 -3.8127500E+03 -0.000E+00 -0.000E+00  0.000E+00
 -3.8122500E+03 -0.000E+00 -0.000E+00  0.000E+00
 -3.8117500E+03 -0.000E+00 -0.000E+00  0.000E+00
 -3.8112500E+03 -0.000E+00 -0.000E+00  0.000E+00
 -3.8107500E+03 -0.000E+00 -0.000E+00  0.000E+00
 -3.8102500E+03 -0.000E+00 -0.000E+00  0.000E+00
 -3.8097500E+03 -0.000E+00 -0.000E+00  0.000E+00
 -3.8092500E+03 -0.000E+00 -0.000E+00  0.000E+00
 -3.8087500E+03 -0.000E+00 -0.000E+00  0.000E+00
 -3.8082500E+03 -0.000E+00 -0.000E+00  0.000E+00
 -3.8077500E+03 -0.000E+00 -0.000E+00  0.000E+00
 -3.8072500E+03 -0.000E+00 -0.000E+00  0.000E+00
 -3.8067500E+03 -0.000E+00 -0.000E+00  0.000E+00
 -3.8062500E+03 -0.000E+00 -0.000E+00  0.000E+00
 -3.8057500E+03 -0.000E+00 -0.000E+00  0.000E+00
 -3.8052500E+03 -0.000E+00 -0.000E+00  0.000E+00
 -3.8047500E+03 -0.000E+00 -0.000E+00  0.000E+00
 -3.8042500E+03 -0.000E+00 -0.000E+00  0.000E+00
 -3.8037500E+03 -0.000E+00 -0.000E+00  0.000E+00
 -3.8032500E+03 -0.000E+00 -0.000E+00  0.000E+00
 -3.8027500E+03 -0.000E+00 -0.000E+00  0.000E+00
 -3.8022500E+03 -0.000E+00 -0.000E+00  0.000E+00
 -3.8017500E+03 -0.000E+00 -0.000E+00  0.000E+00
 -3.8012500E+03 -0.000E+00 -0.000E+00  0.000E+00
 -3.8007500E+03 -0.000E+00 -0.000E+00  0.000E+00
 -3.8002500E+03 -0.000E+00 -0.000E+00  0.000E+00
 -3.7997500E+03 -0.000E+00 -0.000E+00  0.000E+00
 -3.7992500E+03 -0.000E+00 -0.000E+00  0.000E+00
 -3.7987500E+03 -0.000E+00 -0.000E+00  0.000E+00
 -3.7982500E+03 -0.000E+00 -0.000E+00  0.000E+00
 -3.7977500E+03 -0.000E+00 -0.000E+00  0.000E+00
 -3.7972500E+03 -0.000E+00 -0.000E+00  0.000E+00
 -3.7967500E+03 -0.000E+00 -0.000E+00  0.000E+00
 -3.7962500E+03 -0.000E+00 -0.000E+00  0.000E+00
 -3.7957500E+03 -0.000E+00 -0.000E+00  0.000E+00
 -3.7952500E+03 -0.000E+00 -0.000E+00  0.000E+00
 -3.7947500E+03 -0.000E+00 -0.000E+00  0.000E+00
 -3.7942500E+03 -0.000E+00 -0.000E+00  0.000E+00
 -3.7937500E+03 -0.000E+00 -0.000E+00  0.000E+00
 -3.7932500E+03 -0.000E+00 -0.000E+00  0.000E+00
 -3.7927500E+03 -0.000E+00 -0.000E+00  0.000E+00
 -3.7922500E+03 -0.000E+00 -0.000E+00  0.000E+00
 -3.7917500E+03 -0.000E+00 -0.000E+00  0.000E+00
 -3.7912500E+03 -0.000E+00 -0.000E+00  0.000E+00
 -3.7907500E+03 -0.000E+00 -0.000E+00  0.000E+00
 -3.7902500E+03 -0.000E+00 -0.000E+00  0.000E+00
 -3.7897500E+03 -0.000E+00 -0.000E+00  0.000E+00
 -3.7892500E+03 -0.000E+00 -0.000E+00  0.000E+00
 -3.7887500E+03 -0.000E+00 -0.000E+00  0.000E+00
 -3.7882500E+03 -0.000E+00 -0.000E+00  0.000E+00
 -3.7877500E+03 -0.000E+00 -0.000E+00  0.000E+00
 -3.7872500E+03 -0.000E+00 -0.000E+00  0.000E+00
 -3.7867500E+03 -0.000E+00 -0.000E+00  0.000E+00
 -3.7862500E+03 -0.000E+00 -0.000E+00  0.000E+00
 -3.7857500E+03 -0.000E+00 -0.000E+00  0.000E+00
 -3.7852500E+03 -0.000E+00 -0.000E+00  0.000E+00
 -3.7847500E+03 -0.000E+00 -0.000E+00  0.000E+00
 -3.7842500E+03 -0.000E+00 -0.000E+00  0.000E+00
 -3.7837500E+03 -0.000E+00 -0.000E+00  0.000E+00
 -3.7832500E+03 -0.000E+00 -0.000E+00  0.000E+00
 -3.7827500E+03 -0.000E+00 -0.000E+00  0.000E+00
 -3.7822500E+03 -0.000E+00 -0.000E+00  0.000E+00
 -3.7817500E+03 -0.000E+00 -0.000E+00  0.000E+00
 -3.7812500E+03  9.951E-04  7.397E-04  1.999E-04
 -3.7807500E+03  2.761E-03  1.161E-03  2.826E-03
 -3.7802500E+03 -2.373E-03 -1.463E-03 -1.255E-03
 -3.7797500E+03 -4.776E-03 -2.766E-03 -2.958E-03
 -3.7792500E+03  1.122E-03 -1.760E-04  2.806E-03
 -3.7787500E+03 -1.617E-03 -1.845E-03  1.401E-03
 -3.7782500E+03 -2.755E-03 -2.288E-03  2.525E-04
 -3.7777500E+03  2.968E-04 -3.888E-04  1.569E-03
 -3.7772500E+03 -1.844E-04 -2.459E-03  5.098E-03
 -3.7767500E+03  1.772E-04 -9.913E-04  1.245E-03
 -3.7762500E+03  1.364E-03  1.875E-03 -2.736E-03
 -3.7757500E+03  1.619E-03  5.612E-04  2.089E-03
 -3.7752500E+03  1.681E-03  8.765E-04  8.844E-04
 -3.7747500E+03 -1.677E-03 -1.215E-04 -3.384E-03
 -3.7742500E+03 -1.133E-04  1.687E-03 -5.314E-03
 -3.7737500E+03 -2.733E-03 -2.283E-03  6.951E-04
 -3.7732500E+03 -1.174E-03  5.012E-04 -3.715E-03
 -3.7727500E+03  9.126E-04 -1.735E-03  6.760E-03
 -3.7722500E+03  1.021E-02  7.016E-03  3.476E-03
 -3.7717500E+03 -2.434E-03 -3.738E-03  4.872E-03
 -3.7712500E+03  1.058E-03  2.171E-04  1.419E-03
 -3.7707500E+03 -5.375E-03 -8.250E-04 -9.299E-03
 -3.7702500E+03  8.506E-03  2.462E-03  1.238E-02
 -3.7697500E+03 -1.718E-02 -1.284E-02 -4.478E-03
 -3.7692500E+03  2.366E-03 -3.063E-04  5.587E-03
 -3.7687500E+03  5.430E-03  1.158E-02 -1.825E-02
 -3.7682500E+03 -1.489E-02 -6.936E-03 -1.471E-02
 -3.7677500E+03  4.071E-03  1.709E-03  2.772E-03
 -3.7672500E+03 -3.036E-02 -2.028E-02 -1.210E-02
 -3.7667500E+03 -1.641E-02 -1.689E-02  1.050E-02
 -3.7662500E+03 -5.685E-03  1.045E-02 -4.003E-02
 -3.7657500E+03 -5.231E-02 -3.598E-02 -2.220E-02
 -3.7652500E+03 -6.659E-02 -3.921E-02 -3.806E-02
 -3.7647500E+03 -1.896E-02  1.071E-04 -4.216E-02
 -3.7642500E+03 -1.373E-01 -8.757E-02 -6.089E-02
 -3.7637500E+03 -3.597E-01 -2.239E-01 -1.706E-01
 -3.7632500E+03 -7.927E-01 -5.030E-01 -3.698E-01
 -3.7627500E+03 -2.194E+00 -1.333E+00 -1.178E+00
 -3.7622500E+03 -5.311E+00 -3.219E+00 -2.870E+00
 -3.7617500E+03 -2.714E+01 -1.477E+01 -1.931E+01
 -3.7612500E+03 -1.303E+02 -7.470E+01 -8.222E+01
 -3.7607500E+03 -1.815E+02 -1.119E+02 -9.353E+01
 -3.7602500E+03 -1.316E+02 -8.312E+01 -6.282E+01
 -3.7597500E+03 -7.507E+01 -4.845E+01 -3.328E+01
 -3.7592500E+03 -4.032E+01 -2.607E+01 -1.792E+01
 -3.7587500E+03 -2.099E+01 -1.330E+01 -1.018E+01
 -3.7582500E+03 -9.863E+00 -7.038E+00 -2.732E+00
 -3.7577500E+03 -5.950E+00 -4.275E+00 -1.617E+00
 -3.7572500E+03 -2.165E+00 -1.673E+00 -3.783E-01
 -3.7567500E+03 -6.466E-01 -6.426E-01  1.779E-01
 -3.7562500E+03  1.779E+00  1.206E+00  5.020E-01
 -3.7557500E+03  2.466E+00  1.541E+00  1.120E+00
 -3.7552500E+03  2.914E+00  1.962E+00  9.693E-01
 -3.7547500E+03  2.326E+00  1.601E+00  6.717E-01
 -3.7542500E+03  2.802E+00  1.387E+00  2.284E+00
 -3.7537500E+03  3.524E+00  2.328E+00  1.338E+00
 -3.7532500E+03  3.113E+00  2.005E+00  1.303E+00
 -3.7527500E+03  3.592E+00  2.091E+00  2.127E+00
 -3.7522500E+03  3.863E+00  2.523E+00  1.553E+00
 -3.7517500E+03  3.749E+00  2.267E+00  1.996E+00
 -3.7512500E+03  2.866E+00  1.838E+00  1.222E+00
 -3.7507500E+03  3.585E+00  2.270E+00  1.646E+00
 -3.7502500E+03  3.908E+00  2.442E+00  1.902E+00
 -3.7497500E+03  3.780E+00  2.509E+00  1.425E+00
 -3.7492500E+03  3.240E+00  1.914E+00  1.861E+00
 -3.7487500E+03  3.515E+00  2.269E+00  1.499E+00
 -3.7482500E+03  4.034E+00  2.521E+00  1.965E+00
 -3.7477500E+03  3.783E+00  2.455E+00  1.589E+00
 -3.7472500E+03  3.227E+00  2.078E+00  1.396E+00
 -3.7467500E+03  3.048E+00  1.907E+00  1.457E+00
 -3.7462500E+03  3.276E+00  2.067E+00  1.535E+00
 -3.7457500E+03  3.130E+00  2.022E+00  1.335E+00
 -3.7452500E+03  3.329E+00  2.098E+00  1.558E+00
 -3.7447500E+03  3.267E+00  2.068E+00  1.508E+00
 -3.7442500E+03  3.119E+00  1.972E+00  1.454E+00
 -3.7437500E+03  3.470E+00  2.241E+00  1.502E+00
 -3.7432500E+03  3.073E+00  1.939E+00  1.443E+00
 -3.7427500E+03  3.277E+00  2.126E+00  1.384E+00
 -3.7422500E+03  3.081E+00  1.911E+00  1.535E+00
 -3.7417500E+03  2.824E+00  1.762E+00  1.383E+00
 -3.7412500E+03  3.033E+00  1.890E+00  1.499E+00
 -3.7407500E+03  3.139E+00  2.074E+00  1.221E+00
 -3.7402500E+03  2.973E+00  1.785E+00  1.655E+00
 -3.7397500E+03  2.971E+00  1.963E+00  1.164E+00
 -3.7392500E+03  2.974E+00  1.920E+00  1.275E+00
 -3.7387500E+03  2.607E+00  1.573E+00  1.420E+00
 -3.7382500E+03  2.702E+00  1.786E+00  1.060E+00
 -3.7377500E+03  3.091E+00  1.807E+00  1.844E+00
 -3.7372500E+03  2.652E+00  1.587E+00  1.486E+00
 -3.7367500E+03  2.947E+00  1.845E+00  1.440E+00
 -3.7362500E+03  2.950E+00  1.886E+00  1.324E+00
 -3.7357500E+03  2.677E+00  1.770E+00  1.035E+00
 -3.7352500E+03  2.800E+00  1.782E+00  1.282E+00
 -3.7347500E+03  2.526E+00  1.606E+00  1.157E+00
 -3.7342500E+03  2.258E+00  1.394E+00  1.138E+00
 -3.7337500E+03  2.412E+00  1.516E+00  1.155E+00
 -3.7332500E+03  2.564E+00  1.551E+00  1.383E+00
 -3.7327500E+03  2.567E+00  1.683E+00  1.057E+00
 -3.7322500E+03  2.715E+00  1.735E+00  1.238E+00
 -3.7317500E+03  2.618E+00  1.662E+00  1.207E+00
 -3.7312500E+03  2.775E+00  1.743E+00  1.327E+00
 -3.7307500E+03  2.416E+00  1.513E+00  1.180E+00
 -3.7302500E+03  2.504E+00  1.608E+00  1.112E+00
 -3.7297500E+03  2.740E+00  1.754E+00  1.238E+00
 -3.7292500E+03  2.531E+00  1.549E+00  1.327E+00
 -3.7287500E+03  2.603E+00  1.643E+00  1.238E+00
 -3.7282500E+03  2.330E+00  1.463E+00  1.112E+00
 -3.7277500E+03  2.214E+00  1.315E+00  1.280E+00
 -3.7272500E+03  2.433E+00  1.505E+00  1.222E+00
 -3.7267500E+03  2.340E+00  1.446E+00  1.191E+00
 -3.7262500E+03  2.339E+00  1.470E+00  1.137E+00
 -3.7257500E+03  2.343E+00  1.501E+00  1.044E+00
 -3.7252500E+03  2.261E+00  1.388E+00  1.171E+00
 -3.7247500E+03  2.344E+00  1.530E+00  9.774E-01
 -3.7242500E+03  2.289E+00  1.497E+00  9.471E-01
 -3.7237500E+03  2.136E+00  1.304E+00  1.122E+00
 -3.7232500E+03  2.141E+00  1.367E+00  9.668E-01
 -3.7227500E+03  2.200E+00  1.378E+00  1.063E+00
 -3.7222500E+03  2.074E+00  1.292E+00  1.029E+00
 -3.7217500E+03  1.929E+00  1.146E+00  1.101E+00
 -3.7212500E+03  2.180E+00  1.415E+00  9.303E-01
 -3.7207500E+03  2.065E+00  1.289E+00  1.028E+00
 -3.7202500E+03  2.145E+00  1.414E+00  8.564E-01
 -3.7197500E+03  2.101E+00  1.372E+00  8.641E-01
 -3.7192500E+03  2.177E+00  1.284E+00  1.283E+00
 -3.7187500E+03  2.049E+00  1.328E+00  8.753E-01
 -3.7182500E+03  2.173E+00  1.402E+00  9.578E-01
 -3.7177500E+03  1.936E+00  1.157E+00  1.100E+00
 -3.7172500E+03  1.962E+00  1.228E+00  9.583E-01
 -3.7167500E+03  1.729E+00  1.049E+00  9.384E-01
 -3.7162500E+03  1.820E+00  1.048E+00  1.144E+00
 -3.7157500E+03  1.840E+00  1.124E+00  9.905E-01
 -3.7152500E+03  2.233E+00  1.417E+00  1.031E+00
 -3.7147500E+03  1.931E+00  1.231E+00  8.917E-01
 -3.7142500E+03  1.926E+00  1.205E+00  9.512E-01
 -3.7137500E+03  2.029E+00  1.329E+00  8.402E-01
 -3.7132500E+03  1.925E+00  1.163E+00  1.051E+00
 -3.7127500E+03  1.869E+00  1.216E+00  7.925E-01
 -3.7122500E+03  1.833E+00  1.151E+00  8.900E-01
 -3.7117500E+03  1.871E+00  1.122E+00  1.040E+00
 -3.7112500E+03  1.816E+00  1.156E+00  8.334E-01
 -3.7107500E+03  1.966E+00  1.148E+00  1.189E+00
 -3.7102500E+03  1.779E+00  1.114E+00  8.649E-01
 -3.7097500E+03  1.866E+00  1.167E+00  9.218E-01
 -3.7092500E+03  1.786E+00  1.071E+00  1.013E+00
 -3.7087500E+03  1.887E+00  1.207E+00  8.547E-01
 -3.7082500E+03  1.806E+00  1.081E+00  1.009E+00
 -3.7077500E+03  1.859E+00  1.165E+00  9.110E-01
 -3.7072500E+03  1.558E+00  8.870E-01  9.930E-01
 -3.7067500E+03  1.797E+00  1.095E+00  9.451E-01
 -3.7062500E+03  1.704E+00  1.084E+00  7.911E-01
 -3.7057500E+03  1.638E+00  1.042E+00  7.629E-01
 -3.7052500E+03  1.763E+00  1.145E+00  7.592E-01
 -3.7047500E+03  1.811E+00  1.073E+00  1.057E+00
 -3.7042500E+03  1.855E+00  1.192E+00  8.297E-01
 -3.7037500E+03  1.643E+00  1.061E+00  7.276E-01
 -3.7032500E+03  1.644E+00  9.966E-01  8.791E-01
 -3.7027500E+03  1.544E+00  9.395E-01  8.397E-01
 -3.7022500E+03  1.563E+00  9.267E-01  9.005E-01
 -3.7017500E+03  1.786E+00  1.093E+00  9.432E-01
 -3.7012500E+03  1.592E+00  9.964E-01  7.763E-01
 -3.7007500E+03  1.618E+00  1.003E+00  8.253E-01
 -3.7002500E+03  1.576E+00  9.495E-01  8.908E-01
 -3.6997500E+03  1.605E+00  1.024E+00  7.382E-01
 -3.6992500E+03  1.595E+00  1.018E+00  7.316E-01
 -3.6987500E+03  1.663E+00  1.021E+00  8.687E-01
 -3.6982500E+03  1.493E+00  8.892E-01  8.533E-01
 -3.6977500E+03  1.466E+00  9.175E-01  7.198E-01
 -3.6972500E+03  1.407E+00  8.735E-01  7.094E-01
 -3.6967500E+03  1.575E+00  9.940E-01  7.554E-01
 -3.6962500E+03  1.584E+00  8.698E-01  1.116E+00
 -3.6957500E+03  1.570E+00  9.772E-01  7.856E-01
 -3.6952500E+03  1.361E+00  8.939E-01  5.512E-01
 -3.6947500E+03  1.395E+00  9.033E-01  6.081E-01
 -3.6942500E+03  1.505E+00  9.433E-01  7.286E-01
 -3.6937500E+03  1.464E+00  8.793E-01  8.277E-01
 -3.6932500E+03  1.467E+00  8.075E-01  1.029E+00
 -3.6927500E+03  1.453E+00  8.622E-01  8.400E-01
 -3.6922500E+03  1.393E+00  8.964E-01  6.267E-01
 -3.6917500E+03  1.513E+00  9.000E-01  8.670E-01
 -3.6912500E+03  1.376E+00  8.224E-01  7.882E-01
 -3.6907500E+03  1.627E+00  1.047E+00  7.340E-01
 -3.6902500E+03  1.306E+00  8.285E-01  6.095E-01
 -3.6897500E+03  1.324E+00  7.213E-01  9.280E-01
 -3.6892500E+03  1.501E+00  9.098E-01  8.330E-01
 -3.6887500E+03  1.386E+00  9.447E-01  4.745E-01
 -3.6882500E+03  1.330E+00  7.831E-01  7.881E-01
 -3.6877500E+03  1.335E+00  8.044E-01  7.411E-01
 -3.6872500E+03  1.521E+00  9.645E-01  7.324E-01
 -3.6867500E+03  1.252E+00  7.999E-01  5.798E-01
 -3.6862500E+03  1.301E+00  7.814E-01  7.278E-01
 -3.6857500E+03  1.266E+00  7.373E-01  7.591E-01
 -3.6852500E+03  1.346E+00  8.235E-01  7.046E-01
 -3.6847500E+03  1.279E+00  7.685E-01  7.128E-01
 -3.6842500E+03  1.450E+00  9.043E-01  7.304E-01
 -3.6837500E+03  1.270E+00  8.191E-01  5.641E-01
 -3.6832500E+03  1.227E+00  7.436E-01  6.703E-01
 -3.6827500E+03  1.317E+00  7.651E-01  8.155E-01
 -3.6822500E+03  1.265E+00  7.687E-01  6.968E-01
 -3.6817500E+03  1.219E+00  7.606E-01  6.067E-01
 -3.6812500E+03  1.321E+00  8.259E-01  6.608E-01
 -3.6807500E+03  1.264E+00  7.597E-01  6.998E-01
 -3.6802500E+03  1.288E+00  7.900E-01  6.683E-01
 -3.6797500E+03  1.235E+00  7.423E-01  6.920E-01
 -3.6792500E+03  1.202E+00  7.385E-01  6.167E-01
 -3.6787500E+03  1.172E+00  7.040E-01  6.711E-01
 -3.6782500E+03  1.190E+00  7.005E-01  7.137E-01
 -3.6777500E+03  1.259E+00  7.991E-01  5.881E-01
 -3.6772500E+03  1.134E+00  7.270E-01  5.104E-01
 -3.6767500E+03  1.174E+00  7.819E-01  4.462E-01
 -3.6762500E+03  1.233E+00  7.665E-01  6.231E-01
 -3.6757500E+03  1.315E+00  8.553E-01  5.640E-01
 -3.6752500E+03  1.134E+00  6.911E-01  6.196E-01
 -3.6747500E+03  1.151E+00  7.143E-01  5.832E-01
 -3.6742500E+03  1.077E+00  6.251E-01  6.585E-01
 -3.6737500E+03  1.186E+00  6.641E-01  7.990E-01
 -3.6732500E+03  1.166E+00  7.105E-01  6.269E-01
 -3.6727500E+03  1.100E+00  6.815E-01  5.728E-01
 -3.6722500E+03  1.139E+00  6.992E-01  6.035E-01
 -3.6717500E+03  1.141E+00  6.913E-01  6.274E-01
 -3.6712500E+03  1.040E+00  6.452E-01  5.322E-01
 -3.6707500E+03  1.152E+00  6.750E-01  6.842E-01
 -3.6702500E+03  1.103E+00  6.287E-01  7.056E-01
 -3.6697500E+03  1.081E+00  6.730E-01  5.536E-01
 -3.6692500E+03  1.097E+00  6.880E-01  5.425E-01
 -3.6687500E+03  1.182E+00  7.537E-01  5.346E-01
 -3.6682500E+03  9.941E-01  6.544E-01  4.312E-01
 -3.6677500E+03  1.027E+00  6.037E-01  6.206E-01
 -3.6672500E+03  1.048E+00  6.287E-01  5.985E-01
 -3.6667500E+03  1.135E+00  6.808E-01  6.404E-01
 -3.6662500E+03  1.016E+00  6.519E-01  4.709E-01
 -3.6657500E+03  1.089E+00  6.714E-01  5.711E-01
 -3.6652500E+03  1.145E+00  7.130E-01  5.731E-01
 -3.6647500E+03  1.137E+00  7.185E-01  5.352E-01
 -3.6642500E+03  1.104E+00  6.805E-01  5.724E-01
 -3.6637500E+03  1.094E+00  6.978E-01  5.104E-01
 -3.6632500E+03  9.879E-01  6.082E-01  5.223E-01
 -3.6627500E+03  1.028E+00  6.133E-01  5.748E-01
 -3.6622500E+03  9.166E-01  5.677E-01  4.749E-01
 -3.6617500E+03  9.908E-01  6.274E-01  4.778E-01
 -3.6612500E+03  1.008E+00  6.551E-01  4.212E-01
 -3.6607500E+03  1.050E+00  6.655E-01  4.893E-01
 -3.6602500E+03  1.030E+00  6.202E-01  5.722E-01
 -3.6597500E+03  9.927E-01  5.681E-01  6.409E-01
 -3.6592500E+03  9.098E-01  5.281E-01  5.621E-01
 -3.6587500E+03  9.400E-01  5.573E-01  5.247E-01
 -3.6582500E+03  1.008E+00  6.028E-01  5.712E-01
 -3.6577500E+03  9.640E-01  6.046E-01  4.728E-01
 -3.6572500E+03  1.057E+00  6.234E-01  6.135E-01
 -3.6567500E+03  1.051E+00  6.509E-01  5.259E-01
 -3.6562500E+03  9.927E-01  5.950E-01  5.702E-01
 -3.6557500E+03  8.976E-01  5.054E-01  5.930E-01
 -3.6552500E+03  9.370E-01  5.707E-01  5.070E-01
 -3.6547500E+03  8.694E-01  5.667E-01  3.758E-01
 -3.6542500E+03  9.888E-01  5.848E-01  5.923E-01
 -3.6537500E+03  1.047E+00  6.642E-01  5.062E-01
 -3.6532500E+03  9.795E-01  6.502E-01  3.858E-01
 -3.6527500E+03  9.403E-01  5.905E-01  4.415E-01
 -3.6522500E+03  9.574E-01  6.066E-01  4.606E-01
 -3.6517500E+03  9.804E-01  5.959E-01  5.228E-01
 -3.6512500E+03  9.221E-01  5.528E-01  5.367E-01
 -3.6507500E+03  9.148E-01  5.614E-01  4.928E-01
 -3.6502500E+03  8.367E-01  4.900E-01  4.913E-01
 -3.6497500E+03  8.807E-01  5.464E-01  4.423E-01
 -3.6492500E+03  9.255E-01  5.647E-01  5.036E-01
 -3.6487500E+03  9.376E-01  5.858E-01  4.653E-01
 -3.6482500E+03  7.730E-01  4.460E-01  4.768E-01
 -3.6477500E+03  8.512E-01  5.303E-01  4.371E-01
 -3.6472500E+03  8.850E-01  5.383E-01  4.715E-01
 -3.6467500E+03  9.714E-01  5.941E-01  5.251E-01
 -3.6462500E+03  8.040E-01  4.721E-01  4.967E-01
 -3.6457500E+03  8.629E-01  5.284E-01  4.415E-01
 -3.6452500E+03  8.888E-01  5.799E-01  3.665E-01
 -3.6447500E+03  8.069E-01  5.010E-01  4.226E-01
 -3.6442500E+03  9.219E-01  5.758E-01  4.714E-01
 -3.6437500E+03  8.398E-01  5.032E-01  4.816E-01
 -3.6432500E+03  9.086E-01  5.483E-01  4.951E-01
 -3.6427500E+03  9.186E-01  6.206E-01  3.579E-01
 -3.6422500E+03  7.965E-01  4.897E-01  4.270E-01
 -3.6417500E+03  8.606E-01  5.096E-01  4.947E-01
 -3.6412500E+03  8.171E-01  5.068E-01  4.328E-01
 -3.6407500E+03  7.843E-01  4.491E-01  4.922E-01
 -3.6402500E+03  7.617E-01  4.918E-01  3.401E-01
 -3.6397500E+03  7.445E-01  4.315E-01  4.645E-01
 -3.6392500E+03  8.409E-01  5.132E-01  4.509E-01
 -3.6387500E+03  7.452E-01  4.402E-01  4.504E-01
 -3.6382500E+03  7.869E-01  4.948E-01  3.862E-01
 -3.6377500E+03  8.089E-01  4.980E-01  4.056E-01
 -3.6372500E+03  7.931E-01  4.798E-01  4.307E-01
 -3.6367500E+03  7.729E-01  4.342E-01  5.045E-01
 -3.6362500E+03  7.840E-01  4.654E-01  4.472E-01
 -3.6357500E+03  7.680E-01  4.974E-01  3.525E-01
 -3.6352500E+03  7.359E-01  4.313E-01  4.174E-01
 -3.6347500E+03  7.851E-01  4.796E-01  4.215E-01
 -3.6342500E+03  7.511E-01  4.212E-01  4.808E-01
 -3.6337500E+03  7.629E-01  4.601E-01  4.112E-01
 -3.6332500E+03  7.896E-01  4.642E-01  4.965E-01
 -3.6327500E+03  6.791E-01  3.801E-01  4.761E-01
 -3.6322500E+03  6.464E-01  3.818E-01  3.931E-01
 -3.6317500E+03  8.018E-01  5.238E-01  3.284E-01
 -3.6312500E+03  8.002E-01  5.374E-01  3.150E-01
 -3.6307500E+03  7.962E-01  4.881E-01  4.068E-01
 -3.6302500E+03  6.539E-01  3.624E-01  4.529E-01
 -3.6297500E+03  6.751E-01  3.942E-01  4.134E-01
 -3.6292500E+03  7.308E-01  4.857E-01  3.164E-01
 -3.6287500E+03  6.880E-01  4.180E-01  3.561E-01
 -3.6282500E+03  8.313E-01  4.926E-01  4.966E-01
 -3.6277500E+03  7.618E-01  4.642E-01  4.071E-01
 -3.6272500E+03  7.758E-01  4.749E-01  4.235E-01
 -3.6267500E+03  7.351E-01  4.467E-01  3.987E-01
 -3.6262500E+03  7.881E-01  4.791E-01  4.211E-01
 -3.6257500E+03  7.294E-01  4.443E-01  3.961E-01
 -3.6252500E+03  6.738E-01  4.102E-01  3.760E-01
 -3.6247500E+03  7.716E-01  5.210E-01  2.912E-01
 -3.6242500E+03  7.031E-01  4.062E-01  4.388E-01
 -3.6237500E+03  6.571E-01  3.457E-01  4.780E-01
 -3.6232500E+03  7.407E-01  4.406E-01  4.078E-01
 -3.6227500E+03  6.668E-01  4.171E-01  3.254E-01
 -3.6222500E+03  6.928E-01  4.279E-01  3.779E-01
 -3.6217500E+03  6.775E-01  3.946E-01  4.246E-01
 -3.6212500E+03  7.053E-01  4.021E-01  4.544E-01
 -3.6207500E+03  7.537E-01  4.654E-01  3.815E-01
 -3.6202500E+03  6.875E-01  4.535E-01  2.682E-01
 -3.6197500E+03  6.885E-01  4.188E-01  3.592E-01
 -3.6192500E+03  6.387E-01  3.709E-01  3.939E-01
 -3.6187500E+03  6.605E-01  3.749E-01  4.333E-01
 -3.6182500E+03  6.743E-01  4.221E-01  3.325E-01
 -3.6177500E+03  7.063E-01  4.502E-01  3.112E-01
 -3.6172500E+03  6.988E-01  4.881E-01  2.411E-01
 -3.6167500E+03  6.045E-01  3.502E-01  3.707E-01
 -3.6162500E+03  6.247E-01  3.637E-01  3.794E-01
 -3.6157500E+03  6.384E-01  3.743E-01  4.139E-01
 -3.6152500E+03  6.286E-01  3.599E-01  3.932E-01
 -3.6147500E+03  6.038E-01  3.915E-01  2.706E-01
 -3.6142500E+03  6.031E-01  3.991E-01  2.505E-01
 -3.6137500E+03  6.724E-01  4.482E-01  2.730E-01
 -3.6132500E+03  7.150E-01  4.549E-01  3.544E-01
 -3.6127500E+03  6.069E-01  3.291E-01  4.109E-01
 -3.6122500E+03  6.512E-01  3.848E-01  3.701E-01
 -3.6117500E+03  6.259E-01  4.115E-01  2.908E-01
 -3.6112500E+03  6.307E-01  3.717E-01  3.803E-01
 -3.6107500E+03  5.998E-01  3.655E-01  3.182E-01
 -3.6102500E+03  6.048E-01  3.972E-01  2.446E-01
 -3.6097500E+03  5.703E-01  3.759E-01  2.423E-01
 -3.6092500E+03  5.887E-01  3.778E-01  2.898E-01
 -3.6087500E+03  6.005E-01  3.489E-01  3.431E-01
 -3.6082500E+03  6.560E-01  3.961E-01  3.532E-01
 -3.6077500E+03  6.251E-01  3.918E-01  3.142E-01
 -3.6072500E+03  6.189E-01  3.652E-01  3.644E-01
 -3.6067500E+03  6.133E-01  3.553E-01  3.611E-01
 -3.6062500E+03  6.205E-01  3.616E-01  3.794E-01
 -3.6057500E+03  5.865E-01  3.463E-01  3.373E-01
 -3.6052500E+03  6.435E-01  3.617E-01  4.067E-01
 -3.6047500E+03  5.487E-01  3.499E-01  2.559E-01
 -3.6042500E+03  5.693E-01  3.425E-01  3.064E-01
 -3.6037500E+03  6.486E-01  3.818E-01  3.858E-01
 -3.6032500E+03  5.965E-01  3.620E-01  3.265E-01
 -3.6027500E+03  5.222E-01  3.148E-01  3.003E-01
 -3.6022500E+03  4.938E-01  3.176E-01  2.390E-01
 -3.6017500E+03  6.104E-01  3.506E-01  3.877E-01
 -3.6012500E+03  5.401E-01  3.274E-01  2.936E-01
 -3.6007500E+03  5.662E-01  3.464E-01  2.991E-01
 -3.6002500E+03  5.834E-01  3.478E-01  3.352E-01
 -3.5997500E+03  6.024E-01  3.767E-01  2.982E-01
 -3.5992500E+03  6.487E-01  3.917E-01  3.869E-01
 -3.5987500E+03  5.375E-01  3.111E-01  3.540E-01
 -3.5982500E+03  5.813E-01  3.434E-01  3.237E-01
 -3.5977500E+03  5.863E-01  3.997E-01  2.181E-01
 -3.5972500E+03  5.370E-01  3.313E-01  2.832E-01
 -3.5967500E+03  5.528E-01  3.336E-01  3.008E-01
 -3.5962500E+03  5.725E-01  3.426E-01  3.376E-01
 -3.5957500E+03  4.847E-01  2.711E-01  3.483E-01
 -3.5952500E+03  4.893E-01  3.040E-01  2.228E-01
 -3.5947500E+03  5.792E-01  3.555E-01  3.156E-01
 -3.5942500E+03  5.984E-01  3.654E-01  3.252E-01
 -3.5937500E+03  5.072E-01  2.522E-01  4.202E-01
 -3.5932500E+03  5.416E-01  3.235E-01  3.145E-01
 -3.5927500E+03  4.504E-01  2.536E-01  3.052E-01
 -3.5922500E+03  5.087E-01  3.299E-01  2.246E-01
 -3.5917500E+03  4.730E-01  2.698E-01  2.862E-01
 -3.5912500E+03  5.012E-01  3.170E-01  2.567E-01
 -3.5907500E+03  5.254E-01  2.828E-01  3.867E-01
 -3.5902500E+03  5.268E-01  3.277E-01  2.515E-01
 -3.5897500E+03  5.530E-01  3.548E-01  2.655E-01
 -3.5892500E+03  5.288E-01  3.494E-01  2.283E-01
 -3.5887500E+03  5.146E-01  3.299E-01  2.372E-01
 -3.5882500E+03  5.163E-01  3.018E-01  3.133E-01
 -3.5877500E+03  5.117E-01  2.916E-01  3.238E-01
 -3.5872500E+03  4.865E-01  2.777E-01  3.100E-01
 -3.5867500E+03  4.811E-01  3.110E-01  2.262E-01
 -3.5862500E+03  5.302E-01  3.050E-01  3.175E-01
 -3.5857500E+03  5.284E-01  3.064E-01  3.133E-01
 -3.5852500E+03  5.039E-01  2.975E-01  3.216E-01
 -3.5847500E+03  4.350E-01  2.586E-01  2.399E-01
 -3.5842500E+03  4.747E-01  2.919E-01  2.459E-01
 -3.5837500E+03  4.804E-01  3.018E-01  2.314E-01
 -3.5832500E+03  4.717E-01  2.573E-01  3.321E-01
 -3.5827500E+03  5.188E-01  2.964E-01  3.185E-01
 -3.5822500E+03  4.534E-01  2.942E-01  2.023E-01
 -3.5817500E+03  4.499E-01  2.573E-01  2.924E-01
 -3.5812500E+03  4.243E-01  2.676E-01  2.114E-01
 -3.5807500E+03  4.958E-01  3.068E-01  2.572E-01
 -3.5802500E+03  4.463E-01  2.636E-01  2.521E-01
 -3.5797500E+03  4.849E-01  2.970E-01  2.785E-01
 -3.5792500E+03  4.575E-01  2.711E-01  2.965E-01
 -3.5787500E+03  4.974E-01  3.267E-01  2.064E-01
 -3.5782500E+03  3.989E-01  2.413E-01  2.299E-01
 -3.5777500E+03  5.113E-01  3.174E-01  2.664E-01
 -3.5772500E+03  4.394E-01  2.521E-01  2.806E-01
 -3.5767500E+03  3.827E-01  2.609E-01  1.668E-01
 -3.5762500E+03  4.520E-01  2.339E-01  3.170E-01
 -3.5757500E+03  4.759E-01  2.867E-01  2.680E-01
 -3.5752500E+03  4.093E-01  2.628E-01  2.058E-01
 -3.5747500E+03  4.194E-01  2.363E-01  2.685E-01
 -3.5742500E+03  4.387E-01  2.640E-01  2.461E-01
 -3.5737500E+03  4.161E-01  2.714E-01  2.177E-01
 -3.5732500E+03  4.851E-01  3.288E-01  2.178E-01
 -3.5727500E+03  4.714E-01  2.815E-01  2.612E-01
 -3.5722500E+03  4.584E-01  2.554E-01  2.792E-01
 -3.5717500E+03  4.400E-01  2.318E-01  2.964E-01
 -3.5712500E+03  4.062E-01  2.124E-01  3.096E-01
 -3.5707500E+03  4.271E-01  2.582E-01  2.335E-01
 -3.5702500E+03  4.546E-01  2.854E-01  2.204E-01
 -3.5697500E+03  3.879E-01  2.117E-01  2.738E-01
 -3.5692500E+03  4.134E-01  2.441E-01  2.581E-01
 -3.5687500E+03  4.340E-01  2.807E-01  1.807E-01
 -3.5682500E+03  4.146E-01  2.639E-01  2.029E-01
 -3.5677500E+03  3.673E-01  2.400E-01  1.691E-01
 -3.5672500E+03  4.046E-01  2.579E-01  1.881E-01
 -3.5667500E+03  4.784E-01  2.979E-01  2.452E-01
 -3.5662500E+03  4.429E-01  2.565E-01  2.766E-01
 -3.5657500E+03  3.795E-01  2.031E-01  2.722E-01
 -3.5652500E+03  3.759E-01  2.365E-01  1.903E-01
 -3.5647500E+03  4.053E-01  2.366E-01  2.403E-01
 -3.5642500E+03  4.648E-01  2.766E-01  2.700E-01
 -3.5637500E+03  5.189E-01  3.298E-01  2.591E-01
 -3.5632500E+03  4.024E-01  2.431E-01  2.143E-01
 -3.5627500E+03  4.209E-01  2.404E-01  2.750E-01
 -3.5622500E+03  4.256E-01  2.903E-01  1.883E-01
 -3.5617500E+03  3.560E-01  2.232E-01  1.858E-01
 -3.5612500E+03  4.227E-01  2.285E-01  2.837E-01
 -3.5607500E+03  4.526E-01  2.510E-01  2.913E-01
 -3.5602500E+03  4.120E-01  2.469E-01  2.290E-01
 -3.5597500E+03  3.801E-01  2.338E-01  2.018E-01
 -3.5592500E+03  4.687E-01  3.004E-01  2.055E-01
 -3.5587500E+03  3.522E-01  2.016E-01  2.104E-01
 -3.5582500E+03  3.490E-01  2.012E-01  2.269E-01
 -3.5577500E+03  3.480E-01  2.283E-01  1.557E-01
 -3.5572500E+03  3.861E-01  2.350E-01  2.150E-01
 -3.5567500E+03  3.879E-01  2.430E-01  1.951E-01
 -3.5562500E+03  3.513E-01  1.970E-01  2.219E-01
 -3.5557500E+03  3.974E-01  2.117E-01  2.637E-01
 -3.5552500E+03  3.417E-01  1.885E-01  2.351E-01
 -3.5547500E+03  3.960E-01  2.461E-01  1.777E-01
 -3.5542500E+03  3.475E-01  2.246E-01  1.786E-01
 -3.5537500E+03  3.550E-01  1.931E-01  2.364E-01
 -3.5532500E+03  3.926E-01  2.144E-01  2.911E-01
 -3.5527500E+03  3.830E-01  2.255E-01  2.723E-01
 -3.5522500E+03  4.293E-01  3.066E-01  1.321E-01
 -3.5517500E+03  3.753E-01  2.431E-01  1.892E-01
 -3.5512500E+03  3.364E-01  1.894E-01  2.124E-01
 -3.5507500E+03  3.682E-01  2.261E-01  2.008E-01
 -3.5502500E+03  3.703E-01  2.458E-01  1.952E-01
 -3.5497500E+03  3.905E-01  2.470E-01  1.954E-01
 -3.5492500E+03  3.948E-01  2.266E-01  2.305E-01
 -3.5487500E+03  3.971E-01  2.481E-01  1.836E-01
 -3.5482500E+03  3.799E-01  2.184E-01  2.385E-01
 -3.5477500E+03  3.757E-01  2.267E-01  2.006E-01
 -3.5472500E+03  3.506E-01  2.269E-01  1.489E-01
 -3.5467500E+03  3.588E-01  2.210E-01  1.766E-01
 -3.5462500E+03  3.580E-01  2.507E-01  1.269E-01
 -3.5457500E+03  3.743E-01  2.225E-01  2.347E-01
 -3.5452500E+03  3.756E-01  1.879E-01  2.907E-01
 -3.5447500E+03  3.503E-01  2.124E-01  1.978E-01
 -3.5442500E+03  4.082E-01  2.484E-01  2.238E-01
 -3.5437500E+03  3.576E-01  2.093E-01  2.142E-01
 -3.5432500E+03  3.809E-01  2.225E-01  2.215E-01
 -3.5427500E+03  3.178E-01  1.878E-01  1.773E-01
 -3.5422500E+03  2.749E-01  1.475E-01  1.682E-01
 -3.5417500E+03  3.740E-01  2.059E-01  2.663E-01
 -3.5412500E+03  3.103E-01  1.840E-01  1.836E-01
 -3.5407500E+03  3.469E-01  2.220E-01  1.549E-01
 -3.5402500E+03  3.660E-01  2.400E-01  1.592E-01
 -3.5397500E+03  3.388E-01  2.012E-01  2.002E-01
 -3.5392500E+03  3.538E-01  2.364E-01  1.521E-01
 -3.5387500E+03  3.328E-01  2.378E-01  1.248E-01
 -3.5382500E+03  3.224E-01  1.807E-01  2.166E-01
 -3.5377500E+03  3.231E-01  2.029E-01  1.864E-01
 -3.5372500E+03  3.764E-01  2.270E-01  1.874E-01
 -3.5367500E+03  3.178E-01  2.062E-01  1.453E-01
 -3.5362500E+03  3.371E-01  1.915E-01  2.197E-01
 -3.5357500E+03  3.462E-01  1.924E-01  2.236E-01
 -3.5352500E+03  3.225E-01  2.025E-01  1.802E-01
 -3.5347500E+03  2.917E-01  1.854E-01  1.405E-01
 -3.5342500E+03  3.111E-01  1.620E-01  2.346E-01
 -3.5337500E+03  3.426E-01  2.047E-01  1.909E-01
 -3.5332500E+03  3.484E-01  1.915E-01  2.399E-01
 -3.5327500E+03  3.331E-01  2.087E-01  1.583E-01
 -3.5322500E+03  2.891E-01  1.654E-01  1.775E-01
 -3.5317500E+03  3.037E-01  2.045E-01  1.095E-01
 -3.5312500E+03  3.186E-01  2.044E-01  1.535E-01
 -3.5307500E+03  3.058E-01  1.928E-01  1.475E-01
 -3.5302500E+03  3.500E-01  2.098E-01  2.247E-01
 -3.5297500E+03  3.392E-01  2.120E-01  1.668E-01
 -3.5292500E+03  2.694E-01  1.525E-01  1.566E-01
 -3.5287500E+03  2.323E-01  1.629E-01  1.059E-01
 -3.5282500E+03  3.082E-01  1.612E-01  1.944E-01
 -3.5277500E+03  3.321E-01  1.591E-01  2.699E-01
 -3.5272500E+03  3.368E-01  2.133E-01  1.621E-01
 -3.5267500E+03  2.898E-01  1.664E-01  1.652E-01
 -3.5262500E+03  3.296E-01  2.447E-01  1.051E-01
 -3.5257500E+03  2.997E-01  2.142E-01  9.463E-02
 -3.5252500E+03  3.191E-01  1.778E-01  2.008E-01
 -3.5247500E+03  3.123E-01  1.971E-01  1.670E-01
 -3.5242500E+03  3.413E-01  2.146E-01  1.825E-01
 -3.5237500E+03  2.908E-01  1.401E-01  2.342E-01
 -3.5232500E+03  2.893E-01  1.847E-01  1.542E-01
 -3.5227500E+03  3.022E-01  1.913E-01  1.420E-01
 -3.5222500E+03  2.937E-01  1.657E-01  1.663E-01
 -3.5217500E+03  3.118E-01  1.935E-01  1.579E-01
 -3.5212500E+03  3.163E-01  1.764E-01  2.095E-01
 -3.5207500E+03  2.850E-01  1.515E-01  1.841E-01
 -3.5202500E+03  2.838E-01  1.647E-01  1.851E-01
 -3.5197500E+03  2.944E-01  1.635E-01  2.077E-01
 -3.5192500E+03  2.821E-01  1.726E-01  1.392E-01
 -3.5187500E+03  2.574E-01  1.333E-01  1.938E-01
 -3.5182500E+03  3.000E-01  1.816E-01  1.470E-01
 -3.5177500E+03  2.818E-01  1.792E-01  1.246E-01
 -3.5172500E+03  2.730E-01  1.567E-01  1.733E-01
 -3.5167500E+03  2.754E-01  1.538E-01  1.988E-01
 -3.5162500E+03  2.993E-01  1.931E-01  1.438E-01
 -3.5157500E+03  2.700E-01  1.639E-01  1.730E-01
 -3.5152500E+03  2.197E-01  1.305E-01  1.250E-01
 -3.5147500E+03  3.225E-01  1.886E-01  2.028E-01
 -3.5142500E+03  2.508E-01  1.614E-01  1.153E-01
 -3.5137500E+03  2.902E-01  1.862E-01  1.446E-01
 -3.5132500E+03  2.492E-01  1.448E-01  1.648E-01
 -3.5127500E+03  3.101E-01  1.973E-01  1.508E-01
 -3.5122500E+03  2.904E-01  1.813E-01  1.465E-01
 -3.5117500E+03  2.476E-01  1.425E-01  1.665E-01
 -3.5112500E+03  2.591E-01  1.703E-01  1.240E-01
 -3.5107500E+03  2.876E-01  1.775E-01  1.454E-01
 -3.5102500E+03  2.998E-01  1.703E-01  1.971E-01
 -3.5097500E+03  2.445E-01  1.488E-01  1.289E-01
 -3.5092500E+03  2.549E-01  1.408E-01  1.533E-01
 -3.5087500E+03  2.347E-01  1.361E-01  1.284E-01
 -3.5082500E+03  2.616E-01  1.583E-01  1.206E-01
 -3.5077500E+03  2.398E-01  1.526E-01  1.050E-01
 -3.5072500E+03  2.517E-01  1.332E-01  1.770E-01
 -3.5067500E+03  2.992E-01  1.569E-01  2.272E-01
 -3.5062500E+03  2.146E-01  1.064E-01  1.707E-01
 -3.5057500E+03  2.408E-01  1.564E-01  1.136E-01
 -3.5052500E+03  2.924E-01  1.623E-01  1.875E-01
 -3.5047500E+03  2.769E-01  1.675E-01  1.800E-01
 -3.5042500E+03  2.291E-01  1.490E-01  1.143E-01
 -3.5037500E+03  2.610E-01  1.658E-01  1.281E-01
 -3.5032500E+03  2.189E-01  1.221E-01  1.133E-01
 -3.5027500E+03  2.539E-01  1.398E-01  1.553E-01
 -3.5022500E+03  3.209E-01  2.059E-01  1.552E-01
 -3.5017500E+03  2.878E-01  1.674E-01  1.794E-01
 -3.5012500E+03  2.214E-01  1.170E-01  1.513E-01
 -3.5007500E+03  2.477E-01  1.349E-01  1.919E-01
 -3.5002500E+03  2.387E-01  1.641E-01  1.107E-01
 -3.4997500E+03  2.424E-01  1.621E-01  1.191E-01
 -3.4992500E+03  2.798E-01  1.851E-01  1.084E-01
 -3.4987500E+03  2.697E-01  1.449E-01  1.878E-01
 -3.4982500E+03  2.489E-01  1.345E-01  1.839E-01
 -3.4977500E+03  2.371E-01  1.712E-01  5.813E-02
 -3.4972500E+03  2.521E-01  1.755E-01  6.454E-02
 -3.4967500E+03  1.914E-01  1.156E-01  1.036E-01
 -3.4962500E+03  1.954E-01  1.061E-01  1.590E-01
 -3.4957500E+03  2.107E-01  1.376E-01  1.059E-01
 -3.4952500E+03  2.617E-01  1.627E-01  1.412E-01
 -3.4947500E+03  2.600E-01  1.551E-01  1.613E-01
 -3.4942500E+03  2.294E-01  1.301E-01  1.415E-01
 -3.4937500E+03  2.162E-01  1.207E-01  1.497E-01
 -3.4932500E+03  2.537E-01  1.435E-01  1.742E-01
 -3.4927500E+03  2.619E-01  1.646E-01  1.352E-01
 -3.4922500E+03  2.115E-01  8.923E-02  1.872E-01
 -3.4917500E+03  2.170E-01  1.142E-01  1.491E-01
 -3.4912500E+03  2.255E-01  1.502E-01  1.075E-01
 -3.4907500E+03  1.835E-01  9.828E-02  1.196E-01
 -3.4902500E+03  2.377E-01  1.310E-01  1.779E-01
 -3.4897500E+03  2.448E-01  1.260E-01  2.011E-01
 -3.4892500E+03  1.650E-01  1.115E-01  7.619E-02
 -3.4887500E+03  3.060E-01  1.543E-01  1.753E-01
 -3.4882500E+03  2.429E-01  1.476E-01  1.338E-01
 -3.4877500E+03  2.709E-01  1.883E-01  1.024E-01
 -3.4872500E+03  2.178E-01  1.316E-01  1.184E-01
 -3.4867500E+03  2.320E-01  1.496E-01  1.177E-01
 -3.4862500E+03  2.202E-01  1.326E-01  1.282E-01
 -3.4857500E+03  2.327E-01  1.455E-01  1.104E-01
 -3.4852500E+03  2.396E-01  1.486E-01  1.386E-01
 -3.4847500E+03  2.070E-01  1.195E-01  1.314E-01
 -3.4842500E+03  1.830E-01  8.607E-02  1.558E-01
 -3.4837500E+03  2.584E-01  1.650E-01  1.240E-01
 -3.4832500E+03  2.328E-01  1.338E-01  1.347E-01
 -3.4827500E+03  2.242E-01  1.417E-01  9.719E-02
 -3.4822500E+03  1.975E-01  1.400E-01  6.887E-02
 -3.4817500E+03  2.313E-01  1.302E-01  1.569E-01
 -3.4812500E+03  2.105E-01  1.226E-01  1.270E-01
 -3.4807500E+03  1.963E-01  1.067E-01  1.378E-01
 -3.4802500E+03  1.968E-01  1.064E-01  1.294E-01
 -3.4797500E+03  2.182E-01  1.385E-01  1.277E-01
 -3.4792500E+03  1.825E-01  1.211E-01  1.102E-01
 -3.4787500E+03  2.061E-01  1.143E-01  1.305E-01
 -3.4782500E+03  2.148E-01  1.070E-01  1.733E-01
 -3.4777500E+03  2.226E-01  1.305E-01  1.292E-01
 -3.4772500E+03  2.050E-01  1.517E-01  6.636E-02
 -3.4767500E+03  2.634E-01  1.429E-01  1.629E-01
 -3.4762500E+03  2.311E-01  1.333E-01  1.356E-01
 -3.4757500E+03  1.908E-01  1.115E-01  1.112E-01
 -3.4752500E+03  2.092E-01  1.283E-01  1.179E-01
 -3.4747500E+03  1.956E-01  1.190E-01  1.134E-01
 -3.4742500E+03  2.244E-01  1.124E-01  1.903E-01
 -3.4737500E+03  2.400E-01  1.509E-01  1.240E-01
 -3.4732500E+03  1.914E-01  1.186E-01  8.873E-02
 -3.4727500E+03  2.323E-01  1.454E-01  9.432E-02
 -3.4722500E+03  2.530E-01  1.307E-01  1.672E-01
 -3.4717500E+03  2.104E-01  1.158E-01  1.372E-01
 -3.4712500E+03  1.912E-01  1.056E-01  1.275E-01
 -3.4707500E+03  1.726E-01  1.322E-01  3.024E-02
 -3.4702500E+03  2.161E-01  1.431E-01  1.089E-01
 -3.4697500E+03  2.193E-01  1.306E-01  1.406E-01
 -3.4692500E+03  2.446E-01  1.463E-01  1.360E-01
 -3.4687500E+03  1.681E-01  7.975E-02  1.347E-01
 -3.4682500E+03  1.651E-01  1.098E-01  7.267E-02
 -3.4677500E+03  2.045E-01  1.397E-01  9.489E-02
 -3.4672500E+03  2.153E-01  1.435E-01  1.134E-01
 -3.4667500E+03  1.567E-01  9.427E-02  1.012E-01
 -3.4662500E+03  2.127E-01  1.091E-01  1.393E-01
 -3.4657500E+03  1.661E-01  7.990E-02  1.359E-01
 -3.4652500E+03  1.895E-01  8.451E-02  1.655E-01
 -3.4647500E+03  2.145E-01  1.401E-01  1.238E-01
 -3.4642500E+03  2.137E-01  1.374E-01  9.857E-02
 -3.4637500E+03  1.689E-01  7.733E-02  1.543E-01
 -3.4632500E+03  1.469E-01  9.091E-02  9.712E-02
 -3.4627500E+03  1.656E-01  1.004E-01  9.419E-02
 -3.4622500E+03  1.508E-01  8.832E-02  9.588E-02
 -3.4617500E+03  1.979E-01  1.156E-01  1.129E-01
 -3.4612500E+03  2.179E-01  1.339E-01  1.167E-01
 -3.4607500E+03  2.055E-01  1.334E-01  8.695E-02
 -3.4602500E+03  1.701E-01  1.076E-01  7.709E-02
 -3.4597500E+03  1.590E-01  8.580E-02  1.198E-01
 -3.4592500E+03  1.914E-01  1.028E-01  1.640E-01
 -3.4587500E+03  1.565E-01  7.313E-02  1.424E-01
 -3.4582500E+03  1.867E-01  1.134E-01  1.180E-01
 -3.4577500E+03  2.082E-01  1.115E-01  1.231E-01
 -3.4572500E+03  1.665E-01  1.070E-01  6.885E-02
 -3.4567500E+03  1.987E-01  1.317E-01  7.287E-02
 -3.4562500E+03  1.705E-01  8.513E-02  1.247E-01
 -3.4557500E+03  1.742E-01  1.243E-01  7.709E-02
 -3.4552500E+03  1.764E-01  1.306E-01  6.659E-02
 -3.4547500E+03  1.944E-01  1.148E-01  9.672E-02
 -3.4542500E+03  1.828E-01  1.064E-01  9.903E-02
 -3.4537500E+03  1.485E-01  1.180E-01  2.830E-02
 -3.4532500E+03  2.088E-01  1.202E-01  1.146E-01
 -3.4527500E+03  1.758E-01  1.007E-01  1.014E-01
 -3.4522500E+03  1.717E-01  9.782E-02  1.254E-01
 -3.4517500E+03  1.910E-01  1.215E-01  9.860E-02
 -3.4512500E+03  1.522E-01  7.812E-02  1.006E-01
 -3.4507500E+03  1.875E-01  9.329E-02  1.454E-01
 -3.4502500E+03  1.920E-01  9.076E-02  1.580E-01
 -3.4497500E+03  1.949E-01  1.279E-01  6.895E-02
 -3.4492500E+03  2.282E-01  1.409E-01  1.056E-01
 -3.4487500E+03  2.063E-01  1.273E-01  8.931E-02
 -3.4482500E+03  1.954E-01  1.334E-01  6.534E-02
 -3.4477500E+03  1.494E-01  1.106E-01  5.883E-02
 -3.4472500E+03  1.478E-01  8.539E-02  1.065E-01
 -3.4467500E+03  1.879E-01  1.284E-01  9.282E-02
 -3.4462500E+03  1.844E-01  1.050E-01  1.117E-01
 -3.4457500E+03  1.495E-01  7.010E-02  1.131E-01
 -3.4452500E+03  1.948E-01  1.215E-01  9.919E-02
 -3.4447500E+03  2.193E-01  1.410E-01  9.948E-02
 -3.4442500E+03  1.647E-01  9.763E-02  1.042E-01
 -3.4437500E+03  1.698E-01  9.538E-02  1.192E-01
 -3.4432500E+03  1.710E-01  1.081E-01  7.341E-02
 -3.4427500E+03  1.419E-01  8.789E-02  8.312E-02
 -3.4422500E+03  1.541E-01  9.933E-02  1.214E-01
 -3.4417500E+03  1.673E-01  1.172E-01  5.901E-02
 -3.4412500E+03  1.659E-01  1.129E-01  8.169E-02
 -3.4407500E+03  1.623E-01  9.661E-02  9.105E-02
 -3.4402500E+03  1.739E-01  1.030E-01  9.084E-02
 -3.4397500E+03  1.759E-01  9.189E-02  9.898E-02
 -3.4392500E+03  2.212E-01  1.354E-01  1.256E-01
 -3.4387500E+03  1.276E-01  6.008E-02  8.115E-02
 -3.4382500E+03  1.578E-01  7.282E-02  1.392E-01
 -3.4377500E+03  1.433E-01  6.685E-02  1.394E-01
 -3.4372500E+03  1.540E-01  9.434E-02  7.670E-02
 -3.4367500E+03  1.333E-01  8.201E-02  4.667E-02
 -3.4362500E+03  1.932E-01  1.226E-01  1.052E-01
 -3.4357500E+03  1.289E-01  6.481E-02  1.190E-01
 -3.4352500E+03  9.830E-02  7.327E-02  1.800E-02
 -3.4347500E+03  1.386E-01  8.390E-02  7.667E-02
 -3.4342500E+03  1.524E-01  7.238E-02  1.089E-01
 -3.4337500E+03  2.024E-01  1.184E-01  1.123E-01
 -3.4332500E+03  1.689E-01  1.059E-01  1.085E-01
 -3.4327500E+03  1.545E-01  8.999E-02  1.000E-01
 -3.4322500E+03  1.674E-01  8.848E-02  1.073E-01
 -3.4317500E+03  1.299E-01  6.279E-02  8.372E-02
 -3.4312500E+03  1.514E-01  5.551E-02  1.615E-01
 -3.4307500E+03  1.705E-01  1.220E-01  4.393E-02
 -3.4302500E+03  1.732E-01  1.211E-01  5.233E-02
 -3.4297500E+03  1.797E-01  1.221E-01  5.657E-02
 -3.4292500E+03  1.422E-01  5.327E-02  1.376E-01
 -3.4287500E+03  1.365E-01  8.502E-02  8.028E-02
 -3.4282500E+03  1.405E-01  8.256E-02  9.874E-02
 -3.4277500E+03  1.561E-01  8.104E-02  8.761E-02
 -3.4272500E+03  1.602E-01  1.057E-01  8.273E-02
 -3.4267500E+03  1.590E-01  9.206E-02  8.778E-02
 -3.4262500E+03  1.597E-01  1.020E-01  7.607E-02
 -3.4257500E+03  1.292E-01  6.543E-02  8.951E-02
 -3.4252500E+03  1.339E-01  7.957E-02  9.571E-02
 -3.4247500E+03  1.420E-01  9.663E-02  8.015E-02
 -3.4242500E+03  1.939E-01  1.269E-01  1.031E-01
 -3.4237500E+03  1.428E-01  9.113E-02  6.977E-02
 -3.4232500E+03  1.723E-01  1.064E-01  8.103E-02
 -3.4227500E+03  1.935E-01  1.212E-01  1.039E-01
 -3.4222500E+03  1.089E-01  7.460E-02  2.900E-02
 -3.4217500E+03  1.513E-01  8.203E-02  8.686E-02
 -3.4212500E+03  1.440E-01  5.863E-02  1.066E-01
 -3.4207500E+03  1.348E-01  8.044E-02  8.248E-02
 -3.4202500E+03  1.403E-01  1.019E-01  5.840E-02
 -3.4197500E+03  1.627E-01  1.230E-01  3.995E-02
 -3.4192500E+03  1.466E-01  8.100E-02  8.704E-02
 -3.4187500E+03  1.250E-01  7.717E-02  4.980E-02
 -3.4182500E+03  1.009E-01  3.543E-02  9.937E-02
 -3.4177500E+03  1.204E-01  7.336E-02  9.575E-02
 -3.4172500E+03  1.370E-01  6.847E-02  1.166E-01
 -3.4167500E+03  1.427E-01  9.533E-02  6.118E-02
 -3.4162500E+03  1.399E-01  8.673E-02  6.809E-02
 -3.4157500E+03  1.733E-01  1.059E-01  8.606E-02
 -3.4152500E+03  1.391E-01  9.912E-02  3.807E-02
 -3.4147500E+03  1.086E-01  5.901E-02  4.856E-02
 -3.4142500E+03  1.013E-01  5.219E-02  9.110E-02
 -3.4137500E+03  1.053E-01  5.133E-02  1.025E-01
 -3.4132500E+03  1.214E-01  6.193E-02  9.892E-02
 -3.4127500E+03  1.917E-01  1.074E-01  1.082E-01
 -3.4122500E+03  1.407E-01  8.192E-02  8.382E-02
 -3.4117500E+03  1.366E-01  1.046E-01  4.770E-02
 -3.4112500E+03  1.187E-01  8.986E-02  5.335E-02
 -3.4107500E+03  1.338E-01  9.112E-02  5.313E-02
 -3.4102500E+03  9.333E-02  5.566E-02  6.663E-02
 -3.4097500E+03  1.062E-01  6.896E-02  3.986E-02
 -3.4092500E+03  1.567E-01  1.006E-01  7.871E-02
 -3.4087500E+03  2.033E-01  1.290E-01  9.147E-02
 -3.4082500E+03  1.375E-01  8.107E-02  9.035E-02
 -3.4077500E+03  1.151E-01  6.036E-02  1.110E-01
 -3.4072500E+03  1.475E-01  9.499E-02  8.973E-02
 -3.4067500E+03  1.375E-01  8.539E-02  7.024E-02
 -3.4062500E+03  1.509E-01  1.155E-01  4.855E-02
 -3.4057500E+03  1.386E-01  7.208E-02  8.174E-02
 -3.4052500E+03  1.210E-01  7.477E-02  6.127E-02
 -3.4047500E+03  1.390E-01  8.727E-02  5.358E-02
 -3.4042500E+03  1.197E-01  6.204E-02  8.278E-02
 -3.4037500E+03  1.293E-01  7.660E-02  5.298E-02
 -3.4032500E+03  1.238E-01  7.037E-02  6.581E-02
 -3.4027500E+03  1.539E-01  9.226E-02  8.764E-02
 -3.4022500E+03  1.296E-01  7.503E-02  7.417E-02
 -3.4017500E+03  1.489E-01  1.025E-01  5.831E-02
 -3.4012500E+03  1.308E-01  8.423E-02  7.476E-02
 -3.4007500E+03  1.391E-01  8.778E-02  8.632E-02
 -3.4002500E+03  1.109E-01  6.691E-02  4.262E-02
 -3.3997500E+03  1.249E-01  7.749E-02  6.981E-02
 -3.3992500E+03  1.261E-01  8.349E-02  6.227E-02
 -3.3987500E+03  1.181E-01  7.585E-02  7.865E-02
 -3.3982500E+03  1.228E-01  7.346E-02  7.919E-02
 -3.3977500E+03  1.452E-01  9.821E-02  6.498E-02
 -3.3972500E+03  8.616E-02  3.439E-02  1.023E-01
 -3.3967500E+03  1.252E-01  6.751E-02  8.285E-02
 -3.3962500E+03  1.255E-01  8.600E-02  4.945E-02
 -3.3957500E+03  1.263E-01  7.652E-02  7.256E-02
 -3.3952500E+03  1.524E-01  6.839E-02  9.268E-02
 -3.3947500E+03  1.504E-01  9.060E-02  9.251E-02
 -3.3942500E+03  1.046E-01  4.333E-02  9.244E-02
 -3.3937500E+03  1.042E-01  7.076E-02  6.481E-02
 -3.3932500E+03  1.241E-01  8.541E-02  6.336E-02
 -3.3927500E+03  1.158E-01  4.942E-02  9.479E-02
 -3.3922500E+03  1.332E-01  8.512E-02  2.682E-02
 -3.3917500E+03  1.358E-01  8.319E-02  8.865E-02
 -3.3912500E+03  1.459E-01  8.174E-02  9.506E-02
 -3.3907500E+03  1.329E-01  7.439E-02  9.117E-02
 -3.3902500E+03  9.741E-02  5.888E-02  4.637E-02
 -3.3897500E+03  1.438E-01  8.329E-02  9.207E-02
 -3.3892500E+03  1.590E-01  1.090E-01  8.310E-02
 -3.3887500E+03  1.311E-01  3.651E-02  1.216E-01
 -3.3882500E+03  8.234E-02  4.949E-02  4.907E-02
 -3.3877500E+03  1.044E-01  5.365E-02  6.332E-02
 -3.3872500E+03  1.244E-01  7.970E-02  7.779E-02
 -3.3867500E+03  1.065E-01  7.459E-02  6.654E-02
 -3.3862500E+03  9.661E-02  5.152E-02  8.854E-02
 -3.3857500E+03  1.396E-01  7.385E-02  7.497E-02
 -3.3852500E+03  1.397E-01  7.804E-02  8.501E-02
 -3.3847500E+03  1.236E-01  1.140E-01  1.230E-02
 -3.3842500E+03  1.236E-01  8.316E-02  7.084E-02
 -3.3837500E+03  1.120E-01  8.021E-02  3.123E-02
 -3.3832500E+03  1.036E-01  5.887E-02  6.664E-02
 -3.3827500E+03  1.106E-01  6.167E-02  8.809E-02
 -3.3822500E+03  1.244E-01  7.040E-02  8.808E-02
 -3.3817500E+03  1.408E-01  1.015E-01  2.915E-02
 -3.3812500E+03  9.770E-02  5.274E-02  3.987E-02
 -3.3807500E+03  7.876E-02  3.972E-02  4.574E-02
 -3.3802500E+03  1.099E-01  7.122E-02  6.322E-02
 -3.3797500E+03  1.631E-01  8.370E-02  1.060E-01
 -3.3792500E+03  9.526E-02  5.224E-02  9.889E-02
 -3.3787500E+03  1.038E-01  5.312E-02  9.313E-02
 -3.3782500E+03  8.282E-02  6.486E-02  1.624E-02
 -3.3777500E+03  7.036E-02  4.559E-02  2.149E-02
 -3.3772500E+03  9.835E-02  4.951E-02  6.696E-02
 -3.3767500E+03  1.060E-01  4.941E-02  7.691E-02
 -3.3762500E+03  9.918E-02  4.428E-02  7.738E-02
