 -9.9057500E+03 -0.000E+00 -0.000E+00  0.000E+00
 -9.9052500E+03 -0.000E+00 -0.000E+00  0.000E+00
 -9.9047500E+03 -0.000E+00 -0.000E+00  0.000E+00
 -9.9042500E+03 -0.000E+00 -0.000E+00  0.000E+00
 -9.9037500E+03 -0.000E+00 -0.000E+00  0.000E+00
 -9.9032500E+03 -0.000E+00 -0.000E+00  0.000E+00
 -9.9027500E+03 -0.000E+00 -0.000E+00  0.000E+00
 -9.9022500E+03 -0.000E+00 -0.000E+00  0.000E+00
 -9.9017500E+03 -0.000E+00 -0.000E+00  0.000E+00
 -9.9012500E+03 -0.000E+00 -0.000E+00  0.000E+00
 -9.9007500E+03 -0.000E+00 -0.000E+00  0.000E+00
 -9.9002500E+03 -0.000E+00 -0.000E+00  0.000E+00
 -9.8997500E+03 -0.000E+00 -0.000E+00  0.000E+00
 -9.8992500E+03 -0.000E+00 -0.000E+00  0.000E+00
 -9.8987500E+03 -0.000E+00 -0.000E+00  0.000E+00
 -9.8982500E+03 -0.000E+00 -0.000E+00  0.000E+00
 -9.8977500E+03 -0.000E+00 -0.000E+00  0.000E+00
 -9.8972500E+03 -0.000E+00 -0.000E+00  0.000E+00
 -9.8967500E+03 -0.000E+00 -0.000E+00  0.000E+00
 -9.8962500E+03 -0.000E+00 -0.000E+00  0.000E+00
 -9.8957500E+03 -0.000E+00 -0.000E+00  0.000E+00
 -9.8952500E+03 -0.000E+00 -0.000E+00  0.000E+00
 -9.8947500E+03 -0.000E+00 -0.000E+00  0.000E+00
 -9.8942500E+03 -0.000E+00 -0.000E+00  0.000E+00
 -9.8937500E+03 -0.000E+00 -0.000E+00  0.000E+00
 -9.8932500E+03 -0.000E+00 -0.000E+00  0.000E+00
 -9.8927500E+03 -0.000E+00 -0.000E+00  0.000E+00
 -9.8922500E+03 -0.000E+00 -0.000E+00  0.000E+00
 -9.8917500E+03 -0.000E+00 -0.000E+00  0.000E+00
 -9.8912500E+03 -0.000E+00 -0.000E+00  0.000E+00
 -9.8907500E+03 -0.000E+00 -0.000E+00  0.000E+00
 -9.8902500E+03 -0.000E+00 -0.000E+00  0.000E+00
 -9.8897500E+03 -0.000E+00 -0.000E+00  0.000E+00
 -9.8892500E+03 -0.000E+00 -0.000E+00  0.000E+00
 -9.8887500E+03 -0.000E+00 -0.000E+00  0.000E+00
 -9.8882500E+03 -0.000E+00 -0.000E+00  0.000E+00
 -9.8877500E+03 -0.000E+00 -0.000E+00  0.000E+00
 -9.8872500E+03 -0.000E+00 -0.000E+00  0.000E+00
 -9.8867500E+03 -0.000E+00 -0.000E+00  0.000E+00
 -9.8862500E+03 -0.000E+00 -0.000E+00  0.000E+00
 -9.8857500E+03 -0.000E+00 -0.000E+00  0.000E+00
 -9.8852500E+03 -0.000E+00 -0.000E+00  0.000E+00
 -9.8847500E+03 -0.000E+00 -0.000E+00  0.000E+00
 -9.8842500E+03 -0.000E+00 -0.000E+00  0.000E+00
 -9.8837500E+03 -0.000E+00 -0.000E+00  0.000E+00
 -9.8832500E+03 -0.000E+00 -0.000E+00  0.000E+00
 -9.8827500E+03 -0.000E+00 -0.000E+00  0.000E+00
 -9.8822500E+03 -0.000E+00 -0.000E+00  0.000E+00
 -9.8817500E+03 -0.000E+00 -0.000E+00  0.000E+00
 -9.8812500E+03 -0.000E+00 -0.000E+00  0.000E+00
 -9.8807500E+03 -0.000E+00 -0.000E+00  0.000E+00
 -9.8802500E+03 -0.000E+00 -0.000E+00  0.000E+00
 -9.8797500E+03 -0.000E+00 -0.000E+00  0.000E+00
 -9.8792500E+03 -0.000E+00 -0.000E+00  0.000E+00
 -9.8787500E+03 -0.000E+00 -0.000E+00  0.000E+00
 -9.8782500E+03 -0.000E+00 -0.000E+00  0.000E+00
 -9.8777500E+03 -0.000E+00 -0.000E+00  0.000E+00
 -9.8772500E+03 -0.000E+00 -0.000E+00  0.000E+00
 -9.8767500E+03 -0.000E+00 -0.000E+00  0.000E+00
 -9.8762500E+03 -0.000E+00 -0.000E+00  0.000E+00
 -9.8757500E+03 -0.000E+00 -0.000E+00  0.000E+00
 -9.8752500E+03 -0.000E+00 -0.000E+00  0.000E+00
 -9.8747500E+03 -0.000E+00 -0.000E+00  0.000E+00
 -9.8742500E+03 -0.000E+00 -0.000E+00  0.000E+00
 -9.8737500E+03 -0.000E+00 -0.000E+00  0.000E+00
 -9.8732500E+03 -0.000E+00 -0.000E+00  0.000E+00
 -9.8727500E+03 -0.000E+00 -0.000E+00  0.000E+00
 -9.8722500E+03 -0.000E+00 -0.000E+00  0.000E+00
 -9.8717500E+03 -0.000E+00 -0.000E+00  0.000E+00
 -9.8712500E+03 -0.000E+00 -0.000E+00  0.000E+00
 -9.8707500E+03 -0.000E+00 -0.000E+00  0.000E+00
 -9.8702500E+03 -0.000E+00 -0.000E+00  0.000E+00
 -9.8697500E+03 -0.000E+00 -0.000E+00  0.000E+00
 -9.8692500E+03 -0.000E+00 -0.000E+00  0.000E+00
 -9.8687500E+03 -0.000E+00 -0.000E+00  0.000E+00
 -9.8682500E+03 -0.000E+00 -0.000E+00  0.000E+00
 -9.8677500E+03 -0.000E+00 -0.000E+00  0.000E+00
 -9.8672500E+03 -0.000E+00 -0.000E+00  0.000E+00
 -9.8667500E+03 -0.000E+00 -0.000E+00  0.000E+00
 -9.8662500E+03 -0.000E+00 -0.000E+00  0.000E+00
 -9.8657500E+03 -0.000E+00 -0.000E+00  0.000E+00
 -9.8652500E+03 -0.000E+00 -0.000E+00  0.000E+00
 -9.8647500E+03 -0.000E+00 -0.000E+00  0.000E+00
 -9.8642500E+03 -0.000E+00 -0.000E+00  0.000E+00
 -9.8637500E+03 -0.000E+00 -0.000E+00  0.000E+00
 -9.8632500E+03 -0.000E+00 -0.000E+00  0.000E+00
 -9.8627500E+03 -0.000E+00 -0.000E+00  0.000E+00
 -9.8622500E+03 -0.000E+00 -0.000E+00  0.000E+00
 -9.8617500E+03 -0.000E+00 -0.000E+00  0.000E+00
 -9.8612500E+03 -0.000E+00 -0.000E+00  0.000E+00
 -9.8607500E+03 -0.000E+00 -0.000E+00  0.000E+00
 -9.8602500E+03 -0.000E+00 -0.000E+00  0.000E+00
 -9.8597500E+03 -0.000E+00 -0.000E+00  0.000E+00
 -9.8592500E+03 -0.000E+00 -0.000E+00  0.000E+00
 -9.8587500E+03 -0.000E+00 -0.000E+00  0.000E+00
 -9.8582500E+03 -0.000E+00 -0.000E+00  0.000E+00
 -9.8577500E+03 -0.000E+00 -0.000E+00  0.000E+00
 -9.8572500E+03 -0.000E+00 -0.000E+00  0.000E+00
 -9.8567500E+03 -0.000E+00 -0.000E+00  0.000E+00
 -9.8562500E+03 -0.000E+00 -0.000E+00  0.000E+00
 -9.8557500E+03 -0.000E+00 -0.000E+00  0.000E+00
 -9.8552500E+03 -0.000E+00 -0.000E+00  0.000E+00
 -9.8547500E+03 -0.000E+00 -0.000E+00  0.000E+00
 -9.8542500E+03 -0.000E+00 -0.000E+00  0.000E+00
 -9.8537500E+03 -0.000E+00 -0.000E+00  0.000E+00
 -9.8532500E+03 -0.000E+00 -0.000E+00  0.000E+00
 -9.8527500E+03 -0.000E+00 -0.000E+00  0.000E+00
 -9.8522500E+03 -0.000E+00 -0.000E+00  0.000E+00
 -9.8517500E+03 -0.000E+00 -0.000E+00  0.000E+00
 -9.8512500E+03 -0.000E+00 -0.000E+00  0.000E+00
 -9.8507500E+03 -0.000E+00 -0.000E+00  0.000E+00
 -9.8502500E+03 -0.000E+00 -0.000E+00  0.000E+00
 -9.8497500E+03 -0.000E+00 -0.000E+00  0.000E+00
 -9.8492500E+03 -0.000E+00 -0.000E+00  0.000E+00
 -9.8487500E+03 -0.000E+00 -0.000E+00  0.000E+00
 -9.8482500E+03 -0.000E+00 -0.000E+00  0.000E+00
 -9.8477500E+03 -0.000E+00 -0.000E+00  0.000E+00
 -9.8472500E+03 -0.000E+00 -0.000E+00  0.000E+00
 -9.8467500E+03 -0.000E+00 -0.000E+00  0.000E+00
 -9.8462500E+03 -0.000E+00 -0.000E+00  0.000E+00
 -9.8457500E+03 -0.000E+00 -0.000E+00  0.000E+00
 -9.8452500E+03 -0.000E+00 -0.000E+00  0.000E+00
 -9.8447500E+03 -0.000E+00 -0.000E+00  0.000E+00
 -9.8442500E+03 -0.000E+00 -0.000E+00  0.000E+00
 -9.8437500E+03 -0.000E+00 -0.000E+00  0.000E+00
 -9.8432500E+03 -0.000E+00 -0.000E+00  0.000E+00
 -9.8427500E+03 -0.000E+00 -0.000E+00  0.000E+00
 -9.8422500E+03 -0.000E+00 -0.000E+00  0.000E+00
 -9.8417500E+03 -0.000E+00 -0.000E+00  0.000E+00
 -9.8412500E+03 -0.000E+00 -0.000E+00  0.000E+00
 -9.8407500E+03 -0.000E+00 -0.000E+00  0.000E+00
 -9.8402500E+03 -0.000E+00 -0.000E+00  0.000E+00
 -9.8397500E+03 -0.000E+00 -0.000E+00  0.000E+00
 -9.8392500E+03 -0.000E+00 -0.000E+00  0.000E+00
 -9.8387500E+03 -0.000E+00 -0.000E+00  0.000E+00
 -9.8382500E+03 -0.000E+00 -0.000E+00  0.000E+00
 -9.8377500E+03 -0.000E+00 -0.000E+00  0.000E+00
 -9.8372500E+03 -0.000E+00 -0.000E+00  0.000E+00
 -9.8367500E+03 -0.000E+00 -0.000E+00  0.000E+00
 -9.8362500E+03 -0.000E+00 -0.000E+00  0.000E+00
 -9.8357500E+03 -0.000E+00 -0.000E+00  0.000E+00
 -9.8352500E+03 -0.000E+00 -0.000E+00  0.000E+00
 -9.8347500E+03 -0.000E+00 -0.000E+00  0.000E+00
 -9.8342500E+03 -0.000E+00 -0.000E+00  0.000E+00
 -9.8337500E+03 -0.000E+00 -0.000E+00  0.000E+00
 -9.8332500E+03 -0.000E+00 -0.000E+00  0.000E+00
 -9.8327500E+03 -0.000E+00 -0.000E+00  0.000E+00
 -9.8322500E+03 -0.000E+00 -0.000E+00  0.000E+00
 -9.8317500E+03 -0.000E+00 -0.000E+00  0.000E+00
 -9.8312500E+03 -0.000E+00 -0.000E+00  0.000E+00
 -9.8307500E+03 -0.000E+00 -0.000E+00  0.000E+00
 -9.8302500E+03 -0.000E+00 -0.000E+00  0.000E+00
 -9.8297500E+03 -0.000E+00 -0.000E+00  0.000E+00
 -9.8292500E+03 -0.000E+00 -0.000E+00  0.000E+00
 -9.8287500E+03 -0.000E+00 -0.000E+00  0.000E+00
 -9.8282500E+03 -0.000E+00 -0.000E+00  0.000E+00
 -9.8277500E+03 -0.000E+00 -0.000E+00  0.000E+00
 -9.8272500E+03 -0.000E+00 -0.000E+00  0.000E+00
 -9.8267500E+03 -0.000E+00 -0.000E+00  0.000E+00
 -9.8262500E+03 -0.000E+00 -0.000E+00  0.000E+00
 -9.8257500E+03 -0.000E+00 -0.000E+00  0.000E+00
 -9.8252500E+03 -0.000E+00 -0.000E+00  0.000E+00
 -9.8247500E+03 -0.000E+00 -0.000E+00  0.000E+00
 -9.8242500E+03 -0.000E+00 -0.000E+00  0.000E+00
 -9.8237500E+03 -0.000E+00 -0.000E+00  0.000E+00
 -9.8232500E+03 -0.000E+00 -0.000E+00  0.000E+00
 -9.8227500E+03 -0.000E+00 -0.000E+00  0.000E+00
 -9.8222500E+03 -0.000E+00 -0.000E+00  0.000E+00
 -9.8217500E+03 -0.000E+00 -0.000E+00  0.000E+00
 -9.8212500E+03 -0.000E+00 -0.000E+00  0.000E+00
 -9.8207500E+03 -0.000E+00 -0.000E+00  0.000E+00
 -9.8202500E+03 -0.000E+00 -0.000E+00  0.000E+00
 -9.8197500E+03 -0.000E+00 -0.000E+00  0.000E+00
 -9.8192500E+03 -0.000E+00 -0.000E+00  0.000E+00
 -9.8187500E+03 -0.000E+00 -0.000E+00  0.000E+00
 -9.8182500E+03 -0.000E+00 -0.000E+00  0.000E+00
 -9.8177500E+03 -0.000E+00 -0.000E+00  0.000E+00
 -9.8172500E+03 -0.000E+00 -0.000E+00  0.000E+00
 -9.8167500E+03 -0.000E+00 -0.000E+00  0.000E+00
 -9.8162500E+03 -0.000E+00 -0.000E+00  0.000E+00
 -9.8157500E+03 -0.000E+00 -0.000E+00  0.000E+00
 -9.8152500E+03 -0.000E+00 -0.000E+00  0.000E+00
 -9.8147500E+03 -0.000E+00 -0.000E+00  0.000E+00
 -9.8142500E+03 -0.000E+00 -0.000E+00  0.000E+00
 -9.8137500E+03 -0.000E+00 -0.000E+00  0.000E+00
 -9.8132500E+03 -0.000E+00 -0.000E+00  0.000E+00
 -9.8127500E+03 -0.000E+00 -0.000E+00  0.000E+00
 -9.8122500E+03 -0.000E+00 -0.000E+00  0.000E+00
 -9.8117500E+03 -0.000E+00 -0.000E+00  0.000E+00
 -9.8112500E+03 -0.000E+00 -0.000E+00  0.000E+00
 -9.8107500E+03 -0.000E+00 -0.000E+00  0.000E+00
 -9.8102500E+03 -0.000E+00 -0.000E+00  0.000E+00
 -9.8097500E+03 -0.000E+00 -0.000E+00  0.000E+00
 -9.8092500E+03 -0.000E+00 -0.000E+00  0.000E+00
 -9.8087500E+03 -0.000E+00 -0.000E+00  0.000E+00
 -9.8082500E+03 -0.000E+00 -0.000E+00  0.000E+00
 -9.8077500E+03 -0.000E+00 -0.000E+00  0.000E+00
 -9.8072500E+03 -0.000E+00 -0.000E+00  0.000E+00
 -9.8067500E+03 -0.000E+00 -0.000E+00  0.000E+00
 -9.8062500E+03 -0.000E+00 -0.000E+00  0.000E+00
 -9.8057500E+03 -0.000E+00 -0.000E+00  0.000E+00
 -9.8052500E+03 -0.000E+00 -0.000E+00  0.000E+00
 -9.8047500E+03 -0.000E+00 -0.000E+00  0.000E+00
 -9.8042500E+03 -0.000E+00 -0.000E+00  0.000E+00
 -9.8037500E+03 -0.000E+00 -0.000E+00  0.000E+00
 -9.8032500E+03 -0.000E+00 -0.000E+00  0.000E+00
 -9.8027500E+03 -0.000E+00 -0.000E+00  0.000E+00
 -9.8022500E+03 -0.000E+00 -0.000E+00  0.000E+00
 -9.8017500E+03 -0.000E+00 -0.000E+00  0.000E+00
 -9.8012500E+03 -0.000E+00 -0.000E+00  0.000E+00
 -9.8007500E+03 -0.000E+00 -0.000E+00  0.000E+00
 -9.8002500E+03 -0.000E+00 -0.000E+00  0.000E+00
 -9.7997500E+03 -0.000E+00 -0.000E+00  0.000E+00
 -9.7992500E+03 -0.000E+00 -0.000E+00  0.000E+00
 -9.7987500E+03 -0.000E+00 -0.000E+00  0.000E+00
 -9.7982500E+03 -0.000E+00 -0.000E+00  0.000E+00
 -9.7977500E+03 -0.000E+00 -0.000E+00  0.000E+00
 -9.7972500E+03 -0.000E+00 -0.000E+00  0.000E+00
 -9.7967500E+03 -0.000E+00 -0.000E+00  0.000E+00
 -9.7962500E+03 -0.000E+00 -0.000E+00  0.000E+00
 -9.7957500E+03 -0.000E+00 -0.000E+00  0.000E+00
 -9.7952500E+03 -0.000E+00 -0.000E+00  0.000E+00
 -9.7947500E+03 -0.000E+00 -0.000E+00  0.000E+00
 -9.7942500E+03 -0.000E+00 -0.000E+00  0.000E+00
 -9.7937500E+03 -0.000E+00 -0.000E+00  0.000E+00
 -9.7932500E+03 -0.000E+00 -0.000E+00  0.000E+00
 -9.7927500E+03 -0.000E+00 -0.000E+00  0.000E+00
 -9.7922500E+03 -0.000E+00 -0.000E+00  0.000E+00
 -9.7917500E+03 -0.000E+00 -0.000E+00  0.000E+00
 -9.7912500E+03 -0.000E+00 -0.000E+00  0.000E+00
 -9.7907500E+03 -0.000E+00 -0.000E+00  0.000E+00
 -9.7902500E+03 -0.000E+00 -0.000E+00  0.000E+00
 -9.7897500E+03 -0.000E+00 -0.000E+00  0.000E+00
 -9.7892500E+03 -0.000E+00 -0.000E+00  0.000E+00
 -9.7887500E+03 -0.000E+00 -0.000E+00  0.000E+00
 -9.7882500E+03 -0.000E+00 -0.000E+00  0.000E+00
 -9.7877500E+03 -0.000E+00 -0.000E+00  0.000E+00
 -9.7872500E+03 -0.000E+00 -0.000E+00  0.000E+00
 -9.7867500E+03 -0.000E+00 -0.000E+00  0.000E+00
 -9.7862500E+03 -0.000E+00 -0.000E+00  0.000E+00
 -9.7857500E+03 -0.000E+00 -0.000E+00  0.000E+00
 -9.7852500E+03 -0.000E+00 -0.000E+00  0.000E+00
 -9.7847500E+03 -0.000E+00 -0.000E+00  0.000E+00
 -9.7842500E+03 -0.000E+00 -0.000E+00  0.000E+00
 -9.7837500E+03 -0.000E+00 -0.000E+00  0.000E+00
 -9.7832500E+03 -0.000E+00 -0.000E+00  0.000E+00
 -9.7827500E+03 -0.000E+00 -0.000E+00  0.000E+00
 -9.7822500E+03 -0.000E+00 -0.000E+00  0.000E+00
 -9.7817500E+03 -0.000E+00 -0.000E+00  0.000E+00
 -9.7812500E+03 -0.000E+00 -0.000E+00  0.000E+00
 -9.7807500E+03 -0.000E+00 -0.000E+00  0.000E+00
 -9.7802500E+03 -0.000E+00 -0.000E+00  0.000E+00
 -9.7797500E+03 -0.000E+00 -0.000E+00  0.000E+00
 -9.7792500E+03 -0.000E+00 -0.000E+00  0.000E+00
 -9.7787500E+03 -0.000E+00 -0.000E+00  0.000E+00
 -9.7782500E+03 -0.000E+00 -0.000E+00  0.000E+00
 -9.7777500E+03 -0.000E+00 -0.000E+00  0.000E+00
 -9.7772500E+03 -0.000E+00 -0.000E+00  0.000E+00
 -9.7767500E+03 -0.000E+00 -0.000E+00  0.000E+00
 -9.7762500E+03 -0.000E+00 -0.000E+00  0.000E+00
 -9.7757500E+03 -0.000E+00 -0.000E+00  0.000E+00
 -9.7752500E+03 -0.000E+00 -0.000E+00  0.000E+00
 -9.7747500E+03 -0.000E+00 -0.000E+00  0.000E+00
 -9.7742500E+03 -0.000E+00 -0.000E+00  0.000E+00
 -9.7737500E+03 -0.000E+00 -0.000E+00  0.000E+00
 -9.7732500E+03 -0.000E+00 -0.000E+00  0.000E+00
 -9.7727500E+03 -0.000E+00 -0.000E+00  0.000E+00
 -9.7722500E+03 -0.000E+00 -0.000E+00  0.000E+00
 -9.7717500E+03 -0.000E+00 -0.000E+00  0.000E+00
 -9.7712500E+03 -0.000E+00 -0.000E+00  0.000E+00
 -9.7707500E+03 -0.000E+00 -0.000E+00  0.000E+00
 -9.7702500E+03 -0.000E+00 -0.000E+00  0.000E+00
 -9.7697500E+03 -0.000E+00 -0.000E+00  0.000E+00
 -9.7692500E+03 -0.000E+00 -0.000E+00  0.000E+00
 -9.7687500E+03 -0.000E+00 -0.000E+00  0.000E+00
 -9.7682500E+03 -0.000E+00 -0.000E+00  0.000E+00
 -9.7677500E+03 -0.000E+00 -0.000E+00  0.000E+00
 -9.7672500E+03 -0.000E+00 -0.000E+00  0.000E+00
 -9.7667500E+03 -0.000E+00 -0.000E+00  0.000E+00
 -9.7662500E+03 -0.000E+00 -0.000E+00  0.000E+00
 -9.7657500E+03 -0.000E+00 -0.000E+00  0.000E+00
 -9.7652500E+03 -0.000E+00 -0.000E+00  0.000E+00
 -9.7647500E+03 -0.000E+00 -0.000E+00  0.000E+00
 -9.7642500E+03 -0.000E+00 -0.000E+00  0.000E+00
 -9.7637500E+03 -0.000E+00 -0.000E+00  0.000E+00
 -9.7632500E+03 -0.000E+00 -0.000E+00  0.000E+00
 -9.7627500E+03 -0.000E+00 -0.000E+00  0.000E+00
 -9.7622500E+03 -0.000E+00 -0.000E+00  0.000E+00
 -9.7617500E+03 -0.000E+00 -0.000E+00  0.000E+00
 -9.7612500E+03 -0.000E+00 -0.000E+00  0.000E+00
 -9.7607500E+03 -0.000E+00 -0.000E+00  0.000E+00
 -9.7602500E+03 -0.000E+00 -0.000E+00  0.000E+00
 -9.7597500E+03 -0.000E+00 -0.000E+00  0.000E+00
 -9.7592500E+03 -0.000E+00 -0.000E+00  0.000E+00
 -9.7587500E+03 -0.000E+00 -0.000E+00  0.000E+00
 -9.7582500E+03 -0.000E+00 -0.000E+00  0.000E+00
 -9.7577500E+03 -0.000E+00 -0.000E+00  0.000E+00
 -9.7572500E+03 -0.000E+00 -0.000E+00  0.000E+00
 -9.7567500E+03 -0.000E+00 -0.000E+00  0.000E+00
 -9.7562500E+03 -0.000E+00 -0.000E+00  0.000E+00
 -9.7557500E+03 -0.000E+00 -0.000E+00  0.000E+00
 -9.7552500E+03 -0.000E+00 -0.000E+00  0.000E+00
 -9.7547500E+03 -0.000E+00 -0.000E+00  0.000E+00
 -9.7542500E+03 -0.000E+00 -0.000E+00  0.000E+00
 -9.7537500E+03 -0.000E+00 -0.000E+00  0.000E+00
 -9.7532500E+03 -0.000E+00 -0.000E+00  0.000E+00
 -9.7527500E+03 -0.000E+00 -0.000E+00  0.000E+00
 -9.7522500E+03 -0.000E+00 -0.000E+00  0.000E+00
 -9.7517500E+03 -0.000E+00 -0.000E+00  0.000E+00
 -9.7512500E+03 -0.000E+00 -0.000E+00  0.000E+00
 -9.7507500E+03 -0.000E+00 -0.000E+00  0.000E+00
 -9.7502500E+03 -0.000E+00 -0.000E+00  0.000E+00
 -9.7497500E+03 -0.000E+00 -0.000E+00  0.000E+00
 -9.7492500E+03 -3.505E-05 -3.361E-05  1.531E-05
 -9.7487500E+03 -6.989E-05 -2.591E-05 -7.501E-05
 -9.7482500E+03 -3.740E-05 -3.859E-06 -6.520E-05
 -9.7477500E+03 -1.094E-04 -8.299E-05 -7.028E-06
 -9.7472500E+03  9.371E-05  3.144E-05  1.101E-04
 -9.7467500E+03 -1.979E-05  8.433E-06 -6.984E-05
 -9.7462500E+03  1.817E-04  1.432E-04 -5.359E-06
 -9.7457500E+03 -6.172E-04 -4.016E-04 -2.496E-04
 -9.7452500E+03 -4.198E-05  2.251E-04 -7.077E-04
 -9.7447500E+03 -8.388E-04 -4.463E-04 -6.305E-04
 -9.7442500E+03 -2.007E-04 -3.378E-04  4.670E-04
 -9.7437500E+03  1.827E-04  1.567E-04 -4.924E-05
 -9.7432500E+03  2.212E-04  2.136E-04 -1.227E-04
 -9.7427500E+03  1.904E-04  2.359E-04 -2.869E-04
 -9.7422500E+03  9.794E-04  4.024E-04  1.013E-03
 -9.7417500E+03 -5.108E-04 -7.659E-05 -9.427E-04
 -9.7412500E+03  1.438E-04  4.084E-04 -8.678E-04
 -9.7407500E+03 -1.378E-03 -1.125E-04 -2.852E-03
 -9.7402500E+03  1.076E-02  8.104E-03 -1.928E-03
 -9.7397500E+03  4.981E-02  4.655E-02 -3.336E-02
 -9.7392500E+03 -6.972E-02 -4.719E-02 -9.672E-03
 -9.7387500E+03 -5.147E-02 -3.681E-02 -6.345E-03
 -9.7382500E+03 -5.172E-02 -3.062E-02 -2.568E-02
 -9.7377500E+03 -6.987E-02 -4.665E-02 -1.830E-02
 -9.7372500E+03 -1.857E-02 -9.320E-03 -1.757E-02
 -9.7367500E+03 -6.142E-02 -3.241E-02 -4.412E-02
 -9.7362500E+03 -7.891E-02 -5.419E-02 -2.153E-02
 -9.7357500E+03 -1.661E-01 -1.009E-01 -8.032E-02
 -9.7352500E+03 -3.009E-01 -2.029E-01 -8.946E-02
 -9.7347500E+03 -4.177E-01 -2.284E-01 -2.686E-01
 -9.7342500E+03 -7.210E-01 -5.027E-01 -1.658E-01
 -9.7337500E+03 -1.171E+00 -7.427E-01 -4.750E-01
 -9.7332500E+03 -1.615E+00 -1.078E+00 -5.000E-01
 -9.7327500E+03 -2.413E+00 -1.515E+00 -1.007E+00
 -9.7322500E+03 -3.369E+00 -2.081E+00 -1.493E+00
 -9.7317500E+03 -4.297E+00 -2.715E+00 -1.735E+00
 -9.7312500E+03 -5.412E+00 -3.341E+00 -2.394E+00
 -9.7307500E+03 -6.923E+00 -4.112E+00 -3.502E+00
 -9.7302500E+03 -8.353E+00 -5.186E+00 -3.596E+00
 -9.7297500E+03 -1.067E+01 -6.416E+00 -5.142E+00
 -9.7292500E+03 -1.174E+01 -7.098E+00 -5.544E+00
 -9.7287500E+03 -1.349E+01 -8.132E+00 -6.404E+00
 -9.7282500E+03 -1.570E+01 -9.268E+00 -7.963E+00
 -9.7277500E+03 -1.688E+01 -1.006E+01 -8.274E+00
 -9.7272500E+03 -1.808E+01 -1.075E+01 -8.934E+00
 -9.7267500E+03 -1.810E+01 -1.059E+01 -9.368E+00
 -9.7262500E+03 -2.011E+01 -1.200E+01 -9.749E+00
 -9.7257500E+03 -2.087E+01 -1.222E+01 -1.071E+01
 -9.7252500E+03 -2.110E+01 -1.241E+01 -1.066E+01
 -9.7247500E+03 -2.145E+01 -1.265E+01 -1.070E+01
 -9.7242500E+03 -2.212E+01 -1.291E+01 -1.139E+01
 -9.7237500E+03 -2.153E+01 -1.290E+01 -1.015E+01
 -9.7232500E+03 -2.144E+01 -1.237E+01 -1.135E+01
 -9.7227500E+03 -2.055E+01 -1.204E+01 -1.036E+01
 -9.7222500E+03 -2.048E+01 -1.213E+01 -9.948E+00
 -9.7217500E+03 -1.944E+01 -1.125E+01 -1.010E+01
 -9.7212500E+03 -1.893E+01 -1.106E+01 -9.538E+00
 -9.7207500E+03 -1.761E+01 -9.899E+00 -9.883E+00
 -9.7202500E+03 -1.716E+01 -9.912E+00 -8.909E+00
 -9.7197500E+03 -1.604E+01 -9.357E+00 -8.064E+00
 -9.7192500E+03 -1.491E+01 -8.369E+00 -8.342E+00
 -9.7187500E+03 -1.366E+01 -7.899E+00 -7.002E+00
 -9.7182500E+03 -1.237E+01 -7.291E+00 -5.968E+00
 -9.7177500E+03 -1.183E+01 -6.962E+00 -5.701E+00
 -9.7172500E+03 -1.050E+01 -5.888E+00 -5.835E+00
 -9.7167500E+03 -9.628E+00 -5.482E+00 -5.116E+00
 -9.7162500E+03 -8.874E+00 -5.096E+00 -4.574E+00
 -9.7157500E+03 -8.172E+00 -4.699E+00 -4.198E+00
 -9.7152500E+03 -7.786E+00 -4.744E+00 -3.280E+00
 -9.7147500E+03 -6.622E+00 -3.657E+00 -3.759E+00
 -9.7142500E+03 -5.087E+00 -2.859E+00 -2.734E+00
 -9.7137500E+03 -5.050E+00 -2.665E+00 -3.175E+00
 -9.7132500E+03 -4.083E+00 -2.092E+00 -2.725E+00
 -9.7127500E+03 -3.382E+00 -1.628E+00 -2.509E+00
 -9.7122500E+03 -3.036E+00 -1.739E+00 -1.517E+00
 -9.7117500E+03 -2.291E+00 -1.365E+00 -9.869E-01
 -9.7112500E+03 -1.684E+00 -8.331E-01 -1.141E+00
 -9.7107500E+03 -1.627E+00 -8.891E-01 -8.883E-01
 -9.7102500E+03 -1.219E+00 -7.556E-01 -4.259E-01
 -9.7097500E+03 -4.641E-01 -2.653E-02 -8.049E-01
 -9.7092500E+03 -4.936E-02 -1.652E-01  4.011E-01
 -9.7087500E+03  2.787E-02  9.463E-02 -1.254E-01
 -9.7082500E+03  2.139E-02 -3.176E-02  1.889E-01
 -9.7077500E+03  6.279E-01  5.216E-01 -5.327E-02
 -9.7072500E+03  5.468E-01  3.027E-01  3.651E-01
 -9.7067500E+03  5.984E-01  4.687E-01  4.225E-02
 -9.7062500E+03  1.047E+00  8.076E-01  5.197E-02
 -9.7057500E+03  9.690E-01  4.512E-01  8.191E-01
 -9.7052500E+03  1.431E+00  1.052E+00  1.860E-01
 -9.7047500E+03  1.650E+00  1.156E+00  3.475E-01
 -9.7042500E+03  1.760E+00  1.241E+00  3.599E-01
 -9.7037500E+03  1.549E+00  8.942E-01  8.388E-01
 -9.7032500E+03  1.531E+00  1.036E+00  4.339E-01
 -9.7027500E+03  1.313E+00  7.564E-01  7.175E-01
 -9.7022500E+03  1.827E+00  9.396E-01  1.269E+00
 -9.7017500E+03  1.547E+00  1.015E+00  4.993E-01
 -9.7012500E+03  1.965E+00  1.098E+00  1.130E+00
 -9.7007500E+03  2.053E+00  1.254E+00  9.026E-01
 -9.7002500E+03  1.893E+00  1.199E+00  7.308E-01
 -9.6997500E+03  2.226E+00  1.492E+00  6.338E-01
 -9.6992500E+03  2.548E+00  1.423E+00  1.436E+00
 -9.6987500E+03  2.341E+00  1.398E+00  1.115E+00
 -9.6982500E+03  2.163E+00  1.377E+00  7.993E-01
 -9.6977500E+03  2.138E+00  1.237E+00  1.118E+00
 -9.6972500E+03  2.169E+00  1.371E+00  8.157E-01
 -9.6967500E+03  2.499E+00  1.564E+00  9.703E-01
 -9.6962500E+03  2.521E+00  1.648E+00  8.011E-01
 -9.6957500E+03  1.956E+00  1.278E+00  6.251E-01
 -9.6952500E+03  2.132E+00  1.236E+00  1.087E+00
 -9.6947500E+03  2.337E+00  1.386E+00  1.101E+00
 -9.6942500E+03  2.260E+00  1.407E+00  8.958E-01
 -9.6937500E+03  2.189E+00  1.319E+00  1.004E+00
 -9.6932500E+03  1.977E+00  1.085E+00  1.188E+00
 -9.6927500E+03  2.356E+00  1.542E+00  7.416E-01
 -9.6922500E+03  2.351E+00  1.561E+00  6.931E-01
 -9.6917500E+03  2.626E+00  1.555E+00  1.237E+00
 -9.6912500E+03  2.506E+00  1.419E+00  1.368E+00
 -9.6907500E+03  1.993E+00  1.219E+00  8.594E-01
 -9.6902500E+03  2.154E+00  1.274E+00  1.044E+00
 -9.6897500E+03  2.133E+00  1.187E+00  1.220E+00
 -9.6892500E+03  2.094E+00  1.228E+00  1.032E+00
 -9.6887500E+03  2.251E+00  1.469E+00  7.289E-01
 -9.6882500E+03  2.346E+00  1.339E+00  1.248E+00
 -9.6877500E+03  2.456E+00  1.450E+00  1.190E+00
 -9.6872500E+03  2.512E+00  1.444E+00  1.312E+00
 -9.6867500E+03  2.112E+00  1.191E+00  1.159E+00
 -9.6862500E+03  2.133E+00  1.299E+00  9.375E-01
 -9.6857500E+03  2.120E+00  1.357E+00  7.653E-01
 -9.6852500E+03  2.228E+00  1.207E+00  1.365E+00
 -9.6847500E+03  2.141E+00  1.190E+00  1.225E+00
 -9.6842500E+03  2.440E+00  1.435E+00  1.192E+00
 -9.6837500E+03  2.064E+00  1.325E+00  7.125E-01
 -9.6832500E+03  2.205E+00  1.324E+00  9.939E-01
 -9.6827500E+03  2.017E+00  1.224E+00  8.929E-01
 -9.6822500E+03  2.033E+00  1.237E+00  8.955E-01
 -9.6817500E+03  2.114E+00  1.287E+00  9.168E-01
 -9.6812500E+03  1.992E+00  1.107E+00  1.145E+00
 -9.6807500E+03  2.158E+00  1.282E+00  1.002E+00
 -9.6802500E+03  1.965E+00  1.208E+00  8.201E-01
 -9.6797500E+03  1.999E+00  1.186E+00  9.523E-01
 -9.6792500E+03  2.033E+00  1.186E+00  1.009E+00
 -9.6787500E+03  2.121E+00  1.233E+00  1.068E+00
 -9.6782500E+03  2.023E+00  1.266E+00  7.974E-01
 -9.6777500E+03  1.751E+00  1.069E+00  7.544E-01
 -9.6772500E+03  1.949E+00  1.102E+00  1.068E+00
 -9.6767500E+03  2.183E+00  1.240E+00  1.181E+00
 -9.6762500E+03  2.012E+00  1.241E+00  8.255E-01
 -9.6757500E+03  1.996E+00  1.160E+00  1.022E+00
 -9.6752500E+03  1.990E+00  1.130E+00  1.074E+00
 -9.6747500E+03  2.101E+00  1.226E+00  1.060E+00
 -9.6742500E+03  1.868E+00  1.176E+00  7.194E-01
 -9.6737500E+03  1.881E+00  1.121E+00  8.779E-01
 -9.6732500E+03  2.026E+00  1.165E+00  1.050E+00
 -9.6727500E+03  1.943E+00  1.195E+00  8.178E-01
 -9.6722500E+03  1.931E+00  1.197E+00  7.836E-01
 -9.6717500E+03  1.925E+00  1.094E+00  1.038E+00
 -9.6712500E+03  1.984E+00  1.114E+00  1.102E+00
 -9.6707500E+03  1.806E+00  1.060E+00  8.798E-01
 -9.6702500E+03  1.823E+00  1.091E+00  8.408E-01
 -9.6697500E+03  1.676E+00  1.019E+00  7.351E-01
 -9.6692500E+03  1.793E+00  1.028E+00  9.481E-01
 -9.6687500E+03  1.773E+00  1.111E+00  7.007E-01
 -9.6682500E+03  1.909E+00  1.243E+00  6.139E-01
 -9.6677500E+03  1.676E+00  9.756E-01  8.400E-01
 -9.6672500E+03  1.941E+00  1.103E+00  1.051E+00
 -9.6667500E+03  1.626E+00  8.944E-01  9.608E-01
 -9.6662500E+03  1.851E+00  1.110E+00  8.548E-01
 -9.6657500E+03  1.822E+00  1.097E+00  8.249E-01
 -9.6652500E+03  1.538E+00  8.976E-01  7.750E-01
 -9.6647500E+03  1.809E+00  1.070E+00  8.587E-01
 -9.6642500E+03  1.582E+00  9.017E-01  8.409E-01
 -9.6637500E+03  1.781E+00  1.056E+00  8.458E-01
 -9.6632500E+03  1.544E+00  8.312E-01  9.712E-01
 -9.6627500E+03  1.665E+00  9.307E-01  9.421E-01
 -9.6622500E+03  1.860E+00  1.137E+00  8.034E-01
 -9.6617500E+03  1.664E+00  9.397E-01  9.100E-01
 -9.6612500E+03  1.534E+00  8.887E-01  7.780E-01
 -9.6607500E+03  1.575E+00  9.534E-01  6.949E-01
 -9.6602500E+03  1.649E+00  9.756E-01  7.942E-01
 -9.6597500E+03  1.653E+00  9.491E-01  8.712E-01
 -9.6592500E+03  1.466E+00  9.229E-01  5.649E-01
 -9.6587500E+03  1.593E+00  9.062E-01  8.572E-01
 -9.6582500E+03  1.450E+00  8.265E-01  7.728E-01
 -9.6577500E+03  1.514E+00  8.450E-01  8.586E-01
 -9.6572500E+03  1.594E+00  9.926E-01  6.424E-01
 -9.6567500E+03  1.574E+00  8.487E-01  9.755E-01
 -9.6562500E+03  1.527E+00  9.388E-01  6.403E-01
 -9.6557500E+03  1.642E+00  9.388E-01  8.639E-01
 -9.6552500E+03  1.518E+00  8.958E-01  7.430E-01
 -9.6547500E+03  1.465E+00  8.593E-01  7.318E-01
 -9.6542500E+03  1.409E+00  8.158E-01  7.333E-01
 -9.6537500E+03  1.532E+00  9.027E-01  7.532E-01
 -9.6532500E+03  1.665E+00  1.009E+00  7.295E-01
 -9.6527500E+03  1.421E+00  8.288E-01  7.209E-01
 -9.6522500E+03  1.468E+00  8.282E-01  8.047E-01
 -9.6517500E+03  1.429E+00  8.081E-01  7.890E-01
 -9.6512500E+03  1.596E+00  9.505E-01  7.422E-01
 -9.6507500E+03  1.522E+00  8.645E-01  8.217E-01
 -9.6502500E+03  1.526E+00  9.313E-01  6.602E-01
 -9.6497500E+03  1.523E+00  8.996E-01  7.239E-01
 -9.6492500E+03  1.597E+00  9.153E-01  8.476E-01
 -9.6487500E+03  1.381E+00  7.735E-01  7.816E-01
 -9.6482500E+03  1.284E+00  7.843E-01  5.391E-01
 -9.6477500E+03  1.534E+00  9.477E-01  6.332E-01
 -9.6472500E+03  1.292E+00  7.011E-01  7.911E-01
 -9.6467500E+03  1.324E+00  7.470E-01  7.247E-01
 -9.6462500E+03  1.316E+00  7.162E-01  7.896E-01
 -9.6457500E+03  1.238E+00  7.255E-01  6.165E-01
 -9.6452500E+03  1.231E+00  7.541E-01  5.449E-01
 -9.6447500E+03  1.166E+00  6.658E-01  6.198E-01
 -9.6442500E+03  1.470E+00  8.611E-01  7.270E-01
 -9.6437500E+03  1.323E+00  7.495E-01  7.209E-01
 -9.6432500E+03  1.458E+00  8.817E-01  6.527E-01
 -9.6427500E+03  1.385E+00  7.613E-01  8.042E-01
 -9.6422500E+03  1.304E+00  7.640E-01  6.452E-01
 -9.6417500E+03  1.471E+00  9.395E-01  5.316E-01
 -9.6412500E+03  1.381E+00  7.349E-01  8.653E-01
 -9.6407500E+03  1.322E+00  8.163E-01  5.574E-01
 -9.6402500E+03  1.219E+00  6.933E-01  6.659E-01
 -9.6397500E+03  1.242E+00  7.527E-01  5.695E-01
 -9.6392500E+03  1.369E+00  7.786E-01  7.393E-01
 -9.6387500E+03  1.234E+00  6.696E-01  7.403E-01
 -9.6382500E+03  1.293E+00  7.628E-01  6.313E-01
 -9.6377500E+03  1.340E+00  7.943E-01  6.383E-01
 -9.6372500E+03  1.323E+00  7.949E-01  6.070E-01
 -9.6367500E+03  1.205E+00  6.720E-01  6.839E-01
 -9.6362500E+03  1.175E+00  6.881E-01  5.815E-01
 -9.6357500E+03  1.306E+00  7.827E-01  5.976E-01
 -9.6352500E+03  1.225E+00  7.148E-01  6.135E-01
 -9.6347500E+03  1.061E+00  6.184E-01  5.507E-01
 -9.6342500E+03  1.032E+00  6.140E-01  4.991E-01
 -9.6337500E+03  1.207E+00  6.464E-01  7.574E-01
 -9.6332500E+03  1.218E+00  7.294E-01  5.765E-01
 -9.6327500E+03  1.225E+00  7.438E-01  5.346E-01
 -9.6322500E+03  1.181E+00  6.659E-01  6.544E-01
 -9.6317500E+03  1.303E+00  7.438E-01  6.996E-01
 -9.6312500E+03  1.212E+00  6.854E-01  6.573E-01
 -9.6307500E+03  1.194E+00  7.079E-01  5.660E-01
 -9.6302500E+03  1.212E+00  7.903E-01  3.876E-01
 -9.6297500E+03  1.195E+00  6.888E-01  6.256E-01
 -9.6292500E+03  1.092E+00  6.252E-01  5.978E-01
 -9.6287500E+03  1.162E+00  6.021E-01  7.880E-01
 -9.6282500E+03  1.114E+00  6.355E-01  5.984E-01
 -9.6277500E+03  1.296E+00  8.029E-01  5.266E-01
 -9.6272500E+03  1.135E+00  6.760E-01  5.343E-01
 -9.6267500E+03  1.023E+00  5.540E-01  6.361E-01
 -9.6262500E+03  9.819E-01  5.327E-01  6.056E-01
 -9.6257500E+03  1.140E+00  6.420E-01  6.416E-01
 -9.6252500E+03  1.140E+00  6.271E-01  6.546E-01
 -9.6247500E+03  1.229E+00  7.088E-01  6.520E-01
 -9.6242500E+03  9.091E-01  5.639E-01  3.701E-01
 -9.6237500E+03  1.048E+00  6.130E-01  5.335E-01
 -9.6232500E+03  1.087E+00  6.042E-01  6.267E-01
 -9.6227500E+03  1.060E+00  6.081E-01  5.730E-01
 -9.6222500E+03  1.078E+00  6.503E-01  4.888E-01
 -9.6217500E+03  9.661E-01  5.810E-01  4.433E-01
 -9.6212500E+03  1.142E+00  6.903E-01  5.016E-01
 -9.6207500E+03  1.079E+00  6.111E-01  5.934E-01
 -9.6202500E+03  1.004E+00  6.199E-01  4.350E-01
 -9.6197500E+03  1.001E+00  5.430E-01  5.926E-01
 -9.6192500E+03  1.018E+00  5.711E-01  5.723E-01
 -9.6187500E+03  9.673E-01  5.561E-01  5.066E-01
 -9.6182500E+03  1.077E+00  6.494E-01  4.971E-01
 -9.6177500E+03  1.087E+00  6.609E-01  4.980E-01
 -9.6172500E+03  1.054E+00  6.124E-01  5.246E-01
 -9.6167500E+03  9.847E-01  5.161E-01  6.362E-01
 -9.6162500E+03  1.005E+00  5.762E-01  5.257E-01
 -9.6157500E+03  9.498E-01  5.526E-01  4.971E-01
 -9.6152500E+03  1.031E+00  6.208E-01  4.624E-01
 -9.6147500E+03  1.051E+00  6.039E-01  5.287E-01
 -9.6142500E+03  9.172E-01  5.243E-01  4.801E-01
 -9.6137500E+03  9.947E-01  5.963E-01  4.617E-01
 -9.6132500E+03  9.420E-01  5.690E-01  4.256E-01
 -9.6127500E+03  9.053E-01  4.816E-01  5.784E-01
 -9.6122500E+03  9.756E-01  5.550E-01  5.334E-01
 -9.6117500E+03  1.045E+00  6.498E-01  4.221E-01
 -9.6112500E+03  9.464E-01  5.884E-01  3.860E-01
 -9.6107500E+03  8.552E-01  4.994E-01  4.457E-01
 -9.6102500E+03  9.492E-01  5.053E-01  6.024E-01
 -9.6097500E+03  1.042E+00  5.733E-01  6.058E-01
 -9.6092500E+03  8.798E-01  5.056E-01  4.652E-01
 -9.6087500E+03  8.625E-01  6.029E-01  1.933E-01
 -9.6082500E+03  8.388E-01  4.939E-01  4.060E-01
 -9.6077500E+03  9.211E-01  5.179E-01  5.141E-01
 -9.6072500E+03  9.214E-01  5.330E-01  4.769E-01
 -9.6067500E+03  1.054E+00  5.907E-01  5.845E-01
 -9.6062500E+03  9.058E-01  4.960E-01  5.328E-01
 -9.6057500E+03  8.832E-01  5.238E-01  4.246E-01
 -9.6052500E+03  8.969E-01  4.747E-01  5.734E-01
 -9.6047500E+03  8.777E-01  4.748E-01  5.455E-01
 -9.6042500E+03  8.627E-01  4.593E-01  5.750E-01
 -9.6037500E+03  8.362E-01  5.165E-01  3.537E-01
 -9.6032500E+03  9.087E-01  5.518E-01  3.968E-01
 -9.6027500E+03  9.407E-01  4.992E-01  5.890E-01
 -9.6022500E+03  9.635E-01  6.100E-01  3.653E-01
 -9.6017500E+03  8.386E-01  5.026E-01  3.971E-01
 -9.6012500E+03  9.452E-01  5.770E-01  4.064E-01
 -9.6007500E+03  8.726E-01  5.114E-01  4.342E-01
 -9.6002500E+03  7.896E-01  4.875E-01  3.229E-01
 -9.5997500E+03  7.309E-01  3.798E-01  4.967E-01
 -9.5992500E+03  7.614E-01  4.394E-01  3.965E-01
 -9.5987500E+03  8.126E-01  4.699E-01  4.282E-01
 -9.5982500E+03  8.030E-01  4.312E-01  5.074E-01
 -9.5977500E+03  6.833E-01  3.883E-01  3.667E-01
 -9.5972500E+03  7.507E-01  4.648E-01  3.152E-01
 -9.5967500E+03  8.619E-01  4.686E-01  5.369E-01
 -9.5962500E+03  8.011E-01  4.849E-01  3.567E-01
 -9.5957500E+03  9.231E-01  5.616E-01  3.920E-01
 -9.5952500E+03  8.319E-01  4.537E-01  5.070E-01
 -9.5947500E+03  7.230E-01  4.409E-01  3.238E-01
 -9.5942500E+03  7.991E-01  4.659E-01  4.308E-01
 -9.5937500E+03  7.872E-01  4.388E-01  4.595E-01
 -9.5932500E+03  7.892E-01  4.733E-01  3.572E-01
 -9.5927500E+03  8.106E-01  4.378E-01  5.131E-01
 -9.5922500E+03  7.907E-01  4.085E-01  5.324E-01
 -9.5917500E+03  9.103E-01  5.585E-01  3.868E-01
 -9.5912500E+03  8.304E-01  4.893E-01  4.239E-01
 -9.5907500E+03  7.877E-01  4.380E-01  4.430E-01
 -9.5902500E+03  6.905E-01  3.957E-01  3.541E-01
 -9.5897500E+03  7.366E-01  4.425E-01  3.396E-01
 -9.5892500E+03  7.628E-01  4.709E-01  3.219E-01
 -9.5887500E+03  7.136E-01  4.033E-01  3.978E-01
 -9.5882500E+03  7.234E-01  4.364E-01  3.317E-01
 -9.5877500E+03  7.872E-01  4.518E-01  4.272E-01
 -9.5872500E+03  8.443E-01  5.098E-01  3.762E-01
 -9.5867500E+03  7.890E-01  4.458E-01  4.236E-01
 -9.5862500E+03  7.241E-01  4.358E-01  3.297E-01
 -9.5857500E+03  7.143E-01  4.180E-01  3.626E-01
 -9.5852500E+03  7.551E-01  4.720E-01  3.034E-01
 -9.5847500E+03  7.688E-01  3.901E-01  5.299E-01
 -9.5842500E+03  7.749E-01  4.317E-01  4.473E-01
 -9.5837500E+03  7.046E-01  4.077E-01  3.643E-01
 -9.5832500E+03  6.691E-01  3.771E-01  3.734E-01
 -9.5827500E+03  6.909E-01  3.928E-01  3.825E-01
 -9.5822500E+03  7.193E-01  4.316E-01  3.427E-01
 -9.5817500E+03  7.155E-01  4.016E-01  4.056E-01
 -9.5812500E+03  7.155E-01  3.750E-01  4.789E-01
 -9.5807500E+03  6.992E-01  4.037E-01  3.688E-01
 -9.5802500E+03  7.242E-01  4.391E-01  3.326E-01
 -9.5797500E+03  7.661E-01  4.275E-01  4.359E-01
 -9.5792500E+03  6.544E-01  3.624E-01  3.813E-01
 -9.5787500E+03  7.702E-01  4.182E-01  4.615E-01
 -9.5782500E+03  7.145E-01  3.942E-01  4.206E-01
 -9.5777500E+03  7.169E-01  4.353E-01  3.163E-01
 -9.5772500E+03  6.823E-01  3.854E-01  3.720E-01
 -9.5767500E+03  5.609E-01  2.975E-01  3.672E-01
 -9.5762500E+03  6.125E-01  3.556E-01  3.224E-01
 -9.5757500E+03  6.148E-01  3.384E-01  3.767E-01
 -9.5752500E+03  6.610E-01  3.526E-01  4.120E-01
 -9.5747500E+03  7.045E-01  3.888E-01  4.174E-01
 -9.5742500E+03  6.961E-01  4.424E-01  2.666E-01
 -9.5737500E+03  6.526E-01  4.212E-01  2.245E-01
 -9.5732500E+03  6.621E-01  3.873E-01  3.525E-01
 -9.5727500E+03  7.543E-01  4.678E-01  3.157E-01
 -9.5722500E+03  6.123E-01  3.316E-01  3.842E-01
 -9.5717500E+03  6.451E-01  3.699E-01  3.509E-01
 -9.5712500E+03  6.444E-01  3.730E-01  3.376E-01
 -9.5707500E+03  6.184E-01  3.559E-01  3.349E-01
 -9.5702500E+03  6.193E-01  3.271E-01  3.950E-01
 -9.5697500E+03  6.627E-01  4.180E-01  2.562E-01
 -9.5692500E+03  6.337E-01  3.866E-01  2.878E-01
 -9.5687500E+03  6.131E-01  3.432E-01  3.347E-01
 -9.5682500E+03  5.944E-01  3.329E-01  3.386E-01
 -9.5677500E+03  5.676E-01  2.742E-01  3.815E-01
 -9.5672500E+03  6.594E-01  3.670E-01  3.926E-01
 -9.5667500E+03  6.106E-01  3.384E-01  3.532E-01
 -9.5662500E+03  6.523E-01  4.108E-01  2.610E-01
 -9.5657500E+03  5.592E-01  3.083E-01  3.244E-01
 -9.5652500E+03  5.537E-01  3.090E-01  3.224E-01
 -9.5647500E+03  5.827E-01  3.628E-01  2.366E-01
 -9.5642500E+03  6.058E-01  3.179E-01  3.834E-01
 -9.5637500E+03  6.123E-01  3.560E-01  3.214E-01
 -9.5632500E+03  6.623E-01  3.715E-01  3.732E-01
 -9.5627500E+03  6.552E-01  3.926E-01  3.103E-01
 -9.5622500E+03  5.807E-01  3.421E-01  2.917E-01
 -9.5617500E+03  6.465E-01  3.959E-01  2.858E-01
 -9.5612500E+03  5.780E-01  3.353E-01  2.999E-01
 -9.5607500E+03  5.043E-01  2.412E-01  3.814E-01
 -9.5602500E+03  6.240E-01  3.626E-01  3.104E-01
 -9.5597500E+03  5.553E-01  3.003E-01  3.427E-01
 -9.5592500E+03  5.293E-01  2.926E-01  3.125E-01
 -9.5587500E+03  5.576E-01  3.081E-01  3.291E-01
 -9.5582500E+03  5.689E-01  3.065E-01  3.658E-01
 -9.5577500E+03  6.031E-01  3.478E-01  3.203E-01
 -9.5572500E+03  5.914E-01  3.144E-01  3.751E-01
 -9.5567500E+03  5.918E-01  3.474E-01  2.980E-01
 -9.5562500E+03  5.258E-01  3.341E-01  1.978E-01
 -9.5557500E+03  5.423E-01  3.558E-01  1.649E-01
 -9.5552500E+03  5.784E-01  3.167E-01  3.441E-01
 -9.5547500E+03  6.126E-01  3.142E-01  4.178E-01
 -9.5542500E+03  5.763E-01  3.291E-01  2.762E-01
 -9.5537500E+03  5.143E-01  3.039E-01  2.801E-01
 -9.5532500E+03  5.661E-01  3.259E-01  2.998E-01
 -9.5527500E+03  5.341E-01  3.302E-01  2.321E-01
 -9.5522500E+03  5.798E-01  3.479E-01  2.643E-01
 -9.5517500E+03  4.749E-01  2.545E-01  3.069E-01
 -9.5512500E+03  5.710E-01  3.317E-01  2.990E-01
 -9.5507500E+03  5.256E-01  3.037E-01  2.646E-01
 -9.5502500E+03  5.248E-01  3.083E-01  2.451E-01
 -9.5497500E+03  5.168E-01  2.976E-01  2.522E-01
 -9.5492500E+03  5.745E-01  3.426E-01  2.760E-01
 -9.5487500E+03  5.309E-01  3.125E-01  2.899E-01
 -9.5482500E+03  5.578E-01  2.559E-01  4.688E-01
 -9.5477500E+03  5.067E-01  2.566E-01  3.593E-01
 -9.5472500E+03  4.555E-01  2.478E-01  2.699E-01
 -9.5467500E+03  4.308E-01  2.394E-01  2.582E-01
 -9.5462500E+03  4.798E-01  2.733E-01  2.803E-01
 -9.5457500E+03  6.065E-01  3.677E-01  2.682E-01
 -9.5452500E+03  5.128E-01  2.999E-01  2.571E-01
 -9.5447500E+03  5.054E-01  2.850E-01  2.826E-01
 -9.5442500E+03  4.760E-01  2.756E-01  2.425E-01
 -9.5437500E+03  5.293E-01  3.012E-01  2.884E-01
 -9.5432500E+03  5.227E-01  2.982E-01  2.896E-01
 -9.5427500E+03  4.388E-01  2.227E-01  2.940E-01
 -9.5422500E+03  4.543E-01  2.471E-01  2.832E-01
 -9.5417500E+03  5.386E-01  3.028E-01  2.729E-01
 -9.5412500E+03  4.992E-01  2.950E-01  2.607E-01
 -9.5407500E+03  5.066E-01  2.952E-01  2.705E-01
 -9.5402500E+03  4.573E-01  2.507E-01  2.515E-01
 -9.5397500E+03  4.375E-01  2.532E-01  2.312E-01
 -9.5392500E+03  4.850E-01  3.105E-01  1.795E-01
 -9.5387500E+03  5.074E-01  2.628E-01  3.351E-01
 -9.5382500E+03  4.895E-01  3.141E-01  1.915E-01
 -9.5377500E+03  4.880E-01  2.829E-01  2.502E-01
 -9.5372500E+03  4.911E-01  2.673E-01  2.985E-01
 -9.5367500E+03  4.330E-01  2.557E-01  2.079E-01
 -9.5362500E+03  4.338E-01  2.747E-01  1.695E-01
 -9.5357500E+03  5.057E-01  3.118E-01  2.253E-01
 -9.5352500E+03  4.383E-01  2.258E-01  3.032E-01
 -9.5347500E+03  5.042E-01  2.604E-01  3.189E-01
 -9.5342500E+03  4.763E-01  2.801E-01  2.377E-01
 -9.5337500E+03  4.790E-01  2.748E-01  2.661E-01
 -9.5332500E+03  4.605E-01  2.609E-01  2.523E-01
 -9.5327500E+03  4.634E-01  2.797E-01  2.288E-01
 -9.5322500E+03  4.539E-01  2.827E-01  1.880E-01
 -9.5317500E+03  5.409E-01  3.327E-01  2.227E-01
 -9.5312500E+03  4.468E-01  2.511E-01  2.508E-01
 -9.5307500E+03  4.332E-01  2.389E-01  2.556E-01
 -9.5302500E+03  4.483E-01  2.550E-01  2.514E-01
 -9.5297500E+03  4.086E-01  2.308E-01  2.313E-01
 -9.5292500E+03  4.808E-01  2.668E-01  2.815E-01
 -9.5287500E+03  5.146E-01  3.064E-01  2.521E-01
 -9.5282500E+03  4.193E-01  2.310E-01  2.265E-01
 -9.5277500E+03  3.844E-01  1.957E-01  2.555E-01
 -9.5272500E+03  3.843E-01  2.051E-01  2.582E-01
 -9.5267500E+03  4.342E-01  2.673E-01  1.951E-01
 -9.5262500E+03  4.827E-01  3.290E-01  1.432E-01
 -9.5257500E+03  4.196E-01  2.262E-01  2.614E-01
 -9.5252500E+03  4.126E-01  2.461E-01  2.057E-01
 -9.5247500E+03  4.039E-01  2.232E-01  2.323E-01
 -9.5242500E+03  3.964E-01  2.039E-01  2.739E-01
 -9.5237500E+03  4.370E-01  2.365E-01  2.625E-01
 -9.5232500E+03  4.362E-01  2.524E-01  2.197E-01
 -9.5227500E+03  4.894E-01  2.881E-01  2.571E-01
 -9.5222500E+03  4.828E-01  2.612E-01  3.027E-01
 -9.5217500E+03  3.879E-01  2.034E-01  2.503E-01
 -9.5212500E+03  3.907E-01  2.059E-01  2.818E-01
 -9.5207500E+03  3.831E-01  2.397E-01  1.337E-01
 -9.5202500E+03  3.829E-01  1.938E-01  2.615E-01
 -9.5197500E+03  3.995E-01  2.322E-01  1.955E-01
 -9.5192500E+03  4.224E-01  2.380E-01  2.428E-01
 -9.5187500E+03  3.692E-01  2.246E-01  1.708E-01
 -9.5182500E+03  4.213E-01  2.423E-01  2.405E-01
 -9.5177500E+03  4.105E-01  2.494E-01  1.972E-01
 -9.5172500E+03  4.069E-01  2.287E-01  2.327E-01
 -9.5167500E+03  3.807E-01  2.231E-01  1.813E-01
 -9.5162500E+03  3.545E-01  2.193E-01  1.633E-01
 -9.5157500E+03  4.212E-01  2.224E-01  2.651E-01
 -9.5152500E+03  3.814E-01  2.016E-01  2.533E-01
 -9.5147500E+03  3.959E-01  2.141E-01  2.352E-01
 -9.5142500E+03  4.276E-01  2.381E-01  2.365E-01
 -9.5137500E+03  3.030E-01  1.627E-01  1.987E-01
 -9.5132500E+03  3.946E-01  2.113E-01  2.378E-01
 -9.5127500E+03  4.140E-01  2.376E-01  2.340E-01
 -9.5122500E+03  4.238E-01  2.490E-01  2.031E-01
 -9.5117500E+03  4.040E-01  2.363E-01  1.967E-01
 -9.5112500E+03  3.588E-01  2.027E-01  2.224E-01
 -9.5107500E+03  3.850E-01  1.959E-01  2.728E-01
 -9.5102500E+03  3.722E-01  2.199E-01  1.836E-01
 -9.5097500E+03  4.313E-01  2.511E-01  2.080E-01
 -9.5092500E+03  3.691E-01  2.350E-01  1.339E-01
 -9.5087500E+03  3.242E-01  1.635E-01  2.347E-01
 -9.5082500E+03  3.426E-01  1.668E-01  2.555E-01
 -9.5077500E+03  3.931E-01  2.230E-01  2.047E-01
 -9.5072500E+03  3.448E-01  1.841E-01  2.086E-01
 -9.5067500E+03  4.129E-01  2.724E-01  1.412E-01
 -9.5062500E+03  4.095E-01  2.390E-01  2.109E-01
 -9.5057500E+03  3.517E-01  2.066E-01  1.852E-01
 -9.5052500E+03  3.432E-01  2.035E-01  1.660E-01
 -9.5047500E+03  3.570E-01  2.068E-01  1.835E-01
 -9.5042500E+03  4.079E-01  2.509E-01  1.973E-01
 -9.5037500E+03  3.491E-01  2.294E-01  1.361E-01
 -9.5032500E+03  3.352E-01  2.021E-01  1.571E-01
 -9.5027500E+03  3.831E-01  2.002E-01  2.571E-01
 -9.5022500E+03  3.771E-01  2.177E-01  1.971E-01
 -9.5017500E+03  3.293E-01  1.819E-01  1.848E-01
 -9.5012500E+03  3.203E-01  1.620E-01  2.232E-01
 -9.5007500E+03  3.207E-01  1.796E-01  2.019E-01
 -9.5002500E+03  3.461E-01  1.684E-01  2.518E-01
 -9.4997500E+03  3.630E-01  2.056E-01  2.064E-01
 -9.4992500E+03  3.694E-01  2.014E-01  2.169E-01
 -9.4987500E+03  3.646E-01  2.083E-01  1.914E-01
 -9.4982500E+03  3.638E-01  2.177E-01  1.718E-01
 -9.4977500E+03  3.200E-01  2.130E-01  1.147E-01
 -9.4972500E+03  2.848E-01  1.463E-01  2.045E-01
 -9.4967500E+03  3.277E-01  1.813E-01  1.948E-01
 -9.4962500E+03  3.200E-01  1.709E-01  2.005E-01
 -9.4957500E+03  3.838E-01  2.227E-01  1.895E-01
 -9.4952500E+03  3.887E-01  2.242E-01  1.740E-01
 -9.4947500E+03  2.787E-01  1.620E-01  1.555E-01
 -9.4942500E+03  3.924E-01  2.605E-01  1.218E-01
 -9.4937500E+03  3.024E-01  1.765E-01  1.697E-01
 -9.4932500E+03  3.324E-01  1.750E-01  2.174E-01
 -9.4927500E+03  3.697E-01  2.209E-01  1.688E-01
 -9.4922500E+03  3.564E-01  2.079E-01  1.728E-01
 -9.4917500E+03  3.607E-01  2.020E-01  2.099E-01
 -9.4912500E+03  2.625E-01  1.352E-01  1.904E-01
 -9.4907500E+03  2.862E-01  1.678E-01  1.426E-01
 -9.4902500E+03  2.983E-01  1.513E-01  1.931E-01
 -9.4897500E+03  3.075E-01  1.853E-01  1.548E-01
 -9.4892500E+03  3.016E-01  1.897E-01  1.306E-01
 -9.4887500E+03  3.402E-01  2.065E-01  1.706E-01
 -9.4882500E+03  2.861E-01  1.700E-01  1.518E-01
 -9.4877500E+03  3.564E-01  1.937E-01  2.214E-01
 -9.4872500E+03  3.392E-01  1.928E-01  1.653E-01
 -9.4867500E+03  3.127E-01  1.578E-01  1.994E-01
 -9.4862500E+03  2.971E-01  1.705E-01  1.551E-01
 -9.4857500E+03  3.356E-01  2.057E-01  1.290E-01
 -9.4852500E+03  2.924E-01  1.475E-01  2.130E-01
 -9.4847500E+03  3.350E-01  1.691E-01  2.345E-01
 -9.4842500E+03  2.999E-01  1.796E-01  1.171E-01
 -9.4837500E+03  3.084E-01  1.856E-01  1.493E-01
 -9.4832500E+03  2.810E-01  1.474E-01  1.964E-01
 -9.4827500E+03  3.090E-01  1.714E-01  1.865E-01
 -9.4822500E+03  3.322E-01  1.963E-01  1.611E-01
 -9.4817500E+03  3.344E-01  1.904E-01  2.024E-01
 -9.4812500E+03  2.793E-01  1.816E-01  9.433E-02
 -9.4807500E+03  3.204E-01  1.920E-01  1.475E-01
 -9.4802500E+03  3.035E-01  1.838E-01  1.492E-01
 -9.4797500E+03  2.764E-01  1.414E-01  1.788E-01
 -9.4792500E+03  3.452E-01  1.877E-01  2.129E-01
 -9.4787500E+03  2.991E-01  1.713E-01  1.584E-01
 -9.4782500E+03  2.429E-01  1.218E-01  1.875E-01
 -9.4777500E+03  3.282E-01  1.798E-01  2.155E-01
 -9.4772500E+03  2.619E-01  1.369E-01  1.732E-01
 -9.4767500E+03  3.117E-01  1.838E-01  1.574E-01
 -9.4762500E+03  3.245E-01  2.007E-01  1.243E-01
 -9.4757500E+03  2.805E-01  1.559E-01  1.517E-01
 -9.4752500E+03  2.647E-01  1.477E-01  1.637E-01
 -9.4747500E+03  2.919E-01  1.457E-01  1.654E-01
 -9.4742500E+03  2.950E-01  1.729E-01  1.724E-01
 -9.4737500E+03  2.589E-01  1.518E-01  1.506E-01
 -9.4732500E+03  2.932E-01  1.616E-01  1.653E-01
 -9.4727500E+03  2.437E-01  1.570E-01  1.163E-01
 -9.4722500E+03  3.105E-01  1.781E-01  1.683E-01
 -9.4717500E+03  2.532E-01  1.619E-01  1.042E-01
 -9.4712500E+03  2.677E-01  1.272E-01  2.012E-01
 -9.4707500E+03  3.169E-01  1.688E-01  2.007E-01
 -9.4702500E+03  2.320E-01  1.059E-01  1.743E-01
 -9.4697500E+03  2.763E-01  1.607E-01  1.500E-01
 -9.4692500E+03  2.862E-01  1.756E-01  1.141E-01
 -9.4687500E+03  3.028E-01  1.573E-01  1.953E-01
 -9.4682500E+03  2.778E-01  1.601E-01  1.585E-01
 -9.4677500E+03  2.893E-01  1.791E-01  1.174E-01
 -9.4672500E+03  2.779E-01  1.868E-01  8.969E-02
 -9.4667500E+03  2.772E-01  1.768E-01  1.345E-01
 -9.4662500E+03  3.012E-01  1.405E-01  2.169E-01
 -9.4657500E+03  2.912E-01  1.594E-01  1.808E-01
 -9.4652500E+03  1.880E-01  9.646E-02  1.435E-01
 -9.4647500E+03  2.111E-01  1.237E-01  9.903E-02
 -9.4642500E+03  2.763E-01  1.623E-01  1.537E-01
 -9.4637500E+03  2.851E-01  1.638E-01  1.646E-01
 -9.4632500E+03  2.941E-01  2.006E-01  7.784E-02
 -9.4627500E+03  2.487E-01  1.630E-01  9.242E-02
 -9.4622500E+03  2.330E-01  1.260E-01  1.417E-01
 -9.4617500E+03  2.745E-01  1.612E-01  1.291E-01
 -9.4612500E+03  2.501E-01  1.411E-01  1.399E-01
 -9.4607500E+03  2.823E-01  1.455E-01  1.931E-01
 -9.4602500E+03  3.015E-01  1.704E-01  1.589E-01
 -9.4597500E+03  2.870E-01  1.660E-01  1.315E-01
 -9.4592500E+03  2.600E-01  1.578E-01  1.184E-01
 -9.4587500E+03  2.475E-01  1.342E-01  1.661E-01
 -9.4582500E+03  2.756E-01  1.738E-01  1.145E-01
 -9.4577500E+03  1.861E-01  1.212E-01  7.506E-02
 -9.4572500E+03  2.335E-01  1.259E-01  1.424E-01
 -9.4567500E+03  2.550E-01  1.202E-01  1.917E-01
 -9.4562500E+03  2.868E-01  1.575E-01  1.683E-01
 -9.4557500E+03  2.274E-01  1.125E-01  1.680E-01
 -9.4552500E+03  2.320E-01  1.510E-01  1.025E-01
 -9.4547500E+03  2.849E-01  1.678E-01  1.458E-01
 -9.4542500E+03  2.656E-01  1.283E-01  1.874E-01
 -9.4537500E+03  2.773E-01  1.412E-01  1.712E-01
 -9.4532500E+03  2.626E-01  1.377E-01  1.689E-01
 -9.4527500E+03  2.264E-01  1.404E-01  9.875E-02
 -9.4522500E+03  2.362E-01  1.499E-01  1.230E-01
 -9.4517500E+03  2.526E-01  1.398E-01  1.893E-01
 -9.4512500E+03  2.577E-01  1.510E-01  1.255E-01
 -9.4507500E+03  2.103E-01  1.126E-01  1.404E-01
 -9.4502500E+03  2.597E-01  1.552E-01  1.349E-01
 -9.4497500E+03  2.094E-01  1.321E-01  7.052E-02
 -9.4492500E+03  2.497E-01  1.597E-01  7.794E-02
 -9.4487500E+03  2.514E-01  1.439E-01  1.403E-01
 -9.4482500E+03  2.204E-01  1.243E-01  1.301E-01
 -9.4477500E+03  1.873E-01  1.047E-01  1.286E-01
 -9.4472500E+03  2.624E-01  1.290E-01  1.763E-01
 -9.4467500E+03  2.333E-01  1.128E-01  1.616E-01
 -9.4462500E+03  2.828E-01  1.825E-01  1.060E-01
 -9.4457500E+03  2.641E-01  1.574E-01  1.268E-01
 -9.4452500E+03  2.485E-01  1.165E-01  1.903E-01
 -9.4447500E+03  2.869E-01  1.454E-01  1.965E-01
 -9.4442500E+03  1.952E-01  1.192E-01  1.009E-01
 -9.4437500E+03  2.443E-01  1.218E-01  1.586E-01
 -9.4432500E+03  2.401E-01  1.276E-01  1.532E-01
 -9.4427500E+03  2.180E-01  1.310E-01  9.696E-02
 -9.4422500E+03  1.873E-01  1.207E-01  8.833E-02
 -9.4417500E+03  1.741E-01  1.124E-01  7.023E-02
 -9.4412500E+03  1.899E-01  9.330E-02  1.429E-01
 -9.4407500E+03  2.099E-01  1.238E-01  1.031E-01
 -9.4402500E+03  2.443E-01  1.496E-01  1.020E-01
 -9.4397500E+03  1.713E-01  8.848E-02  1.099E-01
 -9.4392500E+03  2.621E-01  1.385E-01  1.732E-01
 -9.4387500E+03  2.186E-01  1.312E-01  8.878E-02
 -9.4382500E+03  2.096E-01  1.036E-01  1.383E-01
 -9.4377500E+03  1.861E-01  1.090E-01  1.250E-01
 -9.4372500E+03  1.968E-01  9.788E-02  1.493E-01
 -9.4367500E+03  2.432E-01  1.472E-01  1.240E-01
 -9.4362500E+03  2.568E-01  1.460E-01  1.371E-01
 -9.4357500E+03  2.413E-01  1.258E-01  1.625E-01
 -9.4352500E+03  1.832E-01  1.306E-01  5.798E-02
 -9.4347500E+03  2.375E-01  1.378E-01  1.149E-01
 -9.4342500E+03  2.260E-01  1.241E-01  1.382E-01
 -9.4337500E+03  2.410E-01  1.380E-01  1.342E-01
 -9.4332500E+03  2.344E-01  1.379E-01  1.002E-01
 -9.4327500E+03  1.390E-01  8.420E-02  7.058E-02
 -9.4322500E+03  1.620E-01  1.069E-01  7.333E-02
 -9.4317500E+03  2.360E-01  1.566E-01  8.151E-02
 -9.4312500E+03  1.928E-01  9.423E-02  1.307E-01
 -9.4307500E+03  1.814E-01  7.053E-02  1.770E-01
 -9.4302500E+03  1.969E-01  1.113E-01  1.137E-01
 -9.4297500E+03  1.949E-01  1.324E-01  4.243E-02
 -9.4292500E+03  2.048E-01  9.943E-02  1.448E-01
 -9.4287500E+03  2.038E-01  1.127E-01  1.290E-01
 -9.4282500E+03  1.556E-01  8.553E-02  9.016E-02
 -9.4277500E+03  2.400E-01  1.289E-01  1.528E-01
 -9.4272500E+03  2.253E-01  1.341E-01  9.879E-02
 -9.4267500E+03  1.850E-01  1.137E-01  1.109E-01
 -9.4262500E+03  1.672E-01  8.529E-02  1.016E-01
 -9.4257500E+03  2.019E-01  1.420E-01  6.110E-02
 -9.4252500E+03  2.244E-01  1.263E-01  1.217E-01
 -9.4247500E+03  2.056E-01  9.183E-02  1.496E-01
 -9.4242500E+03  1.929E-01  1.060E-01  1.211E-01
 -9.4237500E+03  2.362E-01  1.557E-01  9.452E-02
 -9.4232500E+03  1.543E-01  9.716E-02  8.405E-02
 -9.4227500E+03  1.969E-01  1.149E-01  1.066E-01
 -9.4222500E+03  1.803E-01  1.191E-01  7.552E-02
 -9.4217500E+03  2.088E-01  1.340E-01  9.639E-02
 -9.4212500E+03  1.880E-01  1.067E-01  9.502E-02
 -9.4207500E+03  1.667E-01  6.996E-02  1.469E-01
 -9.4202500E+03  1.693E-01  7.933E-02  1.529E-01
 -9.4197500E+03  1.882E-01  9.804E-02  1.229E-01
 -9.4192500E+03  1.773E-01  1.010E-01  9.878E-02
 -9.4187500E+03  1.647E-01  1.172E-01  2.938E-02
 -9.4182500E+03  2.026E-01  1.245E-01  9.047E-02
 -9.4177500E+03  1.893E-01  9.677E-02  1.124E-01
 -9.4172500E+03  2.052E-01  1.288E-01  1.005E-01
 -9.4167500E+03  2.160E-01  1.133E-01  1.457E-01
 -9.4162500E+03  2.014E-01  1.196E-01  9.935E-02
 -9.4157500E+03  1.437E-01  5.916E-02  1.207E-01
 -9.4152500E+03  1.791E-01  8.607E-02  1.289E-01
 -9.4147500E+03  2.150E-01  1.240E-01  1.118E-01
 -9.4142500E+03  2.192E-01  1.363E-01  1.065E-01
 -9.4137500E+03  1.518E-01  7.833E-02  1.224E-01
 -9.4132500E+03  1.684E-01  9.900E-02  8.263E-02
 -9.4127500E+03  1.925E-01  1.203E-01  8.767E-02
 -9.4122500E+03  1.822E-01  9.994E-02  9.743E-02
 -9.4117500E+03  2.175E-01  1.192E-01  1.332E-01
 -9.4112500E+03  1.730E-01  9.472E-02  1.050E-01
 -9.4107500E+03  1.660E-01  1.004E-01  7.094E-02
 -9.4102500E+03  2.099E-01  1.422E-01  7.067E-02
 -9.4097500E+03  1.655E-01  8.368E-02  1.157E-01
 -9.4092500E+03  1.953E-01  9.665E-02  1.408E-01
 -9.4087500E+03  1.998E-01  1.324E-01  7.167E-02
 -9.4082500E+03  1.737E-01  1.111E-01  8.766E-02
 -9.4077500E+03  1.485E-01  7.398E-02  1.043E-01
 -9.4072500E+03  2.198E-01  1.215E-01  1.104E-01
 -9.4067500E+03  1.735E-01  9.799E-02  7.751E-02
 -9.4062500E+03  1.627E-01  8.875E-02  9.399E-02
 -9.4057500E+03  1.974E-01  1.195E-01  1.060E-01
 -9.4052500E+03  1.978E-01  1.185E-01  9.674E-02
 -9.4047500E+03  1.682E-01  6.144E-02  1.637E-01
 -9.4042500E+03  1.975E-01  1.158E-01  1.103E-01
 -9.4037500E+03  1.864E-01  1.152E-01  7.686E-02
 -9.4032500E+03  1.825E-01  1.065E-01  7.675E-02
 -9.4027500E+03  1.832E-01  1.137E-01  7.599E-02
 -9.4022500E+03  1.741E-01  9.862E-02  1.062E-01
 -9.4017500E+03  1.323E-01  8.526E-02  7.190E-02
 -9.4012500E+03  1.895E-01  9.315E-02  1.195E-01
 -9.4007500E+03  1.876E-01  1.133E-01  9.143E-02
 -9.4002500E+03  1.312E-01  8.770E-02  4.132E-02
 -9.3997500E+03  1.486E-01  7.655E-02  1.026E-01
 -9.3992500E+03  1.537E-01  8.526E-02  8.075E-02
 -9.3987500E+03  1.476E-01  7.073E-02  1.028E-01
 -9.3982500E+03  1.542E-01  9.144E-02  6.590E-02
 -9.3977500E+03  2.061E-01  1.100E-01  1.193E-01
 -9.3972500E+03  1.713E-01  8.366E-02  1.322E-01
 -9.3967500E+03  1.193E-01  7.771E-02  5.685E-02
 -9.3962500E+03  1.850E-01  1.319E-01  5.381E-02
 -9.3957500E+03  1.645E-01  1.067E-01  7.351E-02
 -9.3952500E+03  1.313E-01  7.220E-02  8.152E-02
 -9.3947500E+03  1.755E-01  1.004E-01  8.774E-02
 -9.3942500E+03  1.495E-01  9.318E-02  9.129E-02
 -9.3937500E+03  1.493E-01  7.541E-02  1.095E-01
 -9.3932500E+03  1.779E-01  1.058E-01  7.872E-02
 -9.3927500E+03  1.932E-01  1.059E-01  1.105E-01
 -9.3922500E+03  1.597E-01  8.048E-02  1.046E-01
 -9.3917500E+03  1.256E-01  6.994E-02  7.250E-02
 -9.3912500E+03  2.013E-01  1.116E-01  9.998E-02
 -9.3907500E+03  1.262E-01  8.900E-02  6.569E-02
 -9.3902500E+03  1.344E-01  7.732E-02  8.303E-02
 -9.3897500E+03  1.240E-01  9.204E-02  3.408E-02
 -9.3892500E+03  1.948E-01  1.208E-01  7.283E-02
 -9.3887500E+03  2.027E-01  9.775E-02  1.402E-01
 -9.3882500E+03  1.400E-01  8.060E-02  8.249E-02
 -9.3877500E+03  1.650E-01  7.533E-02  1.281E-01
 -9.3872500E+03  1.900E-01  1.072E-01  8.605E-02
 -9.3867500E+03  1.562E-01  9.341E-02  6.403E-02
 -9.3862500E+03  1.323E-01  7.309E-02  8.344E-02
 -9.3857500E+03  1.087E-01  7.578E-02  4.798E-02
 -9.3852500E+03  1.744E-01  9.229E-02  9.931E-02
 -9.3847500E+03  1.954E-01  1.056E-01  1.045E-01
 -9.3842500E+03  9.812E-02  5.564E-02  6.776E-02
 -9.3837500E+03  1.337E-01  8.075E-02  7.495E-02
 -9.3832500E+03  1.548E-01  7.007E-02  1.372E-01
 -9.3827500E+03  1.598E-01  7.128E-02  1.269E-01
 -9.3822500E+03  1.348E-01  8.255E-02  6.002E-02
 -9.3817500E+03  1.335E-01  7.341E-02  8.568E-02
 -9.3812500E+03  1.315E-01  8.489E-02  5.402E-02
 -9.3807500E+03  1.390E-01  8.872E-02  4.212E-02
 -9.3802500E+03  1.975E-01  1.067E-01  1.123E-01
 -9.3797500E+03  1.692E-01  9.996E-02  9.005E-02
 -9.3792500E+03  1.405E-01  8.110E-02  6.836E-02
 -9.3787500E+03  1.278E-01  7.455E-02  4.147E-02
 -9.3782500E+03  1.417E-01  8.699E-02  6.007E-02
 -9.3777500E+03  1.525E-01  6.650E-02  1.120E-01
 -9.3772500E+03  1.490E-01  9.860E-02  8.008E-02
 -9.3767500E+03  1.324E-01  8.251E-02  8.119E-02
 -9.3762500E+03  1.970E-01  1.129E-01  8.886E-02
 -9.3757500E+03  1.747E-01  1.099E-01  6.264E-02
 -9.3752500E+03  8.822E-02  7.397E-02  3.491E-03
 -9.3747500E+03  1.163E-01  5.666E-02  8.890E-02
 -9.3742500E+03  1.482E-01  8.546E-02  8.166E-02
 -9.3737500E+03  1.620E-01  9.245E-02  9.335E-02
 -9.3732500E+03  1.508E-01  8.156E-02  7.751E-02
 -9.3727500E+03  1.598E-01  9.882E-02  5.811E-02
 -9.3722500E+03  1.210E-01  6.819E-02  7.406E-02
 -9.3717500E+03  1.501E-01  7.196E-02  1.158E-01
 -9.3712500E+03  9.722E-02  2.898E-02  1.221E-01
 -9.3707500E+03  8.737E-02  4.806E-02  6.246E-02
 -9.3702500E+03  1.454E-01  9.568E-02  5.110E-02
 -9.3697500E+03  1.615E-01  9.221E-02  8.257E-02
 -9.3692500E+03  1.495E-01  9.654E-02  4.961E-02
 -9.3687500E+03  1.410E-01  5.999E-02  1.125E-01
 -9.3682500E+03  1.346E-01  8.266E-02  5.679E-02
 -9.3677500E+03  1.268E-01  1.070E-01 -1.629E-03
 -9.3672500E+03  1.106E-01  6.462E-02  7.135E-02
 -9.3667500E+03  1.536E-01  7.978E-02  1.177E-01
 -9.3662500E+03  1.513E-01  8.391E-02  7.687E-02
 -9.3657500E+03  1.399E-01  9.328E-02  4.749E-02
 -9.3652500E+03  1.221E-01  7.579E-02  7.581E-02
 -9.3647500E+03  1.015E-01  5.076E-02  6.153E-02
 -9.3642500E+03  1.347E-01  8.875E-02  4.118E-02
 -9.3637500E+03  1.527E-01  8.696E-02  6.945E-02
 -9.3632500E+03  1.444E-01  6.900E-02  1.099E-01
 -9.3627500E+03  9.014E-02  1.442E-02  1.086E-01
 -9.3622500E+03  9.902E-02  1.150E-01  1.528E-02
 -9.3617500E+03  1.519E-01  9.765E-02  4.112E-02
 -9.3612500E+03  1.761E-01  8.989E-02  8.780E-02
 -9.3607500E+03  1.262E-01  6.151E-02  1.028E-01
 -9.3602500E+03  1.369E-01  6.590E-02  9.416E-02
 -9.3597500E+03  1.450E-01  8.944E-02  6.763E-02
 -9.3592500E+03  1.124E-01  7.319E-02  5.535E-02
 -9.3587500E+03  1.504E-01  7.413E-02  1.228E-01
 -9.3582500E+03  1.730E-01  8.315E-02  1.018E-01
 -9.3577500E+03  1.632E-01  9.821E-02  6.676E-02
 -9.3572500E+03  8.989E-02  4.754E-02  5.194E-02
 -9.3567500E+03  8.499E-02  2.934E-02  8.595E-02
 -9.3562500E+03  8.871E-02  4.136E-02  6.222E-02
 -9.3557500E+03  1.252E-01  7.061E-02  7.997E-02
 -9.3552500E+03  1.191E-01  7.435E-02  5.977E-02
 -9.3547500E+03  9.844E-02  5.063E-02  7.171E-02
 -9.3542500E+03  1.218E-01  7.567E-02  5.668E-02
 -9.3537500E+03  1.347E-01  8.409E-02  5.632E-02
 -9.3532500E+03  1.451E-01  8.064E-02  6.604E-02
 -9.3527500E+03  1.127E-01  5.056E-02  9.040E-02
 -9.3522500E+03  1.691E-01  1.137E-01  6.488E-02
 -9.3517500E+03  1.365E-01  1.161E-01  4.310E-02
 -9.3512500E+03  1.136E-01  5.665E-02  7.465E-02
 -9.3507500E+03  1.473E-01  6.442E-02  9.738E-02
 -9.3502500E+03  1.421E-01  7.376E-02  9.081E-02
 -9.3497500E+03  8.493E-02  5.174E-02  4.381E-02
 -9.3492500E+03  9.034E-02  4.625E-02  7.179E-02
 -9.3487500E+03  1.222E-01  8.496E-02  3.519E-02
 -9.3482500E+03  1.355E-01  8.900E-02  4.665E-02
 -9.3477500E+03  8.853E-02  5.492E-02  3.808E-02
 -9.3472500E+03  1.408E-01  9.962E-02  4.196E-02
 -9.3467500E+03  1.313E-01  7.419E-02  5.943E-02
 -9.3462500E+03  1.128E-01  6.850E-02  5.052E-02
 -9.3457500E+03  1.418E-01  7.693E-02  8.327E-02
 -9.3452500E+03  1.408E-01  8.314E-02  6.144E-02
 -9.3447500E+03  7.357E-02  3.141E-02  6.558E-02
 -9.3442500E+03  9.922E-02  3.860E-02  8.398E-02
 -9.3437500E+03  1.385E-01  7.544E-02  8.052E-02
 -9.3432500E+03  1.179E-01  5.726E-02  1.079E-01
 -9.3427500E+03  1.211E-01  6.546E-02  8.792E-02
 -9.3422500E+03  1.315E-01  8.371E-02  4.728E-02
 -9.3417500E+03  1.346E-01  6.061E-02  1.128E-01
 -9.3412500E+03  1.184E-01  7.281E-02  3.647E-02
 -9.3407500E+03  1.056E-01  5.796E-02  7.193E-02
 -9.3402500E+03  1.407E-01  6.905E-02  8.761E-02
 -9.3397500E+03  1.188E-01  8.050E-02  3.198E-02
 -9.3392500E+03  9.464E-02  5.762E-02  5.563E-02
 -9.3387500E+03  1.053E-01  4.377E-02  6.634E-02
 -9.3382500E+03  8.773E-02  6.749E-02  2.369E-02
 -9.3377500E+03  9.199E-02  3.496E-02  9.156E-02
