 -6.4347500E+03 -0.000E+00 -0.000E+00  0.000E+00
 -6.4342500E+03 -0.000E+00 -0.000E+00  0.000E+00
 -6.4337500E+03 -0.000E+00 -0.000E+00  0.000E+00
 -6.4332500E+03 -0.000E+00 -0.000E+00  0.000E+00
 -6.4327500E+03 -0.000E+00 -0.000E+00  0.000E+00
 -6.4322500E+03 -0.000E+00 -0.000E+00  0.000E+00
 -6.4317500E+03 -0.000E+00 -0.000E+00  0.000E+00
 -6.4312500E+03 -0.000E+00 -0.000E+00  0.000E+00
 -6.4307500E+03 -0.000E+00 -0.000E+00  0.000E+00
 -6.4302500E+03 -0.000E+00 -0.000E+00  0.000E+00
 -6.4297500E+03 -0.000E+00 -0.000E+00  0.000E+00
 -6.4292500E+03 -0.000E+00 -0.000E+00  0.000E+00
 -6.4287500E+03 -0.000E+00 -0.000E+00  0.000E+00
 -6.4282500E+03 -0.000E+00 -0.000E+00  0.000E+00
 -6.4277500E+03 -0.000E+00 -0.000E+00  0.000E+00
 -6.4272500E+03 -0.000E+00 -0.000E+00  0.000E+00
 -6.4267500E+03 -0.000E+00 -0.000E+00  0.000E+00
 -6.4262500E+03 -0.000E+00 -0.000E+00  0.000E+00
 -6.4257500E+03 -0.000E+00 -0.000E+00  0.000E+00
 -6.4252500E+03 -0.000E+00 -0.000E+00  0.000E+00
 -6.4247500E+03 -0.000E+00 -0.000E+00  0.000E+00
 -6.4242500E+03 -0.000E+00 -0.000E+00  0.000E+00
 -6.4237500E+03 -0.000E+00 -0.000E+00  0.000E+00
 -6.4232500E+03 -0.000E+00 -0.000E+00  0.000E+00
 -6.4227500E+03 -0.000E+00 -0.000E+00  0.000E+00
 -6.4222500E+03 -0.000E+00 -0.000E+00  0.000E+00
 -6.4217500E+03 -0.000E+00 -0.000E+00  0.000E+00
 -6.4212500E+03 -0.000E+00 -0.000E+00  0.000E+00
 -6.4207500E+03 -0.000E+00 -0.000E+00  0.000E+00
 -6.4202500E+03 -0.000E+00 -0.000E+00  0.000E+00
 -6.4197500E+03 -0.000E+00 -0.000E+00  0.000E+00
 -6.4192500E+03 -0.000E+00 -0.000E+00  0.000E+00
 -6.4187500E+03 -0.000E+00 -0.000E+00  0.000E+00
 -6.4182500E+03 -0.000E+00 -0.000E+00  0.000E+00
 -6.4177500E+03 -0.000E+00 -0.000E+00  0.000E+00
 -6.4172500E+03 -0.000E+00 -0.000E+00  0.000E+00
 -6.4167500E+03 -0.000E+00 -0.000E+00  0.000E+00
 -6.4162500E+03 -0.000E+00 -0.000E+00  0.000E+00
 -6.4157500E+03 -0.000E+00 -0.000E+00  0.000E+00
 -6.4152500E+03 -0.000E+00 -0.000E+00  0.000E+00
 -6.4147500E+03 -0.000E+00 -0.000E+00  0.000E+00
 -6.4142500E+03 -0.000E+00 -0.000E+00  0.000E+00
 -6.4137500E+03 -0.000E+00 -0.000E+00  0.000E+00
 -6.4132500E+03 -0.000E+00 -0.000E+00  0.000E+00
 -6.4127500E+03 -0.000E+00 -0.000E+00  0.000E+00
 -6.4122500E+03 -0.000E+00 -0.000E+00  0.000E+00
 -6.4117500E+03 -0.000E+00 -0.000E+00  0.000E+00
 -6.4112500E+03 -0.000E+00 -0.000E+00  0.000E+00
 -6.4107500E+03 -0.000E+00 -0.000E+00  0.000E+00
 -6.4102500E+03 -0.000E+00 -0.000E+00  0.000E+00
 -6.4097500E+03 -0.000E+00 -0.000E+00  0.000E+00
 -6.4092500E+03 -0.000E+00 -0.000E+00  0.000E+00
 -6.4087500E+03 -0.000E+00 -0.000E+00  0.000E+00
 -6.4082500E+03 -0.000E+00 -0.000E+00  0.000E+00
 -6.4077500E+03 -0.000E+00 -0.000E+00  0.000E+00
 -6.4072500E+03 -0.000E+00 -0.000E+00  0.000E+00
 -6.4067500E+03 -0.000E+00 -0.000E+00  0.000E+00
 -6.4062500E+03 -0.000E+00 -0.000E+00  0.000E+00
 -6.4057500E+03 -0.000E+00 -0.000E+00  0.000E+00
 -6.4052500E+03 -0.000E+00 -0.000E+00  0.000E+00
 -6.4047500E+03 -0.000E+00 -0.000E+00  0.000E+00
 -6.4042500E+03 -0.000E+00 -0.000E+00  0.000E+00
 -6.4037500E+03 -0.000E+00 -0.000E+00  0.000E+00
 -6.4032500E+03 -0.000E+00 -0.000E+00  0.000E+00
 -6.4027500E+03 -0.000E+00 -0.000E+00  0.000E+00
 -6.4022500E+03 -0.000E+00 -0.000E+00  0.000E+00
 -6.4017500E+03 -0.000E+00 -0.000E+00  0.000E+00
 -6.4012500E+03 -0.000E+00 -0.000E+00  0.000E+00
 -6.4007500E+03 -0.000E+00 -0.000E+00  0.000E+00
 -6.4002500E+03 -0.000E+00 -0.000E+00  0.000E+00
 -6.3997500E+03 -0.000E+00 -0.000E+00  0.000E+00
 -6.3992500E+03 -0.000E+00 -0.000E+00  0.000E+00
 -6.3987500E+03 -0.000E+00 -0.000E+00  0.000E+00
 -6.3982500E+03 -0.000E+00 -0.000E+00  0.000E+00
 -6.3977500E+03 -0.000E+00 -0.000E+00  0.000E+00
 -6.3972500E+03 -0.000E+00 -0.000E+00  0.000E+00
 -6.3967500E+03 -0.000E+00 -0.000E+00  0.000E+00
 -6.3962500E+03 -0.000E+00 -0.000E+00  0.000E+00
 -6.3957500E+03 -0.000E+00 -0.000E+00  0.000E+00
 -6.3952500E+03 -0.000E+00 -0.000E+00  0.000E+00
 -6.3947500E+03 -0.000E+00 -0.000E+00  0.000E+00
 -6.3942500E+03 -0.000E+00 -0.000E+00  0.000E+00
 -6.3937500E+03 -0.000E+00 -0.000E+00  0.000E+00
 -6.3932500E+03 -0.000E+00 -0.000E+00  0.000E+00
 -6.3927500E+03 -0.000E+00 -0.000E+00  0.000E+00
 -6.3922500E+03 -0.000E+00 -0.000E+00  0.000E+00
 -6.3917500E+03 -0.000E+00 -0.000E+00  0.000E+00
 -6.3912500E+03 -0.000E+00 -0.000E+00  0.000E+00
 -6.3907500E+03 -0.000E+00 -0.000E+00  0.000E+00
 -6.3902500E+03 -0.000E+00 -0.000E+00  0.000E+00
 -6.3897500E+03 -0.000E+00 -0.000E+00  0.000E+00
 -6.3892500E+03 -0.000E+00 -0.000E+00  0.000E+00
 -6.3887500E+03 -0.000E+00 -0.000E+00  0.000E+00
 -6.3882500E+03 -0.000E+00 -0.000E+00  0.000E+00
 -6.3877500E+03 -0.000E+00 -0.000E+00  0.000E+00
 -6.3872500E+03 -0.000E+00 -0.000E+00  0.000E+00
 -6.3867500E+03 -0.000E+00 -0.000E+00  0.000E+00
 -6.3862500E+03 -0.000E+00 -0.000E+00  0.000E+00
 -6.3857500E+03 -0.000E+00 -0.000E+00  0.000E+00
 -6.3852500E+03 -0.000E+00 -0.000E+00  0.000E+00
 -6.3847500E+03 -0.000E+00 -0.000E+00  0.000E+00
 -6.3842500E+03 -0.000E+00 -0.000E+00  0.000E+00
 -6.3837500E+03 -0.000E+00 -0.000E+00  0.000E+00
 -6.3832500E+03 -0.000E+00 -0.000E+00  0.000E+00
 -6.3827500E+03 -0.000E+00 -0.000E+00  0.000E+00
 -6.3822500E+03 -0.000E+00 -0.000E+00  0.000E+00
 -6.3817500E+03 -0.000E+00 -0.000E+00  0.000E+00
 -6.3812500E+03 -0.000E+00 -0.000E+00  0.000E+00
 -6.3807500E+03 -0.000E+00 -0.000E+00  0.000E+00
 -6.3802500E+03 -0.000E+00 -0.000E+00  0.000E+00
 -6.3797500E+03 -0.000E+00 -0.000E+00  0.000E+00
 -6.3792500E+03 -0.000E+00 -0.000E+00  0.000E+00
 -6.3787500E+03 -0.000E+00 -0.000E+00  0.000E+00
 -6.3782500E+03 -0.000E+00 -0.000E+00  0.000E+00
 -6.3777500E+03 -0.000E+00 -0.000E+00  0.000E+00
 -6.3772500E+03 -0.000E+00 -0.000E+00  0.000E+00
 -6.3767500E+03 -0.000E+00 -0.000E+00  0.000E+00
 -6.3762500E+03 -0.000E+00 -0.000E+00  0.000E+00
 -6.3757500E+03 -0.000E+00 -0.000E+00  0.000E+00
 -6.3752500E+03 -0.000E+00 -0.000E+00  0.000E+00
 -6.3747500E+03 -0.000E+00 -0.000E+00  0.000E+00
 -6.3742500E+03 -0.000E+00 -0.000E+00  0.000E+00
 -6.3737500E+03 -0.000E+00 -0.000E+00  0.000E+00
 -6.3732500E+03 -0.000E+00 -0.000E+00  0.000E+00
 -6.3727500E+03 -0.000E+00 -0.000E+00  0.000E+00
 -6.3722500E+03 -0.000E+00 -0.000E+00  0.000E+00
 -6.3717500E+03 -0.000E+00 -0.000E+00  0.000E+00
 -6.3712500E+03 -0.000E+00 -0.000E+00  0.000E+00
 -6.3707500E+03 -0.000E+00 -0.000E+00  0.000E+00
 -6.3702500E+03 -0.000E+00 -0.000E+00  0.000E+00
 -6.3697500E+03 -0.000E+00 -0.000E+00  0.000E+00
 -6.3692500E+03 -0.000E+00 -0.000E+00  0.000E+00
 -6.3687500E+03 -0.000E+00 -0.000E+00  0.000E+00
 -6.3682500E+03 -0.000E+00 -0.000E+00  0.000E+00
 -6.3677500E+03 -0.000E+00 -0.000E+00  0.000E+00
 -6.3672500E+03 -0.000E+00 -0.000E+00  0.000E+00
 -6.3667500E+03 -0.000E+00 -0.000E+00  0.000E+00
 -6.3662500E+03 -0.000E+00 -0.000E+00  0.000E+00
 -6.3657500E+03 -0.000E+00 -0.000E+00  0.000E+00
 -6.3652500E+03 -0.000E+00 -0.000E+00  0.000E+00
 -6.3647500E+03 -0.000E+00 -0.000E+00  0.000E+00
 -6.3642500E+03 -0.000E+00 -0.000E+00  0.000E+00
 -6.3637500E+03 -0.000E+00 -0.000E+00  0.000E+00
 -6.3632500E+03 -0.000E+00 -0.000E+00  0.000E+00
 -6.3627500E+03 -0.000E+00 -0.000E+00  0.000E+00
 -6.3622500E+03 -0.000E+00 -0.000E+00  0.000E+00
 -6.3617500E+03 -0.000E+00 -0.000E+00  0.000E+00
 -6.3612500E+03 -0.000E+00 -0.000E+00  0.000E+00
 -6.3607500E+03 -0.000E+00 -0.000E+00  0.000E+00
 -6.3602500E+03 -0.000E+00 -0.000E+00  0.000E+00
 -6.3597500E+03 -0.000E+00 -0.000E+00  0.000E+00
 -6.3592500E+03 -0.000E+00 -0.000E+00  0.000E+00
 -6.3587500E+03 -0.000E+00 -0.000E+00  0.000E+00
 -6.3582500E+03 -0.000E+00 -0.000E+00  0.000E+00
 -6.3577500E+03 -0.000E+00 -0.000E+00  0.000E+00
 -6.3572500E+03 -0.000E+00 -0.000E+00  0.000E+00
 -6.3567500E+03 -0.000E+00 -0.000E+00  0.000E+00
 -6.3562500E+03 -0.000E+00 -0.000E+00  0.000E+00
 -6.3557500E+03 -0.000E+00 -0.000E+00  0.000E+00
 -6.3552500E+03 -0.000E+00 -0.000E+00  0.000E+00
 -6.3547500E+03 -0.000E+00 -0.000E+00  0.000E+00
 -6.3542500E+03 -0.000E+00 -0.000E+00  0.000E+00
 -6.3537500E+03 -0.000E+00 -0.000E+00  0.000E+00
 -6.3532500E+03 -0.000E+00 -0.000E+00  0.000E+00
 -6.3527500E+03 -0.000E+00 -0.000E+00  0.000E+00
 -6.3522500E+03 -0.000E+00 -0.000E+00  0.000E+00
 -6.3517500E+03 -0.000E+00 -0.000E+00  0.000E+00
 -6.3512500E+03 -0.000E+00 -0.000E+00  0.000E+00
 -6.3507500E+03 -0.000E+00 -0.000E+00  0.000E+00
 -6.3502500E+03 -0.000E+00 -0.000E+00  0.000E+00
 -6.3497500E+03 -0.000E+00 -0.000E+00  0.000E+00
 -6.3492500E+03 -0.000E+00 -0.000E+00  0.000E+00
 -6.3487500E+03 -0.000E+00 -0.000E+00  0.000E+00
 -6.3482500E+03 -0.000E+00 -0.000E+00  0.000E+00
 -6.3477500E+03 -0.000E+00 -0.000E+00  0.000E+00
 -6.3472500E+03 -0.000E+00 -0.000E+00  0.000E+00
 -6.3467500E+03 -0.000E+00 -0.000E+00  0.000E+00
 -6.3462500E+03 -0.000E+00 -0.000E+00  0.000E+00
 -6.3457500E+03 -0.000E+00 -0.000E+00  0.000E+00
 -6.3452500E+03 -0.000E+00 -0.000E+00  0.000E+00
 -6.3447500E+03 -0.000E+00 -0.000E+00  0.000E+00
 -6.3442500E+03 -0.000E+00 -0.000E+00  0.000E+00
 -6.3437500E+03 -0.000E+00 -0.000E+00  0.000E+00
 -6.3432500E+03 -0.000E+00 -0.000E+00  0.000E+00
 -6.3427500E+03 -0.000E+00 -0.000E+00  0.000E+00
 -6.3422500E+03 -0.000E+00 -0.000E+00  0.000E+00
 -6.3417500E+03 -0.000E+00 -0.000E+00  0.000E+00
 -6.3412500E+03 -0.000E+00 -0.000E+00  0.000E+00
 -6.3407500E+03 -0.000E+00 -0.000E+00  0.000E+00
 -6.3402500E+03 -0.000E+00 -0.000E+00  0.000E+00
 -6.3397500E+03 -0.000E+00 -0.000E+00  0.000E+00
 -6.3392500E+03 -0.000E+00 -0.000E+00  0.000E+00
 -6.3387500E+03 -0.000E+00 -0.000E+00  0.000E+00
 -6.3382500E+03 -0.000E+00 -0.000E+00  0.000E+00
 -6.3377500E+03 -0.000E+00 -0.000E+00  0.000E+00
 -6.3372500E+03 -0.000E+00 -0.000E+00  0.000E+00
 -6.3367500E+03 -0.000E+00 -0.000E+00  0.000E+00
 -6.3362500E+03 -0.000E+00 -0.000E+00  0.000E+00
 -6.3357500E+03 -0.000E+00 -0.000E+00  0.000E+00
 -6.3352500E+03 -0.000E+00 -0.000E+00  0.000E+00
 -6.3347500E+03 -0.000E+00 -0.000E+00  0.000E+00
 -6.3342500E+03 -0.000E+00 -0.000E+00  0.000E+00
 -6.3337500E+03 -0.000E+00 -0.000E+00  0.000E+00
 -6.3332500E+03 -0.000E+00 -0.000E+00  0.000E+00
 -6.3327500E+03 -0.000E+00 -0.000E+00  0.000E+00
 -6.3322500E+03 -0.000E+00 -0.000E+00  0.000E+00
 -6.3317500E+03 -0.000E+00 -0.000E+00  0.000E+00
 -6.3312500E+03 -0.000E+00 -0.000E+00  0.000E+00
 -6.3307500E+03 -0.000E+00 -0.000E+00  0.000E+00
 -6.3302500E+03 -0.000E+00 -0.000E+00  0.000E+00
 -6.3297500E+03 -0.000E+00 -0.000E+00  0.000E+00
 -6.3292500E+03 -0.000E+00 -0.000E+00  0.000E+00
 -6.3287500E+03 -0.000E+00 -0.000E+00  0.000E+00
 -6.3282500E+03 -0.000E+00 -0.000E+00  0.000E+00
 -6.3277500E+03 -0.000E+00 -0.000E+00  0.000E+00
 -6.3272500E+03 -0.000E+00 -0.000E+00  0.000E+00
 -6.3267500E+03 -0.000E+00 -0.000E+00  0.000E+00
 -6.3262500E+03 -0.000E+00 -0.000E+00  0.000E+00
 -6.3257500E+03 -0.000E+00 -0.000E+00  0.000E+00
 -6.3252500E+03 -0.000E+00 -0.000E+00  0.000E+00
 -6.3247500E+03 -0.000E+00 -0.000E+00  0.000E+00
 -6.3242500E+03 -0.000E+00 -0.000E+00  0.000E+00
 -6.3237500E+03 -0.000E+00 -0.000E+00  0.000E+00
 -6.3232500E+03 -0.000E+00 -0.000E+00  0.000E+00
 -6.3227500E+03 -0.000E+00 -0.000E+00  0.000E+00
 -6.3222500E+03 -0.000E+00 -0.000E+00  0.000E+00
 -6.3217500E+03 -0.000E+00 -0.000E+00  0.000E+00
 -6.3212500E+03 -0.000E+00 -0.000E+00  0.000E+00
 -6.3207500E+03 -0.000E+00 -0.000E+00  0.000E+00
 -6.3202500E+03 -0.000E+00 -0.000E+00  0.000E+00
 -6.3197500E+03 -0.000E+00 -0.000E+00  0.000E+00
 -6.3192500E+03 -0.000E+00 -0.000E+00  0.000E+00
 -6.3187500E+03 -0.000E+00 -0.000E+00  0.000E+00
 -6.3182500E+03 -0.000E+00 -0.000E+00  0.000E+00
 -6.3177500E+03 -0.000E+00 -0.000E+00  0.000E+00
 -6.3172500E+03 -0.000E+00 -0.000E+00  0.000E+00
 -6.3167500E+03 -0.000E+00 -0.000E+00  0.000E+00
 -6.3162500E+03 -0.000E+00 -0.000E+00  0.000E+00
 -6.3157500E+03 -0.000E+00 -0.000E+00  0.000E+00
 -6.3152500E+03 -0.000E+00 -0.000E+00  0.000E+00
 -6.3147500E+03 -0.000E+00 -0.000E+00  0.000E+00
 -6.3142500E+03 -0.000E+00 -0.000E+00  0.000E+00
 -6.3137500E+03 -0.000E+00 -0.000E+00  0.000E+00
 -6.3132500E+03 -0.000E+00 -0.000E+00  0.000E+00
 -6.3127500E+03 -0.000E+00 -0.000E+00  0.000E+00
 -6.3122500E+03 -0.000E+00 -0.000E+00  0.000E+00
 -6.3117500E+03 -0.000E+00 -0.000E+00  0.000E+00
 -6.3112500E+03 -0.000E+00 -0.000E+00  0.000E+00
 -6.3107500E+03 -0.000E+00 -0.000E+00  0.000E+00
 -6.3102500E+03 -0.000E+00 -0.000E+00  0.000E+00
 -6.3097500E+03 -0.000E+00 -0.000E+00  0.000E+00
 -6.3092500E+03 -0.000E+00 -0.000E+00  0.000E+00
 -6.3087500E+03 -0.000E+00 -0.000E+00  0.000E+00
 -6.3082500E+03 -0.000E+00 -0.000E+00  0.000E+00
 -6.3077500E+03 -0.000E+00 -0.000E+00  0.000E+00
 -6.3072500E+03 -0.000E+00 -0.000E+00  0.000E+00
 -6.3067500E+03 -0.000E+00 -0.000E+00  0.000E+00
 -6.3062500E+03 -0.000E+00 -0.000E+00  0.000E+00
 -6.3057500E+03 -0.000E+00 -0.000E+00  0.000E+00
 -6.3052500E+03 -0.000E+00 -0.000E+00  0.000E+00
 -6.3047500E+03 -0.000E+00 -0.000E+00  0.000E+00
 -6.3042500E+03 -0.000E+00 -0.000E+00  0.000E+00
 -6.3037500E+03 -0.000E+00 -0.000E+00  0.000E+00
 -6.3032500E+03 -0.000E+00 -0.000E+00  0.000E+00
 -6.3027500E+03 -0.000E+00 -0.000E+00  0.000E+00
 -6.3022500E+03 -0.000E+00 -0.000E+00  0.000E+00
 -6.3017500E+03 -0.000E+00 -0.000E+00  0.000E+00
 -6.3012500E+03 -0.000E+00 -0.000E+00  0.000E+00
 -6.3007500E+03 -0.000E+00 -0.000E+00  0.000E+00
 -6.3002500E+03 -0.000E+00 -0.000E+00  0.000E+00
 -6.2997500E+03 -0.000E+00 -0.000E+00  0.000E+00
 -6.2992500E+03 -0.000E+00 -0.000E+00  0.000E+00
 -6.2987500E+03 -0.000E+00 -0.000E+00  0.000E+00
 -6.2982500E+03 -0.000E+00 -0.000E+00  0.000E+00
 -6.2977500E+03 -0.000E+00 -0.000E+00  0.000E+00
 -6.2972500E+03 -0.000E+00 -0.000E+00  0.000E+00
 -6.2967500E+03 -0.000E+00 -0.000E+00  0.000E+00
 -6.2962500E+03 -0.000E+00 -0.000E+00  0.000E+00
 -6.2957500E+03 -0.000E+00 -0.000E+00  0.000E+00
 -6.2952500E+03 -0.000E+00 -0.000E+00  0.000E+00
 -6.2947500E+03 -0.000E+00 -0.000E+00  0.000E+00
 -6.2942500E+03 -0.000E+00 -0.000E+00  0.000E+00
 -6.2937500E+03 -0.000E+00 -0.000E+00  0.000E+00
 -6.2932500E+03 -0.000E+00 -0.000E+00  0.000E+00
 -6.2927500E+03 -0.000E+00 -0.000E+00  0.000E+00
 -6.2922500E+03 -0.000E+00 -0.000E+00  0.000E+00
 -6.2917500E+03 -0.000E+00 -0.000E+00  0.000E+00
 -6.2912500E+03 -0.000E+00 -0.000E+00  0.000E+00
 -6.2907500E+03 -7.804E-04 -4.003E-04 -7.171E-04
 -6.2902500E+03  9.486E-05  1.495E-04 -2.021E-04
 -6.2897500E+03  4.445E-03  2.239E-03  4.170E-03
 -6.2892500E+03 -7.085E-04  3.147E-04 -2.521E-03
 -6.2887500E+03 -2.658E-03 -1.121E-03 -3.068E-03
 -6.2882500E+03 -4.967E-04 -1.877E-04 -6.420E-04
 -6.2877500E+03 -3.475E-05  1.353E-04 -4.626E-04
 -6.2872500E+03 -7.339E-05 -1.616E-04  2.670E-04
 -6.2867500E+03  1.534E-04 -5.462E-05  5.078E-04
 -6.2862500E+03 -3.059E-04 -1.298E-04 -3.544E-04
 -6.2857500E+03 -9.692E-04 -1.378E-03  1.567E-03
 -6.2852500E+03 -9.973E-05 -2.054E-04  3.349E-04
 -6.2847500E+03 -2.995E-04 -3.357E-04  2.197E-04
 -6.2842500E+03  8.124E-04  3.430E-04  9.101E-04
 -6.2837500E+03 -2.304E-04 -4.420E-04  7.218E-04
 -6.2832500E+03 -8.606E-06  1.552E-04 -4.487E-04
 -6.2827500E+03  2.496E-04  3.599E-04 -4.225E-04
 -6.2822500E+03 -8.357E-04 -6.470E-04 -1.727E-05
 -6.2817500E+03  1.018E-04  1.411E-04 -1.780E-04
 -6.2812500E+03 -5.692E-04 -3.027E-04 -4.722E-04
 -6.2807500E+03  5.765E-05  1.148E-04 -1.754E-04
 -6.2802500E+03 -3.187E-03 -1.791E-03 -2.130E-03
 -6.2797500E+03 -6.639E-03 -4.752E-03 -1.733E-03
 -6.2792500E+03  1.380E-03  3.321E-03 -6.077E-03
 -6.2787500E+03 -7.541E-03 -6.292E-03  5.415E-04
 -6.2782500E+03 -1.537E-02 -7.172E-03 -1.459E-02
 -6.2777500E+03 -2.694E-02 -1.031E-02 -3.177E-02
 -6.2772500E+03 -4.406E-02 -2.859E-02 -1.942E-02
 -6.2767500E+03 -3.863E-02 -1.821E-02 -3.604E-02
 -6.2762500E+03 -1.043E-01 -6.742E-02 -4.688E-02
 -6.2757500E+03 -6.093E-02 -3.544E-02 -3.851E-02
 -6.2752500E+03 -9.087E-02 -4.577E-02 -7.684E-02
 -6.2747500E+03 -1.055E-01 -4.477E-02 -1.123E-01
 -6.2742500E+03 -1.515E-01 -8.771E-02 -9.682E-02
 -6.2737500E+03 -1.872E-01 -1.064E-01 -1.248E-01
 -6.2732500E+03 -2.860E-01 -1.749E-01 -1.568E-01
 -6.2727500E+03 -3.698E-01 -1.956E-01 -2.875E-01
 -6.2722500E+03 -3.536E-01 -2.052E-01 -2.253E-01
 -6.2717500E+03 -5.499E-01 -3.202E-01 -3.476E-01
 -6.2712500E+03 -6.979E-01 -4.299E-01 -3.772E-01
 -6.2707500E+03 -6.958E-01 -3.929E-01 -4.747E-01
 -6.2702500E+03 -1.031E+00 -5.886E-01 -6.855E-01
 -6.2697500E+03 -1.023E+00 -5.907E-01 -6.646E-01
 -6.2692500E+03 -1.424E+00 -8.655E-01 -8.066E-01
 -6.2687500E+03 -1.673E+00 -9.693E-01 -1.078E+00
 -6.2682500E+03 -1.910E+00 -1.188E+00 -1.010E+00
 -6.2677500E+03 -2.410E+00 -1.400E+00 -1.550E+00
 -6.2672500E+03 -2.747E+00 -1.683E+00 -1.528E+00
 -6.2667500E+03 -3.058E+00 -1.750E+00 -2.039E+00
 -6.2662500E+03 -3.110E+00 -1.917E+00 -1.702E+00
 -6.2657500E+03 -3.567E+00 -2.113E+00 -2.190E+00
 -6.2652500E+03 -4.224E+00 -2.560E+00 -2.437E+00
 -6.2647500E+03 -4.507E+00 -2.627E+00 -2.892E+00
 -6.2642500E+03 -5.150E+00 -3.018E+00 -3.263E+00
 -6.2637500E+03 -5.877E+00 -3.609E+00 -3.278E+00
 -6.2632500E+03 -6.350E+00 -4.020E+00 -3.218E+00
 -6.2627500E+03 -6.748E+00 -4.165E+00 -3.719E+00
 -6.2622500E+03 -7.028E+00 -4.222E+00 -4.196E+00
 -6.2617500E+03 -7.534E+00 -4.641E+00 -4.194E+00
 -6.2612500E+03 -8.298E+00 -5.067E+00 -4.741E+00
 -6.2607500E+03 -8.691E+00 -5.373E+00 -4.798E+00
 -6.2602500E+03 -9.059E+00 -5.613E+00 -4.975E+00
 -6.2597500E+03 -9.320E+00 -5.789E+00 -5.085E+00
 -6.2592500E+03 -9.777E+00 -6.113E+00 -5.236E+00
 -6.2587500E+03 -9.923E+00 -6.170E+00 -5.413E+00
 -6.2582500E+03 -1.090E+01 -6.982E+00 -5.404E+00
 -6.2577500E+03 -1.073E+01 -6.878E+00 -5.327E+00
 -6.2572500E+03 -1.088E+01 -6.726E+00 -6.064E+00
 -6.2567500E+03 -1.138E+01 -7.354E+00 -5.494E+00
 -6.2562500E+03 -1.115E+01 -6.983E+00 -5.990E+00
 -6.2557500E+03 -1.147E+01 -7.447E+00 -5.481E+00
 -6.2552500E+03 -1.140E+01 -7.043E+00 -6.414E+00
 -6.2547500E+03 -1.125E+01 -7.065E+00 -6.039E+00
 -6.2542500E+03 -1.216E+01 -7.798E+00 -6.097E+00
 -6.2537500E+03 -1.156E+01 -7.546E+00 -5.454E+00
 -6.2532500E+03 -1.145E+01 -7.314E+00 -5.850E+00
 -6.2527500E+03 -1.173E+01 -7.511E+00 -5.947E+00
 -6.2522500E+03 -1.103E+01 -6.949E+00 -5.918E+00
 -6.2517500E+03 -1.180E+01 -7.599E+00 -5.887E+00
 -6.2512500E+03 -1.118E+01 -7.237E+00 -5.516E+00
 -6.2507500E+03 -1.096E+01 -7.388E+00 -4.628E+00
 -6.2502500E+03 -1.112E+01 -7.397E+00 -4.967E+00
 -6.2497500E+03 -1.093E+01 -7.046E+00 -5.476E+00
 -6.2492500E+03 -1.034E+01 -6.708E+00 -5.093E+00
 -6.2487500E+03 -1.007E+01 -6.607E+00 -4.775E+00
 -6.2482500E+03 -9.367E+00 -6.063E+00 -4.676E+00
 -6.2477500E+03 -9.833E+00 -6.518E+00 -4.508E+00
 -6.2472500E+03 -9.637E+00 -6.198E+00 -4.931E+00
 -6.2467500E+03 -9.071E+00 -5.970E+00 -4.289E+00
 -6.2462500E+03 -9.136E+00 -6.103E+00 -4.093E+00
 -6.2457500E+03 -8.298E+00 -5.329E+00 -4.307E+00
 -6.2452500E+03 -7.830E+00 -5.243E+00 -3.506E+00
 -6.2447500E+03 -7.948E+00 -5.428E+00 -3.282E+00
 -6.2442500E+03 -7.026E+00 -4.414E+00 -3.939E+00
 -6.2437500E+03 -6.908E+00 -4.449E+00 -3.595E+00
 -6.2432500E+03 -6.543E+00 -4.334E+00 -3.096E+00
 -6.2427500E+03 -5.716E+00 -3.758E+00 -2.795E+00
 -6.2422500E+03 -5.435E+00 -3.603E+00 -2.587E+00
 -6.2417500E+03 -5.529E+00 -3.746E+00 -2.427E+00
 -6.2412500E+03 -5.648E+00 -3.956E+00 -2.139E+00
 -6.2407500E+03 -4.744E+00 -3.165E+00 -2.232E+00
 -6.2402500E+03 -4.828E+00 -3.332E+00 -1.980E+00
 -6.2397500E+03 -3.861E+00 -2.766E+00 -1.339E+00
 -6.2392500E+03 -3.741E+00 -2.626E+00 -1.451E+00
 -6.2387500E+03 -3.753E+00 -2.296E+00 -2.354E+00
 -6.2382500E+03 -3.030E+00 -2.216E+00 -9.644E-01
 -6.2377500E+03 -3.009E+00 -2.011E+00 -1.463E+00
 -6.2372500E+03 -2.861E+00 -1.892E+00 -1.446E+00
 -6.2367500E+03 -2.322E+00 -1.688E+00 -8.014E-01
 -6.2362500E+03 -2.415E+00 -1.747E+00 -8.508E-01
 -6.2357500E+03 -2.103E+00 -1.410E+00 -1.042E+00
 -6.2352500E+03 -2.343E+00 -1.747E+00 -6.984E-01
 -6.2347500E+03 -1.239E+00 -9.419E-01 -3.767E-01
 -6.2342500E+03 -1.262E+00 -7.937E-01 -8.095E-01
 -6.2337500E+03 -1.055E+00 -6.286E-01 -8.013E-01
 -6.2332500E+03 -1.217E+00 -8.271E-01 -6.239E-01
 -6.2327500E+03 -6.462E-01 -5.949E-01  1.357E-02
 -6.2322500E+03 -2.443E-01  1.038E-02 -6.872E-01
 -6.2317500E+03 -1.773E-01 -2.746E-01  2.038E-01
 -6.2312500E+03  1.590E-02 -9.515E-02  1.771E-01
 -6.2307500E+03 -6.244E-02 -6.293E-02 -8.068E-02
 -6.2302500E+03  4.348E-03  5.450E-02 -2.480E-01
 -6.2297500E+03  4.621E-01  2.196E-01  3.347E-01
 -6.2292500E+03  4.969E-01  5.088E-01 -3.419E-01
 -6.2287500E+03  3.100E-01 -3.489E-02  6.571E-01
 -6.2282500E+03  7.647E-01  5.683E-01  9.599E-02
 -6.2277500E+03  9.055E-01  3.954E-01  8.518E-01
 -6.2272500E+03  8.731E-01  5.927E-01  2.774E-01
 -6.2267500E+03  9.185E-01  5.530E-01  4.656E-01
 -6.2262500E+03  1.226E+00  6.847E-01  8.082E-01
 -6.2257500E+03  6.670E-01  4.071E-01  3.013E-01
 -6.2252500E+03  1.067E+00  6.408E-01  5.782E-01
 -6.2247500E+03  1.306E+00  7.655E-01  7.787E-01
 -6.2242500E+03  1.253E+00  8.259E-01  5.032E-01
 -6.2237500E+03  1.312E+00  9.705E-01  2.596E-01
 -6.2232500E+03  1.739E+00  1.168E+00  6.974E-01
 -6.2227500E+03  1.734E+00  1.145E+00  7.306E-01
 -6.2222500E+03  1.455E+00  9.970E-01  5.133E-01
 -6.2217500E+03  1.421E+00  8.579E-01  7.889E-01
 -6.2212500E+03  1.539E+00  9.665E-01  7.782E-01
 -6.2207500E+03  1.580E+00  1.131E+00  4.484E-01
 -6.2202500E+03  1.536E+00  1.009E+00  6.679E-01
 -6.2197500E+03  1.666E+00  1.137E+00  5.965E-01
 -6.2192500E+03  1.789E+00  1.142E+00  8.766E-01
 -6.2187500E+03  1.664E+00  1.174E+00  5.221E-01
 -6.2182500E+03  1.464E+00  9.050E-01  7.737E-01
 -6.2177500E+03  1.931E+00  1.211E+00  1.017E+00
 -6.2172500E+03  1.782E+00  1.104E+00  9.619E-01
 -6.2167500E+03  1.979E+00  1.366E+00  7.131E-01
 -6.2162500E+03  1.877E+00  1.337E+00  5.678E-01
 -6.2157500E+03  1.564E+00  9.459E-01  8.979E-01
 -6.2152500E+03  1.889E+00  1.293E+00  7.231E-01
 -6.2147500E+03  1.712E+00  1.192E+00  5.794E-01
 -6.2142500E+03  1.919E+00  1.220E+00  9.601E-01
 -6.2137500E+03  1.938E+00  1.365E+00  6.387E-01
 -6.2132500E+03  1.936E+00  1.299E+00  8.096E-01
 -6.2127500E+03  1.928E+00  1.297E+00  7.818E-01
 -6.2122500E+03  1.912E+00  1.190E+00  1.033E+00
 -6.2117500E+03  1.777E+00  1.165E+00  8.076E-01
 -6.2112500E+03  1.852E+00  1.227E+00  8.051E-01
 -6.2107500E+03  1.797E+00  1.217E+00  7.071E-01
 -6.2102500E+03  1.853E+00  1.255E+00  7.518E-01
 -6.2097500E+03  2.013E+00  1.342E+00  8.843E-01
 -6.2092500E+03  2.025E+00  1.414E+00  7.222E-01
 -6.2087500E+03  2.025E+00  1.297E+00  1.014E+00
 -6.2082500E+03  2.124E+00  1.350E+00  1.103E+00
 -6.2077500E+03  2.059E+00  1.251E+00  1.207E+00
 -6.2072500E+03  1.802E+00  1.211E+00  7.533E-01
 -6.2067500E+03  1.677E+00  1.096E+00  7.629E-01
 -6.2062500E+03  1.897E+00  1.160E+00  1.091E+00
 -6.2057500E+03  1.921E+00  1.284E+00  8.350E-01
 -6.2052500E+03  1.899E+00  1.208E+00  9.782E-01
 -6.2047500E+03  1.879E+00  1.280E+00  7.535E-01
 -6.2042500E+03  1.854E+00  1.171E+00  9.580E-01
 -6.2037500E+03  1.958E+00  1.321E+00  8.154E-01
 -6.2032500E+03  1.851E+00  1.185E+00  9.457E-01
 -6.2027500E+03  1.784E+00  1.160E+00  8.463E-01
 -6.2022500E+03  1.800E+00  1.211E+00  7.515E-01
 -6.2017500E+03  1.875E+00  1.235E+00  8.627E-01
 -6.2012500E+03  1.535E+00  9.771E-01  7.856E-01
 -6.2007500E+03  1.965E+00  1.334E+00  8.047E-01
 -6.2002500E+03  1.855E+00  1.201E+00  9.073E-01
 -6.1997500E+03  1.854E+00  1.268E+00  7.263E-01
 -6.1992500E+03  1.925E+00  1.331E+00  7.169E-01
 -6.1987500E+03  1.814E+00  1.173E+00  8.803E-01
 -6.1982500E+03  1.883E+00  1.220E+00  9.182E-01
 -6.1977500E+03  1.731E+00  1.144E+00  7.926E-01
 -6.1972500E+03  1.908E+00  1.272E+00  8.506E-01
 -6.1967500E+03  1.689E+00  1.018E+00  1.025E+00
 -6.1962500E+03  1.718E+00  1.061E+00  9.756E-01
 -6.1957500E+03  1.761E+00  1.237E+00  6.133E-01
 -6.1952500E+03  1.704E+00  1.245E+00  4.705E-01
 -6.1947500E+03  1.889E+00  1.179E+00  1.043E+00
 -6.1942500E+03  1.771E+00  1.137E+00  9.020E-01
 -6.1937500E+03  1.592E+00  1.004E+00  8.355E-01
 -6.1932500E+03  1.853E+00  1.261E+00  7.502E-01
 -6.1927500E+03  1.511E+00  1.004E+00  6.675E-01
 -6.1922500E+03  1.793E+00  1.221E+00  7.315E-01
 -6.1917500E+03  1.831E+00  1.300E+00  6.152E-01
 -6.1912500E+03  1.544E+00  1.011E+00  7.107E-01
 -6.1907500E+03  1.714E+00  1.164E+00  7.117E-01
 -6.1902500E+03  1.614E+00  1.015E+00  8.701E-01
 -6.1897500E+03  1.670E+00  1.090E+00  8.048E-01
 -6.1892500E+03  1.741E+00  1.115E+00  8.907E-01
 -6.1887500E+03  1.742E+00  1.180E+00  7.187E-01
 -6.1882500E+03  1.695E+00  1.097E+00  8.287E-01
 -6.1877500E+03  1.633E+00  1.055E+00  8.203E-01
 -6.1872500E+03  1.509E+00  9.894E-01  7.122E-01
 -6.1867500E+03  1.641E+00  1.038E+00  8.595E-01
 -6.1862500E+03  1.418E+00  9.164E-01  7.102E-01
 -6.1857500E+03  1.700E+00  1.174E+00  6.557E-01
 -6.1852500E+03  1.319E+00  8.901E-01  5.457E-01
 -6.1847500E+03  1.629E+00  1.103E+00  6.772E-01
 -6.1842500E+03  1.590E+00  1.020E+00  8.048E-01
 -6.1837500E+03  1.496E+00  9.208E-01  8.639E-01
 -6.1832500E+03  1.744E+00  1.125E+00  8.792E-01
 -6.1827500E+03  1.566E+00  1.041E+00  6.974E-01
 -6.1822500E+03  1.513E+00  9.911E-01  7.212E-01
 -6.1817500E+03  1.390E+00  8.413E-01  8.313E-01
 -6.1812500E+03  1.418E+00  9.306E-01  6.664E-01
 -6.1807500E+03  1.520E+00  1.004E+00  7.031E-01
 -6.1802500E+03  1.403E+00  9.187E-01  6.578E-01
 -6.1797500E+03  1.548E+00  9.792E-01  8.194E-01
 -6.1792500E+03  1.543E+00  1.038E+00  6.589E-01
 -6.1787500E+03  1.524E+00  1.023E+00  6.644E-01
 -6.1782500E+03  1.582E+00  1.031E+00  7.656E-01
 -6.1777500E+03  1.586E+00  1.035E+00  7.659E-01
 -6.1772500E+03  1.373E+00  8.465E-01  7.922E-01
 -6.1767500E+03  1.551E+00  1.044E+00  6.644E-01
 -6.1762500E+03  1.349E+00  8.605E-01  6.949E-01
 -6.1757500E+03  1.383E+00  9.205E-01  6.216E-01
 -6.1752500E+03  1.353E+00  9.071E-01  5.903E-01
 -6.1747500E+03  1.483E+00  9.671E-01  7.141E-01
 -6.1742500E+03  1.356E+00  8.554E-01  7.304E-01
 -6.1737500E+03  1.411E+00  8.656E-01  8.239E-01
 -6.1732500E+03  1.264E+00  8.005E-01  6.688E-01
 -6.1727500E+03  1.453E+00  9.315E-01  7.377E-01
 -6.1722500E+03  1.438E+00  8.960E-01  8.132E-01
 -6.1717500E+03  1.188E+00  7.285E-01  6.945E-01
 -6.1712500E+03  1.431E+00  8.959E-01  7.927E-01
 -6.1707500E+03  1.367E+00  8.736E-01  7.124E-01
 -6.1702500E+03  1.545E+00  1.067E+00  6.056E-01
 -6.1697500E+03  1.383E+00  9.409E-01  5.782E-01
 -6.1692500E+03  1.343E+00  8.198E-01  8.048E-01
 -6.1687500E+03  1.186E+00  7.578E-01  6.010E-01
 -6.1682500E+03  1.349E+00  8.840E-01  6.383E-01
 -6.1677500E+03  1.321E+00  8.939E-01  5.680E-01
 -6.1672500E+03  1.341E+00  8.387E-01  7.517E-01
 -6.1667500E+03  1.391E+00  9.420E-01  5.860E-01
 -6.1662500E+03  1.386E+00  9.159E-01  6.509E-01
 -6.1657500E+03  1.259E+00  7.323E-01  8.344E-01
 -6.1652500E+03  1.149E+00  7.679E-01  4.975E-01
 -6.1647500E+03  1.217E+00  8.060E-01  5.576E-01
 -6.1642500E+03  1.218E+00  8.051E-01  5.621E-01
 -6.1637500E+03  1.255E+00  8.122E-01  6.291E-01
 -6.1632500E+03  1.149E+00  7.264E-01  6.108E-01
 -6.1627500E+03  1.137E+00  7.339E-01  5.614E-01
 -6.1622500E+03  1.248E+00  8.183E-01  5.973E-01
 -6.1617500E+03  1.279E+00  8.453E-01  5.782E-01
 -6.1612500E+03  1.198E+00  7.775E-01  5.829E-01
 -6.1607500E+03  1.376E+00  8.903E-01  6.999E-01
 -6.1602500E+03  1.344E+00  8.562E-01  6.986E-01
 -6.1597500E+03  1.230E+00  7.563E-01  7.186E-01
 -6.1592500E+03  1.176E+00  7.541E-01  6.018E-01
 -6.1587500E+03  1.257E+00  8.467E-01  5.378E-01
 -6.1582500E+03  1.145E+00  7.750E-01  4.826E-01
 -6.1577500E+03  1.148E+00  7.479E-01  5.616E-01
 -6.1572500E+03  1.169E+00  7.365E-01  6.355E-01
 -6.1567500E+03  1.043E+00  6.348E-01  6.204E-01
 -6.1562500E+03  1.154E+00  7.240E-01  6.386E-01
 -6.1557500E+03  1.112E+00  6.940E-01  6.239E-01
 -6.1552500E+03  1.198E+00  7.866E-01  5.696E-01
 -6.1547500E+03  1.120E+00  7.088E-01  6.068E-01
 -6.1542500E+03  1.062E+00  6.858E-01  5.242E-01
 -6.1537500E+03  1.038E+00  7.041E-01  4.248E-01
 -6.1532500E+03  1.205E+00  7.336E-01  7.393E-01
 -6.1527500E+03  1.023E+00  6.712E-01  4.658E-01
 -6.1522500E+03  1.000E+00  6.706E-01  4.305E-01
 -6.1517500E+03  1.012E+00  6.494E-01  5.290E-01
 -6.1512500E+03  1.173E+00  7.176E-01  6.945E-01
 -6.1507500E+03  1.047E+00  6.437E-01  6.138E-01
 -6.1502500E+03  1.083E+00  7.405E-01  4.409E-01
 -6.1497500E+03  1.189E+00  7.423E-01  6.591E-01
 -6.1492500E+03  1.112E+00  7.082E-01  5.854E-01
 -6.1487500E+03  1.061E+00  7.034E-01  4.890E-01
 -6.1482500E+03  1.007E+00  6.577E-01  4.941E-01
 -6.1477500E+03  1.081E+00  6.985E-01  5.543E-01
 -6.1472500E+03  1.151E+00  7.291E-01  6.159E-01
 -6.1467500E+03  1.053E+00  7.213E-01  4.192E-01
 -6.1462500E+03  1.041E+00  6.736E-01  5.162E-01
 -6.1457500E+03  1.077E+00  7.267E-01  4.550E-01
 -6.1452500E+03  1.090E+00  6.911E-01  5.783E-01
 -6.1447500E+03  1.019E+00  6.695E-01  4.779E-01
 -6.1442500E+03  9.736E-01  6.121E-01  5.315E-01
 -6.1437500E+03  1.037E+00  6.608E-01  5.457E-01
 -6.1432500E+03  9.346E-01  6.523E-01  3.299E-01
 -6.1427500E+03  9.198E-01  6.308E-01  3.683E-01
 -6.1422500E+03  1.064E+00  6.710E-01  5.838E-01
 -6.1417500E+03  9.895E-01  6.106E-01  5.721E-01
 -6.1412500E+03  9.624E-01  6.281E-01  4.638E-01
 -6.1407500E+03  9.842E-01  6.569E-01  4.431E-01
 -6.1402500E+03  1.086E+00  7.206E-01  4.974E-01
 -6.1397500E+03  9.506E-01  5.821E-01  5.519E-01
 -6.1392500E+03  1.035E+00  6.363E-01  6.016E-01
 -6.1387500E+03  9.585E-01  6.341E-01  4.477E-01
 -6.1382500E+03  8.890E-01  5.748E-01  4.450E-01
 -6.1377500E+03  9.718E-01  5.953E-01  5.659E-01
 -6.1372500E+03  8.995E-01  5.711E-01  4.753E-01
 -6.1367500E+03  9.402E-01  5.927E-01  5.138E-01
 -6.1362500E+03  9.380E-01  5.982E-01  4.897E-01
 -6.1357500E+03  8.587E-01  5.409E-01  4.653E-01
 -6.1352500E+03  9.012E-01  5.852E-01  4.520E-01
 -6.1347500E+03  9.185E-01  6.186E-01  4.083E-01
 -6.1342500E+03  8.693E-01  5.858E-01  3.764E-01
 -6.1337500E+03  9.317E-01  6.006E-01  4.679E-01
 -6.1332500E+03  9.576E-01  6.381E-01  4.260E-01
 -6.1327500E+03  9.323E-01  5.690E-01  5.529E-01
 -6.1322500E+03  9.787E-01  6.136E-01  5.341E-01
 -6.1317500E+03  9.720E-01  6.419E-01  4.727E-01
 -6.1312500E+03  8.758E-01  5.543E-01  4.691E-01
 -6.1307500E+03  7.878E-01  4.987E-01  4.185E-01
 -6.1302500E+03  7.806E-01  5.090E-01  3.845E-01
 -6.1297500E+03  9.449E-01  6.057E-01  4.947E-01
 -6.1292500E+03  8.586E-01  5.377E-01  4.707E-01
 -6.1287500E+03  8.342E-01  5.043E-01  5.032E-01
 -6.1282500E+03  8.549E-01  6.004E-01  3.073E-01
 -6.1277500E+03  8.319E-01  5.232E-01  4.630E-01
 -6.1272500E+03  8.260E-01  5.318E-01  4.121E-01
 -6.1267500E+03  9.164E-01  5.706E-01  5.164E-01
 -6.1262500E+03  8.249E-01  5.640E-01  3.459E-01
 -6.1257500E+03  8.551E-01  5.685E-01  3.926E-01
 -6.1252500E+03  8.834E-01  5.247E-01  5.574E-01
 -6.1247500E+03  9.235E-01  5.912E-01  4.654E-01
 -6.1242500E+03  7.983E-01  5.143E-01  4.118E-01
 -6.1237500E+03  8.318E-01  5.147E-01  4.779E-01
 -6.1232500E+03  8.345E-01  5.431E-01  4.101E-01
 -6.1227500E+03  7.468E-01  4.565E-01  4.408E-01
 -6.1222500E+03  7.825E-01  4.782E-01  4.593E-01
 -6.1217500E+03  9.134E-01  5.637E-01  5.391E-01
 -6.1212500E+03  7.550E-01  5.142E-01  3.101E-01
 -6.1207500E+03  7.461E-01  4.557E-01  4.301E-01
 -6.1202500E+03  8.352E-01  5.261E-01  4.545E-01
 -6.1197500E+03  7.466E-01  4.388E-01  4.916E-01
 -6.1192500E+03  8.684E-01  5.624E-01  4.430E-01
 -6.1187500E+03  9.110E-01  6.040E-01  4.163E-01
 -6.1182500E+03  8.151E-01  5.486E-01  3.531E-01
 -6.1177500E+03  7.919E-01  4.927E-01  4.521E-01
 -6.1172500E+03  7.355E-01  4.666E-01  3.998E-01
 -6.1167500E+03  7.368E-01  4.936E-01  3.339E-01
 -6.1162500E+03  8.097E-01  5.227E-01  4.087E-01
 -6.1157500E+03  7.001E-01  4.188E-01  4.394E-01
 -6.1152500E+03  7.793E-01  4.955E-01  4.026E-01
 -6.1147500E+03  7.448E-01  5.186E-01  2.700E-01
 -6.1142500E+03  6.580E-01  4.469E-01  2.838E-01
 -6.1137500E+03  7.019E-01  4.208E-01  4.312E-01
 -6.1132500E+03  7.179E-01  4.702E-01  3.455E-01
 -6.1127500E+03  6.731E-01  4.174E-01  3.723E-01
 -6.1122500E+03  7.407E-01  4.741E-01  3.687E-01
 -6.1117500E+03  7.900E-01  4.829E-01  4.652E-01
 -6.1112500E+03  7.269E-01  4.359E-01  4.512E-01
 -6.1107500E+03  7.335E-01  4.933E-01  3.263E-01
 -6.1102500E+03  7.424E-01  4.692E-01  4.024E-01
 -6.1097500E+03  7.378E-01  4.811E-01  3.502E-01
 -6.1092500E+03  7.159E-01  4.376E-01  4.293E-01
 -6.1087500E+03  7.142E-01  4.384E-01  4.151E-01
 -6.1082500E+03  7.416E-01  4.516E-01  4.554E-01
 -6.1077500E+03  8.157E-01  5.174E-01  4.377E-01
 -6.1072500E+03  6.889E-01  4.375E-01  3.668E-01
 -6.1067500E+03  6.060E-01  3.875E-01  3.174E-01
 -6.1062500E+03  7.127E-01  4.520E-01  3.756E-01
 -6.1057500E+03  7.274E-01  4.817E-01  3.443E-01
 -6.1052500E+03  7.288E-01  4.669E-01  3.799E-01
 -6.1047500E+03  7.627E-01  5.147E-01  3.258E-01
 -6.1042500E+03  6.704E-01  4.609E-01  2.690E-01
 -6.1037500E+03  6.686E-01  4.395E-01  3.284E-01
 -6.1032500E+03  6.441E-01  4.380E-01  2.698E-01
 -6.1027500E+03  6.304E-01  3.706E-01  4.168E-01
 -6.1022500E+03  6.861E-01  4.884E-01  2.329E-01
 -6.1017500E+03  6.691E-01  4.206E-01  3.649E-01
 -6.1012500E+03  6.942E-01  4.097E-01  4.534E-01
 -6.1007500E+03  7.125E-01  4.356E-01  4.136E-01
 -6.1002500E+03  6.786E-01  4.370E-01  3.438E-01
 -6.0997500E+03  6.890E-01  4.520E-01  3.317E-01
 -6.0992500E+03  7.029E-01  4.540E-01  3.494E-01
 -6.0987500E+03  6.215E-01  3.867E-01  3.503E-01
 -6.0982500E+03  6.283E-01  4.063E-01  3.071E-01
 -6.0977500E+03  6.744E-01  4.404E-01  3.391E-01
 -6.0972500E+03  6.450E-01  4.052E-01  3.585E-01
 -6.0967500E+03  5.990E-01  3.472E-01  4.105E-01
 -6.0962500E+03  6.139E-01  3.762E-01  3.726E-01
 -6.0957500E+03  7.108E-01  4.711E-01  3.264E-01
 -6.0952500E+03  6.612E-01  4.189E-01  3.518E-01
 -6.0947500E+03  6.201E-01  4.132E-01  2.836E-01
 -6.0942500E+03  6.456E-01  4.109E-01  3.394E-01
 -6.0937500E+03  6.262E-01  3.992E-01  3.276E-01
 -6.0932500E+03  5.951E-01  3.712E-01  3.408E-01
 -6.0927500E+03  6.403E-01  3.732E-01  4.331E-01
 -6.0922500E+03  6.251E-01  4.248E-01  2.578E-01
 -6.0917500E+03  5.512E-01  3.424E-01  3.141E-01
 -6.0912500E+03  5.542E-01  3.415E-01  3.154E-01
 -6.0907500E+03  6.248E-01  3.942E-01  2.842E-01
 -6.0902500E+03  6.687E-01  4.352E-01  3.347E-01
 -6.0897500E+03  6.539E-01  4.491E-01  2.629E-01
 -6.0892500E+03  6.792E-01  4.585E-01  2.980E-01
 -6.0887500E+03  5.536E-01  3.481E-01  3.134E-01
 -6.0882500E+03  5.744E-01  3.163E-01  4.235E-01
 -6.0877500E+03  6.469E-01  3.896E-01  3.926E-01
 -6.0872500E+03  5.340E-01  3.391E-01  2.847E-01
 -6.0867500E+03  6.135E-01  3.983E-01  3.143E-01
 -6.0862500E+03  5.532E-01  3.656E-01  2.465E-01
 -6.0857500E+03  5.461E-01  3.546E-01  2.711E-01
 -6.0852500E+03  5.496E-01  3.196E-01  3.736E-01
 -6.0847500E+03  6.089E-01  4.043E-01  2.865E-01
 -6.0842500E+03  6.186E-01  3.891E-01  3.403E-01
 -6.0837500E+03  6.304E-01  3.856E-01  3.711E-01
 -6.0832500E+03  5.316E-01  3.085E-01  3.581E-01
 -6.0827500E+03  5.482E-01  3.942E-01  1.722E-01
 -6.0822500E+03  5.497E-01  3.815E-01  2.171E-01
 -6.0817500E+03  5.124E-01  3.237E-01  2.869E-01
 -6.0812500E+03  5.401E-01  3.780E-01  2.046E-01
 -6.0807500E+03  5.112E-01  3.123E-01  3.137E-01
 -6.0802500E+03  5.754E-01  3.564E-01  3.286E-01
 -6.0797500E+03  6.317E-01  4.089E-01  3.084E-01
 -6.0792500E+03  5.200E-01  3.309E-01  2.759E-01
 -6.0787500E+03  5.421E-01  3.556E-01  2.635E-01
 -6.0782500E+03  5.382E-01  3.282E-01  3.290E-01
 -6.0777500E+03  5.338E-01  3.247E-01  3.173E-01
 -6.0772500E+03  5.702E-01  3.583E-01  3.160E-01
 -6.0767500E+03  5.423E-01  3.431E-01  2.923E-01
 -6.0762500E+03  5.548E-01  3.783E-01  2.310E-01
 -6.0757500E+03  4.712E-01  3.062E-01  2.286E-01
 -6.0752500E+03  4.720E-01  2.781E-01  2.951E-01
 -6.0747500E+03  5.410E-01  3.560E-01  2.648E-01
 -6.0742500E+03  5.353E-01  3.556E-01  2.445E-01
 -6.0737500E+03  5.010E-01  2.987E-01  3.203E-01
 -6.0732500E+03  5.527E-01  3.355E-01  3.351E-01
 -6.0727500E+03  4.660E-01  3.086E-01  2.187E-01
 -6.0722500E+03  5.010E-01  3.088E-01  2.946E-01
 -6.0717500E+03  5.998E-01  3.895E-01  2.933E-01
 -6.0712500E+03  5.070E-01  3.420E-01  2.124E-01
 -6.0707500E+03  4.352E-01  2.765E-01  2.318E-01
 -6.0702500E+03  4.276E-01  2.385E-01  3.086E-01
 -6.0697500E+03  5.137E-01  3.202E-01  2.952E-01
 -6.0692500E+03  5.267E-01  3.480E-01  2.421E-01
 -6.0687500E+03  5.037E-01  3.060E-01  3.005E-01
 -6.0682500E+03  4.742E-01  2.892E-01  2.838E-01
 -6.0677500E+03  5.100E-01  3.212E-01  2.777E-01
 -6.0672500E+03  4.461E-01  2.628E-01  2.891E-01
 -6.0667500E+03  4.886E-01  3.263E-01  2.232E-01
 -6.0662500E+03  5.217E-01  3.314E-01  2.811E-01
 -6.0657500E+03  4.506E-01  2.700E-01  2.835E-01
 -6.0652500E+03  4.701E-01  2.609E-01  3.361E-01
 -6.0647500E+03  4.866E-01  2.860E-01  3.176E-01
 -6.0642500E+03  5.287E-01  3.387E-01  2.845E-01
 -6.0637500E+03  4.429E-01  2.696E-01  2.585E-01
 -6.0632500E+03  4.926E-01  3.382E-01  2.085E-01
 -6.0627500E+03  5.026E-01  3.374E-01  2.234E-01
 -6.0622500E+03  4.934E-01  3.324E-01  2.162E-01
 -6.0617500E+03  4.531E-01  2.832E-01  2.565E-01
 -6.0612500E+03  4.123E-01  2.714E-01  1.994E-01
 -6.0607500E+03  5.127E-01  3.435E-01  2.193E-01
 -6.0602500E+03  4.304E-01  2.583E-01  2.648E-01
 -6.0597500E+03  4.206E-01  2.346E-01  3.094E-01
 -6.0592500E+03  4.651E-01  2.917E-01  2.581E-01
 -6.0587500E+03  4.983E-01  3.138E-01  2.741E-01
 -6.0582500E+03  5.036E-01  3.360E-01  2.269E-01
 -6.0577500E+03  4.838E-01  3.074E-01  2.631E-01
 -6.0572500E+03  3.995E-01  2.712E-01  1.753E-01
 -6.0567500E+03  4.089E-01  2.667E-01  1.954E-01
 -6.0562500E+03  4.662E-01  2.873E-01  2.665E-01
 -6.0557500E+03  5.285E-01  3.556E-01  2.364E-01
 -6.0552500E+03  4.995E-01  3.146E-01  2.779E-01
 -6.0547500E+03  4.334E-01  2.453E-01  3.038E-01
 -6.0542500E+03  5.070E-01  3.288E-01  2.603E-01
 -6.0537500E+03  4.259E-01  2.380E-01  3.097E-01
 -6.0532500E+03  4.378E-01  2.566E-01  2.817E-01
 -6.0527500E+03  4.594E-01  2.955E-01  2.380E-01
 -6.0522500E+03  4.073E-01  2.731E-01  1.865E-01
 -6.0517500E+03  3.747E-01  2.194E-01  2.432E-01
 -6.0512500E+03  3.913E-01  2.398E-01  2.310E-01
 -6.0507500E+03  4.383E-01  2.925E-01  1.933E-01
 -6.0502500E+03  4.499E-01  3.031E-01  1.839E-01
 -6.0497500E+03  4.455E-01  2.743E-01  2.655E-01
 -6.0492500E+03  3.915E-01  2.300E-01  2.517E-01
 -6.0487500E+03  4.574E-01  3.118E-01  1.908E-01
 -6.0482500E+03  4.918E-01  3.022E-01  2.894E-01
 -6.0477500E+03  4.544E-01  2.806E-01  2.565E-01
 -6.0472500E+03  4.136E-01  2.508E-01  2.436E-01
 -6.0467500E+03  4.322E-01  2.972E-01  1.862E-01
 -6.0462500E+03  4.156E-01  2.609E-01  2.296E-01
 -6.0457500E+03  4.311E-01  2.724E-01  2.448E-01
 -6.0452500E+03  3.616E-01  1.960E-01  2.741E-01
 -6.0447500E+03  3.354E-01  2.154E-01  1.714E-01
 -6.0442500E+03  4.465E-01  3.195E-01  1.383E-01
 -6.0437500E+03  3.983E-01  2.651E-01  1.913E-01
 -6.0432500E+03  3.889E-01  2.222E-01  2.752E-01
 -6.0427500E+03  3.810E-01  2.596E-01  1.561E-01
 -6.0422500E+03  4.208E-01  2.968E-01  1.540E-01
 -6.0417500E+03  3.440E-01  2.156E-01  1.901E-01
 -6.0412500E+03  3.650E-01  2.207E-01  2.265E-01
 -6.0407500E+03  3.914E-01  2.431E-01  2.193E-01
 -6.0402500E+03  3.485E-01  2.137E-01  1.964E-01
 -6.0397500E+03  4.189E-01  2.618E-01  2.484E-01
 -6.0392500E+03  4.307E-01  2.405E-01  3.039E-01
 -6.0387500E+03  4.015E-01  2.617E-01  1.985E-01
 -6.0382500E+03  3.666E-01  2.229E-01  2.258E-01
 -6.0377500E+03  3.492E-01  2.163E-01  2.003E-01
 -6.0372500E+03  3.538E-01  2.500E-01  1.318E-01
 -6.0367500E+03  3.917E-01  2.522E-01  2.025E-01
 -6.0362500E+03  3.749E-01  2.313E-01  2.100E-01
 -6.0357500E+03  3.506E-01  2.173E-01  1.974E-01
 -6.0352500E+03  3.600E-01  2.145E-01  2.276E-01
 -6.0347500E+03  3.708E-01  2.421E-01  1.885E-01
 -6.0342500E+03  3.884E-01  2.600E-01  1.729E-01
 -6.0337500E+03  3.713E-01  2.400E-01  1.933E-01
 -6.0332500E+03  4.311E-01  2.746E-01  2.335E-01
 -6.0327500E+03  3.526E-01  2.077E-01  2.241E-01
 -6.0322500E+03  3.173E-01  1.830E-01  2.134E-01
 -6.0317500E+03  3.355E-01  2.072E-01  1.890E-01
 -6.0312500E+03  3.717E-01  2.420E-01  1.791E-01
 -6.0307500E+03  3.923E-01  2.576E-01  1.811E-01
 -6.0302500E+03  3.479E-01  1.995E-01  2.337E-01
 -6.0297500E+03  3.645E-01  2.234E-01  2.064E-01
 -6.0292500E+03  4.043E-01  2.662E-01  1.909E-01
 -6.0287500E+03  3.885E-01  2.533E-01  1.866E-01
 -6.0282500E+03  3.326E-01  2.095E-01  1.820E-01
 -6.0277500E+03  3.227E-01  1.966E-01  2.018E-01
 -6.0272500E+03  3.987E-01  2.674E-01  1.761E-01
 -6.0267500E+03  3.933E-01  2.568E-01  1.904E-01
 -6.0262500E+03  3.160E-01  2.042E-01  1.443E-01
 -6.0257500E+03  3.562E-01  2.203E-01  2.195E-01
 -6.0252500E+03  3.431E-01  2.134E-01  2.000E-01
 -6.0247500E+03  3.426E-01  2.278E-01  1.644E-01
 -6.0242500E+03  3.302E-01  1.951E-01  1.984E-01
 -6.0237500E+03  3.351E-01  2.148E-01  1.638E-01
 -6.0232500E+03  3.483E-01  2.180E-01  1.796E-01
 -6.0227500E+03  3.546E-01  2.187E-01  2.235E-01
 -6.0222500E+03  3.268E-01  2.155E-01  1.561E-01
 -6.0217500E+03  3.372E-01  2.271E-01  1.477E-01
 -6.0212500E+03  3.415E-01  2.104E-01  2.110E-01
 -6.0207500E+03  2.876E-01  1.738E-01  1.665E-01
 -6.0202500E+03  3.437E-01  2.259E-01  1.634E-01
 -6.0197500E+03  3.867E-01  2.417E-01  2.103E-01
 -6.0192500E+03  3.594E-01  2.200E-01  2.129E-01
 -6.0187500E+03  3.194E-01  1.710E-01  2.498E-01
 -6.0182500E+03  3.305E-01  1.909E-01  2.282E-01
 -6.0177500E+03  3.306E-01  2.030E-01  1.876E-01
 -6.0172500E+03  3.156E-01  2.162E-01  1.285E-01
 -6.0167500E+03  3.241E-01  2.061E-01  1.640E-01
 -6.0162500E+03  3.483E-01  2.433E-01  1.493E-01
 -6.0157500E+03  3.258E-01  1.977E-01  1.943E-01
 -6.0152500E+03  2.770E-01  1.360E-01  2.435E-01
 -6.0147500E+03  3.237E-01  2.044E-01  1.650E-01
 -6.0142500E+03  3.033E-01  2.123E-01  1.113E-01
 -6.0137500E+03  3.232E-01  1.845E-01  2.043E-01
 -6.0132500E+03  2.914E-01  1.756E-01  1.949E-01
 -6.0127500E+03  3.188E-01  2.034E-01  1.902E-01
 -6.0122500E+03  3.329E-01  2.375E-01  1.115E-01
 -6.0117500E+03  2.497E-01  1.389E-01  1.700E-01
 -6.0112500E+03  3.532E-01  2.380E-01  1.595E-01
 -6.0107500E+03  2.925E-01  2.043E-01  1.061E-01
 -6.0102500E+03  2.733E-01  1.784E-01  1.360E-01
 -6.0097500E+03  2.790E-01  1.836E-01  1.358E-01
 -6.0092500E+03  3.249E-01  1.973E-01  2.004E-01
 -6.0087500E+03  3.197E-01  1.976E-01  1.840E-01
 -6.0082500E+03  3.204E-01  1.970E-01  1.874E-01
 -6.0077500E+03  3.455E-01  2.265E-01  1.539E-01
 -6.0072500E+03  2.805E-01  1.944E-01  1.338E-01
 -6.0067500E+03  3.046E-01  1.744E-01  2.064E-01
 -6.0062500E+03  3.348E-01  2.175E-01  1.670E-01
 -6.0057500E+03  3.133E-01  1.816E-01  2.317E-01
 -6.0052500E+03  2.816E-01  1.786E-01  1.509E-01
 -6.0047500E+03  2.863E-01  1.701E-01  1.855E-01
 -6.0042500E+03  2.767E-01  1.637E-01  1.784E-01
 -6.0037500E+03  3.160E-01  2.158E-01  1.375E-01
 -6.0032500E+03  2.911E-01  1.931E-01  1.446E-01
 -6.0027500E+03  2.773E-01  1.720E-01  1.549E-01
 -6.0022500E+03  2.901E-01  1.649E-01  1.935E-01
 -6.0017500E+03  2.890E-01  1.854E-01  1.643E-01
 -6.0012500E+03  2.795E-01  1.673E-01  1.767E-01
 -6.0007500E+03  2.752E-01  1.941E-01  9.219E-02
 -6.0002500E+03  2.547E-01  1.640E-01  1.193E-01
 -5.9997500E+03  2.610E-01  1.556E-01  1.657E-01
 -5.9992500E+03  2.814E-01  1.943E-01  1.075E-01
 -5.9987500E+03  2.828E-01  1.805E-01  1.497E-01
 -5.9982500E+03  3.267E-01  2.006E-01  1.871E-01
 -5.9977500E+03  2.922E-01  1.819E-01  1.742E-01
 -5.9972500E+03  2.899E-01  1.575E-01  2.275E-01
 -5.9967500E+03  2.554E-01  1.506E-01  1.528E-01
 -5.9962500E+03  2.626E-01  1.599E-01  1.515E-01
 -5.9957500E+03  2.633E-01  1.470E-01  1.853E-01
 -5.9952500E+03  2.791E-01  1.905E-01  1.236E-01
 -5.9947500E+03  2.390E-01  1.424E-01  1.478E-01
 -5.9942500E+03  2.432E-01  1.546E-01  1.322E-01
 -5.9937500E+03  2.631E-01  1.632E-01  1.510E-01
 -5.9932500E+03  2.350E-01  1.298E-01  1.685E-01
 -5.9927500E+03  2.421E-01  1.712E-01  8.666E-02
 -5.9922500E+03  3.018E-01  1.911E-01  1.540E-01
 -5.9917500E+03  2.886E-01  1.740E-01  1.914E-01
 -5.9912500E+03  2.873E-01  1.815E-01  1.568E-01
 -5.9907500E+03  2.463E-01  1.609E-01  1.257E-01
 -5.9902500E+03  2.759E-01  1.549E-01  1.920E-01
 -5.9897500E+03  2.542E-01  1.590E-01  1.461E-01
 -5.9892500E+03  1.944E-01  1.378E-01  7.108E-02
 -5.9887500E+03  2.448E-01  1.529E-01  1.248E-01
 -5.9882500E+03  3.078E-01  2.062E-01  1.360E-01
 -5.9877500E+03  2.533E-01  1.488E-01  1.688E-01
 -5.9872500E+03  2.743E-01  1.868E-01  1.340E-01
 -5.9867500E+03  2.729E-01  1.599E-01  1.881E-01
 -5.9862500E+03  2.438E-01  1.296E-01  1.979E-01
 -5.9857500E+03  2.319E-01  1.524E-01  1.156E-01
 -5.9852500E+03  2.431E-01  1.722E-01  8.430E-02
 -5.9847500E+03  2.584E-01  1.665E-01  1.348E-01
 -5.9842500E+03  2.702E-01  1.684E-01  1.534E-01
 -5.9837500E+03  2.371E-01  1.448E-01  1.394E-01
 -5.9832500E+03  2.512E-01  1.352E-01  1.952E-01
 -5.9827500E+03  2.396E-01  1.559E-01  1.139E-01
 -5.9822500E+03  2.601E-01  1.751E-01  1.071E-01
 -5.9817500E+03  2.581E-01  1.519E-01  1.525E-01
 -5.9812500E+03  2.413E-01  1.439E-01  1.485E-01
 -5.9807500E+03  2.669E-01  1.579E-01  1.793E-01
 -5.9802500E+03  2.801E-01  1.893E-01  1.271E-01
 -5.9797500E+03  2.348E-01  1.364E-01  1.440E-01
 -5.9792500E+03  2.925E-01  1.754E-01  1.801E-01
 -5.9787500E+03  2.286E-01  1.522E-01  9.252E-02
 -5.9782500E+03  2.606E-01  1.738E-01  1.234E-01
 -5.9777500E+03  2.176E-01  1.349E-01  1.322E-01
 -5.9772500E+03  2.512E-01  1.697E-01  1.038E-01
 -5.9767500E+03  2.079E-01  1.361E-01  1.214E-01
 -5.9762500E+03  2.261E-01  1.268E-01  1.709E-01
 -5.9757500E+03  2.483E-01  1.534E-01  1.336E-01
 -5.9752500E+03  2.487E-01  1.709E-01  1.001E-01
 -5.9747500E+03  2.252E-01  1.519E-01  1.073E-01
 -5.9742500E+03  2.192E-01  1.591E-01  8.874E-02
 -5.9737500E+03  2.581E-01  1.509E-01  1.407E-01
 -5.9732500E+03  1.985E-01  1.358E-01  8.615E-02
 -5.9727500E+03  2.038E-01  1.211E-01  1.446E-01
 -5.9722500E+03  2.353E-01  1.416E-01  1.431E-01
 -5.9717500E+03  2.693E-01  1.850E-01  1.114E-01
 -5.9712500E+03  2.336E-01  1.335E-01  1.711E-01
 -5.9707500E+03  2.673E-01  1.443E-01  2.153E-01
 -5.9702500E+03  2.463E-01  1.537E-01  1.222E-01
 -5.9697500E+03  2.031E-01  1.207E-01  1.230E-01
 -5.9692500E+03  2.352E-01  1.552E-01  1.121E-01
 -5.9687500E+03  2.469E-01  1.479E-01  1.448E-01
 -5.9682500E+03  2.307E-01  1.426E-01  1.208E-01
 -5.9677500E+03  2.807E-01  1.910E-01  1.273E-01
 -5.9672500E+03  2.021E-01  1.215E-01  1.183E-01
 -5.9667500E+03  2.089E-01  1.349E-01  1.079E-01
 -5.9662500E+03  2.067E-01  1.084E-01  1.565E-01
 -5.9657500E+03  2.130E-01  1.355E-01  1.015E-01
 -5.9652500E+03  2.048E-01  1.196E-01  1.455E-01
 -5.9647500E+03  1.549E-01  9.685E-02  8.614E-02
 -5.9642500E+03  2.049E-01  1.209E-01  1.354E-01
 -5.9637500E+03  2.159E-01  1.417E-01  1.073E-01
 -5.9632500E+03  2.588E-01  1.716E-01  1.232E-01
 -5.9627500E+03  1.984E-01  1.146E-01  1.415E-01
 -5.9622500E+03  2.023E-01  1.311E-01  1.078E-01
 -5.9617500E+03  1.955E-01  1.297E-01  9.143E-02
 -5.9612500E+03  2.028E-01  1.096E-01  1.557E-01
 -5.9607500E+03  2.065E-01  1.035E-01  1.749E-01
 -5.9602500E+03  1.948E-01  1.316E-01  9.138E-02
 -5.9597500E+03  2.255E-01  1.458E-01  1.036E-01
 -5.9592500E+03  2.012E-01  1.278E-01  1.257E-01
 -5.9587500E+03  2.390E-01  1.614E-01  1.064E-01
 -5.9582500E+03  2.450E-01  1.721E-01  1.035E-01
 -5.9577500E+03  2.289E-01  1.455E-01  1.205E-01
 -5.9572500E+03  2.077E-01  1.298E-01  1.028E-01
 -5.9567500E+03  2.139E-01  1.378E-01  1.007E-01
 -5.9562500E+03  2.509E-01  1.571E-01  1.403E-01
 -5.9557500E+03  1.846E-01  9.529E-02  1.447E-01
 -5.9552500E+03  2.135E-01  1.478E-01  8.490E-02
 -5.9547500E+03  2.077E-01  1.375E-01  9.694E-02
 -5.9542500E+03  2.254E-01  1.345E-01  1.408E-01
 -5.9537500E+03  2.122E-01  1.369E-01  1.164E-01
 -5.9532500E+03  2.221E-01  1.474E-01  1.025E-01
 -5.9527500E+03  2.237E-01  1.593E-01  9.535E-02
 -5.9522500E+03  1.894E-01  1.053E-01  1.353E-01
 -5.9517500E+03  1.442E-01  7.894E-02  1.037E-01
 -5.9512500E+03  1.719E-01  1.088E-01  8.481E-02
 -5.9507500E+03  1.735E-01  1.288E-01  4.952E-02
 -5.9502500E+03  2.134E-01  1.308E-01  1.221E-01
 -5.9497500E+03  2.071E-01  1.361E-01  9.755E-02
 -5.9492500E+03  2.039E-01  1.293E-01  1.121E-01
 -5.9487500E+03  1.983E-01  1.244E-01  1.388E-01
 -5.9482500E+03  1.899E-01  1.143E-01  1.306E-01
 -5.9477500E+03  1.883E-01  1.217E-01  1.026E-01
 -5.9472500E+03  2.272E-01  1.472E-01  1.125E-01
 -5.9467500E+03  1.601E-01  9.089E-02  1.179E-01
 -5.9462500E+03  1.907E-01  1.047E-01  1.299E-01
 -5.9457500E+03  1.959E-01  1.152E-01  1.131E-01
 -5.9452500E+03  2.227E-01  1.488E-01  9.778E-02
 -5.9447500E+03  1.884E-01  1.062E-01  1.263E-01
 -5.9442500E+03  1.606E-01  9.767E-02  9.100E-02
 -5.9437500E+03  1.872E-01  9.197E-02  1.475E-01
 -5.9432500E+03  1.935E-01  1.057E-01  1.330E-01
 -5.9427500E+03  2.040E-01  1.538E-01  4.886E-02
 -5.9422500E+03  1.808E-01  1.446E-01  2.518E-02
 -5.9417500E+03  1.685E-01  1.153E-01  7.368E-02
 -5.9412500E+03  1.894E-01  1.090E-01  1.341E-01
 -5.9407500E+03  1.731E-01  9.904E-02  1.145E-01
 -5.9402500E+03  1.640E-01  8.798E-02  1.358E-01
 -5.9397500E+03  1.936E-01  1.269E-01  8.221E-02
 -5.9392500E+03  1.692E-01  1.000E-01  1.204E-01
 -5.9387500E+03  1.692E-01  9.211E-02  1.314E-01
 -5.9382500E+03  1.468E-01  8.170E-02  9.879E-02
 -5.9377500E+03  1.944E-01  1.138E-01  1.248E-01
 -5.9372500E+03  2.348E-01  1.461E-01  1.294E-01
 -5.9367500E+03  1.874E-01  1.128E-01  1.136E-01
 -5.9362500E+03  1.664E-01  1.112E-01  8.024E-02
 -5.9357500E+03  1.551E-01  9.124E-02  9.236E-02
 -5.9352500E+03  1.859E-01  1.170E-01  1.041E-01
 -5.9347500E+03  1.609E-01  1.035E-01  8.991E-02
 -5.9342500E+03  1.687E-01  9.651E-02  1.027E-01
 -5.9337500E+03  1.886E-01  1.157E-01  1.206E-01
 -5.9332500E+03  1.669E-01  1.131E-01  7.928E-02
 -5.9327500E+03  2.096E-01  1.349E-01  1.158E-01
 -5.9322500E+03  1.789E-01  1.086E-01  1.095E-01
 -5.9317500E+03  1.665E-01  9.037E-02  1.112E-01
 -5.9312500E+03  1.546E-01  9.733E-02  8.329E-02
 -5.9307500E+03  1.761E-01  1.054E-01  1.071E-01
 -5.9302500E+03  1.527E-01  8.730E-02  1.140E-01
 -5.9297500E+03  1.620E-01  1.057E-01  7.248E-02
 -5.9292500E+03  1.677E-01  1.158E-01  5.027E-02
 -5.9287500E+03  1.796E-01  1.265E-01  7.409E-02
 -5.9282500E+03  1.449E-01  7.848E-02  1.150E-01
 -5.9277500E+03  2.037E-01  1.574E-01  5.835E-02
 -5.9272500E+03  1.672E-01  1.010E-01  9.736E-02
 -5.9267500E+03  1.699E-01  9.407E-02  1.390E-01
 -5.9262500E+03  1.503E-01  9.979E-02  7.602E-02
 -5.9257500E+03  1.515E-01  8.566E-02  1.082E-01
 -5.9252500E+03  1.632E-01  9.390E-02  1.081E-01
 -5.9247500E+03  1.497E-01  9.089E-02  8.635E-02
 -5.9242500E+03  1.115E-01  6.404E-02  6.488E-02
 -5.9237500E+03  1.621E-01  1.168E-01  5.331E-02
 -5.9232500E+03  2.317E-01  1.367E-01  1.498E-01
 -5.9227500E+03  1.908E-01  1.325E-01  7.735E-02
 -5.9222500E+03  1.482E-01  9.816E-02  7.085E-02
 -5.9217500E+03  1.302E-01  6.443E-02  1.180E-01
 -5.9212500E+03  1.425E-01  9.301E-02  6.632E-02
 -5.9207500E+03  1.828E-01  1.156E-01  1.006E-01
 -5.9202500E+03  1.897E-01  1.098E-01  1.308E-01
 -5.9197500E+03  1.624E-01  1.190E-01  5.572E-02
 -5.9192500E+03  1.708E-01  1.186E-01  7.871E-02
 -5.9187500E+03  1.862E-01  1.030E-01  1.343E-01
 -5.9182500E+03  1.390E-01  8.559E-02  8.257E-02
 -5.9177500E+03  1.916E-01  1.199E-01  1.089E-01
 -5.9172500E+03  1.742E-01  1.120E-01  9.343E-02
 -5.9167500E+03  1.446E-01  8.789E-02  9.029E-02
 -5.9162500E+03  1.573E-01  1.028E-01  6.576E-02
 -5.9157500E+03  1.540E-01  7.503E-02  1.349E-01
 -5.9152500E+03  1.631E-01  1.105E-01  8.826E-02
 -5.9147500E+03  1.645E-01  8.621E-02  1.188E-01
 -5.9142500E+03  1.158E-01  6.381E-02  8.901E-02
 -5.9137500E+03  1.669E-01  1.122E-01  7.158E-02
 -5.9132500E+03  1.630E-01  1.024E-01  8.976E-02
 -5.9127500E+03  1.268E-01  6.219E-02  1.053E-01
 -5.9122500E+03  1.995E-01  1.289E-01  1.093E-01
 -5.9117500E+03  1.890E-01  1.334E-01  7.351E-02
 -5.9112500E+03  1.616E-01  9.115E-02  1.171E-01
 -5.9107500E+03  1.410E-01  8.622E-02  8.425E-02
 -5.9102500E+03  1.665E-01  1.133E-01  6.252E-02
 -5.9097500E+03  1.442E-01  1.015E-01  6.059E-02
 -5.9092500E+03  1.398E-01  9.560E-02  6.465E-02
 -5.9087500E+03  1.038E-01  4.413E-02  1.108E-01
 -5.9082500E+03  1.277E-01  7.720E-02  8.283E-02
 -5.9077500E+03  1.127E-01  7.263E-02  6.773E-02
 -5.9072500E+03  1.474E-01  8.612E-02  1.044E-01
 -5.9067500E+03  1.482E-01  8.037E-02  1.004E-01
 -5.9062500E+03  1.575E-01  8.258E-02  1.082E-01
 -5.9057500E+03  1.512E-01  9.623E-02  7.907E-02
 -5.9052500E+03  1.462E-01  9.730E-02  6.704E-02
 -5.9047500E+03  1.469E-01  7.386E-02  1.209E-01
 -5.9042500E+03  1.632E-01  1.019E-01  9.221E-02
 -5.9037500E+03  1.450E-01  1.096E-01  4.982E-02
 -5.9032500E+03  1.553E-01  1.016E-01  6.854E-02
 -5.9027500E+03  1.241E-01  7.910E-02  6.020E-02
 -5.9022500E+03  1.241E-01  7.654E-02  7.262E-02
 -5.9017500E+03  1.468E-01  1.062E-01  5.230E-02
 -5.9012500E+03  1.525E-01  9.017E-02  9.607E-02
 -5.9007500E+03  1.265E-01  7.409E-02  8.801E-02
 -5.9002500E+03  1.690E-01  1.166E-01  6.055E-02
 -5.8997500E+03  1.571E-01  1.096E-01  6.448E-02
 -5.8992500E+03  1.355E-01  9.987E-02  3.628E-02
 -5.8987500E+03  1.052E-01  6.630E-02  5.879E-02
 -5.8982500E+03  1.150E-01  5.531E-02  9.282E-02
 -5.8977500E+03  1.734E-01  9.899E-02  1.188E-01
 -5.8972500E+03  1.474E-01  8.043E-02  1.076E-01
 -5.8967500E+03  1.579E-01  1.068E-01  6.457E-02
 -5.8962500E+03  1.282E-01  5.801E-02  1.228E-01
 -5.8957500E+03  1.274E-01  6.975E-02  9.302E-02
 -5.8952500E+03  1.699E-01  1.147E-01  8.037E-02
 -5.8947500E+03  1.246E-01  9.491E-02  4.464E-02
 -5.8942500E+03  9.517E-02  5.342E-02  5.582E-02
 -5.8937500E+03  1.356E-01  8.476E-02  8.084E-02
 -5.8932500E+03  1.688E-01  1.244E-01  5.209E-02
 -5.8927500E+03  1.389E-01  1.081E-01  2.631E-02
 -5.8922500E+03  9.866E-02  6.324E-02  6.271E-02
 -5.8917500E+03  1.194E-01  6.909E-02  8.736E-02
 -5.8912500E+03  1.388E-01  9.706E-02  3.984E-02
 -5.8907500E+03  1.318E-01  1.026E-01  2.128E-02
 -5.8902500E+03  1.832E-01  1.260E-01  6.534E-02
 -5.8897500E+03  1.543E-01  8.213E-02  1.298E-01
 -5.8892500E+03  1.401E-01  9.116E-02  6.725E-02
 -5.8887500E+03  1.454E-01  8.820E-02  8.535E-02
 -5.8882500E+03  1.001E-01  5.300E-02  8.280E-02
 -5.8877500E+03  8.671E-02  3.793E-02  8.932E-02
 -5.8872500E+03  1.243E-01  6.273E-02  9.708E-02
 -5.8867500E+03  1.245E-01  6.664E-02  8.653E-02
 -5.8862500E+03  1.389E-01  1.089E-01  3.224E-02
 -5.8857500E+03  1.183E-01  8.126E-02  5.245E-02
 -5.8852500E+03  1.261E-01  7.581E-02  8.275E-02
 -5.8847500E+03  9.611E-02  4.807E-02  8.778E-02
 -5.8842500E+03  1.362E-01  6.341E-02  1.322E-01
 -5.8837500E+03  1.194E-01  8.637E-02  5.508E-02
 -5.8832500E+03  1.621E-01  1.191E-01  4.553E-02
 -5.8827500E+03  1.283E-01  8.297E-02  6.829E-02
 -5.8822500E+03  1.220E-01  7.821E-02  6.826E-02
 -5.8817500E+03  9.330E-02  5.551E-02  5.777E-02
 -5.8812500E+03  1.241E-01  9.111E-02  3.918E-02
 -5.8807500E+03  1.483E-01  1.031E-01  5.927E-02
 -5.8802500E+03  1.344E-01  6.961E-02  1.106E-01
 -5.8797500E+03  1.438E-01  7.056E-02  1.195E-01
 -5.8792500E+03  1.338E-01  8.556E-02  4.345E-02
 -5.8787500E+03  9.830E-02  7.169E-02  3.601E-02
 -5.8782500E+03  1.157E-01  7.677E-02  5.809E-02
 -5.8777500E+03  1.076E-01  7.230E-02  4.627E-02
 -5.8772500E+03  1.376E-01  8.637E-02  8.028E-02
 -5.8767500E+03  1.372E-01  9.165E-02  6.751E-02
 -5.8762500E+03  1.153E-01  5.479E-02  1.031E-01
 -5.8757500E+03  1.151E-01  7.162E-02  5.789E-02
 -5.8752500E+03  1.234E-01  7.658E-02  5.598E-02
 -5.8747500E+03  1.328E-01  8.499E-02  6.493E-02
 -5.8742500E+03  1.364E-01  9.089E-02  7.432E-02
 -5.8737500E+03  1.098E-01  6.661E-02  6.305E-02
 -5.8732500E+03  1.176E-01  6.884E-02  7.842E-02
 -5.8727500E+03  1.328E-01  8.738E-02  7.572E-02
 -5.8722500E+03  1.178E-01  7.336E-02  5.919E-02
 -5.8717500E+03  1.008E-01  5.745E-02  7.477E-02
 -5.8712500E+03  1.306E-01  1.047E-01  1.819E-02
 -5.8707500E+03  1.256E-01  6.941E-02  9.681E-02
 -5.8702500E+03  1.336E-01  6.690E-02  9.116E-02
 -5.8697500E+03  1.024E-01  7.556E-02  4.993E-02
 -5.8692500E+03  8.926E-02  5.926E-02  4.820E-02
 -5.8687500E+03  1.712E-01  1.032E-01  9.697E-02
 -5.8682500E+03  1.117E-01  6.027E-02  8.121E-02
 -5.8677500E+03  1.200E-01  8.366E-02  5.387E-02
 -5.8672500E+03  1.196E-01  8.408E-02  4.604E-02
 -5.8667500E+03  9.731E-02  6.431E-02  5.720E-02
